{"type":"operationStart","subtype":"profile","data":{"_id":"hItZUSgQ4iKrFahc","timestamp":"2023-02-06T16:21:17.785Z","state":"queued","mode":"standard","creationDate":"2023-02-06T16:21:17.787Z","modificationDate":"2023-02-06T16:21:17.787Z","shortid":"2UelEkU","$entitySet":"profiles"},"doDiffs":false,"timestamp":1675700477786,"id":"b2f5k6h356ou6g2","previousOperationId":null,"operationId":"thpy7ko42cizlyp"}
{"type":"log","level":"info","message":"Render request 5 queued for execution and waiting for available worker","previousOperationId":"thpy7ko42cizlyp","timestamp":1675700477786,"id":"8im9lazi32i441w"}
{"type":"operationStart","subtype":"render","name":"authors-header","previousOperationId":"thpy7ko42cizlyp","timestamp":1675700477797,"id":"8n0mcn6k43s397a","previousEventId":"b2f5k6h356ou6g2","operationId":"jfthou4fpoeaxs3"}
{"type":"log","timestamp":1675700477797,"level":"info","message":"Starting rendering request 5","meta":{"rootId":"1krwcy8e79nnm05","id":"1krwcy8e79nnm05"},"id":"uk48ptpqtho0j9z","previousOperationId":"jfthou4fpoeaxs3"}
{"type":"log","timestamp":1675700477797,"level":"info","message":"Rendering template { name: authors-header, recipe: chrome-pdf, engine: handlebars, preview: true }","meta":{"rootId":"1krwcy8e79nnm05","id":"1krwcy8e79nnm05"},"id":"m2vlw4wo3b9htsw","previousOperationId":"jfthou4fpoeaxs3"}
{"type":"log","timestamp":1675700477798,"level":"debug","message":"Data item not defined for this template.","meta":{"rootId":"1krwcy8e79nnm05","id":"1krwcy8e79nnm05"},"id":"jq9v3coi6ptasgc","previousOperationId":"jfthou4fpoeaxs3"}
{"type":"log","timestamp":1675700477800,"level":"debug","message":"Base url not specified, skipping its injection.","meta":{"rootId":"1krwcy8e79nnm05","id":"1krwcy8e79nnm05"},"id":"v6hynqpvw7l0p4i","previousOperationId":"jfthou4fpoeaxs3"}
{"type":"operationStart","subtype":"engine","name":"handlebars","timestamp":1675700477801,"id":"hsscctvmkqu28hd","previousEventId":"8n0mcn6k43s397a","operationId":"f858gkouu006iyw","previousOperationId":"jfthou4fpoeaxs3"}
{"type":"log","timestamp":1675700477801,"level":"debug","message":"Rendering engine handlebars","meta":{"rootId":"1krwcy8e79nnm05","id":"1krwcy8e79nnm05"},"id":"3l0tsuqm49qvxg0","previousOperationId":"f858gkouu006iyw"}
{"type":"operationEnd","operationId":"f858gkouu006iyw","timestamp":1675700477818,"id":"shmj8g3yedn2u5n","previousEventId":"hsscctvmkqu28hd","previousOperationId":"f858gkouu006iyw"}
{"type":"operationStart","subtype":"recipe","name":"chrome-pdf","timestamp":1675700477818,"id":"42hv1afxbeok2m1","previousEventId":"shmj8g3yedn2u5n","operationId":"l5svrha52qy8vr3","previousOperationId":"f858gkouu006iyw"}
{"type":"log","timestamp":1675700477818,"level":"debug","message":"Executing recipe chrome-pdf","meta":{"rootId":"1krwcy8e79nnm05","id":"1krwcy8e79nnm05"},"id":"w0sjh5v04k2vljb","previousOperationId":"l5svrha52qy8vr3"}
{"type":"log","timestamp":1675700477821,"level":"debug","message":"Converting with chrome HeadlessChrome/105.0.5173.0 using chrome-pool strategy","meta":{"rootId":"1krwcy8e79nnm05","id":"1krwcy8e79nnm05"},"id":"l75myhnb2cb4z0x","previousOperationId":"l5svrha52qy8vr3"}
{"type":"log","timestamp":1675700477916,"level":"debug","message":"Page request: GET (document) file:///C:/Users/pollo/AppData/Local/Temp/jsreport/autocleanup/9a55ea63-6a93-4725-958f-8aba5e8eece6-chrome-pdf.html","meta":{"rootId":"1krwcy8e79nnm05","id":"1krwcy8e79nnm05"},"id":"unk5g8wsntjwd4x","previousOperationId":"l5svrha52qy8vr3"}
{"type":"log","timestamp":1675700477932,"level":"debug","message":"Page request finished: GET (document) 200 file:///C:/Users/pollo/AppData/Local/Temp/jsreport/autocleanup/9a55ea63-6a93-4725-958f-8aba5e8eece6-chrome-pdf.html","meta":{"rootId":"1krwcy8e79nnm05","id":"1krwcy8e79nnm05"},"id":"ccjn2f6bcgf7sz5","previousOperationId":"l5svrha52qy8vr3"}
{"type":"log","timestamp":1675700477932,"level":"debug","message":"Page request: GET (stylesheet) https://cdnjs.cloudflare.com/ajax/libs/metro/4.1.5/css/metro.min.css","meta":{"rootId":"1krwcy8e79nnm05","id":"1krwcy8e79nnm05"},"id":"z64e6zv1c89xwon","previousOperationId":"l5svrha52qy8vr3"}
{"type":"log","timestamp":1675700477953,"level":"debug","message":"Page request finished: GET (stylesheet) 200 https://cdnjs.cloudflare.com/ajax/libs/metro/4.1.5/css/metro.min.css","meta":{"rootId":"1krwcy8e79nnm05","id":"1krwcy8e79nnm05"},"id":"jpjp8qlmxls965o","previousOperationId":"l5svrha52qy8vr3"}
{"type":"log","timestamp":1675700477959,"level":"debug","message":"Running chrome with params {\"printBackground\":true,\"marginTop\":\"1.5cm\",\"marginRight\":\"1.5cm\",\"marginLeft\":\"1.cm\",\"timeout\":59965,\"margin\":{\"top\":\"1.5cm\",\"right\":\"1.5cm\",\"left\":\"1.cm\"}}","meta":{"rootId":"1krwcy8e79nnm05","id":"1krwcy8e79nnm05"},"id":"6ctmi8902xrz1du","previousOperationId":"l5svrha52qy8vr3"}
{"type":"operationEnd","operationId":"l5svrha52qy8vr3","timestamp":1675700477993,"id":"pk8dhymqhdzr5mk","previousEventId":"42hv1afxbeok2m1","previousOperationId":"l5svrha52qy8vr3"}
{"type":"log","timestamp":1675700477993,"level":"debug","message":"Skipping storing report.","meta":{"rootId":"1krwcy8e79nnm05","id":"1krwcy8e79nnm05"},"id":"idme424ioaf33a1","previousOperationId":"l5svrha52qy8vr3"}
{"type":"log","timestamp":1675700477993,"level":"info","message":"Rendering request 5 finished in 208 ms","meta":{"rootId":"1krwcy8e79nnm05","id":"1krwcy8e79nnm05"},"id":"bsquo5einktwopo","previousOperationId":"l5svrha52qy8vr3"}
{"type":"operationEnd","subtype":"render","operationId":"jfthou4fpoeaxs3","timestamp":1675700477993,"id":"uaz55nindp8ycpc","previousEventId":"pk8dhymqhdzr5mk","previousOperationId":"l5svrha52qy8vr3"}
{"type":"operationEnd","doDiffs":false,"previousEventId":"b2f5k6h356ou6g2","previousOperationId":"thpy7ko42cizlyp","operationId":"thpy7ko42cizlyp","timestamp":1675700477997,"id":"26a0r5okzrypk87"}
