{"type":"operationStart","subtype":"profile","data":{"_id":"bnsugpq80pRqhZO9","timestamp":"2023-02-21T22:46:46.159Z","state":"queued","mode":"standard","creationDate":"2023-02-21T22:46:46.160Z","modificationDate":"2023-02-21T22:46:46.160Z","shortid":"QLNVuOk","$entitySet":"profiles"},"doDiffs":false,"timestamp":1677019606160,"id":"wavqa0y0dtgakql","previousOperationId":null,"operationId":"h4o92b65s93fktg"}
{"type":"log","level":"info","message":"Render request 19 queued for execution and waiting for available worker","previousOperationId":"h4o92b65s93fktg","timestamp":1677019606160,"id":"qbaud80w3ccv2yr"}
{"type":"operationStart","subtype":"render","name":"authors-main","previousOperationId":"h4o92b65s93fktg","timestamp":1677019606170,"id":"vyt0pmoksaafzvf","previousEventId":"wavqa0y0dtgakql","operationId":"ubc6ahva9e13pp0"}
{"type":"log","timestamp":1677019606170,"level":"info","message":"Starting rendering request 19","meta":{"rootId":"0htrjo4kgcwdhds","id":"0htrjo4kgcwdhds"},"id":"zkpkwix6jtf80g6","previousOperationId":"ubc6ahva9e13pp0"}
{"type":"log","timestamp":1677019606170,"level":"info","message":"Rendering template { name: authors-main, recipe: chrome-pdf, engine: handlebars, preview: true }","meta":{"rootId":"0htrjo4kgcwdhds","id":"0htrjo4kgcwdhds"},"id":"iu3o6wh05yifbv6","previousOperationId":"ubc6ahva9e13pp0"}
{"type":"log","timestamp":1677019606171,"level":"debug","message":"Data item not defined for this template.","meta":{"rootId":"0htrjo4kgcwdhds","id":"0htrjo4kgcwdhds"},"id":"uddk9qlnztmqdyh","previousOperationId":"ubc6ahva9e13pp0"}
{"type":"log","timestamp":1677019606172,"level":"debug","message":"Executing script authors-script (beforeRender)","meta":{"rootId":"0htrjo4kgcwdhds","id":"0htrjo4kgcwdhds"},"id":"aac1do3h41joxi9","previousOperationId":"ubc6ahva9e13pp0"}
{"type":"operationStart","subtype":"scriptsBeforeRender","name":"scripts beforeRender","timestamp":1677019606205,"id":"tjv9oqz0wia7d4q","previousEventId":"vyt0pmoksaafzvf","operationId":"1fj55r3uvav28hz","previousOperationId":"ubc6ahva9e13pp0"}
{"type":"operationStart","subtype":"script","name":"scripts authors-script","previousOperationId":"1fj55r3uvav28hz","timestamp":1677019606205,"id":"wcrsx5c7o38h7yl","previousEventId":"tjv9oqz0wia7d4q","operationId":"675eaifecew4fff"}
{"type":"log","timestamp":1677019606534,"level":"debug","message":"(console:log) [ 0, 1 ]","meta":{"userLevel":true,"rootId":"0htrjo4kgcwdhds","id":"0htrjo4kgcwdhds"},"id":"7831dype6r3k76d","previousOperationId":"675eaifecew4fff"}
{"type":"operationEnd","operationId":"675eaifecew4fff","timestamp":1677019606534,"id":"neb74j18vqeakwg","previousEventId":"vyt0pmoksaafzvf","previousOperationId":"ubc6ahva9e13pp0"}
{"type":"operationEnd","operationId":"1fj55r3uvav28hz","timestamp":1677019606534,"id":"ldqdtkmqqgxw9vo","previousEventId":"neb74j18vqeakwg","previousOperationId":"ubc6ahva9e13pp0"}
{"type":"log","timestamp":1677019606534,"level":"debug","message":"Base url not specified, skipping its injection.","meta":{"rootId":"0htrjo4kgcwdhds","id":"0htrjo4kgcwdhds"},"id":"gicnbc06gs9ab8v","previousOperationId":"1fj55r3uvav28hz"}
{"type":"operationStart","subtype":"engine","name":"handlebars","timestamp":1677019606534,"id":"400mhbyhhct07wx","previousEventId":"ldqdtkmqqgxw9vo","operationId":"8bmzu2vugh6uxyf","previousOperationId":"1fj55r3uvav28hz"}
{"type":"log","timestamp":1677019606534,"level":"debug","message":"Rendering engine handlebars","meta":{"rootId":"0htrjo4kgcwdhds","id":"0htrjo4kgcwdhds"},"id":"qktodrdyo7g4bmb","previousOperationId":"8bmzu2vugh6uxyf"}
{"type":"operationEnd","operationId":"8bmzu2vugh6uxyf","timestamp":1677019606546,"id":"ct9tc89m0drgolj","previousEventId":"400mhbyhhct07wx","previousOperationId":"8bmzu2vugh6uxyf"}
{"type":"operationStart","subtype":"recipe","name":"chrome-pdf","timestamp":1677019606546,"id":"08a6ivbfzayf7jv","previousEventId":"ct9tc89m0drgolj","operationId":"mzmlqatjgnsmb5v","previousOperationId":"8bmzu2vugh6uxyf"}
{"type":"log","timestamp":1677019606546,"level":"debug","message":"Executing recipe chrome-pdf","meta":{"rootId":"0htrjo4kgcwdhds","id":"0htrjo4kgcwdhds"},"id":"47faqaqb5to0xm9","previousOperationId":"mzmlqatjgnsmb5v"}
{"type":"log","timestamp":1677019606548,"level":"debug","message":"Converting with chrome HeadlessChrome/105.0.5173.0 using chrome-pool strategy","meta":{"rootId":"0htrjo4kgcwdhds","id":"0htrjo4kgcwdhds"},"id":"oi47ykfgvu8qdpv","previousOperationId":"mzmlqatjgnsmb5v"}
{"type":"log","timestamp":1677019606648,"level":"debug","message":"Page request: GET (document) file:///C:/Users/pollo/AppData/Local/Temp/jsreport/autocleanup/f639609b-5514-4ef2-84c3-f7b29e032623-chrome-pdf.html","meta":{"rootId":"0htrjo4kgcwdhds","id":"0htrjo4kgcwdhds"},"id":"3gg85k6fx0vxezn","previousOperationId":"mzmlqatjgnsmb5v"}
{"type":"log","timestamp":1677019606668,"level":"debug","message":"Page request finished: GET (document) 200 file:///C:/Users/pollo/AppData/Local/Temp/jsreport/autocleanup/f639609b-5514-4ef2-84c3-f7b29e032623-chrome-pdf.html","meta":{"rootId":"0htrjo4kgcwdhds","id":"0htrjo4kgcwdhds"},"id":"53rxq30tgtp71i2","previousOperationId":"mzmlqatjgnsmb5v"}
{"type":"log","timestamp":1677019606668,"level":"debug","message":"Page request: GET (stylesheet) https://cdnjs.cloudflare.com/ajax/libs/metro/4.1.5/css/metro.min.css","meta":{"rootId":"0htrjo4kgcwdhds","id":"0htrjo4kgcwdhds"},"id":"qtfomk8408w93fc","previousOperationId":"mzmlqatjgnsmb5v"}
{"type":"log","timestamp":1677019606668,"level":"debug","message":"Page request: GET (script) https://cdn.jsdelivr.net/npm/chart.js","meta":{"rootId":"0htrjo4kgcwdhds","id":"0htrjo4kgcwdhds"},"id":"d8jdptofs6ey4u2","previousOperationId":"mzmlqatjgnsmb5v"}
{"type":"log","timestamp":1677019606675,"level":"debug","message":"Page request finished: GET (script) 200 https://cdn.jsdelivr.net/npm/chart.js","meta":{"rootId":"0htrjo4kgcwdhds","id":"0htrjo4kgcwdhds"},"id":"d0ym5kxv5q6ndti","previousOperationId":"mzmlqatjgnsmb5v"}
{"type":"log","timestamp":1677019606691,"level":"debug","message":"Page request finished: GET (stylesheet) 200 https://cdnjs.cloudflare.com/ajax/libs/metro/4.1.5/css/metro.min.css","meta":{"rootId":"0htrjo4kgcwdhds","id":"0htrjo4kgcwdhds"},"id":"hh4fn7l4ng6thqw","previousOperationId":"mzmlqatjgnsmb5v"}
{"type":"log","timestamp":1677019606698,"level":"warn","message":"Page error: SyntaxError: Unexpected identifier","meta":{"rootId":"0htrjo4kgcwdhds","id":"0htrjo4kgcwdhds"},"id":"m3w8lqsfrsv39h4","previousOperationId":"mzmlqatjgnsmb5v"}
{"type":"log","timestamp":1677019606732,"level":"debug","message":"Running chrome with params {\"printBackground\":true,\"marginTop\":\"4cm\",\"marginRight\":\"1.5cm\",\"marginBottom\":\"1.5cm\",\"marginLeft\":\"1.5cm\",\"waitForJS\":false,\"timeout\":59611,\"margin\":{\"top\":\"4cm\",\"right\":\"1.5cm\",\"bottom\":\"1.5cm\",\"left\":\"1.5cm\"}}","meta":{"rootId":"0htrjo4kgcwdhds","id":"0htrjo4kgcwdhds"},"id":"puat1rydaia65pa","previousOperationId":"mzmlqatjgnsmb5v"}
{"type":"operationEnd","operationId":"mzmlqatjgnsmb5v","timestamp":1677019606819,"id":"blx5o6ydyhf59co","previousEventId":"08a6ivbfzayf7jv","previousOperationId":"mzmlqatjgnsmb5v"}
{"type":"log","timestamp":1677019606820,"level":"info","message":"pdf-utils is starting pdf processing","meta":{"rootId":"0htrjo4kgcwdhds","id":"0htrjo4kgcwdhds"},"id":"a5gycxyg3cd086f","previousOperationId":"mzmlqatjgnsmb5v"}
{"type":"operationStart","subtype":"pdfUtils","name":"pdf utils","timestamp":1677019606820,"id":"8gew8cwthbedmrn","previousEventId":"blx5o6ydyhf59co","operationId":"u1l2nin3oaw7w08","previousOperationId":"mzmlqatjgnsmb5v"}
{"type":"log","timestamp":1677019606820,"level":"debug","message":"pdf-utils detected 1 pdf operation(s) to process","meta":{"rootId":"0htrjo4kgcwdhds","id":"0htrjo4kgcwdhds"},"id":"q8uqshc9s57wyut","previousOperationId":"u1l2nin3oaw7w08"}
{"type":"log","timestamp":1677019606835,"level":"debug","message":"pdf-utils running pdf operation merge","meta":{"rootId":"0htrjo4kgcwdhds","id":"0htrjo4kgcwdhds"},"id":"9e07rkuxnokc3ko","previousOperationId":"u1l2nin3oaw7w08"}
{"type":"operationStart","subtype":"pdfUtilsMerge","name":"pdf utils merge","previousOperationId":"u1l2nin3oaw7w08","timestamp":1677019606835,"id":"91et76ynb47tjsq","previousEventId":"8gew8cwthbedmrn","operationId":"1vgnqjajo97r1sr"}
{"type":"operationStart","subtype":"render","name":"authors-header","previousOperationId":"1vgnqjajo97r1sr","timestamp":1677019606836,"id":"bzuus152w92ayyj","previousEventId":"91et76ynb47tjsq","operationId":"dpu8ftlwnqezw72"}
{"type":"log","timestamp":1677019606836,"level":"info","message":"Starting rendering (child) request","meta":{"rootId":"0htrjo4kgcwdhds","id":"ai7af7trgvka778"},"id":"vpjfv51474431ap","previousOperationId":"dpu8ftlwnqezw72"}
{"type":"log","timestamp":1677019606836,"level":"info","message":"Rendering template { name: authors-header, recipe: chrome-pdf, engine: handlebars, preview: true }","meta":{"rootId":"0htrjo4kgcwdhds","id":"ai7af7trgvka778"},"id":"fs0a6nsu7dvvrnx","previousOperationId":"dpu8ftlwnqezw72"}
{"type":"log","timestamp":1677019606836,"level":"debug","message":"Inline data specified.","meta":{"rootId":"0htrjo4kgcwdhds","id":"ai7af7trgvka778"},"id":"n4gqm6n1rvjat3i","previousOperationId":"dpu8ftlwnqezw72"}
{"type":"log","timestamp":1677019606838,"level":"debug","message":"Base url not specified, skipping its injection.","meta":{"rootId":"0htrjo4kgcwdhds","id":"ai7af7trgvka778"},"id":"dgfpsnl9ol2rb6v","previousOperationId":"dpu8ftlwnqezw72"}
{"type":"operationStart","subtype":"engine","name":"handlebars","timestamp":1677019606838,"id":"5wpaaur1nlvh97a","previousEventId":"bzuus152w92ayyj","operationId":"44nbbrs3ksp99d8","previousOperationId":"dpu8ftlwnqezw72"}
{"type":"log","timestamp":1677019606838,"level":"debug","message":"Rendering engine handlebars","meta":{"rootId":"0htrjo4kgcwdhds","id":"ai7af7trgvka778"},"id":"hinq51slfgam3la","previousOperationId":"44nbbrs3ksp99d8"}
{"type":"operationEnd","operationId":"44nbbrs3ksp99d8","timestamp":1677019606851,"id":"9ozt4zgo60r4svu","previousEventId":"5wpaaur1nlvh97a","previousOperationId":"44nbbrs3ksp99d8"}
{"type":"operationStart","subtype":"recipe","name":"chrome-pdf","timestamp":1677019606851,"id":"9clsp9bw9hjtimu","previousEventId":"9ozt4zgo60r4svu","operationId":"80jzob6cjo9rv49","previousOperationId":"44nbbrs3ksp99d8"}
{"type":"log","timestamp":1677019606851,"level":"debug","message":"Executing recipe chrome-pdf","meta":{"rootId":"0htrjo4kgcwdhds","id":"ai7af7trgvka778"},"id":"nvwu8wwrnrn7adb","previousOperationId":"80jzob6cjo9rv49"}
{"type":"log","timestamp":1677019606853,"level":"debug","message":"Converting with chrome HeadlessChrome/105.0.5173.0 using chrome-pool strategy","meta":{"rootId":"0htrjo4kgcwdhds","id":"ai7af7trgvka778"},"id":"1my3qe4wd7gc7rh","previousOperationId":"80jzob6cjo9rv49"}
{"type":"log","timestamp":1677019606953,"level":"debug","message":"Page request: GET (document) file:///C:/Users/pollo/AppData/Local/Temp/jsreport/autocleanup/88be5f4b-300c-4787-8595-4010709e17bf-chrome-pdf.html","meta":{"rootId":"0htrjo4kgcwdhds","id":"ai7af7trgvka778"},"id":"pwxgjujmiw99ue5","previousOperationId":"80jzob6cjo9rv49"}
{"type":"log","timestamp":1677019606964,"level":"debug","message":"Page request finished: GET (document) 200 file:///C:/Users/pollo/AppData/Local/Temp/jsreport/autocleanup/88be5f4b-300c-4787-8595-4010709e17bf-chrome-pdf.html","meta":{"rootId":"0htrjo4kgcwdhds","id":"ai7af7trgvka778"},"id":"4jg7374k8lsrtdk","previousOperationId":"80jzob6cjo9rv49"}
{"type":"log","timestamp":1677019606964,"level":"debug","message":"Page request: GET (stylesheet) https://cdnjs.cloudflare.com/ajax/libs/metro/4.1.5/css/metro.min.css","meta":{"rootId":"0htrjo4kgcwdhds","id":"ai7af7trgvka778"},"id":"ihrnpu932gwgbnk","previousOperationId":"80jzob6cjo9rv49"}
{"type":"log","timestamp":1677019606985,"level":"debug","message":"Page request finished: GET (stylesheet) 200 https://cdnjs.cloudflare.com/ajax/libs/metro/4.1.5/css/metro.min.css","meta":{"rootId":"0htrjo4kgcwdhds","id":"ai7af7trgvka778"},"id":"2cstqevv45ewrw8","previousOperationId":"80jzob6cjo9rv49"}
{"type":"log","timestamp":1677019607007,"level":"debug","message":"Running chrome with params {\"printBackground\":true,\"marginTop\":\"1.5cm\",\"marginRight\":\"1.5cm\",\"marginLeft\":\"1.cm\",\"timeout\":59307,\"margin\":{\"top\":\"1.5cm\",\"right\":\"1.5cm\",\"left\":\"1.cm\"}}","meta":{"rootId":"0htrjo4kgcwdhds","id":"ai7af7trgvka778"},"id":"omhpbnl1m5zitpb","previousOperationId":"80jzob6cjo9rv49"}
{"type":"operationEnd","operationId":"80jzob6cjo9rv49","timestamp":1677019607067,"id":"5s2yxwxbl5ev4z9","previousEventId":"9clsp9bw9hjtimu","previousOperationId":"80jzob6cjo9rv49"}
{"type":"log","timestamp":1677019607067,"level":"debug","message":"Skipping storing report.","meta":{"rootId":"0htrjo4kgcwdhds","id":"ai7af7trgvka778"},"id":"xf58pwgwhtffdz1","previousOperationId":"80jzob6cjo9rv49"}
{"type":"log","timestamp":1677019607068,"level":"info","message":"Rendering (child) request finished in 909 ms","meta":{"rootId":"0htrjo4kgcwdhds","id":"ai7af7trgvka778"},"id":"iieum5xbx0ok6xf","previousOperationId":"80jzob6cjo9rv49"}
{"type":"operationEnd","subtype":"render","operationId":"dpu8ftlwnqezw72","timestamp":1677019607068,"id":"lyxyz5yr5wcu5kb","previousEventId":"5s2yxwxbl5ev4z9","previousOperationId":"80jzob6cjo9rv49"}
{"type":"operationEnd","operationId":"1vgnqjajo97r1sr","timestamp":1677019607075,"id":"jrwddp7p2400y0c","previousEventId":"91et76ynb47tjsq","previousOperationId":"1vgnqjajo97r1sr"}
{"type":"log","timestamp":1677019607075,"level":"debug","message":"pdf-utils postproces start","meta":{"rootId":"0htrjo4kgcwdhds","id":"0htrjo4kgcwdhds"},"id":"ejarzhw4uawax1z","previousOperationId":"1vgnqjajo97r1sr"}
{"type":"log","timestamp":1677019607081,"level":"debug","message":"pdf-utils postproces end","meta":{"rootId":"0htrjo4kgcwdhds","id":"0htrjo4kgcwdhds"},"id":"kjzp8ezwky7eyc5","previousOperationId":"1vgnqjajo97r1sr"}
{"type":"operationEnd","operationId":"u1l2nin3oaw7w08","timestamp":1677019607081,"id":"2xu9nvvnl2lnmlu","previousEventId":"jrwddp7p2400y0c","previousOperationId":"1vgnqjajo97r1sr"}
{"type":"log","timestamp":1677019607081,"level":"info","message":"pdf-utils pdf processing was finished","meta":{"rootId":"0htrjo4kgcwdhds","id":"0htrjo4kgcwdhds"},"id":"63yxpq4g8w1bwq3","previousOperationId":"u1l2nin3oaw7w08"}
{"type":"log","timestamp":1677019607081,"level":"debug","message":"Skipping storing report.","meta":{"rootId":"0htrjo4kgcwdhds","id":"0htrjo4kgcwdhds"},"id":"whc6ge0y474jyvv","previousOperationId":"u1l2nin3oaw7w08"}
{"type":"log","timestamp":1677019607081,"level":"info","message":"Rendering request 19 finished in 922 ms","meta":{"rootId":"0htrjo4kgcwdhds","id":"0htrjo4kgcwdhds"},"id":"y43svbdmkawasf7","previousOperationId":"u1l2nin3oaw7w08"}
{"type":"operationEnd","subtype":"render","operationId":"ubc6ahva9e13pp0","timestamp":1677019607081,"id":"qddqj20xmvlo9nj","previousEventId":"2xu9nvvnl2lnmlu","previousOperationId":"u1l2nin3oaw7w08"}
{"type":"operationEnd","doDiffs":false,"previousEventId":"wavqa0y0dtgakql","previousOperationId":"h4o92b65s93fktg","operationId":"h4o92b65s93fktg","timestamp":1677019607089,"id":"p4fzed1v1xlgocr"}
