{"type":"operationStart","subtype":"profile","data":{"_id":"WXhDFrJFD0FKs2Kx","timestamp":"2023-02-21T22:48:32.677Z","state":"queued","mode":"standard","creationDate":"2023-02-21T22:48:32.679Z","modificationDate":"2023-02-21T22:48:32.679Z","shortid":"Bcn6rqr","$entitySet":"profiles"},"doDiffs":false,"timestamp":1677019712678,"id":"mbvgkrpb1l35hyv","previousOperationId":null,"operationId":"j66cq38499zojyf"}
{"type":"log","level":"info","message":"Render request 24 queued for execution and waiting for available worker","previousOperationId":"j66cq38499zojyf","timestamp":1677019712678,"id":"icqllnb6z9nsylk"}
{"type":"operationStart","subtype":"render","name":"authors-main","previousOperationId":"j66cq38499zojyf","timestamp":1677019712688,"id":"d5nmdfrxjrxvfm5","previousEventId":"mbvgkrpb1l35hyv","operationId":"f21idyulozcbebn"}
{"type":"log","timestamp":1677019712688,"level":"info","message":"Starting rendering request 24","meta":{"rootId":"6w19ynztayi5azx","id":"6w19ynztayi5azx"},"id":"p6nz1f6wo60dpje","previousOperationId":"f21idyulozcbebn"}
{"type":"log","timestamp":1677019712688,"level":"info","message":"Rendering template { name: authors-main, recipe: chrome-pdf, engine: handlebars, preview: true }","meta":{"rootId":"6w19ynztayi5azx","id":"6w19ynztayi5azx"},"id":"fholjlmj78kj0c2","previousOperationId":"f21idyulozcbebn"}
{"type":"log","timestamp":1677019712688,"level":"debug","message":"Data item not defined for this template.","meta":{"rootId":"6w19ynztayi5azx","id":"6w19ynztayi5azx"},"id":"32x9djc7s4lhpjp","previousOperationId":"f21idyulozcbebn"}
{"type":"log","timestamp":1677019712692,"level":"debug","message":"Executing script authors-script (beforeRender)","meta":{"rootId":"6w19ynztayi5azx","id":"6w19ynztayi5azx"},"id":"7akwzvjlrovcky3","previousOperationId":"f21idyulozcbebn"}
{"type":"operationStart","subtype":"scriptsBeforeRender","name":"scripts beforeRender","timestamp":1677019712724,"id":"hs1moxb8k8ipbe4","previousEventId":"d5nmdfrxjrxvfm5","operationId":"20aqm64nymf5ebt","previousOperationId":"f21idyulozcbebn"}
{"type":"operationStart","subtype":"script","name":"scripts authors-script","previousOperationId":"20aqm64nymf5ebt","timestamp":1677019712724,"id":"dcyk2cvaevasp7p","previousEventId":"hs1moxb8k8ipbe4","operationId":"yy5xq2p9r94ygnm"}
{"type":"log","timestamp":1677019712959,"level":"debug","message":"(console:log) [ 0, 1 ]","meta":{"userLevel":true,"rootId":"6w19ynztayi5azx","id":"6w19ynztayi5azx"},"id":"50of3ufihp3prua","previousOperationId":"yy5xq2p9r94ygnm"}
{"type":"operationEnd","operationId":"yy5xq2p9r94ygnm","timestamp":1677019712960,"id":"5sabc0rqku5pph9","previousEventId":"d5nmdfrxjrxvfm5","previousOperationId":"f21idyulozcbebn"}
{"type":"operationEnd","operationId":"20aqm64nymf5ebt","timestamp":1677019712960,"id":"hqm04cofc0pv8ar","previousEventId":"5sabc0rqku5pph9","previousOperationId":"f21idyulozcbebn"}
{"type":"log","timestamp":1677019712960,"level":"debug","message":"Base url not specified, skipping its injection.","meta":{"rootId":"6w19ynztayi5azx","id":"6w19ynztayi5azx"},"id":"hl9kz1f8klfj2tz","previousOperationId":"20aqm64nymf5ebt"}
{"type":"operationStart","subtype":"engine","name":"handlebars","timestamp":1677019712960,"id":"tjs43zyytt0jgtn","previousEventId":"hqm04cofc0pv8ar","operationId":"ts6wun3bbug7v3m","previousOperationId":"20aqm64nymf5ebt"}
{"type":"log","timestamp":1677019712960,"level":"debug","message":"Rendering engine handlebars","meta":{"rootId":"6w19ynztayi5azx","id":"6w19ynztayi5azx"},"id":"phuizy9q77hcvlr","previousOperationId":"ts6wun3bbug7v3m"}
{"type":"operationEnd","operationId":"ts6wun3bbug7v3m","timestamp":1677019712974,"id":"qcxt9xr6umy8306","previousEventId":"tjs43zyytt0jgtn","previousOperationId":"ts6wun3bbug7v3m"}
{"type":"operationStart","subtype":"recipe","name":"chrome-pdf","timestamp":1677019712974,"id":"2kihyv00gfu8ct6","previousEventId":"qcxt9xr6umy8306","operationId":"q3itrzkcyr8otob","previousOperationId":"ts6wun3bbug7v3m"}
{"type":"log","timestamp":1677019712974,"level":"debug","message":"Executing recipe chrome-pdf","meta":{"rootId":"6w19ynztayi5azx","id":"6w19ynztayi5azx"},"id":"ls5amr9p6cxyspb","previousOperationId":"q3itrzkcyr8otob"}
{"type":"log","timestamp":1677019712977,"level":"debug","message":"Converting with chrome HeadlessChrome/105.0.5173.0 using chrome-pool strategy","meta":{"rootId":"6w19ynztayi5azx","id":"6w19ynztayi5azx"},"id":"jopqfqd451juy3w","previousOperationId":"q3itrzkcyr8otob"}
{"type":"log","timestamp":1677019713086,"level":"debug","message":"Page request: GET (document) file:///C:/Users/pollo/AppData/Local/Temp/jsreport/autocleanup/e967f366-b648-4485-9e04-eb88bef5b7ec-chrome-pdf.html","meta":{"rootId":"6w19ynztayi5azx","id":"6w19ynztayi5azx"},"id":"4drl55ggcb3m88a","previousOperationId":"q3itrzkcyr8otob"}
{"type":"log","timestamp":1677019713108,"level":"debug","message":"Page request finished: GET (document) 200 file:///C:/Users/pollo/AppData/Local/Temp/jsreport/autocleanup/e967f366-b648-4485-9e04-eb88bef5b7ec-chrome-pdf.html","meta":{"rootId":"6w19ynztayi5azx","id":"6w19ynztayi5azx"},"id":"4jdjeq8y3atpph5","previousOperationId":"q3itrzkcyr8otob"}
{"type":"log","timestamp":1677019713108,"level":"debug","message":"Page request: GET (stylesheet) https://cdnjs.cloudflare.com/ajax/libs/metro/4.1.5/css/metro.min.css","meta":{"rootId":"6w19ynztayi5azx","id":"6w19ynztayi5azx"},"id":"7if5s8j1qidjxxy","previousOperationId":"q3itrzkcyr8otob"}
{"type":"log","timestamp":1677019713109,"level":"debug","message":"Page request: GET (script) https://cdn.jsdelivr.net/npm/chart.js","meta":{"rootId":"6w19ynztayi5azx","id":"6w19ynztayi5azx"},"id":"g6a72ncqzc9bbns","previousOperationId":"q3itrzkcyr8otob"}
{"type":"log","timestamp":1677019713115,"level":"debug","message":"Page request finished: GET (script) 200 https://cdn.jsdelivr.net/npm/chart.js","meta":{"rootId":"6w19ynztayi5azx","id":"6w19ynztayi5azx"},"id":"v516io2ogsp0q4b","previousOperationId":"q3itrzkcyr8otob"}
{"type":"log","timestamp":1677019713134,"level":"debug","message":"Page request finished: GET (stylesheet) 200 https://cdnjs.cloudflare.com/ajax/libs/metro/4.1.5/css/metro.min.css","meta":{"rootId":"6w19ynztayi5azx","id":"6w19ynztayi5azx"},"id":"iieqre5ftsp0xpk","previousOperationId":"q3itrzkcyr8otob"}
{"type":"log","timestamp":1677019713248,"level":"debug","message":"Running chrome with params {\"printBackground\":true,\"marginTop\":\"4cm\",\"marginRight\":\"1.5cm\",\"marginBottom\":\"1.5cm\",\"marginLeft\":\"1.5cm\",\"waitForJS\":false,\"timeout\":59701,\"margin\":{\"top\":\"4cm\",\"right\":\"1.5cm\",\"bottom\":\"1.5cm\",\"left\":\"1.5cm\"}}","meta":{"rootId":"6w19ynztayi5azx","id":"6w19ynztayi5azx"},"id":"48l95q3a6f1xetf","previousOperationId":"q3itrzkcyr8otob"}
{"type":"operationEnd","operationId":"q3itrzkcyr8otob","timestamp":1677019713352,"id":"1fif4o3tnjnrnne","previousEventId":"2kihyv00gfu8ct6","previousOperationId":"q3itrzkcyr8otob"}
{"type":"log","timestamp":1677019713352,"level":"info","message":"pdf-utils is starting pdf processing","meta":{"rootId":"6w19ynztayi5azx","id":"6w19ynztayi5azx"},"id":"kf8vtxizwrmzfxa","previousOperationId":"q3itrzkcyr8otob"}
{"type":"operationStart","subtype":"pdfUtils","name":"pdf utils","timestamp":1677019713352,"id":"oq0jgj41uc7e0yt","previousEventId":"1fif4o3tnjnrnne","operationId":"igkxp7g54e5b0z2","previousOperationId":"q3itrzkcyr8otob"}
{"type":"log","timestamp":1677019713352,"level":"debug","message":"pdf-utils detected 1 pdf operation(s) to process","meta":{"rootId":"6w19ynztayi5azx","id":"6w19ynztayi5azx"},"id":"ano7p53vidv5veg","previousOperationId":"igkxp7g54e5b0z2"}
{"type":"log","timestamp":1677019713372,"level":"debug","message":"pdf-utils running pdf operation merge","meta":{"rootId":"6w19ynztayi5azx","id":"6w19ynztayi5azx"},"id":"39ot0juza8jdscr","previousOperationId":"igkxp7g54e5b0z2"}
{"type":"operationStart","subtype":"pdfUtilsMerge","name":"pdf utils merge","previousOperationId":"igkxp7g54e5b0z2","timestamp":1677019713372,"id":"i2r23drd4ebozxr","previousEventId":"oq0jgj41uc7e0yt","operationId":"7hho6gnzpeketz4"}
{"type":"operationStart","subtype":"render","name":"authors-header","previousOperationId":"7hho6gnzpeketz4","timestamp":1677019713373,"id":"7dbh1392wfhm912","previousEventId":"i2r23drd4ebozxr","operationId":"xz05sgdgl25tt1n"}
{"type":"log","timestamp":1677019713373,"level":"info","message":"Starting rendering (child) request","meta":{"rootId":"6w19ynztayi5azx","id":"6ouvwwrwq3luqpi"},"id":"9dcsrk5yuv4otiq","previousOperationId":"xz05sgdgl25tt1n"}
{"type":"log","timestamp":1677019713374,"level":"info","message":"Rendering template { name: authors-header, recipe: chrome-pdf, engine: handlebars, preview: true }","meta":{"rootId":"6w19ynztayi5azx","id":"6ouvwwrwq3luqpi"},"id":"8zye4un4tv48l2q","previousOperationId":"xz05sgdgl25tt1n"}
{"type":"log","timestamp":1677019713374,"level":"debug","message":"Inline data specified.","meta":{"rootId":"6w19ynztayi5azx","id":"6ouvwwrwq3luqpi"},"id":"orqm93abhaepj4y","previousOperationId":"xz05sgdgl25tt1n"}
{"type":"log","timestamp":1677019713384,"level":"debug","message":"Base url not specified, skipping its injection.","meta":{"rootId":"6w19ynztayi5azx","id":"6ouvwwrwq3luqpi"},"id":"nlsgwuchnho4zsy","previousOperationId":"xz05sgdgl25tt1n"}
{"type":"operationStart","subtype":"engine","name":"handlebars","timestamp":1677019713384,"id":"434h8bk27m4yizg","previousEventId":"7dbh1392wfhm912","operationId":"rge63eo48y55dlw","previousOperationId":"xz05sgdgl25tt1n"}
{"type":"log","timestamp":1677019713384,"level":"debug","message":"Rendering engine handlebars","meta":{"rootId":"6w19ynztayi5azx","id":"6ouvwwrwq3luqpi"},"id":"2s1i1tt4ugffizi","previousOperationId":"rge63eo48y55dlw"}
{"type":"operationEnd","operationId":"rge63eo48y55dlw","timestamp":1677019713394,"id":"w87u964pgitqe15","previousEventId":"434h8bk27m4yizg","previousOperationId":"rge63eo48y55dlw"}
{"type":"operationStart","subtype":"recipe","name":"chrome-pdf","timestamp":1677019713394,"id":"xnn5hdpdd0djcn1","previousEventId":"w87u964pgitqe15","operationId":"jfgyk62s8bth9wr","previousOperationId":"rge63eo48y55dlw"}
{"type":"log","timestamp":1677019713394,"level":"debug","message":"Executing recipe chrome-pdf","meta":{"rootId":"6w19ynztayi5azx","id":"6ouvwwrwq3luqpi"},"id":"l8yzv6xpjnof5ty","previousOperationId":"jfgyk62s8bth9wr"}
{"type":"log","timestamp":1677019713396,"level":"debug","message":"Converting with chrome HeadlessChrome/105.0.5173.0 using chrome-pool strategy","meta":{"rootId":"6w19ynztayi5azx","id":"6ouvwwrwq3luqpi"},"id":"ch5si12kdfsh4wu","previousOperationId":"jfgyk62s8bth9wr"}
{"type":"log","timestamp":1677019713489,"level":"debug","message":"Page request: GET (document) file:///C:/Users/pollo/AppData/Local/Temp/jsreport/autocleanup/300bcc81-4cc1-4afc-b2b8-e806c7e77e66-chrome-pdf.html","meta":{"rootId":"6w19ynztayi5azx","id":"6ouvwwrwq3luqpi"},"id":"kw5fa1c22o2k0sa","previousOperationId":"jfgyk62s8bth9wr"}
{"type":"log","timestamp":1677019713502,"level":"debug","message":"Page request finished: GET (document) 200 file:///C:/Users/pollo/AppData/Local/Temp/jsreport/autocleanup/300bcc81-4cc1-4afc-b2b8-e806c7e77e66-chrome-pdf.html","meta":{"rootId":"6w19ynztayi5azx","id":"6ouvwwrwq3luqpi"},"id":"x0udor9hhk8auw7","previousOperationId":"jfgyk62s8bth9wr"}
{"type":"log","timestamp":1677019713502,"level":"debug","message":"Page request: GET (stylesheet) https://cdnjs.cloudflare.com/ajax/libs/metro/4.1.5/css/metro.min.css","meta":{"rootId":"6w19ynztayi5azx","id":"6ouvwwrwq3luqpi"},"id":"zq0957m3azc9kge","previousOperationId":"jfgyk62s8bth9wr"}
{"type":"log","timestamp":1677019713527,"level":"debug","message":"Page request finished: GET (stylesheet) 200 https://cdnjs.cloudflare.com/ajax/libs/metro/4.1.5/css/metro.min.css","meta":{"rootId":"6w19ynztayi5azx","id":"6ouvwwrwq3luqpi"},"id":"7jbbv66jqwxqxet","previousOperationId":"jfgyk62s8bth9wr"}
{"type":"log","timestamp":1677019713548,"level":"debug","message":"Running chrome with params {\"printBackground\":true,\"marginTop\":\"1.5cm\",\"marginRight\":\"1.5cm\",\"marginLeft\":\"1.cm\",\"timeout\":59282,\"margin\":{\"top\":\"1.5cm\",\"right\":\"1.5cm\",\"left\":\"1.cm\"}}","meta":{"rootId":"6w19ynztayi5azx","id":"6ouvwwrwq3luqpi"},"id":"8cumxhtim3o42s1","previousOperationId":"jfgyk62s8bth9wr"}
{"type":"operationEnd","operationId":"jfgyk62s8bth9wr","timestamp":1677019713611,"id":"n3q28polxmv4uh2","previousEventId":"xnn5hdpdd0djcn1","previousOperationId":"jfgyk62s8bth9wr"}
{"type":"log","timestamp":1677019713611,"level":"debug","message":"Skipping storing report.","meta":{"rootId":"6w19ynztayi5azx","id":"6ouvwwrwq3luqpi"},"id":"xu2icc3vrdkhwde","previousOperationId":"jfgyk62s8bth9wr"}
{"type":"log","timestamp":1677019713612,"level":"info","message":"Rendering (child) request finished in 935 ms","meta":{"rootId":"6w19ynztayi5azx","id":"6ouvwwrwq3luqpi"},"id":"6gye25ep00lz54i","previousOperationId":"jfgyk62s8bth9wr"}
{"type":"operationEnd","subtype":"render","operationId":"xz05sgdgl25tt1n","timestamp":1677019713612,"id":"bzg12qs3rjuz6tq","previousEventId":"n3q28polxmv4uh2","previousOperationId":"jfgyk62s8bth9wr"}
{"type":"operationEnd","operationId":"7hho6gnzpeketz4","timestamp":1677019713621,"id":"u2vaaxs90pr7m0y","previousEventId":"i2r23drd4ebozxr","previousOperationId":"7hho6gnzpeketz4"}
{"type":"log","timestamp":1677019713621,"level":"debug","message":"pdf-utils postproces start","meta":{"rootId":"6w19ynztayi5azx","id":"6w19ynztayi5azx"},"id":"gheadshqav3hs8s","previousOperationId":"7hho6gnzpeketz4"}
{"type":"log","timestamp":1677019713630,"level":"debug","message":"pdf-utils postproces end","meta":{"rootId":"6w19ynztayi5azx","id":"6w19ynztayi5azx"},"id":"vemvb3se8hqv7d2","previousOperationId":"7hho6gnzpeketz4"}
{"type":"operationEnd","operationId":"igkxp7g54e5b0z2","timestamp":1677019713630,"id":"7fawqz5kgz8qt5y","previousEventId":"u2vaaxs90pr7m0y","previousOperationId":"7hho6gnzpeketz4"}
{"type":"log","timestamp":1677019713630,"level":"info","message":"pdf-utils pdf processing was finished","meta":{"rootId":"6w19ynztayi5azx","id":"6w19ynztayi5azx"},"id":"i6l0k4phekoe0an","previousOperationId":"igkxp7g54e5b0z2"}
{"type":"log","timestamp":1677019713630,"level":"debug","message":"Skipping storing report.","meta":{"rootId":"6w19ynztayi5azx","id":"6w19ynztayi5azx"},"id":"4p7j0yrrxbu8d8k","previousOperationId":"igkxp7g54e5b0z2"}
{"type":"log","timestamp":1677019713630,"level":"info","message":"Rendering request 24 finished in 953 ms","meta":{"rootId":"6w19ynztayi5azx","id":"6w19ynztayi5azx"},"id":"60r7x1d9jbozs50","previousOperationId":"igkxp7g54e5b0z2"}
{"type":"operationEnd","subtype":"render","operationId":"f21idyulozcbebn","timestamp":1677019713630,"id":"k3ks1ild24iaksi","previousEventId":"7fawqz5kgz8qt5y","previousOperationId":"igkxp7g54e5b0z2"}
{"type":"operationEnd","doDiffs":false,"previousEventId":"mbvgkrpb1l35hyv","previousOperationId":"j66cq38499zojyf","operationId":"j66cq38499zojyf","timestamp":1677019713637,"id":"1kvr65e9qbsbosx"}
