{"type":"operationStart","subtype":"profile","data":{"_id":"9n5zAA9NYSJarTLp","timestamp":"2023-02-21T22:39:12.730Z","state":"queued","mode":"standard","creationDate":"2023-02-21T22:39:12.732Z","modificationDate":"2023-02-21T22:39:12.732Z","shortid":"d3X-fRM","$entitySet":"profiles"},"doDiffs":false,"timestamp":1677019152731,"id":"i7sn7cc9dwp2bir","previousOperationId":null,"operationId":"6a0o0a6ct3lf069"}
{"type":"log","level":"info","message":"Render request 10 queued for execution and waiting for available worker","previousOperationId":"6a0o0a6ct3lf069","timestamp":1677019152731,"id":"d7f5fog8p6gamrl"}
{"type":"operationStart","subtype":"render","name":"authors-main","previousOperationId":"6a0o0a6ct3lf069","timestamp":1677019152743,"id":"opgu8h9pe2zjs8v","previousEventId":"i7sn7cc9dwp2bir","operationId":"kkmcor7yjhtq5ja"}
{"type":"log","timestamp":1677019152743,"level":"info","message":"Starting rendering request 10","meta":{"rootId":"adplvx7toga5ps5","id":"adplvx7toga5ps5"},"id":"g2u0tl6t11cfd8s","previousOperationId":"kkmcor7yjhtq5ja"}
{"type":"log","timestamp":1677019152744,"level":"info","message":"Rendering template { name: authors-main, recipe: chrome-pdf, engine: handlebars, preview: true }","meta":{"rootId":"adplvx7toga5ps5","id":"adplvx7toga5ps5"},"id":"047tb18gw8qf5my","previousOperationId":"kkmcor7yjhtq5ja"}
{"type":"log","timestamp":1677019152744,"level":"debug","message":"Data item not defined for this template.","meta":{"rootId":"adplvx7toga5ps5","id":"adplvx7toga5ps5"},"id":"7efcr8g3gam7ggy","previousOperationId":"kkmcor7yjhtq5ja"}
{"type":"log","timestamp":1677019152746,"level":"debug","message":"Executing script authors-script (beforeRender)","meta":{"rootId":"adplvx7toga5ps5","id":"adplvx7toga5ps5"},"id":"bbj5bmot7tt9uv5","previousOperationId":"kkmcor7yjhtq5ja"}
{"type":"operationStart","subtype":"scriptsBeforeRender","name":"scripts beforeRender","timestamp":1677019152774,"id":"i93tsys4khpxiwt","previousEventId":"opgu8h9pe2zjs8v","operationId":"eib3o95oexoksat","previousOperationId":"kkmcor7yjhtq5ja"}
{"type":"operationStart","subtype":"script","name":"scripts authors-script","previousOperationId":"eib3o95oexoksat","timestamp":1677019152774,"id":"wqohra9fh2mgmab","previousEventId":"i93tsys4khpxiwt","operationId":"m3yynegsuq3h482"}
{"type":"log","timestamp":1677019153028,"level":"debug","message":"(console:log) [ 0, 1 ]","meta":{"userLevel":true,"rootId":"adplvx7toga5ps5","id":"adplvx7toga5ps5"},"id":"dzb06yoz07p0frh","previousOperationId":"m3yynegsuq3h482"}
{"type":"operationEnd","operationId":"m3yynegsuq3h482","timestamp":1677019153028,"id":"dkz4qgihffq25u2","previousEventId":"opgu8h9pe2zjs8v","previousOperationId":"kkmcor7yjhtq5ja"}
{"type":"operationEnd","operationId":"eib3o95oexoksat","timestamp":1677019153029,"id":"h3pxuy5egwm6x8n","previousEventId":"dkz4qgihffq25u2","previousOperationId":"kkmcor7yjhtq5ja"}
{"type":"log","timestamp":1677019153029,"level":"debug","message":"Base url not specified, skipping its injection.","meta":{"rootId":"adplvx7toga5ps5","id":"adplvx7toga5ps5"},"id":"3gz6c3lm3jvj4gf","previousOperationId":"eib3o95oexoksat"}
{"type":"operationStart","subtype":"engine","name":"handlebars","timestamp":1677019153029,"id":"zqrx3d5xflfq2km","previousEventId":"h3pxuy5egwm6x8n","operationId":"47pu3cco5yy2hl6","previousOperationId":"eib3o95oexoksat"}
{"type":"log","timestamp":1677019153029,"level":"debug","message":"Rendering engine handlebars","meta":{"rootId":"adplvx7toga5ps5","id":"adplvx7toga5ps5"},"id":"3ckwx8sz02rhbv0","previousOperationId":"47pu3cco5yy2hl6"}
{"type":"operationEnd","operationId":"47pu3cco5yy2hl6","timestamp":1677019153049,"id":"0hnfo4me2526h63","previousEventId":"zqrx3d5xflfq2km","previousOperationId":"47pu3cco5yy2hl6"}
{"type":"operationStart","subtype":"recipe","name":"chrome-pdf","timestamp":1677019153050,"id":"pl3a8iihc7sxehu","previousEventId":"0hnfo4me2526h63","operationId":"pu0j49iv3sd1pne","previousOperationId":"47pu3cco5yy2hl6"}
{"type":"log","timestamp":1677019153050,"level":"debug","message":"Executing recipe chrome-pdf","meta":{"rootId":"adplvx7toga5ps5","id":"adplvx7toga5ps5"},"id":"pn7lf0v862102hr","previousOperationId":"pu0j49iv3sd1pne"}
{"type":"log","timestamp":1677019153053,"level":"debug","message":"Converting with chrome HeadlessChrome/105.0.5173.0 using chrome-pool strategy","meta":{"rootId":"adplvx7toga5ps5","id":"adplvx7toga5ps5"},"id":"fsma72n5nxe2k2j","previousOperationId":"pu0j49iv3sd1pne"}
{"type":"log","timestamp":1677019153159,"level":"debug","message":"Page request: GET (document) file:///C:/Users/pollo/AppData/Local/Temp/jsreport/autocleanup/6eab9bf0-2e12-4536-b241-a140950b3187-chrome-pdf.html","meta":{"rootId":"adplvx7toga5ps5","id":"adplvx7toga5ps5"},"id":"u5x6k1pynfefyfb","previousOperationId":"pu0j49iv3sd1pne"}
{"type":"log","timestamp":1677019153180,"level":"debug","message":"Page request finished: GET (document) 200 file:///C:/Users/pollo/AppData/Local/Temp/jsreport/autocleanup/6eab9bf0-2e12-4536-b241-a140950b3187-chrome-pdf.html","meta":{"rootId":"adplvx7toga5ps5","id":"adplvx7toga5ps5"},"id":"pnso9bjlg8hauwc","previousOperationId":"pu0j49iv3sd1pne"}
{"type":"log","timestamp":1677019153180,"level":"debug","message":"Page request: GET (stylesheet) https://cdnjs.cloudflare.com/ajax/libs/metro/4.1.5/css/metro.min.css","meta":{"rootId":"adplvx7toga5ps5","id":"adplvx7toga5ps5"},"id":"rqhfpzk0xe9ny5q","previousOperationId":"pu0j49iv3sd1pne"}
{"type":"log","timestamp":1677019153180,"level":"debug","message":"Page request: GET (script) https://cdn.jsdelivr.net/npm/chart.js","meta":{"rootId":"adplvx7toga5ps5","id":"adplvx7toga5ps5"},"id":"mzk4jmxyv6hmkwt","previousOperationId":"pu0j49iv3sd1pne"}
{"type":"log","timestamp":1677019153187,"level":"debug","message":"Page request finished: GET (script) 200 https://cdn.jsdelivr.net/npm/chart.js","meta":{"rootId":"adplvx7toga5ps5","id":"adplvx7toga5ps5"},"id":"znhgla6i36fqdu9","previousOperationId":"pu0j49iv3sd1pne"}
{"type":"log","timestamp":1677019153204,"level":"debug","message":"Page request finished: GET (stylesheet) 200 https://cdnjs.cloudflare.com/ajax/libs/metro/4.1.5/css/metro.min.css","meta":{"rootId":"adplvx7toga5ps5","id":"adplvx7toga5ps5"},"id":"br9wk514qkh5odb","previousOperationId":"pu0j49iv3sd1pne"}
{"type":"log","timestamp":1677019153209,"level":"warn","message":"Page error: SyntaxError: Unexpected token ','","meta":{"rootId":"adplvx7toga5ps5","id":"adplvx7toga5ps5"},"id":"7li9b0d9lqc7xqp","previousOperationId":"pu0j49iv3sd1pne"}
{"type":"log","timestamp":1677019153246,"level":"debug","message":"Running chrome with params {\"printBackground\":true,\"marginTop\":\"4cm\",\"marginRight\":\"1.5cm\",\"marginBottom\":\"1.5cm\",\"marginLeft\":\"1.5cm\",\"waitForJS\":false,\"timeout\":59678,\"margin\":{\"top\":\"4cm\",\"right\":\"1.5cm\",\"bottom\":\"1.5cm\",\"left\":\"1.5cm\"}}","meta":{"rootId":"adplvx7toga5ps5","id":"adplvx7toga5ps5"},"id":"nqy5r4645eaklea","previousOperationId":"pu0j49iv3sd1pne"}
{"type":"operationEnd","operationId":"pu0j49iv3sd1pne","timestamp":1677019153334,"id":"k6zxa2klp1mbpi5","previousEventId":"pl3a8iihc7sxehu","previousOperationId":"pu0j49iv3sd1pne"}
{"type":"log","timestamp":1677019153334,"level":"info","message":"pdf-utils is starting pdf processing","meta":{"rootId":"adplvx7toga5ps5","id":"adplvx7toga5ps5"},"id":"4jc1kqofdystro4","previousOperationId":"pu0j49iv3sd1pne"}
{"type":"operationStart","subtype":"pdfUtils","name":"pdf utils","timestamp":1677019153334,"id":"cvlmyqk4rercev8","previousEventId":"k6zxa2klp1mbpi5","operationId":"bgbp2fq282zic8u","previousOperationId":"pu0j49iv3sd1pne"}
{"type":"log","timestamp":1677019153334,"level":"debug","message":"pdf-utils detected 1 pdf operation(s) to process","meta":{"rootId":"adplvx7toga5ps5","id":"adplvx7toga5ps5"},"id":"zzx5ln3xfep6nux","previousOperationId":"bgbp2fq282zic8u"}
{"type":"log","timestamp":1677019153353,"level":"debug","message":"pdf-utils running pdf operation merge","meta":{"rootId":"adplvx7toga5ps5","id":"adplvx7toga5ps5"},"id":"602djjk6hzt5ta2","previousOperationId":"bgbp2fq282zic8u"}
{"type":"operationStart","subtype":"pdfUtilsMerge","name":"pdf utils merge","previousOperationId":"bgbp2fq282zic8u","timestamp":1677019153353,"id":"pdf730rcaabh22n","previousEventId":"cvlmyqk4rercev8","operationId":"j6usscj2mg377jy"}
{"type":"operationStart","subtype":"render","name":"authors-header","previousOperationId":"j6usscj2mg377jy","timestamp":1677019153354,"id":"e2soivow7niohw6","previousEventId":"pdf730rcaabh22n","operationId":"v8ws62ack6xux4n"}
{"type":"log","timestamp":1677019153354,"level":"info","message":"Starting rendering (child) request","meta":{"rootId":"adplvx7toga5ps5","id":"mifdwobb34zfsct"},"id":"sfhx2quhkatwngv","previousOperationId":"v8ws62ack6xux4n"}
{"type":"log","timestamp":1677019153355,"level":"info","message":"Rendering template { name: authors-header, recipe: chrome-pdf, engine: handlebars, preview: true }","meta":{"rootId":"adplvx7toga5ps5","id":"mifdwobb34zfsct"},"id":"s15407mlkezxwcn","previousOperationId":"v8ws62ack6xux4n"}
{"type":"log","timestamp":1677019153355,"level":"debug","message":"Inline data specified.","meta":{"rootId":"adplvx7toga5ps5","id":"mifdwobb34zfsct"},"id":"zbgk7a6goolwgdv","previousOperationId":"v8ws62ack6xux4n"}
{"type":"log","timestamp":1677019153357,"level":"debug","message":"Base url not specified, skipping its injection.","meta":{"rootId":"adplvx7toga5ps5","id":"mifdwobb34zfsct"},"id":"hu9it469tks2zov","previousOperationId":"v8ws62ack6xux4n"}
{"type":"operationStart","subtype":"engine","name":"handlebars","timestamp":1677019153358,"id":"qr68smnnr198flx","previousEventId":"e2soivow7niohw6","operationId":"5cgrxla7l8xih20","previousOperationId":"v8ws62ack6xux4n"}
{"type":"log","timestamp":1677019153358,"level":"debug","message":"Rendering engine handlebars","meta":{"rootId":"adplvx7toga5ps5","id":"mifdwobb34zfsct"},"id":"v374ick5mujjqh6","previousOperationId":"5cgrxla7l8xih20"}
{"type":"operationEnd","operationId":"5cgrxla7l8xih20","timestamp":1677019153374,"id":"imojdwpt614zua3","previousEventId":"qr68smnnr198flx","previousOperationId":"5cgrxla7l8xih20"}
{"type":"operationStart","subtype":"recipe","name":"chrome-pdf","timestamp":1677019153375,"id":"udc1jl78xot5ruh","previousEventId":"imojdwpt614zua3","operationId":"d0xocavs54piun0","previousOperationId":"5cgrxla7l8xih20"}
{"type":"log","timestamp":1677019153375,"level":"debug","message":"Executing recipe chrome-pdf","meta":{"rootId":"adplvx7toga5ps5","id":"mifdwobb34zfsct"},"id":"395codkhjm11sbf","previousOperationId":"d0xocavs54piun0"}
{"type":"log","timestamp":1677019153377,"level":"debug","message":"Converting with chrome HeadlessChrome/105.0.5173.0 using chrome-pool strategy","meta":{"rootId":"adplvx7toga5ps5","id":"mifdwobb34zfsct"},"id":"q2mxbjuraazqzlc","previousOperationId":"d0xocavs54piun0"}
{"type":"log","timestamp":1677019153478,"level":"debug","message":"Page request: GET (document) file:///C:/Users/pollo/AppData/Local/Temp/jsreport/autocleanup/d58d79ac-f16b-4527-b6e5-8d02fb75a1ee-chrome-pdf.html","meta":{"rootId":"adplvx7toga5ps5","id":"mifdwobb34zfsct"},"id":"5cmrwybilcuwq0g","previousOperationId":"d0xocavs54piun0"}
{"type":"log","timestamp":1677019153489,"level":"debug","message":"Page request finished: GET (document) 200 file:///C:/Users/pollo/AppData/Local/Temp/jsreport/autocleanup/d58d79ac-f16b-4527-b6e5-8d02fb75a1ee-chrome-pdf.html","meta":{"rootId":"adplvx7toga5ps5","id":"mifdwobb34zfsct"},"id":"5adlspxl25wefn5","previousOperationId":"d0xocavs54piun0"}
{"type":"log","timestamp":1677019153489,"level":"debug","message":"Page request: GET (stylesheet) https://cdnjs.cloudflare.com/ajax/libs/metro/4.1.5/css/metro.min.css","meta":{"rootId":"adplvx7toga5ps5","id":"mifdwobb34zfsct"},"id":"rnfiv2dv1omy4ov","previousOperationId":"d0xocavs54piun0"}
{"type":"log","timestamp":1677019153512,"level":"debug","message":"Page request finished: GET (stylesheet) 200 https://cdnjs.cloudflare.com/ajax/libs/metro/4.1.5/css/metro.min.css","meta":{"rootId":"adplvx7toga5ps5","id":"mifdwobb34zfsct"},"id":"yzcf68jshqp71yc","previousOperationId":"d0xocavs54piun0"}
{"type":"log","timestamp":1677019153534,"level":"debug","message":"Running chrome with params {\"printBackground\":true,\"marginTop\":\"1.5cm\",\"marginRight\":\"1.5cm\",\"marginLeft\":\"1.cm\",\"timeout\":59354,\"margin\":{\"top\":\"1.5cm\",\"right\":\"1.5cm\",\"left\":\"1.cm\"}}","meta":{"rootId":"adplvx7toga5ps5","id":"mifdwobb34zfsct"},"id":"p78ar8apzjpsm8s","previousOperationId":"d0xocavs54piun0"}
{"type":"operationEnd","operationId":"d0xocavs54piun0","timestamp":1677019153590,"id":"vv26nn2kihy8277","previousEventId":"udc1jl78xot5ruh","previousOperationId":"d0xocavs54piun0"}
{"type":"log","timestamp":1677019153591,"level":"debug","message":"Skipping storing report.","meta":{"rootId":"adplvx7toga5ps5","id":"mifdwobb34zfsct"},"id":"zotguhsi5hf8yzs","previousOperationId":"d0xocavs54piun0"}
{"type":"log","timestamp":1677019153591,"level":"info","message":"Rendering (child) request finished in 861 ms","meta":{"rootId":"adplvx7toga5ps5","id":"mifdwobb34zfsct"},"id":"ukklcy51ozscexj","previousOperationId":"d0xocavs54piun0"}
{"type":"operationEnd","subtype":"render","operationId":"v8ws62ack6xux4n","timestamp":1677019153591,"id":"gwhavst6hnsustt","previousEventId":"vv26nn2kihy8277","previousOperationId":"d0xocavs54piun0"}
{"type":"operationEnd","operationId":"j6usscj2mg377jy","timestamp":1677019153598,"id":"fyhbvt1bk2y39of","previousEventId":"pdf730rcaabh22n","previousOperationId":"j6usscj2mg377jy"}
{"type":"log","timestamp":1677019153598,"level":"debug","message":"pdf-utils postproces start","meta":{"rootId":"adplvx7toga5ps5","id":"adplvx7toga5ps5"},"id":"rvm90byus0v1knp","previousOperationId":"j6usscj2mg377jy"}
{"type":"log","timestamp":1677019153604,"level":"debug","message":"pdf-utils postproces end","meta":{"rootId":"adplvx7toga5ps5","id":"adplvx7toga5ps5"},"id":"uce9gdck9vw5ylz","previousOperationId":"j6usscj2mg377jy"}
{"type":"operationEnd","operationId":"bgbp2fq282zic8u","timestamp":1677019153604,"id":"iroahtsxcustaex","previousEventId":"fyhbvt1bk2y39of","previousOperationId":"j6usscj2mg377jy"}
{"type":"log","timestamp":1677019153604,"level":"info","message":"pdf-utils pdf processing was finished","meta":{"rootId":"adplvx7toga5ps5","id":"adplvx7toga5ps5"},"id":"5kazac0p70my2td","previousOperationId":"bgbp2fq282zic8u"}
{"type":"log","timestamp":1677019153604,"level":"debug","message":"Skipping storing report.","meta":{"rootId":"adplvx7toga5ps5","id":"adplvx7toga5ps5"},"id":"46mspoqnikp3w1e","previousOperationId":"bgbp2fq282zic8u"}
{"type":"log","timestamp":1677019153604,"level":"info","message":"Rendering request 10 finished in 874 ms","meta":{"rootId":"adplvx7toga5ps5","id":"adplvx7toga5ps5"},"id":"1apm10rsltwko33","previousOperationId":"bgbp2fq282zic8u"}
{"type":"operationEnd","subtype":"render","operationId":"kkmcor7yjhtq5ja","timestamp":1677019153604,"id":"in9ka2nmgei1hkc","previousEventId":"iroahtsxcustaex","previousOperationId":"bgbp2fq282zic8u"}
{"type":"operationEnd","doDiffs":false,"previousEventId":"i7sn7cc9dwp2bir","previousOperationId":"6a0o0a6ct3lf069","operationId":"6a0o0a6ct3lf069","timestamp":1677019153613,"id":"nmpfgs8z3e09e9e"}
