{"type":"operationStart","subtype":"profile","data":{"_id":"gBPJLg0QUDH4SAI1","timestamp":"2023-02-21T22:44:34.008Z","state":"queued","mode":"standard","creationDate":"2023-02-21T22:44:34.010Z","modificationDate":"2023-02-21T22:44:34.010Z","shortid":"vWEI-l5","$entitySet":"profiles"},"doDiffs":false,"timestamp":1677019474009,"id":"kjyfhcb1x9oppok","previousOperationId":null,"operationId":"rdkyh4vcim7p5kk"}
{"type":"log","level":"info","message":"Render request 17 queued for execution and waiting for available worker","previousOperationId":"rdkyh4vcim7p5kk","timestamp":1677019474009,"id":"2yx3o8bcow1yosy"}
{"type":"operationStart","subtype":"render","name":"authors-main","previousOperationId":"rdkyh4vcim7p5kk","timestamp":1677019474020,"id":"bsk0ymse411e8ej","previousEventId":"kjyfhcb1x9oppok","operationId":"gdzb6yqveh543me"}
{"type":"log","timestamp":1677019474020,"level":"info","message":"Starting rendering request 17","meta":{"rootId":"ajkcqe8d4kk60gd","id":"ajkcqe8d4kk60gd"},"id":"kouf7ylt5qsp6k0","previousOperationId":"gdzb6yqveh543me"}
{"type":"log","timestamp":1677019474020,"level":"info","message":"Rendering template { name: authors-main, recipe: chrome-pdf, engine: handlebars, preview: true }","meta":{"rootId":"ajkcqe8d4kk60gd","id":"ajkcqe8d4kk60gd"},"id":"a32fm6sqwo5mq5i","previousOperationId":"gdzb6yqveh543me"}
{"type":"log","timestamp":1677019474021,"level":"debug","message":"Data item not defined for this template.","meta":{"rootId":"ajkcqe8d4kk60gd","id":"ajkcqe8d4kk60gd"},"id":"kttksgtftulx98y","previousOperationId":"gdzb6yqveh543me"}
{"type":"log","timestamp":1677019474024,"level":"debug","message":"Executing script authors-script (beforeRender)","meta":{"rootId":"ajkcqe8d4kk60gd","id":"ajkcqe8d4kk60gd"},"id":"6r38z23803zsw4p","previousOperationId":"gdzb6yqveh543me"}
{"type":"operationStart","subtype":"scriptsBeforeRender","name":"scripts beforeRender","timestamp":1677019474051,"id":"np21meeime7cd9o","previousEventId":"bsk0ymse411e8ej","operationId":"opu8595jsb6e4j6","previousOperationId":"gdzb6yqveh543me"}
{"type":"operationStart","subtype":"script","name":"scripts authors-script","previousOperationId":"opu8595jsb6e4j6","timestamp":1677019474051,"id":"ngzu86w3xr23eiy","previousEventId":"np21meeime7cd9o","operationId":"t48exxwfu127jj4"}
{"type":"log","timestamp":1677019474270,"level":"debug","message":"(console:log) [ 0, 1 ]","meta":{"userLevel":true,"rootId":"ajkcqe8d4kk60gd","id":"ajkcqe8d4kk60gd"},"id":"nxf1cq6blofstpj","previousOperationId":"t48exxwfu127jj4"}
{"type":"operationEnd","operationId":"t48exxwfu127jj4","timestamp":1677019474270,"id":"9f8f798kknw2lb8","previousEventId":"bsk0ymse411e8ej","previousOperationId":"gdzb6yqveh543me"}
{"type":"operationEnd","operationId":"opu8595jsb6e4j6","timestamp":1677019474270,"id":"l2pmx445yt4tnhz","previousEventId":"9f8f798kknw2lb8","previousOperationId":"gdzb6yqveh543me"}
{"type":"log","timestamp":1677019474270,"level":"debug","message":"Base url not specified, skipping its injection.","meta":{"rootId":"ajkcqe8d4kk60gd","id":"ajkcqe8d4kk60gd"},"id":"j34ne86424pnqh3","previousOperationId":"opu8595jsb6e4j6"}
{"type":"operationStart","subtype":"engine","name":"handlebars","timestamp":1677019474270,"id":"6ztgsjirrnagdv6","previousEventId":"l2pmx445yt4tnhz","operationId":"rar8qd4wfsbnf9p","previousOperationId":"opu8595jsb6e4j6"}
{"type":"log","timestamp":1677019474270,"level":"debug","message":"Rendering engine handlebars","meta":{"rootId":"ajkcqe8d4kk60gd","id":"ajkcqe8d4kk60gd"},"id":"m48dm3bqna1gzf5","previousOperationId":"rar8qd4wfsbnf9p"}
{"type":"operationEnd","operationId":"rar8qd4wfsbnf9p","timestamp":1677019474284,"id":"fbo8amm3gdnnh30","previousEventId":"6ztgsjirrnagdv6","previousOperationId":"rar8qd4wfsbnf9p"}
{"type":"operationStart","subtype":"recipe","name":"chrome-pdf","timestamp":1677019474284,"id":"p2se1yx50rbyhx8","previousEventId":"fbo8amm3gdnnh30","operationId":"p8bsdz81lixdza6","previousOperationId":"rar8qd4wfsbnf9p"}
{"type":"log","timestamp":1677019474284,"level":"debug","message":"Executing recipe chrome-pdf","meta":{"rootId":"ajkcqe8d4kk60gd","id":"ajkcqe8d4kk60gd"},"id":"v5kca8qxok19ysz","previousOperationId":"p8bsdz81lixdza6"}
{"type":"log","timestamp":1677019474286,"level":"debug","message":"Converting with chrome HeadlessChrome/105.0.5173.0 using chrome-pool strategy","meta":{"rootId":"ajkcqe8d4kk60gd","id":"ajkcqe8d4kk60gd"},"id":"a10963llv29pd0v","previousOperationId":"p8bsdz81lixdza6"}
{"type":"log","timestamp":1677019474384,"level":"debug","message":"Page request: GET (document) file:///C:/Users/pollo/AppData/Local/Temp/jsreport/autocleanup/4125585d-ce16-4dc6-89e7-68751b25e2ab-chrome-pdf.html","meta":{"rootId":"ajkcqe8d4kk60gd","id":"ajkcqe8d4kk60gd"},"id":"p5rgt8kdvlu7uzn","previousOperationId":"p8bsdz81lixdza6"}
{"type":"log","timestamp":1677019474409,"level":"debug","message":"Page request finished: GET (document) 200 file:///C:/Users/pollo/AppData/Local/Temp/jsreport/autocleanup/4125585d-ce16-4dc6-89e7-68751b25e2ab-chrome-pdf.html","meta":{"rootId":"ajkcqe8d4kk60gd","id":"ajkcqe8d4kk60gd"},"id":"gnqcm9evxtfemxv","previousOperationId":"p8bsdz81lixdza6"}
{"type":"log","timestamp":1677019474409,"level":"debug","message":"Page request: GET (stylesheet) https://cdnjs.cloudflare.com/ajax/libs/metro/4.1.5/css/metro.min.css","meta":{"rootId":"ajkcqe8d4kk60gd","id":"ajkcqe8d4kk60gd"},"id":"4dq228m45qucv7z","previousOperationId":"p8bsdz81lixdza6"}
{"type":"log","timestamp":1677019474409,"level":"debug","message":"Page request: GET (script) https://cdn.jsdelivr.net/npm/chart.js","meta":{"rootId":"ajkcqe8d4kk60gd","id":"ajkcqe8d4kk60gd"},"id":"94r0b8qr3qsvzkj","previousOperationId":"p8bsdz81lixdza6"}
{"type":"log","timestamp":1677019474438,"level":"debug","message":"Page request finished: GET (stylesheet) 200 https://cdnjs.cloudflare.com/ajax/libs/metro/4.1.5/css/metro.min.css","meta":{"rootId":"ajkcqe8d4kk60gd","id":"ajkcqe8d4kk60gd"},"id":"gm6khls2mchgqsa","previousOperationId":"p8bsdz81lixdza6"}
{"type":"log","timestamp":1677019474439,"level":"debug","message":"Page request finished: GET (script) 200 https://cdn.jsdelivr.net/npm/chart.js","meta":{"rootId":"ajkcqe8d4kk60gd","id":"ajkcqe8d4kk60gd"},"id":"insi2hwx6hsohj3","previousOperationId":"p8bsdz81lixdza6"}
{"type":"log","timestamp":1677019474546,"level":"debug","message":"Running chrome with params {\"printBackground\":true,\"marginTop\":\"4cm\",\"marginRight\":\"1.5cm\",\"marginBottom\":\"1.5cm\",\"marginLeft\":\"1.5cm\",\"waitForJS\":false,\"timeout\":59722,\"margin\":{\"top\":\"4cm\",\"right\":\"1.5cm\",\"bottom\":\"1.5cm\",\"left\":\"1.5cm\"}}","meta":{"rootId":"ajkcqe8d4kk60gd","id":"ajkcqe8d4kk60gd"},"id":"fmj9hmu93zpbzav","previousOperationId":"p8bsdz81lixdza6"}
{"type":"operationEnd","operationId":"p8bsdz81lixdza6","timestamp":1677019474644,"id":"g7xn4mceve6nh3g","previousEventId":"p2se1yx50rbyhx8","previousOperationId":"p8bsdz81lixdza6"}
{"type":"log","timestamp":1677019474644,"level":"info","message":"pdf-utils is starting pdf processing","meta":{"rootId":"ajkcqe8d4kk60gd","id":"ajkcqe8d4kk60gd"},"id":"2jh5kqbqje9j7mg","previousOperationId":"p8bsdz81lixdza6"}
{"type":"operationStart","subtype":"pdfUtils","name":"pdf utils","timestamp":1677019474644,"id":"cy8y9nmhbudlrmy","previousEventId":"g7xn4mceve6nh3g","operationId":"8r6aaek7gadoft0","previousOperationId":"p8bsdz81lixdza6"}
{"type":"log","timestamp":1677019474644,"level":"debug","message":"pdf-utils detected 1 pdf operation(s) to process","meta":{"rootId":"ajkcqe8d4kk60gd","id":"ajkcqe8d4kk60gd"},"id":"ih2bcw9au42jpug","previousOperationId":"8r6aaek7gadoft0"}
{"type":"log","timestamp":1677019474663,"level":"debug","message":"pdf-utils running pdf operation merge","meta":{"rootId":"ajkcqe8d4kk60gd","id":"ajkcqe8d4kk60gd"},"id":"6cgw6r0bjj8ih39","previousOperationId":"8r6aaek7gadoft0"}
{"type":"operationStart","subtype":"pdfUtilsMerge","name":"pdf utils merge","previousOperationId":"8r6aaek7gadoft0","timestamp":1677019474663,"id":"evnxmnhgjbv9dym","previousEventId":"cy8y9nmhbudlrmy","operationId":"upcf0paxeidp2cd"}
{"type":"operationStart","subtype":"render","name":"authors-header","previousOperationId":"upcf0paxeidp2cd","timestamp":1677019474664,"id":"duwawn0k9nnecnb","previousEventId":"evnxmnhgjbv9dym","operationId":"slf1lpch4jtiomp"}
{"type":"log","timestamp":1677019474664,"level":"info","message":"Starting rendering (child) request","meta":{"rootId":"ajkcqe8d4kk60gd","id":"io8pi2rqnusyf2c"},"id":"2wkbmok9nxrxfhr","previousOperationId":"slf1lpch4jtiomp"}
{"type":"log","timestamp":1677019474665,"level":"info","message":"Rendering template { name: authors-header, recipe: chrome-pdf, engine: handlebars, preview: true }","meta":{"rootId":"ajkcqe8d4kk60gd","id":"io8pi2rqnusyf2c"},"id":"edl0d9np49owdd0","previousOperationId":"slf1lpch4jtiomp"}
{"type":"log","timestamp":1677019474665,"level":"debug","message":"Inline data specified.","meta":{"rootId":"ajkcqe8d4kk60gd","id":"io8pi2rqnusyf2c"},"id":"z5lrzqge24intat","previousOperationId":"slf1lpch4jtiomp"}
{"type":"log","timestamp":1677019474667,"level":"debug","message":"Base url not specified, skipping its injection.","meta":{"rootId":"ajkcqe8d4kk60gd","id":"io8pi2rqnusyf2c"},"id":"jaqgq6juzfk182s","previousOperationId":"slf1lpch4jtiomp"}
{"type":"operationStart","subtype":"engine","name":"handlebars","timestamp":1677019474668,"id":"9zrpoz4pu7qk6id","previousEventId":"duwawn0k9nnecnb","operationId":"a0j9gwotiwhmuyq","previousOperationId":"slf1lpch4jtiomp"}
{"type":"log","timestamp":1677019474668,"level":"debug","message":"Rendering engine handlebars","meta":{"rootId":"ajkcqe8d4kk60gd","id":"io8pi2rqnusyf2c"},"id":"unxg61sdziazvhh","previousOperationId":"a0j9gwotiwhmuyq"}
{"type":"operationEnd","operationId":"a0j9gwotiwhmuyq","timestamp":1677019474688,"id":"vap1k0wztcym25c","previousEventId":"9zrpoz4pu7qk6id","previousOperationId":"a0j9gwotiwhmuyq"}
{"type":"operationStart","subtype":"recipe","name":"chrome-pdf","timestamp":1677019474688,"id":"6c0amykthl7779p","previousEventId":"vap1k0wztcym25c","operationId":"xwwp9mu0wh1hxr2","previousOperationId":"a0j9gwotiwhmuyq"}
{"type":"log","timestamp":1677019474688,"level":"debug","message":"Executing recipe chrome-pdf","meta":{"rootId":"ajkcqe8d4kk60gd","id":"io8pi2rqnusyf2c"},"id":"3ago45895mlkdf7","previousOperationId":"xwwp9mu0wh1hxr2"}
{"type":"log","timestamp":1677019474691,"level":"debug","message":"Converting with chrome HeadlessChrome/105.0.5173.0 using chrome-pool strategy","meta":{"rootId":"ajkcqe8d4kk60gd","id":"io8pi2rqnusyf2c"},"id":"rki50t5t7i41ytx","previousOperationId":"xwwp9mu0wh1hxr2"}
{"type":"log","timestamp":1677019474796,"level":"debug","message":"Page request: GET (document) file:///C:/Users/pollo/AppData/Local/Temp/jsreport/autocleanup/fea8c3a8-6b8a-4194-a986-713909e4438b-chrome-pdf.html","meta":{"rootId":"ajkcqe8d4kk60gd","id":"io8pi2rqnusyf2c"},"id":"ejl4ool09ylvd00","previousOperationId":"xwwp9mu0wh1hxr2"}
{"type":"log","timestamp":1677019474806,"level":"debug","message":"Page request finished: GET (document) 200 file:///C:/Users/pollo/AppData/Local/Temp/jsreport/autocleanup/fea8c3a8-6b8a-4194-a986-713909e4438b-chrome-pdf.html","meta":{"rootId":"ajkcqe8d4kk60gd","id":"io8pi2rqnusyf2c"},"id":"zhcs7owat084z1n","previousOperationId":"xwwp9mu0wh1hxr2"}
{"type":"log","timestamp":1677019474807,"level":"debug","message":"Page request: GET (stylesheet) https://cdnjs.cloudflare.com/ajax/libs/metro/4.1.5/css/metro.min.css","meta":{"rootId":"ajkcqe8d4kk60gd","id":"io8pi2rqnusyf2c"},"id":"89imliuwbpatrxu","previousOperationId":"xwwp9mu0wh1hxr2"}
{"type":"log","timestamp":1677019474828,"level":"debug","message":"Page request finished: GET (stylesheet) 200 https://cdnjs.cloudflare.com/ajax/libs/metro/4.1.5/css/metro.min.css","meta":{"rootId":"ajkcqe8d4kk60gd","id":"io8pi2rqnusyf2c"},"id":"8uvoy9bfp06yizj","previousOperationId":"xwwp9mu0wh1hxr2"}
{"type":"log","timestamp":1677019474851,"level":"debug","message":"Running chrome with params {\"printBackground\":true,\"marginTop\":\"1.5cm\",\"marginRight\":\"1.5cm\",\"marginLeft\":\"1.cm\",\"timeout\":59318,\"margin\":{\"top\":\"1.5cm\",\"right\":\"1.5cm\",\"left\":\"1.cm\"}}","meta":{"rootId":"ajkcqe8d4kk60gd","id":"io8pi2rqnusyf2c"},"id":"rkpv01f2zi3x2sn","previousOperationId":"xwwp9mu0wh1hxr2"}
{"type":"operationEnd","operationId":"xwwp9mu0wh1hxr2","timestamp":1677019474911,"id":"t2czwcz7g63ts8y","previousEventId":"6c0amykthl7779p","previousOperationId":"xwwp9mu0wh1hxr2"}
{"type":"log","timestamp":1677019474912,"level":"debug","message":"Skipping storing report.","meta":{"rootId":"ajkcqe8d4kk60gd","id":"io8pi2rqnusyf2c"},"id":"2t2mrxqxybjpiib","previousOperationId":"xwwp9mu0wh1hxr2"}
{"type":"log","timestamp":1677019474912,"level":"info","message":"Rendering (child) request finished in 904 ms","meta":{"rootId":"ajkcqe8d4kk60gd","id":"io8pi2rqnusyf2c"},"id":"w0zmf1tqnd755u2","previousOperationId":"xwwp9mu0wh1hxr2"}
{"type":"operationEnd","subtype":"render","operationId":"slf1lpch4jtiomp","timestamp":1677019474912,"id":"1gf10jb6w6meh4d","previousEventId":"t2czwcz7g63ts8y","previousOperationId":"xwwp9mu0wh1hxr2"}
{"type":"operationEnd","operationId":"upcf0paxeidp2cd","timestamp":1677019474920,"id":"c0235l8cogvcvjq","previousEventId":"evnxmnhgjbv9dym","previousOperationId":"upcf0paxeidp2cd"}
{"type":"log","timestamp":1677019474920,"level":"debug","message":"pdf-utils postproces start","meta":{"rootId":"ajkcqe8d4kk60gd","id":"ajkcqe8d4kk60gd"},"id":"alpfzovwtfadxep","previousOperationId":"upcf0paxeidp2cd"}
{"type":"log","timestamp":1677019474934,"level":"debug","message":"pdf-utils postproces end","meta":{"rootId":"ajkcqe8d4kk60gd","id":"ajkcqe8d4kk60gd"},"id":"x1teqbnxj9tlll4","previousOperationId":"upcf0paxeidp2cd"}
{"type":"operationEnd","operationId":"8r6aaek7gadoft0","timestamp":1677019474934,"id":"jt92djii93mxehv","previousEventId":"c0235l8cogvcvjq","previousOperationId":"upcf0paxeidp2cd"}
{"type":"log","timestamp":1677019474934,"level":"info","message":"pdf-utils pdf processing was finished","meta":{"rootId":"ajkcqe8d4kk60gd","id":"ajkcqe8d4kk60gd"},"id":"qujm764q4by925n","previousOperationId":"8r6aaek7gadoft0"}
{"type":"log","timestamp":1677019474934,"level":"debug","message":"Skipping storing report.","meta":{"rootId":"ajkcqe8d4kk60gd","id":"ajkcqe8d4kk60gd"},"id":"th1gmep77tntqbw","previousOperationId":"8r6aaek7gadoft0"}
{"type":"log","timestamp":1677019474934,"level":"info","message":"Rendering request 17 finished in 926 ms","meta":{"rootId":"ajkcqe8d4kk60gd","id":"ajkcqe8d4kk60gd"},"id":"gs1dj9mogwjjfps","previousOperationId":"8r6aaek7gadoft0"}
{"type":"operationEnd","subtype":"render","operationId":"gdzb6yqveh543me","timestamp":1677019474934,"id":"pbon7z1ush5bavy","previousEventId":"jt92djii93mxehv","previousOperationId":"8r6aaek7gadoft0"}
{"type":"operationEnd","doDiffs":false,"previousEventId":"kjyfhcb1x9oppok","previousOperationId":"rdkyh4vcim7p5kk","operationId":"rdkyh4vcim7p5kk","timestamp":1677019474942,"id":"4ad511tf3atwhrw"}
