{"type":"operationStart","subtype":"profile","data":{"_id":"MEf3qyNjsxCGdlOw","timestamp":"2023-02-21T22:47:22.404Z","state":"queued","mode":"standard","creationDate":"2023-02-21T22:47:22.407Z","modificationDate":"2023-02-21T22:47:22.407Z","shortid":"NTkCbAb","$entitySet":"profiles"},"doDiffs":false,"timestamp":1677019642406,"id":"uno7z1bfcz1vmu3","previousOperationId":null,"operationId":"00oekzrwrgavzbo"}
{"type":"log","level":"info","message":"Render request 20 queued for execution and waiting for available worker","previousOperationId":"00oekzrwrgavzbo","timestamp":1677019642406,"id":"c473m9bbh6x9m3w"}
{"type":"operationStart","subtype":"render","name":"authors-main","previousOperationId":"00oekzrwrgavzbo","timestamp":1677019642417,"id":"dvurgmfopmb38ip","previousEventId":"uno7z1bfcz1vmu3","operationId":"3msjdijxyugfu2s"}
{"type":"log","timestamp":1677019642417,"level":"info","message":"Starting rendering request 20","meta":{"rootId":"box8cspknfguzxo","id":"box8cspknfguzxo"},"id":"li0cxpfkahz4pts","previousOperationId":"3msjdijxyugfu2s"}
{"type":"log","timestamp":1677019642417,"level":"info","message":"Rendering template { name: authors-main, recipe: chrome-pdf, engine: handlebars, preview: true }","meta":{"rootId":"box8cspknfguzxo","id":"box8cspknfguzxo"},"id":"mam5hlj64tnpyap","previousOperationId":"3msjdijxyugfu2s"}
{"type":"log","timestamp":1677019642417,"level":"debug","message":"Data item not defined for this template.","meta":{"rootId":"box8cspknfguzxo","id":"box8cspknfguzxo"},"id":"u02qo4id11gcqqi","previousOperationId":"3msjdijxyugfu2s"}
{"type":"log","timestamp":1677019642419,"level":"debug","message":"Executing script authors-script (beforeRender)","meta":{"rootId":"box8cspknfguzxo","id":"box8cspknfguzxo"},"id":"146y806um1fw7y8","previousOperationId":"3msjdijxyugfu2s"}
{"type":"operationStart","subtype":"scriptsBeforeRender","name":"scripts beforeRender","timestamp":1677019642450,"id":"so2c92agapeu716","previousEventId":"dvurgmfopmb38ip","operationId":"djsiowh4grt2h0u","previousOperationId":"3msjdijxyugfu2s"}
{"type":"operationStart","subtype":"script","name":"scripts authors-script","previousOperationId":"djsiowh4grt2h0u","timestamp":1677019642450,"id":"ebb6rfd3cr9zhff","previousEventId":"so2c92agapeu716","operationId":"mkfc6siy95qlvn5"}
{"type":"log","timestamp":1677019642746,"level":"debug","message":"(console:log) [ 0, 1 ]","meta":{"userLevel":true,"rootId":"box8cspknfguzxo","id":"box8cspknfguzxo"},"id":"p1vy57w8tdj0dsp","previousOperationId":"mkfc6siy95qlvn5"}
{"type":"operationEnd","operationId":"mkfc6siy95qlvn5","timestamp":1677019642748,"id":"jiloyiglv894tgt","previousEventId":"dvurgmfopmb38ip","previousOperationId":"3msjdijxyugfu2s"}
{"type":"operationEnd","operationId":"djsiowh4grt2h0u","timestamp":1677019642748,"id":"bm22pon50im2bwn","previousEventId":"jiloyiglv894tgt","previousOperationId":"3msjdijxyugfu2s"}
{"type":"log","timestamp":1677019642748,"level":"debug","message":"Base url not specified, skipping its injection.","meta":{"rootId":"box8cspknfguzxo","id":"box8cspknfguzxo"},"id":"1wh7wmlvky4vlbz","previousOperationId":"djsiowh4grt2h0u"}
{"type":"operationStart","subtype":"engine","name":"handlebars","timestamp":1677019642748,"id":"ywtw6ul7l3p750h","previousEventId":"bm22pon50im2bwn","operationId":"gcow7ythx25hd8q","previousOperationId":"djsiowh4grt2h0u"}
{"type":"log","timestamp":1677019642748,"level":"debug","message":"Rendering engine handlebars","meta":{"rootId":"box8cspknfguzxo","id":"box8cspknfguzxo"},"id":"jkaavhbzgfsxv50","previousOperationId":"gcow7ythx25hd8q"}
{"type":"operationEnd","operationId":"gcow7ythx25hd8q","timestamp":1677019642763,"id":"3us4wxmfygxmm1b","previousEventId":"ywtw6ul7l3p750h","previousOperationId":"gcow7ythx25hd8q"}
{"type":"operationStart","subtype":"recipe","name":"chrome-pdf","timestamp":1677019642764,"id":"az04czdxpjd9n6d","previousEventId":"3us4wxmfygxmm1b","operationId":"sov0d9bdegg94px","previousOperationId":"gcow7ythx25hd8q"}
{"type":"log","timestamp":1677019642764,"level":"debug","message":"Executing recipe chrome-pdf","meta":{"rootId":"box8cspknfguzxo","id":"box8cspknfguzxo"},"id":"7ly9pnbgingrybo","previousOperationId":"sov0d9bdegg94px"}
{"type":"log","timestamp":1677019642766,"level":"debug","message":"Converting with chrome HeadlessChrome/105.0.5173.0 using chrome-pool strategy","meta":{"rootId":"box8cspknfguzxo","id":"box8cspknfguzxo"},"id":"cu8iqfmbs402jxk","previousOperationId":"sov0d9bdegg94px"}
{"type":"log","timestamp":1677019642876,"level":"debug","message":"Page request: GET (document) file:///C:/Users/pollo/AppData/Local/Temp/jsreport/autocleanup/ecfc13d0-4dd1-4a38-ae9d-cb660e86a647-chrome-pdf.html","meta":{"rootId":"box8cspknfguzxo","id":"box8cspknfguzxo"},"id":"130vbby13ejx5os","previousOperationId":"sov0d9bdegg94px"}
{"type":"log","timestamp":1677019642899,"level":"debug","message":"Page request finished: GET (document) 200 file:///C:/Users/pollo/AppData/Local/Temp/jsreport/autocleanup/ecfc13d0-4dd1-4a38-ae9d-cb660e86a647-chrome-pdf.html","meta":{"rootId":"box8cspknfguzxo","id":"box8cspknfguzxo"},"id":"mvuuqjtj7p9vr0r","previousOperationId":"sov0d9bdegg94px"}
{"type":"log","timestamp":1677019642899,"level":"debug","message":"Page request: GET (stylesheet) https://cdnjs.cloudflare.com/ajax/libs/metro/4.1.5/css/metro.min.css","meta":{"rootId":"box8cspknfguzxo","id":"box8cspknfguzxo"},"id":"kq5cn019dmefwzj","previousOperationId":"sov0d9bdegg94px"}
{"type":"log","timestamp":1677019642899,"level":"debug","message":"Page request: GET (script) https://cdn.jsdelivr.net/npm/chart.js","meta":{"rootId":"box8cspknfguzxo","id":"box8cspknfguzxo"},"id":"0775ou1x1aqigil","previousOperationId":"sov0d9bdegg94px"}
{"type":"log","timestamp":1677019642907,"level":"debug","message":"Page request finished: GET (script) 200 https://cdn.jsdelivr.net/npm/chart.js","meta":{"rootId":"box8cspknfguzxo","id":"box8cspknfguzxo"},"id":"h6mavjgqm6ttjoe","previousOperationId":"sov0d9bdegg94px"}
{"type":"log","timestamp":1677019642925,"level":"debug","message":"Page request finished: GET (stylesheet) 200 https://cdnjs.cloudflare.com/ajax/libs/metro/4.1.5/css/metro.min.css","meta":{"rootId":"box8cspknfguzxo","id":"box8cspknfguzxo"},"id":"jauh3bx1jvhhhls","previousOperationId":"sov0d9bdegg94px"}
{"type":"log","timestamp":1677019642930,"level":"warn","message":"Page error: SyntaxError: Unexpected identifier","meta":{"rootId":"box8cspknfguzxo","id":"box8cspknfguzxo"},"id":"ww2hu4nu0fdtb0f","previousOperationId":"sov0d9bdegg94px"}
{"type":"log","timestamp":1677019642963,"level":"debug","message":"Running chrome with params {\"printBackground\":true,\"marginTop\":\"4cm\",\"marginRight\":\"1.5cm\",\"marginBottom\":\"1.5cm\",\"marginLeft\":\"1.5cm\",\"waitForJS\":false,\"timeout\":59639,\"margin\":{\"top\":\"4cm\",\"right\":\"1.5cm\",\"bottom\":\"1.5cm\",\"left\":\"1.5cm\"}}","meta":{"rootId":"box8cspknfguzxo","id":"box8cspknfguzxo"},"id":"qsn1ncaa3iewoyn","previousOperationId":"sov0d9bdegg94px"}
{"type":"operationEnd","operationId":"sov0d9bdegg94px","timestamp":1677019643052,"id":"f3l3o0omo0rch1h","previousEventId":"az04czdxpjd9n6d","previousOperationId":"sov0d9bdegg94px"}
{"type":"log","timestamp":1677019643052,"level":"info","message":"pdf-utils is starting pdf processing","meta":{"rootId":"box8cspknfguzxo","id":"box8cspknfguzxo"},"id":"c43lntb1bmxfl7u","previousOperationId":"sov0d9bdegg94px"}
{"type":"operationStart","subtype":"pdfUtils","name":"pdf utils","timestamp":1677019643052,"id":"xw8o3scao4sb11f","previousEventId":"f3l3o0omo0rch1h","operationId":"lvarng5b0xr39l3","previousOperationId":"sov0d9bdegg94px"}
{"type":"log","timestamp":1677019643052,"level":"debug","message":"pdf-utils detected 1 pdf operation(s) to process","meta":{"rootId":"box8cspknfguzxo","id":"box8cspknfguzxo"},"id":"m411hianoqzt5w1","previousOperationId":"lvarng5b0xr39l3"}
{"type":"log","timestamp":1677019643067,"level":"debug","message":"pdf-utils running pdf operation merge","meta":{"rootId":"box8cspknfguzxo","id":"box8cspknfguzxo"},"id":"940sgnga3ciwece","previousOperationId":"lvarng5b0xr39l3"}
{"type":"operationStart","subtype":"pdfUtilsMerge","name":"pdf utils merge","previousOperationId":"lvarng5b0xr39l3","timestamp":1677019643067,"id":"cag1l2ks26oatiw","previousEventId":"xw8o3scao4sb11f","operationId":"32ih8rr1qxhctyn"}
{"type":"operationStart","subtype":"render","name":"authors-header","previousOperationId":"32ih8rr1qxhctyn","timestamp":1677019643068,"id":"46r41dhalw5alt8","previousEventId":"cag1l2ks26oatiw","operationId":"42an1q31h8vuxzd"}
{"type":"log","timestamp":1677019643068,"level":"info","message":"Starting rendering (child) request","meta":{"rootId":"box8cspknfguzxo","id":"3t9oly1scm6o00g"},"id":"c28umnhazrngs68","previousOperationId":"42an1q31h8vuxzd"}
{"type":"log","timestamp":1677019643068,"level":"info","message":"Rendering template { name: authors-header, recipe: chrome-pdf, engine: handlebars, preview: true }","meta":{"rootId":"box8cspknfguzxo","id":"3t9oly1scm6o00g"},"id":"sq9co95eth36yf6","previousOperationId":"42an1q31h8vuxzd"}
{"type":"log","timestamp":1677019643069,"level":"debug","message":"Inline data specified.","meta":{"rootId":"box8cspknfguzxo","id":"3t9oly1scm6o00g"},"id":"gwl2rjd2imgrj6b","previousOperationId":"42an1q31h8vuxzd"}
{"type":"log","timestamp":1677019643071,"level":"debug","message":"Base url not specified, skipping its injection.","meta":{"rootId":"box8cspknfguzxo","id":"3t9oly1scm6o00g"},"id":"lquq8p9jbpw2a1y","previousOperationId":"42an1q31h8vuxzd"}
{"type":"operationStart","subtype":"engine","name":"handlebars","timestamp":1677019643071,"id":"q8soad9daevj8by","previousEventId":"46r41dhalw5alt8","operationId":"tovej3hyhmdeqce","previousOperationId":"42an1q31h8vuxzd"}
{"type":"log","timestamp":1677019643071,"level":"debug","message":"Rendering engine handlebars","meta":{"rootId":"box8cspknfguzxo","id":"3t9oly1scm6o00g"},"id":"3mfbj95yjo9zpe0","previousOperationId":"tovej3hyhmdeqce"}
{"type":"operationEnd","operationId":"tovej3hyhmdeqce","timestamp":1677019643083,"id":"4eo9vpeevj9zvol","previousEventId":"q8soad9daevj8by","previousOperationId":"tovej3hyhmdeqce"}
{"type":"operationStart","subtype":"recipe","name":"chrome-pdf","timestamp":1677019643083,"id":"9e1ov6awebq41o9","previousEventId":"4eo9vpeevj9zvol","operationId":"lhtg0xsa8tidcau","previousOperationId":"tovej3hyhmdeqce"}
{"type":"log","timestamp":1677019643083,"level":"debug","message":"Executing recipe chrome-pdf","meta":{"rootId":"box8cspknfguzxo","id":"3t9oly1scm6o00g"},"id":"54dv69a3oy9kdf5","previousOperationId":"lhtg0xsa8tidcau"}
{"type":"log","timestamp":1677019643085,"level":"debug","message":"Converting with chrome HeadlessChrome/105.0.5173.0 using chrome-pool strategy","meta":{"rootId":"box8cspknfguzxo","id":"3t9oly1scm6o00g"},"id":"dordbsxh79dun8l","previousOperationId":"lhtg0xsa8tidcau"}
{"type":"log","timestamp":1677019643213,"level":"debug","message":"Page request: GET (document) file:///C:/Users/pollo/AppData/Local/Temp/jsreport/autocleanup/1c0c02fa-b5eb-4ce6-b7e7-5b8547d27c1a-chrome-pdf.html","meta":{"rootId":"box8cspknfguzxo","id":"3t9oly1scm6o00g"},"id":"61f533npx0z62zs","previousOperationId":"lhtg0xsa8tidcau"}
{"type":"log","timestamp":1677019643225,"level":"debug","message":"Page request finished: GET (document) 200 file:///C:/Users/pollo/AppData/Local/Temp/jsreport/autocleanup/1c0c02fa-b5eb-4ce6-b7e7-5b8547d27c1a-chrome-pdf.html","meta":{"rootId":"box8cspknfguzxo","id":"3t9oly1scm6o00g"},"id":"9hhrv91bwortzdd","previousOperationId":"lhtg0xsa8tidcau"}
{"type":"log","timestamp":1677019643225,"level":"debug","message":"Page request: GET (stylesheet) https://cdnjs.cloudflare.com/ajax/libs/metro/4.1.5/css/metro.min.css","meta":{"rootId":"box8cspknfguzxo","id":"3t9oly1scm6o00g"},"id":"c9o3p4s41c4604z","previousOperationId":"lhtg0xsa8tidcau"}
{"type":"log","timestamp":1677019643248,"level":"debug","message":"Page request finished: GET (stylesheet) 200 https://cdnjs.cloudflare.com/ajax/libs/metro/4.1.5/css/metro.min.css","meta":{"rootId":"box8cspknfguzxo","id":"3t9oly1scm6o00g"},"id":"fiewouo8dqtqlwn","previousOperationId":"lhtg0xsa8tidcau"}
{"type":"log","timestamp":1677019643270,"level":"debug","message":"Running chrome with params {\"printBackground\":true,\"marginTop\":\"1.5cm\",\"marginRight\":\"1.5cm\",\"marginLeft\":\"1.cm\",\"timeout\":59320,\"margin\":{\"top\":\"1.5cm\",\"right\":\"1.5cm\",\"left\":\"1.cm\"}}","meta":{"rootId":"box8cspknfguzxo","id":"3t9oly1scm6o00g"},"id":"bfr1q1swfetz0rm","previousOperationId":"lhtg0xsa8tidcau"}
{"type":"operationEnd","operationId":"lhtg0xsa8tidcau","timestamp":1677019643327,"id":"92j8k5c4ntq3cra","previousEventId":"9e1ov6awebq41o9","previousOperationId":"lhtg0xsa8tidcau"}
{"type":"log","timestamp":1677019643327,"level":"debug","message":"Skipping storing report.","meta":{"rootId":"box8cspknfguzxo","id":"3t9oly1scm6o00g"},"id":"p2mnmn0sipd961d","previousOperationId":"lhtg0xsa8tidcau"}
{"type":"log","timestamp":1677019643328,"level":"info","message":"Rendering (child) request finished in 924 ms","meta":{"rootId":"box8cspknfguzxo","id":"3t9oly1scm6o00g"},"id":"ba0t06jyoa48hjt","previousOperationId":"lhtg0xsa8tidcau"}
{"type":"operationEnd","subtype":"render","operationId":"42an1q31h8vuxzd","timestamp":1677019643328,"id":"hint616zkfzed6d","previousEventId":"92j8k5c4ntq3cra","previousOperationId":"lhtg0xsa8tidcau"}
{"type":"operationEnd","operationId":"32ih8rr1qxhctyn","timestamp":1677019643340,"id":"n4es1oic7janjhe","previousEventId":"cag1l2ks26oatiw","previousOperationId":"32ih8rr1qxhctyn"}
{"type":"log","timestamp":1677019643340,"level":"debug","message":"pdf-utils postproces start","meta":{"rootId":"box8cspknfguzxo","id":"box8cspknfguzxo"},"id":"rmahwfwaicwhlec","previousOperationId":"32ih8rr1qxhctyn"}
{"type":"log","timestamp":1677019643351,"level":"debug","message":"pdf-utils postproces end","meta":{"rootId":"box8cspknfguzxo","id":"box8cspknfguzxo"},"id":"l6z7w9y46z802ps","previousOperationId":"32ih8rr1qxhctyn"}
{"type":"operationEnd","operationId":"lvarng5b0xr39l3","timestamp":1677019643351,"id":"f8q99lhutlirmqx","previousEventId":"n4es1oic7janjhe","previousOperationId":"32ih8rr1qxhctyn"}
{"type":"log","timestamp":1677019643351,"level":"info","message":"pdf-utils pdf processing was finished","meta":{"rootId":"box8cspknfguzxo","id":"box8cspknfguzxo"},"id":"qm0lxhm08fhfe6y","previousOperationId":"lvarng5b0xr39l3"}
{"type":"log","timestamp":1677019643351,"level":"debug","message":"Skipping storing report.","meta":{"rootId":"box8cspknfguzxo","id":"box8cspknfguzxo"},"id":"sb265842fdfqjdh","previousOperationId":"lvarng5b0xr39l3"}
{"type":"log","timestamp":1677019643351,"level":"info","message":"Rendering request 20 finished in 947 ms","meta":{"rootId":"box8cspknfguzxo","id":"box8cspknfguzxo"},"id":"mahe31o8qagzetk","previousOperationId":"lvarng5b0xr39l3"}
{"type":"operationEnd","subtype":"render","operationId":"3msjdijxyugfu2s","timestamp":1677019643351,"id":"bquulfbcv503iz4","previousEventId":"f8q99lhutlirmqx","previousOperationId":"lvarng5b0xr39l3"}
{"type":"operationEnd","doDiffs":false,"previousEventId":"uno7z1bfcz1vmu3","previousOperationId":"00oekzrwrgavzbo","operationId":"00oekzrwrgavzbo","timestamp":1677019643357,"id":"fpmp5u90e1mx68d"}
