{"type":"operationStart","subtype":"profile","data":{"_id":"wT9ZKpSH6FuUf8nW","timestamp":"2023-02-21T22:41:04.395Z","state":"queued","mode":"standard","creationDate":"2023-02-21T22:41:04.397Z","modificationDate":"2023-02-21T22:41:04.397Z","shortid":"bJo8di8","$entitySet":"profiles"},"doDiffs":false,"timestamp":1677019264396,"id":"qtjoqftpft1y2oo","previousOperationId":null,"operationId":"ghybndv3ijoztz5"}
{"type":"log","level":"info","message":"Render request 12 queued for execution and waiting for available worker","previousOperationId":"ghybndv3ijoztz5","timestamp":1677019264397,"id":"dris9xiaihs520b"}
{"type":"operationStart","subtype":"render","name":"authors-main","previousOperationId":"ghybndv3ijoztz5","timestamp":1677019264410,"id":"nc1xn8no9l1of9l","previousEventId":"qtjoqftpft1y2oo","operationId":"rszpk6sh7v06aqa"}
{"type":"log","timestamp":1677019264410,"level":"info","message":"Starting rendering request 12","meta":{"rootId":"e7q12f3mky7k29x","id":"e7q12f3mky7k29x"},"id":"2g6et0tm5stdlgr","previousOperationId":"rszpk6sh7v06aqa"}
{"type":"log","timestamp":1677019264410,"level":"info","message":"Rendering template { name: authors-main, recipe: chrome-pdf, engine: handlebars, preview: true }","meta":{"rootId":"e7q12f3mky7k29x","id":"e7q12f3mky7k29x"},"id":"kin7ohc8n4pihq1","previousOperationId":"rszpk6sh7v06aqa"}
{"type":"log","timestamp":1677019264410,"level":"debug","message":"Data item not defined for this template.","meta":{"rootId":"e7q12f3mky7k29x","id":"e7q12f3mky7k29x"},"id":"0wqyl2m8yiznwe1","previousOperationId":"rszpk6sh7v06aqa"}
{"type":"log","timestamp":1677019264412,"level":"debug","message":"Executing script authors-script (beforeRender)","meta":{"rootId":"e7q12f3mky7k29x","id":"e7q12f3mky7k29x"},"id":"75ailkdkguclydb","previousOperationId":"rszpk6sh7v06aqa"}
{"type":"operationStart","subtype":"scriptsBeforeRender","name":"scripts beforeRender","timestamp":1677019264446,"id":"reh87i2rxgeokwd","previousEventId":"nc1xn8no9l1of9l","operationId":"ig6y1af2qfl55vm","previousOperationId":"rszpk6sh7v06aqa"}
{"type":"operationStart","subtype":"script","name":"scripts authors-script","previousOperationId":"ig6y1af2qfl55vm","timestamp":1677019264446,"id":"89o2h2hhjdnax7r","previousEventId":"reh87i2rxgeokwd","operationId":"624bo8vfutc2ovr"}
{"type":"log","timestamp":1677019264658,"level":"debug","message":"(console:log) [ 0, 1 ]","meta":{"userLevel":true,"rootId":"e7q12f3mky7k29x","id":"e7q12f3mky7k29x"},"id":"rh8tt9ezx23fa0f","previousOperationId":"624bo8vfutc2ovr"}
{"type":"operationEnd","operationId":"624bo8vfutc2ovr","timestamp":1677019264659,"id":"eizsanv3o7rv32g","previousEventId":"nc1xn8no9l1of9l","previousOperationId":"rszpk6sh7v06aqa"}
{"type":"operationEnd","operationId":"ig6y1af2qfl55vm","timestamp":1677019264659,"id":"uuplz56wd7xbbt7","previousEventId":"eizsanv3o7rv32g","previousOperationId":"rszpk6sh7v06aqa"}
{"type":"log","timestamp":1677019264659,"level":"debug","message":"Base url not specified, skipping its injection.","meta":{"rootId":"e7q12f3mky7k29x","id":"e7q12f3mky7k29x"},"id":"ufsnhkrwtc7j6bt","previousOperationId":"ig6y1af2qfl55vm"}
{"type":"operationStart","subtype":"engine","name":"handlebars","timestamp":1677019264659,"id":"6ph6vgcre6bk8rl","previousEventId":"uuplz56wd7xbbt7","operationId":"5m7ssgptmjzirjq","previousOperationId":"ig6y1af2qfl55vm"}
{"type":"log","timestamp":1677019264659,"level":"debug","message":"Rendering engine handlebars","meta":{"rootId":"e7q12f3mky7k29x","id":"e7q12f3mky7k29x"},"id":"21on3pyttz7ai41","previousOperationId":"5m7ssgptmjzirjq"}
{"type":"operationEnd","operationId":"5m7ssgptmjzirjq","timestamp":1677019264668,"id":"6q5im4xedyotzjb","previousEventId":"6ph6vgcre6bk8rl","previousOperationId":"5m7ssgptmjzirjq"}
{"type":"operationStart","subtype":"recipe","name":"chrome-pdf","timestamp":1677019264669,"id":"06i5l2i5la0nybk","previousEventId":"6q5im4xedyotzjb","operationId":"fijsen5khuzi6tw","previousOperationId":"5m7ssgptmjzirjq"}
{"type":"log","timestamp":1677019264669,"level":"debug","message":"Executing recipe chrome-pdf","meta":{"rootId":"e7q12f3mky7k29x","id":"e7q12f3mky7k29x"},"id":"31r667j6rt4d95o","previousOperationId":"fijsen5khuzi6tw"}
{"type":"log","timestamp":1677019264671,"level":"debug","message":"Converting with chrome HeadlessChrome/105.0.5173.0 using chrome-pool strategy","meta":{"rootId":"e7q12f3mky7k29x","id":"e7q12f3mky7k29x"},"id":"un88nei58ajiq4j","previousOperationId":"fijsen5khuzi6tw"}
{"type":"log","timestamp":1677019264779,"level":"debug","message":"Page request: GET (document) file:///C:/Users/pollo/AppData/Local/Temp/jsreport/autocleanup/a86ab5ef-e10c-4ee7-b5cb-9c79766f21ec-chrome-pdf.html","meta":{"rootId":"e7q12f3mky7k29x","id":"e7q12f3mky7k29x"},"id":"y4ubpj233ln36mb","previousOperationId":"fijsen5khuzi6tw"}
{"type":"log","timestamp":1677019264812,"level":"debug","message":"Page request finished: GET (document) 200 file:///C:/Users/pollo/AppData/Local/Temp/jsreport/autocleanup/a86ab5ef-e10c-4ee7-b5cb-9c79766f21ec-chrome-pdf.html","meta":{"rootId":"e7q12f3mky7k29x","id":"e7q12f3mky7k29x"},"id":"ybg36kzn255jsst","previousOperationId":"fijsen5khuzi6tw"}
{"type":"log","timestamp":1677019264812,"level":"debug","message":"Page request: GET (stylesheet) https://cdnjs.cloudflare.com/ajax/libs/metro/4.1.5/css/metro.min.css","meta":{"rootId":"e7q12f3mky7k29x","id":"e7q12f3mky7k29x"},"id":"ciim0svwjeoqk87","previousOperationId":"fijsen5khuzi6tw"}
{"type":"log","timestamp":1677019264812,"level":"debug","message":"Page request: GET (script) https://cdn.jsdelivr.net/npm/chart.js","meta":{"rootId":"e7q12f3mky7k29x","id":"e7q12f3mky7k29x"},"id":"fhvp5bkcgz1ouag","previousOperationId":"fijsen5khuzi6tw"}
{"type":"log","timestamp":1677019264818,"level":"debug","message":"Page request finished: GET (script) 200 https://cdn.jsdelivr.net/npm/chart.js","meta":{"rootId":"e7q12f3mky7k29x","id":"e7q12f3mky7k29x"},"id":"9b1cod8vat2bqcx","previousOperationId":"fijsen5khuzi6tw"}
{"type":"log","timestamp":1677019264835,"level":"debug","message":"Page request finished: GET (stylesheet) 200 https://cdnjs.cloudflare.com/ajax/libs/metro/4.1.5/css/metro.min.css","meta":{"rootId":"e7q12f3mky7k29x","id":"e7q12f3mky7k29x"},"id":"i4m7ba1ke039w4z","previousOperationId":"fijsen5khuzi6tw"}
{"type":"log","timestamp":1677019264839,"level":"warn","message":"Page error: SyntaxError: Unexpected token ','","meta":{"rootId":"e7q12f3mky7k29x","id":"e7q12f3mky7k29x"},"id":"m4lutj2v39pua29","previousOperationId":"fijsen5khuzi6tw"}
{"type":"log","timestamp":1677019264873,"level":"debug","message":"Running chrome with params {\"printBackground\":true,\"marginTop\":\"4cm\",\"marginRight\":\"1.5cm\",\"marginBottom\":\"1.5cm\",\"marginLeft\":\"1.5cm\",\"waitForJS\":false,\"timeout\":59725,\"margin\":{\"top\":\"4cm\",\"right\":\"1.5cm\",\"bottom\":\"1.5cm\",\"left\":\"1.5cm\"}}","meta":{"rootId":"e7q12f3mky7k29x","id":"e7q12f3mky7k29x"},"id":"oue67mpezqpa6ha","previousOperationId":"fijsen5khuzi6tw"}
{"type":"operationEnd","operationId":"fijsen5khuzi6tw","timestamp":1677019264960,"id":"qblxbadnyssl1oj","previousEventId":"06i5l2i5la0nybk","previousOperationId":"fijsen5khuzi6tw"}
{"type":"log","timestamp":1677019264960,"level":"info","message":"pdf-utils is starting pdf processing","meta":{"rootId":"e7q12f3mky7k29x","id":"e7q12f3mky7k29x"},"id":"wap5ldm4szn24m5","previousOperationId":"fijsen5khuzi6tw"}
{"type":"operationStart","subtype":"pdfUtils","name":"pdf utils","timestamp":1677019264960,"id":"7ogiyh9gnvyjak4","previousEventId":"qblxbadnyssl1oj","operationId":"2lrjdqt11cbk3zo","previousOperationId":"fijsen5khuzi6tw"}
{"type":"log","timestamp":1677019264960,"level":"debug","message":"pdf-utils detected 1 pdf operation(s) to process","meta":{"rootId":"e7q12f3mky7k29x","id":"e7q12f3mky7k29x"},"id":"u37ljfck5vn0sgn","previousOperationId":"2lrjdqt11cbk3zo"}
{"type":"log","timestamp":1677019264985,"level":"debug","message":"pdf-utils running pdf operation merge","meta":{"rootId":"e7q12f3mky7k29x","id":"e7q12f3mky7k29x"},"id":"ff6t0je0yfrdpyv","previousOperationId":"2lrjdqt11cbk3zo"}
{"type":"operationStart","subtype":"pdfUtilsMerge","name":"pdf utils merge","previousOperationId":"2lrjdqt11cbk3zo","timestamp":1677019264985,"id":"0kdcxhm51x52rzb","previousEventId":"7ogiyh9gnvyjak4","operationId":"fq8vbg5i0vpq121"}
{"type":"operationStart","subtype":"render","name":"authors-header","previousOperationId":"fq8vbg5i0vpq121","timestamp":1677019264986,"id":"zntcbfmy503ft0b","previousEventId":"0kdcxhm51x52rzb","operationId":"hbvdfeaj3oubqj4"}
{"type":"log","timestamp":1677019264986,"level":"info","message":"Starting rendering (child) request","meta":{"rootId":"e7q12f3mky7k29x","id":"z7gyn71sj0voiav"},"id":"3patobaiwmg0myo","previousOperationId":"hbvdfeaj3oubqj4"}
{"type":"log","timestamp":1677019264986,"level":"info","message":"Rendering template { name: authors-header, recipe: chrome-pdf, engine: handlebars, preview: true }","meta":{"rootId":"e7q12f3mky7k29x","id":"z7gyn71sj0voiav"},"id":"gqg1xe2o0kictbe","previousOperationId":"hbvdfeaj3oubqj4"}
{"type":"log","timestamp":1677019264987,"level":"debug","message":"Inline data specified.","meta":{"rootId":"e7q12f3mky7k29x","id":"z7gyn71sj0voiav"},"id":"g8wctueftisgran","previousOperationId":"hbvdfeaj3oubqj4"}
{"type":"log","timestamp":1677019264989,"level":"debug","message":"Base url not specified, skipping its injection.","meta":{"rootId":"e7q12f3mky7k29x","id":"z7gyn71sj0voiav"},"id":"sm8lsacat80n2qh","previousOperationId":"hbvdfeaj3oubqj4"}
{"type":"operationStart","subtype":"engine","name":"handlebars","timestamp":1677019264989,"id":"3cpnziwzh4u6bvp","previousEventId":"zntcbfmy503ft0b","operationId":"wfooy4qenqc3r5s","previousOperationId":"hbvdfeaj3oubqj4"}
{"type":"log","timestamp":1677019264989,"level":"debug","message":"Rendering engine handlebars","meta":{"rootId":"e7q12f3mky7k29x","id":"z7gyn71sj0voiav"},"id":"hlepvase8mi0bvh","previousOperationId":"wfooy4qenqc3r5s"}
{"type":"operationEnd","operationId":"wfooy4qenqc3r5s","timestamp":1677019265009,"id":"ytklsgs6cdid65z","previousEventId":"3cpnziwzh4u6bvp","previousOperationId":"wfooy4qenqc3r5s"}
{"type":"operationStart","subtype":"recipe","name":"chrome-pdf","timestamp":1677019265009,"id":"7yh0ipm3z2mgnl6","previousEventId":"ytklsgs6cdid65z","operationId":"tzv2b1mklkr8fe5","previousOperationId":"wfooy4qenqc3r5s"}
{"type":"log","timestamp":1677019265009,"level":"debug","message":"Executing recipe chrome-pdf","meta":{"rootId":"e7q12f3mky7k29x","id":"z7gyn71sj0voiav"},"id":"8jtxi5400q2o93h","previousOperationId":"tzv2b1mklkr8fe5"}
{"type":"log","timestamp":1677019265011,"level":"debug","message":"Converting with chrome HeadlessChrome/105.0.5173.0 using chrome-pool strategy","meta":{"rootId":"e7q12f3mky7k29x","id":"z7gyn71sj0voiav"},"id":"5o24a9l41h9iqtk","previousOperationId":"tzv2b1mklkr8fe5"}
{"type":"log","timestamp":1677019265126,"level":"debug","message":"Page request: GET (document) file:///C:/Users/pollo/AppData/Local/Temp/jsreport/autocleanup/83ab168f-3a0f-43c7-9acb-62908227b76c-chrome-pdf.html","meta":{"rootId":"e7q12f3mky7k29x","id":"z7gyn71sj0voiav"},"id":"mb4r4eacgvicn6k","previousOperationId":"tzv2b1mklkr8fe5"}
{"type":"log","timestamp":1677019265136,"level":"debug","message":"Page request finished: GET (document) 200 file:///C:/Users/pollo/AppData/Local/Temp/jsreport/autocleanup/83ab168f-3a0f-43c7-9acb-62908227b76c-chrome-pdf.html","meta":{"rootId":"e7q12f3mky7k29x","id":"z7gyn71sj0voiav"},"id":"a4t11jpkc4zq18k","previousOperationId":"tzv2b1mklkr8fe5"}
{"type":"log","timestamp":1677019265136,"level":"debug","message":"Page request: GET (stylesheet) https://cdnjs.cloudflare.com/ajax/libs/metro/4.1.5/css/metro.min.css","meta":{"rootId":"e7q12f3mky7k29x","id":"z7gyn71sj0voiav"},"id":"fmuexlc9pv1b2ma","previousOperationId":"tzv2b1mklkr8fe5"}
{"type":"log","timestamp":1677019265164,"level":"debug","message":"Page request finished: GET (stylesheet) 200 https://cdnjs.cloudflare.com/ajax/libs/metro/4.1.5/css/metro.min.css","meta":{"rootId":"e7q12f3mky7k29x","id":"z7gyn71sj0voiav"},"id":"l0jhr5bhuoi7ole","previousOperationId":"tzv2b1mklkr8fe5"}
{"type":"log","timestamp":1677019265189,"level":"debug","message":"Running chrome with params {\"printBackground\":true,\"marginTop\":\"1.5cm\",\"marginRight\":\"1.5cm\",\"marginLeft\":\"1.cm\",\"timeout\":59385,\"margin\":{\"top\":\"1.5cm\",\"right\":\"1.5cm\",\"left\":\"1.cm\"}}","meta":{"rootId":"e7q12f3mky7k29x","id":"z7gyn71sj0voiav"},"id":"7pa41b145fqg4hg","previousOperationId":"tzv2b1mklkr8fe5"}
{"type":"operationEnd","operationId":"tzv2b1mklkr8fe5","timestamp":1677019265253,"id":"795ifrm397h3ujl","previousEventId":"7yh0ipm3z2mgnl6","previousOperationId":"tzv2b1mklkr8fe5"}
{"type":"log","timestamp":1677019265253,"level":"debug","message":"Skipping storing report.","meta":{"rootId":"e7q12f3mky7k29x","id":"z7gyn71sj0voiav"},"id":"0xme7lr41hh7w4m","previousOperationId":"tzv2b1mklkr8fe5"}
{"type":"log","timestamp":1677019265253,"level":"info","message":"Rendering (child) request finished in 858 ms","meta":{"rootId":"e7q12f3mky7k29x","id":"z7gyn71sj0voiav"},"id":"vo8ek98qngxmfdz","previousOperationId":"tzv2b1mklkr8fe5"}
{"type":"operationEnd","subtype":"render","operationId":"hbvdfeaj3oubqj4","timestamp":1677019265253,"id":"5tqhcprehq93pej","previousEventId":"795ifrm397h3ujl","previousOperationId":"tzv2b1mklkr8fe5"}
{"type":"operationEnd","operationId":"fq8vbg5i0vpq121","timestamp":1677019265260,"id":"ufgpv8jeqf8oivt","previousEventId":"0kdcxhm51x52rzb","previousOperationId":"fq8vbg5i0vpq121"}
{"type":"log","timestamp":1677019265260,"level":"debug","message":"pdf-utils postproces start","meta":{"rootId":"e7q12f3mky7k29x","id":"e7q12f3mky7k29x"},"id":"3mmjpa4lxatlqtd","previousOperationId":"fq8vbg5i0vpq121"}
{"type":"log","timestamp":1677019265267,"level":"debug","message":"pdf-utils postproces end","meta":{"rootId":"e7q12f3mky7k29x","id":"e7q12f3mky7k29x"},"id":"tp968dgyg9zjj2y","previousOperationId":"fq8vbg5i0vpq121"}
{"type":"operationEnd","operationId":"2lrjdqt11cbk3zo","timestamp":1677019265267,"id":"3u70t6up0x4zufa","previousEventId":"ufgpv8jeqf8oivt","previousOperationId":"fq8vbg5i0vpq121"}
{"type":"log","timestamp":1677019265267,"level":"info","message":"pdf-utils pdf processing was finished","meta":{"rootId":"e7q12f3mky7k29x","id":"e7q12f3mky7k29x"},"id":"6s08k2a5nj1btoc","previousOperationId":"2lrjdqt11cbk3zo"}
{"type":"log","timestamp":1677019265267,"level":"debug","message":"Skipping storing report.","meta":{"rootId":"e7q12f3mky7k29x","id":"e7q12f3mky7k29x"},"id":"dftxknhgqkc160l","previousOperationId":"2lrjdqt11cbk3zo"}
{"type":"log","timestamp":1677019265268,"level":"info","message":"Rendering request 12 finished in 873 ms","meta":{"rootId":"e7q12f3mky7k29x","id":"e7q12f3mky7k29x"},"id":"xs9c40j54x2lwt3","previousOperationId":"2lrjdqt11cbk3zo"}
{"type":"operationEnd","subtype":"render","operationId":"rszpk6sh7v06aqa","timestamp":1677019265268,"id":"2nuh3xmi2g60a2e","previousEventId":"3u70t6up0x4zufa","previousOperationId":"2lrjdqt11cbk3zo"}
{"type":"operationEnd","doDiffs":false,"previousEventId":"qtjoqftpft1y2oo","previousOperationId":"ghybndv3ijoztz5","operationId":"ghybndv3ijoztz5","timestamp":1677019265276,"id":"512peozbr09x8q6"}
