{"type":"operationStart","subtype":"profile","data":{"_id":"GUAamcsi1kNwLwBi","timestamp":"2023-02-21T22:38:21.728Z","state":"queued","mode":"standard","creationDate":"2023-02-21T22:38:21.730Z","modificationDate":"2023-02-21T22:38:21.730Z","shortid":"GZ7Pz7A","$entitySet":"profiles"},"doDiffs":false,"timestamp":1677019101729,"id":"lycpz1crkvu2jhs","previousOperationId":null,"operationId":"2r6dbdm5u82j030"}
{"type":"log","level":"info","message":"Render request 9 queued for execution and waiting for available worker","previousOperationId":"2r6dbdm5u82j030","timestamp":1677019101729,"id":"8ufhn95sltykutg"}
{"type":"operationStart","subtype":"render","name":"authors-main","previousOperationId":"2r6dbdm5u82j030","timestamp":1677019101739,"id":"v5uc85j6ql565so","previousEventId":"lycpz1crkvu2jhs","operationId":"pni33ed2g5k4r2b"}
{"type":"log","timestamp":1677019101739,"level":"info","message":"Starting rendering request 9","meta":{"rootId":"evkb0b3mu6kb71t","id":"evkb0b3mu6kb71t"},"id":"fltqx7u2qamj8ns","previousOperationId":"pni33ed2g5k4r2b"}
{"type":"log","timestamp":1677019101740,"level":"info","message":"Rendering template { name: authors-main, recipe: chrome-pdf, engine: handlebars, preview: true }","meta":{"rootId":"evkb0b3mu6kb71t","id":"evkb0b3mu6kb71t"},"id":"zaxza6s1u4lqz49","previousOperationId":"pni33ed2g5k4r2b"}
{"type":"log","timestamp":1677019101741,"level":"debug","message":"Data item not defined for this template.","meta":{"rootId":"evkb0b3mu6kb71t","id":"evkb0b3mu6kb71t"},"id":"pl8iz5tpuk5i80k","previousOperationId":"pni33ed2g5k4r2b"}
{"type":"log","timestamp":1677019101744,"level":"debug","message":"Executing script authors-script (beforeRender)","meta":{"rootId":"evkb0b3mu6kb71t","id":"evkb0b3mu6kb71t"},"id":"hie7owhcd4nr05i","previousOperationId":"pni33ed2g5k4r2b"}
{"type":"operationStart","subtype":"scriptsBeforeRender","name":"scripts beforeRender","timestamp":1677019101777,"id":"tcmwdasobz1hogd","previousEventId":"v5uc85j6ql565so","operationId":"pl4ujdexij6ba9t","previousOperationId":"pni33ed2g5k4r2b"}
{"type":"operationStart","subtype":"script","name":"scripts authors-script","previousOperationId":"pl4ujdexij6ba9t","timestamp":1677019101777,"id":"8gm9nuloa9vuj4m","previousEventId":"tcmwdasobz1hogd","operationId":"21p3mqas15wycgx"}
{"type":"log","timestamp":1677019102058,"level":"debug","message":"(console:log) [ 0, 1 ]","meta":{"userLevel":true,"rootId":"evkb0b3mu6kb71t","id":"evkb0b3mu6kb71t"},"id":"pd73xt40e5u15pg","previousOperationId":"21p3mqas15wycgx"}
{"type":"operationEnd","operationId":"21p3mqas15wycgx","timestamp":1677019102059,"id":"j1qu91gwy8jvz6g","previousEventId":"v5uc85j6ql565so","previousOperationId":"pni33ed2g5k4r2b"}
{"type":"operationEnd","operationId":"pl4ujdexij6ba9t","timestamp":1677019102059,"id":"bs1fl4f082wwxaj","previousEventId":"j1qu91gwy8jvz6g","previousOperationId":"pni33ed2g5k4r2b"}
{"type":"log","timestamp":1677019102059,"level":"debug","message":"Base url not specified, skipping its injection.","meta":{"rootId":"evkb0b3mu6kb71t","id":"evkb0b3mu6kb71t"},"id":"pp5fexnhwbr18jb","previousOperationId":"pl4ujdexij6ba9t"}
{"type":"operationStart","subtype":"engine","name":"handlebars","timestamp":1677019102059,"id":"7ohhn7b6a15k0fs","previousEventId":"bs1fl4f082wwxaj","operationId":"25hcnvapzq4vuhx","previousOperationId":"pl4ujdexij6ba9t"}
{"type":"log","timestamp":1677019102059,"level":"debug","message":"Rendering engine handlebars","meta":{"rootId":"evkb0b3mu6kb71t","id":"evkb0b3mu6kb71t"},"id":"pdd3fmn53bv6shw","previousOperationId":"25hcnvapzq4vuhx"}
{"type":"operationEnd","operationId":"25hcnvapzq4vuhx","timestamp":1677019102069,"id":"a1s0n5882x03w59","previousEventId":"7ohhn7b6a15k0fs","previousOperationId":"25hcnvapzq4vuhx"}
{"type":"operationStart","subtype":"recipe","name":"chrome-pdf","timestamp":1677019102069,"id":"cmeufoan26p24ob","previousEventId":"a1s0n5882x03w59","operationId":"eglawj6uor2sfyx","previousOperationId":"25hcnvapzq4vuhx"}
{"type":"log","timestamp":1677019102069,"level":"debug","message":"Executing recipe chrome-pdf","meta":{"rootId":"evkb0b3mu6kb71t","id":"evkb0b3mu6kb71t"},"id":"yol4j3m4wctasne","previousOperationId":"eglawj6uor2sfyx"}
{"type":"log","timestamp":1677019102072,"level":"debug","message":"Converting with chrome HeadlessChrome/105.0.5173.0 using chrome-pool strategy","meta":{"rootId":"evkb0b3mu6kb71t","id":"evkb0b3mu6kb71t"},"id":"ok9wv4juyya1gf4","previousOperationId":"eglawj6uor2sfyx"}
{"type":"log","timestamp":1677019102188,"level":"debug","message":"Page request: GET (document) file:///C:/Users/pollo/AppData/Local/Temp/jsreport/autocleanup/c3af3f11-40c9-4bc7-85a3-fa5dd29b8268-chrome-pdf.html","meta":{"rootId":"evkb0b3mu6kb71t","id":"evkb0b3mu6kb71t"},"id":"j62vlmbly683kjk","previousOperationId":"eglawj6uor2sfyx"}
{"type":"log","timestamp":1677019102198,"level":"debug","message":"Page request finished: GET (document) 200 file:///C:/Users/pollo/AppData/Local/Temp/jsreport/autocleanup/c3af3f11-40c9-4bc7-85a3-fa5dd29b8268-chrome-pdf.html","meta":{"rootId":"evkb0b3mu6kb71t","id":"evkb0b3mu6kb71t"},"id":"0nj3ge52kdp5cic","previousOperationId":"eglawj6uor2sfyx"}
{"type":"log","timestamp":1677019102198,"level":"debug","message":"Page request: GET (stylesheet) https://cdnjs.cloudflare.com/ajax/libs/metro/4.1.5/css/metro.min.css","meta":{"rootId":"evkb0b3mu6kb71t","id":"evkb0b3mu6kb71t"},"id":"dknamtyuepxcwal","previousOperationId":"eglawj6uor2sfyx"}
{"type":"log","timestamp":1677019102199,"level":"debug","message":"Page request: GET (script) https://cdn.jsdelivr.net/npm/chart.js","meta":{"rootId":"evkb0b3mu6kb71t","id":"evkb0b3mu6kb71t"},"id":"jte0bhfki2y1f8r","previousOperationId":"eglawj6uor2sfyx"}
{"type":"log","timestamp":1677019102223,"level":"debug","message":"Page request finished: GET (stylesheet) 200 https://cdnjs.cloudflare.com/ajax/libs/metro/4.1.5/css/metro.min.css","meta":{"rootId":"evkb0b3mu6kb71t","id":"evkb0b3mu6kb71t"},"id":"qezib2np9trx4ds","previousOperationId":"eglawj6uor2sfyx"}
{"type":"log","timestamp":1677019102225,"level":"debug","message":"Page request finished: GET (script) 200 https://cdn.jsdelivr.net/npm/chart.js","meta":{"rootId":"evkb0b3mu6kb71t","id":"evkb0b3mu6kb71t"},"id":"iy9n75bpa3083bu","previousOperationId":"eglawj6uor2sfyx"}
{"type":"log","timestamp":1677019102229,"level":"warn","message":"Page error: SyntaxError: Unexpected token ','","meta":{"rootId":"evkb0b3mu6kb71t","id":"evkb0b3mu6kb71t"},"id":"snoaj48t4lg18xb","previousOperationId":"eglawj6uor2sfyx"}
{"type":"log","timestamp":1677019102260,"level":"debug","message":"Running chrome with params {\"printBackground\":true,\"marginTop\":\"4cm\",\"marginRight\":\"1.5cm\",\"marginBottom\":\"1.5cm\",\"marginLeft\":\"1.5cm\",\"waitForJS\":false,\"timeout\":59657,\"margin\":{\"top\":\"4cm\",\"right\":\"1.5cm\",\"bottom\":\"1.5cm\",\"left\":\"1.5cm\"}}","meta":{"rootId":"evkb0b3mu6kb71t","id":"evkb0b3mu6kb71t"},"id":"11pturiew9c0cvb","previousOperationId":"eglawj6uor2sfyx"}
{"type":"operationEnd","operationId":"eglawj6uor2sfyx","timestamp":1677019102336,"id":"wv5f7uo4n5nyrku","previousEventId":"cmeufoan26p24ob","previousOperationId":"eglawj6uor2sfyx"}
{"type":"log","timestamp":1677019102336,"level":"info","message":"pdf-utils is starting pdf processing","meta":{"rootId":"evkb0b3mu6kb71t","id":"evkb0b3mu6kb71t"},"id":"t11gxy4dihfvykc","previousOperationId":"eglawj6uor2sfyx"}
{"type":"operationStart","subtype":"pdfUtils","name":"pdf utils","timestamp":1677019102336,"id":"zp6r8gy2ff5krwi","previousEventId":"wv5f7uo4n5nyrku","operationId":"5y6oglkfwclguqc","previousOperationId":"eglawj6uor2sfyx"}
{"type":"log","timestamp":1677019102337,"level":"debug","message":"pdf-utils detected 1 pdf operation(s) to process","meta":{"rootId":"evkb0b3mu6kb71t","id":"evkb0b3mu6kb71t"},"id":"gjl60ozfwr81vlj","previousOperationId":"5y6oglkfwclguqc"}
{"type":"log","timestamp":1677019102376,"level":"debug","message":"pdf-utils running pdf operation merge","meta":{"rootId":"evkb0b3mu6kb71t","id":"evkb0b3mu6kb71t"},"id":"imuvs4misyi4ukz","previousOperationId":"5y6oglkfwclguqc"}
{"type":"operationStart","subtype":"pdfUtilsMerge","name":"pdf utils merge","previousOperationId":"5y6oglkfwclguqc","timestamp":1677019102376,"id":"1dzvy2uwza9sq99","previousEventId":"zp6r8gy2ff5krwi","operationId":"ol6hp7ftb5humnl"}
{"type":"operationStart","subtype":"render","name":"authors-header","previousOperationId":"ol6hp7ftb5humnl","timestamp":1677019102377,"id":"n5i3egce3uqmkh5","previousEventId":"1dzvy2uwza9sq99","operationId":"hkcxg57ela6d2fh"}
{"type":"log","timestamp":1677019102377,"level":"info","message":"Starting rendering (child) request","meta":{"rootId":"evkb0b3mu6kb71t","id":"5dyena26fwusvl3"},"id":"6c1nt6vyiqxyqlc","previousOperationId":"hkcxg57ela6d2fh"}
{"type":"log","timestamp":1677019102378,"level":"info","message":"Rendering template { name: authors-header, recipe: chrome-pdf, engine: handlebars, preview: true }","meta":{"rootId":"evkb0b3mu6kb71t","id":"5dyena26fwusvl3"},"id":"drqnxics9s1utth","previousOperationId":"hkcxg57ela6d2fh"}
{"type":"log","timestamp":1677019102378,"level":"debug","message":"Inline data specified.","meta":{"rootId":"evkb0b3mu6kb71t","id":"5dyena26fwusvl3"},"id":"h6o4bbkwoiho4mi","previousOperationId":"hkcxg57ela6d2fh"}
{"type":"log","timestamp":1677019102380,"level":"debug","message":"Base url not specified, skipping its injection.","meta":{"rootId":"evkb0b3mu6kb71t","id":"5dyena26fwusvl3"},"id":"h3wbij30hlc01a6","previousOperationId":"hkcxg57ela6d2fh"}
{"type":"operationStart","subtype":"engine","name":"handlebars","timestamp":1677019102381,"id":"jy4u3bprmr6ug1q","previousEventId":"n5i3egce3uqmkh5","operationId":"jakbw5zvuu0eods","previousOperationId":"hkcxg57ela6d2fh"}
{"type":"log","timestamp":1677019102381,"level":"debug","message":"Rendering engine handlebars","meta":{"rootId":"evkb0b3mu6kb71t","id":"5dyena26fwusvl3"},"id":"5wukmb403fkjgd0","previousOperationId":"jakbw5zvuu0eods"}
{"type":"operationEnd","operationId":"jakbw5zvuu0eods","timestamp":1677019102438,"id":"oqj6ngvszc3kq4u","previousEventId":"jy4u3bprmr6ug1q","previousOperationId":"jakbw5zvuu0eods"}
{"type":"operationStart","subtype":"recipe","name":"chrome-pdf","timestamp":1677019102438,"id":"7tt91ovpjqx1im6","previousEventId":"oqj6ngvszc3kq4u","operationId":"17lgzm5cnm7ls85","previousOperationId":"jakbw5zvuu0eods"}
{"type":"log","timestamp":1677019102438,"level":"debug","message":"Executing recipe chrome-pdf","meta":{"rootId":"evkb0b3mu6kb71t","id":"5dyena26fwusvl3"},"id":"bny29u5lrtl35ky","previousOperationId":"17lgzm5cnm7ls85"}
{"type":"log","timestamp":1677019102441,"level":"debug","message":"Converting with chrome HeadlessChrome/105.0.5173.0 using chrome-pool strategy","meta":{"rootId":"evkb0b3mu6kb71t","id":"5dyena26fwusvl3"},"id":"m7gievr7dut4vjg","previousOperationId":"17lgzm5cnm7ls85"}
{"type":"log","timestamp":1677019102554,"level":"debug","message":"Page request: GET (document) file:///C:/Users/pollo/AppData/Local/Temp/jsreport/autocleanup/2759f0cb-b98a-4695-9259-6215d8f38b46-chrome-pdf.html","meta":{"rootId":"evkb0b3mu6kb71t","id":"5dyena26fwusvl3"},"id":"mtyeuxxvjvmppbo","previousOperationId":"17lgzm5cnm7ls85"}
{"type":"log","timestamp":1677019102564,"level":"debug","message":"Page request finished: GET (document) 200 file:///C:/Users/pollo/AppData/Local/Temp/jsreport/autocleanup/2759f0cb-b98a-4695-9259-6215d8f38b46-chrome-pdf.html","meta":{"rootId":"evkb0b3mu6kb71t","id":"5dyena26fwusvl3"},"id":"kce76brslboqm7q","previousOperationId":"17lgzm5cnm7ls85"}
{"type":"log","timestamp":1677019102565,"level":"debug","message":"Page request: GET (stylesheet) https://cdnjs.cloudflare.com/ajax/libs/metro/4.1.5/css/metro.min.css","meta":{"rootId":"evkb0b3mu6kb71t","id":"5dyena26fwusvl3"},"id":"m2zkn5iwtuh4cqv","previousOperationId":"17lgzm5cnm7ls85"}
{"type":"log","timestamp":1677019102589,"level":"debug","message":"Page request finished: GET (stylesheet) 200 https://cdnjs.cloudflare.com/ajax/libs/metro/4.1.5/css/metro.min.css","meta":{"rootId":"evkb0b3mu6kb71t","id":"5dyena26fwusvl3"},"id":"1qkemjfx8scqrjh","previousOperationId":"17lgzm5cnm7ls85"}
{"type":"log","timestamp":1677019102612,"level":"debug","message":"Running chrome with params {\"printBackground\":true,\"marginTop\":\"1.5cm\",\"marginRight\":\"1.5cm\",\"marginLeft\":\"1.cm\",\"timeout\":59289,\"margin\":{\"top\":\"1.5cm\",\"right\":\"1.5cm\",\"left\":\"1.cm\"}}","meta":{"rootId":"evkb0b3mu6kb71t","id":"5dyena26fwusvl3"},"id":"q7699h0a9ukggtz","previousOperationId":"17lgzm5cnm7ls85"}
{"type":"operationEnd","operationId":"17lgzm5cnm7ls85","timestamp":1677019102677,"id":"efcpzhftsmh6fwn","previousEventId":"7tt91ovpjqx1im6","previousOperationId":"17lgzm5cnm7ls85"}
{"type":"log","timestamp":1677019102677,"level":"debug","message":"Skipping storing report.","meta":{"rootId":"evkb0b3mu6kb71t","id":"5dyena26fwusvl3"},"id":"z6ynb27whpfxlzz","previousOperationId":"17lgzm5cnm7ls85"}
{"type":"log","timestamp":1677019102677,"level":"info","message":"Rendering (child) request finished in 949 ms","meta":{"rootId":"evkb0b3mu6kb71t","id":"5dyena26fwusvl3"},"id":"ym3lmfmr2lqv4tz","previousOperationId":"17lgzm5cnm7ls85"}
{"type":"operationEnd","subtype":"render","operationId":"hkcxg57ela6d2fh","timestamp":1677019102678,"id":"n9v6x4vwujis0hr","previousEventId":"efcpzhftsmh6fwn","previousOperationId":"17lgzm5cnm7ls85"}
{"type":"operationEnd","operationId":"ol6hp7ftb5humnl","timestamp":1677019102687,"id":"vwn0jdsoteflhzk","previousEventId":"1dzvy2uwza9sq99","previousOperationId":"ol6hp7ftb5humnl"}
{"type":"log","timestamp":1677019102687,"level":"debug","message":"pdf-utils postproces start","meta":{"rootId":"evkb0b3mu6kb71t","id":"evkb0b3mu6kb71t"},"id":"hwst5bsz752jlm1","previousOperationId":"ol6hp7ftb5humnl"}
{"type":"log","timestamp":1677019102694,"level":"debug","message":"pdf-utils postproces end","meta":{"rootId":"evkb0b3mu6kb71t","id":"evkb0b3mu6kb71t"},"id":"5bonckpn3tuj8jc","previousOperationId":"ol6hp7ftb5humnl"}
{"type":"operationEnd","operationId":"5y6oglkfwclguqc","timestamp":1677019102694,"id":"pcc2ju1phcd2ugj","previousEventId":"vwn0jdsoteflhzk","previousOperationId":"ol6hp7ftb5humnl"}
{"type":"log","timestamp":1677019102694,"level":"info","message":"pdf-utils pdf processing was finished","meta":{"rootId":"evkb0b3mu6kb71t","id":"evkb0b3mu6kb71t"},"id":"hyounhyzmxk78iz","previousOperationId":"5y6oglkfwclguqc"}
{"type":"log","timestamp":1677019102694,"level":"debug","message":"Skipping storing report.","meta":{"rootId":"evkb0b3mu6kb71t","id":"evkb0b3mu6kb71t"},"id":"mjdpc0zh5gcg8d8","previousOperationId":"5y6oglkfwclguqc"}
{"type":"log","timestamp":1677019102694,"level":"info","message":"Rendering request 9 finished in 966 ms","meta":{"rootId":"evkb0b3mu6kb71t","id":"evkb0b3mu6kb71t"},"id":"l6rpwmw4lxkn98h","previousOperationId":"5y6oglkfwclguqc"}
{"type":"operationEnd","subtype":"render","operationId":"pni33ed2g5k4r2b","timestamp":1677019102694,"id":"uiiqo1a6rdaptme","previousEventId":"pcc2ju1phcd2ugj","previousOperationId":"5y6oglkfwclguqc"}
{"type":"operationEnd","doDiffs":false,"previousEventId":"lycpz1crkvu2jhs","previousOperationId":"2r6dbdm5u82j030","operationId":"2r6dbdm5u82j030","timestamp":1677019102709,"id":"q0g5dge22ayw4zb"}
