{"type":"operationStart","subtype":"profile","data":{"_id":"tnSm7NrmguvndU8f","timestamp":"2023-02-21T22:38:01.941Z","state":"queued","mode":"standard","creationDate":"2023-02-21T22:38:01.942Z","modificationDate":"2023-02-21T22:38:01.942Z","shortid":"zprMpxX","$entitySet":"profiles"},"doDiffs":false,"timestamp":1677019081942,"id":"i73ufg914reuaxf","previousOperationId":null,"operationId":"z9516y4ge36vvm8"}
{"type":"log","level":"info","message":"Render request 8 queued for execution and waiting for available worker","previousOperationId":"z9516y4ge36vvm8","timestamp":1677019081942,"id":"y2ik7m9r6bzir8l"}
{"type":"operationStart","subtype":"render","name":"authors-main","previousOperationId":"z9516y4ge36vvm8","timestamp":1677019081952,"id":"dgrxbz3cuuhgzaq","previousEventId":"i73ufg914reuaxf","operationId":"n1tzr9cx3x0er85"}
{"type":"log","timestamp":1677019081952,"level":"info","message":"Starting rendering request 8","meta":{"rootId":"f1bqn0dbn99hagm","id":"f1bqn0dbn99hagm"},"id":"qtpxdoc9z3f5z2l","previousOperationId":"n1tzr9cx3x0er85"}
{"type":"log","timestamp":1677019081952,"level":"info","message":"Rendering template { name: authors-main, recipe: chrome-pdf, engine: handlebars, preview: true }","meta":{"rootId":"f1bqn0dbn99hagm","id":"f1bqn0dbn99hagm"},"id":"fqzg1hqwud7q51h","previousOperationId":"n1tzr9cx3x0er85"}
{"type":"log","timestamp":1677019081953,"level":"debug","message":"Data item not defined for this template.","meta":{"rootId":"f1bqn0dbn99hagm","id":"f1bqn0dbn99hagm"},"id":"elqttdsq9srfgay","previousOperationId":"n1tzr9cx3x0er85"}
{"type":"log","timestamp":1677019081957,"level":"debug","message":"Executing script authors-script (beforeRender)","meta":{"rootId":"f1bqn0dbn99hagm","id":"f1bqn0dbn99hagm"},"id":"a007pzt8tmfbwo8","previousOperationId":"n1tzr9cx3x0er85"}
{"type":"operationStart","subtype":"scriptsBeforeRender","name":"scripts beforeRender","timestamp":1677019081989,"id":"3t2212rzkf1ng1r","previousEventId":"dgrxbz3cuuhgzaq","operationId":"316pmozjfwedjfx","previousOperationId":"n1tzr9cx3x0er85"}
{"type":"operationStart","subtype":"script","name":"scripts authors-script","previousOperationId":"316pmozjfwedjfx","timestamp":1677019081989,"id":"2m40hqzho7mk2lx","previousEventId":"3t2212rzkf1ng1r","operationId":"gayh2e8pmr6351k"}
{"type":"log","timestamp":1677019082223,"level":"debug","message":"(console:log) [ 1, 1 ]","meta":{"userLevel":true,"rootId":"f1bqn0dbn99hagm","id":"f1bqn0dbn99hagm"},"id":"e1orxh2sg1fe0wx","previousOperationId":"gayh2e8pmr6351k"}
{"type":"operationEnd","operationId":"gayh2e8pmr6351k","timestamp":1677019082224,"id":"zihke57kss5e20k","previousEventId":"dgrxbz3cuuhgzaq","previousOperationId":"n1tzr9cx3x0er85"}
{"type":"operationEnd","operationId":"316pmozjfwedjfx","timestamp":1677019082224,"id":"e34exiqebe8tttq","previousEventId":"zihke57kss5e20k","previousOperationId":"n1tzr9cx3x0er85"}
{"type":"log","timestamp":1677019082224,"level":"debug","message":"Base url not specified, skipping its injection.","meta":{"rootId":"f1bqn0dbn99hagm","id":"f1bqn0dbn99hagm"},"id":"xitx1n60ej2pqi2","previousOperationId":"316pmozjfwedjfx"}
{"type":"operationStart","subtype":"engine","name":"handlebars","timestamp":1677019082224,"id":"3mknv4pqyz19j6r","previousEventId":"e34exiqebe8tttq","operationId":"ixgyu5qzcsq9rzb","previousOperationId":"316pmozjfwedjfx"}
{"type":"log","timestamp":1677019082224,"level":"debug","message":"Rendering engine handlebars","meta":{"rootId":"f1bqn0dbn99hagm","id":"f1bqn0dbn99hagm"},"id":"3w5cwzdnqvz7305","previousOperationId":"ixgyu5qzcsq9rzb"}
{"type":"operationEnd","operationId":"ixgyu5qzcsq9rzb","timestamp":1677019082236,"id":"3dre6lge5roesxl","previousEventId":"3mknv4pqyz19j6r","previousOperationId":"ixgyu5qzcsq9rzb"}
{"type":"operationStart","subtype":"recipe","name":"chrome-pdf","timestamp":1677019082237,"id":"t729f3wk0mutme7","previousEventId":"3dre6lge5roesxl","operationId":"8z1p0qjq7veincn","previousOperationId":"ixgyu5qzcsq9rzb"}
{"type":"log","timestamp":1677019082237,"level":"debug","message":"Executing recipe chrome-pdf","meta":{"rootId":"f1bqn0dbn99hagm","id":"f1bqn0dbn99hagm"},"id":"u7znz2fhja42nne","previousOperationId":"8z1p0qjq7veincn"}
{"type":"log","timestamp":1677019082241,"level":"debug","message":"Converting with chrome HeadlessChrome/105.0.5173.0 using chrome-pool strategy","meta":{"rootId":"f1bqn0dbn99hagm","id":"f1bqn0dbn99hagm"},"id":"epti1ih8vvf1ga4","previousOperationId":"8z1p0qjq7veincn"}
{"type":"log","timestamp":1677019082401,"level":"debug","message":"Page request: GET (document) file:///C:/Users/pollo/AppData/Local/Temp/jsreport/autocleanup/a732f5f5-94b4-4f71-b5ab-46aa52d4feb4-chrome-pdf.html","meta":{"rootId":"f1bqn0dbn99hagm","id":"f1bqn0dbn99hagm"},"id":"1jz23ayvz5lhrn7","previousOperationId":"8z1p0qjq7veincn"}
{"type":"log","timestamp":1677019082425,"level":"debug","message":"Page request finished: GET (document) 200 file:///C:/Users/pollo/AppData/Local/Temp/jsreport/autocleanup/a732f5f5-94b4-4f71-b5ab-46aa52d4feb4-chrome-pdf.html","meta":{"rootId":"f1bqn0dbn99hagm","id":"f1bqn0dbn99hagm"},"id":"lrul6gjr6poof37","previousOperationId":"8z1p0qjq7veincn"}
{"type":"log","timestamp":1677019082425,"level":"debug","message":"Page request: GET (stylesheet) https://cdnjs.cloudflare.com/ajax/libs/metro/4.1.5/css/metro.min.css","meta":{"rootId":"f1bqn0dbn99hagm","id":"f1bqn0dbn99hagm"},"id":"b0yomkxd0u9sbbf","previousOperationId":"8z1p0qjq7veincn"}
{"type":"log","timestamp":1677019082425,"level":"debug","message":"Page request: GET (script) https://cdn.jsdelivr.net/npm/chart.js","meta":{"rootId":"f1bqn0dbn99hagm","id":"f1bqn0dbn99hagm"},"id":"2a2yqu0757m9tyj","previousOperationId":"8z1p0qjq7veincn"}
{"type":"log","timestamp":1677019082432,"level":"debug","message":"Page request finished: GET (script) 200 https://cdn.jsdelivr.net/npm/chart.js","meta":{"rootId":"f1bqn0dbn99hagm","id":"f1bqn0dbn99hagm"},"id":"f7o7scml62df3lq","previousOperationId":"8z1p0qjq7veincn"}
{"type":"log","timestamp":1677019082448,"level":"debug","message":"Page request finished: GET (stylesheet) 200 https://cdnjs.cloudflare.com/ajax/libs/metro/4.1.5/css/metro.min.css","meta":{"rootId":"f1bqn0dbn99hagm","id":"f1bqn0dbn99hagm"},"id":"fmwv0tz9hhi5k3n","previousOperationId":"8z1p0qjq7veincn"}
{"type":"log","timestamp":1677019082453,"level":"warn","message":"Page error: SyntaxError: Unexpected token ','","meta":{"rootId":"f1bqn0dbn99hagm","id":"f1bqn0dbn99hagm"},"id":"i9w05bwfpdgc96x","previousOperationId":"8z1p0qjq7veincn"}
{"type":"log","timestamp":1677019082487,"level":"debug","message":"Running chrome with params {\"printBackground\":true,\"marginTop\":\"4cm\",\"marginRight\":\"1.5cm\",\"marginBottom\":\"1.5cm\",\"marginLeft\":\"1.5cm\",\"waitForJS\":false,\"timeout\":59701,\"margin\":{\"top\":\"4cm\",\"right\":\"1.5cm\",\"bottom\":\"1.5cm\",\"left\":\"1.5cm\"}}","meta":{"rootId":"f1bqn0dbn99hagm","id":"f1bqn0dbn99hagm"},"id":"9y1ubl4kokq54z6","previousOperationId":"8z1p0qjq7veincn"}
{"type":"operationEnd","operationId":"8z1p0qjq7veincn","timestamp":1677019082562,"id":"gff0pqdemwngnsa","previousEventId":"t729f3wk0mutme7","previousOperationId":"8z1p0qjq7veincn"}
{"type":"log","timestamp":1677019082562,"level":"info","message":"pdf-utils is starting pdf processing","meta":{"rootId":"f1bqn0dbn99hagm","id":"f1bqn0dbn99hagm"},"id":"m8ajoens46hrzty","previousOperationId":"8z1p0qjq7veincn"}
{"type":"operationStart","subtype":"pdfUtils","name":"pdf utils","timestamp":1677019082563,"id":"72xf7u97a1vv4ym","previousEventId":"gff0pqdemwngnsa","operationId":"6z78g7ybhz3gyid","previousOperationId":"8z1p0qjq7veincn"}
{"type":"log","timestamp":1677019082563,"level":"debug","message":"pdf-utils detected 1 pdf operation(s) to process","meta":{"rootId":"f1bqn0dbn99hagm","id":"f1bqn0dbn99hagm"},"id":"zwgkjsirenqdejc","previousOperationId":"6z78g7ybhz3gyid"}
{"type":"log","timestamp":1677019082590,"level":"debug","message":"pdf-utils running pdf operation merge","meta":{"rootId":"f1bqn0dbn99hagm","id":"f1bqn0dbn99hagm"},"id":"9zrle55oiyz0k1w","previousOperationId":"6z78g7ybhz3gyid"}
{"type":"operationStart","subtype":"pdfUtilsMerge","name":"pdf utils merge","previousOperationId":"6z78g7ybhz3gyid","timestamp":1677019082590,"id":"i6cp3xun38z7tml","previousEventId":"72xf7u97a1vv4ym","operationId":"d28h0pk4o54xabj"}
{"type":"operationStart","subtype":"render","name":"authors-header","previousOperationId":"d28h0pk4o54xabj","timestamp":1677019082591,"id":"7ga8afk7swpfanh","previousEventId":"i6cp3xun38z7tml","operationId":"al816gxjij67o7i"}
{"type":"log","timestamp":1677019082591,"level":"info","message":"Starting rendering (child) request","meta":{"rootId":"f1bqn0dbn99hagm","id":"imr9ehpkikzvaqo"},"id":"vdq58goxexa4p5k","previousOperationId":"al816gxjij67o7i"}
{"type":"log","timestamp":1677019082591,"level":"info","message":"Rendering template { name: authors-header, recipe: chrome-pdf, engine: handlebars, preview: true }","meta":{"rootId":"f1bqn0dbn99hagm","id":"imr9ehpkikzvaqo"},"id":"g49xwa1wsaod4xw","previousOperationId":"al816gxjij67o7i"}
{"type":"log","timestamp":1677019082598,"level":"debug","message":"Inline data specified.","meta":{"rootId":"f1bqn0dbn99hagm","id":"imr9ehpkikzvaqo"},"id":"85azg5mxr9gy05r","previousOperationId":"al816gxjij67o7i"}
{"type":"log","timestamp":1677019082600,"level":"debug","message":"Base url not specified, skipping its injection.","meta":{"rootId":"f1bqn0dbn99hagm","id":"imr9ehpkikzvaqo"},"id":"fe5339ipf5jrw1a","previousOperationId":"al816gxjij67o7i"}
{"type":"operationStart","subtype":"engine","name":"handlebars","timestamp":1677019082600,"id":"uwoj12hlgiz74au","previousEventId":"7ga8afk7swpfanh","operationId":"7il0e0sswb9mu03","previousOperationId":"al816gxjij67o7i"}
{"type":"log","timestamp":1677019082600,"level":"debug","message":"Rendering engine handlebars","meta":{"rootId":"f1bqn0dbn99hagm","id":"imr9ehpkikzvaqo"},"id":"pr0q3wc3pcxad9l","previousOperationId":"7il0e0sswb9mu03"}
{"type":"operationEnd","operationId":"7il0e0sswb9mu03","timestamp":1677019082613,"id":"uq3z0b31znag9ou","previousEventId":"uwoj12hlgiz74au","previousOperationId":"7il0e0sswb9mu03"}
{"type":"operationStart","subtype":"recipe","name":"chrome-pdf","timestamp":1677019082613,"id":"tb6jd8w2kqbu4du","previousEventId":"uq3z0b31znag9ou","operationId":"jjk3sjmh2to2p40","previousOperationId":"7il0e0sswb9mu03"}
{"type":"log","timestamp":1677019082613,"level":"debug","message":"Executing recipe chrome-pdf","meta":{"rootId":"f1bqn0dbn99hagm","id":"imr9ehpkikzvaqo"},"id":"l9owqyajc9cpquk","previousOperationId":"jjk3sjmh2to2p40"}
{"type":"log","timestamp":1677019082616,"level":"debug","message":"Converting with chrome HeadlessChrome/105.0.5173.0 using chrome-pool strategy","meta":{"rootId":"f1bqn0dbn99hagm","id":"imr9ehpkikzvaqo"},"id":"cqbfd524m97tjpa","previousOperationId":"jjk3sjmh2to2p40"}
{"type":"log","timestamp":1677019082729,"level":"debug","message":"Page request: GET (document) file:///C:/Users/pollo/AppData/Local/Temp/jsreport/autocleanup/901ccf5a-d12b-4582-90cb-e70366bd9d94-chrome-pdf.html","meta":{"rootId":"f1bqn0dbn99hagm","id":"imr9ehpkikzvaqo"},"id":"epn4ufz7pkopn71","previousOperationId":"jjk3sjmh2to2p40"}
{"type":"log","timestamp":1677019082747,"level":"debug","message":"Page request finished: GET (document) 200 file:///C:/Users/pollo/AppData/Local/Temp/jsreport/autocleanup/901ccf5a-d12b-4582-90cb-e70366bd9d94-chrome-pdf.html","meta":{"rootId":"f1bqn0dbn99hagm","id":"imr9ehpkikzvaqo"},"id":"apqxipkiv9aujnx","previousOperationId":"jjk3sjmh2to2p40"}
{"type":"log","timestamp":1677019082748,"level":"debug","message":"Page request: GET (stylesheet) https://cdnjs.cloudflare.com/ajax/libs/metro/4.1.5/css/metro.min.css","meta":{"rootId":"f1bqn0dbn99hagm","id":"imr9ehpkikzvaqo"},"id":"9vlumcvhufyemzl","previousOperationId":"jjk3sjmh2to2p40"}
{"type":"log","timestamp":1677019082772,"level":"debug","message":"Page request finished: GET (stylesheet) 200 https://cdnjs.cloudflare.com/ajax/libs/metro/4.1.5/css/metro.min.css","meta":{"rootId":"f1bqn0dbn99hagm","id":"imr9ehpkikzvaqo"},"id":"c0phjz761y0pv4p","previousOperationId":"jjk3sjmh2to2p40"}
{"type":"log","timestamp":1677019082794,"level":"debug","message":"Running chrome with params {\"printBackground\":true,\"marginTop\":\"1.5cm\",\"marginRight\":\"1.5cm\",\"marginLeft\":\"1.cm\",\"timeout\":59326,\"margin\":{\"top\":\"1.5cm\",\"right\":\"1.5cm\",\"left\":\"1.cm\"}}","meta":{"rootId":"f1bqn0dbn99hagm","id":"imr9ehpkikzvaqo"},"id":"ik2d3euo6q3w3nk","previousOperationId":"jjk3sjmh2to2p40"}
{"type":"operationEnd","operationId":"jjk3sjmh2to2p40","timestamp":1677019082853,"id":"o85stiyyx0kmo2e","previousEventId":"tb6jd8w2kqbu4du","previousOperationId":"jjk3sjmh2to2p40"}
{"type":"log","timestamp":1677019082853,"level":"debug","message":"Skipping storing report.","meta":{"rootId":"f1bqn0dbn99hagm","id":"imr9ehpkikzvaqo"},"id":"5h7ogeg8nrptrey","previousOperationId":"jjk3sjmh2to2p40"}
{"type":"log","timestamp":1677019082853,"level":"info","message":"Rendering (child) request finished in 912 ms","meta":{"rootId":"f1bqn0dbn99hagm","id":"imr9ehpkikzvaqo"},"id":"iormjzp94404b35","previousOperationId":"jjk3sjmh2to2p40"}
{"type":"operationEnd","subtype":"render","operationId":"al816gxjij67o7i","timestamp":1677019082853,"id":"jwxvgf6278z33nz","previousEventId":"o85stiyyx0kmo2e","previousOperationId":"jjk3sjmh2to2p40"}
{"type":"operationEnd","operationId":"d28h0pk4o54xabj","timestamp":1677019082861,"id":"xda1r7y2gki5ek8","previousEventId":"i6cp3xun38z7tml","previousOperationId":"d28h0pk4o54xabj"}
{"type":"log","timestamp":1677019082861,"level":"debug","message":"pdf-utils postproces start","meta":{"rootId":"f1bqn0dbn99hagm","id":"f1bqn0dbn99hagm"},"id":"vqul3tjdf4078wb","previousOperationId":"d28h0pk4o54xabj"}
{"type":"log","timestamp":1677019082867,"level":"debug","message":"pdf-utils postproces end","meta":{"rootId":"f1bqn0dbn99hagm","id":"f1bqn0dbn99hagm"},"id":"t7zpt4yse3m3j5e","previousOperationId":"d28h0pk4o54xabj"}
{"type":"operationEnd","operationId":"6z78g7ybhz3gyid","timestamp":1677019082867,"id":"x8mzzjcenz1pf01","previousEventId":"xda1r7y2gki5ek8","previousOperationId":"d28h0pk4o54xabj"}
{"type":"log","timestamp":1677019082868,"level":"info","message":"pdf-utils pdf processing was finished","meta":{"rootId":"f1bqn0dbn99hagm","id":"f1bqn0dbn99hagm"},"id":"1tj4ngkyp0ufm04","previousOperationId":"6z78g7ybhz3gyid"}
{"type":"log","timestamp":1677019082868,"level":"debug","message":"Skipping storing report.","meta":{"rootId":"f1bqn0dbn99hagm","id":"f1bqn0dbn99hagm"},"id":"ysfw475s9gdcrl3","previousOperationId":"6z78g7ybhz3gyid"}
{"type":"log","timestamp":1677019082868,"level":"info","message":"Rendering request 8 finished in 927 ms","meta":{"rootId":"f1bqn0dbn99hagm","id":"f1bqn0dbn99hagm"},"id":"gchpy2kllr6owm4","previousOperationId":"6z78g7ybhz3gyid"}
{"type":"operationEnd","subtype":"render","operationId":"n1tzr9cx3x0er85","timestamp":1677019082868,"id":"x7pb7wdt09bvcex","previousEventId":"x8mzzjcenz1pf01","previousOperationId":"6z78g7ybhz3gyid"}
{"type":"operationEnd","doDiffs":false,"previousEventId":"i73ufg914reuaxf","previousOperationId":"z9516y4ge36vvm8","operationId":"z9516y4ge36vvm8","timestamp":1677019082875,"id":"enkzra2hxwqeqch"}
