{"type":"operationStart","subtype":"profile","data":{"_id":"1ujfHZNdydxQhckF","timestamp":"2023-02-21T22:41:21.646Z","state":"queued","mode":"standard","creationDate":"2023-02-21T22:41:21.647Z","modificationDate":"2023-02-21T22:41:21.647Z","shortid":"u0BEqU4","$entitySet":"profiles"},"doDiffs":false,"timestamp":1677019281647,"id":"d6vg0oh4czdt0b2","previousOperationId":null,"operationId":"aq43r1k563f6sso"}
{"type":"log","level":"info","message":"Render request 13 queued for execution and waiting for available worker","previousOperationId":"aq43r1k563f6sso","timestamp":1677019281647,"id":"do83ks7r0auhf43"}
{"type":"operationStart","subtype":"render","name":"authors-main","previousOperationId":"aq43r1k563f6sso","timestamp":1677019281662,"id":"6uqermng8282amd","previousEventId":"d6vg0oh4czdt0b2","operationId":"zw4xx7swchzmodh"}
{"type":"log","timestamp":1677019281662,"level":"info","message":"Starting rendering request 13","meta":{"rootId":"is07j1xugqowwtx","id":"is07j1xugqowwtx"},"id":"7dlkga1s399nj9c","previousOperationId":"zw4xx7swchzmodh"}
{"type":"log","timestamp":1677019281663,"level":"info","message":"Rendering template { name: authors-main, recipe: chrome-pdf, engine: handlebars, preview: true }","meta":{"rootId":"is07j1xugqowwtx","id":"is07j1xugqowwtx"},"id":"zmgfpz17ocob5ko","previousOperationId":"zw4xx7swchzmodh"}
{"type":"log","timestamp":1677019281663,"level":"debug","message":"Data item not defined for this template.","meta":{"rootId":"is07j1xugqowwtx","id":"is07j1xugqowwtx"},"id":"kxx23b5hn7s7afq","previousOperationId":"zw4xx7swchzmodh"}
{"type":"log","timestamp":1677019281666,"level":"debug","message":"Executing script authors-script (beforeRender)","meta":{"rootId":"is07j1xugqowwtx","id":"is07j1xugqowwtx"},"id":"hud2e5q5vsgk19y","previousOperationId":"zw4xx7swchzmodh"}
{"type":"operationStart","subtype":"scriptsBeforeRender","name":"scripts beforeRender","timestamp":1677019281700,"id":"1olqud9vnj96isf","previousEventId":"6uqermng8282amd","operationId":"ulf1oagcis2tz90","previousOperationId":"zw4xx7swchzmodh"}
{"type":"operationStart","subtype":"script","name":"scripts authors-script","previousOperationId":"ulf1oagcis2tz90","timestamp":1677019281700,"id":"ro838djxi5xu7od","previousEventId":"1olqud9vnj96isf","operationId":"ld9xophz800meiw"}
{"type":"log","timestamp":1677019282000,"level":"debug","message":"(console:log) [ 0, 1 ]","meta":{"userLevel":true,"rootId":"is07j1xugqowwtx","id":"is07j1xugqowwtx"},"id":"pyaudvpls6fl22u","previousOperationId":"ld9xophz800meiw"}
{"type":"operationEnd","operationId":"ld9xophz800meiw","timestamp":1677019282000,"id":"mif4vjwlto2a5yn","previousEventId":"6uqermng8282amd","previousOperationId":"zw4xx7swchzmodh"}
{"type":"operationEnd","operationId":"ulf1oagcis2tz90","timestamp":1677019282000,"id":"3iopnehmmfqig87","previousEventId":"mif4vjwlto2a5yn","previousOperationId":"zw4xx7swchzmodh"}
{"type":"log","timestamp":1677019282000,"level":"debug","message":"Base url not specified, skipping its injection.","meta":{"rootId":"is07j1xugqowwtx","id":"is07j1xugqowwtx"},"id":"lv065m5ea5wj7zm","previousOperationId":"ulf1oagcis2tz90"}
{"type":"operationStart","subtype":"engine","name":"handlebars","timestamp":1677019282001,"id":"g75ro6g13twvez3","previousEventId":"3iopnehmmfqig87","operationId":"rygvcvy4aguja9r","previousOperationId":"ulf1oagcis2tz90"}
{"type":"log","timestamp":1677019282001,"level":"debug","message":"Rendering engine handlebars","meta":{"rootId":"is07j1xugqowwtx","id":"is07j1xugqowwtx"},"id":"arc1q4e2lhuh8z8","previousOperationId":"rygvcvy4aguja9r"}
{"type":"operationEnd","operationId":"rygvcvy4aguja9r","timestamp":1677019282013,"id":"qeydnzdxwrr5gbi","previousEventId":"g75ro6g13twvez3","previousOperationId":"rygvcvy4aguja9r"}
{"type":"operationStart","subtype":"recipe","name":"chrome-pdf","timestamp":1677019282013,"id":"95dkrvuifkk3zb8","previousEventId":"qeydnzdxwrr5gbi","operationId":"rvzpgi5hth1l2ed","previousOperationId":"rygvcvy4aguja9r"}
{"type":"log","timestamp":1677019282013,"level":"debug","message":"Executing recipe chrome-pdf","meta":{"rootId":"is07j1xugqowwtx","id":"is07j1xugqowwtx"},"id":"9b0c97r6ld5unni","previousOperationId":"rvzpgi5hth1l2ed"}
{"type":"log","timestamp":1677019282016,"level":"debug","message":"Converting with chrome HeadlessChrome/105.0.5173.0 using chrome-pool strategy","meta":{"rootId":"is07j1xugqowwtx","id":"is07j1xugqowwtx"},"id":"yacu4cm3es09bzu","previousOperationId":"rvzpgi5hth1l2ed"}
{"type":"log","timestamp":1677019282110,"level":"debug","message":"Page request: GET (document) file:///C:/Users/pollo/AppData/Local/Temp/jsreport/autocleanup/e144e546-76a6-428e-92ac-7aa1bf797a8e-chrome-pdf.html","meta":{"rootId":"is07j1xugqowwtx","id":"is07j1xugqowwtx"},"id":"i3wztazercmvjfv","previousOperationId":"rvzpgi5hth1l2ed"}
{"type":"log","timestamp":1677019282130,"level":"debug","message":"Page request finished: GET (document) 200 file:///C:/Users/pollo/AppData/Local/Temp/jsreport/autocleanup/e144e546-76a6-428e-92ac-7aa1bf797a8e-chrome-pdf.html","meta":{"rootId":"is07j1xugqowwtx","id":"is07j1xugqowwtx"},"id":"50htu3q5eby1mp6","previousOperationId":"rvzpgi5hth1l2ed"}
{"type":"log","timestamp":1677019282130,"level":"debug","message":"Page request: GET (stylesheet) https://cdnjs.cloudflare.com/ajax/libs/metro/4.1.5/css/metro.min.css","meta":{"rootId":"is07j1xugqowwtx","id":"is07j1xugqowwtx"},"id":"d09h6cskt1msyv0","previousOperationId":"rvzpgi5hth1l2ed"}
{"type":"log","timestamp":1677019282130,"level":"debug","message":"Page request: GET (script) https://cdn.jsdelivr.net/npm/chart.js","meta":{"rootId":"is07j1xugqowwtx","id":"is07j1xugqowwtx"},"id":"ol68hfvk1lq6ifq","previousOperationId":"rvzpgi5hth1l2ed"}
{"type":"log","timestamp":1677019282137,"level":"debug","message":"Page request finished: GET (script) 200 https://cdn.jsdelivr.net/npm/chart.js","meta":{"rootId":"is07j1xugqowwtx","id":"is07j1xugqowwtx"},"id":"rnyzmz5l0hz9sge","previousOperationId":"rvzpgi5hth1l2ed"}
{"type":"log","timestamp":1677019282154,"level":"debug","message":"Page request finished: GET (stylesheet) 200 https://cdnjs.cloudflare.com/ajax/libs/metro/4.1.5/css/metro.min.css","meta":{"rootId":"is07j1xugqowwtx","id":"is07j1xugqowwtx"},"id":"ec5od7gvxfm2tq2","previousOperationId":"rvzpgi5hth1l2ed"}
{"type":"log","timestamp":1677019282257,"level":"debug","message":"Running chrome with params {\"printBackground\":true,\"marginTop\":\"4cm\",\"marginRight\":\"1.5cm\",\"marginBottom\":\"1.5cm\",\"marginLeft\":\"1.5cm\",\"waitForJS\":false,\"timeout\":59630,\"margin\":{\"top\":\"4cm\",\"right\":\"1.5cm\",\"bottom\":\"1.5cm\",\"left\":\"1.5cm\"}}","meta":{"rootId":"is07j1xugqowwtx","id":"is07j1xugqowwtx"},"id":"p62ap1x40s0gb29","previousOperationId":"rvzpgi5hth1l2ed"}
{"type":"operationEnd","operationId":"rvzpgi5hth1l2ed","timestamp":1677019282342,"id":"2r7nmf4mdvvurqb","previousEventId":"95dkrvuifkk3zb8","previousOperationId":"rvzpgi5hth1l2ed"}
{"type":"log","timestamp":1677019282342,"level":"info","message":"pdf-utils is starting pdf processing","meta":{"rootId":"is07j1xugqowwtx","id":"is07j1xugqowwtx"},"id":"gh5u7uo3w8izz3x","previousOperationId":"rvzpgi5hth1l2ed"}
{"type":"operationStart","subtype":"pdfUtils","name":"pdf utils","timestamp":1677019282343,"id":"bn2whncgf7s34pa","previousEventId":"2r7nmf4mdvvurqb","operationId":"omqg1o59034lm8r","previousOperationId":"rvzpgi5hth1l2ed"}
{"type":"log","timestamp":1677019282343,"level":"debug","message":"pdf-utils detected 1 pdf operation(s) to process","meta":{"rootId":"is07j1xugqowwtx","id":"is07j1xugqowwtx"},"id":"b4v407k6138q85r","previousOperationId":"omqg1o59034lm8r"}
{"type":"log","timestamp":1677019282371,"level":"debug","message":"pdf-utils running pdf operation merge","meta":{"rootId":"is07j1xugqowwtx","id":"is07j1xugqowwtx"},"id":"zv6zg65dfvpfa4n","previousOperationId":"omqg1o59034lm8r"}
{"type":"operationStart","subtype":"pdfUtilsMerge","name":"pdf utils merge","previousOperationId":"omqg1o59034lm8r","timestamp":1677019282371,"id":"zsawobb67rkoifv","previousEventId":"bn2whncgf7s34pa","operationId":"xb33uilyrsae323"}
{"type":"operationStart","subtype":"render","name":"authors-header","previousOperationId":"xb33uilyrsae323","timestamp":1677019282372,"id":"gujq7lgem0jk08s","previousEventId":"zsawobb67rkoifv","operationId":"369qb60a2agoxxy"}
{"type":"log","timestamp":1677019282372,"level":"info","message":"Starting rendering (child) request","meta":{"rootId":"is07j1xugqowwtx","id":"a49f9av2lvpomna"},"id":"d1u7vzlkaezuqa3","previousOperationId":"369qb60a2agoxxy"}
{"type":"log","timestamp":1677019282372,"level":"info","message":"Rendering template { name: authors-header, recipe: chrome-pdf, engine: handlebars, preview: true }","meta":{"rootId":"is07j1xugqowwtx","id":"a49f9av2lvpomna"},"id":"65qalywiucnhjcj","previousOperationId":"369qb60a2agoxxy"}
{"type":"log","timestamp":1677019282372,"level":"debug","message":"Inline data specified.","meta":{"rootId":"is07j1xugqowwtx","id":"a49f9av2lvpomna"},"id":"kt08wexnzzai5oa","previousOperationId":"369qb60a2agoxxy"}
{"type":"log","timestamp":1677019282374,"level":"debug","message":"Base url not specified, skipping its injection.","meta":{"rootId":"is07j1xugqowwtx","id":"a49f9av2lvpomna"},"id":"9pki76e4jujkt2h","previousOperationId":"369qb60a2agoxxy"}
{"type":"operationStart","subtype":"engine","name":"handlebars","timestamp":1677019282374,"id":"787w9s9imjz0qek","previousEventId":"gujq7lgem0jk08s","operationId":"mk44vv61zxd33ak","previousOperationId":"369qb60a2agoxxy"}
{"type":"log","timestamp":1677019282374,"level":"debug","message":"Rendering engine handlebars","meta":{"rootId":"is07j1xugqowwtx","id":"a49f9av2lvpomna"},"id":"q312xhwitg53kf0","previousOperationId":"mk44vv61zxd33ak"}
{"type":"operationEnd","operationId":"mk44vv61zxd33ak","timestamp":1677019282388,"id":"h3z8wxbbwvtobt2","previousEventId":"787w9s9imjz0qek","previousOperationId":"mk44vv61zxd33ak"}
{"type":"operationStart","subtype":"recipe","name":"chrome-pdf","timestamp":1677019282388,"id":"y1kmdus4s7x4v3x","previousEventId":"h3z8wxbbwvtobt2","operationId":"3z9zj52lzz9ybvy","previousOperationId":"mk44vv61zxd33ak"}
{"type":"log","timestamp":1677019282388,"level":"debug","message":"Executing recipe chrome-pdf","meta":{"rootId":"is07j1xugqowwtx","id":"a49f9av2lvpomna"},"id":"zyj4j6ysnsk04fe","previousOperationId":"3z9zj52lzz9ybvy"}
{"type":"log","timestamp":1677019282390,"level":"debug","message":"Converting with chrome HeadlessChrome/105.0.5173.0 using chrome-pool strategy","meta":{"rootId":"is07j1xugqowwtx","id":"a49f9av2lvpomna"},"id":"xj6gbyzw3l223p0","previousOperationId":"3z9zj52lzz9ybvy"}
{"type":"log","timestamp":1677019282487,"level":"debug","message":"Page request: GET (document) file:///C:/Users/pollo/AppData/Local/Temp/jsreport/autocleanup/82b84352-d66b-4b55-9926-ee575bba67c1-chrome-pdf.html","meta":{"rootId":"is07j1xugqowwtx","id":"a49f9av2lvpomna"},"id":"u9zob2q0bdj10ah","previousOperationId":"3z9zj52lzz9ybvy"}
{"type":"log","timestamp":1677019282496,"level":"debug","message":"Page request finished: GET (document) 200 file:///C:/Users/pollo/AppData/Local/Temp/jsreport/autocleanup/82b84352-d66b-4b55-9926-ee575bba67c1-chrome-pdf.html","meta":{"rootId":"is07j1xugqowwtx","id":"a49f9av2lvpomna"},"id":"v9bxnvcl2jo3izc","previousOperationId":"3z9zj52lzz9ybvy"}
{"type":"log","timestamp":1677019282496,"level":"debug","message":"Page request: GET (stylesheet) https://cdnjs.cloudflare.com/ajax/libs/metro/4.1.5/css/metro.min.css","meta":{"rootId":"is07j1xugqowwtx","id":"a49f9av2lvpomna"},"id":"61dskw3b8clt4cm","previousOperationId":"3z9zj52lzz9ybvy"}
{"type":"log","timestamp":1677019282519,"level":"debug","message":"Page request finished: GET (stylesheet) 200 https://cdnjs.cloudflare.com/ajax/libs/metro/4.1.5/css/metro.min.css","meta":{"rootId":"is07j1xugqowwtx","id":"a49f9av2lvpomna"},"id":"lgxsx90oqh47dto","previousOperationId":"3z9zj52lzz9ybvy"}
{"type":"log","timestamp":1677019282540,"level":"debug","message":"Running chrome with params {\"printBackground\":true,\"marginTop\":\"1.5cm\",\"marginRight\":\"1.5cm\",\"marginLeft\":\"1.cm\",\"timeout\":59256,\"margin\":{\"top\":\"1.5cm\",\"right\":\"1.5cm\",\"left\":\"1.cm\"}}","meta":{"rootId":"is07j1xugqowwtx","id":"a49f9av2lvpomna"},"id":"5t93qif50izpvxw","previousOperationId":"3z9zj52lzz9ybvy"}
{"type":"operationEnd","operationId":"3z9zj52lzz9ybvy","timestamp":1677019282599,"id":"flgradmsckp70iq","previousEventId":"y1kmdus4s7x4v3x","previousOperationId":"3z9zj52lzz9ybvy"}
{"type":"log","timestamp":1677019282600,"level":"debug","message":"Skipping storing report.","meta":{"rootId":"is07j1xugqowwtx","id":"a49f9av2lvpomna"},"id":"vkxd6ai0gx1xt6y","previousOperationId":"3z9zj52lzz9ybvy"}
{"type":"log","timestamp":1677019282600,"level":"info","message":"Rendering (child) request finished in 955 ms","meta":{"rootId":"is07j1xugqowwtx","id":"a49f9av2lvpomna"},"id":"it6y0m0pbe6alzh","previousOperationId":"3z9zj52lzz9ybvy"}
{"type":"operationEnd","subtype":"render","operationId":"369qb60a2agoxxy","timestamp":1677019282600,"id":"v2lbdhuymy2t0ma","previousEventId":"flgradmsckp70iq","previousOperationId":"3z9zj52lzz9ybvy"}
{"type":"operationEnd","operationId":"xb33uilyrsae323","timestamp":1677019282610,"id":"iirsltrq2qjwmp9","previousEventId":"zsawobb67rkoifv","previousOperationId":"xb33uilyrsae323"}
{"type":"log","timestamp":1677019282610,"level":"debug","message":"pdf-utils postproces start","meta":{"rootId":"is07j1xugqowwtx","id":"is07j1xugqowwtx"},"id":"oj5f7ltdapkiudr","previousOperationId":"xb33uilyrsae323"}
{"type":"log","timestamp":1677019282618,"level":"debug","message":"pdf-utils postproces end","meta":{"rootId":"is07j1xugqowwtx","id":"is07j1xugqowwtx"},"id":"8xskbb2godv6o9o","previousOperationId":"xb33uilyrsae323"}
{"type":"operationEnd","operationId":"omqg1o59034lm8r","timestamp":1677019282618,"id":"pjlg4mluc37h23k","previousEventId":"iirsltrq2qjwmp9","previousOperationId":"xb33uilyrsae323"}
{"type":"log","timestamp":1677019282618,"level":"info","message":"pdf-utils pdf processing was finished","meta":{"rootId":"is07j1xugqowwtx","id":"is07j1xugqowwtx"},"id":"9lblpc9c0hs87jk","previousOperationId":"omqg1o59034lm8r"}
{"type":"log","timestamp":1677019282618,"level":"debug","message":"Skipping storing report.","meta":{"rootId":"is07j1xugqowwtx","id":"is07j1xugqowwtx"},"id":"9lruespcjimt6b2","previousOperationId":"omqg1o59034lm8r"}
{"type":"log","timestamp":1677019282618,"level":"info","message":"Rendering request 13 finished in 973 ms","meta":{"rootId":"is07j1xugqowwtx","id":"is07j1xugqowwtx"},"id":"2nebg8rm0zey99u","previousOperationId":"omqg1o59034lm8r"}
{"type":"operationEnd","subtype":"render","operationId":"zw4xx7swchzmodh","timestamp":1677019282618,"id":"pqihg4g2dyavaax","previousEventId":"pjlg4mluc37h23k","previousOperationId":"omqg1o59034lm8r"}
{"type":"operationEnd","doDiffs":false,"previousEventId":"d6vg0oh4czdt0b2","previousOperationId":"aq43r1k563f6sso","operationId":"aq43r1k563f6sso","timestamp":1677019282628,"id":"lr49pzspzywqhxf"}
