{"type":"operationStart","subtype":"profile","data":{"_id":"ItBNg4rDlw4gq96b","timestamp":"2023-02-21T22:48:44.964Z","state":"queued","mode":"standard","creationDate":"2023-02-21T22:48:44.966Z","modificationDate":"2023-02-21T22:48:44.966Z","shortid":"3OvS9yK","$entitySet":"profiles"},"doDiffs":false,"timestamp":1677019724965,"id":"p7bkvhi4t05v4pc","previousOperationId":null,"operationId":"k2s2d0dyf9aamf6"}
{"type":"log","level":"info","message":"Render request 25 queued for execution and waiting for available worker","previousOperationId":"k2s2d0dyf9aamf6","timestamp":1677019724965,"id":"sowupc12yljaurm"}
{"type":"operationStart","subtype":"render","name":"authors-main","previousOperationId":"k2s2d0dyf9aamf6","timestamp":1677019724976,"id":"pwh3e2iyeba02zg","previousEventId":"p7bkvhi4t05v4pc","operationId":"juuhfm79njmyff9"}
{"type":"log","timestamp":1677019724976,"level":"info","message":"Starting rendering request 25","meta":{"rootId":"mcr1yijzf71yzqy","id":"mcr1yijzf71yzqy"},"id":"0r8sfa5k1guscc4","previousOperationId":"juuhfm79njmyff9"}
{"type":"log","timestamp":1677019724977,"level":"info","message":"Rendering template { name: authors-main, recipe: chrome-pdf, engine: handlebars, preview: true }","meta":{"rootId":"mcr1yijzf71yzqy","id":"mcr1yijzf71yzqy"},"id":"yp3xtk4tjvxclm4","previousOperationId":"juuhfm79njmyff9"}
{"type":"log","timestamp":1677019724977,"level":"debug","message":"Data item not defined for this template.","meta":{"rootId":"mcr1yijzf71yzqy","id":"mcr1yijzf71yzqy"},"id":"c1sv65voxf85xpb","previousOperationId":"juuhfm79njmyff9"}
{"type":"log","timestamp":1677019724979,"level":"debug","message":"Executing script authors-script (beforeRender)","meta":{"rootId":"mcr1yijzf71yzqy","id":"mcr1yijzf71yzqy"},"id":"r9x7z7posrx9kwb","previousOperationId":"juuhfm79njmyff9"}
{"type":"operationStart","subtype":"scriptsBeforeRender","name":"scripts beforeRender","timestamp":1677019725009,"id":"519rovd87pauku4","previousEventId":"pwh3e2iyeba02zg","operationId":"qgza9seoeu3vg87","previousOperationId":"juuhfm79njmyff9"}
{"type":"operationStart","subtype":"script","name":"scripts authors-script","previousOperationId":"qgza9seoeu3vg87","timestamp":1677019725009,"id":"unxruyevvoz5qnd","previousEventId":"519rovd87pauku4","operationId":"0lbv0z338pztkcp"}
{"type":"log","timestamp":1677019725244,"level":"debug","message":"(console:log) [ 0, 1 ]","meta":{"userLevel":true,"rootId":"mcr1yijzf71yzqy","id":"mcr1yijzf71yzqy"},"id":"m3z91u4efpvbxkk","previousOperationId":"0lbv0z338pztkcp"}
{"type":"operationEnd","operationId":"0lbv0z338pztkcp","timestamp":1677019725244,"id":"f4ee60nq0kp967o","previousEventId":"pwh3e2iyeba02zg","previousOperationId":"juuhfm79njmyff9"}
{"type":"operationEnd","operationId":"qgza9seoeu3vg87","timestamp":1677019725244,"id":"co4bnn74x0x622x","previousEventId":"f4ee60nq0kp967o","previousOperationId":"juuhfm79njmyff9"}
{"type":"log","timestamp":1677019725244,"level":"debug","message":"Base url not specified, skipping its injection.","meta":{"rootId":"mcr1yijzf71yzqy","id":"mcr1yijzf71yzqy"},"id":"pab7pdkgl32qpor","previousOperationId":"qgza9seoeu3vg87"}
{"type":"operationStart","subtype":"engine","name":"handlebars","timestamp":1677019725244,"id":"ckrs7bdxig9ml4t","previousEventId":"co4bnn74x0x622x","operationId":"kuimslaba9yucg4","previousOperationId":"qgza9seoeu3vg87"}
{"type":"log","timestamp":1677019725244,"level":"debug","message":"Rendering engine handlebars","meta":{"rootId":"mcr1yijzf71yzqy","id":"mcr1yijzf71yzqy"},"id":"ssxu60zmd1vezzo","previousOperationId":"kuimslaba9yucg4"}
{"type":"operationEnd","operationId":"kuimslaba9yucg4","timestamp":1677019725258,"id":"gy1njwh2v9mkgn0","previousEventId":"ckrs7bdxig9ml4t","previousOperationId":"kuimslaba9yucg4"}
{"type":"operationStart","subtype":"recipe","name":"chrome-pdf","timestamp":1677019725259,"id":"l2n6kni6hv33qo3","previousEventId":"gy1njwh2v9mkgn0","operationId":"853q3jjcgw7xas0","previousOperationId":"kuimslaba9yucg4"}
{"type":"log","timestamp":1677019725259,"level":"debug","message":"Executing recipe chrome-pdf","meta":{"rootId":"mcr1yijzf71yzqy","id":"mcr1yijzf71yzqy"},"id":"0qgkdc8ofy8eud5","previousOperationId":"853q3jjcgw7xas0"}
{"type":"log","timestamp":1677019725262,"level":"debug","message":"Converting with chrome HeadlessChrome/105.0.5173.0 using chrome-pool strategy","meta":{"rootId":"mcr1yijzf71yzqy","id":"mcr1yijzf71yzqy"},"id":"pn180z01duw06zp","previousOperationId":"853q3jjcgw7xas0"}
{"type":"log","timestamp":1677019725373,"level":"debug","message":"Page request: GET (document) file:///C:/Users/pollo/AppData/Local/Temp/jsreport/autocleanup/887bc196-e744-4880-ac0a-3861c80f00a3-chrome-pdf.html","meta":{"rootId":"mcr1yijzf71yzqy","id":"mcr1yijzf71yzqy"},"id":"ctdujm552zqp3ae","previousOperationId":"853q3jjcgw7xas0"}
{"type":"log","timestamp":1677019725396,"level":"debug","message":"Page request finished: GET (document) 200 file:///C:/Users/pollo/AppData/Local/Temp/jsreport/autocleanup/887bc196-e744-4880-ac0a-3861c80f00a3-chrome-pdf.html","meta":{"rootId":"mcr1yijzf71yzqy","id":"mcr1yijzf71yzqy"},"id":"scugeu0xet4k6q9","previousOperationId":"853q3jjcgw7xas0"}
{"type":"log","timestamp":1677019725396,"level":"debug","message":"Page request: GET (stylesheet) https://cdnjs.cloudflare.com/ajax/libs/metro/4.1.5/css/metro.min.css","meta":{"rootId":"mcr1yijzf71yzqy","id":"mcr1yijzf71yzqy"},"id":"tppnz8d19vejovk","previousOperationId":"853q3jjcgw7xas0"}
{"type":"log","timestamp":1677019725396,"level":"debug","message":"Page request: GET (script) https://cdn.jsdelivr.net/npm/chart.js","meta":{"rootId":"mcr1yijzf71yzqy","id":"mcr1yijzf71yzqy"},"id":"287xfm0b8a4v1bn","previousOperationId":"853q3jjcgw7xas0"}
{"type":"log","timestamp":1677019725404,"level":"debug","message":"Page request finished: GET (script) 200 https://cdn.jsdelivr.net/npm/chart.js","meta":{"rootId":"mcr1yijzf71yzqy","id":"mcr1yijzf71yzqy"},"id":"2xwsqe6x69ktffk","previousOperationId":"853q3jjcgw7xas0"}
{"type":"log","timestamp":1677019725422,"level":"debug","message":"Page request finished: GET (stylesheet) 200 https://cdnjs.cloudflare.com/ajax/libs/metro/4.1.5/css/metro.min.css","meta":{"rootId":"mcr1yijzf71yzqy","id":"mcr1yijzf71yzqy"},"id":"1m9sxqgwkmbhak4","previousOperationId":"853q3jjcgw7xas0"}
{"type":"log","timestamp":1677019725531,"level":"debug","message":"Running chrome with params {\"printBackground\":true,\"marginTop\":\"4cm\",\"marginRight\":\"1.5cm\",\"marginBottom\":\"1.5cm\",\"marginLeft\":\"1.5cm\",\"waitForJS\":false,\"timeout\":59703,\"margin\":{\"top\":\"4cm\",\"right\":\"1.5cm\",\"bottom\":\"1.5cm\",\"left\":\"1.5cm\"}}","meta":{"rootId":"mcr1yijzf71yzqy","id":"mcr1yijzf71yzqy"},"id":"h5lxbty0az5ury4","previousOperationId":"853q3jjcgw7xas0"}
{"type":"operationEnd","operationId":"853q3jjcgw7xas0","timestamp":1677019725630,"id":"qpchg9nnihiur63","previousEventId":"l2n6kni6hv33qo3","previousOperationId":"853q3jjcgw7xas0"}
{"type":"log","timestamp":1677019725630,"level":"info","message":"pdf-utils is starting pdf processing","meta":{"rootId":"mcr1yijzf71yzqy","id":"mcr1yijzf71yzqy"},"id":"j6d5r4q1n4etj3l","previousOperationId":"853q3jjcgw7xas0"}
{"type":"operationStart","subtype":"pdfUtils","name":"pdf utils","timestamp":1677019725631,"id":"9b6byhcg5wz5jw6","previousEventId":"qpchg9nnihiur63","operationId":"gngtv153ywdnv9z","previousOperationId":"853q3jjcgw7xas0"}
{"type":"log","timestamp":1677019725631,"level":"debug","message":"pdf-utils detected 1 pdf operation(s) to process","meta":{"rootId":"mcr1yijzf71yzqy","id":"mcr1yijzf71yzqy"},"id":"kwq82h50ua4mvzt","previousOperationId":"gngtv153ywdnv9z"}
{"type":"log","timestamp":1677019725653,"level":"debug","message":"pdf-utils running pdf operation merge","meta":{"rootId":"mcr1yijzf71yzqy","id":"mcr1yijzf71yzqy"},"id":"sjhhvwoya9chqcq","previousOperationId":"gngtv153ywdnv9z"}
{"type":"operationStart","subtype":"pdfUtilsMerge","name":"pdf utils merge","previousOperationId":"gngtv153ywdnv9z","timestamp":1677019725653,"id":"y7bw7g0s9p78eod","previousEventId":"9b6byhcg5wz5jw6","operationId":"xcf06vvm1oprtha"}
{"type":"operationStart","subtype":"render","name":"authors-header","previousOperationId":"xcf06vvm1oprtha","timestamp":1677019725655,"id":"ysnh6ts5dwscxim","previousEventId":"y7bw7g0s9p78eod","operationId":"divs8dmmijskwo4"}
{"type":"log","timestamp":1677019725655,"level":"info","message":"Starting rendering (child) request","meta":{"rootId":"mcr1yijzf71yzqy","id":"5zpuij56mkud34x"},"id":"wroaiv7el6mcstz","previousOperationId":"divs8dmmijskwo4"}
{"type":"log","timestamp":1677019725655,"level":"info","message":"Rendering template { name: authors-header, recipe: chrome-pdf, engine: handlebars, preview: true }","meta":{"rootId":"mcr1yijzf71yzqy","id":"5zpuij56mkud34x"},"id":"5rganrnq3swd3cn","previousOperationId":"divs8dmmijskwo4"}
{"type":"log","timestamp":1677019725655,"level":"debug","message":"Inline data specified.","meta":{"rootId":"mcr1yijzf71yzqy","id":"5zpuij56mkud34x"},"id":"jm5hxpki76cl3ch","previousOperationId":"divs8dmmijskwo4"}
{"type":"log","timestamp":1677019725657,"level":"debug","message":"Base url not specified, skipping its injection.","meta":{"rootId":"mcr1yijzf71yzqy","id":"5zpuij56mkud34x"},"id":"2uoq0tjglmj7d8w","previousOperationId":"divs8dmmijskwo4"}
{"type":"operationStart","subtype":"engine","name":"handlebars","timestamp":1677019725657,"id":"2xbf8doxp52fyma","previousEventId":"ysnh6ts5dwscxim","operationId":"0mvbyiw2xpc5t0o","previousOperationId":"divs8dmmijskwo4"}
{"type":"log","timestamp":1677019725657,"level":"debug","message":"Rendering engine handlebars","meta":{"rootId":"mcr1yijzf71yzqy","id":"5zpuij56mkud34x"},"id":"aso7y638bus84me","previousOperationId":"0mvbyiw2xpc5t0o"}
{"type":"operationEnd","operationId":"0mvbyiw2xpc5t0o","timestamp":1677019725678,"id":"3osbt2guizglvv2","previousEventId":"2xbf8doxp52fyma","previousOperationId":"0mvbyiw2xpc5t0o"}
{"type":"operationStart","subtype":"recipe","name":"chrome-pdf","timestamp":1677019725679,"id":"gpesl6scghirr01","previousEventId":"3osbt2guizglvv2","operationId":"94svzghqec9aad8","previousOperationId":"0mvbyiw2xpc5t0o"}
{"type":"log","timestamp":1677019725679,"level":"debug","message":"Executing recipe chrome-pdf","meta":{"rootId":"mcr1yijzf71yzqy","id":"5zpuij56mkud34x"},"id":"q74689ah76okkan","previousOperationId":"94svzghqec9aad8"}
{"type":"log","timestamp":1677019725682,"level":"debug","message":"Converting with chrome HeadlessChrome/105.0.5173.0 using chrome-pool strategy","meta":{"rootId":"mcr1yijzf71yzqy","id":"5zpuij56mkud34x"},"id":"k9guz0b8wmbou6y","previousOperationId":"94svzghqec9aad8"}
{"type":"log","timestamp":1677019725790,"level":"debug","message":"Page request: GET (document) file:///C:/Users/pollo/AppData/Local/Temp/jsreport/autocleanup/ab674872-e0c1-477c-befa-d5b7de23b026-chrome-pdf.html","meta":{"rootId":"mcr1yijzf71yzqy","id":"5zpuij56mkud34x"},"id":"6km8de3wuyandhs","previousOperationId":"94svzghqec9aad8"}
{"type":"log","timestamp":1677019725803,"level":"debug","message":"Page request: GET (stylesheet) https://cdnjs.cloudflare.com/ajax/libs/metro/4.1.5/css/metro.min.css","meta":{"rootId":"mcr1yijzf71yzqy","id":"5zpuij56mkud34x"},"id":"vnyhxnakexv2q2q","previousOperationId":"94svzghqec9aad8"}
{"type":"log","timestamp":1677019725803,"level":"debug","message":"Page request finished: GET (document) 200 file:///C:/Users/pollo/AppData/Local/Temp/jsreport/autocleanup/ab674872-e0c1-477c-befa-d5b7de23b026-chrome-pdf.html","meta":{"rootId":"mcr1yijzf71yzqy","id":"5zpuij56mkud34x"},"id":"lghma8513vl0ula","previousOperationId":"94svzghqec9aad8"}
{"type":"log","timestamp":1677019725826,"level":"debug","message":"Page request finished: GET (stylesheet) 200 https://cdnjs.cloudflare.com/ajax/libs/metro/4.1.5/css/metro.min.css","meta":{"rootId":"mcr1yijzf71yzqy","id":"5zpuij56mkud34x"},"id":"ilfxkg1cpcztn3h","previousOperationId":"94svzghqec9aad8"}
{"type":"log","timestamp":1677019725848,"level":"debug","message":"Running chrome with params {\"printBackground\":true,\"marginTop\":\"1.5cm\",\"marginRight\":\"1.5cm\",\"marginLeft\":\"1.cm\",\"timeout\":59283,\"margin\":{\"top\":\"1.5cm\",\"right\":\"1.5cm\",\"left\":\"1.cm\"}}","meta":{"rootId":"mcr1yijzf71yzqy","id":"5zpuij56mkud34x"},"id":"1edx48jdufnddod","previousOperationId":"94svzghqec9aad8"}
{"type":"operationEnd","operationId":"94svzghqec9aad8","timestamp":1677019725905,"id":"1sc7bg2xw2cqc5z","previousEventId":"gpesl6scghirr01","previousOperationId":"94svzghqec9aad8"}
{"type":"log","timestamp":1677019725905,"level":"debug","message":"Skipping storing report.","meta":{"rootId":"mcr1yijzf71yzqy","id":"5zpuij56mkud34x"},"id":"b4paggyp5x7e1bc","previousOperationId":"94svzghqec9aad8"}
{"type":"log","timestamp":1677019725906,"level":"info","message":"Rendering (child) request finished in 942 ms","meta":{"rootId":"mcr1yijzf71yzqy","id":"5zpuij56mkud34x"},"id":"d8jlmellykwewba","previousOperationId":"94svzghqec9aad8"}
{"type":"operationEnd","subtype":"render","operationId":"divs8dmmijskwo4","timestamp":1677019725906,"id":"o3ivgpvxy87oev0","previousEventId":"1sc7bg2xw2cqc5z","previousOperationId":"94svzghqec9aad8"}
{"type":"operationEnd","operationId":"xcf06vvm1oprtha","timestamp":1677019725915,"id":"bz3z6ph14vv33gt","previousEventId":"y7bw7g0s9p78eod","previousOperationId":"xcf06vvm1oprtha"}
{"type":"log","timestamp":1677019725915,"level":"debug","message":"pdf-utils postproces start","meta":{"rootId":"mcr1yijzf71yzqy","id":"mcr1yijzf71yzqy"},"id":"bm2lpa0ox101fhq","previousOperationId":"xcf06vvm1oprtha"}
{"type":"log","timestamp":1677019725923,"level":"debug","message":"pdf-utils postproces end","meta":{"rootId":"mcr1yijzf71yzqy","id":"mcr1yijzf71yzqy"},"id":"cuw8o0ipeku2uhz","previousOperationId":"xcf06vvm1oprtha"}
{"type":"operationEnd","operationId":"gngtv153ywdnv9z","timestamp":1677019725923,"id":"ti4tqvx6reyrprz","previousEventId":"bz3z6ph14vv33gt","previousOperationId":"xcf06vvm1oprtha"}
{"type":"log","timestamp":1677019725923,"level":"info","message":"pdf-utils pdf processing was finished","meta":{"rootId":"mcr1yijzf71yzqy","id":"mcr1yijzf71yzqy"},"id":"9sc61kunt58o4j7","previousOperationId":"gngtv153ywdnv9z"}
{"type":"log","timestamp":1677019725923,"level":"debug","message":"Skipping storing report.","meta":{"rootId":"mcr1yijzf71yzqy","id":"mcr1yijzf71yzqy"},"id":"xc3jwkazm0u7t89","previousOperationId":"gngtv153ywdnv9z"}
{"type":"log","timestamp":1677019725924,"level":"info","message":"Rendering request 25 finished in 960 ms","meta":{"rootId":"mcr1yijzf71yzqy","id":"mcr1yijzf71yzqy"},"id":"t7iw0uojedixs3r","previousOperationId":"gngtv153ywdnv9z"}
{"type":"operationEnd","subtype":"render","operationId":"juuhfm79njmyff9","timestamp":1677019725924,"id":"qokfm39ri3ys5oe","previousEventId":"ti4tqvx6reyrprz","previousOperationId":"gngtv153ywdnv9z"}
{"type":"operationEnd","doDiffs":false,"previousEventId":"p7bkvhi4t05v4pc","previousOperationId":"k2s2d0dyf9aamf6","operationId":"k2s2d0dyf9aamf6","timestamp":1677019725930,"id":"aiud2kxofnwvxph"}
