{"type":"operationStart","subtype":"profile","data":{"_id":"Lwqq2KejPAvpUBif","timestamp":"2023-02-21T22:43:57.758Z","state":"queued","mode":"standard","creationDate":"2023-02-21T22:43:57.760Z","modificationDate":"2023-02-21T22:43:57.760Z","shortid":"IriP1s2","$entitySet":"profiles"},"doDiffs":false,"timestamp":1677019437759,"id":"qxbj5ux79de506b","previousOperationId":null,"operationId":"xw8mx1nujggyutf"}
{"type":"log","level":"info","message":"Render request 15 queued for execution and waiting for available worker","previousOperationId":"xw8mx1nujggyutf","timestamp":1677019437760,"id":"ngdei32pssn331z"}
{"type":"operationStart","subtype":"render","name":"authors-main","previousOperationId":"xw8mx1nujggyutf","timestamp":1677019437770,"id":"wg3zklqmfsah7kf","previousEventId":"qxbj5ux79de506b","operationId":"v5domstgqqe903f"}
{"type":"log","timestamp":1677019437770,"level":"info","message":"Starting rendering request 15","meta":{"rootId":"msf5w1ko5zeiuks","id":"msf5w1ko5zeiuks"},"id":"1fu3685a9euq8ah","previousOperationId":"v5domstgqqe903f"}
{"type":"log","timestamp":1677019437771,"level":"info","message":"Rendering template { name: authors-main, recipe: chrome-pdf, engine: handlebars, preview: true }","meta":{"rootId":"msf5w1ko5zeiuks","id":"msf5w1ko5zeiuks"},"id":"uythzaqo4qngbs8","previousOperationId":"v5domstgqqe903f"}
{"type":"log","timestamp":1677019437771,"level":"debug","message":"Data item not defined for this template.","meta":{"rootId":"msf5w1ko5zeiuks","id":"msf5w1ko5zeiuks"},"id":"cy4ftg5v1rvvyxn","previousOperationId":"v5domstgqqe903f"}
{"type":"log","timestamp":1677019437773,"level":"debug","message":"Executing script authors-script (beforeRender)","meta":{"rootId":"msf5w1ko5zeiuks","id":"msf5w1ko5zeiuks"},"id":"1uuzqm45et4gezf","previousOperationId":"v5domstgqqe903f"}
{"type":"operationStart","subtype":"scriptsBeforeRender","name":"scripts beforeRender","timestamp":1677019437803,"id":"u8gowvtrdzyuk13","previousEventId":"wg3zklqmfsah7kf","operationId":"q6zg7lnvgp3opbt","previousOperationId":"v5domstgqqe903f"}
{"type":"operationStart","subtype":"script","name":"scripts authors-script","previousOperationId":"q6zg7lnvgp3opbt","timestamp":1677019437803,"id":"q6avl57chz390cc","previousEventId":"u8gowvtrdzyuk13","operationId":"i1292q8brtp2vvb"}
{"type":"log","timestamp":1677019438102,"level":"debug","message":"(console:log) [ 0, 1 ]","meta":{"userLevel":true,"rootId":"msf5w1ko5zeiuks","id":"msf5w1ko5zeiuks"},"id":"5nq779g9udlnfpt","previousOperationId":"i1292q8brtp2vvb"}
{"type":"operationEnd","operationId":"i1292q8brtp2vvb","timestamp":1677019438103,"id":"d9e1tm4v3hxxndd","previousEventId":"wg3zklqmfsah7kf","previousOperationId":"v5domstgqqe903f"}
{"type":"operationEnd","operationId":"q6zg7lnvgp3opbt","timestamp":1677019438103,"id":"i82alzmdy7cl7jv","previousEventId":"d9e1tm4v3hxxndd","previousOperationId":"v5domstgqqe903f"}
{"type":"log","timestamp":1677019438103,"level":"debug","message":"Base url not specified, skipping its injection.","meta":{"rootId":"msf5w1ko5zeiuks","id":"msf5w1ko5zeiuks"},"id":"lrb3j713ezd50sw","previousOperationId":"q6zg7lnvgp3opbt"}
{"type":"operationStart","subtype":"engine","name":"handlebars","timestamp":1677019438103,"id":"bj2i3uhqes0nhkh","previousEventId":"i82alzmdy7cl7jv","operationId":"ev0befp12xcb7im","previousOperationId":"q6zg7lnvgp3opbt"}
{"type":"log","timestamp":1677019438103,"level":"debug","message":"Rendering engine handlebars","meta":{"rootId":"msf5w1ko5zeiuks","id":"msf5w1ko5zeiuks"},"id":"zwu31sv4njeqq56","previousOperationId":"ev0befp12xcb7im"}
{"type":"operationEnd","operationId":"ev0befp12xcb7im","timestamp":1677019438136,"id":"j1e7v7ag56tohy3","previousEventId":"bj2i3uhqes0nhkh","previousOperationId":"ev0befp12xcb7im"}
{"type":"operationStart","subtype":"recipe","name":"chrome-pdf","timestamp":1677019438137,"id":"b6mjanbbdt1vfsy","previousEventId":"j1e7v7ag56tohy3","operationId":"3s3b421fsuz7eg6","previousOperationId":"ev0befp12xcb7im"}
{"type":"log","timestamp":1677019438137,"level":"debug","message":"Executing recipe chrome-pdf","meta":{"rootId":"msf5w1ko5zeiuks","id":"msf5w1ko5zeiuks"},"id":"wqr1amgzt0wvfp1","previousOperationId":"3s3b421fsuz7eg6"}
{"type":"log","timestamp":1677019438139,"level":"debug","message":"Converting with chrome HeadlessChrome/105.0.5173.0 using chrome-pool strategy","meta":{"rootId":"msf5w1ko5zeiuks","id":"msf5w1ko5zeiuks"},"id":"94q1kpc0n06twny","previousOperationId":"3s3b421fsuz7eg6"}
{"type":"log","timestamp":1677019438245,"level":"debug","message":"Page request: GET (document) file:///C:/Users/pollo/AppData/Local/Temp/jsreport/autocleanup/7e1d8a05-8aeb-4077-ab69-21d0b551e22d-chrome-pdf.html","meta":{"rootId":"msf5w1ko5zeiuks","id":"msf5w1ko5zeiuks"},"id":"wlnomnv79mbb82b","previousOperationId":"3s3b421fsuz7eg6"}
{"type":"log","timestamp":1677019438270,"level":"debug","message":"Page request finished: GET (document) 200 file:///C:/Users/pollo/AppData/Local/Temp/jsreport/autocleanup/7e1d8a05-8aeb-4077-ab69-21d0b551e22d-chrome-pdf.html","meta":{"rootId":"msf5w1ko5zeiuks","id":"msf5w1ko5zeiuks"},"id":"6j5zn5idex54op4","previousOperationId":"3s3b421fsuz7eg6"}
{"type":"log","timestamp":1677019438270,"level":"debug","message":"Page request: GET (stylesheet) https://cdnjs.cloudflare.com/ajax/libs/metro/4.1.5/css/metro.min.css","meta":{"rootId":"msf5w1ko5zeiuks","id":"msf5w1ko5zeiuks"},"id":"wwmt99nyfk93bv6","previousOperationId":"3s3b421fsuz7eg6"}
{"type":"log","timestamp":1677019438270,"level":"debug","message":"Page request: GET (script) https://cdn.jsdelivr.net/npm/chart.js","meta":{"rootId":"msf5w1ko5zeiuks","id":"msf5w1ko5zeiuks"},"id":"j17ojv1amt88zcl","previousOperationId":"3s3b421fsuz7eg6"}
{"type":"log","timestamp":1677019438277,"level":"debug","message":"Page request finished: GET (script) 200 https://cdn.jsdelivr.net/npm/chart.js","meta":{"rootId":"msf5w1ko5zeiuks","id":"msf5w1ko5zeiuks"},"id":"lug9c76hyi229wk","previousOperationId":"3s3b421fsuz7eg6"}
{"type":"log","timestamp":1677019438294,"level":"debug","message":"Page request finished: GET (stylesheet) 200 https://cdnjs.cloudflare.com/ajax/libs/metro/4.1.5/css/metro.min.css","meta":{"rootId":"msf5w1ko5zeiuks","id":"msf5w1ko5zeiuks"},"id":"ntuivmnvd6dm2ir","previousOperationId":"3s3b421fsuz7eg6"}
{"type":"log","timestamp":1677019438406,"level":"debug","message":"Running chrome with params {\"printBackground\":true,\"marginTop\":\"4cm\",\"marginRight\":\"1.5cm\",\"marginBottom\":\"1.5cm\",\"marginLeft\":\"1.5cm\",\"waitForJS\":false,\"timeout\":59620,\"margin\":{\"top\":\"4cm\",\"right\":\"1.5cm\",\"bottom\":\"1.5cm\",\"left\":\"1.5cm\"}}","meta":{"rootId":"msf5w1ko5zeiuks","id":"msf5w1ko5zeiuks"},"id":"rglps5prw7ogaz0","previousOperationId":"3s3b421fsuz7eg6"}
{"type":"operationEnd","operationId":"3s3b421fsuz7eg6","timestamp":1677019438512,"id":"tg5ugxv76vautrn","previousEventId":"b6mjanbbdt1vfsy","previousOperationId":"3s3b421fsuz7eg6"}
{"type":"log","timestamp":1677019438512,"level":"info","message":"pdf-utils is starting pdf processing","meta":{"rootId":"msf5w1ko5zeiuks","id":"msf5w1ko5zeiuks"},"id":"apfsh4axdy989wl","previousOperationId":"3s3b421fsuz7eg6"}
{"type":"operationStart","subtype":"pdfUtils","name":"pdf utils","timestamp":1677019438512,"id":"xn8ct84uco60hq5","previousEventId":"tg5ugxv76vautrn","operationId":"9wykggln2hmfjeo","previousOperationId":"3s3b421fsuz7eg6"}
{"type":"log","timestamp":1677019438512,"level":"debug","message":"pdf-utils detected 1 pdf operation(s) to process","meta":{"rootId":"msf5w1ko5zeiuks","id":"msf5w1ko5zeiuks"},"id":"seknkyyzp0a2o6y","previousOperationId":"9wykggln2hmfjeo"}
{"type":"log","timestamp":1677019438549,"level":"debug","message":"pdf-utils running pdf operation merge","meta":{"rootId":"msf5w1ko5zeiuks","id":"msf5w1ko5zeiuks"},"id":"h7qvkx673ziqjiv","previousOperationId":"9wykggln2hmfjeo"}
{"type":"operationStart","subtype":"pdfUtilsMerge","name":"pdf utils merge","previousOperationId":"9wykggln2hmfjeo","timestamp":1677019438549,"id":"uvo7e9sndtkq028","previousEventId":"xn8ct84uco60hq5","operationId":"sz98oh60y5zodi4"}
{"type":"operationStart","subtype":"render","name":"authors-header","previousOperationId":"sz98oh60y5zodi4","timestamp":1677019438552,"id":"oclq2y2j6wzsplv","previousEventId":"uvo7e9sndtkq028","operationId":"4d0q6t9vws453mq"}
{"type":"log","timestamp":1677019438552,"level":"info","message":"Starting rendering (child) request","meta":{"rootId":"msf5w1ko5zeiuks","id":"evvj344gd6bste0"},"id":"p5k8s2ahwrrmsxs","previousOperationId":"4d0q6t9vws453mq"}
{"type":"log","timestamp":1677019438552,"level":"info","message":"Rendering template { name: authors-header, recipe: chrome-pdf, engine: handlebars, preview: true }","meta":{"rootId":"msf5w1ko5zeiuks","id":"evvj344gd6bste0"},"id":"tfh3uaat30r3ose","previousOperationId":"4d0q6t9vws453mq"}
{"type":"log","timestamp":1677019438562,"level":"debug","message":"Inline data specified.","meta":{"rootId":"msf5w1ko5zeiuks","id":"evvj344gd6bste0"},"id":"f368rtq0y2jhv49","previousOperationId":"4d0q6t9vws453mq"}
{"type":"log","timestamp":1677019438570,"level":"debug","message":"Base url not specified, skipping its injection.","meta":{"rootId":"msf5w1ko5zeiuks","id":"evvj344gd6bste0"},"id":"mfgexn3j6gfqi4m","previousOperationId":"4d0q6t9vws453mq"}
{"type":"operationStart","subtype":"engine","name":"handlebars","timestamp":1677019438570,"id":"dyc96699c26azug","previousEventId":"oclq2y2j6wzsplv","operationId":"a1vkkcnmjbhlv6p","previousOperationId":"4d0q6t9vws453mq"}
{"type":"log","timestamp":1677019438570,"level":"debug","message":"Rendering engine handlebars","meta":{"rootId":"msf5w1ko5zeiuks","id":"evvj344gd6bste0"},"id":"2z7ly1le2cneyey","previousOperationId":"a1vkkcnmjbhlv6p"}
{"type":"operationEnd","operationId":"a1vkkcnmjbhlv6p","timestamp":1677019438595,"id":"wpsf9gny7fyuoav","previousEventId":"dyc96699c26azug","previousOperationId":"a1vkkcnmjbhlv6p"}
{"type":"operationStart","subtype":"recipe","name":"chrome-pdf","timestamp":1677019438595,"id":"o03ij011826b5xc","previousEventId":"wpsf9gny7fyuoav","operationId":"enm03026osqsubh","previousOperationId":"a1vkkcnmjbhlv6p"}
{"type":"log","timestamp":1677019438595,"level":"debug","message":"Executing recipe chrome-pdf","meta":{"rootId":"msf5w1ko5zeiuks","id":"evvj344gd6bste0"},"id":"yzgs2gv0stnnxdu","previousOperationId":"enm03026osqsubh"}
{"type":"log","timestamp":1677019438599,"level":"debug","message":"Converting with chrome HeadlessChrome/105.0.5173.0 using chrome-pool strategy","meta":{"rootId":"msf5w1ko5zeiuks","id":"evvj344gd6bste0"},"id":"uhgln19vgfrmj5o","previousOperationId":"enm03026osqsubh"}
{"type":"log","timestamp":1677019438718,"level":"debug","message":"Page request: GET (document) file:///C:/Users/pollo/AppData/Local/Temp/jsreport/autocleanup/400bc55e-1f08-4af4-bb6d-81c8c3a1e940-chrome-pdf.html","meta":{"rootId":"msf5w1ko5zeiuks","id":"evvj344gd6bste0"},"id":"rowe0cydin3p5kf","previousOperationId":"enm03026osqsubh"}
{"type":"log","timestamp":1677019438728,"level":"debug","message":"Page request: GET (stylesheet) https://cdnjs.cloudflare.com/ajax/libs/metro/4.1.5/css/metro.min.css","meta":{"rootId":"msf5w1ko5zeiuks","id":"evvj344gd6bste0"},"id":"qisqmqrqrgr367l","previousOperationId":"enm03026osqsubh"}
{"type":"log","timestamp":1677019438729,"level":"debug","message":"Page request finished: GET (document) 200 file:///C:/Users/pollo/AppData/Local/Temp/jsreport/autocleanup/400bc55e-1f08-4af4-bb6d-81c8c3a1e940-chrome-pdf.html","meta":{"rootId":"msf5w1ko5zeiuks","id":"evvj344gd6bste0"},"id":"12cemdkirjbs3gi","previousOperationId":"enm03026osqsubh"}
{"type":"log","timestamp":1677019438752,"level":"debug","message":"Page request finished: GET (stylesheet) 200 https://cdnjs.cloudflare.com/ajax/libs/metro/4.1.5/css/metro.min.css","meta":{"rootId":"msf5w1ko5zeiuks","id":"evvj344gd6bste0"},"id":"mh3kai1woxmctai","previousOperationId":"enm03026osqsubh"}
{"type":"log","timestamp":1677019438774,"level":"debug","message":"Running chrome with params {\"printBackground\":true,\"marginTop\":\"1.5cm\",\"marginRight\":\"1.5cm\",\"marginLeft\":\"1.cm\",\"timeout\":59161,\"margin\":{\"top\":\"1.5cm\",\"right\":\"1.5cm\",\"left\":\"1.cm\"}}","meta":{"rootId":"msf5w1ko5zeiuks","id":"evvj344gd6bste0"},"id":"1amy76qjk91k0oi","previousOperationId":"enm03026osqsubh"}
{"type":"operationEnd","operationId":"enm03026osqsubh","timestamp":1677019438835,"id":"mvtykgvqbeqmtkg","previousEventId":"o03ij011826b5xc","previousOperationId":"enm03026osqsubh"}
{"type":"log","timestamp":1677019438835,"level":"debug","message":"Skipping storing report.","meta":{"rootId":"msf5w1ko5zeiuks","id":"evvj344gd6bste0"},"id":"xgxh86o1t86yk61","previousOperationId":"enm03026osqsubh"}
{"type":"log","timestamp":1677019438835,"level":"info","message":"Rendering (child) request finished in 1077 ms","meta":{"rootId":"msf5w1ko5zeiuks","id":"evvj344gd6bste0"},"id":"t0dp43jbs8bexoa","previousOperationId":"enm03026osqsubh"}
{"type":"operationEnd","subtype":"render","operationId":"4d0q6t9vws453mq","timestamp":1677019438836,"id":"7uneu6xfd1p75l0","previousEventId":"mvtykgvqbeqmtkg","previousOperationId":"enm03026osqsubh"}
{"type":"operationEnd","operationId":"sz98oh60y5zodi4","timestamp":1677019438844,"id":"n2z1y33smcgn0cb","previousEventId":"uvo7e9sndtkq028","previousOperationId":"sz98oh60y5zodi4"}
{"type":"log","timestamp":1677019438844,"level":"debug","message":"pdf-utils postproces start","meta":{"rootId":"msf5w1ko5zeiuks","id":"msf5w1ko5zeiuks"},"id":"cmkceqvb2wvnjtx","previousOperationId":"sz98oh60y5zodi4"}
{"type":"log","timestamp":1677019438854,"level":"debug","message":"pdf-utils postproces end","meta":{"rootId":"msf5w1ko5zeiuks","id":"msf5w1ko5zeiuks"},"id":"k50kis5tfkt82eh","previousOperationId":"sz98oh60y5zodi4"}
{"type":"operationEnd","operationId":"9wykggln2hmfjeo","timestamp":1677019438854,"id":"rzyv0welc5kh2dn","previousEventId":"n2z1y33smcgn0cb","previousOperationId":"sz98oh60y5zodi4"}
{"type":"log","timestamp":1677019438854,"level":"info","message":"pdf-utils pdf processing was finished","meta":{"rootId":"msf5w1ko5zeiuks","id":"msf5w1ko5zeiuks"},"id":"x632imiidhmasad","previousOperationId":"9wykggln2hmfjeo"}
{"type":"log","timestamp":1677019438855,"level":"debug","message":"Skipping storing report.","meta":{"rootId":"msf5w1ko5zeiuks","id":"msf5w1ko5zeiuks"},"id":"kj4ryywuf9ftevm","previousOperationId":"9wykggln2hmfjeo"}
{"type":"log","timestamp":1677019438855,"level":"info","message":"Rendering request 15 finished in 1097 ms","meta":{"rootId":"msf5w1ko5zeiuks","id":"msf5w1ko5zeiuks"},"id":"dgf40ewqdgwlkcy","previousOperationId":"9wykggln2hmfjeo"}
{"type":"operationEnd","subtype":"render","operationId":"v5domstgqqe903f","timestamp":1677019438855,"id":"3u0w2c1jzft28wx","previousEventId":"rzyv0welc5kh2dn","previousOperationId":"9wykggln2hmfjeo"}
{"type":"operationEnd","doDiffs":false,"previousEventId":"qxbj5ux79de506b","previousOperationId":"xw8mx1nujggyutf","operationId":"xw8mx1nujggyutf","timestamp":1677019438863,"id":"7vbaltrk95eadki"}
