{"type":"operationStart","subtype":"profile","data":{"_id":"Dc07tdCSoWghsgVN","timestamp":"2023-02-21T22:48:11.139Z","state":"queued","mode":"standard","creationDate":"2023-02-21T22:48:11.141Z","modificationDate":"2023-02-21T22:48:11.141Z","shortid":"po9UCfe","$entitySet":"profiles"},"doDiffs":false,"timestamp":1677019691140,"id":"thjtl2rxwr5axfx","previousOperationId":null,"operationId":"b16fucsbxpydpvh"}
{"type":"log","level":"info","message":"Render request 23 queued for execution and waiting for available worker","previousOperationId":"b16fucsbxpydpvh","timestamp":1677019691140,"id":"ckr1zhsyf56odjz"}
{"type":"operationStart","subtype":"render","name":"authors-main","previousOperationId":"b16fucsbxpydpvh","timestamp":1677019691149,"id":"3l47ymg2k2ejjt4","previousEventId":"thjtl2rxwr5axfx","operationId":"nmpfnuxzsmkphga"}
{"type":"log","timestamp":1677019691149,"level":"info","message":"Starting rendering request 23","meta":{"rootId":"rf2yj2knjm0v9ji","id":"rf2yj2knjm0v9ji"},"id":"i9nthk3kjj55tpt","previousOperationId":"nmpfnuxzsmkphga"}
{"type":"log","timestamp":1677019691149,"level":"info","message":"Rendering template { name: authors-main, recipe: chrome-pdf, engine: handlebars, preview: true }","meta":{"rootId":"rf2yj2knjm0v9ji","id":"rf2yj2knjm0v9ji"},"id":"vigot542sgb10id","previousOperationId":"nmpfnuxzsmkphga"}
{"type":"log","timestamp":1677019691150,"level":"debug","message":"Data item not defined for this template.","meta":{"rootId":"rf2yj2knjm0v9ji","id":"rf2yj2knjm0v9ji"},"id":"lbby3w64w1vhhak","previousOperationId":"nmpfnuxzsmkphga"}
{"type":"log","timestamp":1677019691152,"level":"debug","message":"Executing script authors-script (beforeRender)","meta":{"rootId":"rf2yj2knjm0v9ji","id":"rf2yj2knjm0v9ji"},"id":"you3xp5n4lni3vp","previousOperationId":"nmpfnuxzsmkphga"}
{"type":"operationStart","subtype":"scriptsBeforeRender","name":"scripts beforeRender","timestamp":1677019691181,"id":"yq5s7jstxvcwdi0","previousEventId":"3l47ymg2k2ejjt4","operationId":"cjvtes9uvh4kr5f","previousOperationId":"nmpfnuxzsmkphga"}
{"type":"operationStart","subtype":"script","name":"scripts authors-script","previousOperationId":"cjvtes9uvh4kr5f","timestamp":1677019691181,"id":"5ai3h3lxzo93412","previousEventId":"yq5s7jstxvcwdi0","operationId":"hb0rk2yobop4ngk"}
{"type":"log","timestamp":1677019691474,"level":"debug","message":"(console:log) [ 0, 1 ]","meta":{"userLevel":true,"rootId":"rf2yj2knjm0v9ji","id":"rf2yj2knjm0v9ji"},"id":"dclytmgn8n4egxy","previousOperationId":"hb0rk2yobop4ngk"}
{"type":"operationEnd","operationId":"hb0rk2yobop4ngk","timestamp":1677019691474,"id":"7rh2lnho0f7ptdg","previousEventId":"3l47ymg2k2ejjt4","previousOperationId":"nmpfnuxzsmkphga"}
{"type":"operationEnd","operationId":"cjvtes9uvh4kr5f","timestamp":1677019691474,"id":"rhl39gzfng207mo","previousEventId":"7rh2lnho0f7ptdg","previousOperationId":"nmpfnuxzsmkphga"}
{"type":"log","timestamp":1677019691474,"level":"debug","message":"Base url not specified, skipping its injection.","meta":{"rootId":"rf2yj2knjm0v9ji","id":"rf2yj2knjm0v9ji"},"id":"1lmyaa9r0twuue4","previousOperationId":"cjvtes9uvh4kr5f"}
{"type":"operationStart","subtype":"engine","name":"handlebars","timestamp":1677019691474,"id":"mdti3abgo3g8xdp","previousEventId":"rhl39gzfng207mo","operationId":"4cyro0lzcdml40z","previousOperationId":"cjvtes9uvh4kr5f"}
{"type":"log","timestamp":1677019691474,"level":"debug","message":"Rendering engine handlebars","meta":{"rootId":"rf2yj2knjm0v9ji","id":"rf2yj2knjm0v9ji"},"id":"koyboh60vgm7z7j","previousOperationId":"4cyro0lzcdml40z"}
{"type":"operationEnd","operationId":"4cyro0lzcdml40z","timestamp":1677019691486,"id":"b4ijesa55ryeipe","previousEventId":"mdti3abgo3g8xdp","previousOperationId":"4cyro0lzcdml40z"}
{"type":"operationStart","subtype":"recipe","name":"chrome-pdf","timestamp":1677019691487,"id":"gvzeymr92hhfrqr","previousEventId":"b4ijesa55ryeipe","operationId":"ymkt2zxlk2g60pb","previousOperationId":"4cyro0lzcdml40z"}
{"type":"log","timestamp":1677019691487,"level":"debug","message":"Executing recipe chrome-pdf","meta":{"rootId":"rf2yj2knjm0v9ji","id":"rf2yj2knjm0v9ji"},"id":"87t1b1i8ksce052","previousOperationId":"ymkt2zxlk2g60pb"}
{"type":"log","timestamp":1677019691489,"level":"debug","message":"Converting with chrome HeadlessChrome/105.0.5173.0 using chrome-pool strategy","meta":{"rootId":"rf2yj2knjm0v9ji","id":"rf2yj2knjm0v9ji"},"id":"wg3y5y7airozuij","previousOperationId":"ymkt2zxlk2g60pb"}
{"type":"log","timestamp":1677019691584,"level":"debug","message":"Page request: GET (document) file:///C:/Users/pollo/AppData/Local/Temp/jsreport/autocleanup/bded344a-0372-4986-a166-12f4de4b85c0-chrome-pdf.html","meta":{"rootId":"rf2yj2knjm0v9ji","id":"rf2yj2knjm0v9ji"},"id":"0t6v7lp9ma78gzw","previousOperationId":"ymkt2zxlk2g60pb"}
{"type":"log","timestamp":1677019691604,"level":"debug","message":"Page request finished: GET (document) 200 file:///C:/Users/pollo/AppData/Local/Temp/jsreport/autocleanup/bded344a-0372-4986-a166-12f4de4b85c0-chrome-pdf.html","meta":{"rootId":"rf2yj2knjm0v9ji","id":"rf2yj2knjm0v9ji"},"id":"aaamti847q49291","previousOperationId":"ymkt2zxlk2g60pb"}
{"type":"log","timestamp":1677019691604,"level":"debug","message":"Page request: GET (stylesheet) https://cdnjs.cloudflare.com/ajax/libs/metro/4.1.5/css/metro.min.css","meta":{"rootId":"rf2yj2knjm0v9ji","id":"rf2yj2knjm0v9ji"},"id":"6f5krigfosdnn18","previousOperationId":"ymkt2zxlk2g60pb"}
{"type":"log","timestamp":1677019691605,"level":"debug","message":"Page request: GET (script) https://cdn.jsdelivr.net/npm/chart.js","meta":{"rootId":"rf2yj2knjm0v9ji","id":"rf2yj2knjm0v9ji"},"id":"32gz8xzp5z6vdyd","previousOperationId":"ymkt2zxlk2g60pb"}
{"type":"log","timestamp":1677019691611,"level":"debug","message":"Page request finished: GET (script) 200 https://cdn.jsdelivr.net/npm/chart.js","meta":{"rootId":"rf2yj2knjm0v9ji","id":"rf2yj2knjm0v9ji"},"id":"cd3kb1d51laf7r7","previousOperationId":"ymkt2zxlk2g60pb"}
{"type":"log","timestamp":1677019691628,"level":"debug","message":"Page request finished: GET (stylesheet) 200 https://cdnjs.cloudflare.com/ajax/libs/metro/4.1.5/css/metro.min.css","meta":{"rootId":"rf2yj2knjm0v9ji","id":"rf2yj2knjm0v9ji"},"id":"2gwu9l7qho2xif1","previousOperationId":"ymkt2zxlk2g60pb"}
{"type":"log","timestamp":1677019691739,"level":"debug","message":"Running chrome with params {\"printBackground\":true,\"marginTop\":\"4cm\",\"marginRight\":\"1.5cm\",\"marginBottom\":\"1.5cm\",\"marginLeft\":\"1.5cm\",\"waitForJS\":false,\"timeout\":59651,\"margin\":{\"top\":\"4cm\",\"right\":\"1.5cm\",\"bottom\":\"1.5cm\",\"left\":\"1.5cm\"}}","meta":{"rootId":"rf2yj2knjm0v9ji","id":"rf2yj2knjm0v9ji"},"id":"sb31y1juwh24cxb","previousOperationId":"ymkt2zxlk2g60pb"}
{"type":"operationEnd","operationId":"ymkt2zxlk2g60pb","timestamp":1677019691852,"id":"79nfaip1bvvl9g6","previousEventId":"gvzeymr92hhfrqr","previousOperationId":"ymkt2zxlk2g60pb"}
{"type":"log","timestamp":1677019691852,"level":"info","message":"pdf-utils is starting pdf processing","meta":{"rootId":"rf2yj2knjm0v9ji","id":"rf2yj2knjm0v9ji"},"id":"lsgxrrqhbd6o0wh","previousOperationId":"ymkt2zxlk2g60pb"}
{"type":"operationStart","subtype":"pdfUtils","name":"pdf utils","timestamp":1677019691852,"id":"b1fpvl60oy3v71g","previousEventId":"79nfaip1bvvl9g6","operationId":"5jm5xpwb6um9jsu","previousOperationId":"ymkt2zxlk2g60pb"}
{"type":"log","timestamp":1677019691852,"level":"debug","message":"pdf-utils detected 1 pdf operation(s) to process","meta":{"rootId":"rf2yj2knjm0v9ji","id":"rf2yj2knjm0v9ji"},"id":"l4l4z3kgcvgpyo5","previousOperationId":"5jm5xpwb6um9jsu"}
{"type":"log","timestamp":1677019691880,"level":"debug","message":"pdf-utils running pdf operation merge","meta":{"rootId":"rf2yj2knjm0v9ji","id":"rf2yj2knjm0v9ji"},"id":"3nj5dsw420weui4","previousOperationId":"5jm5xpwb6um9jsu"}
{"type":"operationStart","subtype":"pdfUtilsMerge","name":"pdf utils merge","previousOperationId":"5jm5xpwb6um9jsu","timestamp":1677019691880,"id":"h94te87xr7zjhpb","previousEventId":"b1fpvl60oy3v71g","operationId":"e2v2jqvj50gi7mv"}
{"type":"operationStart","subtype":"render","name":"authors-header","previousOperationId":"e2v2jqvj50gi7mv","timestamp":1677019691881,"id":"dxionhb619vmu00","previousEventId":"h94te87xr7zjhpb","operationId":"prmodos2xoeo0xu"}
{"type":"log","timestamp":1677019691881,"level":"info","message":"Starting rendering (child) request","meta":{"rootId":"rf2yj2knjm0v9ji","id":"k0a8w9pfgmk7n96"},"id":"redktjsk11gkw48","previousOperationId":"prmodos2xoeo0xu"}
{"type":"log","timestamp":1677019691881,"level":"info","message":"Rendering template { name: authors-header, recipe: chrome-pdf, engine: handlebars, preview: true }","meta":{"rootId":"rf2yj2knjm0v9ji","id":"k0a8w9pfgmk7n96"},"id":"jt4jxm0cbmenjk1","previousOperationId":"prmodos2xoeo0xu"}
{"type":"log","timestamp":1677019691882,"level":"debug","message":"Inline data specified.","meta":{"rootId":"rf2yj2knjm0v9ji","id":"k0a8w9pfgmk7n96"},"id":"182ikjhmr26ip8z","previousOperationId":"prmodos2xoeo0xu"}
{"type":"log","timestamp":1677019691883,"level":"debug","message":"Base url not specified, skipping its injection.","meta":{"rootId":"rf2yj2knjm0v9ji","id":"k0a8w9pfgmk7n96"},"id":"mt1zejgkb634zmi","previousOperationId":"prmodos2xoeo0xu"}
{"type":"operationStart","subtype":"engine","name":"handlebars","timestamp":1677019691884,"id":"e7wyqu2ex442sjs","previousEventId":"dxionhb619vmu00","operationId":"xnartx83js5r3xv","previousOperationId":"prmodos2xoeo0xu"}
{"type":"log","timestamp":1677019691884,"level":"debug","message":"Rendering engine handlebars","meta":{"rootId":"rf2yj2knjm0v9ji","id":"k0a8w9pfgmk7n96"},"id":"4fhfy4rsbsu5twq","previousOperationId":"xnartx83js5r3xv"}
{"type":"operationEnd","operationId":"xnartx83js5r3xv","timestamp":1677019691901,"id":"0xswudl7ink0rjb","previousEventId":"e7wyqu2ex442sjs","previousOperationId":"xnartx83js5r3xv"}
{"type":"operationStart","subtype":"recipe","name":"chrome-pdf","timestamp":1677019691901,"id":"glazsz34ig5tpxz","previousEventId":"0xswudl7ink0rjb","operationId":"k38xg5plylermea","previousOperationId":"xnartx83js5r3xv"}
{"type":"log","timestamp":1677019691901,"level":"debug","message":"Executing recipe chrome-pdf","meta":{"rootId":"rf2yj2knjm0v9ji","id":"k0a8w9pfgmk7n96"},"id":"0bpv1pyo5kwrf1e","previousOperationId":"k38xg5plylermea"}
{"type":"log","timestamp":1677019691903,"level":"debug","message":"Converting with chrome HeadlessChrome/105.0.5173.0 using chrome-pool strategy","meta":{"rootId":"rf2yj2knjm0v9ji","id":"k0a8w9pfgmk7n96"},"id":"j238a6e621alvt6","previousOperationId":"k38xg5plylermea"}
{"type":"log","timestamp":1677019692012,"level":"debug","message":"Page request: GET (document) file:///C:/Users/pollo/AppData/Local/Temp/jsreport/autocleanup/d57619c5-25dd-496e-88fc-65de31d47c9b-chrome-pdf.html","meta":{"rootId":"rf2yj2knjm0v9ji","id":"k0a8w9pfgmk7n96"},"id":"slryjjpjb89u480","previousOperationId":"k38xg5plylermea"}
{"type":"log","timestamp":1677019692022,"level":"debug","message":"Page request finished: GET (document) 200 file:///C:/Users/pollo/AppData/Local/Temp/jsreport/autocleanup/d57619c5-25dd-496e-88fc-65de31d47c9b-chrome-pdf.html","meta":{"rootId":"rf2yj2knjm0v9ji","id":"k0a8w9pfgmk7n96"},"id":"j07c1rofagy2h9g","previousOperationId":"k38xg5plylermea"}
{"type":"log","timestamp":1677019692022,"level":"debug","message":"Page request: GET (stylesheet) https://cdnjs.cloudflare.com/ajax/libs/metro/4.1.5/css/metro.min.css","meta":{"rootId":"rf2yj2knjm0v9ji","id":"k0a8w9pfgmk7n96"},"id":"4bvv28d2qf7g3uo","previousOperationId":"k38xg5plylermea"}
{"type":"log","timestamp":1677019692043,"level":"debug","message":"Page request finished: GET (stylesheet) 200 https://cdnjs.cloudflare.com/ajax/libs/metro/4.1.5/css/metro.min.css","meta":{"rootId":"rf2yj2knjm0v9ji","id":"k0a8w9pfgmk7n96"},"id":"m9lwsabnvvb18mk","previousOperationId":"k38xg5plylermea"}
{"type":"log","timestamp":1677019692071,"level":"debug","message":"Running chrome with params {\"printBackground\":true,\"marginTop\":\"1.5cm\",\"marginRight\":\"1.5cm\",\"marginLeft\":\"1.cm\",\"timeout\":59237,\"margin\":{\"top\":\"1.5cm\",\"right\":\"1.5cm\",\"left\":\"1.cm\"}}","meta":{"rootId":"rf2yj2knjm0v9ji","id":"k0a8w9pfgmk7n96"},"id":"ysqmtzysjc35poo","previousOperationId":"k38xg5plylermea"}
{"type":"operationEnd","operationId":"k38xg5plylermea","timestamp":1677019692136,"id":"s1wimpjzck9k9xw","previousEventId":"glazsz34ig5tpxz","previousOperationId":"k38xg5plylermea"}
{"type":"log","timestamp":1677019692136,"level":"debug","message":"Skipping storing report.","meta":{"rootId":"rf2yj2knjm0v9ji","id":"k0a8w9pfgmk7n96"},"id":"sxsui6qtr9cpgow","previousOperationId":"k38xg5plylermea"}
{"type":"log","timestamp":1677019692136,"level":"info","message":"Rendering (child) request finished in 997 ms","meta":{"rootId":"rf2yj2knjm0v9ji","id":"k0a8w9pfgmk7n96"},"id":"pfxt5nwq48dhnym","previousOperationId":"k38xg5plylermea"}
{"type":"operationEnd","subtype":"render","operationId":"prmodos2xoeo0xu","timestamp":1677019692137,"id":"jfx69f7ww7qyelw","previousEventId":"s1wimpjzck9k9xw","previousOperationId":"k38xg5plylermea"}
{"type":"operationEnd","operationId":"e2v2jqvj50gi7mv","timestamp":1677019692148,"id":"jrruuzfhrb5xf4y","previousEventId":"h94te87xr7zjhpb","previousOperationId":"e2v2jqvj50gi7mv"}
{"type":"log","timestamp":1677019692148,"level":"debug","message":"pdf-utils postproces start","meta":{"rootId":"rf2yj2knjm0v9ji","id":"rf2yj2knjm0v9ji"},"id":"9adznfpwbyu989p","previousOperationId":"e2v2jqvj50gi7mv"}
{"type":"log","timestamp":1677019692159,"level":"debug","message":"pdf-utils postproces end","meta":{"rootId":"rf2yj2knjm0v9ji","id":"rf2yj2knjm0v9ji"},"id":"uthjbdgm2ya5oe9","previousOperationId":"e2v2jqvj50gi7mv"}
{"type":"operationEnd","operationId":"5jm5xpwb6um9jsu","timestamp":1677019692159,"id":"pl7rkydilqybbfo","previousEventId":"jrruuzfhrb5xf4y","previousOperationId":"e2v2jqvj50gi7mv"}
{"type":"log","timestamp":1677019692159,"level":"info","message":"pdf-utils pdf processing was finished","meta":{"rootId":"rf2yj2knjm0v9ji","id":"rf2yj2knjm0v9ji"},"id":"2pg20pr5bzqjkjn","previousOperationId":"5jm5xpwb6um9jsu"}
{"type":"log","timestamp":1677019692159,"level":"debug","message":"Skipping storing report.","meta":{"rootId":"rf2yj2knjm0v9ji","id":"rf2yj2knjm0v9ji"},"id":"xt3gnc454q48b7v","previousOperationId":"5jm5xpwb6um9jsu"}
{"type":"log","timestamp":1677019692159,"level":"info","message":"Rendering request 23 finished in 1020 ms","meta":{"rootId":"rf2yj2knjm0v9ji","id":"rf2yj2knjm0v9ji"},"id":"1qkyce4jbsitf5g","previousOperationId":"5jm5xpwb6um9jsu"}
{"type":"operationEnd","subtype":"render","operationId":"nmpfnuxzsmkphga","timestamp":1677019692159,"id":"xk3411e9iu8h06i","previousEventId":"pl7rkydilqybbfo","previousOperationId":"5jm5xpwb6um9jsu"}
{"type":"operationEnd","doDiffs":false,"previousEventId":"thjtl2rxwr5axfx","previousOperationId":"b16fucsbxpydpvh","operationId":"b16fucsbxpydpvh","timestamp":1677019692166,"id":"bkqsm8s753lcpn3"}
