{"type":"operationStart","subtype":"profile","data":{"_id":"PL9dbFJSnu1YYPmb","timestamp":"2023-02-21T22:44:28.491Z","state":"queued","mode":"standard","creationDate":"2023-02-21T22:44:28.493Z","modificationDate":"2023-02-21T22:44:28.493Z","shortid":"dtB9554","$entitySet":"profiles"},"doDiffs":false,"timestamp":1677019468492,"id":"hnd6g4xxj59cifh","previousOperationId":null,"operationId":"d1p9dnm1kfub49s"}
{"type":"log","level":"info","message":"Render request 16 queued for execution and waiting for available worker","previousOperationId":"d1p9dnm1kfub49s","timestamp":1677019468492,"id":"jxbqys8g0zxsm07"}
{"type":"operationStart","subtype":"render","name":"authors-main","previousOperationId":"d1p9dnm1kfub49s","timestamp":1677019468501,"id":"acyorozuvt3qeya","previousEventId":"hnd6g4xxj59cifh","operationId":"hnb6z5jwtf6shmn"}
{"type":"log","timestamp":1677019468501,"level":"info","message":"Starting rendering request 16","meta":{"rootId":"wfg3yz80dzjinkd","id":"wfg3yz80dzjinkd"},"id":"5juk1ijmmqbmis7","previousOperationId":"hnb6z5jwtf6shmn"}
{"type":"log","timestamp":1677019468501,"level":"info","message":"Rendering template { name: authors-main, recipe: chrome-pdf, engine: handlebars, preview: true }","meta":{"rootId":"wfg3yz80dzjinkd","id":"wfg3yz80dzjinkd"},"id":"rocqf6bqjxfkzwo","previousOperationId":"hnb6z5jwtf6shmn"}
{"type":"log","timestamp":1677019468502,"level":"debug","message":"Data item not defined for this template.","meta":{"rootId":"wfg3yz80dzjinkd","id":"wfg3yz80dzjinkd"},"id":"ezrdngj0j90ghoz","previousOperationId":"hnb6z5jwtf6shmn"}
{"type":"log","timestamp":1677019468503,"level":"debug","message":"Executing script authors-script (beforeRender)","meta":{"rootId":"wfg3yz80dzjinkd","id":"wfg3yz80dzjinkd"},"id":"gx6g6qxhmn98l80","previousOperationId":"hnb6z5jwtf6shmn"}
{"type":"operationStart","subtype":"scriptsBeforeRender","name":"scripts beforeRender","timestamp":1677019468534,"id":"lzouj3ckmyal3dc","previousEventId":"acyorozuvt3qeya","operationId":"nmwr0hk9t9li30x","previousOperationId":"hnb6z5jwtf6shmn"}
{"type":"operationStart","subtype":"script","name":"scripts authors-script","previousOperationId":"nmwr0hk9t9li30x","timestamp":1677019468534,"id":"oj8ygmfhzok80xn","previousEventId":"lzouj3ckmyal3dc","operationId":"fu55u56sctv5neo"}
{"type":"log","timestamp":1677019468803,"level":"debug","message":"(console:log) [ 0, 1 ]","meta":{"userLevel":true,"rootId":"wfg3yz80dzjinkd","id":"wfg3yz80dzjinkd"},"id":"01uwk8h36no83mm","previousOperationId":"fu55u56sctv5neo"}
{"type":"operationEnd","operationId":"fu55u56sctv5neo","timestamp":1677019468803,"id":"immzlepj6b3u5n1","previousEventId":"acyorozuvt3qeya","previousOperationId":"hnb6z5jwtf6shmn"}
{"type":"operationEnd","operationId":"nmwr0hk9t9li30x","timestamp":1677019468803,"id":"y6zsjh3poqse7g6","previousEventId":"immzlepj6b3u5n1","previousOperationId":"hnb6z5jwtf6shmn"}
{"type":"log","timestamp":1677019468803,"level":"debug","message":"Base url not specified, skipping its injection.","meta":{"rootId":"wfg3yz80dzjinkd","id":"wfg3yz80dzjinkd"},"id":"rqzqdzv6sdqdj3k","previousOperationId":"nmwr0hk9t9li30x"}
{"type":"operationStart","subtype":"engine","name":"handlebars","timestamp":1677019468803,"id":"cxvge1ncn8eni0t","previousEventId":"y6zsjh3poqse7g6","operationId":"wtvs4pkreoz88k0","previousOperationId":"nmwr0hk9t9li30x"}
{"type":"log","timestamp":1677019468803,"level":"debug","message":"Rendering engine handlebars","meta":{"rootId":"wfg3yz80dzjinkd","id":"wfg3yz80dzjinkd"},"id":"mazce26jhjyv91d","previousOperationId":"wtvs4pkreoz88k0"}
{"type":"operationEnd","operationId":"wtvs4pkreoz88k0","timestamp":1677019468822,"id":"9yk1bgilleg0d6i","previousEventId":"cxvge1ncn8eni0t","previousOperationId":"wtvs4pkreoz88k0"}
{"type":"operationStart","subtype":"recipe","name":"chrome-pdf","timestamp":1677019468823,"id":"m06gynbv2wbbpjs","previousEventId":"9yk1bgilleg0d6i","operationId":"m2mk8mgaz5cci7b","previousOperationId":"wtvs4pkreoz88k0"}
{"type":"log","timestamp":1677019468823,"level":"debug","message":"Executing recipe chrome-pdf","meta":{"rootId":"wfg3yz80dzjinkd","id":"wfg3yz80dzjinkd"},"id":"tn46gbf1ipoc9jd","previousOperationId":"m2mk8mgaz5cci7b"}
{"type":"log","timestamp":1677019468826,"level":"debug","message":"Converting with chrome HeadlessChrome/105.0.5173.0 using chrome-pool strategy","meta":{"rootId":"wfg3yz80dzjinkd","id":"wfg3yz80dzjinkd"},"id":"470ylacxpsadmvm","previousOperationId":"m2mk8mgaz5cci7b"}
{"type":"log","timestamp":1677019468937,"level":"debug","message":"Page request: GET (document) file:///C:/Users/pollo/AppData/Local/Temp/jsreport/autocleanup/401a909b-eeba-4924-92df-f44a5fa65a5a-chrome-pdf.html","meta":{"rootId":"wfg3yz80dzjinkd","id":"wfg3yz80dzjinkd"},"id":"ckf8ci3or6s9fv2","previousOperationId":"m2mk8mgaz5cci7b"}
{"type":"log","timestamp":1677019468959,"level":"debug","message":"Page request finished: GET (document) 200 file:///C:/Users/pollo/AppData/Local/Temp/jsreport/autocleanup/401a909b-eeba-4924-92df-f44a5fa65a5a-chrome-pdf.html","meta":{"rootId":"wfg3yz80dzjinkd","id":"wfg3yz80dzjinkd"},"id":"oh8iew45nazak8a","previousOperationId":"m2mk8mgaz5cci7b"}
{"type":"log","timestamp":1677019468959,"level":"debug","message":"Page request: GET (stylesheet) https://cdnjs.cloudflare.com/ajax/libs/metro/4.1.5/css/metro.min.css","meta":{"rootId":"wfg3yz80dzjinkd","id":"wfg3yz80dzjinkd"},"id":"vh92xk1il5e88ix","previousOperationId":"m2mk8mgaz5cci7b"}
{"type":"log","timestamp":1677019468959,"level":"debug","message":"Page request: GET (script) https://cdn.jsdelivr.net/npm/chart.js","meta":{"rootId":"wfg3yz80dzjinkd","id":"wfg3yz80dzjinkd"},"id":"e01z3mfk0bkdc3q","previousOperationId":"m2mk8mgaz5cci7b"}
{"type":"log","timestamp":1677019468982,"level":"debug","message":"Page request finished: GET (stylesheet) 200 https://cdnjs.cloudflare.com/ajax/libs/metro/4.1.5/css/metro.min.css","meta":{"rootId":"wfg3yz80dzjinkd","id":"wfg3yz80dzjinkd"},"id":"ejkmnws1vbu014p","previousOperationId":"m2mk8mgaz5cci7b"}
{"type":"log","timestamp":1677019468982,"level":"debug","message":"Page request finished: GET (script) 200 https://cdn.jsdelivr.net/npm/chart.js","meta":{"rootId":"wfg3yz80dzjinkd","id":"wfg3yz80dzjinkd"},"id":"ve0sxhf0wj5gxwo","previousOperationId":"m2mk8mgaz5cci7b"}
{"type":"log","timestamp":1677019469090,"level":"debug","message":"Running chrome with params {\"printBackground\":true,\"marginTop\":\"4cm\",\"marginRight\":\"1.5cm\",\"marginBottom\":\"1.5cm\",\"marginLeft\":\"1.5cm\",\"waitForJS\":false,\"timeout\":59667,\"margin\":{\"top\":\"4cm\",\"right\":\"1.5cm\",\"bottom\":\"1.5cm\",\"left\":\"1.5cm\"}}","meta":{"rootId":"wfg3yz80dzjinkd","id":"wfg3yz80dzjinkd"},"id":"ax26r41mwb18wqt","previousOperationId":"m2mk8mgaz5cci7b"}
{"type":"operationEnd","operationId":"m2mk8mgaz5cci7b","timestamp":1677019469185,"id":"delylwb3k3tkv1f","previousEventId":"m06gynbv2wbbpjs","previousOperationId":"m2mk8mgaz5cci7b"}
{"type":"log","timestamp":1677019469185,"level":"info","message":"pdf-utils is starting pdf processing","meta":{"rootId":"wfg3yz80dzjinkd","id":"wfg3yz80dzjinkd"},"id":"l71sfc8uohngsg2","previousOperationId":"m2mk8mgaz5cci7b"}
{"type":"operationStart","subtype":"pdfUtils","name":"pdf utils","timestamp":1677019469185,"id":"cgrmvt1v2ydw0qx","previousEventId":"delylwb3k3tkv1f","operationId":"dvpb8k03zctr3ry","previousOperationId":"m2mk8mgaz5cci7b"}
{"type":"log","timestamp":1677019469185,"level":"debug","message":"pdf-utils detected 1 pdf operation(s) to process","meta":{"rootId":"wfg3yz80dzjinkd","id":"wfg3yz80dzjinkd"},"id":"own1oxvweb5g65h","previousOperationId":"dvpb8k03zctr3ry"}
{"type":"log","timestamp":1677019469208,"level":"debug","message":"pdf-utils running pdf operation merge","meta":{"rootId":"wfg3yz80dzjinkd","id":"wfg3yz80dzjinkd"},"id":"5jh4n2g17p4zpyg","previousOperationId":"dvpb8k03zctr3ry"}
{"type":"operationStart","subtype":"pdfUtilsMerge","name":"pdf utils merge","previousOperationId":"dvpb8k03zctr3ry","timestamp":1677019469208,"id":"xe23y6kozzkpnf1","previousEventId":"cgrmvt1v2ydw0qx","operationId":"b5o2op7c3b7rn7o"}
{"type":"operationStart","subtype":"render","name":"authors-header","previousOperationId":"b5o2op7c3b7rn7o","timestamp":1677019469209,"id":"y85fkoms3740elu","previousEventId":"xe23y6kozzkpnf1","operationId":"ur0uz3sbcr6abto"}
{"type":"log","timestamp":1677019469209,"level":"info","message":"Starting rendering (child) request","meta":{"rootId":"wfg3yz80dzjinkd","id":"ceo52x8013lhj2f"},"id":"6qqva1yej2wnpyn","previousOperationId":"ur0uz3sbcr6abto"}
{"type":"log","timestamp":1677019469210,"level":"info","message":"Rendering template { name: authors-header, recipe: chrome-pdf, engine: handlebars, preview: true }","meta":{"rootId":"wfg3yz80dzjinkd","id":"ceo52x8013lhj2f"},"id":"33qlaopzn29q8ea","previousOperationId":"ur0uz3sbcr6abto"}
{"type":"log","timestamp":1677019469210,"level":"debug","message":"Inline data specified.","meta":{"rootId":"wfg3yz80dzjinkd","id":"ceo52x8013lhj2f"},"id":"t6hc6bq11jbu34t","previousOperationId":"ur0uz3sbcr6abto"}
{"type":"log","timestamp":1677019469214,"level":"debug","message":"Base url not specified, skipping its injection.","meta":{"rootId":"wfg3yz80dzjinkd","id":"ceo52x8013lhj2f"},"id":"moaau5r8swcr94d","previousOperationId":"ur0uz3sbcr6abto"}
{"type":"operationStart","subtype":"engine","name":"handlebars","timestamp":1677019469214,"id":"go6sv0bg3o5gs71","previousEventId":"y85fkoms3740elu","operationId":"p1m7j8k0prbbnzi","previousOperationId":"ur0uz3sbcr6abto"}
{"type":"log","timestamp":1677019469214,"level":"debug","message":"Rendering engine handlebars","meta":{"rootId":"wfg3yz80dzjinkd","id":"ceo52x8013lhj2f"},"id":"caxg2dv1dgjyw1z","previousOperationId":"p1m7j8k0prbbnzi"}
{"type":"operationEnd","operationId":"p1m7j8k0prbbnzi","timestamp":1677019469227,"id":"wt99v0ff1chgdqd","previousEventId":"go6sv0bg3o5gs71","previousOperationId":"p1m7j8k0prbbnzi"}
{"type":"operationStart","subtype":"recipe","name":"chrome-pdf","timestamp":1677019469228,"id":"1f626mzbhdbma9m","previousEventId":"wt99v0ff1chgdqd","operationId":"x5l0ntfl90oagvw","previousOperationId":"p1m7j8k0prbbnzi"}
{"type":"log","timestamp":1677019469228,"level":"debug","message":"Executing recipe chrome-pdf","meta":{"rootId":"wfg3yz80dzjinkd","id":"ceo52x8013lhj2f"},"id":"fbmbkrnkr4mtcet","previousOperationId":"x5l0ntfl90oagvw"}
{"type":"log","timestamp":1677019469230,"level":"debug","message":"Converting with chrome HeadlessChrome/105.0.5173.0 using chrome-pool strategy","meta":{"rootId":"wfg3yz80dzjinkd","id":"ceo52x8013lhj2f"},"id":"ty7pb6ncd01vwl1","previousOperationId":"x5l0ntfl90oagvw"}
{"type":"log","timestamp":1677019469335,"level":"debug","message":"Page request: GET (document) file:///C:/Users/pollo/AppData/Local/Temp/jsreport/autocleanup/13cca3cc-d90c-4431-9144-7d4f5e6476d6-chrome-pdf.html","meta":{"rootId":"wfg3yz80dzjinkd","id":"ceo52x8013lhj2f"},"id":"yyfslerynj1rax2","previousOperationId":"x5l0ntfl90oagvw"}
{"type":"log","timestamp":1677019469346,"level":"debug","message":"Page request: GET (stylesheet) https://cdnjs.cloudflare.com/ajax/libs/metro/4.1.5/css/metro.min.css","meta":{"rootId":"wfg3yz80dzjinkd","id":"ceo52x8013lhj2f"},"id":"eparp3x7bqbtq89","previousOperationId":"x5l0ntfl90oagvw"}
{"type":"log","timestamp":1677019469347,"level":"debug","message":"Page request finished: GET (document) 200 file:///C:/Users/pollo/AppData/Local/Temp/jsreport/autocleanup/13cca3cc-d90c-4431-9144-7d4f5e6476d6-chrome-pdf.html","meta":{"rootId":"wfg3yz80dzjinkd","id":"ceo52x8013lhj2f"},"id":"1p5pebzero5cmgd","previousOperationId":"x5l0ntfl90oagvw"}
{"type":"log","timestamp":1677019469369,"level":"debug","message":"Page request finished: GET (stylesheet) 200 https://cdnjs.cloudflare.com/ajax/libs/metro/4.1.5/css/metro.min.css","meta":{"rootId":"wfg3yz80dzjinkd","id":"ceo52x8013lhj2f"},"id":"dtmry08vbua6nus","previousOperationId":"x5l0ntfl90oagvw"}
{"type":"log","timestamp":1677019469393,"level":"debug","message":"Running chrome with params {\"printBackground\":true,\"marginTop\":\"1.5cm\",\"marginRight\":\"1.5cm\",\"marginLeft\":\"1.cm\",\"timeout\":59262,\"margin\":{\"top\":\"1.5cm\",\"right\":\"1.5cm\",\"left\":\"1.cm\"}}","meta":{"rootId":"wfg3yz80dzjinkd","id":"ceo52x8013lhj2f"},"id":"fmnp0ldn221yzzl","previousOperationId":"x5l0ntfl90oagvw"}
{"type":"operationEnd","operationId":"x5l0ntfl90oagvw","timestamp":1677019469459,"id":"z39t0myvqg5szcc","previousEventId":"1f626mzbhdbma9m","previousOperationId":"x5l0ntfl90oagvw"}
{"type":"log","timestamp":1677019469459,"level":"debug","message":"Skipping storing report.","meta":{"rootId":"wfg3yz80dzjinkd","id":"ceo52x8013lhj2f"},"id":"1xw2nylpkspybkb","previousOperationId":"x5l0ntfl90oagvw"}
{"type":"log","timestamp":1677019469459,"level":"info","message":"Rendering (child) request finished in 968 ms","meta":{"rootId":"wfg3yz80dzjinkd","id":"ceo52x8013lhj2f"},"id":"9bb9cb54aulvgmw","previousOperationId":"x5l0ntfl90oagvw"}
{"type":"operationEnd","subtype":"render","operationId":"ur0uz3sbcr6abto","timestamp":1677019469460,"id":"qi3mk2o5whakj9h","previousEventId":"z39t0myvqg5szcc","previousOperationId":"x5l0ntfl90oagvw"}
{"type":"operationEnd","operationId":"b5o2op7c3b7rn7o","timestamp":1677019469468,"id":"l1za7q00upsxmej","previousEventId":"xe23y6kozzkpnf1","previousOperationId":"b5o2op7c3b7rn7o"}
{"type":"log","timestamp":1677019469468,"level":"debug","message":"pdf-utils postproces start","meta":{"rootId":"wfg3yz80dzjinkd","id":"wfg3yz80dzjinkd"},"id":"watlsonuov6z9hd","previousOperationId":"b5o2op7c3b7rn7o"}
{"type":"log","timestamp":1677019469477,"level":"debug","message":"pdf-utils postproces end","meta":{"rootId":"wfg3yz80dzjinkd","id":"wfg3yz80dzjinkd"},"id":"24zpy62hbdumla3","previousOperationId":"b5o2op7c3b7rn7o"}
{"type":"operationEnd","operationId":"dvpb8k03zctr3ry","timestamp":1677019469477,"id":"2ptqpsglcuw5fim","previousEventId":"l1za7q00upsxmej","previousOperationId":"b5o2op7c3b7rn7o"}
{"type":"log","timestamp":1677019469477,"level":"info","message":"pdf-utils pdf processing was finished","meta":{"rootId":"wfg3yz80dzjinkd","id":"wfg3yz80dzjinkd"},"id":"7uvnsjbbbc0g5vq","previousOperationId":"dvpb8k03zctr3ry"}
{"type":"log","timestamp":1677019469477,"level":"debug","message":"Skipping storing report.","meta":{"rootId":"wfg3yz80dzjinkd","id":"wfg3yz80dzjinkd"},"id":"f0k0lxxs3pr2znt","previousOperationId":"dvpb8k03zctr3ry"}
{"type":"log","timestamp":1677019469478,"level":"info","message":"Rendering request 16 finished in 987 ms","meta":{"rootId":"wfg3yz80dzjinkd","id":"wfg3yz80dzjinkd"},"id":"azexsozxu7v1yli","previousOperationId":"dvpb8k03zctr3ry"}
{"type":"operationEnd","subtype":"render","operationId":"hnb6z5jwtf6shmn","timestamp":1677019469478,"id":"lzkwguek0g3jl35","previousEventId":"2ptqpsglcuw5fim","previousOperationId":"dvpb8k03zctr3ry"}
{"type":"operationEnd","doDiffs":false,"previousEventId":"hnd6g4xxj59cifh","previousOperationId":"d1p9dnm1kfub49s","operationId":"d1p9dnm1kfub49s","timestamp":1677019469487,"id":"3qyyc7vr3imh8k5"}
