{"type":"operationStart","subtype":"profile","data":{"_id":"rw2Jjan9x50OZVEz","timestamp":"2023-02-21T22:45:09.860Z","state":"queued","mode":"standard","creationDate":"2023-02-21T22:45:09.862Z","modificationDate":"2023-02-21T22:45:09.862Z","shortid":"HitP8Ii","$entitySet":"profiles"},"doDiffs":false,"timestamp":1677019509861,"id":"rnao5u9rkoka6kh","previousOperationId":null,"operationId":"i7hr25l4dk0g440"}
{"type":"log","level":"info","message":"Render request 18 queued for execution and waiting for available worker","previousOperationId":"i7hr25l4dk0g440","timestamp":1677019509862,"id":"zapymlhxpvmx2o1"}
{"type":"operationStart","subtype":"render","name":"authors-main","previousOperationId":"i7hr25l4dk0g440","timestamp":1677019509873,"id":"sh2zym362j5gfsj","previousEventId":"rnao5u9rkoka6kh","operationId":"jfj43tg1kcthipc"}
{"type":"log","timestamp":1677019509873,"level":"info","message":"Starting rendering request 18","meta":{"rootId":"wx5zr1n5smehkvt","id":"wx5zr1n5smehkvt"},"id":"1aqacppybuccx5z","previousOperationId":"jfj43tg1kcthipc"}
{"type":"log","timestamp":1677019509873,"level":"info","message":"Rendering template { name: authors-main, recipe: chrome-pdf, engine: handlebars, preview: true }","meta":{"rootId":"wx5zr1n5smehkvt","id":"wx5zr1n5smehkvt"},"id":"ayfmrjuj623nkpm","previousOperationId":"jfj43tg1kcthipc"}
{"type":"log","timestamp":1677019509874,"level":"debug","message":"Data item not defined for this template.","meta":{"rootId":"wx5zr1n5smehkvt","id":"wx5zr1n5smehkvt"},"id":"fg80hiv62hygqot","previousOperationId":"jfj43tg1kcthipc"}
{"type":"log","timestamp":1677019509875,"level":"debug","message":"Executing script authors-script (beforeRender)","meta":{"rootId":"wx5zr1n5smehkvt","id":"wx5zr1n5smehkvt"},"id":"fadidmlyqw0eqmr","previousOperationId":"jfj43tg1kcthipc"}
{"type":"operationStart","subtype":"scriptsBeforeRender","name":"scripts beforeRender","timestamp":1677019509902,"id":"4f9rr6eq7w64njm","previousEventId":"sh2zym362j5gfsj","operationId":"7ekspe8z86r3nur","previousOperationId":"jfj43tg1kcthipc"}
{"type":"operationStart","subtype":"script","name":"scripts authors-script","previousOperationId":"7ekspe8z86r3nur","timestamp":1677019509902,"id":"w64bmff4up4vei7","previousEventId":"4f9rr6eq7w64njm","operationId":"g3uzy8crbsn04xj"}
{"type":"log","timestamp":1677019510148,"level":"debug","message":"(console:log) [ 0, 1 ]","meta":{"userLevel":true,"rootId":"wx5zr1n5smehkvt","id":"wx5zr1n5smehkvt"},"id":"hl6zjc05aqc1mhf","previousOperationId":"g3uzy8crbsn04xj"}
{"type":"operationEnd","operationId":"g3uzy8crbsn04xj","timestamp":1677019510148,"id":"bdtesppuelyt80z","previousEventId":"sh2zym362j5gfsj","previousOperationId":"jfj43tg1kcthipc"}
{"type":"operationEnd","operationId":"7ekspe8z86r3nur","timestamp":1677019510148,"id":"49kpgk3wasmsiz3","previousEventId":"bdtesppuelyt80z","previousOperationId":"jfj43tg1kcthipc"}
{"type":"log","timestamp":1677019510148,"level":"debug","message":"Base url not specified, skipping its injection.","meta":{"rootId":"wx5zr1n5smehkvt","id":"wx5zr1n5smehkvt"},"id":"mbwtifemh2bhjt5","previousOperationId":"7ekspe8z86r3nur"}
{"type":"operationStart","subtype":"engine","name":"handlebars","timestamp":1677019510148,"id":"ab8x3sit0hqc6cg","previousEventId":"49kpgk3wasmsiz3","operationId":"2curjebetrtelyp","previousOperationId":"7ekspe8z86r3nur"}
{"type":"log","timestamp":1677019510148,"level":"debug","message":"Rendering engine handlebars","meta":{"rootId":"wx5zr1n5smehkvt","id":"wx5zr1n5smehkvt"},"id":"sn2pdbs0vggj0kd","previousOperationId":"2curjebetrtelyp"}
{"type":"operationEnd","operationId":"2curjebetrtelyp","timestamp":1677019510166,"id":"7u06j38eplhnk4h","previousEventId":"ab8x3sit0hqc6cg","previousOperationId":"2curjebetrtelyp"}
{"type":"operationStart","subtype":"recipe","name":"chrome-pdf","timestamp":1677019510167,"id":"6xjjozz3dcaamir","previousEventId":"7u06j38eplhnk4h","operationId":"keuvpo5tpevr5le","previousOperationId":"2curjebetrtelyp"}
{"type":"log","timestamp":1677019510167,"level":"debug","message":"Executing recipe chrome-pdf","meta":{"rootId":"wx5zr1n5smehkvt","id":"wx5zr1n5smehkvt"},"id":"d0egs2597ai9ydi","previousOperationId":"keuvpo5tpevr5le"}
{"type":"log","timestamp":1677019510170,"level":"debug","message":"Converting with chrome HeadlessChrome/105.0.5173.0 using chrome-pool strategy","meta":{"rootId":"wx5zr1n5smehkvt","id":"wx5zr1n5smehkvt"},"id":"cwuofinw6plh5z7","previousOperationId":"keuvpo5tpevr5le"}
{"type":"log","timestamp":1677019510272,"level":"debug","message":"Page request: GET (document) file:///C:/Users/pollo/AppData/Local/Temp/jsreport/autocleanup/17e7c1bf-4376-4362-a67b-af1f1b962816-chrome-pdf.html","meta":{"rootId":"wx5zr1n5smehkvt","id":"wx5zr1n5smehkvt"},"id":"9f8euaif9pcdufy","previousOperationId":"keuvpo5tpevr5le"}
{"type":"log","timestamp":1677019510292,"level":"debug","message":"Page request finished: GET (document) 200 file:///C:/Users/pollo/AppData/Local/Temp/jsreport/autocleanup/17e7c1bf-4376-4362-a67b-af1f1b962816-chrome-pdf.html","meta":{"rootId":"wx5zr1n5smehkvt","id":"wx5zr1n5smehkvt"},"id":"uy6c7b6y8cfiz6x","previousOperationId":"keuvpo5tpevr5le"}
{"type":"log","timestamp":1677019510292,"level":"debug","message":"Page request: GET (stylesheet) https://cdnjs.cloudflare.com/ajax/libs/metro/4.1.5/css/metro.min.css","meta":{"rootId":"wx5zr1n5smehkvt","id":"wx5zr1n5smehkvt"},"id":"rk0s7rayuad9inx","previousOperationId":"keuvpo5tpevr5le"}
{"type":"log","timestamp":1677019510292,"level":"debug","message":"Page request: GET (script) https://cdn.jsdelivr.net/npm/chart.js","meta":{"rootId":"wx5zr1n5smehkvt","id":"wx5zr1n5smehkvt"},"id":"oxkga55y1qn8ykj","previousOperationId":"keuvpo5tpevr5le"}
{"type":"log","timestamp":1677019510298,"level":"debug","message":"Page request finished: GET (script) 200 https://cdn.jsdelivr.net/npm/chart.js","meta":{"rootId":"wx5zr1n5smehkvt","id":"wx5zr1n5smehkvt"},"id":"rkbjnep1w26g7br","previousOperationId":"keuvpo5tpevr5le"}
{"type":"log","timestamp":1677019510317,"level":"debug","message":"Page request finished: GET (stylesheet) 200 https://cdnjs.cloudflare.com/ajax/libs/metro/4.1.5/css/metro.min.css","meta":{"rootId":"wx5zr1n5smehkvt","id":"wx5zr1n5smehkvt"},"id":"0gudl79j9294htq","previousOperationId":"keuvpo5tpevr5le"}
{"type":"log","timestamp":1677019510432,"level":"debug","message":"Running chrome with params {\"printBackground\":true,\"marginTop\":\"4cm\",\"marginRight\":\"1.5cm\",\"marginBottom\":\"1.5cm\",\"marginLeft\":\"1.5cm\",\"waitForJS\":false,\"timeout\":59691,\"margin\":{\"top\":\"4cm\",\"right\":\"1.5cm\",\"bottom\":\"1.5cm\",\"left\":\"1.5cm\"}}","meta":{"rootId":"wx5zr1n5smehkvt","id":"wx5zr1n5smehkvt"},"id":"rlvkbodwd3putsh","previousOperationId":"keuvpo5tpevr5le"}
{"type":"operationEnd","operationId":"keuvpo5tpevr5le","timestamp":1677019510535,"id":"zqda188v0kkz5xr","previousEventId":"6xjjozz3dcaamir","previousOperationId":"keuvpo5tpevr5le"}
{"type":"log","timestamp":1677019510535,"level":"info","message":"pdf-utils is starting pdf processing","meta":{"rootId":"wx5zr1n5smehkvt","id":"wx5zr1n5smehkvt"},"id":"90sieacj0rqnpv1","previousOperationId":"keuvpo5tpevr5le"}
{"type":"operationStart","subtype":"pdfUtils","name":"pdf utils","timestamp":1677019510535,"id":"lqbsvti55bwbxu3","previousEventId":"zqda188v0kkz5xr","operationId":"g2pn99jiebe6i8o","previousOperationId":"keuvpo5tpevr5le"}
{"type":"log","timestamp":1677019510535,"level":"debug","message":"pdf-utils detected 1 pdf operation(s) to process","meta":{"rootId":"wx5zr1n5smehkvt","id":"wx5zr1n5smehkvt"},"id":"xils4gcefrk61yl","previousOperationId":"g2pn99jiebe6i8o"}
{"type":"log","timestamp":1677019510560,"level":"debug","message":"pdf-utils running pdf operation merge","meta":{"rootId":"wx5zr1n5smehkvt","id":"wx5zr1n5smehkvt"},"id":"jgt2xgklhtjtq79","previousOperationId":"g2pn99jiebe6i8o"}
{"type":"operationStart","subtype":"pdfUtilsMerge","name":"pdf utils merge","previousOperationId":"g2pn99jiebe6i8o","timestamp":1677019510560,"id":"eo10ujz4d757d5q","previousEventId":"lqbsvti55bwbxu3","operationId":"wgonbop3er9vi7q"}
{"type":"operationStart","subtype":"render","name":"authors-header","previousOperationId":"wgonbop3er9vi7q","timestamp":1677019510561,"id":"k40w5a5c03jqudn","previousEventId":"eo10ujz4d757d5q","operationId":"fyo2020b73ygv27"}
{"type":"log","timestamp":1677019510561,"level":"info","message":"Starting rendering (child) request","meta":{"rootId":"wx5zr1n5smehkvt","id":"84g5g7svn83binq"},"id":"y9vvnw3d00g2s0q","previousOperationId":"fyo2020b73ygv27"}
{"type":"log","timestamp":1677019510561,"level":"info","message":"Rendering template { name: authors-header, recipe: chrome-pdf, engine: handlebars, preview: true }","meta":{"rootId":"wx5zr1n5smehkvt","id":"84g5g7svn83binq"},"id":"4xnu6qu8g4vd9zn","previousOperationId":"fyo2020b73ygv27"}
{"type":"log","timestamp":1677019510562,"level":"debug","message":"Inline data specified.","meta":{"rootId":"wx5zr1n5smehkvt","id":"84g5g7svn83binq"},"id":"v6m1uplso3b77kn","previousOperationId":"fyo2020b73ygv27"}
{"type":"log","timestamp":1677019510563,"level":"debug","message":"Base url not specified, skipping its injection.","meta":{"rootId":"wx5zr1n5smehkvt","id":"84g5g7svn83binq"},"id":"q7fy3lnmro9u64u","previousOperationId":"fyo2020b73ygv27"}
{"type":"operationStart","subtype":"engine","name":"handlebars","timestamp":1677019510563,"id":"bz06p78e9xlrwlx","previousEventId":"k40w5a5c03jqudn","operationId":"89zdsqrtnmy2sdi","previousOperationId":"fyo2020b73ygv27"}
{"type":"log","timestamp":1677019510563,"level":"debug","message":"Rendering engine handlebars","meta":{"rootId":"wx5zr1n5smehkvt","id":"84g5g7svn83binq"},"id":"d1bkndb9poofdqt","previousOperationId":"89zdsqrtnmy2sdi"}
{"type":"operationEnd","operationId":"89zdsqrtnmy2sdi","timestamp":1677019510581,"id":"pecs0lbo7sujdz5","previousEventId":"bz06p78e9xlrwlx","previousOperationId":"89zdsqrtnmy2sdi"}
{"type":"operationStart","subtype":"recipe","name":"chrome-pdf","timestamp":1677019510581,"id":"6ksrp5ezgcvrnrz","previousEventId":"pecs0lbo7sujdz5","operationId":"0i9mfual3wqsuu9","previousOperationId":"89zdsqrtnmy2sdi"}
{"type":"log","timestamp":1677019510581,"level":"debug","message":"Executing recipe chrome-pdf","meta":{"rootId":"wx5zr1n5smehkvt","id":"84g5g7svn83binq"},"id":"59dll7r6sqxa6bm","previousOperationId":"0i9mfual3wqsuu9"}
{"type":"log","timestamp":1677019510583,"level":"debug","message":"Converting with chrome HeadlessChrome/105.0.5173.0 using chrome-pool strategy","meta":{"rootId":"wx5zr1n5smehkvt","id":"84g5g7svn83binq"},"id":"t6ndt9ts31ipd3l","previousOperationId":"0i9mfual3wqsuu9"}
{"type":"log","timestamp":1677019510684,"level":"debug","message":"Page request: GET (document) file:///C:/Users/pollo/AppData/Local/Temp/jsreport/autocleanup/5de21a5f-1d0d-404a-b9a3-86f4dccb7f5e-chrome-pdf.html","meta":{"rootId":"wx5zr1n5smehkvt","id":"84g5g7svn83binq"},"id":"c0nbgvznnniwafq","previousOperationId":"0i9mfual3wqsuu9"}
{"type":"log","timestamp":1677019510694,"level":"debug","message":"Page request finished: GET (document) 200 file:///C:/Users/pollo/AppData/Local/Temp/jsreport/autocleanup/5de21a5f-1d0d-404a-b9a3-86f4dccb7f5e-chrome-pdf.html","meta":{"rootId":"wx5zr1n5smehkvt","id":"84g5g7svn83binq"},"id":"b2pni2cdnapxei3","previousOperationId":"0i9mfual3wqsuu9"}
{"type":"log","timestamp":1677019510694,"level":"debug","message":"Page request: GET (stylesheet) https://cdnjs.cloudflare.com/ajax/libs/metro/4.1.5/css/metro.min.css","meta":{"rootId":"wx5zr1n5smehkvt","id":"84g5g7svn83binq"},"id":"7gk9tdie09gakj5","previousOperationId":"0i9mfual3wqsuu9"}
{"type":"log","timestamp":1677019510715,"level":"debug","message":"Page request finished: GET (stylesheet) 200 https://cdnjs.cloudflare.com/ajax/libs/metro/4.1.5/css/metro.min.css","meta":{"rootId":"wx5zr1n5smehkvt","id":"84g5g7svn83binq"},"id":"1b8o6zj8wmk3xck","previousOperationId":"0i9mfual3wqsuu9"}
{"type":"log","timestamp":1677019510739,"level":"debug","message":"Running chrome with params {\"printBackground\":true,\"marginTop\":\"1.5cm\",\"marginRight\":\"1.5cm\",\"marginLeft\":\"1.cm\",\"timeout\":59277,\"margin\":{\"top\":\"1.5cm\",\"right\":\"1.5cm\",\"left\":\"1.cm\"}}","meta":{"rootId":"wx5zr1n5smehkvt","id":"84g5g7svn83binq"},"id":"cdujycjxluzkhee","previousOperationId":"0i9mfual3wqsuu9"}
{"type":"operationEnd","operationId":"0i9mfual3wqsuu9","timestamp":1677019510804,"id":"9vub974nbit2j2a","previousEventId":"6ksrp5ezgcvrnrz","previousOperationId":"0i9mfual3wqsuu9"}
{"type":"log","timestamp":1677019510804,"level":"debug","message":"Skipping storing report.","meta":{"rootId":"wx5zr1n5smehkvt","id":"84g5g7svn83binq"},"id":"hu4j69wfrcjhfcn","previousOperationId":"0i9mfual3wqsuu9"}
{"type":"log","timestamp":1677019510804,"level":"info","message":"Rendering (child) request finished in 944 ms","meta":{"rootId":"wx5zr1n5smehkvt","id":"84g5g7svn83binq"},"id":"zs7t5q1lthdqoc5","previousOperationId":"0i9mfual3wqsuu9"}
{"type":"operationEnd","subtype":"render","operationId":"fyo2020b73ygv27","timestamp":1677019510804,"id":"42jpvju3id9dpu4","previousEventId":"9vub974nbit2j2a","previousOperationId":"0i9mfual3wqsuu9"}
{"type":"operationEnd","operationId":"wgonbop3er9vi7q","timestamp":1677019510813,"id":"zmtr9x5qu8jbv37","previousEventId":"eo10ujz4d757d5q","previousOperationId":"wgonbop3er9vi7q"}
{"type":"log","timestamp":1677019510813,"level":"debug","message":"pdf-utils postproces start","meta":{"rootId":"wx5zr1n5smehkvt","id":"wx5zr1n5smehkvt"},"id":"0ivv5hg50zr3i07","previousOperationId":"wgonbop3er9vi7q"}
{"type":"log","timestamp":1677019510825,"level":"debug","message":"pdf-utils postproces end","meta":{"rootId":"wx5zr1n5smehkvt","id":"wx5zr1n5smehkvt"},"id":"759daimwulv17ci","previousOperationId":"wgonbop3er9vi7q"}
{"type":"operationEnd","operationId":"g2pn99jiebe6i8o","timestamp":1677019510825,"id":"2csggkqzlco1loo","previousEventId":"zmtr9x5qu8jbv37","previousOperationId":"wgonbop3er9vi7q"}
{"type":"log","timestamp":1677019510825,"level":"info","message":"pdf-utils pdf processing was finished","meta":{"rootId":"wx5zr1n5smehkvt","id":"wx5zr1n5smehkvt"},"id":"tkwm7tsrf6wtpk2","previousOperationId":"g2pn99jiebe6i8o"}
{"type":"log","timestamp":1677019510825,"level":"debug","message":"Skipping storing report.","meta":{"rootId":"wx5zr1n5smehkvt","id":"wx5zr1n5smehkvt"},"id":"0jybio7mybamtt7","previousOperationId":"g2pn99jiebe6i8o"}
{"type":"log","timestamp":1677019510825,"level":"info","message":"Rendering request 18 finished in 965 ms","meta":{"rootId":"wx5zr1n5smehkvt","id":"wx5zr1n5smehkvt"},"id":"49eplcai13c3aep","previousOperationId":"g2pn99jiebe6i8o"}
{"type":"operationEnd","subtype":"render","operationId":"jfj43tg1kcthipc","timestamp":1677019510825,"id":"mkv8fu8ufy9fhnf","previousEventId":"2csggkqzlco1loo","previousOperationId":"g2pn99jiebe6i8o"}
{"type":"operationEnd","doDiffs":false,"previousEventId":"rnao5u9rkoka6kh","previousOperationId":"i7hr25l4dk0g440","operationId":"i7hr25l4dk0g440","timestamp":1677019510836,"id":"cmvi7bj4q6qn2wa"}
