{"type":"operationStart","subtype":"profile","data":{"_id":"DzgTjkTVgsGbCFxc","timestamp":"2023-02-21T22:47:53.396Z","state":"queued","mode":"standard","creationDate":"2023-02-21T22:47:53.397Z","modificationDate":"2023-02-21T22:47:53.397Z","shortid":"hDkDbDo","$entitySet":"profiles"},"doDiffs":false,"timestamp":1677019673397,"id":"4f2y13odtrla9bb","previousOperationId":null,"operationId":"97pcccnk13yvjpk"}
{"type":"log","level":"info","message":"Render request 22 queued for execution and waiting for available worker","previousOperationId":"97pcccnk13yvjpk","timestamp":1677019673397,"id":"hcrozrv7nf9imhv"}
{"type":"operationStart","subtype":"render","name":"authors-main","previousOperationId":"97pcccnk13yvjpk","timestamp":1677019673406,"id":"w8h9i31jtc2gpzd","previousEventId":"4f2y13odtrla9bb","operationId":"us0y15kqvcaluiy"}
{"type":"log","timestamp":1677019673406,"level":"info","message":"Starting rendering request 22","meta":{"rootId":"xk3bwtphjihkbxy","id":"xk3bwtphjihkbxy"},"id":"rkhn0prfy2mzj32","previousOperationId":"us0y15kqvcaluiy"}
{"type":"log","timestamp":1677019673407,"level":"info","message":"Rendering template { name: authors-main, recipe: chrome-pdf, engine: handlebars, preview: true }","meta":{"rootId":"xk3bwtphjihkbxy","id":"xk3bwtphjihkbxy"},"id":"y4u5vjxlgklq8v4","previousOperationId":"us0y15kqvcaluiy"}
{"type":"log","timestamp":1677019673408,"level":"debug","message":"Data item not defined for this template.","meta":{"rootId":"xk3bwtphjihkbxy","id":"xk3bwtphjihkbxy"},"id":"j1cvb7jneeuoy1q","previousOperationId":"us0y15kqvcaluiy"}
{"type":"log","timestamp":1677019673411,"level":"debug","message":"Executing script authors-script (beforeRender)","meta":{"rootId":"xk3bwtphjihkbxy","id":"xk3bwtphjihkbxy"},"id":"46cc10oke18xdcp","previousOperationId":"us0y15kqvcaluiy"}
{"type":"operationStart","subtype":"scriptsBeforeRender","name":"scripts beforeRender","timestamp":1677019673439,"id":"1da1w703g1orrwk","previousEventId":"w8h9i31jtc2gpzd","operationId":"ydtbioj4c0ijuiw","previousOperationId":"us0y15kqvcaluiy"}
{"type":"operationStart","subtype":"script","name":"scripts authors-script","previousOperationId":"ydtbioj4c0ijuiw","timestamp":1677019673439,"id":"uqdj8chlhxq89xn","previousEventId":"1da1w703g1orrwk","operationId":"7wn62uw6vclt13a"}
{"type":"log","timestamp":1677019673669,"level":"debug","message":"(console:log) [ 0, 1 ]","meta":{"userLevel":true,"rootId":"xk3bwtphjihkbxy","id":"xk3bwtphjihkbxy"},"id":"q7thbjgkquj3tz5","previousOperationId":"7wn62uw6vclt13a"}
{"type":"operationEnd","operationId":"7wn62uw6vclt13a","timestamp":1677019673669,"id":"gj61s70txxp5ib6","previousEventId":"w8h9i31jtc2gpzd","previousOperationId":"us0y15kqvcaluiy"}
{"type":"operationEnd","operationId":"ydtbioj4c0ijuiw","timestamp":1677019673669,"id":"syn3jo8yve60alg","previousEventId":"gj61s70txxp5ib6","previousOperationId":"us0y15kqvcaluiy"}
{"type":"log","timestamp":1677019673669,"level":"debug","message":"Base url not specified, skipping its injection.","meta":{"rootId":"xk3bwtphjihkbxy","id":"xk3bwtphjihkbxy"},"id":"n0dewos1qavd21o","previousOperationId":"ydtbioj4c0ijuiw"}
{"type":"operationStart","subtype":"engine","name":"handlebars","timestamp":1677019673669,"id":"ag8eqqpyr9xctdw","previousEventId":"syn3jo8yve60alg","operationId":"y7v1hus11o64zyx","previousOperationId":"ydtbioj4c0ijuiw"}
{"type":"log","timestamp":1677019673669,"level":"debug","message":"Rendering engine handlebars","meta":{"rootId":"xk3bwtphjihkbxy","id":"xk3bwtphjihkbxy"},"id":"9xb1zhv6nib346m","previousOperationId":"y7v1hus11o64zyx"}
{"type":"operationEnd","operationId":"y7v1hus11o64zyx","timestamp":1677019673686,"id":"g0wk1l0t72iljo9","previousEventId":"ag8eqqpyr9xctdw","previousOperationId":"y7v1hus11o64zyx"}
{"type":"operationStart","subtype":"recipe","name":"chrome-pdf","timestamp":1677019673686,"id":"qy9vgv39qlmnjle","previousEventId":"g0wk1l0t72iljo9","operationId":"tn29glynmz1eibl","previousOperationId":"y7v1hus11o64zyx"}
{"type":"log","timestamp":1677019673686,"level":"debug","message":"Executing recipe chrome-pdf","meta":{"rootId":"xk3bwtphjihkbxy","id":"xk3bwtphjihkbxy"},"id":"p90hkwkn7wu1rpg","previousOperationId":"tn29glynmz1eibl"}
{"type":"log","timestamp":1677019673689,"level":"debug","message":"Converting with chrome HeadlessChrome/105.0.5173.0 using chrome-pool strategy","meta":{"rootId":"xk3bwtphjihkbxy","id":"xk3bwtphjihkbxy"},"id":"t6z5qgd2uq4q7xg","previousOperationId":"tn29glynmz1eibl"}
{"type":"log","timestamp":1677019673811,"level":"debug","message":"Page request: GET (document) file:///C:/Users/pollo/AppData/Local/Temp/jsreport/autocleanup/87d425a2-0dc7-4865-8570-48ee1cbd6eb9-chrome-pdf.html","meta":{"rootId":"xk3bwtphjihkbxy","id":"xk3bwtphjihkbxy"},"id":"0xwvegl5ywv2wrw","previousOperationId":"tn29glynmz1eibl"}
{"type":"log","timestamp":1677019673837,"level":"debug","message":"Page request finished: GET (document) 200 file:///C:/Users/pollo/AppData/Local/Temp/jsreport/autocleanup/87d425a2-0dc7-4865-8570-48ee1cbd6eb9-chrome-pdf.html","meta":{"rootId":"xk3bwtphjihkbxy","id":"xk3bwtphjihkbxy"},"id":"bg2ko9rf8g0h3l0","previousOperationId":"tn29glynmz1eibl"}
{"type":"log","timestamp":1677019673837,"level":"debug","message":"Page request: GET (stylesheet) https://cdnjs.cloudflare.com/ajax/libs/metro/4.1.5/css/metro.min.css","meta":{"rootId":"xk3bwtphjihkbxy","id":"xk3bwtphjihkbxy"},"id":"sz2ad7zp1c72ud9","previousOperationId":"tn29glynmz1eibl"}
{"type":"log","timestamp":1677019673838,"level":"debug","message":"Page request: GET (script) https://cdn.jsdelivr.net/npm/chart.js","meta":{"rootId":"xk3bwtphjihkbxy","id":"xk3bwtphjihkbxy"},"id":"e7n57n0cgi1wxaz","previousOperationId":"tn29glynmz1eibl"}
{"type":"log","timestamp":1677019673845,"level":"debug","message":"Page request finished: GET (script) 200 https://cdn.jsdelivr.net/npm/chart.js","meta":{"rootId":"xk3bwtphjihkbxy","id":"xk3bwtphjihkbxy"},"id":"6j3et08n88plzmg","previousOperationId":"tn29glynmz1eibl"}
{"type":"log","timestamp":1677019673861,"level":"debug","message":"Page request finished: GET (stylesheet) 200 https://cdnjs.cloudflare.com/ajax/libs/metro/4.1.5/css/metro.min.css","meta":{"rootId":"xk3bwtphjihkbxy","id":"xk3bwtphjihkbxy"},"id":"d8pvct6ckbm6snt","previousOperationId":"tn29glynmz1eibl"}
{"type":"log","timestamp":1677019673972,"level":"debug","message":"Running chrome with params {\"printBackground\":true,\"marginTop\":\"4cm\",\"marginRight\":\"1.5cm\",\"marginBottom\":\"1.5cm\",\"marginLeft\":\"1.5cm\",\"waitForJS\":false,\"timeout\":59708,\"margin\":{\"top\":\"4cm\",\"right\":\"1.5cm\",\"bottom\":\"1.5cm\",\"left\":\"1.5cm\"}}","meta":{"rootId":"xk3bwtphjihkbxy","id":"xk3bwtphjihkbxy"},"id":"cnq92u2ixjghh7w","previousOperationId":"tn29glynmz1eibl"}
{"type":"operationEnd","operationId":"tn29glynmz1eibl","timestamp":1677019674071,"id":"oa84hgfh16xd74k","previousEventId":"qy9vgv39qlmnjle","previousOperationId":"tn29glynmz1eibl"}
{"type":"log","timestamp":1677019674071,"level":"info","message":"pdf-utils is starting pdf processing","meta":{"rootId":"xk3bwtphjihkbxy","id":"xk3bwtphjihkbxy"},"id":"hrffdqj3h9gwq3o","previousOperationId":"tn29glynmz1eibl"}
{"type":"operationStart","subtype":"pdfUtils","name":"pdf utils","timestamp":1677019674071,"id":"zdoyekm0eiyiigc","previousEventId":"oa84hgfh16xd74k","operationId":"ykp1me4k1vqq97x","previousOperationId":"tn29glynmz1eibl"}
{"type":"log","timestamp":1677019674071,"level":"debug","message":"pdf-utils detected 1 pdf operation(s) to process","meta":{"rootId":"xk3bwtphjihkbxy","id":"xk3bwtphjihkbxy"},"id":"js5m5cqcbtqob99","previousOperationId":"ykp1me4k1vqq97x"}
{"type":"log","timestamp":1677019674092,"level":"debug","message":"pdf-utils running pdf operation merge","meta":{"rootId":"xk3bwtphjihkbxy","id":"xk3bwtphjihkbxy"},"id":"okneldycy78owbn","previousOperationId":"ykp1me4k1vqq97x"}
{"type":"operationStart","subtype":"pdfUtilsMerge","name":"pdf utils merge","previousOperationId":"ykp1me4k1vqq97x","timestamp":1677019674092,"id":"xw3tiy6w5sswrak","previousEventId":"zdoyekm0eiyiigc","operationId":"gjtntaod4xt38qh"}
{"type":"operationStart","subtype":"render","name":"authors-header","previousOperationId":"gjtntaod4xt38qh","timestamp":1677019674094,"id":"0s3qgtu6j9t2f9h","previousEventId":"xw3tiy6w5sswrak","operationId":"96uzyhlakequ76y"}
{"type":"log","timestamp":1677019674094,"level":"info","message":"Starting rendering (child) request","meta":{"rootId":"xk3bwtphjihkbxy","id":"99h0xpep6hopcov"},"id":"8grmos804kjqsez","previousOperationId":"96uzyhlakequ76y"}
{"type":"log","timestamp":1677019674094,"level":"info","message":"Rendering template { name: authors-header, recipe: chrome-pdf, engine: handlebars, preview: true }","meta":{"rootId":"xk3bwtphjihkbxy","id":"99h0xpep6hopcov"},"id":"g7k4lgy1xtwuizi","previousOperationId":"96uzyhlakequ76y"}
{"type":"log","timestamp":1677019674094,"level":"debug","message":"Inline data specified.","meta":{"rootId":"xk3bwtphjihkbxy","id":"99h0xpep6hopcov"},"id":"5vxcaiwj9w42yoq","previousOperationId":"96uzyhlakequ76y"}
{"type":"log","timestamp":1677019674102,"level":"debug","message":"Base url not specified, skipping its injection.","meta":{"rootId":"xk3bwtphjihkbxy","id":"99h0xpep6hopcov"},"id":"f1r1vfrqd4hwdfb","previousOperationId":"96uzyhlakequ76y"}
{"type":"operationStart","subtype":"engine","name":"handlebars","timestamp":1677019674102,"id":"ic4rrzigg69d88g","previousEventId":"0s3qgtu6j9t2f9h","operationId":"ts587zq1qy8cjw0","previousOperationId":"96uzyhlakequ76y"}
{"type":"log","timestamp":1677019674102,"level":"debug","message":"Rendering engine handlebars","meta":{"rootId":"xk3bwtphjihkbxy","id":"99h0xpep6hopcov"},"id":"neujiv227ltxcvq","previousOperationId":"ts587zq1qy8cjw0"}
{"type":"operationEnd","operationId":"ts587zq1qy8cjw0","timestamp":1677019674112,"id":"elwfeyvky6x1pv2","previousEventId":"ic4rrzigg69d88g","previousOperationId":"ts587zq1qy8cjw0"}
{"type":"operationStart","subtype":"recipe","name":"chrome-pdf","timestamp":1677019674112,"id":"pi6v46vy7fav1y0","previousEventId":"elwfeyvky6x1pv2","operationId":"2mgdp4detle8h7n","previousOperationId":"ts587zq1qy8cjw0"}
{"type":"log","timestamp":1677019674112,"level":"debug","message":"Executing recipe chrome-pdf","meta":{"rootId":"xk3bwtphjihkbxy","id":"99h0xpep6hopcov"},"id":"evrmu0rt28kcqmp","previousOperationId":"2mgdp4detle8h7n"}
{"type":"log","timestamp":1677019674115,"level":"debug","message":"Converting with chrome HeadlessChrome/105.0.5173.0 using chrome-pool strategy","meta":{"rootId":"xk3bwtphjihkbxy","id":"99h0xpep6hopcov"},"id":"u6mhe5rtfszwxvm","previousOperationId":"2mgdp4detle8h7n"}
{"type":"log","timestamp":1677019674219,"level":"debug","message":"Page request: GET (document) file:///C:/Users/pollo/AppData/Local/Temp/jsreport/autocleanup/789e51b0-47fb-4161-bc84-f2b054776fe7-chrome-pdf.html","meta":{"rootId":"xk3bwtphjihkbxy","id":"99h0xpep6hopcov"},"id":"qkkqxeheg2uks62","previousOperationId":"2mgdp4detle8h7n"}
{"type":"log","timestamp":1677019674230,"level":"debug","message":"Page request: GET (stylesheet) https://cdnjs.cloudflare.com/ajax/libs/metro/4.1.5/css/metro.min.css","meta":{"rootId":"xk3bwtphjihkbxy","id":"99h0xpep6hopcov"},"id":"575haychjdb7phx","previousOperationId":"2mgdp4detle8h7n"}
{"type":"log","timestamp":1677019674230,"level":"debug","message":"Page request finished: GET (document) 200 file:///C:/Users/pollo/AppData/Local/Temp/jsreport/autocleanup/789e51b0-47fb-4161-bc84-f2b054776fe7-chrome-pdf.html","meta":{"rootId":"xk3bwtphjihkbxy","id":"99h0xpep6hopcov"},"id":"fob9lgguwpp5und","previousOperationId":"2mgdp4detle8h7n"}
{"type":"log","timestamp":1677019674252,"level":"debug","message":"Page request finished: GET (stylesheet) 200 https://cdnjs.cloudflare.com/ajax/libs/metro/4.1.5/css/metro.min.css","meta":{"rootId":"xk3bwtphjihkbxy","id":"99h0xpep6hopcov"},"id":"s4oziad0byfs031","previousOperationId":"2mgdp4detle8h7n"}
{"type":"log","timestamp":1677019674274,"level":"debug","message":"Running chrome with params {\"printBackground\":true,\"marginTop\":\"1.5cm\",\"marginRight\":\"1.5cm\",\"marginLeft\":\"1.cm\",\"timeout\":59282,\"margin\":{\"top\":\"1.5cm\",\"right\":\"1.5cm\",\"left\":\"1.cm\"}}","meta":{"rootId":"xk3bwtphjihkbxy","id":"99h0xpep6hopcov"},"id":"a5m9uvruang5x4x","previousOperationId":"2mgdp4detle8h7n"}
{"type":"operationEnd","operationId":"2mgdp4detle8h7n","timestamp":1677019674338,"id":"36nn7yq0u8pfsye","previousEventId":"pi6v46vy7fav1y0","previousOperationId":"2mgdp4detle8h7n"}
{"type":"log","timestamp":1677019674338,"level":"debug","message":"Skipping storing report.","meta":{"rootId":"xk3bwtphjihkbxy","id":"99h0xpep6hopcov"},"id":"9qtdppmdq6nfho8","previousOperationId":"2mgdp4detle8h7n"}
{"type":"log","timestamp":1677019674338,"level":"info","message":"Rendering (child) request finished in 942 ms","meta":{"rootId":"xk3bwtphjihkbxy","id":"99h0xpep6hopcov"},"id":"flkz3uic5g74ofz","previousOperationId":"2mgdp4detle8h7n"}
{"type":"operationEnd","subtype":"render","operationId":"96uzyhlakequ76y","timestamp":1677019674338,"id":"ycujdqe8uc0qcqa","previousEventId":"36nn7yq0u8pfsye","previousOperationId":"2mgdp4detle8h7n"}
{"type":"operationEnd","operationId":"gjtntaod4xt38qh","timestamp":1677019674356,"id":"zbd9a8gst1ifdfb","previousEventId":"xw3tiy6w5sswrak","previousOperationId":"gjtntaod4xt38qh"}
{"type":"log","timestamp":1677019674356,"level":"debug","message":"pdf-utils postproces start","meta":{"rootId":"xk3bwtphjihkbxy","id":"xk3bwtphjihkbxy"},"id":"7ctu30qev6sdspm","previousOperationId":"gjtntaod4xt38qh"}
{"type":"log","timestamp":1677019674366,"level":"debug","message":"pdf-utils postproces end","meta":{"rootId":"xk3bwtphjihkbxy","id":"xk3bwtphjihkbxy"},"id":"3keejudeyfw3yes","previousOperationId":"gjtntaod4xt38qh"}
{"type":"operationEnd","operationId":"ykp1me4k1vqq97x","timestamp":1677019674366,"id":"9wv787xgsd1hs7v","previousEventId":"zbd9a8gst1ifdfb","previousOperationId":"gjtntaod4xt38qh"}
{"type":"log","timestamp":1677019674366,"level":"info","message":"pdf-utils pdf processing was finished","meta":{"rootId":"xk3bwtphjihkbxy","id":"xk3bwtphjihkbxy"},"id":"u6hnxa9ugzgvnaf","previousOperationId":"ykp1me4k1vqq97x"}
{"type":"log","timestamp":1677019674366,"level":"debug","message":"Skipping storing report.","meta":{"rootId":"xk3bwtphjihkbxy","id":"xk3bwtphjihkbxy"},"id":"wlxnho5yhmv3dwz","previousOperationId":"ykp1me4k1vqq97x"}
{"type":"log","timestamp":1677019674366,"level":"info","message":"Rendering request 22 finished in 970 ms","meta":{"rootId":"xk3bwtphjihkbxy","id":"xk3bwtphjihkbxy"},"id":"bmxtlp8md5unuvl","previousOperationId":"ykp1me4k1vqq97x"}
{"type":"operationEnd","subtype":"render","operationId":"us0y15kqvcaluiy","timestamp":1677019674366,"id":"ndfqfjbfcavtpvj","previousEventId":"9wv787xgsd1hs7v","previousOperationId":"ykp1me4k1vqq97x"}
{"type":"operationEnd","doDiffs":false,"previousEventId":"4f2y13odtrla9bb","previousOperationId":"97pcccnk13yvjpk","operationId":"97pcccnk13yvjpk","timestamp":1677019674374,"id":"iras5kd2irkcyjz"}
