{"type":"operationStart","subtype":"profile","data":{"_id":"b3vBiBKqKb07d2qq","timestamp":"2023-02-21T22:39:49.071Z","state":"queued","mode":"standard","creationDate":"2023-02-21T22:39:49.073Z","modificationDate":"2023-02-21T22:39:49.073Z","shortid":"C9Em6jH","$entitySet":"profiles"},"doDiffs":false,"timestamp":1677019189072,"id":"coso0acgc4pxjwf","previousOperationId":null,"operationId":"46vki0hukb4gai5"}
{"type":"log","level":"info","message":"Render request 11 queued for execution and waiting for available worker","previousOperationId":"46vki0hukb4gai5","timestamp":1677019189073,"id":"u1ghy2hdaaaez0o"}
{"type":"operationStart","subtype":"render","name":"authors-main","previousOperationId":"46vki0hukb4gai5","timestamp":1677019189083,"id":"buklcpnip5aaj1o","previousEventId":"coso0acgc4pxjwf","operationId":"ly4imyy37n6fefy"}
{"type":"log","timestamp":1677019189083,"level":"info","message":"Starting rendering request 11","meta":{"rootId":"yrqg1p6iich8rxf","id":"yrqg1p6iich8rxf"},"id":"ppu7int06q5lsml","previousOperationId":"ly4imyy37n6fefy"}
{"type":"log","timestamp":1677019189083,"level":"info","message":"Rendering template { name: authors-main, recipe: chrome-pdf, engine: handlebars, preview: true }","meta":{"rootId":"yrqg1p6iich8rxf","id":"yrqg1p6iich8rxf"},"id":"usw4foqcdqptni8","previousOperationId":"ly4imyy37n6fefy"}
{"type":"log","timestamp":1677019189084,"level":"debug","message":"Data item not defined for this template.","meta":{"rootId":"yrqg1p6iich8rxf","id":"yrqg1p6iich8rxf"},"id":"y3jk0y9dex2k4z8","previousOperationId":"ly4imyy37n6fefy"}
{"type":"log","timestamp":1677019189085,"level":"debug","message":"Executing script authors-script (beforeRender)","meta":{"rootId":"yrqg1p6iich8rxf","id":"yrqg1p6iich8rxf"},"id":"4utb7rvoow2fl5t","previousOperationId":"ly4imyy37n6fefy"}
{"type":"operationStart","subtype":"scriptsBeforeRender","name":"scripts beforeRender","timestamp":1677019189115,"id":"4pu9wql1amu2lvc","previousEventId":"buklcpnip5aaj1o","operationId":"75ya0i1ewp4m4jc","previousOperationId":"ly4imyy37n6fefy"}
{"type":"operationStart","subtype":"script","name":"scripts authors-script","previousOperationId":"75ya0i1ewp4m4jc","timestamp":1677019189115,"id":"jvbjmf6mpu6q265","previousEventId":"4pu9wql1amu2lvc","operationId":"om5a745pwznwbvk"}
{"type":"log","timestamp":1677019189408,"level":"debug","message":"(console:log) [ 0, 1 ]","meta":{"userLevel":true,"rootId":"yrqg1p6iich8rxf","id":"yrqg1p6iich8rxf"},"id":"94vcyg3xvi4o4b1","previousOperationId":"om5a745pwznwbvk"}
{"type":"operationEnd","operationId":"om5a745pwznwbvk","timestamp":1677019189408,"id":"rvqp6ra6kv5ts6y","previousEventId":"buklcpnip5aaj1o","previousOperationId":"ly4imyy37n6fefy"}
{"type":"operationEnd","operationId":"75ya0i1ewp4m4jc","timestamp":1677019189408,"id":"63guzhmmo9hw1lk","previousEventId":"rvqp6ra6kv5ts6y","previousOperationId":"ly4imyy37n6fefy"}
{"type":"log","timestamp":1677019189408,"level":"debug","message":"Base url not specified, skipping its injection.","meta":{"rootId":"yrqg1p6iich8rxf","id":"yrqg1p6iich8rxf"},"id":"bellhf0rshovqg1","previousOperationId":"75ya0i1ewp4m4jc"}
{"type":"operationStart","subtype":"engine","name":"handlebars","timestamp":1677019189409,"id":"bffs6n1phd6iv7p","previousEventId":"63guzhmmo9hw1lk","operationId":"4rqcznbidp3qjfg","previousOperationId":"75ya0i1ewp4m4jc"}
{"type":"log","timestamp":1677019189409,"level":"debug","message":"Rendering engine handlebars","meta":{"rootId":"yrqg1p6iich8rxf","id":"yrqg1p6iich8rxf"},"id":"1imeroappakru8t","previousOperationId":"4rqcznbidp3qjfg"}
{"type":"operationEnd","operationId":"4rqcznbidp3qjfg","timestamp":1677019189422,"id":"6he73cdmezzdj10","previousEventId":"bffs6n1phd6iv7p","previousOperationId":"4rqcznbidp3qjfg"}
{"type":"operationStart","subtype":"recipe","name":"chrome-pdf","timestamp":1677019189422,"id":"012soxwtzbfx8nh","previousEventId":"6he73cdmezzdj10","operationId":"dftnx4s3cltlf8z","previousOperationId":"4rqcznbidp3qjfg"}
{"type":"log","timestamp":1677019189422,"level":"debug","message":"Executing recipe chrome-pdf","meta":{"rootId":"yrqg1p6iich8rxf","id":"yrqg1p6iich8rxf"},"id":"qnkbwqj776h00o7","previousOperationId":"dftnx4s3cltlf8z"}
{"type":"log","timestamp":1677019189425,"level":"debug","message":"Converting with chrome HeadlessChrome/105.0.5173.0 using chrome-pool strategy","meta":{"rootId":"yrqg1p6iich8rxf","id":"yrqg1p6iich8rxf"},"id":"8o99jp1ub57dj9n","previousOperationId":"dftnx4s3cltlf8z"}
{"type":"log","timestamp":1677019189521,"level":"debug","message":"Page request: GET (document) file:///C:/Users/pollo/AppData/Local/Temp/jsreport/autocleanup/6c819629-92cc-489f-b33a-74a023f2dabd-chrome-pdf.html","meta":{"rootId":"yrqg1p6iich8rxf","id":"yrqg1p6iich8rxf"},"id":"xbiei92yde6ya8x","previousOperationId":"dftnx4s3cltlf8z"}
{"type":"log","timestamp":1677019189542,"level":"debug","message":"Page request finished: GET (document) 200 file:///C:/Users/pollo/AppData/Local/Temp/jsreport/autocleanup/6c819629-92cc-489f-b33a-74a023f2dabd-chrome-pdf.html","meta":{"rootId":"yrqg1p6iich8rxf","id":"yrqg1p6iich8rxf"},"id":"bxhj4adtojf45qe","previousOperationId":"dftnx4s3cltlf8z"}
{"type":"log","timestamp":1677019189542,"level":"debug","message":"Page request: GET (stylesheet) https://cdnjs.cloudflare.com/ajax/libs/metro/4.1.5/css/metro.min.css","meta":{"rootId":"yrqg1p6iich8rxf","id":"yrqg1p6iich8rxf"},"id":"7b0yrsg0v7d9hoq","previousOperationId":"dftnx4s3cltlf8z"}
{"type":"log","timestamp":1677019189542,"level":"debug","message":"Page request: GET (script) https://cdn.jsdelivr.net/npm/chart.js","meta":{"rootId":"yrqg1p6iich8rxf","id":"yrqg1p6iich8rxf"},"id":"e480gaamxn31ett","previousOperationId":"dftnx4s3cltlf8z"}
{"type":"log","timestamp":1677019189549,"level":"debug","message":"Page request finished: GET (script) 200 https://cdn.jsdelivr.net/npm/chart.js","meta":{"rootId":"yrqg1p6iich8rxf","id":"yrqg1p6iich8rxf"},"id":"b6cdi4dk4dzxvas","previousOperationId":"dftnx4s3cltlf8z"}
{"type":"log","timestamp":1677019189565,"level":"debug","message":"Page request finished: GET (stylesheet) 200 https://cdnjs.cloudflare.com/ajax/libs/metro/4.1.5/css/metro.min.css","meta":{"rootId":"yrqg1p6iich8rxf","id":"yrqg1p6iich8rxf"},"id":"zyfde2x9hn83gjq","previousOperationId":"dftnx4s3cltlf8z"}
{"type":"log","timestamp":1677019189570,"level":"warn","message":"Page error: SyntaxError: Unexpected token ','","meta":{"rootId":"yrqg1p6iich8rxf","id":"yrqg1p6iich8rxf"},"id":"5p63rbjwwrivh6r","previousOperationId":"dftnx4s3cltlf8z"}
{"type":"log","timestamp":1677019189603,"level":"debug","message":"Running chrome with params {\"printBackground\":true,\"marginTop\":\"4cm\",\"marginRight\":\"1.5cm\",\"marginBottom\":\"1.5cm\",\"marginLeft\":\"1.5cm\",\"waitForJS\":false,\"timeout\":59647,\"margin\":{\"top\":\"4cm\",\"right\":\"1.5cm\",\"bottom\":\"1.5cm\",\"left\":\"1.5cm\"}}","meta":{"rootId":"yrqg1p6iich8rxf","id":"yrqg1p6iich8rxf"},"id":"w3hss4kouch08cw","previousOperationId":"dftnx4s3cltlf8z"}
{"type":"operationEnd","operationId":"dftnx4s3cltlf8z","timestamp":1677019189689,"id":"kzz5l9ao7kxce21","previousEventId":"012soxwtzbfx8nh","previousOperationId":"dftnx4s3cltlf8z"}
{"type":"log","timestamp":1677019189689,"level":"info","message":"pdf-utils is starting pdf processing","meta":{"rootId":"yrqg1p6iich8rxf","id":"yrqg1p6iich8rxf"},"id":"y7hlwrkhe3gprhs","previousOperationId":"dftnx4s3cltlf8z"}
{"type":"operationStart","subtype":"pdfUtils","name":"pdf utils","timestamp":1677019189689,"id":"2l9k5ggqv98i1eu","previousEventId":"kzz5l9ao7kxce21","operationId":"ajmkk4vvc13624d","previousOperationId":"dftnx4s3cltlf8z"}
{"type":"log","timestamp":1677019189689,"level":"debug","message":"pdf-utils detected 1 pdf operation(s) to process","meta":{"rootId":"yrqg1p6iich8rxf","id":"yrqg1p6iich8rxf"},"id":"rf5wyg3317q6vsv","previousOperationId":"ajmkk4vvc13624d"}
{"type":"log","timestamp":1677019189717,"level":"debug","message":"pdf-utils running pdf operation merge","meta":{"rootId":"yrqg1p6iich8rxf","id":"yrqg1p6iich8rxf"},"id":"lq7vvs9z70sn33d","previousOperationId":"ajmkk4vvc13624d"}
{"type":"operationStart","subtype":"pdfUtilsMerge","name":"pdf utils merge","previousOperationId":"ajmkk4vvc13624d","timestamp":1677019189717,"id":"ff4g0fu9pec0pxk","previousEventId":"2l9k5ggqv98i1eu","operationId":"07gzq2pb7tyolbm"}
{"type":"operationStart","subtype":"render","name":"authors-header","previousOperationId":"07gzq2pb7tyolbm","timestamp":1677019189718,"id":"s93w539n12q1rdt","previousEventId":"ff4g0fu9pec0pxk","operationId":"4qctrwz3v9xq6h2"}
{"type":"log","timestamp":1677019189718,"level":"info","message":"Starting rendering (child) request","meta":{"rootId":"yrqg1p6iich8rxf","id":"9cq1j8078frpto9"},"id":"z85gmh3q6a8tlcz","previousOperationId":"4qctrwz3v9xq6h2"}
{"type":"log","timestamp":1677019189718,"level":"info","message":"Rendering template { name: authors-header, recipe: chrome-pdf, engine: handlebars, preview: true }","meta":{"rootId":"yrqg1p6iich8rxf","id":"9cq1j8078frpto9"},"id":"5ujkk62fto38gnk","previousOperationId":"4qctrwz3v9xq6h2"}
{"type":"log","timestamp":1677019189719,"level":"debug","message":"Inline data specified.","meta":{"rootId":"yrqg1p6iich8rxf","id":"9cq1j8078frpto9"},"id":"acwpy4n37ftjae6","previousOperationId":"4qctrwz3v9xq6h2"}
{"type":"log","timestamp":1677019189721,"level":"debug","message":"Base url not specified, skipping its injection.","meta":{"rootId":"yrqg1p6iich8rxf","id":"9cq1j8078frpto9"},"id":"n11ebn04pnsfrcy","previousOperationId":"4qctrwz3v9xq6h2"}
{"type":"operationStart","subtype":"engine","name":"handlebars","timestamp":1677019189721,"id":"6wb38kpf4plyzrf","previousEventId":"s93w539n12q1rdt","operationId":"rsqr62xlr88eprb","previousOperationId":"4qctrwz3v9xq6h2"}
{"type":"log","timestamp":1677019189721,"level":"debug","message":"Rendering engine handlebars","meta":{"rootId":"yrqg1p6iich8rxf","id":"9cq1j8078frpto9"},"id":"aw2anufe7g3yd3k","previousOperationId":"rsqr62xlr88eprb"}
{"type":"operationEnd","operationId":"rsqr62xlr88eprb","timestamp":1677019189738,"id":"b87ps1ssh1b7g8v","previousEventId":"6wb38kpf4plyzrf","previousOperationId":"rsqr62xlr88eprb"}
{"type":"operationStart","subtype":"recipe","name":"chrome-pdf","timestamp":1677019189738,"id":"mef0iknqv8pzi2k","previousEventId":"b87ps1ssh1b7g8v","operationId":"iwm61lb22yowyn4","previousOperationId":"rsqr62xlr88eprb"}
{"type":"log","timestamp":1677019189738,"level":"debug","message":"Executing recipe chrome-pdf","meta":{"rootId":"yrqg1p6iich8rxf","id":"9cq1j8078frpto9"},"id":"s4bbm06zcbkjhn6","previousOperationId":"iwm61lb22yowyn4"}
{"type":"log","timestamp":1677019189740,"level":"debug","message":"Converting with chrome HeadlessChrome/105.0.5173.0 using chrome-pool strategy","meta":{"rootId":"yrqg1p6iich8rxf","id":"9cq1j8078frpto9"},"id":"dysb5gzbzstnvzy","previousOperationId":"iwm61lb22yowyn4"}
{"type":"log","timestamp":1677019189846,"level":"debug","message":"Page request: GET (document) file:///C:/Users/pollo/AppData/Local/Temp/jsreport/autocleanup/ab8b833b-45ce-4273-9e83-f72bcf149f21-chrome-pdf.html","meta":{"rootId":"yrqg1p6iich8rxf","id":"9cq1j8078frpto9"},"id":"0n8u16olrurfpj3","previousOperationId":"iwm61lb22yowyn4"}
{"type":"log","timestamp":1677019189855,"level":"debug","message":"Page request finished: GET (document) 200 file:///C:/Users/pollo/AppData/Local/Temp/jsreport/autocleanup/ab8b833b-45ce-4273-9e83-f72bcf149f21-chrome-pdf.html","meta":{"rootId":"yrqg1p6iich8rxf","id":"9cq1j8078frpto9"},"id":"y5avpxsvxb3h52p","previousOperationId":"iwm61lb22yowyn4"}
{"type":"log","timestamp":1677019189855,"level":"debug","message":"Page request: GET (stylesheet) https://cdnjs.cloudflare.com/ajax/libs/metro/4.1.5/css/metro.min.css","meta":{"rootId":"yrqg1p6iich8rxf","id":"9cq1j8078frpto9"},"id":"ve23gft6vmxtts7","previousOperationId":"iwm61lb22yowyn4"}
{"type":"log","timestamp":1677019189876,"level":"debug","message":"Page request finished: GET (stylesheet) 200 https://cdnjs.cloudflare.com/ajax/libs/metro/4.1.5/css/metro.min.css","meta":{"rootId":"yrqg1p6iich8rxf","id":"9cq1j8078frpto9"},"id":"0kcrq807k75izab","previousOperationId":"iwm61lb22yowyn4"}
{"type":"log","timestamp":1677019189897,"level":"debug","message":"Running chrome with params {\"printBackground\":true,\"marginTop\":\"1.5cm\",\"marginRight\":\"1.5cm\",\"marginLeft\":\"1.cm\",\"timeout\":59332,\"margin\":{\"top\":\"1.5cm\",\"right\":\"1.5cm\",\"left\":\"1.cm\"}}","meta":{"rootId":"yrqg1p6iich8rxf","id":"9cq1j8078frpto9"},"id":"y9irne7t4eazs50","previousOperationId":"iwm61lb22yowyn4"}
{"type":"operationEnd","operationId":"iwm61lb22yowyn4","timestamp":1677019189952,"id":"4qc1tq9gx3hb0w6","previousEventId":"mef0iknqv8pzi2k","previousOperationId":"iwm61lb22yowyn4"}
{"type":"log","timestamp":1677019189952,"level":"debug","message":"Skipping storing report.","meta":{"rootId":"yrqg1p6iich8rxf","id":"9cq1j8078frpto9"},"id":"vmbw34khnbqsiv5","previousOperationId":"iwm61lb22yowyn4"}
{"type":"log","timestamp":1677019189952,"level":"info","message":"Rendering (child) request finished in 881 ms","meta":{"rootId":"yrqg1p6iich8rxf","id":"9cq1j8078frpto9"},"id":"rfn0qgr9t9bjwof","previousOperationId":"iwm61lb22yowyn4"}
{"type":"operationEnd","subtype":"render","operationId":"4qctrwz3v9xq6h2","timestamp":1677019189952,"id":"t4xdjo4p1ej1yer","previousEventId":"4qc1tq9gx3hb0w6","previousOperationId":"iwm61lb22yowyn4"}
{"type":"operationEnd","operationId":"07gzq2pb7tyolbm","timestamp":1677019189961,"id":"0f1y37d3eaw9y40","previousEventId":"ff4g0fu9pec0pxk","previousOperationId":"07gzq2pb7tyolbm"}
{"type":"log","timestamp":1677019189961,"level":"debug","message":"pdf-utils postproces start","meta":{"rootId":"yrqg1p6iich8rxf","id":"yrqg1p6iich8rxf"},"id":"tktdg6ywytej9p5","previousOperationId":"07gzq2pb7tyolbm"}
{"type":"log","timestamp":1677019189970,"level":"debug","message":"pdf-utils postproces end","meta":{"rootId":"yrqg1p6iich8rxf","id":"yrqg1p6iich8rxf"},"id":"vivbmozbzypyyec","previousOperationId":"07gzq2pb7tyolbm"}
{"type":"operationEnd","operationId":"ajmkk4vvc13624d","timestamp":1677019189970,"id":"utjz1o339wunakr","previousEventId":"0f1y37d3eaw9y40","previousOperationId":"07gzq2pb7tyolbm"}
{"type":"log","timestamp":1677019189970,"level":"info","message":"pdf-utils pdf processing was finished","meta":{"rootId":"yrqg1p6iich8rxf","id":"yrqg1p6iich8rxf"},"id":"d82r0jwb8t4xd0b","previousOperationId":"ajmkk4vvc13624d"}
{"type":"log","timestamp":1677019189970,"level":"debug","message":"Skipping storing report.","meta":{"rootId":"yrqg1p6iich8rxf","id":"yrqg1p6iich8rxf"},"id":"kqrnc475xn0t1ma","previousOperationId":"ajmkk4vvc13624d"}
{"type":"log","timestamp":1677019189970,"level":"info","message":"Rendering request 11 finished in 899 ms","meta":{"rootId":"yrqg1p6iich8rxf","id":"yrqg1p6iich8rxf"},"id":"fto6l3smgsur9bt","previousOperationId":"ajmkk4vvc13624d"}
{"type":"operationEnd","subtype":"render","operationId":"ly4imyy37n6fefy","timestamp":1677019189971,"id":"d8nu5vka40ipvv4","previousEventId":"utjz1o339wunakr","previousOperationId":"ajmkk4vvc13624d"}
{"type":"operationEnd","doDiffs":false,"previousEventId":"coso0acgc4pxjwf","previousOperationId":"46vki0hukb4gai5","operationId":"46vki0hukb4gai5","timestamp":1677019189979,"id":"7hivxpwgr6qs35l"}
