{"type":"operationStart","subtype":"profile","data":{"_id":"iAZnXbc41DuBby0R","timestamp":"2023-02-21T22:47:27.142Z","state":"queued","mode":"standard","creationDate":"2023-02-21T22:47:27.144Z","modificationDate":"2023-02-21T22:47:27.144Z","shortid":"L2YG8T9","$entitySet":"profiles"},"doDiffs":false,"timestamp":1677019647143,"id":"69kp401os9rn205","previousOperationId":null,"operationId":"1hykm7a3ldgqv2i"}
{"type":"log","level":"info","message":"Render request 21 queued for execution and waiting for available worker","previousOperationId":"1hykm7a3ldgqv2i","timestamp":1677019647143,"id":"2hfrnbho51a8ndi"}
{"type":"operationStart","subtype":"render","name":"authors-main","previousOperationId":"1hykm7a3ldgqv2i","timestamp":1677019647155,"id":"klvwwvpt9ngxjip","previousEventId":"69kp401os9rn205","operationId":"mf7aztl99af9bi9"}
{"type":"log","timestamp":1677019647155,"level":"info","message":"Starting rendering request 21","meta":{"rootId":"zithy1zo8zq5t5e","id":"zithy1zo8zq5t5e"},"id":"0ocwiknwa7tdq3g","previousOperationId":"mf7aztl99af9bi9"}
{"type":"log","timestamp":1677019647155,"level":"info","message":"Rendering template { name: authors-main, recipe: chrome-pdf, engine: handlebars, preview: true }","meta":{"rootId":"zithy1zo8zq5t5e","id":"zithy1zo8zq5t5e"},"id":"64tk40og15hfct6","previousOperationId":"mf7aztl99af9bi9"}
{"type":"log","timestamp":1677019647157,"level":"debug","message":"Data item not defined for this template.","meta":{"rootId":"zithy1zo8zq5t5e","id":"zithy1zo8zq5t5e"},"id":"0vy6o79yteb3zyk","previousOperationId":"mf7aztl99af9bi9"}
{"type":"log","timestamp":1677019647158,"level":"debug","message":"Executing script authors-script (beforeRender)","meta":{"rootId":"zithy1zo8zq5t5e","id":"zithy1zo8zq5t5e"},"id":"weow324s7wymhzx","previousOperationId":"mf7aztl99af9bi9"}
{"type":"operationStart","subtype":"scriptsBeforeRender","name":"scripts beforeRender","timestamp":1677019647199,"id":"tots7v0yswp71rp","previousEventId":"klvwwvpt9ngxjip","operationId":"so97imfpvrloutc","previousOperationId":"mf7aztl99af9bi9"}
{"type":"operationStart","subtype":"script","name":"scripts authors-script","previousOperationId":"so97imfpvrloutc","timestamp":1677019647199,"id":"rcn2g6x7vqvdyvu","previousEventId":"tots7v0yswp71rp","operationId":"qxra0lj163vzgn1"}
{"type":"log","timestamp":1677019647431,"level":"debug","message":"(console:log) [ 0, 1 ]","meta":{"userLevel":true,"rootId":"zithy1zo8zq5t5e","id":"zithy1zo8zq5t5e"},"id":"krwli0f34lhwo8o","previousOperationId":"qxra0lj163vzgn1"}
{"type":"operationEnd","operationId":"qxra0lj163vzgn1","timestamp":1677019647431,"id":"6sx622yjxvoqrop","previousEventId":"klvwwvpt9ngxjip","previousOperationId":"mf7aztl99af9bi9"}
{"type":"operationEnd","operationId":"so97imfpvrloutc","timestamp":1677019647431,"id":"mwovcer8q2r6kn5","previousEventId":"6sx622yjxvoqrop","previousOperationId":"mf7aztl99af9bi9"}
{"type":"log","timestamp":1677019647432,"level":"debug","message":"Base url not specified, skipping its injection.","meta":{"rootId":"zithy1zo8zq5t5e","id":"zithy1zo8zq5t5e"},"id":"80plkdvyjdhahco","previousOperationId":"so97imfpvrloutc"}
{"type":"operationStart","subtype":"engine","name":"handlebars","timestamp":1677019647432,"id":"m2l98pgbi9aqe2e","previousEventId":"mwovcer8q2r6kn5","operationId":"d53zee0lv8yfgkz","previousOperationId":"so97imfpvrloutc"}
{"type":"log","timestamp":1677019647432,"level":"debug","message":"Rendering engine handlebars","meta":{"rootId":"zithy1zo8zq5t5e","id":"zithy1zo8zq5t5e"},"id":"l39bnoca9y0k72s","previousOperationId":"d53zee0lv8yfgkz"}
{"type":"operationEnd","operationId":"d53zee0lv8yfgkz","timestamp":1677019647442,"id":"vyniitz8m16sq6r","previousEventId":"m2l98pgbi9aqe2e","previousOperationId":"d53zee0lv8yfgkz"}
{"type":"operationStart","subtype":"recipe","name":"chrome-pdf","timestamp":1677019647442,"id":"n2gfw3cievio88j","previousEventId":"vyniitz8m16sq6r","operationId":"fv2op176k3r7c55","previousOperationId":"d53zee0lv8yfgkz"}
{"type":"log","timestamp":1677019647442,"level":"debug","message":"Executing recipe chrome-pdf","meta":{"rootId":"zithy1zo8zq5t5e","id":"zithy1zo8zq5t5e"},"id":"uzw5s2p0plrdftu","previousOperationId":"fv2op176k3r7c55"}
{"type":"log","timestamp":1677019647445,"level":"debug","message":"Converting with chrome HeadlessChrome/105.0.5173.0 using chrome-pool strategy","meta":{"rootId":"zithy1zo8zq5t5e","id":"zithy1zo8zq5t5e"},"id":"nmnn00eukbznwnm","previousOperationId":"fv2op176k3r7c55"}
{"type":"log","timestamp":1677019647544,"level":"debug","message":"Page request: GET (document) file:///C:/Users/pollo/AppData/Local/Temp/jsreport/autocleanup/39574e65-f4fb-4bf3-b537-1ab8c34b6a46-chrome-pdf.html","meta":{"rootId":"zithy1zo8zq5t5e","id":"zithy1zo8zq5t5e"},"id":"1wp9l70vd183bpm","previousOperationId":"fv2op176k3r7c55"}
{"type":"log","timestamp":1677019647555,"level":"debug","message":"Page request: GET (stylesheet) https://cdnjs.cloudflare.com/ajax/libs/metro/4.1.5/css/metro.min.css","meta":{"rootId":"zithy1zo8zq5t5e","id":"zithy1zo8zq5t5e"},"id":"5c2r1kch9dogmwx","previousOperationId":"fv2op176k3r7c55"}
{"type":"log","timestamp":1677019647555,"level":"debug","message":"Page request: GET (script) https://cdn.jsdelivr.net/npm/chart.js","meta":{"rootId":"zithy1zo8zq5t5e","id":"zithy1zo8zq5t5e"},"id":"au0a9ft9mz2jqeb","previousOperationId":"fv2op176k3r7c55"}
{"type":"log","timestamp":1677019647556,"level":"debug","message":"Page request finished: GET (document) 200 file:///C:/Users/pollo/AppData/Local/Temp/jsreport/autocleanup/39574e65-f4fb-4bf3-b537-1ab8c34b6a46-chrome-pdf.html","meta":{"rootId":"zithy1zo8zq5t5e","id":"zithy1zo8zq5t5e"},"id":"2mlgrauug699dqj","previousOperationId":"fv2op176k3r7c55"}
{"type":"log","timestamp":1677019647561,"level":"debug","message":"Page request finished: GET (script) 200 https://cdn.jsdelivr.net/npm/chart.js","meta":{"rootId":"zithy1zo8zq5t5e","id":"zithy1zo8zq5t5e"},"id":"o2q5ecoezpdba38","previousOperationId":"fv2op176k3r7c55"}
{"type":"log","timestamp":1677019647578,"level":"debug","message":"Page request finished: GET (stylesheet) 200 https://cdnjs.cloudflare.com/ajax/libs/metro/4.1.5/css/metro.min.css","meta":{"rootId":"zithy1zo8zq5t5e","id":"zithy1zo8zq5t5e"},"id":"pvaaubmr1fxldx5","previousOperationId":"fv2op176k3r7c55"}
{"type":"log","timestamp":1677019647692,"level":"debug","message":"Running chrome with params {\"printBackground\":true,\"marginTop\":\"4cm\",\"marginRight\":\"1.5cm\",\"marginBottom\":\"1.5cm\",\"marginLeft\":\"1.5cm\",\"waitForJS\":false,\"timeout\":59698,\"margin\":{\"top\":\"4cm\",\"right\":\"1.5cm\",\"bottom\":\"1.5cm\",\"left\":\"1.5cm\"}}","meta":{"rootId":"zithy1zo8zq5t5e","id":"zithy1zo8zq5t5e"},"id":"d6rjm2cnha3fpag","previousOperationId":"fv2op176k3r7c55"}
{"type":"operationEnd","operationId":"fv2op176k3r7c55","timestamp":1677019647794,"id":"ho8wrd9r8g78bls","previousEventId":"n2gfw3cievio88j","previousOperationId":"fv2op176k3r7c55"}
{"type":"log","timestamp":1677019647794,"level":"info","message":"pdf-utils is starting pdf processing","meta":{"rootId":"zithy1zo8zq5t5e","id":"zithy1zo8zq5t5e"},"id":"s2tmxsmomcn1alc","previousOperationId":"fv2op176k3r7c55"}
{"type":"operationStart","subtype":"pdfUtils","name":"pdf utils","timestamp":1677019647794,"id":"h8akpgz6zf4bw0k","previousEventId":"ho8wrd9r8g78bls","operationId":"8t7hte5a5tq5moh","previousOperationId":"fv2op176k3r7c55"}
{"type":"log","timestamp":1677019647794,"level":"debug","message":"pdf-utils detected 1 pdf operation(s) to process","meta":{"rootId":"zithy1zo8zq5t5e","id":"zithy1zo8zq5t5e"},"id":"591nb6rpxjhs6r1","previousOperationId":"8t7hte5a5tq5moh"}
{"type":"log","timestamp":1677019647816,"level":"debug","message":"pdf-utils running pdf operation merge","meta":{"rootId":"zithy1zo8zq5t5e","id":"zithy1zo8zq5t5e"},"id":"n5vpizk72u2l3nm","previousOperationId":"8t7hte5a5tq5moh"}
{"type":"operationStart","subtype":"pdfUtilsMerge","name":"pdf utils merge","previousOperationId":"8t7hte5a5tq5moh","timestamp":1677019647816,"id":"2vmcy4iqd4pkob5","previousEventId":"h8akpgz6zf4bw0k","operationId":"pyqmy35xfbnukek"}
{"type":"operationStart","subtype":"render","name":"authors-header","previousOperationId":"pyqmy35xfbnukek","timestamp":1677019647817,"id":"egfds9bxhacg2gy","previousEventId":"2vmcy4iqd4pkob5","operationId":"xpryqqzp3sg49gw"}
{"type":"log","timestamp":1677019647817,"level":"info","message":"Starting rendering (child) request","meta":{"rootId":"zithy1zo8zq5t5e","id":"8utonoc14mbku15"},"id":"ti5682z9bhcwn5z","previousOperationId":"xpryqqzp3sg49gw"}
{"type":"log","timestamp":1677019647817,"level":"info","message":"Rendering template { name: authors-header, recipe: chrome-pdf, engine: handlebars, preview: true }","meta":{"rootId":"zithy1zo8zq5t5e","id":"8utonoc14mbku15"},"id":"7oro644n0wxlsji","previousOperationId":"xpryqqzp3sg49gw"}
{"type":"log","timestamp":1677019647818,"level":"debug","message":"Inline data specified.","meta":{"rootId":"zithy1zo8zq5t5e","id":"8utonoc14mbku15"},"id":"c9i9ym7zupy6r1v","previousOperationId":"xpryqqzp3sg49gw"}
{"type":"log","timestamp":1677019647820,"level":"debug","message":"Base url not specified, skipping its injection.","meta":{"rootId":"zithy1zo8zq5t5e","id":"8utonoc14mbku15"},"id":"vuck88rxicfl1of","previousOperationId":"xpryqqzp3sg49gw"}
{"type":"operationStart","subtype":"engine","name":"handlebars","timestamp":1677019647820,"id":"dvwup2p50ndmeq6","previousEventId":"egfds9bxhacg2gy","operationId":"m8lov2tfzzam1z6","previousOperationId":"xpryqqzp3sg49gw"}
{"type":"log","timestamp":1677019647820,"level":"debug","message":"Rendering engine handlebars","meta":{"rootId":"zithy1zo8zq5t5e","id":"8utonoc14mbku15"},"id":"fm0fs4y1a7jz8o2","previousOperationId":"m8lov2tfzzam1z6"}
{"type":"operationEnd","operationId":"m8lov2tfzzam1z6","timestamp":1677019647836,"id":"zrqch31xu3fa27q","previousEventId":"dvwup2p50ndmeq6","previousOperationId":"m8lov2tfzzam1z6"}
{"type":"operationStart","subtype":"recipe","name":"chrome-pdf","timestamp":1677019647836,"id":"cklpqa9k62sevr1","previousEventId":"zrqch31xu3fa27q","operationId":"oic5gd8h7aul40p","previousOperationId":"m8lov2tfzzam1z6"}
{"type":"log","timestamp":1677019647836,"level":"debug","message":"Executing recipe chrome-pdf","meta":{"rootId":"zithy1zo8zq5t5e","id":"8utonoc14mbku15"},"id":"rdi8xbaojp9wnhy","previousOperationId":"oic5gd8h7aul40p"}
{"type":"log","timestamp":1677019647838,"level":"debug","message":"Converting with chrome HeadlessChrome/105.0.5173.0 using chrome-pool strategy","meta":{"rootId":"zithy1zo8zq5t5e","id":"8utonoc14mbku15"},"id":"cqtp1rxmpk6ag38","previousOperationId":"oic5gd8h7aul40p"}
{"type":"log","timestamp":1677019647949,"level":"debug","message":"Page request: GET (document) file:///C:/Users/pollo/AppData/Local/Temp/jsreport/autocleanup/2b644c56-7b96-4494-a201-c72c24c5a35d-chrome-pdf.html","meta":{"rootId":"zithy1zo8zq5t5e","id":"8utonoc14mbku15"},"id":"2ssrti9xu8f7r5d","previousOperationId":"oic5gd8h7aul40p"}
{"type":"log","timestamp":1677019647963,"level":"debug","message":"Page request finished: GET (document) 200 file:///C:/Users/pollo/AppData/Local/Temp/jsreport/autocleanup/2b644c56-7b96-4494-a201-c72c24c5a35d-chrome-pdf.html","meta":{"rootId":"zithy1zo8zq5t5e","id":"8utonoc14mbku15"},"id":"yfo3lwaitc88dpw","previousOperationId":"oic5gd8h7aul40p"}
{"type":"log","timestamp":1677019647963,"level":"debug","message":"Page request: GET (stylesheet) https://cdnjs.cloudflare.com/ajax/libs/metro/4.1.5/css/metro.min.css","meta":{"rootId":"zithy1zo8zq5t5e","id":"8utonoc14mbku15"},"id":"oair1joc7flgfbm","previousOperationId":"oic5gd8h7aul40p"}
{"type":"log","timestamp":1677019647992,"level":"debug","message":"Page request finished: GET (stylesheet) 200 https://cdnjs.cloudflare.com/ajax/libs/metro/4.1.5/css/metro.min.css","meta":{"rootId":"zithy1zo8zq5t5e","id":"8utonoc14mbku15"},"id":"fi3yy36fwqj8lem","previousOperationId":"oic5gd8h7aul40p"}
{"type":"log","timestamp":1677019648019,"level":"debug","message":"Running chrome with params {\"printBackground\":true,\"marginTop\":\"1.5cm\",\"marginRight\":\"1.5cm\",\"marginLeft\":\"1.cm\",\"timeout\":59305,\"margin\":{\"top\":\"1.5cm\",\"right\":\"1.5cm\",\"left\":\"1.cm\"}}","meta":{"rootId":"zithy1zo8zq5t5e","id":"8utonoc14mbku15"},"id":"1qi1o6pcz4gbq2b","previousOperationId":"oic5gd8h7aul40p"}
{"type":"operationEnd","operationId":"oic5gd8h7aul40p","timestamp":1677019648080,"id":"xubkhtws471708b","previousEventId":"cklpqa9k62sevr1","previousOperationId":"oic5gd8h7aul40p"}
{"type":"log","timestamp":1677019648081,"level":"debug","message":"Skipping storing report.","meta":{"rootId":"zithy1zo8zq5t5e","id":"8utonoc14mbku15"},"id":"fitppz6hvomh8xo","previousOperationId":"oic5gd8h7aul40p"}
{"type":"log","timestamp":1677019648081,"level":"info","message":"Rendering (child) request finished in 939 ms","meta":{"rootId":"zithy1zo8zq5t5e","id":"8utonoc14mbku15"},"id":"dzmlhu9cbxn9n8j","previousOperationId":"oic5gd8h7aul40p"}
{"type":"operationEnd","subtype":"render","operationId":"xpryqqzp3sg49gw","timestamp":1677019648081,"id":"xcvbo5b22chq75m","previousEventId":"xubkhtws471708b","previousOperationId":"oic5gd8h7aul40p"}
{"type":"operationEnd","operationId":"pyqmy35xfbnukek","timestamp":1677019648091,"id":"zx8lelghkrq4qq8","previousEventId":"2vmcy4iqd4pkob5","previousOperationId":"pyqmy35xfbnukek"}
{"type":"log","timestamp":1677019648091,"level":"debug","message":"pdf-utils postproces start","meta":{"rootId":"zithy1zo8zq5t5e","id":"zithy1zo8zq5t5e"},"id":"9ng5ut4yclljanu","previousOperationId":"pyqmy35xfbnukek"}
{"type":"log","timestamp":1677019648101,"level":"debug","message":"pdf-utils postproces end","meta":{"rootId":"zithy1zo8zq5t5e","id":"zithy1zo8zq5t5e"},"id":"gwia8iykovpu99q","previousOperationId":"pyqmy35xfbnukek"}
{"type":"operationEnd","operationId":"8t7hte5a5tq5moh","timestamp":1677019648101,"id":"1tabipxp9dpcrhb","previousEventId":"zx8lelghkrq4qq8","previousOperationId":"pyqmy35xfbnukek"}
{"type":"log","timestamp":1677019648101,"level":"info","message":"pdf-utils pdf processing was finished","meta":{"rootId":"zithy1zo8zq5t5e","id":"zithy1zo8zq5t5e"},"id":"m58z0nqlcyhpxua","previousOperationId":"8t7hte5a5tq5moh"}
{"type":"log","timestamp":1677019648101,"level":"debug","message":"Skipping storing report.","meta":{"rootId":"zithy1zo8zq5t5e","id":"zithy1zo8zq5t5e"},"id":"ttcmbie3viszbj1","previousOperationId":"8t7hte5a5tq5moh"}
{"type":"log","timestamp":1677019648101,"level":"info","message":"Rendering request 21 finished in 959 ms","meta":{"rootId":"zithy1zo8zq5t5e","id":"zithy1zo8zq5t5e"},"id":"f7ixlr2d4ryh4m6","previousOperationId":"8t7hte5a5tq5moh"}
{"type":"operationEnd","subtype":"render","operationId":"mf7aztl99af9bi9","timestamp":1677019648101,"id":"bi7h3l0dfw8s4u5","previousEventId":"1tabipxp9dpcrhb","previousOperationId":"8t7hte5a5tq5moh"}
{"type":"operationEnd","doDiffs":false,"previousEventId":"69kp401os9rn205","previousOperationId":"1hykm7a3ldgqv2i","operationId":"1hykm7a3ldgqv2i","timestamp":1677019648112,"id":"49r1sulkvlw5uz1"}
