{"type":"operationStart","subtype":"profile","data":{"_id":"S1WQh3EwawYN2liG","timestamp":"2023-02-21T22:42:38.076Z","state":"queued","mode":"standard","creationDate":"2023-02-21T22:42:38.078Z","modificationDate":"2023-02-21T22:42:38.078Z","shortid":"dxzz_Lr","$entitySet":"profiles"},"doDiffs":false,"timestamp":1677019358077,"id":"fo4jegj9bat0ykw","previousOperationId":null,"operationId":"aakdq2crufjeey1"}
{"type":"log","level":"info","message":"Render request 14 queued for execution and waiting for available worker","previousOperationId":"aakdq2crufjeey1","timestamp":1677019358077,"id":"6gchellokp9vac1"}
{"type":"operationStart","subtype":"render","name":"authors-main","previousOperationId":"aakdq2crufjeey1","timestamp":1677019358085,"id":"a534oqizbap0dip","previousEventId":"fo4jegj9bat0ykw","operationId":"i4xi9qoj1o0s2vx"}
{"type":"log","timestamp":1677019358085,"level":"info","message":"Starting rendering request 14","meta":{"rootId":"zn3ddb639eh3dzh","id":"zn3ddb639eh3dzh"},"id":"cxppouf65e2o7f8","previousOperationId":"i4xi9qoj1o0s2vx"}
{"type":"log","timestamp":1677019358085,"level":"info","message":"Rendering template { name: authors-main, recipe: chrome-pdf, engine: handlebars, preview: true }","meta":{"rootId":"zn3ddb639eh3dzh","id":"zn3ddb639eh3dzh"},"id":"uw27ro0clm1jghc","previousOperationId":"i4xi9qoj1o0s2vx"}
{"type":"log","timestamp":1677019358086,"level":"debug","message":"Data item not defined for this template.","meta":{"rootId":"zn3ddb639eh3dzh","id":"zn3ddb639eh3dzh"},"id":"nwjbtm90bu7ccvv","previousOperationId":"i4xi9qoj1o0s2vx"}
{"type":"log","timestamp":1677019358087,"level":"debug","message":"Executing script authors-script (beforeRender)","meta":{"rootId":"zn3ddb639eh3dzh","id":"zn3ddb639eh3dzh"},"id":"i9zbya1tht52yvg","previousOperationId":"i4xi9qoj1o0s2vx"}
{"type":"operationStart","subtype":"scriptsBeforeRender","name":"scripts beforeRender","timestamp":1677019358112,"id":"vuyu7xnzyl3twfq","previousEventId":"a534oqizbap0dip","operationId":"2m5gdrezs4a0iew","previousOperationId":"i4xi9qoj1o0s2vx"}
{"type":"operationStart","subtype":"script","name":"scripts authors-script","previousOperationId":"2m5gdrezs4a0iew","timestamp":1677019358112,"id":"r90fpi1mbhf0u2v","previousEventId":"vuyu7xnzyl3twfq","operationId":"bgheyzfplx2twjc"}
{"type":"log","timestamp":1677019358391,"level":"debug","message":"(console:log) [ 0, 1 ]","meta":{"userLevel":true,"rootId":"zn3ddb639eh3dzh","id":"zn3ddb639eh3dzh"},"id":"7agzzr49vwjsttx","previousOperationId":"bgheyzfplx2twjc"}
{"type":"operationEnd","operationId":"bgheyzfplx2twjc","timestamp":1677019358392,"id":"c90xu6eiff19hhp","previousEventId":"a534oqizbap0dip","previousOperationId":"i4xi9qoj1o0s2vx"}
{"type":"operationEnd","operationId":"2m5gdrezs4a0iew","timestamp":1677019358392,"id":"xyt59jhieez8q8f","previousEventId":"c90xu6eiff19hhp","previousOperationId":"i4xi9qoj1o0s2vx"}
{"type":"log","timestamp":1677019358392,"level":"debug","message":"Base url not specified, skipping its injection.","meta":{"rootId":"zn3ddb639eh3dzh","id":"zn3ddb639eh3dzh"},"id":"mzhyo98f5z0ni2m","previousOperationId":"2m5gdrezs4a0iew"}
{"type":"operationStart","subtype":"engine","name":"handlebars","timestamp":1677019358392,"id":"psudffrn2f72hz3","previousEventId":"xyt59jhieez8q8f","operationId":"jvl7reyelp5asih","previousOperationId":"2m5gdrezs4a0iew"}
{"type":"log","timestamp":1677019358392,"level":"debug","message":"Rendering engine handlebars","meta":{"rootId":"zn3ddb639eh3dzh","id":"zn3ddb639eh3dzh"},"id":"g9jiwfav502nzhc","previousOperationId":"jvl7reyelp5asih"}
{"type":"operationEnd","operationId":"jvl7reyelp5asih","timestamp":1677019358408,"id":"ak6qd7mepwaptlr","previousEventId":"psudffrn2f72hz3","previousOperationId":"jvl7reyelp5asih"}
{"type":"operationStart","subtype":"recipe","name":"chrome-pdf","timestamp":1677019358409,"id":"ld87h31p1ypicmw","previousEventId":"ak6qd7mepwaptlr","operationId":"cnt9kdijv90l23h","previousOperationId":"jvl7reyelp5asih"}
{"type":"log","timestamp":1677019358409,"level":"debug","message":"Executing recipe chrome-pdf","meta":{"rootId":"zn3ddb639eh3dzh","id":"zn3ddb639eh3dzh"},"id":"2begddfeenmw6mt","previousOperationId":"cnt9kdijv90l23h"}
{"type":"log","timestamp":1677019358412,"level":"debug","message":"Converting with chrome HeadlessChrome/105.0.5173.0 using chrome-pool strategy","meta":{"rootId":"zn3ddb639eh3dzh","id":"zn3ddb639eh3dzh"},"id":"q50ez8dy68iciej","previousOperationId":"cnt9kdijv90l23h"}
{"type":"log","timestamp":1677019358514,"level":"debug","message":"Page request: GET (document) file:///C:/Users/pollo/AppData/Local/Temp/jsreport/autocleanup/9df499c2-0ccf-409f-b57e-4ab21f233418-chrome-pdf.html","meta":{"rootId":"zn3ddb639eh3dzh","id":"zn3ddb639eh3dzh"},"id":"xwbjezfh3vicnxw","previousOperationId":"cnt9kdijv90l23h"}
{"type":"log","timestamp":1677019358536,"level":"debug","message":"Page request finished: GET (document) 200 file:///C:/Users/pollo/AppData/Local/Temp/jsreport/autocleanup/9df499c2-0ccf-409f-b57e-4ab21f233418-chrome-pdf.html","meta":{"rootId":"zn3ddb639eh3dzh","id":"zn3ddb639eh3dzh"},"id":"153a6mop66tbzl6","previousOperationId":"cnt9kdijv90l23h"}
{"type":"log","timestamp":1677019358536,"level":"debug","message":"Page request: GET (stylesheet) https://cdnjs.cloudflare.com/ajax/libs/metro/4.1.5/css/metro.min.css","meta":{"rootId":"zn3ddb639eh3dzh","id":"zn3ddb639eh3dzh"},"id":"u8rvzo0wqu81f4k","previousOperationId":"cnt9kdijv90l23h"}
{"type":"log","timestamp":1677019358536,"level":"debug","message":"Page request: GET (script) https://cdn.jsdelivr.net/npm/chart.js","meta":{"rootId":"zn3ddb639eh3dzh","id":"zn3ddb639eh3dzh"},"id":"92jtwsvd7jgepp6","previousOperationId":"cnt9kdijv90l23h"}
{"type":"log","timestamp":1677019358543,"level":"debug","message":"Page request finished: GET (script) 200 https://cdn.jsdelivr.net/npm/chart.js","meta":{"rootId":"zn3ddb639eh3dzh","id":"zn3ddb639eh3dzh"},"id":"oh395cbbvlce8du","previousOperationId":"cnt9kdijv90l23h"}
{"type":"log","timestamp":1677019358559,"level":"debug","message":"Page request finished: GET (stylesheet) 200 https://cdnjs.cloudflare.com/ajax/libs/metro/4.1.5/css/metro.min.css","meta":{"rootId":"zn3ddb639eh3dzh","id":"zn3ddb639eh3dzh"},"id":"k8nnqla7ge5kfvi","previousOperationId":"cnt9kdijv90l23h"}
{"type":"log","timestamp":1677019358668,"level":"debug","message":"Running chrome with params {\"printBackground\":true,\"marginTop\":\"4cm\",\"marginRight\":\"1.5cm\",\"marginBottom\":\"1.5cm\",\"marginLeft\":\"1.5cm\",\"waitForJS\":false,\"timeout\":59666,\"margin\":{\"top\":\"4cm\",\"right\":\"1.5cm\",\"bottom\":\"1.5cm\",\"left\":\"1.5cm\"}}","meta":{"rootId":"zn3ddb639eh3dzh","id":"zn3ddb639eh3dzh"},"id":"9vq0bft7zvqfgfl","previousOperationId":"cnt9kdijv90l23h"}
{"type":"operationEnd","operationId":"cnt9kdijv90l23h","timestamp":1677019358765,"id":"l611dnftjdgn9m0","previousEventId":"ld87h31p1ypicmw","previousOperationId":"cnt9kdijv90l23h"}
{"type":"log","timestamp":1677019358765,"level":"info","message":"pdf-utils is starting pdf processing","meta":{"rootId":"zn3ddb639eh3dzh","id":"zn3ddb639eh3dzh"},"id":"k7wk9jqu026g9rn","previousOperationId":"cnt9kdijv90l23h"}
{"type":"operationStart","subtype":"pdfUtils","name":"pdf utils","timestamp":1677019358765,"id":"hcwxrkkk4lmz0wu","previousEventId":"l611dnftjdgn9m0","operationId":"06p2cwo90fbef4q","previousOperationId":"cnt9kdijv90l23h"}
{"type":"log","timestamp":1677019358765,"level":"debug","message":"pdf-utils detected 1 pdf operation(s) to process","meta":{"rootId":"zn3ddb639eh3dzh","id":"zn3ddb639eh3dzh"},"id":"ce3uvpthk8b7jfi","previousOperationId":"06p2cwo90fbef4q"}
{"type":"log","timestamp":1677019358805,"level":"debug","message":"pdf-utils running pdf operation merge","meta":{"rootId":"zn3ddb639eh3dzh","id":"zn3ddb639eh3dzh"},"id":"5p644s2a9ykxqhr","previousOperationId":"06p2cwo90fbef4q"}
{"type":"operationStart","subtype":"pdfUtilsMerge","name":"pdf utils merge","previousOperationId":"06p2cwo90fbef4q","timestamp":1677019358805,"id":"lsopm0kb66wh7qk","previousEventId":"hcwxrkkk4lmz0wu","operationId":"sxuey99p32wdpf4"}
{"type":"operationStart","subtype":"render","name":"authors-header","previousOperationId":"sxuey99p32wdpf4","timestamp":1677019358807,"id":"jt5ogwaybm7cm0j","previousEventId":"lsopm0kb66wh7qk","operationId":"aeyvz07xke0md8j"}
{"type":"log","timestamp":1677019358807,"level":"info","message":"Starting rendering (child) request","meta":{"rootId":"zn3ddb639eh3dzh","id":"gts705gbi9h66xf"},"id":"o08ymfmtj70h8ru","previousOperationId":"aeyvz07xke0md8j"}
{"type":"log","timestamp":1677019358807,"level":"info","message":"Rendering template { name: authors-header, recipe: chrome-pdf, engine: handlebars, preview: true }","meta":{"rootId":"zn3ddb639eh3dzh","id":"gts705gbi9h66xf"},"id":"q35p1b6k26vh2cj","previousOperationId":"aeyvz07xke0md8j"}
{"type":"log","timestamp":1677019358810,"level":"debug","message":"Inline data specified.","meta":{"rootId":"zn3ddb639eh3dzh","id":"gts705gbi9h66xf"},"id":"ptr9adtd8xuy50i","previousOperationId":"aeyvz07xke0md8j"}
{"type":"log","timestamp":1677019358813,"level":"debug","message":"Base url not specified, skipping its injection.","meta":{"rootId":"zn3ddb639eh3dzh","id":"gts705gbi9h66xf"},"id":"k0hni1rlnzufpqe","previousOperationId":"aeyvz07xke0md8j"}
{"type":"operationStart","subtype":"engine","name":"handlebars","timestamp":1677019358813,"id":"5mraa60tgst1few","previousEventId":"jt5ogwaybm7cm0j","operationId":"qwqujdecoa8a6im","previousOperationId":"aeyvz07xke0md8j"}
{"type":"log","timestamp":1677019358813,"level":"debug","message":"Rendering engine handlebars","meta":{"rootId":"zn3ddb639eh3dzh","id":"gts705gbi9h66xf"},"id":"qbbcznt0osncmwy","previousOperationId":"qwqujdecoa8a6im"}
{"type":"operationEnd","operationId":"qwqujdecoa8a6im","timestamp":1677019358828,"id":"uvn2eyvhi6yyrou","previousEventId":"5mraa60tgst1few","previousOperationId":"qwqujdecoa8a6im"}
{"type":"operationStart","subtype":"recipe","name":"chrome-pdf","timestamp":1677019358828,"id":"nr9gs7coj1qqj8o","previousEventId":"uvn2eyvhi6yyrou","operationId":"qjxjjglrxgfk6jl","previousOperationId":"qwqujdecoa8a6im"}
{"type":"log","timestamp":1677019358828,"level":"debug","message":"Executing recipe chrome-pdf","meta":{"rootId":"zn3ddb639eh3dzh","id":"gts705gbi9h66xf"},"id":"t3u27stnayyht4z","previousOperationId":"qjxjjglrxgfk6jl"}
{"type":"log","timestamp":1677019358832,"level":"debug","message":"Converting with chrome HeadlessChrome/105.0.5173.0 using chrome-pool strategy","meta":{"rootId":"zn3ddb639eh3dzh","id":"gts705gbi9h66xf"},"id":"q8l37bh974oco72","previousOperationId":"qjxjjglrxgfk6jl"}
{"type":"log","timestamp":1677019358935,"level":"debug","message":"Page request: GET (document) file:///C:/Users/pollo/AppData/Local/Temp/jsreport/autocleanup/d38292d3-fb66-4f01-b1e0-c2986dbc41fb-chrome-pdf.html","meta":{"rootId":"zn3ddb639eh3dzh","id":"gts705gbi9h66xf"},"id":"jji29msljrh5jky","previousOperationId":"qjxjjglrxgfk6jl"}
{"type":"log","timestamp":1677019358953,"level":"debug","message":"Page request finished: GET (document) 200 file:///C:/Users/pollo/AppData/Local/Temp/jsreport/autocleanup/d38292d3-fb66-4f01-b1e0-c2986dbc41fb-chrome-pdf.html","meta":{"rootId":"zn3ddb639eh3dzh","id":"gts705gbi9h66xf"},"id":"etrvf887g1t1cas","previousOperationId":"qjxjjglrxgfk6jl"}
{"type":"log","timestamp":1677019358953,"level":"debug","message":"Page request: GET (stylesheet) https://cdnjs.cloudflare.com/ajax/libs/metro/4.1.5/css/metro.min.css","meta":{"rootId":"zn3ddb639eh3dzh","id":"gts705gbi9h66xf"},"id":"s0dg40rso0sp6r0","previousOperationId":"qjxjjglrxgfk6jl"}
{"type":"log","timestamp":1677019358975,"level":"debug","message":"Page request finished: GET (stylesheet) 200 https://cdnjs.cloudflare.com/ajax/libs/metro/4.1.5/css/metro.min.css","meta":{"rootId":"zn3ddb639eh3dzh","id":"gts705gbi9h66xf"},"id":"wdc31exruraoo0z","previousOperationId":"qjxjjglrxgfk6jl"}
{"type":"log","timestamp":1677019358998,"level":"debug","message":"Running chrome with params {\"printBackground\":true,\"marginTop\":\"1.5cm\",\"marginRight\":\"1.5cm\",\"marginLeft\":\"1.cm\",\"timeout\":59245,\"margin\":{\"top\":\"1.5cm\",\"right\":\"1.5cm\",\"left\":\"1.cm\"}}","meta":{"rootId":"zn3ddb639eh3dzh","id":"gts705gbi9h66xf"},"id":"jelq2wclfx72klm","previousOperationId":"qjxjjglrxgfk6jl"}
{"type":"operationEnd","operationId":"qjxjjglrxgfk6jl","timestamp":1677019359057,"id":"ilg0q8li33250y7","previousEventId":"nr9gs7coj1qqj8o","previousOperationId":"qjxjjglrxgfk6jl"}
{"type":"log","timestamp":1677019359057,"level":"debug","message":"Skipping storing report.","meta":{"rootId":"zn3ddb639eh3dzh","id":"gts705gbi9h66xf"},"id":"kikspn27hqfrgis","previousOperationId":"qjxjjglrxgfk6jl"}
{"type":"log","timestamp":1677019359057,"level":"info","message":"Rendering (child) request finished in 981 ms","meta":{"rootId":"zn3ddb639eh3dzh","id":"gts705gbi9h66xf"},"id":"squg8motftb0weg","previousOperationId":"qjxjjglrxgfk6jl"}
{"type":"operationEnd","subtype":"render","operationId":"aeyvz07xke0md8j","timestamp":1677019359057,"id":"c9sjh2yg9ofjmoa","previousEventId":"ilg0q8li33250y7","previousOperationId":"qjxjjglrxgfk6jl"}
{"type":"operationEnd","operationId":"sxuey99p32wdpf4","timestamp":1677019359070,"id":"cioststs1qozfll","previousEventId":"lsopm0kb66wh7qk","previousOperationId":"sxuey99p32wdpf4"}
{"type":"log","timestamp":1677019359070,"level":"debug","message":"pdf-utils postproces start","meta":{"rootId":"zn3ddb639eh3dzh","id":"zn3ddb639eh3dzh"},"id":"5zrjfffbjxkihid","previousOperationId":"sxuey99p32wdpf4"}
{"type":"log","timestamp":1677019359083,"level":"debug","message":"pdf-utils postproces end","meta":{"rootId":"zn3ddb639eh3dzh","id":"zn3ddb639eh3dzh"},"id":"ol8uvpeyfqpqb5v","previousOperationId":"sxuey99p32wdpf4"}
{"type":"operationEnd","operationId":"06p2cwo90fbef4q","timestamp":1677019359083,"id":"p4qyvpo7r3o8qwx","previousEventId":"cioststs1qozfll","previousOperationId":"sxuey99p32wdpf4"}
{"type":"log","timestamp":1677019359083,"level":"info","message":"pdf-utils pdf processing was finished","meta":{"rootId":"zn3ddb639eh3dzh","id":"zn3ddb639eh3dzh"},"id":"qbok5g4c20ulmp4","previousOperationId":"06p2cwo90fbef4q"}
{"type":"log","timestamp":1677019359083,"level":"debug","message":"Skipping storing report.","meta":{"rootId":"zn3ddb639eh3dzh","id":"zn3ddb639eh3dzh"},"id":"il7f85a211oxd7m","previousOperationId":"06p2cwo90fbef4q"}
{"type":"log","timestamp":1677019359083,"level":"info","message":"Rendering request 14 finished in 1007 ms","meta":{"rootId":"zn3ddb639eh3dzh","id":"zn3ddb639eh3dzh"},"id":"cll9rqb8vsbi3h6","previousOperationId":"06p2cwo90fbef4q"}
{"type":"operationEnd","subtype":"render","operationId":"i4xi9qoj1o0s2vx","timestamp":1677019359083,"id":"wssf7hfoeq5iwnh","previousEventId":"p4qyvpo7r3o8qwx","previousOperationId":"06p2cwo90fbef4q"}
{"type":"operationEnd","doDiffs":false,"previousEventId":"fo4jegj9bat0ykw","previousOperationId":"aakdq2crufjeey1","operationId":"aakdq2crufjeey1","timestamp":1677019359092,"id":"jeiij8zxxemjt16"}
