{"type":"operationStart","subtype":"profile","data":{"_id":"JwjArt6uc4nc7StO","timestamp":"2023-02-05T19:30:20.524Z","state":"queued","mode":"standard","creationDate":"2023-02-05T19:30:20.526Z","modificationDate":"2023-02-05T19:30:20.526Z","shortid":"RBNf3C0","$entitySet":"profiles"},"doDiffs":false,"timestamp":1675625420525,"id":"xohw10du7gm7e7m","previousOperationId":null,"operationId":"sxhbqu8cwg7p7w0"}
{"type":"log","level":"info","message":"Render request 5 queued for execution and waiting for available worker","previousOperationId":"sxhbqu8cwg7p7w0","timestamp":1675625420525,"id":"6hxeo2kgwz9jey0"}
{"type":"operationStart","subtype":"render","name":"orders-main","previousOperationId":"sxhbqu8cwg7p7w0","timestamp":1675625420536,"id":"nod1nb3roxe4z76","previousEventId":"xohw10du7gm7e7m","operationId":"qptafnz8qw33ttc"}
{"type":"log","timestamp":1675625420536,"level":"info","message":"Starting rendering request 5","meta":{"rootId":"07xkkwlidpqjrc3","id":"07xkkwlidpqjrc3"},"id":"mvs383fcsrseqxv","previousOperationId":"qptafnz8qw33ttc"}
{"type":"log","timestamp":1675625420536,"level":"info","message":"Rendering template { name: orders-main, recipe: chrome-pdf, engine: handlebars, preview: true }","meta":{"rootId":"07xkkwlidpqjrc3","id":"07xkkwlidpqjrc3"},"id":"vx7bbrcp5tmi85q","previousOperationId":"qptafnz8qw33ttc"}
{"type":"log","timestamp":1675625420537,"level":"debug","message":"Data item not defined for this template.","meta":{"rootId":"07xkkwlidpqjrc3","id":"07xkkwlidpqjrc3"},"id":"znpkfckvrpn8o06","previousOperationId":"qptafnz8qw33ttc"}
{"type":"log","timestamp":1675625420541,"level":"debug","message":"Executing script orders-script (beforeRender)","meta":{"rootId":"07xkkwlidpqjrc3","id":"07xkkwlidpqjrc3"},"id":"vvdagyvwkrovgls","previousOperationId":"qptafnz8qw33ttc"}
{"type":"operationStart","subtype":"scriptsBeforeRender","name":"scripts beforeRender","timestamp":1675625420572,"id":"0vb7lvduag887wu","previousEventId":"nod1nb3roxe4z76","operationId":"d5ugkqclezxbpt9","previousOperationId":"qptafnz8qw33ttc"}
{"type":"operationStart","subtype":"script","name":"scripts orders-script","previousOperationId":"d5ugkqclezxbpt9","timestamp":1675625420572,"id":"nbec4im2ofkifbc","previousEventId":"0vb7lvduag887wu","operationId":"ialztz0rk9zc7us"}
{"type":"log","timestamp":1675625420862,"level":"debug","message":"(console:log) [ 2, 4 ]","meta":{"userLevel":true,"rootId":"07xkkwlidpqjrc3","id":"07xkkwlidpqjrc3"},"id":"4zomv7svviht6s7","previousOperationId":"ialztz0rk9zc7us"}
{"type":"operationEnd","operationId":"ialztz0rk9zc7us","timestamp":1675625420862,"id":"j297l8xv1xvnmi1","previousEventId":"nod1nb3roxe4z76","previousOperationId":"qptafnz8qw33ttc"}
{"type":"operationEnd","operationId":"d5ugkqclezxbpt9","timestamp":1675625420862,"id":"y8m24hual9squql","previousEventId":"j297l8xv1xvnmi1","previousOperationId":"qptafnz8qw33ttc"}
{"type":"log","timestamp":1675625420862,"level":"debug","message":"Base url not specified, skipping its injection.","meta":{"rootId":"07xkkwlidpqjrc3","id":"07xkkwlidpqjrc3"},"id":"n6vrvkq9nzpk60v","previousOperationId":"d5ugkqclezxbpt9"}
{"type":"operationStart","subtype":"engine","name":"handlebars","timestamp":1675625420863,"id":"3hqenhzpgn0twat","previousEventId":"y8m24hual9squql","operationId":"5kl39qwmryt5boh","previousOperationId":"d5ugkqclezxbpt9"}
{"type":"log","timestamp":1675625420863,"level":"debug","message":"Rendering engine handlebars","meta":{"rootId":"07xkkwlidpqjrc3","id":"07xkkwlidpqjrc3"},"id":"lu7xuc927v98cfk","previousOperationId":"5kl39qwmryt5boh"}
{"type":"operationEnd","operationId":"5kl39qwmryt5boh","timestamp":1675625420877,"id":"csc0fvionj3b5xc","previousEventId":"3hqenhzpgn0twat","previousOperationId":"5kl39qwmryt5boh"}
{"type":"operationStart","subtype":"recipe","name":"chrome-pdf","timestamp":1675625420877,"id":"wcj1hch7pnqeylx","previousEventId":"csc0fvionj3b5xc","operationId":"9wcp4pc5386jmjv","previousOperationId":"5kl39qwmryt5boh"}
{"type":"log","timestamp":1675625420877,"level":"debug","message":"Executing recipe chrome-pdf","meta":{"rootId":"07xkkwlidpqjrc3","id":"07xkkwlidpqjrc3"},"id":"md0oub2zmw4rd1j","previousOperationId":"9wcp4pc5386jmjv"}
{"type":"log","timestamp":1675625420880,"level":"debug","message":"Converting with chrome HeadlessChrome/105.0.5173.0 using chrome-pool strategy","meta":{"rootId":"07xkkwlidpqjrc3","id":"07xkkwlidpqjrc3"},"id":"7lm3jd0r50b0738","previousOperationId":"9wcp4pc5386jmjv"}
{"type":"log","timestamp":1675625420982,"level":"debug","message":"Page request: GET (document) file:///C:/Users/pollo/AppData/Local/Temp/jsreport/autocleanup/f277f29c-2c1c-4142-a862-1ea89aa66a4c-chrome-pdf.html","meta":{"rootId":"07xkkwlidpqjrc3","id":"07xkkwlidpqjrc3"},"id":"aawswvmcphqak09","previousOperationId":"9wcp4pc5386jmjv"}
{"type":"log","timestamp":1675625420992,"level":"debug","message":"Page request finished: GET (document) 200 file:///C:/Users/pollo/AppData/Local/Temp/jsreport/autocleanup/f277f29c-2c1c-4142-a862-1ea89aa66a4c-chrome-pdf.html","meta":{"rootId":"07xkkwlidpqjrc3","id":"07xkkwlidpqjrc3"},"id":"dvy3em08as77d8q","previousOperationId":"9wcp4pc5386jmjv"}
{"type":"log","timestamp":1675625420992,"level":"debug","message":"Page request: GET (stylesheet) https://cdnjs.cloudflare.com/ajax/libs/metro/4.1.5/css/metro.min.css","meta":{"rootId":"07xkkwlidpqjrc3","id":"07xkkwlidpqjrc3"},"id":"s6a3mg2mxsq1lz9","previousOperationId":"9wcp4pc5386jmjv"}
{"type":"log","timestamp":1675625420992,"level":"debug","message":"Page request: GET (script) https://cdn.jsdelivr.net/npm/chart.js","meta":{"rootId":"07xkkwlidpqjrc3","id":"07xkkwlidpqjrc3"},"id":"cu9ic1b3ieij8nn","previousOperationId":"9wcp4pc5386jmjv"}
{"type":"log","timestamp":1675625420999,"level":"debug","message":"Page request finished: GET (script) 200 https://cdn.jsdelivr.net/npm/chart.js","meta":{"rootId":"07xkkwlidpqjrc3","id":"07xkkwlidpqjrc3"},"id":"cqlnenb0yxltwvp","previousOperationId":"9wcp4pc5386jmjv"}
{"type":"log","timestamp":1675625421016,"level":"debug","message":"Page request finished: GET (stylesheet) 200 https://cdnjs.cloudflare.com/ajax/libs/metro/4.1.5/css/metro.min.css","meta":{"rootId":"07xkkwlidpqjrc3","id":"07xkkwlidpqjrc3"},"id":"wmnf9fxljf7zgpc","previousOperationId":"9wcp4pc5386jmjv"}
{"type":"log","timestamp":1675625421112,"level":"debug","message":"Running chrome with params {\"printBackground\":true,\"marginTop\":\"4cm\",\"marginRight\":\"1.5cm\",\"marginBottom\":\"1.5cm\",\"marginLeft\":\"1.5cm\",\"waitForJS\":false,\"timeout\":59645,\"margin\":{\"top\":\"4cm\",\"right\":\"1.5cm\",\"bottom\":\"1.5cm\",\"left\":\"1.5cm\"}}","meta":{"rootId":"07xkkwlidpqjrc3","id":"07xkkwlidpqjrc3"},"id":"8jzzucf8000xjsc","previousOperationId":"9wcp4pc5386jmjv"}
{"type":"operationEnd","operationId":"9wcp4pc5386jmjv","timestamp":1675625421194,"id":"4ayn3u2sht7dogf","previousEventId":"wcj1hch7pnqeylx","previousOperationId":"9wcp4pc5386jmjv"}
{"type":"log","timestamp":1675625421194,"level":"info","message":"pdf-utils is starting pdf processing","meta":{"rootId":"07xkkwlidpqjrc3","id":"07xkkwlidpqjrc3"},"id":"w5oxn7htvdw481z","previousOperationId":"9wcp4pc5386jmjv"}
{"type":"operationStart","subtype":"pdfUtils","name":"pdf utils","timestamp":1675625421194,"id":"bq73gq4eatouqto","previousEventId":"4ayn3u2sht7dogf","operationId":"ah7nos5vb4c7td7","previousOperationId":"9wcp4pc5386jmjv"}
{"type":"log","timestamp":1675625421194,"level":"debug","message":"pdf-utils detected 1 pdf operation(s) to process","meta":{"rootId":"07xkkwlidpqjrc3","id":"07xkkwlidpqjrc3"},"id":"tve0yfn12y852zy","previousOperationId":"ah7nos5vb4c7td7"}
{"type":"log","timestamp":1675625421216,"level":"debug","message":"pdf-utils running pdf operation merge","meta":{"rootId":"07xkkwlidpqjrc3","id":"07xkkwlidpqjrc3"},"id":"s1k4yrmn5prulpg","previousOperationId":"ah7nos5vb4c7td7"}
{"type":"operationStart","subtype":"pdfUtilsMerge","name":"pdf utils merge","previousOperationId":"ah7nos5vb4c7td7","timestamp":1675625421216,"id":"p18n4iul0fqq9ta","previousEventId":"bq73gq4eatouqto","operationId":"8d4r6qt022x7w43"}
{"type":"operationStart","subtype":"render","name":"orders-header","previousOperationId":"8d4r6qt022x7w43","timestamp":1675625421217,"id":"8ah6o5jbfy14a61","previousEventId":"p18n4iul0fqq9ta","operationId":"593siwbw2n6vyfj"}
{"type":"log","timestamp":1675625421217,"level":"info","message":"Starting rendering (child) request","meta":{"rootId":"07xkkwlidpqjrc3","id":"2g4p7s9b25r7dx9"},"id":"stbaa43vdej8r06","previousOperationId":"593siwbw2n6vyfj"}
{"type":"log","timestamp":1675625421217,"level":"info","message":"Rendering template { name: orders-header, recipe: chrome-pdf, engine: handlebars, preview: true }","meta":{"rootId":"07xkkwlidpqjrc3","id":"2g4p7s9b25r7dx9"},"id":"51tzl1h1wj74wku","previousOperationId":"593siwbw2n6vyfj"}
{"type":"log","timestamp":1675625421218,"level":"debug","message":"Inline data specified.","meta":{"rootId":"07xkkwlidpqjrc3","id":"2g4p7s9b25r7dx9"},"id":"jullgxk37tg82he","previousOperationId":"593siwbw2n6vyfj"}
{"type":"log","timestamp":1675625421221,"level":"debug","message":"Base url not specified, skipping its injection.","meta":{"rootId":"07xkkwlidpqjrc3","id":"2g4p7s9b25r7dx9"},"id":"2nr584hkfqjhwad","previousOperationId":"593siwbw2n6vyfj"}
{"type":"operationStart","subtype":"engine","name":"handlebars","timestamp":1675625421222,"id":"w3d71q00upmfbuh","previousEventId":"8ah6o5jbfy14a61","operationId":"84dw2og3cga29l0","previousOperationId":"593siwbw2n6vyfj"}
{"type":"log","timestamp":1675625421222,"level":"debug","message":"Rendering engine handlebars","meta":{"rootId":"07xkkwlidpqjrc3","id":"2g4p7s9b25r7dx9"},"id":"bugmvm4ayaapreu","previousOperationId":"84dw2og3cga29l0"}
{"type":"operationEnd","operationId":"84dw2og3cga29l0","timestamp":1675625421239,"id":"cxjvaffujyuw3j7","previousEventId":"w3d71q00upmfbuh","previousOperationId":"84dw2og3cga29l0"}
{"type":"operationStart","subtype":"recipe","name":"chrome-pdf","timestamp":1675625421239,"id":"oa7whnxp0a8vs86","previousEventId":"cxjvaffujyuw3j7","operationId":"c8g60g5cq3dh0gi","previousOperationId":"84dw2og3cga29l0"}
{"type":"log","timestamp":1675625421239,"level":"debug","message":"Executing recipe chrome-pdf","meta":{"rootId":"07xkkwlidpqjrc3","id":"2g4p7s9b25r7dx9"},"id":"1o5a8n9e3h39b4g","previousOperationId":"c8g60g5cq3dh0gi"}
{"type":"log","timestamp":1675625421242,"level":"debug","message":"Converting with chrome HeadlessChrome/105.0.5173.0 using chrome-pool strategy","meta":{"rootId":"07xkkwlidpqjrc3","id":"2g4p7s9b25r7dx9"},"id":"6nn58hlx65hjeuq","previousOperationId":"c8g60g5cq3dh0gi"}
{"type":"log","timestamp":1675625421342,"level":"debug","message":"Page request: GET (document) file:///C:/Users/pollo/AppData/Local/Temp/jsreport/autocleanup/7b62162f-754b-48b3-a375-37de602c7576-chrome-pdf.html","meta":{"rootId":"07xkkwlidpqjrc3","id":"2g4p7s9b25r7dx9"},"id":"kl1wc8q5p9ncdpt","previousOperationId":"c8g60g5cq3dh0gi"}
{"type":"log","timestamp":1675625421354,"level":"debug","message":"Page request finished: GET (document) 200 file:///C:/Users/pollo/AppData/Local/Temp/jsreport/autocleanup/7b62162f-754b-48b3-a375-37de602c7576-chrome-pdf.html","meta":{"rootId":"07xkkwlidpqjrc3","id":"2g4p7s9b25r7dx9"},"id":"el7yt75hua41y7f","previousOperationId":"c8g60g5cq3dh0gi"}
{"type":"log","timestamp":1675625421354,"level":"debug","message":"Page request: GET (stylesheet) https://cdnjs.cloudflare.com/ajax/libs/metro/4.1.5/css/metro.min.css","meta":{"rootId":"07xkkwlidpqjrc3","id":"2g4p7s9b25r7dx9"},"id":"k9grgcakqm0v81y","previousOperationId":"c8g60g5cq3dh0gi"}
{"type":"log","timestamp":1675625421380,"level":"debug","message":"Page request finished: GET (stylesheet) 200 https://cdnjs.cloudflare.com/ajax/libs/metro/4.1.5/css/metro.min.css","meta":{"rootId":"07xkkwlidpqjrc3","id":"2g4p7s9b25r7dx9"},"id":"nccp7fszyao9xr6","previousOperationId":"c8g60g5cq3dh0gi"}
{"type":"log","timestamp":1675625421405,"level":"debug","message":"Running chrome with params {\"printBackground\":true,\"marginTop\":\"1.5cm\",\"marginRight\":\"1.5cm\",\"marginLeft\":\"1.cm\",\"timeout\":59283,\"margin\":{\"top\":\"1.5cm\",\"right\":\"1.5cm\",\"left\":\"1.cm\"}}","meta":{"rootId":"07xkkwlidpqjrc3","id":"2g4p7s9b25r7dx9"},"id":"d8ckdpldsid1ii9","previousOperationId":"c8g60g5cq3dh0gi"}
{"type":"operationEnd","operationId":"c8g60g5cq3dh0gi","timestamp":1675625421467,"id":"n72obucjbat86bt","previousEventId":"oa7whnxp0a8vs86","previousOperationId":"c8g60g5cq3dh0gi"}
{"type":"log","timestamp":1675625421467,"level":"debug","message":"Skipping storing report.","meta":{"rootId":"07xkkwlidpqjrc3","id":"2g4p7s9b25r7dx9"},"id":"aqwudykhikowyzm","previousOperationId":"c8g60g5cq3dh0gi"}
{"type":"log","timestamp":1675625421467,"level":"info","message":"Rendering (child) request finished in 943 ms","meta":{"rootId":"07xkkwlidpqjrc3","id":"2g4p7s9b25r7dx9"},"id":"4m7923x75xt846u","previousOperationId":"c8g60g5cq3dh0gi"}
{"type":"operationEnd","subtype":"render","operationId":"593siwbw2n6vyfj","timestamp":1675625421467,"id":"0je61gh7xiefct2","previousEventId":"n72obucjbat86bt","previousOperationId":"c8g60g5cq3dh0gi"}
{"type":"operationEnd","operationId":"8d4r6qt022x7w43","timestamp":1675625421475,"id":"hm53jx477xjo552","previousEventId":"p18n4iul0fqq9ta","previousOperationId":"8d4r6qt022x7w43"}
{"type":"log","timestamp":1675625421475,"level":"debug","message":"pdf-utils postproces start","meta":{"rootId":"07xkkwlidpqjrc3","id":"07xkkwlidpqjrc3"},"id":"ayy9ds414redp29","previousOperationId":"8d4r6qt022x7w43"}
{"type":"log","timestamp":1675625421483,"level":"debug","message":"pdf-utils postproces end","meta":{"rootId":"07xkkwlidpqjrc3","id":"07xkkwlidpqjrc3"},"id":"eu17o0vrpezwhez","previousOperationId":"8d4r6qt022x7w43"}
{"type":"operationEnd","operationId":"ah7nos5vb4c7td7","timestamp":1675625421483,"id":"j7iuhqq631urshl","previousEventId":"hm53jx477xjo552","previousOperationId":"8d4r6qt022x7w43"}
{"type":"log","timestamp":1675625421483,"level":"info","message":"pdf-utils pdf processing was finished","meta":{"rootId":"07xkkwlidpqjrc3","id":"07xkkwlidpqjrc3"},"id":"zq1v2yntw8pus22","previousOperationId":"ah7nos5vb4c7td7"}
{"type":"log","timestamp":1675625421483,"level":"debug","message":"Skipping storing report.","meta":{"rootId":"07xkkwlidpqjrc3","id":"07xkkwlidpqjrc3"},"id":"ifa64kfgum1w4oz","previousOperationId":"ah7nos5vb4c7td7"}
{"type":"log","timestamp":1675625421483,"level":"info","message":"Rendering request 5 finished in 959 ms","meta":{"rootId":"07xkkwlidpqjrc3","id":"07xkkwlidpqjrc3"},"id":"v7o8ljrg19h7jlm","previousOperationId":"ah7nos5vb4c7td7"}
{"type":"operationEnd","subtype":"render","operationId":"qptafnz8qw33ttc","timestamp":1675625421483,"id":"ap339hkmyzc7vx6","previousEventId":"j7iuhqq631urshl","previousOperationId":"ah7nos5vb4c7td7"}
{"type":"operationEnd","doDiffs":false,"previousEventId":"xohw10du7gm7e7m","previousOperationId":"sxhbqu8cwg7p7w0","operationId":"sxhbqu8cwg7p7w0","timestamp":1675625421491,"id":"g91hdav8t3zldab"}
