{"type":"operationStart","subtype":"profile","data":{"_id":"dbQnwlRSNCooobSV","timestamp":"2023-01-28T20:56:59.932Z","state":"queued","mode":"standard","creationDate":"2023-01-28T20:56:59.935Z","modificationDate":"2023-01-28T20:56:59.935Z","shortid":"qZeIJnv","$entitySet":"profiles"},"doDiffs":false,"timestamp":1674939419933,"id":"73694338lpb5x4z","previousOperationId":null,"operationId":"n22vv0rxlhuy84y"}
{"type":"log","level":"info","message":"Render request 5 queued for execution and waiting for available worker","previousOperationId":"n22vv0rxlhuy84y","timestamp":1674939419933,"id":"bc15cx7zoa58efc"}
{"type":"operationStart","subtype":"render","name":"orders-main","previousOperationId":"n22vv0rxlhuy84y","timestamp":1674939419952,"id":"w9o9dtdtls5fuy5","previousEventId":"73694338lpb5x4z","operationId":"gt9cevi8vxefy7m"}
{"type":"log","timestamp":1674939419952,"level":"info","message":"Starting rendering request 5","meta":{"rootId":"0l8blz1ael0n0u1","id":"0l8blz1ael0n0u1"},"id":"jsnn3a5y831dgh9","previousOperationId":"gt9cevi8vxefy7m"}
{"type":"log","timestamp":1674939419952,"level":"info","message":"Rendering template { name: orders-main, recipe: chrome-pdf, engine: handlebars, preview: true }","meta":{"rootId":"0l8blz1ael0n0u1","id":"0l8blz1ael0n0u1"},"id":"fmky9tmituueqwe","previousOperationId":"gt9cevi8vxefy7m"}
{"type":"log","timestamp":1674939419956,"level":"debug","message":"Data item not defined for this template.","meta":{"rootId":"0l8blz1ael0n0u1","id":"0l8blz1ael0n0u1"},"id":"50bphhvok5s59fa","previousOperationId":"gt9cevi8vxefy7m"}
{"type":"log","timestamp":1674939419966,"level":"debug","message":"Executing script orders-script (beforeRender)","meta":{"rootId":"0l8blz1ael0n0u1","id":"0l8blz1ael0n0u1"},"id":"ksn5p16g8vzgwdn","previousOperationId":"gt9cevi8vxefy7m"}
{"type":"operationStart","subtype":"scriptsBeforeRender","name":"scripts beforeRender","timestamp":1674939419985,"id":"3vvqziztsgmv5ye","previousEventId":"w9o9dtdtls5fuy5","operationId":"w8ivminxqn55mft","previousOperationId":"gt9cevi8vxefy7m"}
{"type":"operationStart","subtype":"script","name":"scripts orders-script","previousOperationId":"w8ivminxqn55mft","timestamp":1674939419985,"id":"ag6oqlydd1i63i3","previousEventId":"3vvqziztsgmv5ye","operationId":"s5618ltn8g4xe53"}
{"type":"operationEnd","operationId":"s5618ltn8g4xe53","timestamp":1674939421660,"id":"09u95krcs24jpqw","previousEventId":"w9o9dtdtls5fuy5","previousOperationId":"gt9cevi8vxefy7m"}
{"type":"operationEnd","operationId":"w8ivminxqn55mft","timestamp":1674939421660,"id":"2tgj2wfj9m4wq21","previousEventId":"09u95krcs24jpqw","previousOperationId":"gt9cevi8vxefy7m"}
{"type":"log","timestamp":1674939421660,"level":"debug","message":"Base url not specified, skipping its injection.","meta":{"rootId":"0l8blz1ael0n0u1","id":"0l8blz1ael0n0u1"},"id":"xfrgzsdk4dmwjo9","previousOperationId":"w8ivminxqn55mft"}
{"type":"operationStart","subtype":"engine","name":"handlebars","timestamp":1674939421660,"id":"hgrxfdfaw2prxzu","previousEventId":"2tgj2wfj9m4wq21","operationId":"g807erpnbwg0dna","previousOperationId":"w8ivminxqn55mft"}
{"type":"log","timestamp":1674939421660,"level":"debug","message":"Rendering engine handlebars","meta":{"rootId":"0l8blz1ael0n0u1","id":"0l8blz1ael0n0u1"},"id":"f5nyqtha5s4f1af","previousOperationId":"g807erpnbwg0dna"}
{"type":"log","timestamp":1674939421683,"level":"debug","message":"(console:log) Pdf utils adding group field, value: \"France\"","meta":{"userLevel":true,"rootId":"0l8blz1ael0n0u1","id":"0l8blz1ael0n0u1"},"id":"ruo5x9heubcuzaw","previousOperationId":"g807erpnbwg0dna"}
{"type":"log","timestamp":1674939421684,"level":"debug","message":"(console:log) Pdf utils adding group field, value: \"Germany\"","meta":{"userLevel":true,"rootId":"0l8blz1ael0n0u1","id":"0l8blz1ael0n0u1"},"id":"5419fitg4mx0fmn","previousOperationId":"g807erpnbwg0dna"}
{"type":"operationEnd","operationId":"g807erpnbwg0dna","timestamp":1674939421684,"id":"l7cvub9g8w97msq","previousEventId":"hgrxfdfaw2prxzu","previousOperationId":"g807erpnbwg0dna"}
{"type":"operationStart","subtype":"recipe","name":"chrome-pdf","timestamp":1674939421685,"id":"ucp1pum28yfs7b7","previousEventId":"l7cvub9g8w97msq","operationId":"nnue9c0dkm6i47y","previousOperationId":"g807erpnbwg0dna"}
{"type":"log","timestamp":1674939421685,"level":"debug","message":"Executing recipe chrome-pdf","meta":{"rootId":"0l8blz1ael0n0u1","id":"0l8blz1ael0n0u1"},"id":"50ipxdbm861qe5g","previousOperationId":"nnue9c0dkm6i47y"}
{"type":"log","timestamp":1674939421688,"level":"debug","message":"Converting with chrome HeadlessChrome/105.0.5173.0 using chrome-pool strategy","meta":{"rootId":"0l8blz1ael0n0u1","id":"0l8blz1ael0n0u1"},"id":"jxlrhrr2d668a9s","previousOperationId":"nnue9c0dkm6i47y"}
{"type":"log","timestamp":1674939421870,"level":"debug","message":"Page request: GET (document) file:///C:/Users/pollo/AppData/Local/Temp/jsreport/autocleanup/e363d0ef-71b9-486d-a10c-d17ed3a98d13-chrome-pdf.html","meta":{"rootId":"0l8blz1ael0n0u1","id":"0l8blz1ael0n0u1"},"id":"hes2iqfrmramnwg","previousOperationId":"nnue9c0dkm6i47y"}
{"type":"log","timestamp":1674939421895,"level":"debug","message":"Page request finished: GET (document) 200 file:///C:/Users/pollo/AppData/Local/Temp/jsreport/autocleanup/e363d0ef-71b9-486d-a10c-d17ed3a98d13-chrome-pdf.html","meta":{"rootId":"0l8blz1ael0n0u1","id":"0l8blz1ael0n0u1"},"id":"a2auqxilkce4dig","previousOperationId":"nnue9c0dkm6i47y"}
{"type":"log","timestamp":1674939421895,"level":"debug","message":"Page request: GET (stylesheet) https://cdnjs.cloudflare.com/ajax/libs/metro/4.1.5/css/metro.min.css","meta":{"rootId":"0l8blz1ael0n0u1","id":"0l8blz1ael0n0u1"},"id":"9w4psb5xxkazo1a","previousOperationId":"nnue9c0dkm6i47y"}
{"type":"log","timestamp":1674939421897,"level":"debug","message":"Page request: GET (script) https://cdnjs.cloudflare.com/ajax/libs/Chart.js/2.7.2/Chart.min.js","meta":{"rootId":"0l8blz1ael0n0u1","id":"0l8blz1ael0n0u1"},"id":"wooa0cgp1j78frk","previousOperationId":"nnue9c0dkm6i47y"}
{"type":"log","timestamp":1674939421909,"level":"debug","message":"Page request finished: GET (script) 200 https://cdnjs.cloudflare.com/ajax/libs/Chart.js/2.7.2/Chart.min.js","meta":{"rootId":"0l8blz1ael0n0u1","id":"0l8blz1ael0n0u1"},"id":"rvp84z3umkkkulm","previousOperationId":"nnue9c0dkm6i47y"}
{"type":"log","timestamp":1674939421942,"level":"debug","message":"Page request finished: GET (stylesheet) 200 https://cdnjs.cloudflare.com/ajax/libs/metro/4.1.5/css/metro.min.css","meta":{"rootId":"0l8blz1ael0n0u1","id":"0l8blz1ael0n0u1"},"id":"1xjez5qj4268bj5","previousOperationId":"nnue9c0dkm6i47y"}
{"type":"log","timestamp":1674939422055,"level":"debug","message":"Running chrome with params {\"printBackground\":true,\"marginTop\":\"4cm\",\"marginRight\":\"1.5cm\",\"marginBottom\":\"1.5cm\",\"marginLeft\":\"1.5cm\",\"waitForJS\":false,\"timeout\":58245,\"margin\":{\"top\":\"4cm\",\"right\":\"1.5cm\",\"bottom\":\"1.5cm\",\"left\":\"1.5cm\"}}","meta":{"rootId":"0l8blz1ael0n0u1","id":"0l8blz1ael0n0u1"},"id":"oieh2dd8rq81xvh","previousOperationId":"nnue9c0dkm6i47y"}
{"type":"operationEnd","operationId":"nnue9c0dkm6i47y","timestamp":1674939422329,"id":"t4yu70mxy2q6wkc","previousEventId":"ucp1pum28yfs7b7","previousOperationId":"nnue9c0dkm6i47y"}
{"type":"log","timestamp":1674939422329,"level":"info","message":"pdf-utils is starting pdf processing","meta":{"rootId":"0l8blz1ael0n0u1","id":"0l8blz1ael0n0u1"},"id":"9pyk24j3dlm2xb8","previousOperationId":"nnue9c0dkm6i47y"}
{"type":"operationStart","subtype":"pdfUtils","name":"pdf utils","timestamp":1674939422329,"id":"iym5c8p9i3u5hof","previousEventId":"t4yu70mxy2q6wkc","operationId":"es7ddv4big26rz0","previousOperationId":"nnue9c0dkm6i47y"}
{"type":"log","timestamp":1674939422329,"level":"debug","message":"pdf-utils detected 1 pdf operation(s) to process","meta":{"rootId":"0l8blz1ael0n0u1","id":"0l8blz1ael0n0u1"},"id":"9m1s8p7drpn9xm3","previousOperationId":"es7ddv4big26rz0"}
{"type":"log","timestamp":1674939422471,"level":"debug","message":"pdf-utils running pdf operation merge","meta":{"rootId":"0l8blz1ael0n0u1","id":"0l8blz1ael0n0u1"},"id":"b11p5y5sqsohryp","previousOperationId":"es7ddv4big26rz0"}
{"type":"operationStart","subtype":"pdfUtilsMerge","name":"pdf utils merge","previousOperationId":"es7ddv4big26rz0","timestamp":1674939422471,"id":"hb1vp2aeif91ihm","previousEventId":"iym5c8p9i3u5hof","operationId":"2x0plyqc6dm0443"}
{"type":"operationStart","subtype":"render","name":"orders-header","previousOperationId":"2x0plyqc6dm0443","timestamp":1674939422475,"id":"bc1gaeahbmivfwg","previousEventId":"hb1vp2aeif91ihm","operationId":"svyvpbqzku6yjq4"}
{"type":"log","timestamp":1674939422475,"level":"info","message":"Starting rendering (child) request","meta":{"rootId":"0l8blz1ael0n0u1","id":"e4gp4qif1xljwnq"},"id":"52i31fx9puky4tb","previousOperationId":"svyvpbqzku6yjq4"}
{"type":"log","timestamp":1674939422475,"level":"info","message":"Rendering template { name: orders-header, recipe: chrome-pdf, engine: handlebars, preview: true }","meta":{"rootId":"0l8blz1ael0n0u1","id":"e4gp4qif1xljwnq"},"id":"2ys8iof1iwbjg9w","previousOperationId":"svyvpbqzku6yjq4"}
{"type":"log","timestamp":1674939422485,"level":"debug","message":"Inline data specified.","meta":{"rootId":"0l8blz1ael0n0u1","id":"e4gp4qif1xljwnq"},"id":"3dcz0gx3xhhah1v","previousOperationId":"svyvpbqzku6yjq4"}
{"type":"log","timestamp":1674939422502,"level":"debug","message":"Base url not specified, skipping its injection.","meta":{"rootId":"0l8blz1ael0n0u1","id":"e4gp4qif1xljwnq"},"id":"eqx6vyk04pblj22","previousOperationId":"svyvpbqzku6yjq4"}
{"type":"operationStart","subtype":"engine","name":"handlebars","timestamp":1674939422502,"id":"aqp0lu9nye4kec7","previousEventId":"bc1gaeahbmivfwg","operationId":"wsyxnye4u1jksf2","previousOperationId":"svyvpbqzku6yjq4"}
{"type":"log","timestamp":1674939422502,"level":"debug","message":"Rendering engine handlebars","meta":{"rootId":"0l8blz1ael0n0u1","id":"e4gp4qif1xljwnq"},"id":"t7u45rzf31yy4qn","previousOperationId":"wsyxnye4u1jksf2"}
{"type":"operationEnd","operationId":"wsyxnye4u1jksf2","timestamp":1674939422546,"id":"hrabm351mpkwted","previousEventId":"aqp0lu9nye4kec7","previousOperationId":"wsyxnye4u1jksf2"}
{"type":"operationStart","subtype":"recipe","name":"chrome-pdf","timestamp":1674939422547,"id":"mz1mxzvx9w9yk5n","previousEventId":"hrabm351mpkwted","operationId":"0v3fec7qthtxr3l","previousOperationId":"wsyxnye4u1jksf2"}
{"type":"log","timestamp":1674939422548,"level":"debug","message":"Executing recipe chrome-pdf","meta":{"rootId":"0l8blz1ael0n0u1","id":"e4gp4qif1xljwnq"},"id":"tspp4fyqrcevylf","previousOperationId":"0v3fec7qthtxr3l"}
{"type":"log","timestamp":1674939422553,"level":"debug","message":"Converting with chrome HeadlessChrome/105.0.5173.0 using chrome-pool strategy","meta":{"rootId":"0l8blz1ael0n0u1","id":"e4gp4qif1xljwnq"},"id":"afj1os6g8v7q0i8","previousOperationId":"0v3fec7qthtxr3l"}
{"type":"log","timestamp":1674939422751,"level":"debug","message":"Page request: GET (document) file:///C:/Users/pollo/AppData/Local/Temp/jsreport/autocleanup/5ec7610a-c107-443d-b9e7-1c6e21f482cd-chrome-pdf.html","meta":{"rootId":"0l8blz1ael0n0u1","id":"e4gp4qif1xljwnq"},"id":"26yu03vktaefx4c","previousOperationId":"0v3fec7qthtxr3l"}
{"type":"log","timestamp":1674939422771,"level":"debug","message":"Page request finished: GET (document) 200 file:///C:/Users/pollo/AppData/Local/Temp/jsreport/autocleanup/5ec7610a-c107-443d-b9e7-1c6e21f482cd-chrome-pdf.html","meta":{"rootId":"0l8blz1ael0n0u1","id":"e4gp4qif1xljwnq"},"id":"x1d6f89xxajpe66","previousOperationId":"0v3fec7qthtxr3l"}
{"type":"log","timestamp":1674939422772,"level":"debug","message":"Page request: GET (stylesheet) https://cdnjs.cloudflare.com/ajax/libs/metro/4.1.5/css/metro.min.css","meta":{"rootId":"0l8blz1ael0n0u1","id":"e4gp4qif1xljwnq"},"id":"mf8wuqsyv3eot0g","previousOperationId":"0v3fec7qthtxr3l"}
{"type":"log","timestamp":1674939422821,"level":"debug","message":"Page request finished: GET (stylesheet) 200 https://cdnjs.cloudflare.com/ajax/libs/metro/4.1.5/css/metro.min.css","meta":{"rootId":"0l8blz1ael0n0u1","id":"e4gp4qif1xljwnq"},"id":"r7b2tcmj5626rsr","previousOperationId":"0v3fec7qthtxr3l"}
{"type":"log","timestamp":1674939422872,"level":"debug","message":"Running chrome with params {\"printBackground\":true,\"marginTop\":\"1.5cm\",\"marginRight\":\"1.5cm\",\"marginLeft\":\"1.cm\",\"timeout\":57380,\"margin\":{\"top\":\"1.5cm\",\"right\":\"1.5cm\",\"left\":\"1.cm\"}}","meta":{"rootId":"0l8blz1ael0n0u1","id":"e4gp4qif1xljwnq"},"id":"pycep5xs8s0e36h","previousOperationId":"0v3fec7qthtxr3l"}
{"type":"operationEnd","operationId":"0v3fec7qthtxr3l","timestamp":1674939423013,"id":"t4mr9u7zejhg7ll","previousEventId":"mz1mxzvx9w9yk5n","previousOperationId":"0v3fec7qthtxr3l"}
{"type":"log","timestamp":1674939423013,"level":"debug","message":"Skipping storing report.","meta":{"rootId":"0l8blz1ael0n0u1","id":"e4gp4qif1xljwnq"},"id":"5p4asuy8phuwul4","previousOperationId":"0v3fec7qthtxr3l"}
{"type":"log","timestamp":1674939423013,"level":"info","message":"Rendering (child) request finished in 3081 ms","meta":{"rootId":"0l8blz1ael0n0u1","id":"e4gp4qif1xljwnq"},"id":"dakcab8lpjmmcfy","previousOperationId":"0v3fec7qthtxr3l"}
{"type":"operationEnd","subtype":"render","operationId":"svyvpbqzku6yjq4","timestamp":1674939423013,"id":"knrrq16yijjuccs","previousEventId":"t4mr9u7zejhg7ll","previousOperationId":"0v3fec7qthtxr3l"}
{"type":"operationEnd","operationId":"2x0plyqc6dm0443","timestamp":1674939423035,"id":"le0iy2lyc4nkolq","previousEventId":"hb1vp2aeif91ihm","previousOperationId":"2x0plyqc6dm0443"}
{"type":"log","timestamp":1674939423035,"level":"debug","message":"pdf-utils postproces start","meta":{"rootId":"0l8blz1ael0n0u1","id":"0l8blz1ael0n0u1"},"id":"brudhh98vb92l3b","previousOperationId":"2x0plyqc6dm0443"}
{"type":"log","timestamp":1674939423079,"level":"debug","message":"pdf-utils postproces end","meta":{"rootId":"0l8blz1ael0n0u1","id":"0l8blz1ael0n0u1"},"id":"uqjq3gqcln51r45","previousOperationId":"2x0plyqc6dm0443"}
{"type":"operationEnd","operationId":"es7ddv4big26rz0","timestamp":1674939423079,"id":"19eadp26n6lp3d9","previousEventId":"le0iy2lyc4nkolq","previousOperationId":"2x0plyqc6dm0443"}
{"type":"log","timestamp":1674939423079,"level":"info","message":"pdf-utils pdf processing was finished","meta":{"rootId":"0l8blz1ael0n0u1","id":"0l8blz1ael0n0u1"},"id":"7saityq95d9yw5k","previousOperationId":"es7ddv4big26rz0"}
{"type":"log","timestamp":1674939423079,"level":"debug","message":"Skipping storing report.","meta":{"rootId":"0l8blz1ael0n0u1","id":"0l8blz1ael0n0u1"},"id":"9k0o8egnafm97km","previousOperationId":"es7ddv4big26rz0"}
{"type":"log","timestamp":1674939423079,"level":"info","message":"Rendering request 5 finished in 3147 ms","meta":{"rootId":"0l8blz1ael0n0u1","id":"0l8blz1ael0n0u1"},"id":"598hpabyy3lvby1","previousOperationId":"es7ddv4big26rz0"}
{"type":"operationEnd","subtype":"render","operationId":"gt9cevi8vxefy7m","timestamp":1674939423079,"id":"u0idbjwfga9gere","previousEventId":"19eadp26n6lp3d9","previousOperationId":"es7ddv4big26rz0"}
{"type":"operationEnd","doDiffs":false,"previousEventId":"73694338lpb5x4z","previousOperationId":"n22vv0rxlhuy84y","operationId":"n22vv0rxlhuy84y","timestamp":1674939423101,"id":"ynoum9u1ya7c5hx"}
