{"type":"operationStart","subtype":"profile","data":{"_id":"N67zoY1ecf9kFnld","timestamp":"2023-02-03T17:38:16.919Z","state":"queued","mode":"standard","creationDate":"2023-02-03T17:38:16.920Z","modificationDate":"2023-02-03T17:38:16.920Z","shortid":"hiTjJkm","$entitySet":"profiles"},"doDiffs":false,"timestamp":1675445896920,"id":"1gcnuwdkjovgcm3","previousOperationId":null,"operationId":"ijxbjg9s221p6v1"}
{"type":"log","level":"info","message":"Render request 8 queued for execution and waiting for available worker","previousOperationId":"ijxbjg9s221p6v1","timestamp":1675445896920,"id":"0fyhg7ao6v6js1j"}
{"type":"operationStart","subtype":"render","name":"orders-main","previousOperationId":"ijxbjg9s221p6v1","timestamp":1675445896930,"id":"gcbfzrozj876g4p","previousEventId":"1gcnuwdkjovgcm3","operationId":"3ctivssbq8nphn6"}
{"type":"log","timestamp":1675445896931,"level":"info","message":"Starting rendering request 8","meta":{"rootId":"0nev5vfibcj4lod","id":"0nev5vfibcj4lod"},"id":"0zcjry81rxcj6iq","previousOperationId":"3ctivssbq8nphn6"}
{"type":"log","timestamp":1675445896931,"level":"info","message":"Rendering template { name: orders-main, recipe: chrome-pdf, engine: handlebars, preview: true }","meta":{"rootId":"0nev5vfibcj4lod","id":"0nev5vfibcj4lod"},"id":"ikhi1pjd41s0jfb","previousOperationId":"3ctivssbq8nphn6"}
{"type":"log","timestamp":1675445896933,"level":"debug","message":"Data item not defined for this template.","meta":{"rootId":"0nev5vfibcj4lod","id":"0nev5vfibcj4lod"},"id":"840yx6278ns14gf","previousOperationId":"3ctivssbq8nphn6"}
{"type":"log","timestamp":1675445896936,"level":"debug","message":"Executing script orders-script (beforeRender)","meta":{"rootId":"0nev5vfibcj4lod","id":"0nev5vfibcj4lod"},"id":"zknr4j38hzloem5","previousOperationId":"3ctivssbq8nphn6"}
{"type":"operationStart","subtype":"scriptsBeforeRender","name":"scripts beforeRender","timestamp":1675445896970,"id":"o86tanw897ugoin","previousEventId":"gcbfzrozj876g4p","operationId":"sk0ifaxwg43hmdv","previousOperationId":"3ctivssbq8nphn6"}
{"type":"operationStart","subtype":"script","name":"scripts orders-script","previousOperationId":"sk0ifaxwg43hmdv","timestamp":1675445896970,"id":"7wjonb3htiro6ib","previousEventId":"o86tanw897ugoin","operationId":"gyqeuvescjfnu1f"}
{"type":"operationEnd","operationId":"gyqeuvescjfnu1f","timestamp":1675445897193,"id":"ho23wxnulyd4bid","previousEventId":"gcbfzrozj876g4p","previousOperationId":"3ctivssbq8nphn6"}
{"type":"operationEnd","operationId":"sk0ifaxwg43hmdv","timestamp":1675445897193,"id":"inxqvytkwb20lm3","previousEventId":"ho23wxnulyd4bid","previousOperationId":"3ctivssbq8nphn6"}
{"type":"log","timestamp":1675445897193,"level":"debug","message":"Base url not specified, skipping its injection.","meta":{"rootId":"0nev5vfibcj4lod","id":"0nev5vfibcj4lod"},"id":"yew0s5rcgx9fmjd","previousOperationId":"sk0ifaxwg43hmdv"}
{"type":"operationStart","subtype":"engine","name":"handlebars","timestamp":1675445897193,"id":"yldt7bd8px00gjp","previousEventId":"inxqvytkwb20lm3","operationId":"9fl8qv5vxa76d5n","previousOperationId":"sk0ifaxwg43hmdv"}
{"type":"log","timestamp":1675445897193,"level":"debug","message":"Rendering engine handlebars","meta":{"rootId":"0nev5vfibcj4lod","id":"0nev5vfibcj4lod"},"id":"3no8i91uvboouum","previousOperationId":"9fl8qv5vxa76d5n"}
{"type":"operationEnd","operationId":"9fl8qv5vxa76d5n","timestamp":1675445897209,"id":"tg8hqxo7vyx6cri","previousEventId":"yldt7bd8px00gjp","previousOperationId":"9fl8qv5vxa76d5n"}
{"type":"operationStart","subtype":"recipe","name":"chrome-pdf","timestamp":1675445897209,"id":"yh0r0ryrrvd6717","previousEventId":"tg8hqxo7vyx6cri","operationId":"cbby6yknaz786i1","previousOperationId":"9fl8qv5vxa76d5n"}
{"type":"log","timestamp":1675445897209,"level":"debug","message":"Executing recipe chrome-pdf","meta":{"rootId":"0nev5vfibcj4lod","id":"0nev5vfibcj4lod"},"id":"zaii0xue74jl1xg","previousOperationId":"cbby6yknaz786i1"}
{"type":"log","timestamp":1675445897212,"level":"debug","message":"Converting with chrome HeadlessChrome/105.0.5173.0 using chrome-pool strategy","meta":{"rootId":"0nev5vfibcj4lod","id":"0nev5vfibcj4lod"},"id":"xn07vnt016y0wcz","previousOperationId":"cbby6yknaz786i1"}
{"type":"log","timestamp":1675445897323,"level":"debug","message":"Page request: GET (document) file:///C:/Users/pollo/AppData/Local/Temp/jsreport/autocleanup/07e0b20a-7b3e-4ffc-9516-401f9c2cf78f-chrome-pdf.html","meta":{"rootId":"0nev5vfibcj4lod","id":"0nev5vfibcj4lod"},"id":"qj6vuau8h0enked","previousOperationId":"cbby6yknaz786i1"}
{"type":"log","timestamp":1675445897340,"level":"debug","message":"Page request finished: GET (document) 200 file:///C:/Users/pollo/AppData/Local/Temp/jsreport/autocleanup/07e0b20a-7b3e-4ffc-9516-401f9c2cf78f-chrome-pdf.html","meta":{"rootId":"0nev5vfibcj4lod","id":"0nev5vfibcj4lod"},"id":"4g10asylx2acsdi","previousOperationId":"cbby6yknaz786i1"}
{"type":"log","timestamp":1675445897340,"level":"debug","message":"Page request: GET (stylesheet) https://cdnjs.cloudflare.com/ajax/libs/metro/4.1.5/css/metro.min.css","meta":{"rootId":"0nev5vfibcj4lod","id":"0nev5vfibcj4lod"},"id":"stfzryznrcvuaf5","previousOperationId":"cbby6yknaz786i1"}
{"type":"log","timestamp":1675445897341,"level":"debug","message":"Page request: GET (script) https://cdnjs.cloudflare.com/ajax/libs/Chart.js/2.7.2/Chart.min.js","meta":{"rootId":"0nev5vfibcj4lod","id":"0nev5vfibcj4lod"},"id":"cffhlk8n8tk6pij","previousOperationId":"cbby6yknaz786i1"}
{"type":"log","timestamp":1675445897350,"level":"debug","message":"Page request finished: GET (script) 200 https://cdnjs.cloudflare.com/ajax/libs/Chart.js/2.7.2/Chart.min.js","meta":{"rootId":"0nev5vfibcj4lod","id":"0nev5vfibcj4lod"},"id":"v8p6jqqp8l5dxlu","previousOperationId":"cbby6yknaz786i1"}
{"type":"log","timestamp":1675445897367,"level":"debug","message":"Page request finished: GET (stylesheet) 200 https://cdnjs.cloudflare.com/ajax/libs/metro/4.1.5/css/metro.min.css","meta":{"rootId":"0nev5vfibcj4lod","id":"0nev5vfibcj4lod"},"id":"8au593blztqomsr","previousOperationId":"cbby6yknaz786i1"}
{"type":"log","timestamp":1675445897380,"level":"debug","message":"Running chrome with params {\"printBackground\":true,\"marginTop\":\"4cm\",\"marginRight\":\"1.5cm\",\"marginBottom\":\"1.5cm\",\"marginLeft\":\"1.5cm\",\"waitForJS\":false,\"timeout\":59708,\"margin\":{\"top\":\"4cm\",\"right\":\"1.5cm\",\"bottom\":\"1.5cm\",\"left\":\"1.5cm\"}}","meta":{"rootId":"0nev5vfibcj4lod","id":"0nev5vfibcj4lod"},"id":"o8wqgmqkqsr4bhz","previousOperationId":"cbby6yknaz786i1"}
{"type":"operationEnd","operationId":"cbby6yknaz786i1","timestamp":1675445897416,"id":"g0797cnbndsoxrn","previousEventId":"yh0r0ryrrvd6717","previousOperationId":"cbby6yknaz786i1"}
{"type":"log","timestamp":1675445897416,"level":"info","message":"pdf-utils is starting pdf processing","meta":{"rootId":"0nev5vfibcj4lod","id":"0nev5vfibcj4lod"},"id":"na31vc1omf5gu6g","previousOperationId":"cbby6yknaz786i1"}
{"type":"operationStart","subtype":"pdfUtils","name":"pdf utils","timestamp":1675445897416,"id":"wmrmc0bi4z7w08m","previousEventId":"g0797cnbndsoxrn","operationId":"l0mfh7h2x77d56i","previousOperationId":"cbby6yknaz786i1"}
{"type":"log","timestamp":1675445897418,"level":"debug","message":"pdf-utils detected 1 pdf operation(s) to process","meta":{"rootId":"0nev5vfibcj4lod","id":"0nev5vfibcj4lod"},"id":"fdb96vd0rt20x1z","previousOperationId":"l0mfh7h2x77d56i"}
{"type":"log","timestamp":1675445897424,"level":"debug","message":"pdf-utils running pdf operation merge","meta":{"rootId":"0nev5vfibcj4lod","id":"0nev5vfibcj4lod"},"id":"kzteujztlj3h5s6","previousOperationId":"l0mfh7h2x77d56i"}
{"type":"operationStart","subtype":"pdfUtilsMerge","name":"pdf utils merge","previousOperationId":"l0mfh7h2x77d56i","timestamp":1675445897424,"id":"2eoaczhym9vt7aq","previousEventId":"wmrmc0bi4z7w08m","operationId":"5y6v4o0pesdwimh"}
{"type":"operationStart","subtype":"render","name":"orders-header","previousOperationId":"5y6v4o0pesdwimh","timestamp":1675445897425,"id":"74034wlkxz2pfko","previousEventId":"2eoaczhym9vt7aq","operationId":"z0gkdbtqowr0uc5"}
{"type":"log","timestamp":1675445897425,"level":"info","message":"Starting rendering (child) request","meta":{"rootId":"0nev5vfibcj4lod","id":"clssio7azqusr3u"},"id":"ediunw8bm3sw26z","previousOperationId":"z0gkdbtqowr0uc5"}
{"type":"log","timestamp":1675445897425,"level":"info","message":"Rendering template { name: orders-header, recipe: chrome-pdf, engine: handlebars, preview: true }","meta":{"rootId":"0nev5vfibcj4lod","id":"clssio7azqusr3u"},"id":"syi20i9twf33ekc","previousOperationId":"z0gkdbtqowr0uc5"}
{"type":"log","timestamp":1675445897426,"level":"debug","message":"Inline data specified.","meta":{"rootId":"0nev5vfibcj4lod","id":"clssio7azqusr3u"},"id":"glkycdggwywxdbt","previousOperationId":"z0gkdbtqowr0uc5"}
{"type":"log","timestamp":1675445897429,"level":"debug","message":"Base url not specified, skipping its injection.","meta":{"rootId":"0nev5vfibcj4lod","id":"clssio7azqusr3u"},"id":"lbrj1bqzp77zjt9","previousOperationId":"z0gkdbtqowr0uc5"}
{"type":"operationStart","subtype":"engine","name":"handlebars","timestamp":1675445897429,"id":"6wlwm98v4t8xq7h","previousEventId":"74034wlkxz2pfko","operationId":"ase8yhi3jr3qbfa","previousOperationId":"z0gkdbtqowr0uc5"}
{"type":"log","timestamp":1675445897429,"level":"debug","message":"Rendering engine handlebars","meta":{"rootId":"0nev5vfibcj4lod","id":"clssio7azqusr3u"},"id":"qnrzvqoveebjpvp","previousOperationId":"ase8yhi3jr3qbfa"}
{"type":"operationEnd","operationId":"ase8yhi3jr3qbfa","timestamp":1675445897453,"id":"k1gl6k2x8hayzfm","previousEventId":"6wlwm98v4t8xq7h","previousOperationId":"ase8yhi3jr3qbfa"}
{"type":"operationStart","subtype":"recipe","name":"chrome-pdf","timestamp":1675445897453,"id":"cz87p0dxz2wbsq0","previousEventId":"k1gl6k2x8hayzfm","operationId":"1jbzvzrlf2f7hp2","previousOperationId":"ase8yhi3jr3qbfa"}
{"type":"log","timestamp":1675445897453,"level":"debug","message":"Executing recipe chrome-pdf","meta":{"rootId":"0nev5vfibcj4lod","id":"clssio7azqusr3u"},"id":"0p50y17qlloj6a8","previousOperationId":"1jbzvzrlf2f7hp2"}
{"type":"log","timestamp":1675445897456,"level":"debug","message":"Converting with chrome HeadlessChrome/105.0.5173.0 using chrome-pool strategy","meta":{"rootId":"0nev5vfibcj4lod","id":"clssio7azqusr3u"},"id":"pvmcnpzlzg0ult6","previousOperationId":"1jbzvzrlf2f7hp2"}
{"type":"log","timestamp":1675445897571,"level":"debug","message":"Page request: GET (document) file:///C:/Users/pollo/AppData/Local/Temp/jsreport/autocleanup/11ba1917-455c-4795-af08-0cdea2ddcb03-chrome-pdf.html","meta":{"rootId":"0nev5vfibcj4lod","id":"clssio7azqusr3u"},"id":"htug3tjo3quu260","previousOperationId":"1jbzvzrlf2f7hp2"}
{"type":"log","timestamp":1675445897583,"level":"debug","message":"Page request finished: GET (document) 200 file:///C:/Users/pollo/AppData/Local/Temp/jsreport/autocleanup/11ba1917-455c-4795-af08-0cdea2ddcb03-chrome-pdf.html","meta":{"rootId":"0nev5vfibcj4lod","id":"clssio7azqusr3u"},"id":"1h5b96p0o6ryrec","previousOperationId":"1jbzvzrlf2f7hp2"}
{"type":"log","timestamp":1675445897584,"level":"debug","message":"Page request: GET (stylesheet) https://cdnjs.cloudflare.com/ajax/libs/metro/4.1.5/css/metro.min.css","meta":{"rootId":"0nev5vfibcj4lod","id":"clssio7azqusr3u"},"id":"o52aqwj1d8wpow9","previousOperationId":"1jbzvzrlf2f7hp2"}
{"type":"log","timestamp":1675445897607,"level":"debug","message":"Page request finished: GET (stylesheet) 200 https://cdnjs.cloudflare.com/ajax/libs/metro/4.1.5/css/metro.min.css","meta":{"rootId":"0nev5vfibcj4lod","id":"clssio7azqusr3u"},"id":"iwn6bpoox5c18uj","previousOperationId":"1jbzvzrlf2f7hp2"}
{"type":"log","timestamp":1675445897628,"level":"debug","message":"Running chrome with params {\"printBackground\":true,\"marginTop\":\"1.5cm\",\"marginRight\":\"1.5cm\",\"marginLeft\":\"1.cm\",\"timeout\":59464,\"margin\":{\"top\":\"1.5cm\",\"right\":\"1.5cm\",\"left\":\"1.cm\"}}","meta":{"rootId":"0nev5vfibcj4lod","id":"clssio7azqusr3u"},"id":"jetcrz29gse4qwt","previousOperationId":"1jbzvzrlf2f7hp2"}
{"type":"operationEnd","operationId":"1jbzvzrlf2f7hp2","timestamp":1675445897687,"id":"ckxqgg5o5i92d66","previousEventId":"cz87p0dxz2wbsq0","previousOperationId":"1jbzvzrlf2f7hp2"}
{"type":"log","timestamp":1675445897687,"level":"debug","message":"Skipping storing report.","meta":{"rootId":"0nev5vfibcj4lod","id":"clssio7azqusr3u"},"id":"kpfgnugy8gd0laf","previousOperationId":"1jbzvzrlf2f7hp2"}
{"type":"log","timestamp":1675445897688,"level":"info","message":"Rendering (child) request finished in 769 ms","meta":{"rootId":"0nev5vfibcj4lod","id":"clssio7azqusr3u"},"id":"90apdynpjvllti0","previousOperationId":"1jbzvzrlf2f7hp2"}
{"type":"operationEnd","subtype":"render","operationId":"z0gkdbtqowr0uc5","timestamp":1675445897688,"id":"zwmdrfqptgtucjd","previousEventId":"ckxqgg5o5i92d66","previousOperationId":"1jbzvzrlf2f7hp2"}
{"type":"operationEnd","operationId":"5y6v4o0pesdwimh","timestamp":1675445897691,"id":"tqrc3cngjmi9tw7","previousEventId":"2eoaczhym9vt7aq","previousOperationId":"5y6v4o0pesdwimh"}
{"type":"log","timestamp":1675445897691,"level":"debug","message":"pdf-utils postproces start","meta":{"rootId":"0nev5vfibcj4lod","id":"0nev5vfibcj4lod"},"id":"ske38qqmzwgziao","previousOperationId":"5y6v4o0pesdwimh"}
{"type":"log","timestamp":1675445897696,"level":"debug","message":"pdf-utils postproces end","meta":{"rootId":"0nev5vfibcj4lod","id":"0nev5vfibcj4lod"},"id":"0j64tri2jb2cp06","previousOperationId":"5y6v4o0pesdwimh"}
{"type":"operationEnd","operationId":"l0mfh7h2x77d56i","timestamp":1675445897696,"id":"97b44762xtc9h93","previousEventId":"tqrc3cngjmi9tw7","previousOperationId":"5y6v4o0pesdwimh"}
{"type":"log","timestamp":1675445897696,"level":"info","message":"pdf-utils pdf processing was finished","meta":{"rootId":"0nev5vfibcj4lod","id":"0nev5vfibcj4lod"},"id":"7dviz0l6nih3sep","previousOperationId":"l0mfh7h2x77d56i"}
{"type":"log","timestamp":1675445897697,"level":"debug","message":"Skipping storing report.","meta":{"rootId":"0nev5vfibcj4lod","id":"0nev5vfibcj4lod"},"id":"rdxcnd3rp16wqcl","previousOperationId":"l0mfh7h2x77d56i"}
{"type":"log","timestamp":1675445897697,"level":"info","message":"Rendering request 8 finished in 778 ms","meta":{"rootId":"0nev5vfibcj4lod","id":"0nev5vfibcj4lod"},"id":"kf0vdbmkao8zjpw","previousOperationId":"l0mfh7h2x77d56i"}
{"type":"operationEnd","subtype":"render","operationId":"3ctivssbq8nphn6","timestamp":1675445897697,"id":"cfsefndxnzozngh","previousEventId":"97b44762xtc9h93","previousOperationId":"l0mfh7h2x77d56i"}
{"type":"operationEnd","doDiffs":false,"previousEventId":"1gcnuwdkjovgcm3","previousOperationId":"ijxbjg9s221p6v1","operationId":"ijxbjg9s221p6v1","timestamp":1675445897704,"id":"zsbje4fc6tn5jnd"}
