{"type":"operationStart","subtype":"profile","data":{"_id":"fJNcCwjrGTfBawZ7","timestamp":"2023-02-05T18:17:43.119Z","state":"queued","mode":"standard","creationDate":"2023-02-05T18:17:43.120Z","modificationDate":"2023-02-05T18:17:43.120Z","shortid":"JxVZwtP","$entitySet":"profiles"},"doDiffs":false,"timestamp":1675621063120,"id":"ty1ev41s0cqzg91","previousOperationId":null,"operationId":"1464znb8wmz96gb"}
{"type":"log","level":"info","message":"Render request 28 queued for execution and waiting for available worker","previousOperationId":"1464znb8wmz96gb","timestamp":1675621063120,"id":"zapr5kqihceqswz"}
{"type":"operationStart","subtype":"render","name":"orders-main","previousOperationId":"1464znb8wmz96gb","timestamp":1675621063130,"id":"osl1wi3g0omnumh","previousEventId":"ty1ev41s0cqzg91","operationId":"jmucqsnkqrri6rd"}
{"type":"log","timestamp":1675621063130,"level":"info","message":"Starting rendering request 28","meta":{"rootId":"19txu0u1caxcfs7","id":"19txu0u1caxcfs7"},"id":"dqvujktrufmmtj8","previousOperationId":"jmucqsnkqrri6rd"}
{"type":"log","timestamp":1675621063130,"level":"info","message":"Rendering template { name: orders-main, recipe: chrome-pdf, engine: handlebars, preview: true }","meta":{"rootId":"19txu0u1caxcfs7","id":"19txu0u1caxcfs7"},"id":"ktedo5i48t7bnuo","previousOperationId":"jmucqsnkqrri6rd"}
{"type":"log","timestamp":1675621063131,"level":"debug","message":"Data item not defined for this template.","meta":{"rootId":"19txu0u1caxcfs7","id":"19txu0u1caxcfs7"},"id":"vby9pduozuovvh0","previousOperationId":"jmucqsnkqrri6rd"}
{"type":"log","timestamp":1675621063134,"level":"debug","message":"Executing script orders-script (beforeRender)","meta":{"rootId":"19txu0u1caxcfs7","id":"19txu0u1caxcfs7"},"id":"jh7fp217utqbnnl","previousOperationId":"jmucqsnkqrri6rd"}
{"type":"operationStart","subtype":"scriptsBeforeRender","name":"scripts beforeRender","timestamp":1675621063167,"id":"x18anyu5pu125b3","previousEventId":"osl1wi3g0omnumh","operationId":"0hd67c85uf1vgy0","previousOperationId":"jmucqsnkqrri6rd"}
{"type":"operationStart","subtype":"script","name":"scripts orders-script","previousOperationId":"0hd67c85uf1vgy0","timestamp":1675621063167,"id":"vojamikkgwkeh26","previousEventId":"x18anyu5pu125b3","operationId":"bw8pz9b2ouz39hf"}
{"type":"operationEnd","operationId":"bw8pz9b2ouz39hf","timestamp":1675621063487,"id":"xv9eytoufsdrny5","previousEventId":"osl1wi3g0omnumh","previousOperationId":"jmucqsnkqrri6rd"}
{"type":"operationEnd","operationId":"0hd67c85uf1vgy0","timestamp":1675621063487,"id":"c0xk31qvxrfextt","previousEventId":"xv9eytoufsdrny5","previousOperationId":"jmucqsnkqrri6rd"}
{"type":"log","timestamp":1675621063487,"level":"debug","message":"Base url not specified, skipping its injection.","meta":{"rootId":"19txu0u1caxcfs7","id":"19txu0u1caxcfs7"},"id":"0lqyb0xbtubl559","previousOperationId":"0hd67c85uf1vgy0"}
{"type":"operationStart","subtype":"engine","name":"handlebars","timestamp":1675621063487,"id":"c3bmbyi6gmks25g","previousEventId":"c0xk31qvxrfextt","operationId":"mv4092zp188h6k4","previousOperationId":"0hd67c85uf1vgy0"}
{"type":"log","timestamp":1675621063487,"level":"debug","message":"Rendering engine handlebars","meta":{"rootId":"19txu0u1caxcfs7","id":"19txu0u1caxcfs7"},"id":"zexumh3ckkyus6e","previousOperationId":"mv4092zp188h6k4"}
{"type":"operationEnd","operationId":"mv4092zp188h6k4","timestamp":1675621063498,"id":"u3bh8fb4qkv5h9o","previousEventId":"c3bmbyi6gmks25g","previousOperationId":"mv4092zp188h6k4"}
{"type":"operationStart","subtype":"recipe","name":"chrome-pdf","timestamp":1675621063498,"id":"64y3utqcsgdfqcw","previousEventId":"u3bh8fb4qkv5h9o","operationId":"dp1s7f8s6uq5zag","previousOperationId":"mv4092zp188h6k4"}
{"type":"log","timestamp":1675621063499,"level":"debug","message":"Executing recipe chrome-pdf","meta":{"rootId":"19txu0u1caxcfs7","id":"19txu0u1caxcfs7"},"id":"s25lduj65mdrf3d","previousOperationId":"dp1s7f8s6uq5zag"}
{"type":"log","timestamp":1675621063501,"level":"debug","message":"Converting with chrome HeadlessChrome/105.0.5173.0 using chrome-pool strategy","meta":{"rootId":"19txu0u1caxcfs7","id":"19txu0u1caxcfs7"},"id":"e14jqdxxw4f0afe","previousOperationId":"dp1s7f8s6uq5zag"}
{"type":"log","timestamp":1675621063597,"level":"debug","message":"Page request: GET (document) file:///C:/Users/pollo/AppData/Local/Temp/jsreport/autocleanup/f894cb56-47ad-462d-8ce5-c2ff0d40916a-chrome-pdf.html","meta":{"rootId":"19txu0u1caxcfs7","id":"19txu0u1caxcfs7"},"id":"ud0l0w80n1cga7t","previousOperationId":"dp1s7f8s6uq5zag"}
{"type":"log","timestamp":1675621063617,"level":"debug","message":"Page request: GET (stylesheet) https://cdnjs.cloudflare.com/ajax/libs/metro/4.1.5/css/metro.min.css","meta":{"rootId":"19txu0u1caxcfs7","id":"19txu0u1caxcfs7"},"id":"l27zys4yj2dgp5y","previousOperationId":"dp1s7f8s6uq5zag"}
{"type":"log","timestamp":1675621063618,"level":"debug","message":"Page request: GET (script) https://cdnjs.cloudflare.com/ajax/libs/Chart.js/2.7.2/Chart.min.js","meta":{"rootId":"19txu0u1caxcfs7","id":"19txu0u1caxcfs7"},"id":"pzwgrmdul9v02aw","previousOperationId":"dp1s7f8s6uq5zag"}
{"type":"log","timestamp":1675621063618,"level":"debug","message":"Page request finished: GET (document) 200 file:///C:/Users/pollo/AppData/Local/Temp/jsreport/autocleanup/f894cb56-47ad-462d-8ce5-c2ff0d40916a-chrome-pdf.html","meta":{"rootId":"19txu0u1caxcfs7","id":"19txu0u1caxcfs7"},"id":"50smt4so5lna4vj","previousOperationId":"dp1s7f8s6uq5zag"}
{"type":"log","timestamp":1675621063624,"level":"debug","message":"Page request finished: GET (script) 200 https://cdnjs.cloudflare.com/ajax/libs/Chart.js/2.7.2/Chart.min.js","meta":{"rootId":"19txu0u1caxcfs7","id":"19txu0u1caxcfs7"},"id":"bg40p3vyyh0twft","previousOperationId":"dp1s7f8s6uq5zag"}
{"type":"log","timestamp":1675621063641,"level":"debug","message":"Page request finished: GET (stylesheet) 200 https://cdnjs.cloudflare.com/ajax/libs/metro/4.1.5/css/metro.min.css","meta":{"rootId":"19txu0u1caxcfs7","id":"19txu0u1caxcfs7"},"id":"4iqdwpy4crl200k","previousOperationId":"dp1s7f8s6uq5zag"}
{"type":"log","timestamp":1675621063648,"level":"warn","message":"Page error: TypeError: Cannot read properties of null (reading 'length')\n    at Object.acquireContext (https://cdnjs.cloudflare.com/ajax/libs/Chart.js/2.7.2/Chart.min.js:10:122612)\n    at t.construct (https://cdnjs.cloudflare.com/ajax/libs/Chart.js/2.7.2/Chart.min.js:10:53710)\n    at new t (https://cdnjs.cloudflare.com/ajax/libs/Chart.js/2.7.2/Chart.min.js:10:78025)\n    at file:///C:/Users/pollo/AppData/Local/Temp/jsreport/autocleanup/f894cb56-47ad-462d-8ce5-c2ff0d40916a-chrome-pdf.html:49:3","meta":{"rootId":"19txu0u1caxcfs7","id":"19txu0u1caxcfs7"},"id":"514jonjlro6ilct","previousOperationId":"dp1s7f8s6uq5zag"}
{"type":"log","timestamp":1675621063678,"level":"debug","message":"Running chrome with params {\"printBackground\":true,\"marginTop\":\"4cm\",\"marginRight\":\"1.5cm\",\"marginBottom\":\"1.5cm\",\"marginLeft\":\"1.5cm\",\"waitForJS\":false,\"timeout\":59619,\"margin\":{\"top\":\"4cm\",\"right\":\"1.5cm\",\"bottom\":\"1.5cm\",\"left\":\"1.5cm\"}}","meta":{"rootId":"19txu0u1caxcfs7","id":"19txu0u1caxcfs7"},"id":"1ljnqwt5rgls4oq","previousOperationId":"dp1s7f8s6uq5zag"}
{"type":"operationEnd","operationId":"dp1s7f8s6uq5zag","timestamp":1675621063760,"id":"b7n6ldoyywth6t1","previousEventId":"64y3utqcsgdfqcw","previousOperationId":"dp1s7f8s6uq5zag"}
{"type":"log","timestamp":1675621063760,"level":"info","message":"pdf-utils is starting pdf processing","meta":{"rootId":"19txu0u1caxcfs7","id":"19txu0u1caxcfs7"},"id":"7702w3fk5369u93","previousOperationId":"dp1s7f8s6uq5zag"}
{"type":"operationStart","subtype":"pdfUtils","name":"pdf utils","timestamp":1675621063760,"id":"m7wznmjxbdz0nvn","previousEventId":"b7n6ldoyywth6t1","operationId":"b3snipnjenrp8hw","previousOperationId":"dp1s7f8s6uq5zag"}
{"type":"log","timestamp":1675621063760,"level":"debug","message":"pdf-utils detected 1 pdf operation(s) to process","meta":{"rootId":"19txu0u1caxcfs7","id":"19txu0u1caxcfs7"},"id":"881rznt16vsb42m","previousOperationId":"b3snipnjenrp8hw"}
{"type":"log","timestamp":1675621063782,"level":"debug","message":"pdf-utils running pdf operation merge","meta":{"rootId":"19txu0u1caxcfs7","id":"19txu0u1caxcfs7"},"id":"2shst5imc5vpcee","previousOperationId":"b3snipnjenrp8hw"}
{"type":"operationStart","subtype":"pdfUtilsMerge","name":"pdf utils merge","previousOperationId":"b3snipnjenrp8hw","timestamp":1675621063782,"id":"2w8jkpj84xoxhyy","previousEventId":"m7wznmjxbdz0nvn","operationId":"jrbefa7kdyoahiq"}
{"type":"operationStart","subtype":"render","name":"orders-header","previousOperationId":"jrbefa7kdyoahiq","timestamp":1675621063783,"id":"7gekdmq55h7i73s","previousEventId":"2w8jkpj84xoxhyy","operationId":"qc7xnz5m0wkvjoa"}
{"type":"log","timestamp":1675621063783,"level":"info","message":"Starting rendering (child) request","meta":{"rootId":"19txu0u1caxcfs7","id":"yvcu76wjx4joztr"},"id":"mqlnymdpjoksg7w","previousOperationId":"qc7xnz5m0wkvjoa"}
{"type":"log","timestamp":1675621063783,"level":"info","message":"Rendering template { name: orders-header, recipe: chrome-pdf, engine: handlebars, preview: true }","meta":{"rootId":"19txu0u1caxcfs7","id":"yvcu76wjx4joztr"},"id":"9ou4hpwb3e319y9","previousOperationId":"qc7xnz5m0wkvjoa"}
{"type":"log","timestamp":1675621063785,"level":"debug","message":"Inline data specified.","meta":{"rootId":"19txu0u1caxcfs7","id":"yvcu76wjx4joztr"},"id":"5nkraxqs9mkor08","previousOperationId":"qc7xnz5m0wkvjoa"}
{"type":"log","timestamp":1675621063787,"level":"debug","message":"Base url not specified, skipping its injection.","meta":{"rootId":"19txu0u1caxcfs7","id":"yvcu76wjx4joztr"},"id":"mt5ix6werii12v9","previousOperationId":"qc7xnz5m0wkvjoa"}
{"type":"operationStart","subtype":"engine","name":"handlebars","timestamp":1675621063787,"id":"mo2ncjym9v1jiuz","previousEventId":"7gekdmq55h7i73s","operationId":"zmst96luxxqpfd5","previousOperationId":"qc7xnz5m0wkvjoa"}
{"type":"log","timestamp":1675621063787,"level":"debug","message":"Rendering engine handlebars","meta":{"rootId":"19txu0u1caxcfs7","id":"yvcu76wjx4joztr"},"id":"uwt28ttdsrzn18u","previousOperationId":"zmst96luxxqpfd5"}
{"type":"operationEnd","operationId":"zmst96luxxqpfd5","timestamp":1675621063809,"id":"8bi3mg4qsb8rpf4","previousEventId":"mo2ncjym9v1jiuz","previousOperationId":"zmst96luxxqpfd5"}
{"type":"operationStart","subtype":"recipe","name":"chrome-pdf","timestamp":1675621063810,"id":"l1ncn5i1nxrq3wi","previousEventId":"8bi3mg4qsb8rpf4","operationId":"uid7z491f4z8yl7","previousOperationId":"zmst96luxxqpfd5"}
{"type":"log","timestamp":1675621063810,"level":"debug","message":"Executing recipe chrome-pdf","meta":{"rootId":"19txu0u1caxcfs7","id":"yvcu76wjx4joztr"},"id":"cwvdjibj2129fqz","previousOperationId":"uid7z491f4z8yl7"}
{"type":"log","timestamp":1675621063812,"level":"debug","message":"Converting with chrome HeadlessChrome/105.0.5173.0 using chrome-pool strategy","meta":{"rootId":"19txu0u1caxcfs7","id":"yvcu76wjx4joztr"},"id":"uhb1ralefkelsmn","previousOperationId":"uid7z491f4z8yl7"}
{"type":"log","timestamp":1675621063914,"level":"debug","message":"Page request: GET (document) file:///C:/Users/pollo/AppData/Local/Temp/jsreport/autocleanup/e6db7f14-03fe-4e19-b882-d012b627b388-chrome-pdf.html","meta":{"rootId":"19txu0u1caxcfs7","id":"yvcu76wjx4joztr"},"id":"i6xefzxw824c278","previousOperationId":"uid7z491f4z8yl7"}
{"type":"log","timestamp":1675621063924,"level":"debug","message":"Page request finished: GET (document) 200 file:///C:/Users/pollo/AppData/Local/Temp/jsreport/autocleanup/e6db7f14-03fe-4e19-b882-d012b627b388-chrome-pdf.html","meta":{"rootId":"19txu0u1caxcfs7","id":"yvcu76wjx4joztr"},"id":"pn7g9p1edl12ukf","previousOperationId":"uid7z491f4z8yl7"}
{"type":"log","timestamp":1675621063925,"level":"debug","message":"Page request: GET (stylesheet) https://cdnjs.cloudflare.com/ajax/libs/metro/4.1.5/css/metro.min.css","meta":{"rootId":"19txu0u1caxcfs7","id":"yvcu76wjx4joztr"},"id":"sbd7s8wibgtt5ve","previousOperationId":"uid7z491f4z8yl7"}
{"type":"log","timestamp":1675621063950,"level":"debug","message":"Page request finished: GET (stylesheet) 200 https://cdnjs.cloudflare.com/ajax/libs/metro/4.1.5/css/metro.min.css","meta":{"rootId":"19txu0u1caxcfs7","id":"yvcu76wjx4joztr"},"id":"bm7w3zd6f3c5xok","previousOperationId":"uid7z491f4z8yl7"}
{"type":"log","timestamp":1675621063979,"level":"debug","message":"Running chrome with params {\"printBackground\":true,\"marginTop\":\"1.5cm\",\"marginRight\":\"1.5cm\",\"marginLeft\":\"1.cm\",\"timeout\":59307,\"margin\":{\"top\":\"1.5cm\",\"right\":\"1.5cm\",\"left\":\"1.cm\"}}","meta":{"rootId":"19txu0u1caxcfs7","id":"yvcu76wjx4joztr"},"id":"noriz3aoe11m7aj","previousOperationId":"uid7z491f4z8yl7"}
{"type":"operationEnd","operationId":"uid7z491f4z8yl7","timestamp":1675621064051,"id":"f7xu8v5h3y1205y","previousEventId":"l1ncn5i1nxrq3wi","previousOperationId":"uid7z491f4z8yl7"}
{"type":"log","timestamp":1675621064052,"level":"debug","message":"Skipping storing report.","meta":{"rootId":"19txu0u1caxcfs7","id":"yvcu76wjx4joztr"},"id":"0jnouvj08724n1f","previousOperationId":"uid7z491f4z8yl7"}
{"type":"log","timestamp":1675621064052,"level":"info","message":"Rendering (child) request finished in 933 ms","meta":{"rootId":"19txu0u1caxcfs7","id":"yvcu76wjx4joztr"},"id":"x9yvr62ffyodbbx","previousOperationId":"uid7z491f4z8yl7"}
{"type":"operationEnd","subtype":"render","operationId":"qc7xnz5m0wkvjoa","timestamp":1675621064053,"id":"k5k5j7y5mi4rgcl","previousEventId":"f7xu8v5h3y1205y","previousOperationId":"uid7z491f4z8yl7"}
{"type":"operationEnd","operationId":"jrbefa7kdyoahiq","timestamp":1675621064063,"id":"rsnvwkbgbq7lmw4","previousEventId":"2w8jkpj84xoxhyy","previousOperationId":"jrbefa7kdyoahiq"}
{"type":"log","timestamp":1675621064063,"level":"debug","message":"pdf-utils postproces start","meta":{"rootId":"19txu0u1caxcfs7","id":"19txu0u1caxcfs7"},"id":"efc8evlimr9y6si","previousOperationId":"jrbefa7kdyoahiq"}
{"type":"log","timestamp":1675621064069,"level":"debug","message":"pdf-utils postproces end","meta":{"rootId":"19txu0u1caxcfs7","id":"19txu0u1caxcfs7"},"id":"iimtsdueaq3c4mu","previousOperationId":"jrbefa7kdyoahiq"}
{"type":"operationEnd","operationId":"b3snipnjenrp8hw","timestamp":1675621064069,"id":"xi5ogogwtx7683j","previousEventId":"rsnvwkbgbq7lmw4","previousOperationId":"jrbefa7kdyoahiq"}
{"type":"log","timestamp":1675621064069,"level":"info","message":"pdf-utils pdf processing was finished","meta":{"rootId":"19txu0u1caxcfs7","id":"19txu0u1caxcfs7"},"id":"bh6xiopnaqy2tp3","previousOperationId":"b3snipnjenrp8hw"}
{"type":"log","timestamp":1675621064069,"level":"debug","message":"Skipping storing report.","meta":{"rootId":"19txu0u1caxcfs7","id":"19txu0u1caxcfs7"},"id":"3fdyi988unf71j8","previousOperationId":"b3snipnjenrp8hw"}
{"type":"log","timestamp":1675621064069,"level":"info","message":"Rendering request 28 finished in 950 ms","meta":{"rootId":"19txu0u1caxcfs7","id":"19txu0u1caxcfs7"},"id":"hm78lr264v7yezx","previousOperationId":"b3snipnjenrp8hw"}
{"type":"operationEnd","subtype":"render","operationId":"jmucqsnkqrri6rd","timestamp":1675621064069,"id":"rrjqcvthflh7kbh","previousEventId":"xi5ogogwtx7683j","previousOperationId":"b3snipnjenrp8hw"}
{"type":"operationEnd","doDiffs":false,"previousEventId":"ty1ev41s0cqzg91","previousOperationId":"1464znb8wmz96gb","operationId":"1464znb8wmz96gb","timestamp":1675621064077,"id":"lasqdkbz2q64588"}
