{"type":"operationStart","subtype":"profile","data":{"_id":"ApRbYyiXkKjyhd8d","timestamp":"2023-02-05T18:00:12.824Z","state":"queued","mode":"standard","creationDate":"2023-02-05T18:00:12.826Z","modificationDate":"2023-02-05T18:00:12.826Z","shortid":"EFSo364","$entitySet":"profiles"},"doDiffs":false,"timestamp":1675620012825,"id":"ytxn9r5ioa0xoxn","previousOperationId":null,"operationId":"09ygviulk07p6j7"}
{"type":"log","level":"info","message":"Render request 21 queued for execution and waiting for available worker","previousOperationId":"09ygviulk07p6j7","timestamp":1675620012826,"id":"9qluc9uy5h7puyf"}
{"type":"operationStart","subtype":"render","name":"orders-main","previousOperationId":"09ygviulk07p6j7","timestamp":1675620012835,"id":"dxnnls193pr7ff5","previousEventId":"ytxn9r5ioa0xoxn","operationId":"o6auv6riuhig3ie"}
{"type":"log","timestamp":1675620012836,"level":"info","message":"Starting rendering request 21","meta":{"rootId":"1d0lszdzkskszwe","id":"1d0lszdzkskszwe"},"id":"67mutdzcwcgm9i1","previousOperationId":"o6auv6riuhig3ie"}
{"type":"log","timestamp":1675620012836,"level":"info","message":"Rendering template { name: orders-main, recipe: chrome-pdf, engine: handlebars, preview: true }","meta":{"rootId":"1d0lszdzkskszwe","id":"1d0lszdzkskszwe"},"id":"rqesn3id9dha1tv","previousOperationId":"o6auv6riuhig3ie"}
{"type":"log","timestamp":1675620012838,"level":"debug","message":"Data item not defined for this template.","meta":{"rootId":"1d0lszdzkskszwe","id":"1d0lszdzkskszwe"},"id":"hc8ka1i50kyye1y","previousOperationId":"o6auv6riuhig3ie"}
{"type":"log","timestamp":1675620012842,"level":"debug","message":"Executing script orders-script (beforeRender)","meta":{"rootId":"1d0lszdzkskszwe","id":"1d0lszdzkskszwe"},"id":"g45pevmzvgaiy69","previousOperationId":"o6auv6riuhig3ie"}
{"type":"operationStart","subtype":"scriptsBeforeRender","name":"scripts beforeRender","timestamp":1675620012875,"id":"uwzx8zba0yjhqck","previousEventId":"dxnnls193pr7ff5","operationId":"0hdc3cmahn4pz5h","previousOperationId":"o6auv6riuhig3ie"}
{"type":"operationStart","subtype":"script","name":"scripts orders-script","previousOperationId":"0hdc3cmahn4pz5h","timestamp":1675620012875,"id":"tvs1tpom02ps3wn","previousEventId":"uwzx8zba0yjhqck","operationId":"6qpfm3hptmyitrs"}
{"type":"operationEnd","operationId":"6qpfm3hptmyitrs","timestamp":1675620013181,"id":"0guutyvfve41ty7","previousEventId":"dxnnls193pr7ff5","previousOperationId":"o6auv6riuhig3ie"}
{"type":"operationEnd","operationId":"0hdc3cmahn4pz5h","timestamp":1675620013181,"id":"ijzprh6c1q10v43","previousEventId":"0guutyvfve41ty7","previousOperationId":"o6auv6riuhig3ie"}
{"type":"log","timestamp":1675620013181,"level":"debug","message":"Base url not specified, skipping its injection.","meta":{"rootId":"1d0lszdzkskszwe","id":"1d0lszdzkskszwe"},"id":"odcjw85j8tivvxi","previousOperationId":"0hdc3cmahn4pz5h"}
{"type":"operationStart","subtype":"engine","name":"handlebars","timestamp":1675620013181,"id":"q36sdz1sfyiuq5k","previousEventId":"ijzprh6c1q10v43","operationId":"61b7em5ifjl62qe","previousOperationId":"0hdc3cmahn4pz5h"}
{"type":"log","timestamp":1675620013181,"level":"debug","message":"Rendering engine handlebars","meta":{"rootId":"1d0lszdzkskszwe","id":"1d0lszdzkskszwe"},"id":"lgc1gxork57pvh0","previousOperationId":"61b7em5ifjl62qe"}
{"type":"operationEnd","operationId":"61b7em5ifjl62qe","timestamp":1675620013194,"id":"u8oj9bjnva0zps7","previousEventId":"q36sdz1sfyiuq5k","previousOperationId":"61b7em5ifjl62qe"}
{"type":"operationStart","subtype":"recipe","name":"chrome-pdf","timestamp":1675620013194,"id":"0lkdovw8a7tdoys","previousEventId":"u8oj9bjnva0zps7","operationId":"9027n65bwd43n1y","previousOperationId":"61b7em5ifjl62qe"}
{"type":"log","timestamp":1675620013194,"level":"debug","message":"Executing recipe chrome-pdf","meta":{"rootId":"1d0lszdzkskszwe","id":"1d0lszdzkskszwe"},"id":"zbqpgdaavepos7r","previousOperationId":"9027n65bwd43n1y"}
{"type":"log","timestamp":1675620013197,"level":"debug","message":"Converting with chrome HeadlessChrome/105.0.5173.0 using chrome-pool strategy","meta":{"rootId":"1d0lszdzkskszwe","id":"1d0lszdzkskszwe"},"id":"vvquk6sc2n7os71","previousOperationId":"9027n65bwd43n1y"}
{"type":"log","timestamp":1675620013304,"level":"debug","message":"Page request: GET (document) file:///C:/Users/pollo/AppData/Local/Temp/jsreport/autocleanup/b53e791f-822c-4578-8bf1-a577fecd4206-chrome-pdf.html","meta":{"rootId":"1d0lszdzkskszwe","id":"1d0lszdzkskszwe"},"id":"ccsphau24r89o7h","previousOperationId":"9027n65bwd43n1y"}
{"type":"log","timestamp":1675620013325,"level":"debug","message":"Page request finished: GET (document) 200 file:///C:/Users/pollo/AppData/Local/Temp/jsreport/autocleanup/b53e791f-822c-4578-8bf1-a577fecd4206-chrome-pdf.html","meta":{"rootId":"1d0lszdzkskszwe","id":"1d0lszdzkskszwe"},"id":"4a6tmgeye3u7lj9","previousOperationId":"9027n65bwd43n1y"}
{"type":"log","timestamp":1675620013325,"level":"debug","message":"Page request: GET (stylesheet) https://cdnjs.cloudflare.com/ajax/libs/metro/4.1.5/css/metro.min.css","meta":{"rootId":"1d0lszdzkskszwe","id":"1d0lszdzkskszwe"},"id":"vy01w7mnwsid0yr","previousOperationId":"9027n65bwd43n1y"}
{"type":"log","timestamp":1675620013326,"level":"debug","message":"Page request: GET (script) https://cdnjs.cloudflare.com/ajax/libs/Chart.js/2.7.2/Chart.min.js","meta":{"rootId":"1d0lszdzkskszwe","id":"1d0lszdzkskszwe"},"id":"j1lbksuc9dzuh07","previousOperationId":"9027n65bwd43n1y"}
{"type":"log","timestamp":1675620013332,"level":"debug","message":"Page request finished: GET (script) 200 https://cdnjs.cloudflare.com/ajax/libs/Chart.js/2.7.2/Chart.min.js","meta":{"rootId":"1d0lszdzkskszwe","id":"1d0lszdzkskszwe"},"id":"m5iitde6y7wqdok","previousOperationId":"9027n65bwd43n1y"}
{"type":"log","timestamp":1675620013350,"level":"debug","message":"Page request finished: GET (stylesheet) 200 https://cdnjs.cloudflare.com/ajax/libs/metro/4.1.5/css/metro.min.css","meta":{"rootId":"1d0lszdzkskszwe","id":"1d0lszdzkskszwe"},"id":"jnooe6tzae5jml1","previousOperationId":"9027n65bwd43n1y"}
{"type":"log","timestamp":1675620013357,"level":"warn","message":"Page error: SyntaxError: Unexpected token '&'","meta":{"rootId":"1d0lszdzkskszwe","id":"1d0lszdzkskszwe"},"id":"0j9bai6219xohrc","previousOperationId":"9027n65bwd43n1y"}
{"type":"log","timestamp":1675620013389,"level":"debug","message":"Running chrome with params {\"printBackground\":true,\"marginTop\":\"4cm\",\"marginRight\":\"1.5cm\",\"marginBottom\":\"1.5cm\",\"marginLeft\":\"1.5cm\",\"waitForJS\":false,\"timeout\":59628,\"margin\":{\"top\":\"4cm\",\"right\":\"1.5cm\",\"bottom\":\"1.5cm\",\"left\":\"1.5cm\"}}","meta":{"rootId":"1d0lszdzkskszwe","id":"1d0lszdzkskszwe"},"id":"een2q2ihpijx0ji","previousOperationId":"9027n65bwd43n1y"}
{"type":"operationEnd","operationId":"9027n65bwd43n1y","timestamp":1675620013467,"id":"kuxqo89zo9qrn4d","previousEventId":"0lkdovw8a7tdoys","previousOperationId":"9027n65bwd43n1y"}
{"type":"log","timestamp":1675620013467,"level":"info","message":"pdf-utils is starting pdf processing","meta":{"rootId":"1d0lszdzkskszwe","id":"1d0lszdzkskszwe"},"id":"b4zyeyaetpfcy74","previousOperationId":"9027n65bwd43n1y"}
{"type":"operationStart","subtype":"pdfUtils","name":"pdf utils","timestamp":1675620013467,"id":"9l3rsgo3tb6o2ww","previousEventId":"kuxqo89zo9qrn4d","operationId":"1qlvy205rveu2sa","previousOperationId":"9027n65bwd43n1y"}
{"type":"log","timestamp":1675620013467,"level":"debug","message":"pdf-utils detected 1 pdf operation(s) to process","meta":{"rootId":"1d0lszdzkskszwe","id":"1d0lszdzkskszwe"},"id":"3vhbl99fdufqir6","previousOperationId":"1qlvy205rveu2sa"}
{"type":"log","timestamp":1675620013483,"level":"debug","message":"pdf-utils running pdf operation merge","meta":{"rootId":"1d0lszdzkskszwe","id":"1d0lszdzkskszwe"},"id":"oosj9lb9oypts0u","previousOperationId":"1qlvy205rveu2sa"}
{"type":"operationStart","subtype":"pdfUtilsMerge","name":"pdf utils merge","previousOperationId":"1qlvy205rveu2sa","timestamp":1675620013483,"id":"y0hzipwb0kdnbz2","previousEventId":"9l3rsgo3tb6o2ww","operationId":"ew17yth280id6db"}
{"type":"operationStart","subtype":"render","name":"orders-header","previousOperationId":"ew17yth280id6db","timestamp":1675620013484,"id":"te8bs2z6v6qt22m","previousEventId":"y0hzipwb0kdnbz2","operationId":"xedbvvp6gidcnnp"}
{"type":"log","timestamp":1675620013484,"level":"info","message":"Starting rendering (child) request","meta":{"rootId":"1d0lszdzkskszwe","id":"2nr4pi6p4fukrjw"},"id":"7mobmjod2j5vcmx","previousOperationId":"xedbvvp6gidcnnp"}
{"type":"log","timestamp":1675620013484,"level":"info","message":"Rendering template { name: orders-header, recipe: chrome-pdf, engine: handlebars, preview: true }","meta":{"rootId":"1d0lszdzkskszwe","id":"2nr4pi6p4fukrjw"},"id":"akvm19g6am99yhm","previousOperationId":"xedbvvp6gidcnnp"}
{"type":"log","timestamp":1675620013485,"level":"debug","message":"Inline data specified.","meta":{"rootId":"1d0lszdzkskszwe","id":"2nr4pi6p4fukrjw"},"id":"46nahre13acbyq8","previousOperationId":"xedbvvp6gidcnnp"}
{"type":"log","timestamp":1675620013488,"level":"debug","message":"Base url not specified, skipping its injection.","meta":{"rootId":"1d0lszdzkskszwe","id":"2nr4pi6p4fukrjw"},"id":"1rwpsao49xn5apf","previousOperationId":"xedbvvp6gidcnnp"}
{"type":"operationStart","subtype":"engine","name":"handlebars","timestamp":1675620013488,"id":"qwtsjvibt4rjn87","previousEventId":"te8bs2z6v6qt22m","operationId":"ibco0lpr2voo16u","previousOperationId":"xedbvvp6gidcnnp"}
{"type":"log","timestamp":1675620013488,"level":"debug","message":"Rendering engine handlebars","meta":{"rootId":"1d0lszdzkskszwe","id":"2nr4pi6p4fukrjw"},"id":"msrb29gmol11w5o","previousOperationId":"ibco0lpr2voo16u"}
{"type":"operationEnd","operationId":"ibco0lpr2voo16u","timestamp":1675620013506,"id":"yb4rk0g44hn3uiu","previousEventId":"qwtsjvibt4rjn87","previousOperationId":"ibco0lpr2voo16u"}
{"type":"operationStart","subtype":"recipe","name":"chrome-pdf","timestamp":1675620013506,"id":"zthunnahgdjjiyn","previousEventId":"yb4rk0g44hn3uiu","operationId":"44p23m8g46gehxb","previousOperationId":"ibco0lpr2voo16u"}
{"type":"log","timestamp":1675620013506,"level":"debug","message":"Executing recipe chrome-pdf","meta":{"rootId":"1d0lszdzkskszwe","id":"2nr4pi6p4fukrjw"},"id":"tpm1nrona9m499t","previousOperationId":"44p23m8g46gehxb"}
{"type":"log","timestamp":1675620013508,"level":"debug","message":"Converting with chrome HeadlessChrome/105.0.5173.0 using chrome-pool strategy","meta":{"rootId":"1d0lszdzkskszwe","id":"2nr4pi6p4fukrjw"},"id":"d83kk9wegon7yp2","previousOperationId":"44p23m8g46gehxb"}
{"type":"log","timestamp":1675620013612,"level":"debug","message":"Page request: GET (document) file:///C:/Users/pollo/AppData/Local/Temp/jsreport/autocleanup/a1e1c070-7e19-4250-84b9-3dcdf03ae92c-chrome-pdf.html","meta":{"rootId":"1d0lszdzkskszwe","id":"2nr4pi6p4fukrjw"},"id":"u2qtp4lnstku0rx","previousOperationId":"44p23m8g46gehxb"}
{"type":"log","timestamp":1675620013623,"level":"debug","message":"Page request finished: GET (document) 200 file:///C:/Users/pollo/AppData/Local/Temp/jsreport/autocleanup/a1e1c070-7e19-4250-84b9-3dcdf03ae92c-chrome-pdf.html","meta":{"rootId":"1d0lszdzkskszwe","id":"2nr4pi6p4fukrjw"},"id":"4mi36mupx44uuuu","previousOperationId":"44p23m8g46gehxb"}
{"type":"log","timestamp":1675620013623,"level":"debug","message":"Page request: GET (stylesheet) https://cdnjs.cloudflare.com/ajax/libs/metro/4.1.5/css/metro.min.css","meta":{"rootId":"1d0lszdzkskszwe","id":"2nr4pi6p4fukrjw"},"id":"jmrid2gkt06xz2r","previousOperationId":"44p23m8g46gehxb"}
{"type":"log","timestamp":1675620013646,"level":"debug","message":"Page request finished: GET (stylesheet) 200 https://cdnjs.cloudflare.com/ajax/libs/metro/4.1.5/css/metro.min.css","meta":{"rootId":"1d0lszdzkskszwe","id":"2nr4pi6p4fukrjw"},"id":"0jv05kugkt30r48","previousOperationId":"44p23m8g46gehxb"}
{"type":"log","timestamp":1675620013667,"level":"debug","message":"Running chrome with params {\"printBackground\":true,\"marginTop\":\"1.5cm\",\"marginRight\":\"1.5cm\",\"marginLeft\":\"1.cm\",\"timeout\":59317,\"margin\":{\"top\":\"1.5cm\",\"right\":\"1.5cm\",\"left\":\"1.cm\"}}","meta":{"rootId":"1d0lszdzkskszwe","id":"2nr4pi6p4fukrjw"},"id":"qdt7127ykmvspsh","previousOperationId":"44p23m8g46gehxb"}
{"type":"operationEnd","operationId":"44p23m8g46gehxb","timestamp":1675620013725,"id":"1pkw6hx876uwzkx","previousEventId":"zthunnahgdjjiyn","previousOperationId":"44p23m8g46gehxb"}
{"type":"log","timestamp":1675620013725,"level":"debug","message":"Skipping storing report.","meta":{"rootId":"1d0lszdzkskszwe","id":"2nr4pi6p4fukrjw"},"id":"z5xhwso8a04fda7","previousOperationId":"44p23m8g46gehxb"}
{"type":"log","timestamp":1675620013725,"level":"info","message":"Rendering (child) request finished in 901 ms","meta":{"rootId":"1d0lszdzkskszwe","id":"2nr4pi6p4fukrjw"},"id":"n9ahz2guot6hf2o","previousOperationId":"44p23m8g46gehxb"}
{"type":"operationEnd","subtype":"render","operationId":"xedbvvp6gidcnnp","timestamp":1675620013726,"id":"d0rdcfnyow0a7gk","previousEventId":"1pkw6hx876uwzkx","previousOperationId":"44p23m8g46gehxb"}
{"type":"operationEnd","operationId":"ew17yth280id6db","timestamp":1675620013733,"id":"4qsx3vba53o2qwc","previousEventId":"y0hzipwb0kdnbz2","previousOperationId":"ew17yth280id6db"}
{"type":"log","timestamp":1675620013733,"level":"debug","message":"pdf-utils postproces start","meta":{"rootId":"1d0lszdzkskszwe","id":"1d0lszdzkskszwe"},"id":"i3tu81kbktnle5s","previousOperationId":"ew17yth280id6db"}
{"type":"log","timestamp":1675620013740,"level":"debug","message":"pdf-utils postproces end","meta":{"rootId":"1d0lszdzkskszwe","id":"1d0lszdzkskszwe"},"id":"cmduwihw7m2ktb3","previousOperationId":"ew17yth280id6db"}
{"type":"operationEnd","operationId":"1qlvy205rveu2sa","timestamp":1675620013740,"id":"enob7f54isccdzz","previousEventId":"4qsx3vba53o2qwc","previousOperationId":"ew17yth280id6db"}
{"type":"log","timestamp":1675620013740,"level":"info","message":"pdf-utils pdf processing was finished","meta":{"rootId":"1d0lszdzkskszwe","id":"1d0lszdzkskszwe"},"id":"1s03woj2m7fc07b","previousOperationId":"1qlvy205rveu2sa"}
{"type":"log","timestamp":1675620013740,"level":"debug","message":"Skipping storing report.","meta":{"rootId":"1d0lszdzkskszwe","id":"1d0lszdzkskszwe"},"id":"nezabxq2nudll4p","previousOperationId":"1qlvy205rveu2sa"}
{"type":"log","timestamp":1675620013740,"level":"info","message":"Rendering request 21 finished in 916 ms","meta":{"rootId":"1d0lszdzkskszwe","id":"1d0lszdzkskszwe"},"id":"vxzsk1jspxgk5zb","previousOperationId":"1qlvy205rveu2sa"}
{"type":"operationEnd","subtype":"render","operationId":"o6auv6riuhig3ie","timestamp":1675620013740,"id":"kps33mifzjg2x8l","previousEventId":"enob7f54isccdzz","previousOperationId":"1qlvy205rveu2sa"}
{"type":"operationEnd","doDiffs":false,"previousEventId":"ytxn9r5ioa0xoxn","previousOperationId":"09ygviulk07p6j7","operationId":"09ygviulk07p6j7","timestamp":1675620013747,"id":"1e5lgsx33gvffec"}
