{"type":"operationStart","subtype":"profile","data":{"_id":"ucBDbhriu9n09IdK","timestamp":"2023-02-05T19:31:48.816Z","state":"queued","mode":"standard","creationDate":"2023-02-05T19:31:48.818Z","modificationDate":"2023-02-05T19:31:48.818Z","shortid":"D6zXsVQ","$entitySet":"profiles"},"doDiffs":false,"timestamp":1675625508817,"id":"k9atf36stlxw11g","previousOperationId":null,"operationId":"5q1qa2408b1qha8"}
{"type":"log","level":"info","message":"Render request 6 queued for execution and waiting for available worker","previousOperationId":"5q1qa2408b1qha8","timestamp":1675625508817,"id":"b8w50nq2khsyutp"}
{"type":"operationStart","subtype":"render","name":"orders-main","previousOperationId":"5q1qa2408b1qha8","timestamp":1675625508828,"id":"rc5q4fez5d5w31c","previousEventId":"k9atf36stlxw11g","operationId":"o9rkh0guvhc7ddm"}
{"type":"log","timestamp":1675625508828,"level":"info","message":"Starting rendering request 6","meta":{"rootId":"20t4m4au9stewds","id":"20t4m4au9stewds"},"id":"adk36obf2d7h3bx","previousOperationId":"o9rkh0guvhc7ddm"}
{"type":"log","timestamp":1675625508829,"level":"info","message":"Rendering template { name: orders-main, recipe: chrome-pdf, engine: handlebars, preview: true }","meta":{"rootId":"20t4m4au9stewds","id":"20t4m4au9stewds"},"id":"sb6quvjvvh3hio1","previousOperationId":"o9rkh0guvhc7ddm"}
{"type":"log","timestamp":1675625508831,"level":"debug","message":"Data item not defined for this template.","meta":{"rootId":"20t4m4au9stewds","id":"20t4m4au9stewds"},"id":"yqrzbo1rdx8mvpg","previousOperationId":"o9rkh0guvhc7ddm"}
{"type":"log","timestamp":1675625508833,"level":"debug","message":"Executing script orders-script (beforeRender)","meta":{"rootId":"20t4m4au9stewds","id":"20t4m4au9stewds"},"id":"20ta4d2q0pl9cfm","previousOperationId":"o9rkh0guvhc7ddm"}
{"type":"operationStart","subtype":"scriptsBeforeRender","name":"scripts beforeRender","timestamp":1675625508865,"id":"l8a6bg1q9aw5oul","previousEventId":"rc5q4fez5d5w31c","operationId":"sotg2irunn64p3u","previousOperationId":"o9rkh0guvhc7ddm"}
{"type":"operationStart","subtype":"script","name":"scripts orders-script","previousOperationId":"sotg2irunn64p3u","timestamp":1675625508865,"id":"ngxkd2zk2ppm5dh","previousEventId":"l8a6bg1q9aw5oul","operationId":"4h0kgtjj692zi6l"}
{"type":"log","timestamp":1675625509100,"level":"debug","message":"(console:log) [ 2, 4 ]","meta":{"userLevel":true,"rootId":"20t4m4au9stewds","id":"20t4m4au9stewds"},"id":"okpfamippd7u4re","previousOperationId":"4h0kgtjj692zi6l"}
{"type":"operationEnd","operationId":"4h0kgtjj692zi6l","timestamp":1675625509100,"id":"nmbjhwd42ilef65","previousEventId":"rc5q4fez5d5w31c","previousOperationId":"o9rkh0guvhc7ddm"}
{"type":"operationEnd","operationId":"sotg2irunn64p3u","timestamp":1675625509100,"id":"6jobaf8bqx5svf8","previousEventId":"nmbjhwd42ilef65","previousOperationId":"o9rkh0guvhc7ddm"}
{"type":"log","timestamp":1675625509100,"level":"debug","message":"Base url not specified, skipping its injection.","meta":{"rootId":"20t4m4au9stewds","id":"20t4m4au9stewds"},"id":"5cdhwmnghedmk5d","previousOperationId":"sotg2irunn64p3u"}
{"type":"operationStart","subtype":"engine","name":"handlebars","timestamp":1675625509100,"id":"ensaspwapw3hior","previousEventId":"6jobaf8bqx5svf8","operationId":"61ybn6w747vm396","previousOperationId":"sotg2irunn64p3u"}
{"type":"log","timestamp":1675625509100,"level":"debug","message":"Rendering engine handlebars","meta":{"rootId":"20t4m4au9stewds","id":"20t4m4au9stewds"},"id":"fqhihgjorrwphcq","previousOperationId":"61ybn6w747vm396"}
{"type":"operationEnd","operationId":"61ybn6w747vm396","timestamp":1675625509119,"id":"j8oxc87qwb9n6ej","previousEventId":"ensaspwapw3hior","previousOperationId":"61ybn6w747vm396"}
{"type":"operationStart","subtype":"recipe","name":"chrome-pdf","timestamp":1675625509119,"id":"a869dggjktlauv3","previousEventId":"j8oxc87qwb9n6ej","operationId":"3wf4x7a66gqurwd","previousOperationId":"61ybn6w747vm396"}
{"type":"log","timestamp":1675625509119,"level":"debug","message":"Executing recipe chrome-pdf","meta":{"rootId":"20t4m4au9stewds","id":"20t4m4au9stewds"},"id":"48eibmqc0to467r","previousOperationId":"3wf4x7a66gqurwd"}
{"type":"log","timestamp":1675625509122,"level":"debug","message":"Converting with chrome HeadlessChrome/105.0.5173.0 using chrome-pool strategy","meta":{"rootId":"20t4m4au9stewds","id":"20t4m4au9stewds"},"id":"h35b1m6zveklo06","previousOperationId":"3wf4x7a66gqurwd"}
{"type":"log","timestamp":1675625509248,"level":"debug","message":"Page request: GET (document) file:///C:/Users/pollo/AppData/Local/Temp/jsreport/autocleanup/2e5160ee-a0ca-4fad-bee0-7ada66395b5c-chrome-pdf.html","meta":{"rootId":"20t4m4au9stewds","id":"20t4m4au9stewds"},"id":"mwtd6n9chj5kzq9","previousOperationId":"3wf4x7a66gqurwd"}
{"type":"log","timestamp":1675625509270,"level":"debug","message":"Page request finished: GET (document) 200 file:///C:/Users/pollo/AppData/Local/Temp/jsreport/autocleanup/2e5160ee-a0ca-4fad-bee0-7ada66395b5c-chrome-pdf.html","meta":{"rootId":"20t4m4au9stewds","id":"20t4m4au9stewds"},"id":"szz9w4wsdi4r1bm","previousOperationId":"3wf4x7a66gqurwd"}
{"type":"log","timestamp":1675625509270,"level":"debug","message":"Page request: GET (stylesheet) https://cdnjs.cloudflare.com/ajax/libs/metro/4.1.5/css/metro.min.css","meta":{"rootId":"20t4m4au9stewds","id":"20t4m4au9stewds"},"id":"5p294okfzrm65mp","previousOperationId":"3wf4x7a66gqurwd"}
{"type":"log","timestamp":1675625509271,"level":"debug","message":"Page request: GET (script) https://cdn.jsdelivr.net/npm/chart.js","meta":{"rootId":"20t4m4au9stewds","id":"20t4m4au9stewds"},"id":"j3q3fmtd39ndqmt","previousOperationId":"3wf4x7a66gqurwd"}
{"type":"log","timestamp":1675625509276,"level":"debug","message":"Page request finished: GET (script) 200 https://cdn.jsdelivr.net/npm/chart.js","meta":{"rootId":"20t4m4au9stewds","id":"20t4m4au9stewds"},"id":"anqcf3085nssvcb","previousOperationId":"3wf4x7a66gqurwd"}
{"type":"log","timestamp":1675625509295,"level":"debug","message":"Page request finished: GET (stylesheet) 200 https://cdnjs.cloudflare.com/ajax/libs/metro/4.1.5/css/metro.min.css","meta":{"rootId":"20t4m4au9stewds","id":"20t4m4au9stewds"},"id":"oq5ird5xd9r9yj4","previousOperationId":"3wf4x7a66gqurwd"}
{"type":"log","timestamp":1675625509393,"level":"debug","message":"Running chrome with params {\"printBackground\":true,\"marginTop\":\"4cm\",\"marginRight\":\"1.5cm\",\"marginBottom\":\"1.5cm\",\"marginLeft\":\"1.5cm\",\"waitForJS\":false,\"timeout\":59695,\"margin\":{\"top\":\"4cm\",\"right\":\"1.5cm\",\"bottom\":\"1.5cm\",\"left\":\"1.5cm\"}}","meta":{"rootId":"20t4m4au9stewds","id":"20t4m4au9stewds"},"id":"uyujkgnjah6nnzx","previousOperationId":"3wf4x7a66gqurwd"}
{"type":"operationEnd","operationId":"3wf4x7a66gqurwd","timestamp":1675625509476,"id":"n8jb9lbqllszxji","previousEventId":"a869dggjktlauv3","previousOperationId":"3wf4x7a66gqurwd"}
{"type":"log","timestamp":1675625509476,"level":"info","message":"pdf-utils is starting pdf processing","meta":{"rootId":"20t4m4au9stewds","id":"20t4m4au9stewds"},"id":"idb6ksnb3xygp3i","previousOperationId":"3wf4x7a66gqurwd"}
{"type":"operationStart","subtype":"pdfUtils","name":"pdf utils","timestamp":1675625509476,"id":"axcqwhi9yt0pxl2","previousEventId":"n8jb9lbqllszxji","operationId":"zl51a1fmqemsld3","previousOperationId":"3wf4x7a66gqurwd"}
{"type":"log","timestamp":1675625509476,"level":"debug","message":"pdf-utils detected 1 pdf operation(s) to process","meta":{"rootId":"20t4m4au9stewds","id":"20t4m4au9stewds"},"id":"38ezseazp0zqm7k","previousOperationId":"zl51a1fmqemsld3"}
{"type":"log","timestamp":1675625509492,"level":"debug","message":"pdf-utils running pdf operation merge","meta":{"rootId":"20t4m4au9stewds","id":"20t4m4au9stewds"},"id":"1wtcdi7zl8qwu8p","previousOperationId":"zl51a1fmqemsld3"}
{"type":"operationStart","subtype":"pdfUtilsMerge","name":"pdf utils merge","previousOperationId":"zl51a1fmqemsld3","timestamp":1675625509492,"id":"nztf3pe807gd47b","previousEventId":"axcqwhi9yt0pxl2","operationId":"x1kcv2zl0l1uxph"}
{"type":"operationStart","subtype":"render","name":"orders-header","previousOperationId":"x1kcv2zl0l1uxph","timestamp":1675625509493,"id":"o1n6bbn8irwjn8o","previousEventId":"nztf3pe807gd47b","operationId":"jcacj6q2i2dcf2w"}
{"type":"log","timestamp":1675625509493,"level":"info","message":"Starting rendering (child) request","meta":{"rootId":"20t4m4au9stewds","id":"mtyye0a75hekv0t"},"id":"xflvk19tz6zji4r","previousOperationId":"jcacj6q2i2dcf2w"}
{"type":"log","timestamp":1675625509493,"level":"info","message":"Rendering template { name: orders-header, recipe: chrome-pdf, engine: handlebars, preview: true }","meta":{"rootId":"20t4m4au9stewds","id":"mtyye0a75hekv0t"},"id":"i7gwkf6rdjhtln3","previousOperationId":"jcacj6q2i2dcf2w"}
{"type":"log","timestamp":1675625509495,"level":"debug","message":"Inline data specified.","meta":{"rootId":"20t4m4au9stewds","id":"mtyye0a75hekv0t"},"id":"9y3qetyqocx04aa","previousOperationId":"jcacj6q2i2dcf2w"}
{"type":"log","timestamp":1675625509498,"level":"debug","message":"Base url not specified, skipping its injection.","meta":{"rootId":"20t4m4au9stewds","id":"mtyye0a75hekv0t"},"id":"n9h7b4p83mbp4ei","previousOperationId":"jcacj6q2i2dcf2w"}
{"type":"operationStart","subtype":"engine","name":"handlebars","timestamp":1675625509498,"id":"vswdrcezk68rm7m","previousEventId":"o1n6bbn8irwjn8o","operationId":"d6hfktyfxxu7vlm","previousOperationId":"jcacj6q2i2dcf2w"}
{"type":"log","timestamp":1675625509498,"level":"debug","message":"Rendering engine handlebars","meta":{"rootId":"20t4m4au9stewds","id":"mtyye0a75hekv0t"},"id":"xywr8mh7c2u7gh3","previousOperationId":"d6hfktyfxxu7vlm"}
{"type":"operationEnd","operationId":"d6hfktyfxxu7vlm","timestamp":1675625509515,"id":"ohb3i6yjrt2j7vv","previousEventId":"vswdrcezk68rm7m","previousOperationId":"d6hfktyfxxu7vlm"}
{"type":"operationStart","subtype":"recipe","name":"chrome-pdf","timestamp":1675625509516,"id":"fov1edp82og7py6","previousEventId":"ohb3i6yjrt2j7vv","operationId":"dxcc9k4y8fsrnnl","previousOperationId":"d6hfktyfxxu7vlm"}
{"type":"log","timestamp":1675625509516,"level":"debug","message":"Executing recipe chrome-pdf","meta":{"rootId":"20t4m4au9stewds","id":"mtyye0a75hekv0t"},"id":"3nl5fijefwemdni","previousOperationId":"dxcc9k4y8fsrnnl"}
{"type":"log","timestamp":1675625509518,"level":"debug","message":"Converting with chrome HeadlessChrome/105.0.5173.0 using chrome-pool strategy","meta":{"rootId":"20t4m4au9stewds","id":"mtyye0a75hekv0t"},"id":"3xfvd06gj7fk1c0","previousOperationId":"dxcc9k4y8fsrnnl"}
{"type":"log","timestamp":1675625509623,"level":"debug","message":"Page request: GET (document) file:///C:/Users/pollo/AppData/Local/Temp/jsreport/autocleanup/8e331341-d236-4158-8a3c-5462dbf9adbf-chrome-pdf.html","meta":{"rootId":"20t4m4au9stewds","id":"mtyye0a75hekv0t"},"id":"9zfvh53hisjg0en","previousOperationId":"dxcc9k4y8fsrnnl"}
{"type":"log","timestamp":1675625509633,"level":"debug","message":"Page request finished: GET (document) 200 file:///C:/Users/pollo/AppData/Local/Temp/jsreport/autocleanup/8e331341-d236-4158-8a3c-5462dbf9adbf-chrome-pdf.html","meta":{"rootId":"20t4m4au9stewds","id":"mtyye0a75hekv0t"},"id":"auobilzf3kqyqc6","previousOperationId":"dxcc9k4y8fsrnnl"}
{"type":"log","timestamp":1675625509633,"level":"debug","message":"Page request: GET (stylesheet) https://cdnjs.cloudflare.com/ajax/libs/metro/4.1.5/css/metro.min.css","meta":{"rootId":"20t4m4au9stewds","id":"mtyye0a75hekv0t"},"id":"n981b4pgnkz1hvf","previousOperationId":"dxcc9k4y8fsrnnl"}
{"type":"log","timestamp":1675625509654,"level":"debug","message":"Page request finished: GET (stylesheet) 200 https://cdnjs.cloudflare.com/ajax/libs/metro/4.1.5/css/metro.min.css","meta":{"rootId":"20t4m4au9stewds","id":"mtyye0a75hekv0t"},"id":"h2dj41knpejuwck","previousOperationId":"dxcc9k4y8fsrnnl"}
{"type":"log","timestamp":1675625509675,"level":"debug","message":"Running chrome with params {\"printBackground\":true,\"marginTop\":\"1.5cm\",\"marginRight\":\"1.5cm\",\"marginLeft\":\"1.cm\",\"timeout\":59299,\"margin\":{\"top\":\"1.5cm\",\"right\":\"1.5cm\",\"left\":\"1.cm\"}}","meta":{"rootId":"20t4m4au9stewds","id":"mtyye0a75hekv0t"},"id":"mx2y0h31vg4qujc","previousOperationId":"dxcc9k4y8fsrnnl"}
{"type":"operationEnd","operationId":"dxcc9k4y8fsrnnl","timestamp":1675625509732,"id":"fzno1s16x9zs7in","previousEventId":"fov1edp82og7py6","previousOperationId":"dxcc9k4y8fsrnnl"}
{"type":"log","timestamp":1675625509732,"level":"debug","message":"Skipping storing report.","meta":{"rootId":"20t4m4au9stewds","id":"mtyye0a75hekv0t"},"id":"6d3jgw1mdyslm04","previousOperationId":"dxcc9k4y8fsrnnl"}
{"type":"log","timestamp":1675625509733,"level":"info","message":"Rendering (child) request finished in 917 ms","meta":{"rootId":"20t4m4au9stewds","id":"mtyye0a75hekv0t"},"id":"rsk3jqfc0kkik8c","previousOperationId":"dxcc9k4y8fsrnnl"}
{"type":"operationEnd","subtype":"render","operationId":"jcacj6q2i2dcf2w","timestamp":1675625509733,"id":"0fa2avotsdxs3t8","previousEventId":"fzno1s16x9zs7in","previousOperationId":"dxcc9k4y8fsrnnl"}
{"type":"operationEnd","operationId":"x1kcv2zl0l1uxph","timestamp":1675625509739,"id":"d8r5q8cea65ystw","previousEventId":"nztf3pe807gd47b","previousOperationId":"x1kcv2zl0l1uxph"}
{"type":"log","timestamp":1675625509739,"level":"debug","message":"pdf-utils postproces start","meta":{"rootId":"20t4m4au9stewds","id":"20t4m4au9stewds"},"id":"rh9akdq9l8ktn1n","previousOperationId":"x1kcv2zl0l1uxph"}
{"type":"log","timestamp":1675625509748,"level":"debug","message":"pdf-utils postproces end","meta":{"rootId":"20t4m4au9stewds","id":"20t4m4au9stewds"},"id":"oilalg1tnj6cae6","previousOperationId":"x1kcv2zl0l1uxph"}
{"type":"operationEnd","operationId":"zl51a1fmqemsld3","timestamp":1675625509748,"id":"fmrerywqu7xys44","previousEventId":"d8r5q8cea65ystw","previousOperationId":"x1kcv2zl0l1uxph"}
{"type":"log","timestamp":1675625509748,"level":"info","message":"pdf-utils pdf processing was finished","meta":{"rootId":"20t4m4au9stewds","id":"20t4m4au9stewds"},"id":"fc30va3rkqe99ix","previousOperationId":"zl51a1fmqemsld3"}
{"type":"log","timestamp":1675625509748,"level":"debug","message":"Skipping storing report.","meta":{"rootId":"20t4m4au9stewds","id":"20t4m4au9stewds"},"id":"xwgvr0tp5mrww46","previousOperationId":"zl51a1fmqemsld3"}
{"type":"log","timestamp":1675625509748,"level":"info","message":"Rendering request 6 finished in 932 ms","meta":{"rootId":"20t4m4au9stewds","id":"20t4m4au9stewds"},"id":"ysue8lbzxq3rzm8","previousOperationId":"zl51a1fmqemsld3"}
{"type":"operationEnd","subtype":"render","operationId":"o9rkh0guvhc7ddm","timestamp":1675625509748,"id":"gi7b6ful3ig0kce","previousEventId":"fmrerywqu7xys44","previousOperationId":"zl51a1fmqemsld3"}
{"type":"operationEnd","doDiffs":false,"previousEventId":"k9atf36stlxw11g","previousOperationId":"5q1qa2408b1qha8","operationId":"5q1qa2408b1qha8","timestamp":1675625509757,"id":"2s80093msx2hakf"}
