{"type":"operationStart","subtype":"profile","data":{"_id":"0XYzAeM6c2Mlg4C7","timestamp":"2023-02-06T16:11:04.911Z","state":"queued","mode":"standard","creationDate":"2023-02-06T16:11:04.915Z","modificationDate":"2023-02-06T16:11:04.915Z","shortid":"STFaOEn","$entitySet":"profiles"},"doDiffs":false,"timestamp":1675699864914,"id":"zq7xr79qdkr3mi2","previousOperationId":null,"operationId":"hfz7f0hx4yrc6e0"}
{"type":"log","level":"info","message":"Render request 2 queued for execution and waiting for available worker","previousOperationId":"hfz7f0hx4yrc6e0","timestamp":1675699864914,"id":"r7ani72jnj39xwk"}
{"type":"operationStart","subtype":"render","name":"orders-main","previousOperationId":"hfz7f0hx4yrc6e0","timestamp":1675699864927,"id":"2cp6mjr51pd33on","previousEventId":"zq7xr79qdkr3mi2","operationId":"96yjuufo5b1n2i7"}
{"type":"log","timestamp":1675699864927,"level":"info","message":"Starting rendering request 2","meta":{"rootId":"2pd2ndldhfjtjve","id":"2pd2ndldhfjtjve"},"id":"6147bm5oeq3mm6x","previousOperationId":"96yjuufo5b1n2i7"}
{"type":"log","timestamp":1675699864928,"level":"info","message":"Rendering template { name: orders-main, recipe: chrome-pdf, engine: handlebars, preview: true }","meta":{"rootId":"2pd2ndldhfjtjve","id":"2pd2ndldhfjtjve"},"id":"lpt7bb5rp2yliw0","previousOperationId":"96yjuufo5b1n2i7"}
{"type":"log","timestamp":1675699864930,"level":"debug","message":"Data item not defined for this template.","meta":{"rootId":"2pd2ndldhfjtjve","id":"2pd2ndldhfjtjve"},"id":"bfhc1r180syrpf6","previousOperationId":"96yjuufo5b1n2i7"}
{"type":"log","timestamp":1675699864935,"level":"debug","message":"Executing script orders-script (beforeRender)","meta":{"rootId":"2pd2ndldhfjtjve","id":"2pd2ndldhfjtjve"},"id":"s832yzq13g5drwe","previousOperationId":"96yjuufo5b1n2i7"}
{"type":"operationStart","subtype":"scriptsBeforeRender","name":"scripts beforeRender","timestamp":1675699864971,"id":"bdglt3ig5yiyafb","previousEventId":"2cp6mjr51pd33on","operationId":"xogbsr3j838hmq4","previousOperationId":"96yjuufo5b1n2i7"}
{"type":"operationStart","subtype":"script","name":"scripts orders-script","previousOperationId":"xogbsr3j838hmq4","timestamp":1675699864971,"id":"dt69iihx7wc99gs","previousEventId":"bdglt3ig5yiyafb","operationId":"v9bkjw2qcpsqqf1"}
{"type":"log","timestamp":1675699865265,"level":"debug","message":"(console:log) [ 2, 4 ]","meta":{"userLevel":true,"rootId":"2pd2ndldhfjtjve","id":"2pd2ndldhfjtjve"},"id":"i9y0zv5hxjm4c19","previousOperationId":"v9bkjw2qcpsqqf1"}
{"type":"operationEnd","operationId":"v9bkjw2qcpsqqf1","timestamp":1675699865266,"id":"r7wxz6m1u04ke7z","previousEventId":"2cp6mjr51pd33on","previousOperationId":"96yjuufo5b1n2i7"}
{"type":"operationEnd","operationId":"xogbsr3j838hmq4","timestamp":1675699865266,"id":"5u5w32yhul0v74d","previousEventId":"r7wxz6m1u04ke7z","previousOperationId":"96yjuufo5b1n2i7"}
{"type":"log","timestamp":1675699865266,"level":"debug","message":"Base url not specified, skipping its injection.","meta":{"rootId":"2pd2ndldhfjtjve","id":"2pd2ndldhfjtjve"},"id":"fjxg2qg473m2ovi","previousOperationId":"xogbsr3j838hmq4"}
{"type":"operationStart","subtype":"engine","name":"handlebars","timestamp":1675699865266,"id":"gbgxjomuhagp8z1","previousEventId":"5u5w32yhul0v74d","operationId":"ul8x7cufhgzv5v8","previousOperationId":"xogbsr3j838hmq4"}
{"type":"log","timestamp":1675699865266,"level":"debug","message":"Rendering engine handlebars","meta":{"rootId":"2pd2ndldhfjtjve","id":"2pd2ndldhfjtjve"},"id":"r3p4coh7umyi3ft","previousOperationId":"ul8x7cufhgzv5v8"}
{"type":"operationEnd","operationId":"ul8x7cufhgzv5v8","timestamp":1675699865280,"id":"c3ma5b1j97y6pm6","previousEventId":"gbgxjomuhagp8z1","previousOperationId":"ul8x7cufhgzv5v8"}
{"type":"operationStart","subtype":"recipe","name":"chrome-pdf","timestamp":1675699865281,"id":"scnipj8sst17g8z","previousEventId":"c3ma5b1j97y6pm6","operationId":"ci7fi5ggj507oww","previousOperationId":"ul8x7cufhgzv5v8"}
{"type":"log","timestamp":1675699865281,"level":"debug","message":"Executing recipe chrome-pdf","meta":{"rootId":"2pd2ndldhfjtjve","id":"2pd2ndldhfjtjve"},"id":"vfu2qygojs62ynh","previousOperationId":"ci7fi5ggj507oww"}
{"type":"log","timestamp":1675699865284,"level":"debug","message":"Converting with chrome HeadlessChrome/105.0.5173.0 using chrome-pool strategy","meta":{"rootId":"2pd2ndldhfjtjve","id":"2pd2ndldhfjtjve"},"id":"4wxf9myv6lz61o2","previousOperationId":"ci7fi5ggj507oww"}
{"type":"log","timestamp":1675699865391,"level":"debug","message":"Page request: GET (document) file:///C:/Users/pollo/AppData/Local/Temp/jsreport/autocleanup/ee726690-9432-4a28-8adf-665fc63b947c-chrome-pdf.html","meta":{"rootId":"2pd2ndldhfjtjve","id":"2pd2ndldhfjtjve"},"id":"to434illivwm0z1","previousOperationId":"ci7fi5ggj507oww"}
{"type":"log","timestamp":1675699865415,"level":"debug","message":"Page request: GET (stylesheet) https://cdnjs.cloudflare.com/ajax/libs/metro/4.1.5/css/metro.min.css","meta":{"rootId":"2pd2ndldhfjtjve","id":"2pd2ndldhfjtjve"},"id":"9wgmj5h0m73ippn","previousOperationId":"ci7fi5ggj507oww"}
{"type":"log","timestamp":1675699865416,"level":"debug","message":"Page request finished: GET (document) 200 file:///C:/Users/pollo/AppData/Local/Temp/jsreport/autocleanup/ee726690-9432-4a28-8adf-665fc63b947c-chrome-pdf.html","meta":{"rootId":"2pd2ndldhfjtjve","id":"2pd2ndldhfjtjve"},"id":"e5ttlhdh2d129ay","previousOperationId":"ci7fi5ggj507oww"}
{"type":"log","timestamp":1675699865417,"level":"debug","message":"Page request: GET (script) https://cdn.jsdelivr.net/npm/chart.js","meta":{"rootId":"2pd2ndldhfjtjve","id":"2pd2ndldhfjtjve"},"id":"mx0wjff3bdhbhhy","previousOperationId":"ci7fi5ggj507oww"}
{"type":"log","timestamp":1675699865443,"level":"debug","message":"Page request finished: GET (stylesheet) 200 https://cdnjs.cloudflare.com/ajax/libs/metro/4.1.5/css/metro.min.css","meta":{"rootId":"2pd2ndldhfjtjve","id":"2pd2ndldhfjtjve"},"id":"4wzf0ba6s0v356k","previousOperationId":"ci7fi5ggj507oww"}
{"type":"log","timestamp":1675699865444,"level":"debug","message":"Page request finished: GET (script) 200 https://cdn.jsdelivr.net/npm/chart.js","meta":{"rootId":"2pd2ndldhfjtjve","id":"2pd2ndldhfjtjve"},"id":"c9zhimvw6cv99m3","previousOperationId":"ci7fi5ggj507oww"}
{"type":"log","timestamp":1675699865560,"level":"debug","message":"Running chrome with params {\"printBackground\":true,\"marginTop\":\"4cm\",\"marginRight\":\"1.5cm\",\"marginBottom\":\"1.5cm\",\"marginLeft\":\"1.5cm\",\"waitForJS\":false,\"timeout\":59628,\"margin\":{\"top\":\"4cm\",\"right\":\"1.5cm\",\"bottom\":\"1.5cm\",\"left\":\"1.5cm\"}}","meta":{"rootId":"2pd2ndldhfjtjve","id":"2pd2ndldhfjtjve"},"id":"ounvis68g7ejfjn","previousOperationId":"ci7fi5ggj507oww"}
{"type":"operationEnd","operationId":"ci7fi5ggj507oww","timestamp":1675699865659,"id":"hquy8xd8efi67s5","previousEventId":"scnipj8sst17g8z","previousOperationId":"ci7fi5ggj507oww"}
{"type":"log","timestamp":1675699865659,"level":"info","message":"pdf-utils is starting pdf processing","meta":{"rootId":"2pd2ndldhfjtjve","id":"2pd2ndldhfjtjve"},"id":"1or8np4htfylaa1","previousOperationId":"ci7fi5ggj507oww"}
{"type":"operationStart","subtype":"pdfUtils","name":"pdf utils","timestamp":1675699865659,"id":"ifh1rt09iidn6up","previousEventId":"hquy8xd8efi67s5","operationId":"uxbc45bzpecouez","previousOperationId":"ci7fi5ggj507oww"}
{"type":"log","timestamp":1675699865659,"level":"debug","message":"pdf-utils detected 1 pdf operation(s) to process","meta":{"rootId":"2pd2ndldhfjtjve","id":"2pd2ndldhfjtjve"},"id":"omw96gth7sg1bku","previousOperationId":"uxbc45bzpecouez"}
{"type":"log","timestamp":1675699865699,"level":"debug","message":"pdf-utils running pdf operation merge","meta":{"rootId":"2pd2ndldhfjtjve","id":"2pd2ndldhfjtjve"},"id":"p9lxdk858rvcphf","previousOperationId":"uxbc45bzpecouez"}
{"type":"operationStart","subtype":"pdfUtilsMerge","name":"pdf utils merge","previousOperationId":"uxbc45bzpecouez","timestamp":1675699865699,"id":"l6f2tb0a3i8m5an","previousEventId":"ifh1rt09iidn6up","operationId":"ggch2wqq77ct0et"}
{"type":"operationStart","subtype":"render","name":"orders-header","previousOperationId":"ggch2wqq77ct0et","timestamp":1675699865701,"id":"fjy8bo5w6e79yi3","previousEventId":"l6f2tb0a3i8m5an","operationId":"lj5xv0nrtzylu9u"}
{"type":"log","timestamp":1675699865701,"level":"info","message":"Starting rendering (child) request","meta":{"rootId":"2pd2ndldhfjtjve","id":"o73igpv24dabyqs"},"id":"xv03b1bgqui1vnq","previousOperationId":"lj5xv0nrtzylu9u"}
{"type":"log","timestamp":1675699865701,"level":"info","message":"Rendering template { name: orders-header, recipe: chrome-pdf, engine: handlebars, preview: true }","meta":{"rootId":"2pd2ndldhfjtjve","id":"o73igpv24dabyqs"},"id":"0byqzs8sjco8en0","previousOperationId":"lj5xv0nrtzylu9u"}
{"type":"log","timestamp":1675699865702,"level":"debug","message":"Inline data specified.","meta":{"rootId":"2pd2ndldhfjtjve","id":"o73igpv24dabyqs"},"id":"5xkrm7rsibiwfks","previousOperationId":"lj5xv0nrtzylu9u"}
{"type":"log","timestamp":1675699865704,"level":"debug","message":"Base url not specified, skipping its injection.","meta":{"rootId":"2pd2ndldhfjtjve","id":"o73igpv24dabyqs"},"id":"shu35v5ybrrk7al","previousOperationId":"lj5xv0nrtzylu9u"}
{"type":"operationStart","subtype":"engine","name":"handlebars","timestamp":1675699865705,"id":"npj19agh1pt9kwi","previousEventId":"fjy8bo5w6e79yi3","operationId":"6bdjubgmo3hg7h6","previousOperationId":"lj5xv0nrtzylu9u"}
{"type":"log","timestamp":1675699865705,"level":"debug","message":"Rendering engine handlebars","meta":{"rootId":"2pd2ndldhfjtjve","id":"o73igpv24dabyqs"},"id":"f660wkq090dnok4","previousOperationId":"6bdjubgmo3hg7h6"}
{"type":"operationEnd","operationId":"6bdjubgmo3hg7h6","timestamp":1675699865725,"id":"mk0jimoma8nvkuv","previousEventId":"npj19agh1pt9kwi","previousOperationId":"6bdjubgmo3hg7h6"}
{"type":"operationStart","subtype":"recipe","name":"chrome-pdf","timestamp":1675699865726,"id":"58yakbffgrpkisx","previousEventId":"mk0jimoma8nvkuv","operationId":"vhkop4hnnrmaf5w","previousOperationId":"6bdjubgmo3hg7h6"}
{"type":"log","timestamp":1675699865726,"level":"debug","message":"Executing recipe chrome-pdf","meta":{"rootId":"2pd2ndldhfjtjve","id":"o73igpv24dabyqs"},"id":"srn4dv01cgug344","previousOperationId":"vhkop4hnnrmaf5w"}
{"type":"log","timestamp":1675699865728,"level":"debug","message":"Converting with chrome HeadlessChrome/105.0.5173.0 using chrome-pool strategy","meta":{"rootId":"2pd2ndldhfjtjve","id":"o73igpv24dabyqs"},"id":"6hgla2rgc60pewg","previousOperationId":"vhkop4hnnrmaf5w"}
{"type":"log","timestamp":1675699865845,"level":"debug","message":"Page request: GET (document) file:///C:/Users/pollo/AppData/Local/Temp/jsreport/autocleanup/07ce2dfc-4d78-4c54-accf-647a10f6625a-chrome-pdf.html","meta":{"rootId":"2pd2ndldhfjtjve","id":"o73igpv24dabyqs"},"id":"ozikvzmr7xcje3g","previousOperationId":"vhkop4hnnrmaf5w"}
{"type":"log","timestamp":1675699865868,"level":"debug","message":"Page request finished: GET (document) 200 file:///C:/Users/pollo/AppData/Local/Temp/jsreport/autocleanup/07ce2dfc-4d78-4c54-accf-647a10f6625a-chrome-pdf.html","meta":{"rootId":"2pd2ndldhfjtjve","id":"o73igpv24dabyqs"},"id":"at8ew4tlqyj8gh6","previousOperationId":"vhkop4hnnrmaf5w"}
{"type":"log","timestamp":1675699865869,"level":"debug","message":"Page request: GET (stylesheet) https://cdnjs.cloudflare.com/ajax/libs/metro/4.1.5/css/metro.min.css","meta":{"rootId":"2pd2ndldhfjtjve","id":"o73igpv24dabyqs"},"id":"kpchri31x1ppr0a","previousOperationId":"vhkop4hnnrmaf5w"}
{"type":"log","timestamp":1675699865898,"level":"debug","message":"Page request finished: GET (stylesheet) 200 https://cdnjs.cloudflare.com/ajax/libs/metro/4.1.5/css/metro.min.css","meta":{"rootId":"2pd2ndldhfjtjve","id":"o73igpv24dabyqs"},"id":"z7yzw5gftuwknv1","previousOperationId":"vhkop4hnnrmaf5w"}
{"type":"log","timestamp":1675699865926,"level":"debug","message":"Running chrome with params {\"printBackground\":true,\"marginTop\":\"1.5cm\",\"marginRight\":\"1.5cm\",\"marginLeft\":\"1.cm\",\"timeout\":59184,\"margin\":{\"top\":\"1.5cm\",\"right\":\"1.5cm\",\"left\":\"1.cm\"}}","meta":{"rootId":"2pd2ndldhfjtjve","id":"o73igpv24dabyqs"},"id":"wf5yt8qc3csvqwx","previousOperationId":"vhkop4hnnrmaf5w"}
{"type":"operationEnd","operationId":"vhkop4hnnrmaf5w","timestamp":1675699866000,"id":"1armp9xxcgnvg2q","previousEventId":"58yakbffgrpkisx","previousOperationId":"vhkop4hnnrmaf5w"}
{"type":"log","timestamp":1675699866000,"level":"debug","message":"Skipping storing report.","meta":{"rootId":"2pd2ndldhfjtjve","id":"o73igpv24dabyqs"},"id":"95ap5q00f8trqyo","previousOperationId":"vhkop4hnnrmaf5w"}
{"type":"log","timestamp":1675699866001,"level":"info","message":"Rendering (child) request finished in 1090 ms","meta":{"rootId":"2pd2ndldhfjtjve","id":"o73igpv24dabyqs"},"id":"0id6jzksfo3siqi","previousOperationId":"vhkop4hnnrmaf5w"}
{"type":"operationEnd","subtype":"render","operationId":"lj5xv0nrtzylu9u","timestamp":1675699866001,"id":"mmx4ncuo86wnqr6","previousEventId":"1armp9xxcgnvg2q","previousOperationId":"vhkop4hnnrmaf5w"}
{"type":"operationEnd","operationId":"ggch2wqq77ct0et","timestamp":1675699866011,"id":"dyua02mhqmo3xm8","previousEventId":"l6f2tb0a3i8m5an","previousOperationId":"ggch2wqq77ct0et"}
{"type":"log","timestamp":1675699866011,"level":"debug","message":"pdf-utils postproces start","meta":{"rootId":"2pd2ndldhfjtjve","id":"2pd2ndldhfjtjve"},"id":"jx9yfqpkio66uad","previousOperationId":"ggch2wqq77ct0et"}
{"type":"log","timestamp":1675699866023,"level":"debug","message":"pdf-utils postproces end","meta":{"rootId":"2pd2ndldhfjtjve","id":"2pd2ndldhfjtjve"},"id":"4f4x6eorxstt24q","previousOperationId":"ggch2wqq77ct0et"}
{"type":"operationEnd","operationId":"uxbc45bzpecouez","timestamp":1675699866023,"id":"uu2oaynmx8rztf7","previousEventId":"dyua02mhqmo3xm8","previousOperationId":"ggch2wqq77ct0et"}
{"type":"log","timestamp":1675699866023,"level":"info","message":"pdf-utils pdf processing was finished","meta":{"rootId":"2pd2ndldhfjtjve","id":"2pd2ndldhfjtjve"},"id":"a1tog279ms3o47g","previousOperationId":"uxbc45bzpecouez"}
{"type":"log","timestamp":1675699866023,"level":"debug","message":"Skipping storing report.","meta":{"rootId":"2pd2ndldhfjtjve","id":"2pd2ndldhfjtjve"},"id":"rhkixt37afdpvfi","previousOperationId":"uxbc45bzpecouez"}
{"type":"log","timestamp":1675699866023,"level":"info","message":"Rendering request 2 finished in 1112 ms","meta":{"rootId":"2pd2ndldhfjtjve","id":"2pd2ndldhfjtjve"},"id":"zpkb7dufgm3trcy","previousOperationId":"uxbc45bzpecouez"}
{"type":"operationEnd","subtype":"render","operationId":"96yjuufo5b1n2i7","timestamp":1675699866023,"id":"4ipco52k7jcppjo","previousEventId":"uu2oaynmx8rztf7","previousOperationId":"uxbc45bzpecouez"}
{"type":"operationEnd","doDiffs":false,"previousEventId":"zq7xr79qdkr3mi2","previousOperationId":"hfz7f0hx4yrc6e0","operationId":"hfz7f0hx4yrc6e0","timestamp":1675699866034,"id":"as3lnr2fm4yus13"}
