{"type":"operationStart","subtype":"profile","data":{"_id":"4NN28F3elDrFb4fC","timestamp":"2023-02-05T18:20:58.470Z","state":"queued","mode":"standard","creationDate":"2023-02-05T18:20:58.472Z","modificationDate":"2023-02-05T18:20:58.472Z","shortid":"5KujQ3g","$entitySet":"profiles"},"doDiffs":false,"timestamp":1675621258471,"id":"6rwcmpmez8qc3kx","previousOperationId":null,"operationId":"gx3h6l2upo70egy"}
{"type":"log","level":"info","message":"Render request 34 queued for execution and waiting for available worker","previousOperationId":"gx3h6l2upo70egy","timestamp":1675621258471,"id":"6cpkxb4vdbr45hc"}
{"type":"operationStart","subtype":"render","name":"orders-main","previousOperationId":"gx3h6l2upo70egy","timestamp":1675621258481,"id":"0hx7yoyz8z5vlto","previousEventId":"6rwcmpmez8qc3kx","operationId":"daoskqd5oolzteo"}
{"type":"log","timestamp":1675621258481,"level":"info","message":"Starting rendering request 34","meta":{"rootId":"35kc0zm4gtoo7lq","id":"35kc0zm4gtoo7lq"},"id":"f6wz2l6698k8hjp","previousOperationId":"daoskqd5oolzteo"}
{"type":"log","timestamp":1675621258481,"level":"info","message":"Rendering template { name: orders-main, recipe: chrome-pdf, engine: handlebars, preview: true }","meta":{"rootId":"35kc0zm4gtoo7lq","id":"35kc0zm4gtoo7lq"},"id":"ftea6ihjzrptpkp","previousOperationId":"daoskqd5oolzteo"}
{"type":"log","timestamp":1675621258482,"level":"debug","message":"Data item not defined for this template.","meta":{"rootId":"35kc0zm4gtoo7lq","id":"35kc0zm4gtoo7lq"},"id":"if5d8rxp7k66bvd","previousOperationId":"daoskqd5oolzteo"}
{"type":"log","timestamp":1675621258485,"level":"debug","message":"Executing script orders-script (beforeRender)","meta":{"rootId":"35kc0zm4gtoo7lq","id":"35kc0zm4gtoo7lq"},"id":"vf6wzd16fi81thc","previousOperationId":"daoskqd5oolzteo"}
{"type":"operationStart","subtype":"scriptsBeforeRender","name":"scripts beforeRender","timestamp":1675621258522,"id":"opupxd5n2nhdkzm","previousEventId":"0hx7yoyz8z5vlto","operationId":"k1dr7hr7d0whmfb","previousOperationId":"daoskqd5oolzteo"}
{"type":"operationStart","subtype":"script","name":"scripts orders-script","previousOperationId":"k1dr7hr7d0whmfb","timestamp":1675621258522,"id":"8n3vi89s13k2wad","previousEventId":"opupxd5n2nhdkzm","operationId":"4xzhlpfg8sa30zq"}
{"type":"log","timestamp":1675621258769,"level":"debug","message":"(console:log) [ 'Antonio', 'Juana de Armas' ]","meta":{"userLevel":true,"rootId":"35kc0zm4gtoo7lq","id":"35kc0zm4gtoo7lq"},"id":"xsz71tr481iymrb","previousOperationId":"4xzhlpfg8sa30zq"}
{"type":"operationEnd","operationId":"4xzhlpfg8sa30zq","timestamp":1675621258770,"id":"6gvmg8fin4vagcl","previousEventId":"0hx7yoyz8z5vlto","previousOperationId":"daoskqd5oolzteo"}
{"type":"operationEnd","operationId":"k1dr7hr7d0whmfb","timestamp":1675621258770,"id":"k1xtk9dxcyvujut","previousEventId":"6gvmg8fin4vagcl","previousOperationId":"daoskqd5oolzteo"}
{"type":"log","timestamp":1675621258770,"level":"debug","message":"Base url not specified, skipping its injection.","meta":{"rootId":"35kc0zm4gtoo7lq","id":"35kc0zm4gtoo7lq"},"id":"s04it01eoly51x1","previousOperationId":"k1dr7hr7d0whmfb"}
{"type":"operationStart","subtype":"engine","name":"handlebars","timestamp":1675621258770,"id":"okp0afs3hyjby8v","previousEventId":"k1xtk9dxcyvujut","operationId":"4iu8njiu4zz8tp5","previousOperationId":"k1dr7hr7d0whmfb"}
{"type":"log","timestamp":1675621258770,"level":"debug","message":"Rendering engine handlebars","meta":{"rootId":"35kc0zm4gtoo7lq","id":"35kc0zm4gtoo7lq"},"id":"deqdfeyr5cct8hr","previousOperationId":"4iu8njiu4zz8tp5"}
{"type":"operationEnd","operationId":"4iu8njiu4zz8tp5","timestamp":1675621258789,"id":"2zf1ukqu29afcys","previousEventId":"okp0afs3hyjby8v","previousOperationId":"4iu8njiu4zz8tp5"}
{"type":"operationStart","subtype":"recipe","name":"chrome-pdf","timestamp":1675621258790,"id":"22qqp3ifz363fns","previousEventId":"2zf1ukqu29afcys","operationId":"lz1h37ikz7nn8oh","previousOperationId":"4iu8njiu4zz8tp5"}
{"type":"log","timestamp":1675621258790,"level":"debug","message":"Executing recipe chrome-pdf","meta":{"rootId":"35kc0zm4gtoo7lq","id":"35kc0zm4gtoo7lq"},"id":"630oduq8p9bs8qp","previousOperationId":"lz1h37ikz7nn8oh"}
{"type":"log","timestamp":1675621258793,"level":"debug","message":"Converting with chrome HeadlessChrome/105.0.5173.0 using chrome-pool strategy","meta":{"rootId":"35kc0zm4gtoo7lq","id":"35kc0zm4gtoo7lq"},"id":"jik85c3d3qfncc8","previousOperationId":"lz1h37ikz7nn8oh"}
{"type":"log","timestamp":1675621258900,"level":"debug","message":"Page request: GET (document) file:///C:/Users/pollo/AppData/Local/Temp/jsreport/autocleanup/cf0a56e5-d41e-4143-9904-d8ddb991b372-chrome-pdf.html","meta":{"rootId":"35kc0zm4gtoo7lq","id":"35kc0zm4gtoo7lq"},"id":"vm1jbwu4cw4fihp","previousOperationId":"lz1h37ikz7nn8oh"}
{"type":"log","timestamp":1675621258910,"level":"debug","message":"Page request finished: GET (document) 200 file:///C:/Users/pollo/AppData/Local/Temp/jsreport/autocleanup/cf0a56e5-d41e-4143-9904-d8ddb991b372-chrome-pdf.html","meta":{"rootId":"35kc0zm4gtoo7lq","id":"35kc0zm4gtoo7lq"},"id":"lh0bfvo8jovvzp4","previousOperationId":"lz1h37ikz7nn8oh"}
{"type":"log","timestamp":1675621258910,"level":"debug","message":"Page request: GET (stylesheet) https://cdnjs.cloudflare.com/ajax/libs/metro/4.1.5/css/metro.min.css","meta":{"rootId":"35kc0zm4gtoo7lq","id":"35kc0zm4gtoo7lq"},"id":"k7xod0d6z6uh4w7","previousOperationId":"lz1h37ikz7nn8oh"}
{"type":"log","timestamp":1675621258910,"level":"debug","message":"Page request: GET (script) https://cdn.jsdelivr.net/npm/chart.js","meta":{"rootId":"35kc0zm4gtoo7lq","id":"35kc0zm4gtoo7lq"},"id":"momd7br9pdel6gu","previousOperationId":"lz1h37ikz7nn8oh"}
{"type":"log","timestamp":1675621258917,"level":"debug","message":"Page request finished: GET (script) 200 https://cdn.jsdelivr.net/npm/chart.js","meta":{"rootId":"35kc0zm4gtoo7lq","id":"35kc0zm4gtoo7lq"},"id":"ioy2kcnwfawy8ho","previousOperationId":"lz1h37ikz7nn8oh"}
{"type":"log","timestamp":1675621258935,"level":"debug","message":"Page request finished: GET (stylesheet) 200 https://cdnjs.cloudflare.com/ajax/libs/metro/4.1.5/css/metro.min.css","meta":{"rootId":"35kc0zm4gtoo7lq","id":"35kc0zm4gtoo7lq"},"id":"k57vyt1dnywqk0r","previousOperationId":"lz1h37ikz7nn8oh"}
{"type":"log","timestamp":1675621259053,"level":"debug","message":"Running chrome with params {\"printBackground\":true,\"marginTop\":\"4cm\",\"marginRight\":\"1.5cm\",\"marginBottom\":\"1.5cm\",\"marginLeft\":\"1.5cm\",\"waitForJS\":false,\"timeout\":59678,\"margin\":{\"top\":\"4cm\",\"right\":\"1.5cm\",\"bottom\":\"1.5cm\",\"left\":\"1.5cm\"}}","meta":{"rootId":"35kc0zm4gtoo7lq","id":"35kc0zm4gtoo7lq"},"id":"dyg0eu82zlpogg5","previousOperationId":"lz1h37ikz7nn8oh"}
{"type":"operationEnd","operationId":"lz1h37ikz7nn8oh","timestamp":1675621259177,"id":"j6jdcvdi9de4ag4","previousEventId":"22qqp3ifz363fns","previousOperationId":"lz1h37ikz7nn8oh"}
{"type":"log","timestamp":1675621259177,"level":"info","message":"pdf-utils is starting pdf processing","meta":{"rootId":"35kc0zm4gtoo7lq","id":"35kc0zm4gtoo7lq"},"id":"36przsie6rakxxf","previousOperationId":"lz1h37ikz7nn8oh"}
{"type":"operationStart","subtype":"pdfUtils","name":"pdf utils","timestamp":1675621259177,"id":"34olh2plpbysq0d","previousEventId":"j6jdcvdi9de4ag4","operationId":"vc5eqfi76ijo33y","previousOperationId":"lz1h37ikz7nn8oh"}
{"type":"log","timestamp":1675621259177,"level":"debug","message":"pdf-utils detected 1 pdf operation(s) to process","meta":{"rootId":"35kc0zm4gtoo7lq","id":"35kc0zm4gtoo7lq"},"id":"u3a6uy2ppmnjkj3","previousOperationId":"vc5eqfi76ijo33y"}
{"type":"log","timestamp":1675621259200,"level":"debug","message":"pdf-utils running pdf operation merge","meta":{"rootId":"35kc0zm4gtoo7lq","id":"35kc0zm4gtoo7lq"},"id":"60iqyx21con05r6","previousOperationId":"vc5eqfi76ijo33y"}
{"type":"operationStart","subtype":"pdfUtilsMerge","name":"pdf utils merge","previousOperationId":"vc5eqfi76ijo33y","timestamp":1675621259200,"id":"svbeza4w6uyu1p4","previousEventId":"34olh2plpbysq0d","operationId":"gjv6taffzw7p741"}
{"type":"operationStart","subtype":"render","name":"orders-header","previousOperationId":"gjv6taffzw7p741","timestamp":1675621259201,"id":"9l3j92o3afxefk1","previousEventId":"svbeza4w6uyu1p4","operationId":"83eul1cn7msmboq"}
{"type":"log","timestamp":1675621259201,"level":"info","message":"Starting rendering (child) request","meta":{"rootId":"35kc0zm4gtoo7lq","id":"aojma620fus15ul"},"id":"srpyqxi3qz8xjgl","previousOperationId":"83eul1cn7msmboq"}
{"type":"log","timestamp":1675621259201,"level":"info","message":"Rendering template { name: orders-header, recipe: chrome-pdf, engine: handlebars, preview: true }","meta":{"rootId":"35kc0zm4gtoo7lq","id":"aojma620fus15ul"},"id":"mg011yy2gt6r9b3","previousOperationId":"83eul1cn7msmboq"}
{"type":"log","timestamp":1675621259202,"level":"debug","message":"Inline data specified.","meta":{"rootId":"35kc0zm4gtoo7lq","id":"aojma620fus15ul"},"id":"1rhi6l73jsxks5w","previousOperationId":"83eul1cn7msmboq"}
{"type":"log","timestamp":1675621259205,"level":"debug","message":"Base url not specified, skipping its injection.","meta":{"rootId":"35kc0zm4gtoo7lq","id":"aojma620fus15ul"},"id":"l9b7a45oypp46lm","previousOperationId":"83eul1cn7msmboq"}
{"type":"operationStart","subtype":"engine","name":"handlebars","timestamp":1675621259206,"id":"0dlzvxccyqbaojv","previousEventId":"9l3j92o3afxefk1","operationId":"t0kcqd0xn9alnut","previousOperationId":"83eul1cn7msmboq"}
{"type":"log","timestamp":1675621259206,"level":"debug","message":"Rendering engine handlebars","meta":{"rootId":"35kc0zm4gtoo7lq","id":"aojma620fus15ul"},"id":"8d1b6p3bbv1ylhk","previousOperationId":"t0kcqd0xn9alnut"}
{"type":"operationEnd","operationId":"t0kcqd0xn9alnut","timestamp":1675621259223,"id":"2azio0srjuw1jkl","previousEventId":"0dlzvxccyqbaojv","previousOperationId":"t0kcqd0xn9alnut"}
{"type":"operationStart","subtype":"recipe","name":"chrome-pdf","timestamp":1675621259223,"id":"8e7knhajjg8uwdz","previousEventId":"2azio0srjuw1jkl","operationId":"jamagpt8763x3ww","previousOperationId":"t0kcqd0xn9alnut"}
{"type":"log","timestamp":1675621259223,"level":"debug","message":"Executing recipe chrome-pdf","meta":{"rootId":"35kc0zm4gtoo7lq","id":"aojma620fus15ul"},"id":"am27bgmjij7k1q1","previousOperationId":"jamagpt8763x3ww"}
{"type":"log","timestamp":1675621259225,"level":"debug","message":"Converting with chrome HeadlessChrome/105.0.5173.0 using chrome-pool strategy","meta":{"rootId":"35kc0zm4gtoo7lq","id":"aojma620fus15ul"},"id":"1bxi0ntotdd0a00","previousOperationId":"jamagpt8763x3ww"}
{"type":"log","timestamp":1675621259332,"level":"debug","message":"Page request: GET (document) file:///C:/Users/pollo/AppData/Local/Temp/jsreport/autocleanup/0d83a2db-aa5b-4cdf-9469-cae134c79548-chrome-pdf.html","meta":{"rootId":"35kc0zm4gtoo7lq","id":"aojma620fus15ul"},"id":"91ic95latm66pc5","previousOperationId":"jamagpt8763x3ww"}
{"type":"log","timestamp":1675621259341,"level":"debug","message":"Page request finished: GET (document) 200 file:///C:/Users/pollo/AppData/Local/Temp/jsreport/autocleanup/0d83a2db-aa5b-4cdf-9469-cae134c79548-chrome-pdf.html","meta":{"rootId":"35kc0zm4gtoo7lq","id":"aojma620fus15ul"},"id":"vlctv8qu41phzc9","previousOperationId":"jamagpt8763x3ww"}
{"type":"log","timestamp":1675621259342,"level":"debug","message":"Page request: GET (stylesheet) https://cdnjs.cloudflare.com/ajax/libs/metro/4.1.5/css/metro.min.css","meta":{"rootId":"35kc0zm4gtoo7lq","id":"aojma620fus15ul"},"id":"r63238648nhup3v","previousOperationId":"jamagpt8763x3ww"}
{"type":"log","timestamp":1675621259363,"level":"debug","message":"Page request finished: GET (stylesheet) 200 https://cdnjs.cloudflare.com/ajax/libs/metro/4.1.5/css/metro.min.css","meta":{"rootId":"35kc0zm4gtoo7lq","id":"aojma620fus15ul"},"id":"mpncm1rvd5exwzd","previousOperationId":"jamagpt8763x3ww"}
{"type":"log","timestamp":1675621259385,"level":"debug","message":"Running chrome with params {\"printBackground\":true,\"marginTop\":\"1.5cm\",\"marginRight\":\"1.5cm\",\"marginLeft\":\"1.cm\",\"timeout\":59245,\"margin\":{\"top\":\"1.5cm\",\"right\":\"1.5cm\",\"left\":\"1.cm\"}}","meta":{"rootId":"35kc0zm4gtoo7lq","id":"aojma620fus15ul"},"id":"0yctnx16ectytyc","previousOperationId":"jamagpt8763x3ww"}
{"type":"operationEnd","operationId":"jamagpt8763x3ww","timestamp":1675621259441,"id":"nxv647g8m718k5y","previousEventId":"8e7knhajjg8uwdz","previousOperationId":"jamagpt8763x3ww"}
{"type":"log","timestamp":1675621259442,"level":"debug","message":"Skipping storing report.","meta":{"rootId":"35kc0zm4gtoo7lq","id":"aojma620fus15ul"},"id":"yi9g3sokj3i59m5","previousOperationId":"jamagpt8763x3ww"}
{"type":"log","timestamp":1675621259442,"level":"info","message":"Rendering (child) request finished in 972 ms","meta":{"rootId":"35kc0zm4gtoo7lq","id":"aojma620fus15ul"},"id":"ji18ba7zuueefzs","previousOperationId":"jamagpt8763x3ww"}
{"type":"operationEnd","subtype":"render","operationId":"83eul1cn7msmboq","timestamp":1675621259442,"id":"5qz8jr79sqwes9n","previousEventId":"nxv647g8m718k5y","previousOperationId":"jamagpt8763x3ww"}
{"type":"operationEnd","operationId":"gjv6taffzw7p741","timestamp":1675621259451,"id":"agfy3377o3stjx9","previousEventId":"svbeza4w6uyu1p4","previousOperationId":"gjv6taffzw7p741"}
{"type":"log","timestamp":1675621259451,"level":"debug","message":"pdf-utils postproces start","meta":{"rootId":"35kc0zm4gtoo7lq","id":"35kc0zm4gtoo7lq"},"id":"w0crdktrok9a79j","previousOperationId":"gjv6taffzw7p741"}
{"type":"log","timestamp":1675621259461,"level":"debug","message":"pdf-utils postproces end","meta":{"rootId":"35kc0zm4gtoo7lq","id":"35kc0zm4gtoo7lq"},"id":"4xb7ojq8i9o366d","previousOperationId":"gjv6taffzw7p741"}
{"type":"operationEnd","operationId":"vc5eqfi76ijo33y","timestamp":1675621259461,"id":"d4d5mpqzyngcek2","previousEventId":"agfy3377o3stjx9","previousOperationId":"gjv6taffzw7p741"}
{"type":"log","timestamp":1675621259461,"level":"info","message":"pdf-utils pdf processing was finished","meta":{"rootId":"35kc0zm4gtoo7lq","id":"35kc0zm4gtoo7lq"},"id":"z3mjmt2h7cnu0wj","previousOperationId":"vc5eqfi76ijo33y"}
{"type":"log","timestamp":1675621259461,"level":"debug","message":"Skipping storing report.","meta":{"rootId":"35kc0zm4gtoo7lq","id":"35kc0zm4gtoo7lq"},"id":"d29t3w01edq35um","previousOperationId":"vc5eqfi76ijo33y"}
{"type":"log","timestamp":1675621259461,"level":"info","message":"Rendering request 34 finished in 991 ms","meta":{"rootId":"35kc0zm4gtoo7lq","id":"35kc0zm4gtoo7lq"},"id":"sji8mgtuxwg4rt0","previousOperationId":"vc5eqfi76ijo33y"}
{"type":"operationEnd","subtype":"render","operationId":"daoskqd5oolzteo","timestamp":1675621259461,"id":"6xgvg1tw2t2uu9i","previousEventId":"d4d5mpqzyngcek2","previousOperationId":"vc5eqfi76ijo33y"}
{"type":"operationEnd","doDiffs":false,"previousEventId":"6rwcmpmez8qc3kx","previousOperationId":"gx3h6l2upo70egy","operationId":"gx3h6l2upo70egy","timestamp":1675621259467,"id":"owvuiwlbgul8ebz"}
