{"type":"operationStart","subtype":"profile","data":{"_id":"Ug6Ec1EfNgYkskoZ","timestamp":"2023-02-03T18:57:58.489Z","state":"queued","mode":"standard","creationDate":"2023-02-03T18:57:58.491Z","modificationDate":"2023-02-03T18:57:58.491Z","shortid":"-g19DtS","$entitySet":"profiles"},"doDiffs":false,"timestamp":1675450678490,"id":"wps9wuwlfne5wa0","previousOperationId":null,"operationId":"4wpnenxj26c2dea"}
{"type":"log","level":"info","message":"Render request 20 queued for execution and waiting for available worker","previousOperationId":"4wpnenxj26c2dea","timestamp":1675450678490,"id":"1y7augwir6cph0x"}
{"type":"operationStart","subtype":"render","name":"orders-main","previousOperationId":"4wpnenxj26c2dea","timestamp":1675450678501,"id":"4fzjl61xxbsq2sb","previousEventId":"wps9wuwlfne5wa0","operationId":"ktdppvco9cengpq"}
{"type":"log","timestamp":1675450678501,"level":"info","message":"Starting rendering request 20","meta":{"rootId":"38ekcte91gwhisj","id":"38ekcte91gwhisj"},"id":"96jeaz3exafy3rs","previousOperationId":"ktdppvco9cengpq"}
{"type":"log","timestamp":1675450678501,"level":"info","message":"Rendering template { name: orders-main, recipe: chrome-pdf, engine: handlebars, preview: true }","meta":{"rootId":"38ekcte91gwhisj","id":"38ekcte91gwhisj"},"id":"0mtdfhpkvlspmxh","previousOperationId":"ktdppvco9cengpq"}
{"type":"log","timestamp":1675450678502,"level":"debug","message":"Data item not defined for this template.","meta":{"rootId":"38ekcte91gwhisj","id":"38ekcte91gwhisj"},"id":"5046obeqptz1lu6","previousOperationId":"ktdppvco9cengpq"}
{"type":"log","timestamp":1675450678505,"level":"debug","message":"Executing script orders-script (beforeRender)","meta":{"rootId":"38ekcte91gwhisj","id":"38ekcte91gwhisj"},"id":"okftcw2twanb0nd","previousOperationId":"ktdppvco9cengpq"}
{"type":"operationStart","subtype":"scriptsBeforeRender","name":"scripts beforeRender","timestamp":1675450678532,"id":"tyatehg9p29tqkm","previousEventId":"4fzjl61xxbsq2sb","operationId":"4c1zxyb1behkpqx","previousOperationId":"ktdppvco9cengpq"}
{"type":"operationStart","subtype":"script","name":"scripts orders-script","previousOperationId":"4c1zxyb1behkpqx","timestamp":1675450678532,"id":"gruz8p92fbqgohf","previousEventId":"tyatehg9p29tqkm","operationId":"7pasx8mnd3e7g6b"}
{"type":"log","timestamp":1675450678802,"level":"debug","message":"(console:log) {\n  data: [\n    {\n      id: 1,\n      name: 'Antonio',\n      description: 'Aclamado director de la Orquesta Filarmónica de Gran Canaria'\n    },\n    {\n      id: 3,\n      name: 'Juana de Armas',\n      description: 'Aclamada directora de la Orquesta Filarmónica de Gran Canaria'\n    }\n  ]\n}","meta":{"userLevel":true,"rootId":"38ekcte91gwhisj","id":"38ekcte91gwhisj"},"id":"406sjaljb03shrj","previousOperationId":"7pasx8mnd3e7g6b"}
{"type":"operationEnd","operationId":"7pasx8mnd3e7g6b","timestamp":1675450678803,"id":"srb5m1ukqdzy5yd","previousEventId":"4fzjl61xxbsq2sb","previousOperationId":"ktdppvco9cengpq"}
{"type":"operationEnd","operationId":"4c1zxyb1behkpqx","timestamp":1675450678803,"id":"tltg4zq3mj2uoec","previousEventId":"srb5m1ukqdzy5yd","previousOperationId":"ktdppvco9cengpq"}
{"type":"log","timestamp":1675450678803,"level":"debug","message":"Base url not specified, skipping its injection.","meta":{"rootId":"38ekcte91gwhisj","id":"38ekcte91gwhisj"},"id":"6iqr1f6mp20cmqm","previousOperationId":"4c1zxyb1behkpqx"}
{"type":"operationStart","subtype":"engine","name":"handlebars","timestamp":1675450678803,"id":"au1onroo1lr89s7","previousEventId":"tltg4zq3mj2uoec","operationId":"ntyxrctnqynip09","previousOperationId":"4c1zxyb1behkpqx"}
{"type":"log","timestamp":1675450678803,"level":"debug","message":"Rendering engine handlebars","meta":{"rootId":"38ekcte91gwhisj","id":"38ekcte91gwhisj"},"id":"ebijsczsi6v67qc","previousOperationId":"ntyxrctnqynip09"}
{"type":"operationEnd","operationId":"ntyxrctnqynip09","timestamp":1675450678817,"id":"n7bl07i1hvxhqix","previousEventId":"au1onroo1lr89s7","previousOperationId":"ntyxrctnqynip09"}
{"type":"operationStart","subtype":"recipe","name":"chrome-pdf","timestamp":1675450678817,"id":"avelk1wvbe2fayf","previousEventId":"n7bl07i1hvxhqix","operationId":"89j01e3xt2hy9xw","previousOperationId":"ntyxrctnqynip09"}
{"type":"log","timestamp":1675450678817,"level":"debug","message":"Executing recipe chrome-pdf","meta":{"rootId":"38ekcte91gwhisj","id":"38ekcte91gwhisj"},"id":"jrq0p74ndk24z4i","previousOperationId":"89j01e3xt2hy9xw"}
{"type":"log","timestamp":1675450678820,"level":"debug","message":"Converting with chrome HeadlessChrome/105.0.5173.0 using chrome-pool strategy","meta":{"rootId":"38ekcte91gwhisj","id":"38ekcte91gwhisj"},"id":"y0ovsa1b4fktsfi","previousOperationId":"89j01e3xt2hy9xw"}
{"type":"log","timestamp":1675450678921,"level":"debug","message":"Page request: GET (document) file:///C:/Users/pollo/AppData/Local/Temp/jsreport/autocleanup/f8fa7c09-6875-45b3-94fb-dc81ef32f7bc-chrome-pdf.html","meta":{"rootId":"38ekcte91gwhisj","id":"38ekcte91gwhisj"},"id":"0zz522r4iuin90x","previousOperationId":"89j01e3xt2hy9xw"}
{"type":"log","timestamp":1675450678935,"level":"debug","message":"Page request finished: GET (document) 200 file:///C:/Users/pollo/AppData/Local/Temp/jsreport/autocleanup/f8fa7c09-6875-45b3-94fb-dc81ef32f7bc-chrome-pdf.html","meta":{"rootId":"38ekcte91gwhisj","id":"38ekcte91gwhisj"},"id":"wazb3ti032fyslc","previousOperationId":"89j01e3xt2hy9xw"}
{"type":"log","timestamp":1675450678935,"level":"debug","message":"Page request: GET (stylesheet) https://cdnjs.cloudflare.com/ajax/libs/metro/4.1.5/css/metro.min.css","meta":{"rootId":"38ekcte91gwhisj","id":"38ekcte91gwhisj"},"id":"22o5rqss52u9qkd","previousOperationId":"89j01e3xt2hy9xw"}
{"type":"log","timestamp":1675450678935,"level":"debug","message":"Page request: GET (script) https://cdnjs.cloudflare.com/ajax/libs/Chart.js/2.7.2/Chart.min.js","meta":{"rootId":"38ekcte91gwhisj","id":"38ekcte91gwhisj"},"id":"avk6hc1c01tit3e","previousOperationId":"89j01e3xt2hy9xw"}
{"type":"log","timestamp":1675450678942,"level":"debug","message":"Page request finished: GET (script) 200 https://cdnjs.cloudflare.com/ajax/libs/Chart.js/2.7.2/Chart.min.js","meta":{"rootId":"38ekcte91gwhisj","id":"38ekcte91gwhisj"},"id":"6xckeyg8qkqjkan","previousOperationId":"89j01e3xt2hy9xw"}
{"type":"log","timestamp":1675450678957,"level":"debug","message":"Page request finished: GET (stylesheet) 200 https://cdnjs.cloudflare.com/ajax/libs/metro/4.1.5/css/metro.min.css","meta":{"rootId":"38ekcte91gwhisj","id":"38ekcte91gwhisj"},"id":"zcosuohdelz75jw","previousOperationId":"89j01e3xt2hy9xw"}
{"type":"log","timestamp":1675450678988,"level":"debug","message":"Running chrome with params {\"printBackground\":true,\"marginTop\":\"4cm\",\"marginRight\":\"1.5cm\",\"marginBottom\":\"1.5cm\",\"marginLeft\":\"1.5cm\",\"waitForJS\":false,\"timeout\":59670,\"margin\":{\"top\":\"4cm\",\"right\":\"1.5cm\",\"bottom\":\"1.5cm\",\"left\":\"1.5cm\"}}","meta":{"rootId":"38ekcte91gwhisj","id":"38ekcte91gwhisj"},"id":"qtmg60v68i4gyff","previousOperationId":"89j01e3xt2hy9xw"}
{"type":"operationEnd","operationId":"89j01e3xt2hy9xw","timestamp":1675450679060,"id":"bi7n7cbkvuqr27a","previousEventId":"avelk1wvbe2fayf","previousOperationId":"89j01e3xt2hy9xw"}
{"type":"log","timestamp":1675450679060,"level":"info","message":"pdf-utils is starting pdf processing","meta":{"rootId":"38ekcte91gwhisj","id":"38ekcte91gwhisj"},"id":"lhyho8fcpxnhot1","previousOperationId":"89j01e3xt2hy9xw"}
{"type":"operationStart","subtype":"pdfUtils","name":"pdf utils","timestamp":1675450679060,"id":"a99hw38x1yfkp6b","previousEventId":"bi7n7cbkvuqr27a","operationId":"e12osxkllk44r3x","previousOperationId":"89j01e3xt2hy9xw"}
{"type":"log","timestamp":1675450679060,"level":"debug","message":"pdf-utils detected 1 pdf operation(s) to process","meta":{"rootId":"38ekcte91gwhisj","id":"38ekcte91gwhisj"},"id":"avufpz4lbs2xv7f","previousOperationId":"e12osxkllk44r3x"}
{"type":"log","timestamp":1675450679076,"level":"debug","message":"pdf-utils running pdf operation merge","meta":{"rootId":"38ekcte91gwhisj","id":"38ekcte91gwhisj"},"id":"5hqbxocji149k08","previousOperationId":"e12osxkllk44r3x"}
{"type":"operationStart","subtype":"pdfUtilsMerge","name":"pdf utils merge","previousOperationId":"e12osxkllk44r3x","timestamp":1675450679076,"id":"8dx3w3c03lz6bjz","previousEventId":"a99hw38x1yfkp6b","operationId":"uqf4h5zfz5uv6sd"}
{"type":"operationStart","subtype":"render","name":"orders-header","previousOperationId":"uqf4h5zfz5uv6sd","timestamp":1675450679077,"id":"g1la94tdqdy74dq","previousEventId":"8dx3w3c03lz6bjz","operationId":"igt45rqe3s6fj9l"}
{"type":"log","timestamp":1675450679077,"level":"info","message":"Starting rendering (child) request","meta":{"rootId":"38ekcte91gwhisj","id":"d1a8fcqmts36ieb"},"id":"geonmg8q6jgk82r","previousOperationId":"igt45rqe3s6fj9l"}
{"type":"log","timestamp":1675450679078,"level":"info","message":"Rendering template { name: orders-header, recipe: chrome-pdf, engine: handlebars, preview: true }","meta":{"rootId":"38ekcte91gwhisj","id":"d1a8fcqmts36ieb"},"id":"37egai0hy7qho5l","previousOperationId":"igt45rqe3s6fj9l"}
{"type":"log","timestamp":1675450679079,"level":"debug","message":"Inline data specified.","meta":{"rootId":"38ekcte91gwhisj","id":"d1a8fcqmts36ieb"},"id":"pmcjaql4th872ul","previousOperationId":"igt45rqe3s6fj9l"}
{"type":"log","timestamp":1675450679081,"level":"debug","message":"Base url not specified, skipping its injection.","meta":{"rootId":"38ekcte91gwhisj","id":"d1a8fcqmts36ieb"},"id":"k4hxs3kw1jywqo9","previousOperationId":"igt45rqe3s6fj9l"}
{"type":"operationStart","subtype":"engine","name":"handlebars","timestamp":1675450679081,"id":"3qyq9h1mv09kq5r","previousEventId":"g1la94tdqdy74dq","operationId":"v3vttllq70ora9v","previousOperationId":"igt45rqe3s6fj9l"}
{"type":"log","timestamp":1675450679081,"level":"debug","message":"Rendering engine handlebars","meta":{"rootId":"38ekcte91gwhisj","id":"d1a8fcqmts36ieb"},"id":"7etmgvrzebd9zko","previousOperationId":"v3vttllq70ora9v"}
{"type":"operationEnd","operationId":"v3vttllq70ora9v","timestamp":1675450679097,"id":"pifz3lmgswtxb0y","previousEventId":"3qyq9h1mv09kq5r","previousOperationId":"v3vttllq70ora9v"}
{"type":"operationStart","subtype":"recipe","name":"chrome-pdf","timestamp":1675450679097,"id":"41agovbhs4iwn1y","previousEventId":"pifz3lmgswtxb0y","operationId":"8g3dv6sjyyj4pr0","previousOperationId":"v3vttllq70ora9v"}
{"type":"log","timestamp":1675450679097,"level":"debug","message":"Executing recipe chrome-pdf","meta":{"rootId":"38ekcte91gwhisj","id":"d1a8fcqmts36ieb"},"id":"gnqlmoylw4wprdp","previousOperationId":"8g3dv6sjyyj4pr0"}
{"type":"log","timestamp":1675450679099,"level":"debug","message":"Converting with chrome HeadlessChrome/105.0.5173.0 using chrome-pool strategy","meta":{"rootId":"38ekcte91gwhisj","id":"d1a8fcqmts36ieb"},"id":"kc70tetxxlrpby4","previousOperationId":"8g3dv6sjyyj4pr0"}
{"type":"log","timestamp":1675450679197,"level":"debug","message":"Page request: GET (document) file:///C:/Users/pollo/AppData/Local/Temp/jsreport/autocleanup/cec5357c-ed56-41f7-b956-8ede50077028-chrome-pdf.html","meta":{"rootId":"38ekcte91gwhisj","id":"d1a8fcqmts36ieb"},"id":"jmssw7h2r18ngm6","previousOperationId":"8g3dv6sjyyj4pr0"}
{"type":"log","timestamp":1675450679206,"level":"debug","message":"Page request finished: GET (document) 200 file:///C:/Users/pollo/AppData/Local/Temp/jsreport/autocleanup/cec5357c-ed56-41f7-b956-8ede50077028-chrome-pdf.html","meta":{"rootId":"38ekcte91gwhisj","id":"d1a8fcqmts36ieb"},"id":"xexpms1gm3tnre4","previousOperationId":"8g3dv6sjyyj4pr0"}
{"type":"log","timestamp":1675450679206,"level":"debug","message":"Page request: GET (stylesheet) https://cdnjs.cloudflare.com/ajax/libs/metro/4.1.5/css/metro.min.css","meta":{"rootId":"38ekcte91gwhisj","id":"d1a8fcqmts36ieb"},"id":"vr3ikph9d4ct44b","previousOperationId":"8g3dv6sjyyj4pr0"}
{"type":"log","timestamp":1675450679226,"level":"debug","message":"Page request finished: GET (stylesheet) 200 https://cdnjs.cloudflare.com/ajax/libs/metro/4.1.5/css/metro.min.css","meta":{"rootId":"38ekcte91gwhisj","id":"d1a8fcqmts36ieb"},"id":"ztn4e5f2mdcj7by","previousOperationId":"8g3dv6sjyyj4pr0"}
{"type":"log","timestamp":1675450679246,"level":"debug","message":"Running chrome with params {\"printBackground\":true,\"marginTop\":\"1.5cm\",\"marginRight\":\"1.5cm\",\"marginLeft\":\"1.cm\",\"timeout\":59390,\"margin\":{\"top\":\"1.5cm\",\"right\":\"1.5cm\",\"left\":\"1.cm\"}}","meta":{"rootId":"38ekcte91gwhisj","id":"d1a8fcqmts36ieb"},"id":"53xxu0mh2li7b40","previousOperationId":"8g3dv6sjyyj4pr0"}
{"type":"operationEnd","operationId":"8g3dv6sjyyj4pr0","timestamp":1675450679300,"id":"r2d17htot02jkjr","previousEventId":"41agovbhs4iwn1y","previousOperationId":"8g3dv6sjyyj4pr0"}
{"type":"log","timestamp":1675450679300,"level":"debug","message":"Skipping storing report.","meta":{"rootId":"38ekcte91gwhisj","id":"d1a8fcqmts36ieb"},"id":"lizqul6pebmvcqn","previousOperationId":"8g3dv6sjyyj4pr0"}
{"type":"log","timestamp":1675450679300,"level":"info","message":"Rendering (child) request finished in 811 ms","meta":{"rootId":"38ekcte91gwhisj","id":"d1a8fcqmts36ieb"},"id":"t7j45bxmrvnaz57","previousOperationId":"8g3dv6sjyyj4pr0"}
{"type":"operationEnd","subtype":"render","operationId":"igt45rqe3s6fj9l","timestamp":1675450679300,"id":"lf4n6cv617zi8bi","previousEventId":"r2d17htot02jkjr","previousOperationId":"8g3dv6sjyyj4pr0"}
{"type":"operationEnd","operationId":"uqf4h5zfz5uv6sd","timestamp":1675450679306,"id":"j68gsx73byuouyo","previousEventId":"8dx3w3c03lz6bjz","previousOperationId":"uqf4h5zfz5uv6sd"}
{"type":"log","timestamp":1675450679306,"level":"debug","message":"pdf-utils postproces start","meta":{"rootId":"38ekcte91gwhisj","id":"38ekcte91gwhisj"},"id":"5qbp93jgvjz4dke","previousOperationId":"uqf4h5zfz5uv6sd"}
{"type":"log","timestamp":1675450679313,"level":"debug","message":"pdf-utils postproces end","meta":{"rootId":"38ekcte91gwhisj","id":"38ekcte91gwhisj"},"id":"vh1pwmw393gdw1i","previousOperationId":"uqf4h5zfz5uv6sd"}
{"type":"operationEnd","operationId":"e12osxkllk44r3x","timestamp":1675450679313,"id":"5l820it3vrl89ra","previousEventId":"j68gsx73byuouyo","previousOperationId":"uqf4h5zfz5uv6sd"}
{"type":"log","timestamp":1675450679313,"level":"info","message":"pdf-utils pdf processing was finished","meta":{"rootId":"38ekcte91gwhisj","id":"38ekcte91gwhisj"},"id":"x1yt7ugf4gf06bd","previousOperationId":"e12osxkllk44r3x"}
{"type":"log","timestamp":1675450679313,"level":"debug","message":"Skipping storing report.","meta":{"rootId":"38ekcte91gwhisj","id":"38ekcte91gwhisj"},"id":"s7k46hm6vbghk4e","previousOperationId":"e12osxkllk44r3x"}
{"type":"log","timestamp":1675450679313,"level":"info","message":"Rendering request 20 finished in 824 ms","meta":{"rootId":"38ekcte91gwhisj","id":"38ekcte91gwhisj"},"id":"ld5a61wp2a6uczv","previousOperationId":"e12osxkllk44r3x"}
{"type":"operationEnd","subtype":"render","operationId":"ktdppvco9cengpq","timestamp":1675450679313,"id":"2kl7uqj38vtt6rf","previousEventId":"5l820it3vrl89ra","previousOperationId":"e12osxkllk44r3x"}
{"type":"operationEnd","doDiffs":false,"previousEventId":"wps9wuwlfne5wa0","previousOperationId":"4wpnenxj26c2dea","operationId":"4wpnenxj26c2dea","timestamp":1675450679321,"id":"d6irh2k5h2s6i58"}
