{"type":"operationStart","subtype":"profile","data":{"_id":"9KA5qCA8QSRKjzag","timestamp":"2023-02-05T19:06:22.506Z","state":"queued","mode":"standard","creationDate":"2023-02-05T19:06:22.508Z","modificationDate":"2023-02-05T19:06:22.508Z","shortid":"17R0g9v","$entitySet":"profiles"},"doDiffs":false,"timestamp":1675623982507,"id":"1dkc9h53h0dhan2","previousOperationId":null,"operationId":"chrs3zrufg8x76n"}
{"type":"log","level":"info","message":"Render request 40 queued for execution and waiting for available worker","previousOperationId":"chrs3zrufg8x76n","timestamp":1675623982507,"id":"5nsa3bkmtdhafhs"}
{"type":"operationStart","subtype":"render","name":"orders-main","previousOperationId":"chrs3zrufg8x76n","timestamp":1675623982517,"id":"3uu9d2zculqlmn9","previousEventId":"1dkc9h53h0dhan2","operationId":"c6r5pfffdvdnwth"}
{"type":"log","timestamp":1675623982517,"level":"info","message":"Starting rendering request 40","meta":{"rootId":"38fsnrdayqwz3tt","id":"38fsnrdayqwz3tt"},"id":"vn21c4spbaq7aph","previousOperationId":"c6r5pfffdvdnwth"}
{"type":"log","timestamp":1675623982517,"level":"info","message":"Rendering template { name: orders-main, recipe: chrome-pdf, engine: handlebars, preview: true }","meta":{"rootId":"38fsnrdayqwz3tt","id":"38fsnrdayqwz3tt"},"id":"uhb31842vm2oznq","previousOperationId":"c6r5pfffdvdnwth"}
{"type":"log","timestamp":1675623982519,"level":"debug","message":"Data item not defined for this template.","meta":{"rootId":"38fsnrdayqwz3tt","id":"38fsnrdayqwz3tt"},"id":"z5nw63ea788euj1","previousOperationId":"c6r5pfffdvdnwth"}
{"type":"log","timestamp":1675623982521,"level":"debug","message":"Executing script orders-script (beforeRender)","meta":{"rootId":"38fsnrdayqwz3tt","id":"38fsnrdayqwz3tt"},"id":"scf9g4mr4x246fc","previousOperationId":"c6r5pfffdvdnwth"}
{"type":"operationStart","subtype":"scriptsBeforeRender","name":"scripts beforeRender","timestamp":1675623982552,"id":"c6hj613mlxe6s5i","previousEventId":"3uu9d2zculqlmn9","operationId":"akjqdi5953a5m9h","previousOperationId":"c6r5pfffdvdnwth"}
{"type":"operationStart","subtype":"script","name":"scripts orders-script","previousOperationId":"akjqdi5953a5m9h","timestamp":1675623982552,"id":"abmr9le5fpjpcfr","previousEventId":"c6hj613mlxe6s5i","operationId":"c3493ylm3fh6fm0"}
{"type":"log","timestamp":1675623982847,"level":"debug","message":"(console:log) [ 'Antonio', 'Juana de Armas' ]","meta":{"userLevel":true,"rootId":"38fsnrdayqwz3tt","id":"38fsnrdayqwz3tt"},"id":"6yu2th25jg0c408","previousOperationId":"c3493ylm3fh6fm0"}
{"type":"operationEnd","operationId":"c3493ylm3fh6fm0","timestamp":1675623982848,"id":"9vd1cnitl006z1b","previousEventId":"3uu9d2zculqlmn9","previousOperationId":"c6r5pfffdvdnwth"}
{"type":"operationEnd","operationId":"akjqdi5953a5m9h","timestamp":1675623982848,"id":"czdlrnuv53fxcc8","previousEventId":"9vd1cnitl006z1b","previousOperationId":"c6r5pfffdvdnwth"}
{"type":"log","timestamp":1675623982848,"level":"debug","message":"Base url not specified, skipping its injection.","meta":{"rootId":"38fsnrdayqwz3tt","id":"38fsnrdayqwz3tt"},"id":"9y99ujhi7bp4lks","previousOperationId":"akjqdi5953a5m9h"}
{"type":"operationStart","subtype":"engine","name":"handlebars","timestamp":1675623982848,"id":"49o7anxb4gd74x6","previousEventId":"czdlrnuv53fxcc8","operationId":"3m8tq2340l2frv5","previousOperationId":"akjqdi5953a5m9h"}
{"type":"log","timestamp":1675623982848,"level":"debug","message":"Rendering engine handlebars","meta":{"rootId":"38fsnrdayqwz3tt","id":"38fsnrdayqwz3tt"},"id":"osl8be6fmhr52kv","previousOperationId":"3m8tq2340l2frv5"}
{"type":"operationEnd","operationId":"3m8tq2340l2frv5","timestamp":1675623982858,"id":"sj7hx89o2f9hhha","previousEventId":"49o7anxb4gd74x6","previousOperationId":"3m8tq2340l2frv5"}
{"type":"operationStart","subtype":"recipe","name":"chrome-pdf","timestamp":1675623982858,"id":"0dv6abgi0kpptqn","previousEventId":"sj7hx89o2f9hhha","operationId":"r9dysfsrphx5sy2","previousOperationId":"3m8tq2340l2frv5"}
{"type":"log","timestamp":1675623982858,"level":"debug","message":"Executing recipe chrome-pdf","meta":{"rootId":"38fsnrdayqwz3tt","id":"38fsnrdayqwz3tt"},"id":"oei6jp6nvp4ld8x","previousOperationId":"r9dysfsrphx5sy2"}
{"type":"log","timestamp":1675623982861,"level":"debug","message":"Converting with chrome HeadlessChrome/105.0.5173.0 using chrome-pool strategy","meta":{"rootId":"38fsnrdayqwz3tt","id":"38fsnrdayqwz3tt"},"id":"ho67x6fh7nvsx3b","previousOperationId":"r9dysfsrphx5sy2"}
{"type":"log","timestamp":1675623982980,"level":"debug","message":"Page request: GET (document) file:///C:/Users/pollo/AppData/Local/Temp/jsreport/autocleanup/40631620-8392-4b86-a286-cf496c9029a5-chrome-pdf.html","meta":{"rootId":"38fsnrdayqwz3tt","id":"38fsnrdayqwz3tt"},"id":"t0vt9u1jg51u5a2","previousOperationId":"r9dysfsrphx5sy2"}
{"type":"log","timestamp":1675623982992,"level":"debug","message":"Page request finished: GET (document) 200 file:///C:/Users/pollo/AppData/Local/Temp/jsreport/autocleanup/40631620-8392-4b86-a286-cf496c9029a5-chrome-pdf.html","meta":{"rootId":"38fsnrdayqwz3tt","id":"38fsnrdayqwz3tt"},"id":"qtq54nnk8ekpcwa","previousOperationId":"r9dysfsrphx5sy2"}
{"type":"log","timestamp":1675623982992,"level":"debug","message":"Page request: GET (stylesheet) https://cdnjs.cloudflare.com/ajax/libs/metro/4.1.5/css/metro.min.css","meta":{"rootId":"38fsnrdayqwz3tt","id":"38fsnrdayqwz3tt"},"id":"m89dp3fcq83puyg","previousOperationId":"r9dysfsrphx5sy2"}
{"type":"log","timestamp":1675623982993,"level":"debug","message":"Page request: GET (script) https://cdn.jsdelivr.net/npm/chart.js","meta":{"rootId":"38fsnrdayqwz3tt","id":"38fsnrdayqwz3tt"},"id":"g8rqli1hep7u1my","previousOperationId":"r9dysfsrphx5sy2"}
{"type":"log","timestamp":1675623983000,"level":"debug","message":"Page request finished: GET (script) 200 https://cdn.jsdelivr.net/npm/chart.js","meta":{"rootId":"38fsnrdayqwz3tt","id":"38fsnrdayqwz3tt"},"id":"hc4qka0jdgv7t07","previousOperationId":"r9dysfsrphx5sy2"}
{"type":"log","timestamp":1675623983018,"level":"debug","message":"Page request finished: GET (stylesheet) 200 https://cdnjs.cloudflare.com/ajax/libs/metro/4.1.5/css/metro.min.css","meta":{"rootId":"38fsnrdayqwz3tt","id":"38fsnrdayqwz3tt"},"id":"76b33zau1tvpfin","previousOperationId":"r9dysfsrphx5sy2"}
{"type":"log","timestamp":1675623983023,"level":"warn","message":"Page error: SyntaxError: Unexpected token ','","meta":{"rootId":"38fsnrdayqwz3tt","id":"38fsnrdayqwz3tt"},"id":"zayblfhwtgmtwou","previousOperationId":"r9dysfsrphx5sy2"}
{"type":"log","timestamp":1675623983052,"level":"debug","message":"Running chrome with params {\"printBackground\":true,\"marginTop\":\"4cm\",\"marginRight\":\"1.5cm\",\"marginBottom\":\"1.5cm\",\"marginLeft\":\"1.5cm\",\"waitForJS\":false,\"timeout\":59646,\"margin\":{\"top\":\"4cm\",\"right\":\"1.5cm\",\"bottom\":\"1.5cm\",\"left\":\"1.5cm\"}}","meta":{"rootId":"38fsnrdayqwz3tt","id":"38fsnrdayqwz3tt"},"id":"4jgzxjk9ybier23","previousOperationId":"r9dysfsrphx5sy2"}
{"type":"operationEnd","operationId":"r9dysfsrphx5sy2","timestamp":1675623983119,"id":"q3tsn8vc706kf2u","previousEventId":"0dv6abgi0kpptqn","previousOperationId":"r9dysfsrphx5sy2"}
{"type":"log","timestamp":1675623983119,"level":"info","message":"pdf-utils is starting pdf processing","meta":{"rootId":"38fsnrdayqwz3tt","id":"38fsnrdayqwz3tt"},"id":"z2cso3qfk7enkbu","previousOperationId":"r9dysfsrphx5sy2"}
{"type":"operationStart","subtype":"pdfUtils","name":"pdf utils","timestamp":1675623983119,"id":"44kessknd5eg245","previousEventId":"q3tsn8vc706kf2u","operationId":"iakpico7xrl1dwr","previousOperationId":"r9dysfsrphx5sy2"}
{"type":"log","timestamp":1675623983120,"level":"debug","message":"pdf-utils detected 1 pdf operation(s) to process","meta":{"rootId":"38fsnrdayqwz3tt","id":"38fsnrdayqwz3tt"},"id":"lyn038bj3zh1ypp","previousOperationId":"iakpico7xrl1dwr"}
{"type":"log","timestamp":1675623983131,"level":"debug","message":"pdf-utils running pdf operation merge","meta":{"rootId":"38fsnrdayqwz3tt","id":"38fsnrdayqwz3tt"},"id":"vuhho7mt34m21ge","previousOperationId":"iakpico7xrl1dwr"}
{"type":"operationStart","subtype":"pdfUtilsMerge","name":"pdf utils merge","previousOperationId":"iakpico7xrl1dwr","timestamp":1675623983131,"id":"ltev7gh9ebhou23","previousEventId":"44kessknd5eg245","operationId":"vju6czgn4jk41o8"}
{"type":"operationStart","subtype":"render","name":"orders-header","previousOperationId":"vju6czgn4jk41o8","timestamp":1675623983133,"id":"6biityy5asb1nqq","previousEventId":"ltev7gh9ebhou23","operationId":"joq12l6sexm2n3e"}
{"type":"log","timestamp":1675623983133,"level":"info","message":"Starting rendering (child) request","meta":{"rootId":"38fsnrdayqwz3tt","id":"ojd1p7w2y7t59ah"},"id":"mr66n6o60ty0kfo","previousOperationId":"joq12l6sexm2n3e"}
{"type":"log","timestamp":1675623983133,"level":"info","message":"Rendering template { name: orders-header, recipe: chrome-pdf, engine: handlebars, preview: true }","meta":{"rootId":"38fsnrdayqwz3tt","id":"ojd1p7w2y7t59ah"},"id":"vfsofgcs12yrzrm","previousOperationId":"joq12l6sexm2n3e"}
{"type":"log","timestamp":1675623983134,"level":"debug","message":"Inline data specified.","meta":{"rootId":"38fsnrdayqwz3tt","id":"ojd1p7w2y7t59ah"},"id":"thsqmi1o6foioo8","previousOperationId":"joq12l6sexm2n3e"}
{"type":"log","timestamp":1675623983138,"level":"debug","message":"Base url not specified, skipping its injection.","meta":{"rootId":"38fsnrdayqwz3tt","id":"ojd1p7w2y7t59ah"},"id":"hso3tqabvy4ve5c","previousOperationId":"joq12l6sexm2n3e"}
{"type":"operationStart","subtype":"engine","name":"handlebars","timestamp":1675623983138,"id":"42ch902cnel10yw","previousEventId":"6biityy5asb1nqq","operationId":"973gpwdscx7f17m","previousOperationId":"joq12l6sexm2n3e"}
{"type":"log","timestamp":1675623983138,"level":"debug","message":"Rendering engine handlebars","meta":{"rootId":"38fsnrdayqwz3tt","id":"ojd1p7w2y7t59ah"},"id":"bcr2gb30um1aeq2","previousOperationId":"973gpwdscx7f17m"}
{"type":"operationEnd","operationId":"973gpwdscx7f17m","timestamp":1675623983161,"id":"retavlwzhh2eou2","previousEventId":"42ch902cnel10yw","previousOperationId":"973gpwdscx7f17m"}
{"type":"operationStart","subtype":"recipe","name":"chrome-pdf","timestamp":1675623983161,"id":"i8vxvjlw89nrj0x","previousEventId":"retavlwzhh2eou2","operationId":"qer6l4zc9w9qyk1","previousOperationId":"973gpwdscx7f17m"}
{"type":"log","timestamp":1675623983161,"level":"debug","message":"Executing recipe chrome-pdf","meta":{"rootId":"38fsnrdayqwz3tt","id":"ojd1p7w2y7t59ah"},"id":"wr6lafovgubgczr","previousOperationId":"qer6l4zc9w9qyk1"}
{"type":"log","timestamp":1675623983163,"level":"debug","message":"Converting with chrome HeadlessChrome/105.0.5173.0 using chrome-pool strategy","meta":{"rootId":"38fsnrdayqwz3tt","id":"ojd1p7w2y7t59ah"},"id":"s3qqxelodblk4ae","previousOperationId":"qer6l4zc9w9qyk1"}
{"type":"log","timestamp":1675623983263,"level":"debug","message":"Page request: GET (document) file:///C:/Users/pollo/AppData/Local/Temp/jsreport/autocleanup/68052936-99f3-4987-aa62-885bfa5aa92d-chrome-pdf.html","meta":{"rootId":"38fsnrdayqwz3tt","id":"ojd1p7w2y7t59ah"},"id":"btzmy72a4739sn1","previousOperationId":"qer6l4zc9w9qyk1"}
{"type":"log","timestamp":1675623983273,"level":"debug","message":"Page request finished: GET (document) 200 file:///C:/Users/pollo/AppData/Local/Temp/jsreport/autocleanup/68052936-99f3-4987-aa62-885bfa5aa92d-chrome-pdf.html","meta":{"rootId":"38fsnrdayqwz3tt","id":"ojd1p7w2y7t59ah"},"id":"ic86g5iw0klqkf8","previousOperationId":"qer6l4zc9w9qyk1"}
{"type":"log","timestamp":1675623983273,"level":"debug","message":"Page request: GET (stylesheet) https://cdnjs.cloudflare.com/ajax/libs/metro/4.1.5/css/metro.min.css","meta":{"rootId":"38fsnrdayqwz3tt","id":"ojd1p7w2y7t59ah"},"id":"16dmg1dmjce5ghm","previousOperationId":"qer6l4zc9w9qyk1"}
{"type":"log","timestamp":1675623983294,"level":"debug","message":"Page request finished: GET (stylesheet) 200 https://cdnjs.cloudflare.com/ajax/libs/metro/4.1.5/css/metro.min.css","meta":{"rootId":"38fsnrdayqwz3tt","id":"ojd1p7w2y7t59ah"},"id":"gxuk5ng4293yc30","previousOperationId":"qer6l4zc9w9qyk1"}
{"type":"log","timestamp":1675623983315,"level":"debug","message":"Running chrome with params {\"printBackground\":true,\"marginTop\":\"1.5cm\",\"marginRight\":\"1.5cm\",\"marginLeft\":\"1.cm\",\"timeout\":59344,\"margin\":{\"top\":\"1.5cm\",\"right\":\"1.5cm\",\"left\":\"1.cm\"}}","meta":{"rootId":"38fsnrdayqwz3tt","id":"ojd1p7w2y7t59ah"},"id":"agu7jxjjtg2yp1x","previousOperationId":"qer6l4zc9w9qyk1"}
{"type":"operationEnd","operationId":"qer6l4zc9w9qyk1","timestamp":1675623983372,"id":"ru665ao5015b7ve","previousEventId":"i8vxvjlw89nrj0x","previousOperationId":"qer6l4zc9w9qyk1"}
{"type":"log","timestamp":1675623983374,"level":"debug","message":"Skipping storing report.","meta":{"rootId":"38fsnrdayqwz3tt","id":"ojd1p7w2y7t59ah"},"id":"luf93144j7i5p3b","previousOperationId":"qer6l4zc9w9qyk1"}
{"type":"log","timestamp":1675623983374,"level":"info","message":"Rendering (child) request finished in 868 ms","meta":{"rootId":"38fsnrdayqwz3tt","id":"ojd1p7w2y7t59ah"},"id":"qd8u59o5mjt56mx","previousOperationId":"qer6l4zc9w9qyk1"}
{"type":"operationEnd","subtype":"render","operationId":"joq12l6sexm2n3e","timestamp":1675623983374,"id":"zr3pn4toth6647d","previousEventId":"ru665ao5015b7ve","previousOperationId":"qer6l4zc9w9qyk1"}
{"type":"operationEnd","operationId":"vju6czgn4jk41o8","timestamp":1675623983378,"id":"84ea5ewhldp34dz","previousEventId":"ltev7gh9ebhou23","previousOperationId":"vju6czgn4jk41o8"}
{"type":"log","timestamp":1675623983378,"level":"debug","message":"pdf-utils postproces start","meta":{"rootId":"38fsnrdayqwz3tt","id":"38fsnrdayqwz3tt"},"id":"g0lbguecq3qb67g","previousOperationId":"vju6czgn4jk41o8"}
{"type":"log","timestamp":1675623983383,"level":"debug","message":"pdf-utils postproces end","meta":{"rootId":"38fsnrdayqwz3tt","id":"38fsnrdayqwz3tt"},"id":"wpyrnj8q3f8jit7","previousOperationId":"vju6czgn4jk41o8"}
{"type":"operationEnd","operationId":"iakpico7xrl1dwr","timestamp":1675623983383,"id":"fo5n8niay5xx4xn","previousEventId":"84ea5ewhldp34dz","previousOperationId":"vju6czgn4jk41o8"}
{"type":"log","timestamp":1675623983383,"level":"info","message":"pdf-utils pdf processing was finished","meta":{"rootId":"38fsnrdayqwz3tt","id":"38fsnrdayqwz3tt"},"id":"d19nfwyl0sk4e63","previousOperationId":"iakpico7xrl1dwr"}
{"type":"log","timestamp":1675623983383,"level":"debug","message":"Skipping storing report.","meta":{"rootId":"38fsnrdayqwz3tt","id":"38fsnrdayqwz3tt"},"id":"y5rwf8si86guiet","previousOperationId":"iakpico7xrl1dwr"}
{"type":"log","timestamp":1675623983383,"level":"info","message":"Rendering request 40 finished in 877 ms","meta":{"rootId":"38fsnrdayqwz3tt","id":"38fsnrdayqwz3tt"},"id":"cy4hnrla1ocxdp3","previousOperationId":"iakpico7xrl1dwr"}
{"type":"operationEnd","subtype":"render","operationId":"c6r5pfffdvdnwth","timestamp":1675623983383,"id":"8xsjmbo9uqkqeo3","previousEventId":"fo5n8niay5xx4xn","previousOperationId":"iakpico7xrl1dwr"}
{"type":"operationEnd","doDiffs":false,"previousEventId":"1dkc9h53h0dhan2","previousOperationId":"chrs3zrufg8x76n","operationId":"chrs3zrufg8x76n","timestamp":1675623983390,"id":"6zgmkigi4cx1dzw"}
