{"type":"operationStart","subtype":"profile","data":{"_id":"7oqirHeVuR7oOm6z","timestamp":"2023-02-05T19:29:12.632Z","state":"queued","mode":"standard","creationDate":"2023-02-05T19:29:12.634Z","modificationDate":"2023-02-05T19:29:12.634Z","shortid":"P_oSzl3","$entitySet":"profiles"},"doDiffs":false,"timestamp":1675625352633,"id":"hmhh0n40tq4uyej","previousOperationId":null,"operationId":"bcldfdccr755mbb"}
{"type":"log","level":"info","message":"Render request 2 queued for execution and waiting for available worker","previousOperationId":"bcldfdccr755mbb","timestamp":1675625352633,"id":"tjriglhmrba9ngk"}
{"type":"operationStart","subtype":"render","name":"orders-main","previousOperationId":"bcldfdccr755mbb","timestamp":1675625352644,"id":"p3xi90ipzqz8w48","previousEventId":"hmhh0n40tq4uyej","operationId":"5zlj56ajkx5xn24"}
{"type":"log","timestamp":1675625352644,"level":"info","message":"Starting rendering request 2","meta":{"rootId":"3n2ha8lbh1h5t86","id":"3n2ha8lbh1h5t86"},"id":"vf4wdd2zi2hzqnv","previousOperationId":"5zlj56ajkx5xn24"}
{"type":"log","timestamp":1675625352644,"level":"info","message":"Rendering template { name: orders-main, recipe: chrome-pdf, engine: handlebars, preview: true }","meta":{"rootId":"3n2ha8lbh1h5t86","id":"3n2ha8lbh1h5t86"},"id":"aipwhx046mjbmyd","previousOperationId":"5zlj56ajkx5xn24"}
{"type":"log","timestamp":1675625352646,"level":"debug","message":"Data item not defined for this template.","meta":{"rootId":"3n2ha8lbh1h5t86","id":"3n2ha8lbh1h5t86"},"id":"w65r817wm46fbz9","previousOperationId":"5zlj56ajkx5xn24"}
{"type":"log","timestamp":1675625352650,"level":"debug","message":"Executing script orders-script (beforeRender)","meta":{"rootId":"3n2ha8lbh1h5t86","id":"3n2ha8lbh1h5t86"},"id":"2z5puqui1cqr574","previousOperationId":"5zlj56ajkx5xn24"}
{"type":"operationStart","subtype":"scriptsBeforeRender","name":"scripts beforeRender","timestamp":1675625352683,"id":"cw7n62nhdis7hku","previousEventId":"p3xi90ipzqz8w48","operationId":"ui4p3er8zty24nq","previousOperationId":"5zlj56ajkx5xn24"}
{"type":"operationStart","subtype":"script","name":"scripts orders-script","previousOperationId":"ui4p3er8zty24nq","timestamp":1675625352683,"id":"uahjxawsfw0tlhj","previousEventId":"cw7n62nhdis7hku","operationId":"0j0jjx6ifdnjyly"}
{"type":"log","timestamp":1675625353007,"level":"debug","message":"(console:log) [ 2, 4 ]","meta":{"userLevel":true,"rootId":"3n2ha8lbh1h5t86","id":"3n2ha8lbh1h5t86"},"id":"nzfrwkssnb7mowu","previousOperationId":"0j0jjx6ifdnjyly"}
{"type":"operationEnd","operationId":"0j0jjx6ifdnjyly","timestamp":1675625353008,"id":"20c38x5iiq2f2u3","previousEventId":"p3xi90ipzqz8w48","previousOperationId":"5zlj56ajkx5xn24"}
{"type":"operationEnd","operationId":"ui4p3er8zty24nq","timestamp":1675625353008,"id":"wiyz22zl52fi3ri","previousEventId":"20c38x5iiq2f2u3","previousOperationId":"5zlj56ajkx5xn24"}
{"type":"log","timestamp":1675625353008,"level":"debug","message":"Base url not specified, skipping its injection.","meta":{"rootId":"3n2ha8lbh1h5t86","id":"3n2ha8lbh1h5t86"},"id":"w0u5uc2nswpp5k2","previousOperationId":"ui4p3er8zty24nq"}
{"type":"operationStart","subtype":"engine","name":"handlebars","timestamp":1675625353008,"id":"j57r3a3cl3pre23","previousEventId":"wiyz22zl52fi3ri","operationId":"xn2idnbyvitjaw6","previousOperationId":"ui4p3er8zty24nq"}
{"type":"log","timestamp":1675625353008,"level":"debug","message":"Rendering engine handlebars","meta":{"rootId":"3n2ha8lbh1h5t86","id":"3n2ha8lbh1h5t86"},"id":"0vvxu3nibtizobg","previousOperationId":"xn2idnbyvitjaw6"}
{"type":"operationEnd","operationId":"xn2idnbyvitjaw6","timestamp":1675625353025,"id":"0hxqpxkxla8qp4b","previousEventId":"j57r3a3cl3pre23","previousOperationId":"xn2idnbyvitjaw6"}
{"type":"operationStart","subtype":"recipe","name":"chrome-pdf","timestamp":1675625353025,"id":"dtvcbqzgfb6jkiw","previousEventId":"0hxqpxkxla8qp4b","operationId":"lgp245xiyactpgt","previousOperationId":"xn2idnbyvitjaw6"}
{"type":"log","timestamp":1675625353025,"level":"debug","message":"Executing recipe chrome-pdf","meta":{"rootId":"3n2ha8lbh1h5t86","id":"3n2ha8lbh1h5t86"},"id":"2mgghj9t38wfkdk","previousOperationId":"lgp245xiyactpgt"}
{"type":"log","timestamp":1675625353028,"level":"debug","message":"Converting with chrome HeadlessChrome/105.0.5173.0 using chrome-pool strategy","meta":{"rootId":"3n2ha8lbh1h5t86","id":"3n2ha8lbh1h5t86"},"id":"l73j55m6nj1fgfb","previousOperationId":"lgp245xiyactpgt"}
{"type":"log","timestamp":1675625353126,"level":"debug","message":"Page request: GET (document) file:///C:/Users/pollo/AppData/Local/Temp/jsreport/autocleanup/87869e02-fe06-477f-b0d6-24190c2f54a8-chrome-pdf.html","meta":{"rootId":"3n2ha8lbh1h5t86","id":"3n2ha8lbh1h5t86"},"id":"rawx3y5x8o2j6c8","previousOperationId":"lgp245xiyactpgt"}
{"type":"log","timestamp":1675625353138,"level":"debug","message":"Page request finished: GET (document) 200 file:///C:/Users/pollo/AppData/Local/Temp/jsreport/autocleanup/87869e02-fe06-477f-b0d6-24190c2f54a8-chrome-pdf.html","meta":{"rootId":"3n2ha8lbh1h5t86","id":"3n2ha8lbh1h5t86"},"id":"ynflslp79k2g3zz","previousOperationId":"lgp245xiyactpgt"}
{"type":"log","timestamp":1675625353139,"level":"debug","message":"Page request: GET (stylesheet) https://cdnjs.cloudflare.com/ajax/libs/metro/4.1.5/css/metro.min.css","meta":{"rootId":"3n2ha8lbh1h5t86","id":"3n2ha8lbh1h5t86"},"id":"6bwu1epr5i73phz","previousOperationId":"lgp245xiyactpgt"}
{"type":"log","timestamp":1675625353140,"level":"debug","message":"Page request: GET (script) https://cdn.jsdelivr.net/npm/chart.js","meta":{"rootId":"3n2ha8lbh1h5t86","id":"3n2ha8lbh1h5t86"},"id":"ubhnw0g6a92w48v","previousOperationId":"lgp245xiyactpgt"}
{"type":"log","timestamp":1675625353164,"level":"debug","message":"Page request finished: GET (stylesheet) 200 https://cdnjs.cloudflare.com/ajax/libs/metro/4.1.5/css/metro.min.css","meta":{"rootId":"3n2ha8lbh1h5t86","id":"3n2ha8lbh1h5t86"},"id":"f1n2rq673slfxpi","previousOperationId":"lgp245xiyactpgt"}
{"type":"log","timestamp":1675625353164,"level":"debug","message":"Page request finished: GET (script) 200 https://cdn.jsdelivr.net/npm/chart.js","meta":{"rootId":"3n2ha8lbh1h5t86","id":"3n2ha8lbh1h5t86"},"id":"3xazb2vquwz3kra","previousOperationId":"lgp245xiyactpgt"}
{"type":"log","timestamp":1675625353173,"level":"warn","message":"Page error: SyntaxError: Unexpected identifier","meta":{"rootId":"3n2ha8lbh1h5t86","id":"3n2ha8lbh1h5t86"},"id":"irjqbjy3l0k74c3","previousOperationId":"lgp245xiyactpgt"}
{"type":"log","timestamp":1675625353204,"level":"debug","message":"Running chrome with params {\"printBackground\":true,\"marginTop\":\"4cm\",\"marginRight\":\"1.5cm\",\"marginBottom\":\"1.5cm\",\"marginLeft\":\"1.5cm\",\"waitForJS\":false,\"timeout\":59605,\"margin\":{\"top\":\"4cm\",\"right\":\"1.5cm\",\"bottom\":\"1.5cm\",\"left\":\"1.5cm\"}}","meta":{"rootId":"3n2ha8lbh1h5t86","id":"3n2ha8lbh1h5t86"},"id":"aihhhcxnqstz4q9","previousOperationId":"lgp245xiyactpgt"}
{"type":"operationEnd","operationId":"lgp245xiyactpgt","timestamp":1675625353283,"id":"qarpw1vxhbzrajx","previousEventId":"dtvcbqzgfb6jkiw","previousOperationId":"lgp245xiyactpgt"}
{"type":"log","timestamp":1675625353283,"level":"info","message":"pdf-utils is starting pdf processing","meta":{"rootId":"3n2ha8lbh1h5t86","id":"3n2ha8lbh1h5t86"},"id":"uoy0vv1zl9dutzq","previousOperationId":"lgp245xiyactpgt"}
{"type":"operationStart","subtype":"pdfUtils","name":"pdf utils","timestamp":1675625353283,"id":"ek0mu80mui2rxhc","previousEventId":"qarpw1vxhbzrajx","operationId":"23tv60o3gbbi7cc","previousOperationId":"lgp245xiyactpgt"}
{"type":"log","timestamp":1675625353283,"level":"debug","message":"pdf-utils detected 1 pdf operation(s) to process","meta":{"rootId":"3n2ha8lbh1h5t86","id":"3n2ha8lbh1h5t86"},"id":"zrqcproz2d8ooaz","previousOperationId":"23tv60o3gbbi7cc"}
{"type":"log","timestamp":1675625353311,"level":"debug","message":"pdf-utils running pdf operation merge","meta":{"rootId":"3n2ha8lbh1h5t86","id":"3n2ha8lbh1h5t86"},"id":"veql2w559q5lfoi","previousOperationId":"23tv60o3gbbi7cc"}
{"type":"operationStart","subtype":"pdfUtilsMerge","name":"pdf utils merge","previousOperationId":"23tv60o3gbbi7cc","timestamp":1675625353311,"id":"cxk4j0cgt7azxbn","previousEventId":"ek0mu80mui2rxhc","operationId":"9tby20nathrm5k5"}
{"type":"operationStart","subtype":"render","name":"orders-header","previousOperationId":"9tby20nathrm5k5","timestamp":1675625353312,"id":"50s9jkhhxqi0j6a","previousEventId":"cxk4j0cgt7azxbn","operationId":"typ7pkl403odjku"}
{"type":"log","timestamp":1675625353312,"level":"info","message":"Starting rendering (child) request","meta":{"rootId":"3n2ha8lbh1h5t86","id":"jlj2j50tndyaqun"},"id":"ges4nnwdpwlqqnv","previousOperationId":"typ7pkl403odjku"}
{"type":"log","timestamp":1675625353312,"level":"info","message":"Rendering template { name: orders-header, recipe: chrome-pdf, engine: handlebars, preview: true }","meta":{"rootId":"3n2ha8lbh1h5t86","id":"jlj2j50tndyaqun"},"id":"15qbptrpz4tdemt","previousOperationId":"typ7pkl403odjku"}
{"type":"log","timestamp":1675625353314,"level":"debug","message":"Inline data specified.","meta":{"rootId":"3n2ha8lbh1h5t86","id":"jlj2j50tndyaqun"},"id":"dnprmkrxqnpzm30","previousOperationId":"typ7pkl403odjku"}
{"type":"log","timestamp":1675625353318,"level":"debug","message":"Base url not specified, skipping its injection.","meta":{"rootId":"3n2ha8lbh1h5t86","id":"jlj2j50tndyaqun"},"id":"wvw175pvgd591nc","previousOperationId":"typ7pkl403odjku"}
{"type":"operationStart","subtype":"engine","name":"handlebars","timestamp":1675625353319,"id":"b4q22ey9h9fo0ep","previousEventId":"50s9jkhhxqi0j6a","operationId":"eqgy8hku27wzg8r","previousOperationId":"typ7pkl403odjku"}
{"type":"log","timestamp":1675625353319,"level":"debug","message":"Rendering engine handlebars","meta":{"rootId":"3n2ha8lbh1h5t86","id":"jlj2j50tndyaqun"},"id":"oi3pt8ow4lf0vsx","previousOperationId":"eqgy8hku27wzg8r"}
{"type":"operationEnd","operationId":"eqgy8hku27wzg8r","timestamp":1675625353341,"id":"xkiq9kn4l8nn3sj","previousEventId":"b4q22ey9h9fo0ep","previousOperationId":"eqgy8hku27wzg8r"}
{"type":"operationStart","subtype":"recipe","name":"chrome-pdf","timestamp":1675625353341,"id":"ezl554fn0bdb440","previousEventId":"xkiq9kn4l8nn3sj","operationId":"xhohwsc58smrcxn","previousOperationId":"eqgy8hku27wzg8r"}
{"type":"log","timestamp":1675625353341,"level":"debug","message":"Executing recipe chrome-pdf","meta":{"rootId":"3n2ha8lbh1h5t86","id":"jlj2j50tndyaqun"},"id":"4z83bxb8w0x9rtg","previousOperationId":"xhohwsc58smrcxn"}
{"type":"log","timestamp":1675625353343,"level":"debug","message":"Converting with chrome HeadlessChrome/105.0.5173.0 using chrome-pool strategy","meta":{"rootId":"3n2ha8lbh1h5t86","id":"jlj2j50tndyaqun"},"id":"wu7aetaby9hf546","previousOperationId":"xhohwsc58smrcxn"}
{"type":"log","timestamp":1675625353454,"level":"debug","message":"Page request: GET (document) file:///C:/Users/pollo/AppData/Local/Temp/jsreport/autocleanup/ee5c9b72-8f9e-4b1f-8b7a-b8d706a197d1-chrome-pdf.html","meta":{"rootId":"3n2ha8lbh1h5t86","id":"jlj2j50tndyaqun"},"id":"afum3i02apm67ok","previousOperationId":"xhohwsc58smrcxn"}
{"type":"log","timestamp":1675625353471,"level":"debug","message":"Page request finished: GET (document) 200 file:///C:/Users/pollo/AppData/Local/Temp/jsreport/autocleanup/ee5c9b72-8f9e-4b1f-8b7a-b8d706a197d1-chrome-pdf.html","meta":{"rootId":"3n2ha8lbh1h5t86","id":"jlj2j50tndyaqun"},"id":"qkcmr1xnawizbhm","previousOperationId":"xhohwsc58smrcxn"}
{"type":"log","timestamp":1675625353471,"level":"debug","message":"Page request: GET (stylesheet) https://cdnjs.cloudflare.com/ajax/libs/metro/4.1.5/css/metro.min.css","meta":{"rootId":"3n2ha8lbh1h5t86","id":"jlj2j50tndyaqun"},"id":"xpvg3oq03uecv9x","previousOperationId":"xhohwsc58smrcxn"}
{"type":"log","timestamp":1675625353497,"level":"debug","message":"Page request finished: GET (stylesheet) 200 https://cdnjs.cloudflare.com/ajax/libs/metro/4.1.5/css/metro.min.css","meta":{"rootId":"3n2ha8lbh1h5t86","id":"jlj2j50tndyaqun"},"id":"emuaypmt07aezgu","previousOperationId":"xhohwsc58smrcxn"}
{"type":"log","timestamp":1675625353519,"level":"debug","message":"Running chrome with params {\"printBackground\":true,\"marginTop\":\"1.5cm\",\"marginRight\":\"1.5cm\",\"marginLeft\":\"1.cm\",\"timeout\":59290,\"margin\":{\"top\":\"1.5cm\",\"right\":\"1.5cm\",\"left\":\"1.cm\"}}","meta":{"rootId":"3n2ha8lbh1h5t86","id":"jlj2j50tndyaqun"},"id":"xf5f07v5ltkhm88","previousOperationId":"xhohwsc58smrcxn"}
{"type":"operationEnd","operationId":"xhohwsc58smrcxn","timestamp":1675625353588,"id":"sekj32e7xyqgq83","previousEventId":"ezl554fn0bdb440","previousOperationId":"xhohwsc58smrcxn"}
{"type":"log","timestamp":1675625353588,"level":"debug","message":"Skipping storing report.","meta":{"rootId":"3n2ha8lbh1h5t86","id":"jlj2j50tndyaqun"},"id":"9s1wl5m8fjqim84","previousOperationId":"xhohwsc58smrcxn"}
{"type":"log","timestamp":1675625353588,"level":"info","message":"Rendering (child) request finished in 956 ms","meta":{"rootId":"3n2ha8lbh1h5t86","id":"jlj2j50tndyaqun"},"id":"1r7w67j26tv3oq6","previousOperationId":"xhohwsc58smrcxn"}
{"type":"operationEnd","subtype":"render","operationId":"typ7pkl403odjku","timestamp":1675625353589,"id":"pbc8473r462ydrn","previousEventId":"sekj32e7xyqgq83","previousOperationId":"xhohwsc58smrcxn"}
{"type":"operationEnd","operationId":"9tby20nathrm5k5","timestamp":1675625353600,"id":"q4npqbcf1lu1r9m","previousEventId":"cxk4j0cgt7azxbn","previousOperationId":"9tby20nathrm5k5"}
{"type":"log","timestamp":1675625353600,"level":"debug","message":"pdf-utils postproces start","meta":{"rootId":"3n2ha8lbh1h5t86","id":"3n2ha8lbh1h5t86"},"id":"nb7jvkwge8i4cfq","previousOperationId":"9tby20nathrm5k5"}
{"type":"log","timestamp":1675625353614,"level":"debug","message":"pdf-utils postproces end","meta":{"rootId":"3n2ha8lbh1h5t86","id":"3n2ha8lbh1h5t86"},"id":"55tep9oaetluhyw","previousOperationId":"9tby20nathrm5k5"}
{"type":"operationEnd","operationId":"23tv60o3gbbi7cc","timestamp":1675625353614,"id":"s5amiogsuujhz86","previousEventId":"q4npqbcf1lu1r9m","previousOperationId":"9tby20nathrm5k5"}
{"type":"log","timestamp":1675625353614,"level":"info","message":"pdf-utils pdf processing was finished","meta":{"rootId":"3n2ha8lbh1h5t86","id":"3n2ha8lbh1h5t86"},"id":"on3cnq1ovkub00t","previousOperationId":"23tv60o3gbbi7cc"}
{"type":"log","timestamp":1675625353614,"level":"debug","message":"Skipping storing report.","meta":{"rootId":"3n2ha8lbh1h5t86","id":"3n2ha8lbh1h5t86"},"id":"igr2d3w0iwfgd7p","previousOperationId":"23tv60o3gbbi7cc"}
{"type":"log","timestamp":1675625353614,"level":"info","message":"Rendering request 2 finished in 982 ms","meta":{"rootId":"3n2ha8lbh1h5t86","id":"3n2ha8lbh1h5t86"},"id":"37mmobxd3ow00fd","previousOperationId":"23tv60o3gbbi7cc"}
{"type":"operationEnd","subtype":"render","operationId":"5zlj56ajkx5xn24","timestamp":1675625353614,"id":"bki37agdxahbutd","previousEventId":"s5amiogsuujhz86","previousOperationId":"23tv60o3gbbi7cc"}
{"type":"operationEnd","doDiffs":false,"previousEventId":"hmhh0n40tq4uyej","previousOperationId":"bcldfdccr755mbb","operationId":"bcldfdccr755mbb","timestamp":1675625353632,"id":"8ea5lggrrrgz5mz"}
