{"type":"operationStart","subtype":"profile","data":{"_id":"Hhoxg0hBfJ1hvCtl","timestamp":"2023-02-01T17:07:59.192Z","state":"queued","mode":"standard","creationDate":"2023-02-01T17:07:59.194Z","modificationDate":"2023-02-01T17:07:59.194Z","shortid":"SsiIEKc","$entitySet":"profiles"},"doDiffs":false,"timestamp":1675271279193,"id":"08k103t4yfsrx1y","previousOperationId":null,"operationId":"zxnhhv1xx1nlido"}
{"type":"log","level":"info","message":"Render request 6 queued for execution and waiting for available worker","previousOperationId":"zxnhhv1xx1nlido","timestamp":1675271279193,"id":"ta3lmu36u4bcn76"}
{"type":"operationStart","subtype":"render","name":"orders-main","previousOperationId":"zxnhhv1xx1nlido","timestamp":1675271279203,"id":"igi49k7lgmqosjs","previousEventId":"08k103t4yfsrx1y","operationId":"nb084bblhanruk2"}
{"type":"log","timestamp":1675271279203,"level":"info","message":"Starting rendering request 6","meta":{"rootId":"3rpe3cykqtssfwc","id":"3rpe3cykqtssfwc"},"id":"wwiodbdafv15k4c","previousOperationId":"nb084bblhanruk2"}
{"type":"log","timestamp":1675271279203,"level":"info","message":"Rendering template { name: orders-main, recipe: chrome-pdf, engine: handlebars, preview: true }","meta":{"rootId":"3rpe3cykqtssfwc","id":"3rpe3cykqtssfwc"},"id":"v84pgih9f2fi6z7","previousOperationId":"nb084bblhanruk2"}
{"type":"log","timestamp":1675271279204,"level":"debug","message":"Data item not defined for this template.","meta":{"rootId":"3rpe3cykqtssfwc","id":"3rpe3cykqtssfwc"},"id":"x3g25qongklhgeb","previousOperationId":"nb084bblhanruk2"}
{"type":"log","timestamp":1675271279206,"level":"debug","message":"Executing script orders-script (beforeRender)","meta":{"rootId":"3rpe3cykqtssfwc","id":"3rpe3cykqtssfwc"},"id":"xe5bqj8ltkx8nfo","previousOperationId":"nb084bblhanruk2"}
{"type":"operationStart","subtype":"scriptsBeforeRender","name":"scripts beforeRender","timestamp":1675271279247,"id":"os7qzikz9xa6x3a","previousEventId":"igi49k7lgmqosjs","operationId":"42zh7ezn7zr76c6","previousOperationId":"nb084bblhanruk2"}
{"type":"operationStart","subtype":"script","name":"scripts orders-script","previousOperationId":"42zh7ezn7zr76c6","timestamp":1675271279247,"id":"5kdksnaltiears6","previousEventId":"os7qzikz9xa6x3a","operationId":"n8we2yptizr3ug9"}
{"type":"log","timestamp":1675271279247,"level":"debug","message":"(console:log) AAAAAAAAAAAAAAAAAAAAAAA  undefined","meta":{"userLevel":true,"rootId":"3rpe3cykqtssfwc","id":"3rpe3cykqtssfwc"},"id":"7qqm558uuxsf626","previousOperationId":"n8we2yptizr3ug9"}
{"type":"log","timestamp":1675271279468,"level":"debug","message":"(console:log) [\n  {\n    id: 1,\n    name: 'Antonio',\n    description: 'Aclamado director de la Orquesta Filarmónica de Gran Canaria'\n  },\n  {\n    id: 3,\n    name: 'Juana de Armas',\n    description: 'Aclamada directora de la Orquesta Filarmónica de Gran Canaria'\n  }\n]","meta":{"userLevel":true,"rootId":"3rpe3cykqtssfwc","id":"3rpe3cykqtssfwc"},"id":"owkhdcsqbukyx6z","previousOperationId":"n8we2yptizr3ug9"}
{"type":"operationEnd","operationId":"n8we2yptizr3ug9","timestamp":1675271279469,"id":"pemvlrsxv372onf","previousEventId":"igi49k7lgmqosjs","previousOperationId":"nb084bblhanruk2"}
{"type":"operationEnd","operationId":"42zh7ezn7zr76c6","timestamp":1675271279469,"id":"dgbv69mipzneypp","previousEventId":"pemvlrsxv372onf","previousOperationId":"nb084bblhanruk2"}
{"type":"log","timestamp":1675271279469,"level":"debug","message":"Base url not specified, skipping its injection.","meta":{"rootId":"3rpe3cykqtssfwc","id":"3rpe3cykqtssfwc"},"id":"t6707kydyv7yojv","previousOperationId":"42zh7ezn7zr76c6"}
{"type":"operationStart","subtype":"engine","name":"handlebars","timestamp":1675271279469,"id":"tedt5tjjsac1xr8","previousEventId":"dgbv69mipzneypp","operationId":"z8tcsvyzspv8ab2","previousOperationId":"42zh7ezn7zr76c6"}
{"type":"log","timestamp":1675271279469,"level":"debug","message":"Rendering engine handlebars","meta":{"rootId":"3rpe3cykqtssfwc","id":"3rpe3cykqtssfwc"},"id":"zt02e3m9v5ra9yj","previousOperationId":"z8tcsvyzspv8ab2"}
{"type":"operationEnd","operationId":"z8tcsvyzspv8ab2","timestamp":1675271279479,"id":"sjchsdghkzzrh6e","previousEventId":"tedt5tjjsac1xr8","previousOperationId":"z8tcsvyzspv8ab2"}
{"type":"operationStart","subtype":"recipe","name":"chrome-pdf","timestamp":1675271279479,"id":"fy8346u7otwij6u","previousEventId":"sjchsdghkzzrh6e","operationId":"fy6nkc71fs1ql0f","previousOperationId":"z8tcsvyzspv8ab2"}
{"type":"log","timestamp":1675271279479,"level":"debug","message":"Executing recipe chrome-pdf","meta":{"rootId":"3rpe3cykqtssfwc","id":"3rpe3cykqtssfwc"},"id":"n9f56hdppa5u71d","previousOperationId":"fy6nkc71fs1ql0f"}
{"type":"log","timestamp":1675271279481,"level":"debug","message":"Converting with chrome HeadlessChrome/105.0.5173.0 using chrome-pool strategy","meta":{"rootId":"3rpe3cykqtssfwc","id":"3rpe3cykqtssfwc"},"id":"l5et1lgqq2cs5n0","previousOperationId":"fy6nkc71fs1ql0f"}
{"type":"log","timestamp":1675271279579,"level":"debug","message":"Page request: GET (document) file:///C:/Users/pollo/AppData/Local/Temp/jsreport/autocleanup/b9f6af8b-f4d7-4ed1-b1e9-64a31fa24c8e-chrome-pdf.html","meta":{"rootId":"3rpe3cykqtssfwc","id":"3rpe3cykqtssfwc"},"id":"hj3lz12c7bfa4mm","previousOperationId":"fy6nkc71fs1ql0f"}
{"type":"log","timestamp":1675271279596,"level":"debug","message":"Page request finished: GET (document) 200 file:///C:/Users/pollo/AppData/Local/Temp/jsreport/autocleanup/b9f6af8b-f4d7-4ed1-b1e9-64a31fa24c8e-chrome-pdf.html","meta":{"rootId":"3rpe3cykqtssfwc","id":"3rpe3cykqtssfwc"},"id":"et867y278vbsmhc","previousOperationId":"fy6nkc71fs1ql0f"}
{"type":"log","timestamp":1675271279596,"level":"debug","message":"Page request: GET (stylesheet) https://cdnjs.cloudflare.com/ajax/libs/metro/4.1.5/css/metro.min.css","meta":{"rootId":"3rpe3cykqtssfwc","id":"3rpe3cykqtssfwc"},"id":"v5kp1m5z9m6hgyg","previousOperationId":"fy6nkc71fs1ql0f"}
{"type":"log","timestamp":1675271279596,"level":"debug","message":"Page request: GET (script) https://cdnjs.cloudflare.com/ajax/libs/Chart.js/2.7.2/Chart.min.js","meta":{"rootId":"3rpe3cykqtssfwc","id":"3rpe3cykqtssfwc"},"id":"si9659c0lo550vv","previousOperationId":"fy6nkc71fs1ql0f"}
{"type":"log","timestamp":1675271279631,"level":"debug","message":"Page request finished: GET (stylesheet) 200 https://cdnjs.cloudflare.com/ajax/libs/metro/4.1.5/css/metro.min.css","meta":{"rootId":"3rpe3cykqtssfwc","id":"3rpe3cykqtssfwc"},"id":"rg9wvrcyiuuytx7","previousOperationId":"fy6nkc71fs1ql0f"}
{"type":"log","timestamp":1675271279631,"level":"debug","message":"Page request finished: GET (script) 200 https://cdnjs.cloudflare.com/ajax/libs/Chart.js/2.7.2/Chart.min.js","meta":{"rootId":"3rpe3cykqtssfwc","id":"3rpe3cykqtssfwc"},"id":"mar09igedi8n74o","previousOperationId":"fy6nkc71fs1ql0f"}
{"type":"log","timestamp":1675271279660,"level":"debug","message":"Running chrome with params {\"printBackground\":true,\"marginTop\":\"4cm\",\"marginRight\":\"1.5cm\",\"marginBottom\":\"1.5cm\",\"marginLeft\":\"1.5cm\",\"waitForJS\":false,\"timeout\":59711,\"margin\":{\"top\":\"4cm\",\"right\":\"1.5cm\",\"bottom\":\"1.5cm\",\"left\":\"1.5cm\"}}","meta":{"rootId":"3rpe3cykqtssfwc","id":"3rpe3cykqtssfwc"},"id":"wja87e9bz5uo896","previousOperationId":"fy6nkc71fs1ql0f"}
{"type":"operationEnd","operationId":"fy6nkc71fs1ql0f","timestamp":1675271279726,"id":"lyv6358pm6i7d4t","previousEventId":"fy8346u7otwij6u","previousOperationId":"fy6nkc71fs1ql0f"}
{"type":"log","timestamp":1675271279726,"level":"info","message":"pdf-utils is starting pdf processing","meta":{"rootId":"3rpe3cykqtssfwc","id":"3rpe3cykqtssfwc"},"id":"attxnvu6pwwqver","previousOperationId":"fy6nkc71fs1ql0f"}
{"type":"operationStart","subtype":"pdfUtils","name":"pdf utils","timestamp":1675271279726,"id":"nk62ahf3fqgvzu0","previousEventId":"lyv6358pm6i7d4t","operationId":"9ps2isdtmekj0c2","previousOperationId":"fy6nkc71fs1ql0f"}
{"type":"log","timestamp":1675271279726,"level":"debug","message":"pdf-utils detected 1 pdf operation(s) to process","meta":{"rootId":"3rpe3cykqtssfwc","id":"3rpe3cykqtssfwc"},"id":"9f2t76ij68iuxz7","previousOperationId":"9ps2isdtmekj0c2"}
{"type":"log","timestamp":1675271279748,"level":"debug","message":"pdf-utils running pdf operation merge","meta":{"rootId":"3rpe3cykqtssfwc","id":"3rpe3cykqtssfwc"},"id":"6t8mctl0i680vey","previousOperationId":"9ps2isdtmekj0c2"}
{"type":"operationStart","subtype":"pdfUtilsMerge","name":"pdf utils merge","previousOperationId":"9ps2isdtmekj0c2","timestamp":1675271279748,"id":"boyhns0ejq8c7ey","previousEventId":"nk62ahf3fqgvzu0","operationId":"ce5r57s5cvpnjra"}
{"type":"operationStart","subtype":"render","name":"orders-header","previousOperationId":"ce5r57s5cvpnjra","timestamp":1675271279749,"id":"5y5mc0fx0cz9o0r","previousEventId":"boyhns0ejq8c7ey","operationId":"bf5hq9g34llpxcn"}
{"type":"log","timestamp":1675271279749,"level":"info","message":"Starting rendering (child) request","meta":{"rootId":"3rpe3cykqtssfwc","id":"bayzyh313ayqybh"},"id":"l4qifgr2y67x0gl","previousOperationId":"bf5hq9g34llpxcn"}
{"type":"log","timestamp":1675271279749,"level":"info","message":"Rendering template { name: orders-header, recipe: chrome-pdf, engine: handlebars, preview: true }","meta":{"rootId":"3rpe3cykqtssfwc","id":"bayzyh313ayqybh"},"id":"pnvc2pfebfyuri9","previousOperationId":"bf5hq9g34llpxcn"}
{"type":"log","timestamp":1675271279751,"level":"debug","message":"Inline data specified.","meta":{"rootId":"3rpe3cykqtssfwc","id":"bayzyh313ayqybh"},"id":"2psik636gz4kxyx","previousOperationId":"bf5hq9g34llpxcn"}
{"type":"log","timestamp":1675271279753,"level":"debug","message":"Base url not specified, skipping its injection.","meta":{"rootId":"3rpe3cykqtssfwc","id":"bayzyh313ayqybh"},"id":"jijb75fzpqayjov","previousOperationId":"bf5hq9g34llpxcn"}
{"type":"operationStart","subtype":"engine","name":"handlebars","timestamp":1675271279754,"id":"jb1y16j0bc236mb","previousEventId":"5y5mc0fx0cz9o0r","operationId":"m5w4pnohuc3e16p","previousOperationId":"bf5hq9g34llpxcn"}
{"type":"log","timestamp":1675271279754,"level":"debug","message":"Rendering engine handlebars","meta":{"rootId":"3rpe3cykqtssfwc","id":"bayzyh313ayqybh"},"id":"xep0kfawchat59a","previousOperationId":"m5w4pnohuc3e16p"}
{"type":"operationEnd","operationId":"m5w4pnohuc3e16p","timestamp":1675271279770,"id":"kmheaefaz8ujy2d","previousEventId":"jb1y16j0bc236mb","previousOperationId":"m5w4pnohuc3e16p"}
{"type":"operationStart","subtype":"recipe","name":"chrome-pdf","timestamp":1675271279771,"id":"42g63ikn3zg7sek","previousEventId":"kmheaefaz8ujy2d","operationId":"deo33kr9d21cwce","previousOperationId":"m5w4pnohuc3e16p"}
{"type":"log","timestamp":1675271279771,"level":"debug","message":"Executing recipe chrome-pdf","meta":{"rootId":"3rpe3cykqtssfwc","id":"bayzyh313ayqybh"},"id":"4fgdsfywyfnt6i0","previousOperationId":"deo33kr9d21cwce"}
{"type":"log","timestamp":1675271279773,"level":"debug","message":"Converting with chrome HeadlessChrome/105.0.5173.0 using chrome-pool strategy","meta":{"rootId":"3rpe3cykqtssfwc","id":"bayzyh313ayqybh"},"id":"v6izfaqhaz9wtlh","previousOperationId":"deo33kr9d21cwce"}
{"type":"log","timestamp":1675271279882,"level":"debug","message":"Page request: GET (document) file:///C:/Users/pollo/AppData/Local/Temp/jsreport/autocleanup/eef4f9a6-5ecf-4396-b1b5-41d3a6f2f9fe-chrome-pdf.html","meta":{"rootId":"3rpe3cykqtssfwc","id":"bayzyh313ayqybh"},"id":"01wixmxbfbd5a5x","previousOperationId":"deo33kr9d21cwce"}
{"type":"log","timestamp":1675271279898,"level":"debug","message":"Page request finished: GET (document) 200 file:///C:/Users/pollo/AppData/Local/Temp/jsreport/autocleanup/eef4f9a6-5ecf-4396-b1b5-41d3a6f2f9fe-chrome-pdf.html","meta":{"rootId":"3rpe3cykqtssfwc","id":"bayzyh313ayqybh"},"id":"j898mzxblnm0ezo","previousOperationId":"deo33kr9d21cwce"}
{"type":"log","timestamp":1675271279898,"level":"debug","message":"Page request: GET (stylesheet) https://cdnjs.cloudflare.com/ajax/libs/metro/4.1.5/css/metro.min.css","meta":{"rootId":"3rpe3cykqtssfwc","id":"bayzyh313ayqybh"},"id":"5ibx7uqjy8bzi0v","previousOperationId":"deo33kr9d21cwce"}
{"type":"log","timestamp":1675271279920,"level":"debug","message":"Page request finished: GET (stylesheet) 200 https://cdnjs.cloudflare.com/ajax/libs/metro/4.1.5/css/metro.min.css","meta":{"rootId":"3rpe3cykqtssfwc","id":"bayzyh313ayqybh"},"id":"oafx9e1w1tispoi","previousOperationId":"deo33kr9d21cwce"}
{"type":"log","timestamp":1675271279942,"level":"debug","message":"Running chrome with params {\"printBackground\":true,\"marginTop\":\"1.5cm\",\"marginRight\":\"1.5cm\",\"marginLeft\":\"1.cm\",\"timeout\":59420,\"margin\":{\"top\":\"1.5cm\",\"right\":\"1.5cm\",\"left\":\"1.cm\"}}","meta":{"rootId":"3rpe3cykqtssfwc","id":"bayzyh313ayqybh"},"id":"mr3eup6bk0ctbbm","previousOperationId":"deo33kr9d21cwce"}
{"type":"operationEnd","operationId":"deo33kr9d21cwce","timestamp":1675271280001,"id":"olbhy38purq8yda","previousEventId":"42g63ikn3zg7sek","previousOperationId":"deo33kr9d21cwce"}
{"type":"log","timestamp":1675271280001,"level":"debug","message":"Skipping storing report.","meta":{"rootId":"3rpe3cykqtssfwc","id":"bayzyh313ayqybh"},"id":"7mqots9371hqsu7","previousOperationId":"deo33kr9d21cwce"}
{"type":"log","timestamp":1675271280001,"level":"info","message":"Rendering (child) request finished in 809 ms","meta":{"rootId":"3rpe3cykqtssfwc","id":"bayzyh313ayqybh"},"id":"78bsda4vd1n19cd","previousOperationId":"deo33kr9d21cwce"}
{"type":"operationEnd","subtype":"render","operationId":"bf5hq9g34llpxcn","timestamp":1675271280001,"id":"yb283zmw3ygz2ty","previousEventId":"olbhy38purq8yda","previousOperationId":"deo33kr9d21cwce"}
{"type":"operationEnd","operationId":"ce5r57s5cvpnjra","timestamp":1675271280008,"id":"0molbrzoodfsmnz","previousEventId":"boyhns0ejq8c7ey","previousOperationId":"ce5r57s5cvpnjra"}
{"type":"log","timestamp":1675271280008,"level":"debug","message":"pdf-utils postproces start","meta":{"rootId":"3rpe3cykqtssfwc","id":"3rpe3cykqtssfwc"},"id":"vir16wm6tte1aqk","previousOperationId":"ce5r57s5cvpnjra"}
{"type":"log","timestamp":1675271280020,"level":"debug","message":"pdf-utils postproces end","meta":{"rootId":"3rpe3cykqtssfwc","id":"3rpe3cykqtssfwc"},"id":"zbrzo758u2b0xzx","previousOperationId":"ce5r57s5cvpnjra"}
{"type":"operationEnd","operationId":"9ps2isdtmekj0c2","timestamp":1675271280020,"id":"vywdo5pwvz5d5m6","previousEventId":"0molbrzoodfsmnz","previousOperationId":"ce5r57s5cvpnjra"}
{"type":"log","timestamp":1675271280020,"level":"info","message":"pdf-utils pdf processing was finished","meta":{"rootId":"3rpe3cykqtssfwc","id":"3rpe3cykqtssfwc"},"id":"rd81iu5nwa78im6","previousOperationId":"9ps2isdtmekj0c2"}
{"type":"log","timestamp":1675271280020,"level":"debug","message":"Skipping storing report.","meta":{"rootId":"3rpe3cykqtssfwc","id":"3rpe3cykqtssfwc"},"id":"vdwimm9dmv0v106","previousOperationId":"9ps2isdtmekj0c2"}
{"type":"log","timestamp":1675271280021,"level":"info","message":"Rendering request 6 finished in 829 ms","meta":{"rootId":"3rpe3cykqtssfwc","id":"3rpe3cykqtssfwc"},"id":"izq1trhj5cee2e8","previousOperationId":"9ps2isdtmekj0c2"}
{"type":"operationEnd","subtype":"render","operationId":"nb084bblhanruk2","timestamp":1675271280021,"id":"a7d5k9erwaah62e","previousEventId":"vywdo5pwvz5d5m6","previousOperationId":"9ps2isdtmekj0c2"}
{"type":"operationEnd","doDiffs":false,"previousEventId":"08k103t4yfsrx1y","previousOperationId":"zxnhhv1xx1nlido","operationId":"zxnhhv1xx1nlido","timestamp":1675271280029,"id":"wtj76p1rrf89yks"}
