{"type":"operationStart","subtype":"profile","data":{"_id":"9ZWCsItdP3wrUTXx","timestamp":"2023-02-05T19:06:42.531Z","state":"queued","mode":"standard","creationDate":"2023-02-05T19:06:42.533Z","modificationDate":"2023-02-05T19:06:42.533Z","shortid":"k7_lORU","$entitySet":"profiles"},"doDiffs":false,"timestamp":1675624002532,"id":"cszrprq99bs50e6","previousOperationId":null,"operationId":"em1qu6up95kez0h"}
{"type":"log","level":"info","message":"Render request 41 queued for execution and waiting for available worker","previousOperationId":"em1qu6up95kez0h","timestamp":1675624002533,"id":"d80ie0uqn0c0tol"}
{"type":"operationStart","subtype":"render","name":"orders-main","previousOperationId":"em1qu6up95kez0h","timestamp":1675624002542,"id":"du429892jq1pz8j","previousEventId":"cszrprq99bs50e6","operationId":"fo3x1dpu4pk8suq"}
{"type":"log","timestamp":1675624002542,"level":"info","message":"Starting rendering request 41","meta":{"rootId":"4tbttqyhuad875g","id":"4tbttqyhuad875g"},"id":"5avgigd1i9w7dgw","previousOperationId":"fo3x1dpu4pk8suq"}
{"type":"log","timestamp":1675624002542,"level":"info","message":"Rendering template { name: orders-main, recipe: chrome-pdf, engine: handlebars, preview: true }","meta":{"rootId":"4tbttqyhuad875g","id":"4tbttqyhuad875g"},"id":"31tiw66twgsetbg","previousOperationId":"fo3x1dpu4pk8suq"}
{"type":"log","timestamp":1675624002543,"level":"debug","message":"Data item not defined for this template.","meta":{"rootId":"4tbttqyhuad875g","id":"4tbttqyhuad875g"},"id":"gk2bewclwr0zasl","previousOperationId":"fo3x1dpu4pk8suq"}
{"type":"log","timestamp":1675624002546,"level":"debug","message":"Executing script orders-script (beforeRender)","meta":{"rootId":"4tbttqyhuad875g","id":"4tbttqyhuad875g"},"id":"dxgshziz76xsvzd","previousOperationId":"fo3x1dpu4pk8suq"}
{"type":"operationStart","subtype":"scriptsBeforeRender","name":"scripts beforeRender","timestamp":1675624002573,"id":"gxzqbrbh57dg4hq","previousEventId":"du429892jq1pz8j","operationId":"ocykw8rtokhu3wn","previousOperationId":"fo3x1dpu4pk8suq"}
{"type":"operationStart","subtype":"script","name":"scripts orders-script","previousOperationId":"ocykw8rtokhu3wn","timestamp":1675624002573,"id":"c4otjrrg9fjegdg","previousEventId":"gxzqbrbh57dg4hq","operationId":"ya8nlzauvktw52o"}
{"type":"log","timestamp":1675624002860,"level":"debug","message":"(console:log) [ 'Antonio', 'Juana de Armas' ]","meta":{"userLevel":true,"rootId":"4tbttqyhuad875g","id":"4tbttqyhuad875g"},"id":"6y48kpjckberjng","previousOperationId":"ya8nlzauvktw52o"}
{"type":"operationEnd","operationId":"ya8nlzauvktw52o","timestamp":1675624002860,"id":"8cj12gg6g17pg4i","previousEventId":"du429892jq1pz8j","previousOperationId":"fo3x1dpu4pk8suq"}
{"type":"operationEnd","operationId":"ocykw8rtokhu3wn","timestamp":1675624002860,"id":"koi3m6cmm39d9fb","previousEventId":"8cj12gg6g17pg4i","previousOperationId":"fo3x1dpu4pk8suq"}
{"type":"log","timestamp":1675624002860,"level":"debug","message":"Base url not specified, skipping its injection.","meta":{"rootId":"4tbttqyhuad875g","id":"4tbttqyhuad875g"},"id":"8nrwg3egi31gyef","previousOperationId":"ocykw8rtokhu3wn"}
{"type":"operationStart","subtype":"engine","name":"handlebars","timestamp":1675624002861,"id":"k3jplfpy3bd6s9i","previousEventId":"koi3m6cmm39d9fb","operationId":"ygmorlx4pubmp1u","previousOperationId":"ocykw8rtokhu3wn"}
{"type":"log","timestamp":1675624002861,"level":"debug","message":"Rendering engine handlebars","meta":{"rootId":"4tbttqyhuad875g","id":"4tbttqyhuad875g"},"id":"bvdn0tpi1udt7jn","previousOperationId":"ygmorlx4pubmp1u"}
{"type":"operationEnd","operationId":"ygmorlx4pubmp1u","timestamp":1675624002874,"id":"s139mfkb9im3hyj","previousEventId":"k3jplfpy3bd6s9i","previousOperationId":"ygmorlx4pubmp1u"}
{"type":"operationStart","subtype":"recipe","name":"chrome-pdf","timestamp":1675624002874,"id":"q8myzxg6uwn8fau","previousEventId":"s139mfkb9im3hyj","operationId":"c21yop3ajax6cbc","previousOperationId":"ygmorlx4pubmp1u"}
{"type":"log","timestamp":1675624002874,"level":"debug","message":"Executing recipe chrome-pdf","meta":{"rootId":"4tbttqyhuad875g","id":"4tbttqyhuad875g"},"id":"o17q894z1k93ucg","previousOperationId":"c21yop3ajax6cbc"}
{"type":"log","timestamp":1675624002876,"level":"debug","message":"Converting with chrome HeadlessChrome/105.0.5173.0 using chrome-pool strategy","meta":{"rootId":"4tbttqyhuad875g","id":"4tbttqyhuad875g"},"id":"mco5zs83zvxeonp","previousOperationId":"c21yop3ajax6cbc"}
{"type":"log","timestamp":1675624002972,"level":"debug","message":"Page request: GET (document) file:///C:/Users/pollo/AppData/Local/Temp/jsreport/autocleanup/237f229e-46e8-4182-b50e-77f1eaf74432-chrome-pdf.html","meta":{"rootId":"4tbttqyhuad875g","id":"4tbttqyhuad875g"},"id":"uqe6c19nx1cvepq","previousOperationId":"c21yop3ajax6cbc"}
{"type":"log","timestamp":1675624002992,"level":"debug","message":"Page request finished: GET (document) 200 file:///C:/Users/pollo/AppData/Local/Temp/jsreport/autocleanup/237f229e-46e8-4182-b50e-77f1eaf74432-chrome-pdf.html","meta":{"rootId":"4tbttqyhuad875g","id":"4tbttqyhuad875g"},"id":"mtc5r6n99iw63xf","previousOperationId":"c21yop3ajax6cbc"}
{"type":"log","timestamp":1675624002992,"level":"debug","message":"Page request: GET (stylesheet) https://cdnjs.cloudflare.com/ajax/libs/metro/4.1.5/css/metro.min.css","meta":{"rootId":"4tbttqyhuad875g","id":"4tbttqyhuad875g"},"id":"vc2ap3qhkxhbjnl","previousOperationId":"c21yop3ajax6cbc"}
{"type":"log","timestamp":1675624002993,"level":"debug","message":"Page request: GET (script) https://cdn.jsdelivr.net/npm/chart.js","meta":{"rootId":"4tbttqyhuad875g","id":"4tbttqyhuad875g"},"id":"1popf5gpzn2x2fu","previousOperationId":"c21yop3ajax6cbc"}
{"type":"log","timestamp":1675624002999,"level":"debug","message":"Page request finished: GET (script) 200 https://cdn.jsdelivr.net/npm/chart.js","meta":{"rootId":"4tbttqyhuad875g","id":"4tbttqyhuad875g"},"id":"dmbjirp82kwuo34","previousOperationId":"c21yop3ajax6cbc"}
{"type":"log","timestamp":1675624003016,"level":"debug","message":"Page request finished: GET (stylesheet) 200 https://cdnjs.cloudflare.com/ajax/libs/metro/4.1.5/css/metro.min.css","meta":{"rootId":"4tbttqyhuad875g","id":"4tbttqyhuad875g"},"id":"vxdg20aq7p5c9bx","previousOperationId":"c21yop3ajax6cbc"}
{"type":"log","timestamp":1675624003021,"level":"warn","message":"Page error: SyntaxError: Unexpected token ','","meta":{"rootId":"4tbttqyhuad875g","id":"4tbttqyhuad875g"},"id":"qkwrb2y87jsguxa","previousOperationId":"c21yop3ajax6cbc"}
{"type":"log","timestamp":1675624003046,"level":"debug","message":"Running chrome with params {\"printBackground\":true,\"marginTop\":\"4cm\",\"marginRight\":\"1.5cm\",\"marginBottom\":\"1.5cm\",\"marginLeft\":\"1.5cm\",\"waitForJS\":false,\"timeout\":59655,\"margin\":{\"top\":\"4cm\",\"right\":\"1.5cm\",\"bottom\":\"1.5cm\",\"left\":\"1.5cm\"}}","meta":{"rootId":"4tbttqyhuad875g","id":"4tbttqyhuad875g"},"id":"k9c714jdnarhujb","previousOperationId":"c21yop3ajax6cbc"}
{"type":"operationEnd","operationId":"c21yop3ajax6cbc","timestamp":1675624003108,"id":"onmmbudokw9pavg","previousEventId":"q8myzxg6uwn8fau","previousOperationId":"c21yop3ajax6cbc"}
{"type":"log","timestamp":1675624003108,"level":"info","message":"pdf-utils is starting pdf processing","meta":{"rootId":"4tbttqyhuad875g","id":"4tbttqyhuad875g"},"id":"rr91u3b7ebwmdpz","previousOperationId":"c21yop3ajax6cbc"}
{"type":"operationStart","subtype":"pdfUtils","name":"pdf utils","timestamp":1675624003108,"id":"jlibvou5hbefwct","previousEventId":"onmmbudokw9pavg","operationId":"prnybcp5s48kl79","previousOperationId":"c21yop3ajax6cbc"}
{"type":"log","timestamp":1675624003108,"level":"debug","message":"pdf-utils detected 1 pdf operation(s) to process","meta":{"rootId":"4tbttqyhuad875g","id":"4tbttqyhuad875g"},"id":"q5d1mi00epns3ud","previousOperationId":"prnybcp5s48kl79"}
{"type":"log","timestamp":1675624003120,"level":"debug","message":"pdf-utils running pdf operation merge","meta":{"rootId":"4tbttqyhuad875g","id":"4tbttqyhuad875g"},"id":"0su94a97oarh8h4","previousOperationId":"prnybcp5s48kl79"}
{"type":"operationStart","subtype":"pdfUtilsMerge","name":"pdf utils merge","previousOperationId":"prnybcp5s48kl79","timestamp":1675624003120,"id":"jqw0tng1cn6valv","previousEventId":"jlibvou5hbefwct","operationId":"cznxdufjzhm1d2a"}
{"type":"operationStart","subtype":"render","name":"orders-header","previousOperationId":"cznxdufjzhm1d2a","timestamp":1675624003121,"id":"w6ejm3z73sm4ju1","previousEventId":"jqw0tng1cn6valv","operationId":"w6d171sw3ki34s3"}
{"type":"log","timestamp":1675624003121,"level":"info","message":"Starting rendering (child) request","meta":{"rootId":"4tbttqyhuad875g","id":"0kpisrte0y4xcws"},"id":"snss0wlrbzzhz2m","previousOperationId":"w6d171sw3ki34s3"}
{"type":"log","timestamp":1675624003121,"level":"info","message":"Rendering template { name: orders-header, recipe: chrome-pdf, engine: handlebars, preview: true }","meta":{"rootId":"4tbttqyhuad875g","id":"0kpisrte0y4xcws"},"id":"hxr4x7becyya12s","previousOperationId":"w6d171sw3ki34s3"}
{"type":"log","timestamp":1675624003122,"level":"debug","message":"Inline data specified.","meta":{"rootId":"4tbttqyhuad875g","id":"0kpisrte0y4xcws"},"id":"ciwc7niop8at79p","previousOperationId":"w6d171sw3ki34s3"}
{"type":"log","timestamp":1675624003124,"level":"debug","message":"Base url not specified, skipping its injection.","meta":{"rootId":"4tbttqyhuad875g","id":"0kpisrte0y4xcws"},"id":"ibtu70zx94q7lhw","previousOperationId":"w6d171sw3ki34s3"}
{"type":"operationStart","subtype":"engine","name":"handlebars","timestamp":1675624003124,"id":"qw3k1cobdo5roud","previousEventId":"w6ejm3z73sm4ju1","operationId":"csl3pmcgj78egm9","previousOperationId":"w6d171sw3ki34s3"}
{"type":"log","timestamp":1675624003124,"level":"debug","message":"Rendering engine handlebars","meta":{"rootId":"4tbttqyhuad875g","id":"0kpisrte0y4xcws"},"id":"y2tkik1kai1jdr1","previousOperationId":"csl3pmcgj78egm9"}
{"type":"operationEnd","operationId":"csl3pmcgj78egm9","timestamp":1675624003140,"id":"e5nnt0nxlgh8f14","previousEventId":"qw3k1cobdo5roud","previousOperationId":"csl3pmcgj78egm9"}
{"type":"operationStart","subtype":"recipe","name":"chrome-pdf","timestamp":1675624003141,"id":"p610awz95597pg5","previousEventId":"e5nnt0nxlgh8f14","operationId":"d3bimqvve9rprqk","previousOperationId":"csl3pmcgj78egm9"}
{"type":"log","timestamp":1675624003141,"level":"debug","message":"Executing recipe chrome-pdf","meta":{"rootId":"4tbttqyhuad875g","id":"0kpisrte0y4xcws"},"id":"ebw3m8ghumwq18l","previousOperationId":"d3bimqvve9rprqk"}
{"type":"log","timestamp":1675624003147,"level":"debug","message":"Converting with chrome HeadlessChrome/105.0.5173.0 using chrome-pool strategy","meta":{"rootId":"4tbttqyhuad875g","id":"0kpisrte0y4xcws"},"id":"d5m30shu2sl2y8j","previousOperationId":"d3bimqvve9rprqk"}
{"type":"log","timestamp":1675624003258,"level":"debug","message":"Page request: GET (document) file:///C:/Users/pollo/AppData/Local/Temp/jsreport/autocleanup/0445dbc6-a3e5-403c-9a9a-88f112ccabb5-chrome-pdf.html","meta":{"rootId":"4tbttqyhuad875g","id":"0kpisrte0y4xcws"},"id":"5a50rf67avtf83e","previousOperationId":"d3bimqvve9rprqk"}
{"type":"log","timestamp":1675624003273,"level":"debug","message":"Page request finished: GET (document) 200 file:///C:/Users/pollo/AppData/Local/Temp/jsreport/autocleanup/0445dbc6-a3e5-403c-9a9a-88f112ccabb5-chrome-pdf.html","meta":{"rootId":"4tbttqyhuad875g","id":"0kpisrte0y4xcws"},"id":"m40aku4yftcqrwz","previousOperationId":"d3bimqvve9rprqk"}
{"type":"log","timestamp":1675624003274,"level":"debug","message":"Page request: GET (stylesheet) https://cdnjs.cloudflare.com/ajax/libs/metro/4.1.5/css/metro.min.css","meta":{"rootId":"4tbttqyhuad875g","id":"0kpisrte0y4xcws"},"id":"7xgbqw5w3aiu8ld","previousOperationId":"d3bimqvve9rprqk"}
{"type":"log","timestamp":1675624003298,"level":"debug","message":"Page request finished: GET (stylesheet) 200 https://cdnjs.cloudflare.com/ajax/libs/metro/4.1.5/css/metro.min.css","meta":{"rootId":"4tbttqyhuad875g","id":"0kpisrte0y4xcws"},"id":"n5g3myz1thss0a6","previousOperationId":"d3bimqvve9rprqk"}
{"type":"log","timestamp":1675624003330,"level":"debug","message":"Running chrome with params {\"printBackground\":true,\"marginTop\":\"1.5cm\",\"marginRight\":\"1.5cm\",\"marginLeft\":\"1.cm\",\"timeout\":59385,\"margin\":{\"top\":\"1.5cm\",\"right\":\"1.5cm\",\"left\":\"1.cm\"}}","meta":{"rootId":"4tbttqyhuad875g","id":"0kpisrte0y4xcws"},"id":"jsvcapnfu59dtvz","previousOperationId":"d3bimqvve9rprqk"}
{"type":"operationEnd","operationId":"d3bimqvve9rprqk","timestamp":1675624003389,"id":"b14gn8sirq3ogfh","previousEventId":"p610awz95597pg5","previousOperationId":"d3bimqvve9rprqk"}
{"type":"log","timestamp":1675624003390,"level":"debug","message":"Skipping storing report.","meta":{"rootId":"4tbttqyhuad875g","id":"0kpisrte0y4xcws"},"id":"5d4chd5neex9k5t","previousOperationId":"d3bimqvve9rprqk"}
{"type":"log","timestamp":1675624003390,"level":"info","message":"Rendering (child) request finished in 859 ms","meta":{"rootId":"4tbttqyhuad875g","id":"0kpisrte0y4xcws"},"id":"9u542k2bco3fgzs","previousOperationId":"d3bimqvve9rprqk"}
{"type":"operationEnd","subtype":"render","operationId":"w6d171sw3ki34s3","timestamp":1675624003390,"id":"h8bvbmodfmztqq7","previousEventId":"b14gn8sirq3ogfh","previousOperationId":"d3bimqvve9rprqk"}
{"type":"operationEnd","operationId":"cznxdufjzhm1d2a","timestamp":1675624003398,"id":"23fkghi3qw03kq3","previousEventId":"jqw0tng1cn6valv","previousOperationId":"cznxdufjzhm1d2a"}
{"type":"log","timestamp":1675624003398,"level":"debug","message":"pdf-utils postproces start","meta":{"rootId":"4tbttqyhuad875g","id":"4tbttqyhuad875g"},"id":"5c442p6ruyzndw4","previousOperationId":"cznxdufjzhm1d2a"}
{"type":"log","timestamp":1675624003407,"level":"debug","message":"pdf-utils postproces end","meta":{"rootId":"4tbttqyhuad875g","id":"4tbttqyhuad875g"},"id":"eo1qjzd63pcal0w","previousOperationId":"cznxdufjzhm1d2a"}
{"type":"operationEnd","operationId":"prnybcp5s48kl79","timestamp":1675624003407,"id":"wvvh6t1f9mkury3","previousEventId":"23fkghi3qw03kq3","previousOperationId":"cznxdufjzhm1d2a"}
{"type":"log","timestamp":1675624003407,"level":"info","message":"pdf-utils pdf processing was finished","meta":{"rootId":"4tbttqyhuad875g","id":"4tbttqyhuad875g"},"id":"gznivgs8ugsyizs","previousOperationId":"prnybcp5s48kl79"}
{"type":"log","timestamp":1675624003407,"level":"debug","message":"Skipping storing report.","meta":{"rootId":"4tbttqyhuad875g","id":"4tbttqyhuad875g"},"id":"rplfv5bhai81br9","previousOperationId":"prnybcp5s48kl79"}
{"type":"log","timestamp":1675624003407,"level":"info","message":"Rendering request 41 finished in 876 ms","meta":{"rootId":"4tbttqyhuad875g","id":"4tbttqyhuad875g"},"id":"ff6563a09p8gwoz","previousOperationId":"prnybcp5s48kl79"}
{"type":"operationEnd","subtype":"render","operationId":"fo3x1dpu4pk8suq","timestamp":1675624003407,"id":"5b73pdvrgpzjszz","previousEventId":"wvvh6t1f9mkury3","previousOperationId":"prnybcp5s48kl79"}
{"type":"operationEnd","doDiffs":false,"previousEventId":"cszrprq99bs50e6","previousOperationId":"em1qu6up95kez0h","operationId":"em1qu6up95kez0h","timestamp":1675624003415,"id":"url80l0he0up6uf"}
