{"type":"operationStart","subtype":"profile","data":{"_id":"zZjYyw4owpWYizhp","timestamp":"2023-02-05T17:59:43.221Z","state":"queued","mode":"standard","creationDate":"2023-02-05T17:59:43.222Z","modificationDate":"2023-02-05T17:59:43.222Z","shortid":"pmFLvQ7","$entitySet":"profiles"},"doDiffs":false,"timestamp":1675619983222,"id":"v4slo3syv9chrdh","previousOperationId":null,"operationId":"np0n9mzupkrl9ie"}
{"type":"log","level":"info","message":"Render request 20 queued for execution and waiting for available worker","previousOperationId":"np0n9mzupkrl9ie","timestamp":1675619983222,"id":"zu3jiwvaf59in1v"}
{"type":"operationStart","subtype":"render","name":"orders-main","previousOperationId":"np0n9mzupkrl9ie","timestamp":1675619983233,"id":"99t6jfq8qzagedn","previousEventId":"v4slo3syv9chrdh","operationId":"9rpwqjuiq1iu1ei"}
{"type":"log","timestamp":1675619983233,"level":"info","message":"Starting rendering request 20","meta":{"rootId":"4yab3k2ie4lq0ew","id":"4yab3k2ie4lq0ew"},"id":"y4re4jx4x19sl8c","previousOperationId":"9rpwqjuiq1iu1ei"}
{"type":"log","timestamp":1675619983233,"level":"info","message":"Rendering template { name: orders-main, recipe: chrome-pdf, engine: handlebars, preview: true }","meta":{"rootId":"4yab3k2ie4lq0ew","id":"4yab3k2ie4lq0ew"},"id":"rvsmrp6kvkqbx4s","previousOperationId":"9rpwqjuiq1iu1ei"}
{"type":"log","timestamp":1675619983234,"level":"debug","message":"Data item not defined for this template.","meta":{"rootId":"4yab3k2ie4lq0ew","id":"4yab3k2ie4lq0ew"},"id":"psw2opqrrjdkhkb","previousOperationId":"9rpwqjuiq1iu1ei"}
{"type":"log","timestamp":1675619983238,"level":"debug","message":"Executing script orders-script (beforeRender)","meta":{"rootId":"4yab3k2ie4lq0ew","id":"4yab3k2ie4lq0ew"},"id":"14wuaq90s7j3had","previousOperationId":"9rpwqjuiq1iu1ei"}
{"type":"operationStart","subtype":"scriptsBeforeRender","name":"scripts beforeRender","timestamp":1675619983276,"id":"wqwwywgp1yt4h0h","previousEventId":"99t6jfq8qzagedn","operationId":"ko44dopeznsx4do","previousOperationId":"9rpwqjuiq1iu1ei"}
{"type":"operationStart","subtype":"script","name":"scripts orders-script","previousOperationId":"ko44dopeznsx4do","timestamp":1675619983276,"id":"xt8u33kcd0dfaj5","previousEventId":"wqwwywgp1yt4h0h","operationId":"mbqn6amwm4n5qfa"}
{"type":"operationEnd","operationId":"mbqn6amwm4n5qfa","timestamp":1675619983583,"id":"8ow52vl6muhft6w","previousEventId":"99t6jfq8qzagedn","previousOperationId":"9rpwqjuiq1iu1ei"}
{"type":"operationEnd","operationId":"ko44dopeznsx4do","timestamp":1675619983583,"id":"1bqyyxgsz4wu1c2","previousEventId":"8ow52vl6muhft6w","previousOperationId":"9rpwqjuiq1iu1ei"}
{"type":"log","timestamp":1675619983583,"level":"debug","message":"Base url not specified, skipping its injection.","meta":{"rootId":"4yab3k2ie4lq0ew","id":"4yab3k2ie4lq0ew"},"id":"99x94wayhv1pjp0","previousOperationId":"ko44dopeznsx4do"}
{"type":"operationStart","subtype":"engine","name":"handlebars","timestamp":1675619983583,"id":"0wyf1xglmalnuz8","previousEventId":"1bqyyxgsz4wu1c2","operationId":"g78pgpjugiwqf9s","previousOperationId":"ko44dopeznsx4do"}
{"type":"log","timestamp":1675619983583,"level":"debug","message":"Rendering engine handlebars","meta":{"rootId":"4yab3k2ie4lq0ew","id":"4yab3k2ie4lq0ew"},"id":"hn0svb2fbesqk0n","previousOperationId":"g78pgpjugiwqf9s"}
{"type":"operationEnd","operationId":"g78pgpjugiwqf9s","timestamp":1675619983598,"id":"3cj9cfnhnr2xc0j","previousEventId":"0wyf1xglmalnuz8","previousOperationId":"g78pgpjugiwqf9s"}
{"type":"operationStart","subtype":"recipe","name":"chrome-pdf","timestamp":1675619983598,"id":"z664mjlej2hyu89","previousEventId":"3cj9cfnhnr2xc0j","operationId":"8i32mapk41922g2","previousOperationId":"g78pgpjugiwqf9s"}
{"type":"log","timestamp":1675619983598,"level":"debug","message":"Executing recipe chrome-pdf","meta":{"rootId":"4yab3k2ie4lq0ew","id":"4yab3k2ie4lq0ew"},"id":"hg7nyx5uvyg6az2","previousOperationId":"8i32mapk41922g2"}
{"type":"log","timestamp":1675619983601,"level":"debug","message":"Converting with chrome HeadlessChrome/105.0.5173.0 using chrome-pool strategy","meta":{"rootId":"4yab3k2ie4lq0ew","id":"4yab3k2ie4lq0ew"},"id":"ahz4sbkqovg1pez","previousOperationId":"8i32mapk41922g2"}
{"type":"log","timestamp":1675619983717,"level":"debug","message":"Page request: GET (document) file:///C:/Users/pollo/AppData/Local/Temp/jsreport/autocleanup/14714b28-e53a-4a5a-89f2-22649957177d-chrome-pdf.html","meta":{"rootId":"4yab3k2ie4lq0ew","id":"4yab3k2ie4lq0ew"},"id":"2l58fw2wornf8ah","previousOperationId":"8i32mapk41922g2"}
{"type":"log","timestamp":1675619983740,"level":"debug","message":"Page request finished: GET (document) 200 file:///C:/Users/pollo/AppData/Local/Temp/jsreport/autocleanup/14714b28-e53a-4a5a-89f2-22649957177d-chrome-pdf.html","meta":{"rootId":"4yab3k2ie4lq0ew","id":"4yab3k2ie4lq0ew"},"id":"kj7hwt4x92kukkc","previousOperationId":"8i32mapk41922g2"}
{"type":"log","timestamp":1675619983741,"level":"debug","message":"Page request: GET (stylesheet) https://cdnjs.cloudflare.com/ajax/libs/metro/4.1.5/css/metro.min.css","meta":{"rootId":"4yab3k2ie4lq0ew","id":"4yab3k2ie4lq0ew"},"id":"3g1jcormbsawfq5","previousOperationId":"8i32mapk41922g2"}
{"type":"log","timestamp":1675619983741,"level":"debug","message":"Page request: GET (script) https://cdnjs.cloudflare.com/ajax/libs/Chart.js/2.7.2/Chart.min.js","meta":{"rootId":"4yab3k2ie4lq0ew","id":"4yab3k2ie4lq0ew"},"id":"mp6azrbmxi7e4a5","previousOperationId":"8i32mapk41922g2"}
{"type":"log","timestamp":1675619983748,"level":"debug","message":"Page request finished: GET (script) 200 https://cdnjs.cloudflare.com/ajax/libs/Chart.js/2.7.2/Chart.min.js","meta":{"rootId":"4yab3k2ie4lq0ew","id":"4yab3k2ie4lq0ew"},"id":"0730zma1gtmy6rw","previousOperationId":"8i32mapk41922g2"}
{"type":"log","timestamp":1675619983767,"level":"debug","message":"Page request finished: GET (stylesheet) 200 https://cdnjs.cloudflare.com/ajax/libs/metro/4.1.5/css/metro.min.css","meta":{"rootId":"4yab3k2ie4lq0ew","id":"4yab3k2ie4lq0ew"},"id":"gj5hglq369mmy0u","previousOperationId":"8i32mapk41922g2"}
{"type":"log","timestamp":1675619983775,"level":"warn","message":"Page error: SyntaxError: Unexpected token '&'","meta":{"rootId":"4yab3k2ie4lq0ew","id":"4yab3k2ie4lq0ew"},"id":"8ywxdpi06ivmyuf","previousOperationId":"8i32mapk41922g2"}
{"type":"log","timestamp":1675619983808,"level":"debug","message":"Running chrome with params {\"printBackground\":true,\"marginTop\":\"4cm\",\"marginRight\":\"1.5cm\",\"marginBottom\":\"1.5cm\",\"marginLeft\":\"1.5cm\",\"waitForJS\":false,\"timeout\":59620,\"margin\":{\"top\":\"4cm\",\"right\":\"1.5cm\",\"bottom\":\"1.5cm\",\"left\":\"1.5cm\"}}","meta":{"rootId":"4yab3k2ie4lq0ew","id":"4yab3k2ie4lq0ew"},"id":"k9ajzdxfyo5pz3y","previousOperationId":"8i32mapk41922g2"}
{"type":"operationEnd","operationId":"8i32mapk41922g2","timestamp":1675619983891,"id":"osvlozzf5c4i9kh","previousEventId":"z664mjlej2hyu89","previousOperationId":"8i32mapk41922g2"}
{"type":"log","timestamp":1675619983891,"level":"info","message":"pdf-utils is starting pdf processing","meta":{"rootId":"4yab3k2ie4lq0ew","id":"4yab3k2ie4lq0ew"},"id":"zhar6v8fh4zfx06","previousOperationId":"8i32mapk41922g2"}
{"type":"operationStart","subtype":"pdfUtils","name":"pdf utils","timestamp":1675619983891,"id":"6hq43akbq3nmhir","previousEventId":"osvlozzf5c4i9kh","operationId":"8e1cr42mwps83b7","previousOperationId":"8i32mapk41922g2"}
{"type":"log","timestamp":1675619983892,"level":"debug","message":"pdf-utils detected 1 pdf operation(s) to process","meta":{"rootId":"4yab3k2ie4lq0ew","id":"4yab3k2ie4lq0ew"},"id":"8gm0xqix20ypy8k","previousOperationId":"8e1cr42mwps83b7"}
{"type":"log","timestamp":1675619983911,"level":"debug","message":"pdf-utils running pdf operation merge","meta":{"rootId":"4yab3k2ie4lq0ew","id":"4yab3k2ie4lq0ew"},"id":"gqgy2dk8972fror","previousOperationId":"8e1cr42mwps83b7"}
{"type":"operationStart","subtype":"pdfUtilsMerge","name":"pdf utils merge","previousOperationId":"8e1cr42mwps83b7","timestamp":1675619983911,"id":"pjmhatmkwd13xjf","previousEventId":"6hq43akbq3nmhir","operationId":"pizeen5zobof6sd"}
{"type":"operationStart","subtype":"render","name":"orders-header","previousOperationId":"pizeen5zobof6sd","timestamp":1675619983912,"id":"es29ew8h8ybbn7l","previousEventId":"pjmhatmkwd13xjf","operationId":"ax8qhh9ta7almq2"}
{"type":"log","timestamp":1675619983912,"level":"info","message":"Starting rendering (child) request","meta":{"rootId":"4yab3k2ie4lq0ew","id":"whnpnewp0t17f1y"},"id":"6ntuswdek1g8sdh","previousOperationId":"ax8qhh9ta7almq2"}
{"type":"log","timestamp":1675619983912,"level":"info","message":"Rendering template { name: orders-header, recipe: chrome-pdf, engine: handlebars, preview: true }","meta":{"rootId":"4yab3k2ie4lq0ew","id":"whnpnewp0t17f1y"},"id":"5hlcsgk9a2qkbx1","previousOperationId":"ax8qhh9ta7almq2"}
{"type":"log","timestamp":1675619983915,"level":"debug","message":"Inline data specified.","meta":{"rootId":"4yab3k2ie4lq0ew","id":"whnpnewp0t17f1y"},"id":"6uwfmqq7v4wpehw","previousOperationId":"ax8qhh9ta7almq2"}
{"type":"log","timestamp":1675619983918,"level":"debug","message":"Base url not specified, skipping its injection.","meta":{"rootId":"4yab3k2ie4lq0ew","id":"whnpnewp0t17f1y"},"id":"alsps7bln2uienn","previousOperationId":"ax8qhh9ta7almq2"}
{"type":"operationStart","subtype":"engine","name":"handlebars","timestamp":1675619983918,"id":"l944xwh5fso32b9","previousEventId":"es29ew8h8ybbn7l","operationId":"3m7mczt691p3rp7","previousOperationId":"ax8qhh9ta7almq2"}
{"type":"log","timestamp":1675619983918,"level":"debug","message":"Rendering engine handlebars","meta":{"rootId":"4yab3k2ie4lq0ew","id":"whnpnewp0t17f1y"},"id":"ndz8ki7evmblms2","previousOperationId":"3m7mczt691p3rp7"}
{"type":"operationEnd","operationId":"3m7mczt691p3rp7","timestamp":1675619983934,"id":"t9t5eu3nu7v6bcm","previousEventId":"l944xwh5fso32b9","previousOperationId":"3m7mczt691p3rp7"}
{"type":"operationStart","subtype":"recipe","name":"chrome-pdf","timestamp":1675619983934,"id":"lqh9m7m6r9l09jd","previousEventId":"t9t5eu3nu7v6bcm","operationId":"it5hlj45210x0q2","previousOperationId":"3m7mczt691p3rp7"}
{"type":"log","timestamp":1675619983934,"level":"debug","message":"Executing recipe chrome-pdf","meta":{"rootId":"4yab3k2ie4lq0ew","id":"whnpnewp0t17f1y"},"id":"9ua8nwojb4nnm06","previousOperationId":"it5hlj45210x0q2"}
{"type":"log","timestamp":1675619983937,"level":"debug","message":"Converting with chrome HeadlessChrome/105.0.5173.0 using chrome-pool strategy","meta":{"rootId":"4yab3k2ie4lq0ew","id":"whnpnewp0t17f1y"},"id":"pqypinhaa71astb","previousOperationId":"it5hlj45210x0q2"}
{"type":"log","timestamp":1675619984051,"level":"debug","message":"Page request: GET (document) file:///C:/Users/pollo/AppData/Local/Temp/jsreport/autocleanup/cbf978ac-b7b9-4609-bf62-a56e5edff1bf-chrome-pdf.html","meta":{"rootId":"4yab3k2ie4lq0ew","id":"whnpnewp0t17f1y"},"id":"ozwny4w7flz51r2","previousOperationId":"it5hlj45210x0q2"}
{"type":"log","timestamp":1675619984062,"level":"debug","message":"Page request finished: GET (document) 200 file:///C:/Users/pollo/AppData/Local/Temp/jsreport/autocleanup/cbf978ac-b7b9-4609-bf62-a56e5edff1bf-chrome-pdf.html","meta":{"rootId":"4yab3k2ie4lq0ew","id":"whnpnewp0t17f1y"},"id":"2884mf8yrhedq54","previousOperationId":"it5hlj45210x0q2"}
{"type":"log","timestamp":1675619984062,"level":"debug","message":"Page request: GET (stylesheet) https://cdnjs.cloudflare.com/ajax/libs/metro/4.1.5/css/metro.min.css","meta":{"rootId":"4yab3k2ie4lq0ew","id":"whnpnewp0t17f1y"},"id":"mwjjx3f3u91b0e6","previousOperationId":"it5hlj45210x0q2"}
{"type":"log","timestamp":1675619984086,"level":"debug","message":"Page request finished: GET (stylesheet) 200 https://cdnjs.cloudflare.com/ajax/libs/metro/4.1.5/css/metro.min.css","meta":{"rootId":"4yab3k2ie4lq0ew","id":"whnpnewp0t17f1y"},"id":"vhpl13qtqyq7bf6","previousOperationId":"it5hlj45210x0q2"}
{"type":"log","timestamp":1675619984110,"level":"debug","message":"Running chrome with params {\"printBackground\":true,\"marginTop\":\"1.5cm\",\"marginRight\":\"1.5cm\",\"marginLeft\":\"1.cm\",\"timeout\":59284,\"margin\":{\"top\":\"1.5cm\",\"right\":\"1.5cm\",\"left\":\"1.cm\"}}","meta":{"rootId":"4yab3k2ie4lq0ew","id":"whnpnewp0t17f1y"},"id":"7tq46k7j2222lo6","previousOperationId":"it5hlj45210x0q2"}
{"type":"operationEnd","operationId":"it5hlj45210x0q2","timestamp":1675619984172,"id":"a040lub9xx5he7x","previousEventId":"lqh9m7m6r9l09jd","previousOperationId":"it5hlj45210x0q2"}
{"type":"log","timestamp":1675619984173,"level":"debug","message":"Skipping storing report.","meta":{"rootId":"4yab3k2ie4lq0ew","id":"whnpnewp0t17f1y"},"id":"o1pqb8543ipcag3","previousOperationId":"it5hlj45210x0q2"}
{"type":"log","timestamp":1675619984173,"level":"info","message":"Rendering (child) request finished in 953 ms","meta":{"rootId":"4yab3k2ie4lq0ew","id":"whnpnewp0t17f1y"},"id":"ey7ea6nit4k65p8","previousOperationId":"it5hlj45210x0q2"}
{"type":"operationEnd","subtype":"render","operationId":"ax8qhh9ta7almq2","timestamp":1675619984173,"id":"ojnrhakdan3fsy2","previousEventId":"a040lub9xx5he7x","previousOperationId":"it5hlj45210x0q2"}
{"type":"operationEnd","operationId":"pizeen5zobof6sd","timestamp":1675619984179,"id":"9ddntu4gxpzk6aj","previousEventId":"pjmhatmkwd13xjf","previousOperationId":"pizeen5zobof6sd"}
{"type":"log","timestamp":1675619984179,"level":"debug","message":"pdf-utils postproces start","meta":{"rootId":"4yab3k2ie4lq0ew","id":"4yab3k2ie4lq0ew"},"id":"l48vlkgbst8kdzc","previousOperationId":"pizeen5zobof6sd"}
{"type":"log","timestamp":1675619984185,"level":"debug","message":"pdf-utils postproces end","meta":{"rootId":"4yab3k2ie4lq0ew","id":"4yab3k2ie4lq0ew"},"id":"8mbzgikhmutsyxi","previousOperationId":"pizeen5zobof6sd"}
{"type":"operationEnd","operationId":"8e1cr42mwps83b7","timestamp":1675619984185,"id":"iheyoyceb0yh1mt","previousEventId":"9ddntu4gxpzk6aj","previousOperationId":"pizeen5zobof6sd"}
{"type":"log","timestamp":1675619984185,"level":"info","message":"pdf-utils pdf processing was finished","meta":{"rootId":"4yab3k2ie4lq0ew","id":"4yab3k2ie4lq0ew"},"id":"wb8jzxpqwik6pfb","previousOperationId":"8e1cr42mwps83b7"}
{"type":"log","timestamp":1675619984185,"level":"debug","message":"Skipping storing report.","meta":{"rootId":"4yab3k2ie4lq0ew","id":"4yab3k2ie4lq0ew"},"id":"u8rojfinod0x026","previousOperationId":"8e1cr42mwps83b7"}
{"type":"log","timestamp":1675619984185,"level":"info","message":"Rendering request 20 finished in 965 ms","meta":{"rootId":"4yab3k2ie4lq0ew","id":"4yab3k2ie4lq0ew"},"id":"gmv00n9dh9iywl6","previousOperationId":"8e1cr42mwps83b7"}
{"type":"operationEnd","subtype":"render","operationId":"9rpwqjuiq1iu1ei","timestamp":1675619984185,"id":"dcebipxutzu56vf","previousEventId":"iheyoyceb0yh1mt","previousOperationId":"8e1cr42mwps83b7"}
{"type":"operationEnd","doDiffs":false,"previousEventId":"v4slo3syv9chrdh","previousOperationId":"np0n9mzupkrl9ie","operationId":"np0n9mzupkrl9ie","timestamp":1675619984192,"id":"0aj047h43m8ubun"}
