{"type":"operationStart","subtype":"profile","data":{"_id":"vtAE2B9ETvl8OXfF","timestamp":"2023-02-05T19:34:08.239Z","state":"queued","mode":"standard","creationDate":"2023-02-05T19:34:08.241Z","modificationDate":"2023-02-05T19:34:08.241Z","shortid":"36TnDax","$entitySet":"profiles"},"doDiffs":false,"timestamp":1675625648240,"id":"zx5ztxrboxw3uvk","previousOperationId":null,"operationId":"6k7619wf9j76p2m"}
{"type":"log","level":"info","message":"Render request 9 queued for execution and waiting for available worker","previousOperationId":"6k7619wf9j76p2m","timestamp":1675625648240,"id":"8ebvw9qsd4rl8p1"}
{"type":"operationStart","subtype":"render","name":"orders-main","previousOperationId":"6k7619wf9j76p2m","timestamp":1675625648252,"id":"329u9tj6dri7sxd","previousEventId":"zx5ztxrboxw3uvk","operationId":"7h2h7dtasi1ky9e"}
{"type":"log","timestamp":1675625648252,"level":"info","message":"Starting rendering request 9","meta":{"rootId":"59ki5bkyc2xejvw","id":"59ki5bkyc2xejvw"},"id":"c4zg1e0d0c3qhlh","previousOperationId":"7h2h7dtasi1ky9e"}
{"type":"log","timestamp":1675625648253,"level":"info","message":"Rendering template { name: orders-main, recipe: chrome-pdf, engine: handlebars, preview: true }","meta":{"rootId":"59ki5bkyc2xejvw","id":"59ki5bkyc2xejvw"},"id":"o888xsoosl9djni","previousOperationId":"7h2h7dtasi1ky9e"}
{"type":"log","timestamp":1675625648254,"level":"debug","message":"Data item not defined for this template.","meta":{"rootId":"59ki5bkyc2xejvw","id":"59ki5bkyc2xejvw"},"id":"gmatkq5ubwtyfaz","previousOperationId":"7h2h7dtasi1ky9e"}
{"type":"log","timestamp":1675625648256,"level":"debug","message":"Executing script orders-script (beforeRender)","meta":{"rootId":"59ki5bkyc2xejvw","id":"59ki5bkyc2xejvw"},"id":"0bfvh49zkyr9mww","previousOperationId":"7h2h7dtasi1ky9e"}
{"type":"operationStart","subtype":"scriptsBeforeRender","name":"scripts beforeRender","timestamp":1675625648294,"id":"15raut4imveanhn","previousEventId":"329u9tj6dri7sxd","operationId":"4omlziocb9n8vw9","previousOperationId":"7h2h7dtasi1ky9e"}
{"type":"operationStart","subtype":"script","name":"scripts orders-script","previousOperationId":"4omlziocb9n8vw9","timestamp":1675625648294,"id":"1z4yigu4u0l2ee1","previousEventId":"15raut4imveanhn","operationId":"383xn3hsp2u8cbv"}
{"type":"log","timestamp":1675625648568,"level":"debug","message":"(console:log) [ 2, 4 ]","meta":{"userLevel":true,"rootId":"59ki5bkyc2xejvw","id":"59ki5bkyc2xejvw"},"id":"253kfucvyig9tty","previousOperationId":"383xn3hsp2u8cbv"}
{"type":"operationEnd","operationId":"383xn3hsp2u8cbv","timestamp":1675625648569,"id":"9koeac8d1crspmj","previousEventId":"329u9tj6dri7sxd","previousOperationId":"7h2h7dtasi1ky9e"}
{"type":"operationEnd","operationId":"4omlziocb9n8vw9","timestamp":1675625648569,"id":"xdwv1i6p1do80j9","previousEventId":"9koeac8d1crspmj","previousOperationId":"7h2h7dtasi1ky9e"}
{"type":"log","timestamp":1675625648569,"level":"debug","message":"Base url not specified, skipping its injection.","meta":{"rootId":"59ki5bkyc2xejvw","id":"59ki5bkyc2xejvw"},"id":"9xzfw9vdz8iwx1n","previousOperationId":"4omlziocb9n8vw9"}
{"type":"operationStart","subtype":"engine","name":"handlebars","timestamp":1675625648569,"id":"rw47o1gisglytay","previousEventId":"xdwv1i6p1do80j9","operationId":"26k38ydvwc5g8tv","previousOperationId":"4omlziocb9n8vw9"}
{"type":"log","timestamp":1675625648569,"level":"debug","message":"Rendering engine handlebars","meta":{"rootId":"59ki5bkyc2xejvw","id":"59ki5bkyc2xejvw"},"id":"aogwu30y5224cpn","previousOperationId":"26k38ydvwc5g8tv"}
{"type":"operationEnd","operationId":"26k38ydvwc5g8tv","timestamp":1675625648582,"id":"labm5pvhnfyeob6","previousEventId":"rw47o1gisglytay","previousOperationId":"26k38ydvwc5g8tv"}
{"type":"operationStart","subtype":"recipe","name":"chrome-pdf","timestamp":1675625648582,"id":"pu81j8m2iapb3hg","previousEventId":"labm5pvhnfyeob6","operationId":"f54ivtyetsh6i5x","previousOperationId":"26k38ydvwc5g8tv"}
{"type":"log","timestamp":1675625648582,"level":"debug","message":"Executing recipe chrome-pdf","meta":{"rootId":"59ki5bkyc2xejvw","id":"59ki5bkyc2xejvw"},"id":"w20qcxrvv5nhcan","previousOperationId":"f54ivtyetsh6i5x"}
{"type":"log","timestamp":1675625648584,"level":"debug","message":"Converting with chrome HeadlessChrome/105.0.5173.0 using chrome-pool strategy","meta":{"rootId":"59ki5bkyc2xejvw","id":"59ki5bkyc2xejvw"},"id":"u53yy46sptkud78","previousOperationId":"f54ivtyetsh6i5x"}
{"type":"log","timestamp":1675625648697,"level":"debug","message":"Page request: GET (document) file:///C:/Users/pollo/AppData/Local/Temp/jsreport/autocleanup/51d23692-eb14-465b-b291-4ccad5a18e17-chrome-pdf.html","meta":{"rootId":"59ki5bkyc2xejvw","id":"59ki5bkyc2xejvw"},"id":"tgniaw75i2m3czi","previousOperationId":"f54ivtyetsh6i5x"}
{"type":"log","timestamp":1675625648720,"level":"debug","message":"Page request finished: GET (document) 200 file:///C:/Users/pollo/AppData/Local/Temp/jsreport/autocleanup/51d23692-eb14-465b-b291-4ccad5a18e17-chrome-pdf.html","meta":{"rootId":"59ki5bkyc2xejvw","id":"59ki5bkyc2xejvw"},"id":"p5u0gv3nzuc3u9s","previousOperationId":"f54ivtyetsh6i5x"}
{"type":"log","timestamp":1675625648720,"level":"debug","message":"Page request: GET (stylesheet) https://cdnjs.cloudflare.com/ajax/libs/metro/4.1.5/css/metro.min.css","meta":{"rootId":"59ki5bkyc2xejvw","id":"59ki5bkyc2xejvw"},"id":"83s098jvig69xsv","previousOperationId":"f54ivtyetsh6i5x"}
{"type":"log","timestamp":1675625648721,"level":"debug","message":"Page request: GET (script) https://cdn.jsdelivr.net/npm/chart.js","meta":{"rootId":"59ki5bkyc2xejvw","id":"59ki5bkyc2xejvw"},"id":"57xae739qv03bud","previousOperationId":"f54ivtyetsh6i5x"}
{"type":"log","timestamp":1675625648727,"level":"debug","message":"Page request finished: GET (script) 200 https://cdn.jsdelivr.net/npm/chart.js","meta":{"rootId":"59ki5bkyc2xejvw","id":"59ki5bkyc2xejvw"},"id":"6d1g2qbf6vc2730","previousOperationId":"f54ivtyetsh6i5x"}
{"type":"log","timestamp":1675625648743,"level":"debug","message":"Page request finished: GET (stylesheet) 200 https://cdnjs.cloudflare.com/ajax/libs/metro/4.1.5/css/metro.min.css","meta":{"rootId":"59ki5bkyc2xejvw","id":"59ki5bkyc2xejvw"},"id":"ntos07ep1d8cv1y","previousOperationId":"f54ivtyetsh6i5x"}
{"type":"log","timestamp":1675625648836,"level":"debug","message":"Running chrome with params {\"printBackground\":true,\"marginTop\":\"4cm\",\"marginRight\":\"1.5cm\",\"marginBottom\":\"1.5cm\",\"marginLeft\":\"1.5cm\",\"waitForJS\":false,\"timeout\":59655,\"margin\":{\"top\":\"4cm\",\"right\":\"1.5cm\",\"bottom\":\"1.5cm\",\"left\":\"1.5cm\"}}","meta":{"rootId":"59ki5bkyc2xejvw","id":"59ki5bkyc2xejvw"},"id":"u68wbjrsh711nkn","previousOperationId":"f54ivtyetsh6i5x"}
{"type":"operationEnd","operationId":"f54ivtyetsh6i5x","timestamp":1675625648917,"id":"ice3ba1s5teo4r7","previousEventId":"pu81j8m2iapb3hg","previousOperationId":"f54ivtyetsh6i5x"}
{"type":"log","timestamp":1675625648917,"level":"info","message":"pdf-utils is starting pdf processing","meta":{"rootId":"59ki5bkyc2xejvw","id":"59ki5bkyc2xejvw"},"id":"7d76hjk8vp0k4nl","previousOperationId":"f54ivtyetsh6i5x"}
{"type":"operationStart","subtype":"pdfUtils","name":"pdf utils","timestamp":1675625648917,"id":"t10qlwgos1jjqhr","previousEventId":"ice3ba1s5teo4r7","operationId":"6cmrxf0hdgfuwui","previousOperationId":"f54ivtyetsh6i5x"}
{"type":"log","timestamp":1675625648917,"level":"debug","message":"pdf-utils detected 1 pdf operation(s) to process","meta":{"rootId":"59ki5bkyc2xejvw","id":"59ki5bkyc2xejvw"},"id":"ts2fxsojg61wkyg","previousOperationId":"6cmrxf0hdgfuwui"}
{"type":"log","timestamp":1675625648930,"level":"debug","message":"pdf-utils running pdf operation merge","meta":{"rootId":"59ki5bkyc2xejvw","id":"59ki5bkyc2xejvw"},"id":"2a3mkcv83v5cleb","previousOperationId":"6cmrxf0hdgfuwui"}
{"type":"operationStart","subtype":"pdfUtilsMerge","name":"pdf utils merge","previousOperationId":"6cmrxf0hdgfuwui","timestamp":1675625648930,"id":"1vip31oqo7w9hmk","previousEventId":"t10qlwgos1jjqhr","operationId":"52otgwald7joqty"}
{"type":"operationStart","subtype":"render","name":"orders-header","previousOperationId":"52otgwald7joqty","timestamp":1675625648931,"id":"a9mk1ydiwumyr7b","previousEventId":"1vip31oqo7w9hmk","operationId":"8vs9nc3iyahbkkf"}
{"type":"log","timestamp":1675625648931,"level":"info","message":"Starting rendering (child) request","meta":{"rootId":"59ki5bkyc2xejvw","id":"qr9h2mrkm7nc4hu"},"id":"r37tltll31j91ch","previousOperationId":"8vs9nc3iyahbkkf"}
{"type":"log","timestamp":1675625648931,"level":"info","message":"Rendering template { name: orders-header, recipe: chrome-pdf, engine: handlebars, preview: true }","meta":{"rootId":"59ki5bkyc2xejvw","id":"qr9h2mrkm7nc4hu"},"id":"8xiait7aqvhvour","previousOperationId":"8vs9nc3iyahbkkf"}
{"type":"log","timestamp":1675625648933,"level":"debug","message":"Inline data specified.","meta":{"rootId":"59ki5bkyc2xejvw","id":"qr9h2mrkm7nc4hu"},"id":"bmzgnhyy8nqpcdi","previousOperationId":"8vs9nc3iyahbkkf"}
{"type":"log","timestamp":1675625648935,"level":"debug","message":"Base url not specified, skipping its injection.","meta":{"rootId":"59ki5bkyc2xejvw","id":"qr9h2mrkm7nc4hu"},"id":"imbv7sy500nheao","previousOperationId":"8vs9nc3iyahbkkf"}
{"type":"operationStart","subtype":"engine","name":"handlebars","timestamp":1675625648936,"id":"gknx5jmu6vzdsu6","previousEventId":"a9mk1ydiwumyr7b","operationId":"52ji4v45co74yw8","previousOperationId":"8vs9nc3iyahbkkf"}
{"type":"log","timestamp":1675625648936,"level":"debug","message":"Rendering engine handlebars","meta":{"rootId":"59ki5bkyc2xejvw","id":"qr9h2mrkm7nc4hu"},"id":"q8ooav6283udryp","previousOperationId":"52ji4v45co74yw8"}
{"type":"operationEnd","operationId":"52ji4v45co74yw8","timestamp":1675625648953,"id":"1d51cci8hn69ui5","previousEventId":"gknx5jmu6vzdsu6","previousOperationId":"52ji4v45co74yw8"}
{"type":"operationStart","subtype":"recipe","name":"chrome-pdf","timestamp":1675625648953,"id":"15z2iu2fyv012g7","previousEventId":"1d51cci8hn69ui5","operationId":"5txc8vh6e3q3ztt","previousOperationId":"52ji4v45co74yw8"}
{"type":"log","timestamp":1675625648953,"level":"debug","message":"Executing recipe chrome-pdf","meta":{"rootId":"59ki5bkyc2xejvw","id":"qr9h2mrkm7nc4hu"},"id":"mm2rci2tswdwmyi","previousOperationId":"5txc8vh6e3q3ztt"}
{"type":"log","timestamp":1675625648956,"level":"debug","message":"Converting with chrome HeadlessChrome/105.0.5173.0 using chrome-pool strategy","meta":{"rootId":"59ki5bkyc2xejvw","id":"qr9h2mrkm7nc4hu"},"id":"fv6ogoea98henmh","previousOperationId":"5txc8vh6e3q3ztt"}
{"type":"log","timestamp":1675625649055,"level":"debug","message":"Page request: GET (document) file:///C:/Users/pollo/AppData/Local/Temp/jsreport/autocleanup/cab4b18d-3dde-400f-80a1-1ee6643bb6ce-chrome-pdf.html","meta":{"rootId":"59ki5bkyc2xejvw","id":"qr9h2mrkm7nc4hu"},"id":"lz63o5lqe2un4wg","previousOperationId":"5txc8vh6e3q3ztt"}
{"type":"log","timestamp":1675625649064,"level":"debug","message":"Page request finished: GET (document) 200 file:///C:/Users/pollo/AppData/Local/Temp/jsreport/autocleanup/cab4b18d-3dde-400f-80a1-1ee6643bb6ce-chrome-pdf.html","meta":{"rootId":"59ki5bkyc2xejvw","id":"qr9h2mrkm7nc4hu"},"id":"8oaiybhqtzda6q6","previousOperationId":"5txc8vh6e3q3ztt"}
{"type":"log","timestamp":1675625649064,"level":"debug","message":"Page request: GET (stylesheet) https://cdnjs.cloudflare.com/ajax/libs/metro/4.1.5/css/metro.min.css","meta":{"rootId":"59ki5bkyc2xejvw","id":"qr9h2mrkm7nc4hu"},"id":"gzwl7ais0lo5gaj","previousOperationId":"5txc8vh6e3q3ztt"}
{"type":"log","timestamp":1675625649086,"level":"debug","message":"Page request finished: GET (stylesheet) 200 https://cdnjs.cloudflare.com/ajax/libs/metro/4.1.5/css/metro.min.css","meta":{"rootId":"59ki5bkyc2xejvw","id":"qr9h2mrkm7nc4hu"},"id":"xtz08p5su5eiskp","previousOperationId":"5txc8vh6e3q3ztt"}
{"type":"log","timestamp":1675625649110,"level":"debug","message":"Running chrome with params {\"printBackground\":true,\"marginTop\":\"1.5cm\",\"marginRight\":\"1.5cm\",\"marginLeft\":\"1.cm\",\"timeout\":59284,\"margin\":{\"top\":\"1.5cm\",\"right\":\"1.5cm\",\"left\":\"1.cm\"}}","meta":{"rootId":"59ki5bkyc2xejvw","id":"qr9h2mrkm7nc4hu"},"id":"88fg6o87d1ikdi0","previousOperationId":"5txc8vh6e3q3ztt"}
{"type":"operationEnd","operationId":"5txc8vh6e3q3ztt","timestamp":1675625649166,"id":"oxjlcmz0zpb896a","previousEventId":"15z2iu2fyv012g7","previousOperationId":"5txc8vh6e3q3ztt"}
{"type":"log","timestamp":1675625649166,"level":"debug","message":"Skipping storing report.","meta":{"rootId":"59ki5bkyc2xejvw","id":"qr9h2mrkm7nc4hu"},"id":"eol4j8goxamxvvk","previousOperationId":"5txc8vh6e3q3ztt"}
{"type":"log","timestamp":1675625649166,"level":"info","message":"Rendering (child) request finished in 927 ms","meta":{"rootId":"59ki5bkyc2xejvw","id":"qr9h2mrkm7nc4hu"},"id":"nuftp1be9xmkpn1","previousOperationId":"5txc8vh6e3q3ztt"}
{"type":"operationEnd","subtype":"render","operationId":"8vs9nc3iyahbkkf","timestamp":1675625649166,"id":"dq0koqkcgrh0p52","previousEventId":"oxjlcmz0zpb896a","previousOperationId":"5txc8vh6e3q3ztt"}
{"type":"operationEnd","operationId":"52otgwald7joqty","timestamp":1675625649172,"id":"p8e6ewfj1utolj1","previousEventId":"1vip31oqo7w9hmk","previousOperationId":"52otgwald7joqty"}
{"type":"log","timestamp":1675625649172,"level":"debug","message":"pdf-utils postproces start","meta":{"rootId":"59ki5bkyc2xejvw","id":"59ki5bkyc2xejvw"},"id":"c4f1x5ne0lf52qq","previousOperationId":"52otgwald7joqty"}
{"type":"log","timestamp":1675625649179,"level":"debug","message":"pdf-utils postproces end","meta":{"rootId":"59ki5bkyc2xejvw","id":"59ki5bkyc2xejvw"},"id":"99zxgpfl33kmnxw","previousOperationId":"52otgwald7joqty"}
{"type":"operationEnd","operationId":"6cmrxf0hdgfuwui","timestamp":1675625649179,"id":"r86we0rud7dba4g","previousEventId":"p8e6ewfj1utolj1","previousOperationId":"52otgwald7joqty"}
{"type":"log","timestamp":1675625649179,"level":"info","message":"pdf-utils pdf processing was finished","meta":{"rootId":"59ki5bkyc2xejvw","id":"59ki5bkyc2xejvw"},"id":"dvyrc4yjub9o5py","previousOperationId":"6cmrxf0hdgfuwui"}
{"type":"log","timestamp":1675625649179,"level":"debug","message":"Skipping storing report.","meta":{"rootId":"59ki5bkyc2xejvw","id":"59ki5bkyc2xejvw"},"id":"lq4y2qptzrv0u2h","previousOperationId":"6cmrxf0hdgfuwui"}
{"type":"log","timestamp":1675625649179,"level":"info","message":"Rendering request 9 finished in 940 ms","meta":{"rootId":"59ki5bkyc2xejvw","id":"59ki5bkyc2xejvw"},"id":"6kj2frnjzm1g94j","previousOperationId":"6cmrxf0hdgfuwui"}
{"type":"operationEnd","subtype":"render","operationId":"7h2h7dtasi1ky9e","timestamp":1675625649179,"id":"bgoq5i2tt0ehozk","previousEventId":"r86we0rud7dba4g","previousOperationId":"6cmrxf0hdgfuwui"}
{"type":"operationEnd","doDiffs":false,"previousEventId":"zx5ztxrboxw3uvk","previousOperationId":"6k7619wf9j76p2m","operationId":"6k7619wf9j76p2m","timestamp":1675625649188,"id":"7rul4gbgulqvv5p"}
