{"type":"operationStart","subtype":"profile","data":{"_id":"RpySGz4Lww8VKgyF","timestamp":"2023-02-03T18:51:36.846Z","state":"queued","mode":"standard","creationDate":"2023-02-03T18:51:36.849Z","modificationDate":"2023-02-03T18:51:36.849Z","shortid":"M6E0SFj","$entitySet":"profiles"},"doDiffs":false,"timestamp":1675450296848,"id":"o8psutyjl615gie","previousOperationId":null,"operationId":"49lfuvtog848hg8"}
{"type":"log","level":"info","message":"Render request 18 queued for execution and waiting for available worker","previousOperationId":"49lfuvtog848hg8","timestamp":1675450296848,"id":"lkqt06xkrhffv3k"}
{"type":"operationStart","subtype":"render","name":"orders-main","previousOperationId":"49lfuvtog848hg8","timestamp":1675450296862,"id":"ita94cgj6f8vtmq","previousEventId":"o8psutyjl615gie","operationId":"i16hlojpa8yg0d9"}
{"type":"log","timestamp":1675450296863,"level":"info","message":"Starting rendering request 18","meta":{"rootId":"5cl01kw15g6aavz","id":"5cl01kw15g6aavz"},"id":"vul88lcf9b6aivy","previousOperationId":"i16hlojpa8yg0d9"}
{"type":"log","timestamp":1675450296863,"level":"info","message":"Rendering template { name: orders-main, recipe: chrome-pdf, engine: handlebars, preview: true }","meta":{"rootId":"5cl01kw15g6aavz","id":"5cl01kw15g6aavz"},"id":"21ekmid3xp15m7d","previousOperationId":"i16hlojpa8yg0d9"}
{"type":"log","timestamp":1675450296864,"level":"debug","message":"Data item not defined for this template.","meta":{"rootId":"5cl01kw15g6aavz","id":"5cl01kw15g6aavz"},"id":"weh9qg8kzc6z2fb","previousOperationId":"i16hlojpa8yg0d9"}
{"type":"log","timestamp":1675450296870,"level":"debug","message":"Executing script orders-script (beforeRender)","meta":{"rootId":"5cl01kw15g6aavz","id":"5cl01kw15g6aavz"},"id":"ok9mmcr2xaooij3","previousOperationId":"i16hlojpa8yg0d9"}
{"type":"operationStart","subtype":"scriptsBeforeRender","name":"scripts beforeRender","timestamp":1675450296902,"id":"5o5saygqck7rw7l","previousEventId":"ita94cgj6f8vtmq","operationId":"kby2o6tah9b69v8","previousOperationId":"i16hlojpa8yg0d9"}
{"type":"operationStart","subtype":"script","name":"scripts orders-script","previousOperationId":"kby2o6tah9b69v8","timestamp":1675450296902,"id":"xtgfgi0g2qm04u1","previousEventId":"5o5saygqck7rw7l","operationId":"94bswbz9ciq4l45"}
{"type":"log","timestamp":1675450297152,"level":"debug","message":"(console:log) {\n  data: [\n    {\n      id: 1,\n      name: 'Antonio',\n      description: 'Aclamado director de la Orquesta Filarmónica de Gran Canaria'\n    },\n    {\n      id: 3,\n      name: 'Juana de Armas',\n      description: 'Aclamada directora de la Orquesta Filarmónica de Gran Canaria'\n    }\n  ]\n}","meta":{"userLevel":true,"rootId":"5cl01kw15g6aavz","id":"5cl01kw15g6aavz"},"id":"s90925khk8d3ve6","previousOperationId":"94bswbz9ciq4l45"}
{"type":"operationEnd","operationId":"94bswbz9ciq4l45","timestamp":1675450297152,"id":"vd3c5re7ds9n3be","previousEventId":"ita94cgj6f8vtmq","previousOperationId":"i16hlojpa8yg0d9"}
{"type":"operationEnd","operationId":"kby2o6tah9b69v8","timestamp":1675450297152,"id":"qsnj3jaa23a5grv","previousEventId":"vd3c5re7ds9n3be","previousOperationId":"i16hlojpa8yg0d9"}
{"type":"log","timestamp":1675450297152,"level":"debug","message":"Base url not specified, skipping its injection.","meta":{"rootId":"5cl01kw15g6aavz","id":"5cl01kw15g6aavz"},"id":"gpj5qtrep64qz45","previousOperationId":"kby2o6tah9b69v8"}
{"type":"operationStart","subtype":"engine","name":"handlebars","timestamp":1675450297152,"id":"vl0jm5z4qiur6lg","previousEventId":"qsnj3jaa23a5grv","operationId":"8021xmms7r1ftha","previousOperationId":"kby2o6tah9b69v8"}
{"type":"log","timestamp":1675450297152,"level":"debug","message":"Rendering engine handlebars","meta":{"rootId":"5cl01kw15g6aavz","id":"5cl01kw15g6aavz"},"id":"etuna9cgx6v1gx0","previousOperationId":"8021xmms7r1ftha"}
{"type":"operationEnd","operationId":"8021xmms7r1ftha","timestamp":1675450297166,"id":"ld7t8dfxitbtyim","previousEventId":"vl0jm5z4qiur6lg","previousOperationId":"8021xmms7r1ftha"}
{"type":"operationStart","subtype":"recipe","name":"chrome-pdf","timestamp":1675450297166,"id":"4z4dbfizwmrj6w8","previousEventId":"ld7t8dfxitbtyim","operationId":"bdobpbrdj9pk2x8","previousOperationId":"8021xmms7r1ftha"}
{"type":"log","timestamp":1675450297166,"level":"debug","message":"Executing recipe chrome-pdf","meta":{"rootId":"5cl01kw15g6aavz","id":"5cl01kw15g6aavz"},"id":"c7973g7ilv2zn87","previousOperationId":"bdobpbrdj9pk2x8"}
{"type":"log","timestamp":1675450297169,"level":"debug","message":"Converting with chrome HeadlessChrome/105.0.5173.0 using chrome-pool strategy","meta":{"rootId":"5cl01kw15g6aavz","id":"5cl01kw15g6aavz"},"id":"jugn30xahp7huv9","previousOperationId":"bdobpbrdj9pk2x8"}
{"type":"log","timestamp":1675450297268,"level":"debug","message":"Page request: GET (document) file:///C:/Users/pollo/AppData/Local/Temp/jsreport/autocleanup/469bcb62-aee3-488e-a57b-21ed9051a98c-chrome-pdf.html","meta":{"rootId":"5cl01kw15g6aavz","id":"5cl01kw15g6aavz"},"id":"v8uimbgfxrmw2s7","previousOperationId":"bdobpbrdj9pk2x8"}
{"type":"log","timestamp":1675450297283,"level":"debug","message":"Page request finished: GET (document) 200 file:///C:/Users/pollo/AppData/Local/Temp/jsreport/autocleanup/469bcb62-aee3-488e-a57b-21ed9051a98c-chrome-pdf.html","meta":{"rootId":"5cl01kw15g6aavz","id":"5cl01kw15g6aavz"},"id":"mfjc8ltxi1wl068","previousOperationId":"bdobpbrdj9pk2x8"}
{"type":"log","timestamp":1675450297283,"level":"debug","message":"Page request: GET (stylesheet) https://cdnjs.cloudflare.com/ajax/libs/metro/4.1.5/css/metro.min.css","meta":{"rootId":"5cl01kw15g6aavz","id":"5cl01kw15g6aavz"},"id":"p3fzoiefx20ifmq","previousOperationId":"bdobpbrdj9pk2x8"}
{"type":"log","timestamp":1675450297283,"level":"debug","message":"Page request: GET (script) https://cdnjs.cloudflare.com/ajax/libs/Chart.js/2.7.2/Chart.min.js","meta":{"rootId":"5cl01kw15g6aavz","id":"5cl01kw15g6aavz"},"id":"x1kgh03el1i7r4t","previousOperationId":"bdobpbrdj9pk2x8"}
{"type":"log","timestamp":1675450297289,"level":"debug","message":"Page request finished: GET (script) 200 https://cdnjs.cloudflare.com/ajax/libs/Chart.js/2.7.2/Chart.min.js","meta":{"rootId":"5cl01kw15g6aavz","id":"5cl01kw15g6aavz"},"id":"zxydx7c1f4lkcyz","previousOperationId":"bdobpbrdj9pk2x8"}
{"type":"log","timestamp":1675450297305,"level":"debug","message":"Page request finished: GET (stylesheet) 200 https://cdnjs.cloudflare.com/ajax/libs/metro/4.1.5/css/metro.min.css","meta":{"rootId":"5cl01kw15g6aavz","id":"5cl01kw15g6aavz"},"id":"o7ycbusgv1c0dmy","previousOperationId":"bdobpbrdj9pk2x8"}
{"type":"log","timestamp":1675450297337,"level":"debug","message":"Running chrome with params {\"printBackground\":true,\"marginTop\":\"4cm\",\"marginRight\":\"1.5cm\",\"marginBottom\":\"1.5cm\",\"marginLeft\":\"1.5cm\",\"waitForJS\":false,\"timeout\":59678,\"margin\":{\"top\":\"4cm\",\"right\":\"1.5cm\",\"bottom\":\"1.5cm\",\"left\":\"1.5cm\"}}","meta":{"rootId":"5cl01kw15g6aavz","id":"5cl01kw15g6aavz"},"id":"7jvbciaiq4lex7h","previousOperationId":"bdobpbrdj9pk2x8"}
{"type":"operationEnd","operationId":"bdobpbrdj9pk2x8","timestamp":1675450297411,"id":"lv6p9dsel5c1aqs","previousEventId":"4z4dbfizwmrj6w8","previousOperationId":"bdobpbrdj9pk2x8"}
{"type":"log","timestamp":1675450297411,"level":"info","message":"pdf-utils is starting pdf processing","meta":{"rootId":"5cl01kw15g6aavz","id":"5cl01kw15g6aavz"},"id":"vsvvlsk1xgviqvf","previousOperationId":"bdobpbrdj9pk2x8"}
{"type":"operationStart","subtype":"pdfUtils","name":"pdf utils","timestamp":1675450297411,"id":"tofg8qrci9qailk","previousEventId":"lv6p9dsel5c1aqs","operationId":"5rvt390qxrmf3lh","previousOperationId":"bdobpbrdj9pk2x8"}
{"type":"log","timestamp":1675450297411,"level":"debug","message":"pdf-utils detected 1 pdf operation(s) to process","meta":{"rootId":"5cl01kw15g6aavz","id":"5cl01kw15g6aavz"},"id":"p8eimgcwc2486gp","previousOperationId":"5rvt390qxrmf3lh"}
{"type":"log","timestamp":1675450297427,"level":"debug","message":"pdf-utils running pdf operation merge","meta":{"rootId":"5cl01kw15g6aavz","id":"5cl01kw15g6aavz"},"id":"yfbgt34zpyw0b0m","previousOperationId":"5rvt390qxrmf3lh"}
{"type":"operationStart","subtype":"pdfUtilsMerge","name":"pdf utils merge","previousOperationId":"5rvt390qxrmf3lh","timestamp":1675450297427,"id":"6r2l7hhvyn0kbr3","previousEventId":"tofg8qrci9qailk","operationId":"bi7v9pxjkzzia4p"}
{"type":"operationStart","subtype":"render","name":"orders-header","previousOperationId":"bi7v9pxjkzzia4p","timestamp":1675450297428,"id":"cxdxl1ecgxcues9","previousEventId":"6r2l7hhvyn0kbr3","operationId":"aqgrwpa36y0ao8u"}
{"type":"log","timestamp":1675450297428,"level":"info","message":"Starting rendering (child) request","meta":{"rootId":"5cl01kw15g6aavz","id":"kl6pl3umy2b2og4"},"id":"1pogr0l4r89b5e7","previousOperationId":"aqgrwpa36y0ao8u"}
{"type":"log","timestamp":1675450297428,"level":"info","message":"Rendering template { name: orders-header, recipe: chrome-pdf, engine: handlebars, preview: true }","meta":{"rootId":"5cl01kw15g6aavz","id":"kl6pl3umy2b2og4"},"id":"t65g4pda76xpw7d","previousOperationId":"aqgrwpa36y0ao8u"}
{"type":"log","timestamp":1675450297429,"level":"debug","message":"Inline data specified.","meta":{"rootId":"5cl01kw15g6aavz","id":"kl6pl3umy2b2og4"},"id":"8nefw53uknxocc5","previousOperationId":"aqgrwpa36y0ao8u"}
{"type":"log","timestamp":1675450297431,"level":"debug","message":"Base url not specified, skipping its injection.","meta":{"rootId":"5cl01kw15g6aavz","id":"kl6pl3umy2b2og4"},"id":"8l5piw59lk1w4i5","previousOperationId":"aqgrwpa36y0ao8u"}
{"type":"operationStart","subtype":"engine","name":"handlebars","timestamp":1675450297432,"id":"59yy01zyvjvzpp1","previousEventId":"cxdxl1ecgxcues9","operationId":"9reqx9j0rddx8es","previousOperationId":"aqgrwpa36y0ao8u"}
{"type":"log","timestamp":1675450297432,"level":"debug","message":"Rendering engine handlebars","meta":{"rootId":"5cl01kw15g6aavz","id":"kl6pl3umy2b2og4"},"id":"s2vl7qa677sogls","previousOperationId":"9reqx9j0rddx8es"}
{"type":"operationEnd","operationId":"9reqx9j0rddx8es","timestamp":1675450297446,"id":"ho5y2dnoc40akfx","previousEventId":"59yy01zyvjvzpp1","previousOperationId":"9reqx9j0rddx8es"}
{"type":"operationStart","subtype":"recipe","name":"chrome-pdf","timestamp":1675450297447,"id":"v8md0oi2caalfqv","previousEventId":"ho5y2dnoc40akfx","operationId":"tw0k22nof7eihwe","previousOperationId":"9reqx9j0rddx8es"}
{"type":"log","timestamp":1675450297447,"level":"debug","message":"Executing recipe chrome-pdf","meta":{"rootId":"5cl01kw15g6aavz","id":"kl6pl3umy2b2og4"},"id":"p9j2ctary10it5x","previousOperationId":"tw0k22nof7eihwe"}
{"type":"log","timestamp":1675450297449,"level":"debug","message":"Converting with chrome HeadlessChrome/105.0.5173.0 using chrome-pool strategy","meta":{"rootId":"5cl01kw15g6aavz","id":"kl6pl3umy2b2og4"},"id":"hzwrlfblclqv34n","previousOperationId":"tw0k22nof7eihwe"}
{"type":"log","timestamp":1675450297547,"level":"debug","message":"Page request: GET (document) file:///C:/Users/pollo/AppData/Local/Temp/jsreport/autocleanup/6195e088-eaaf-48de-afbb-ea79f37878fc-chrome-pdf.html","meta":{"rootId":"5cl01kw15g6aavz","id":"kl6pl3umy2b2og4"},"id":"dkgdi3penuq051m","previousOperationId":"tw0k22nof7eihwe"}
{"type":"log","timestamp":1675450297556,"level":"debug","message":"Page request finished: GET (document) 200 file:///C:/Users/pollo/AppData/Local/Temp/jsreport/autocleanup/6195e088-eaaf-48de-afbb-ea79f37878fc-chrome-pdf.html","meta":{"rootId":"5cl01kw15g6aavz","id":"kl6pl3umy2b2og4"},"id":"5uxjurbrqm278ut","previousOperationId":"tw0k22nof7eihwe"}
{"type":"log","timestamp":1675450297556,"level":"debug","message":"Page request: GET (stylesheet) https://cdnjs.cloudflare.com/ajax/libs/metro/4.1.5/css/metro.min.css","meta":{"rootId":"5cl01kw15g6aavz","id":"kl6pl3umy2b2og4"},"id":"9iqqsk6vbj0vdqv","previousOperationId":"tw0k22nof7eihwe"}
{"type":"log","timestamp":1675450297577,"level":"debug","message":"Page request finished: GET (stylesheet) 200 https://cdnjs.cloudflare.com/ajax/libs/metro/4.1.5/css/metro.min.css","meta":{"rootId":"5cl01kw15g6aavz","id":"kl6pl3umy2b2og4"},"id":"9mta7jda7qwafy6","previousOperationId":"tw0k22nof7eihwe"}
{"type":"log","timestamp":1675450297598,"level":"debug","message":"Running chrome with params {\"printBackground\":true,\"marginTop\":\"1.5cm\",\"marginRight\":\"1.5cm\",\"marginLeft\":\"1.cm\",\"timeout\":59398,\"margin\":{\"top\":\"1.5cm\",\"right\":\"1.5cm\",\"left\":\"1.cm\"}}","meta":{"rootId":"5cl01kw15g6aavz","id":"kl6pl3umy2b2og4"},"id":"mmspilya0fvy82v","previousOperationId":"tw0k22nof7eihwe"}
{"type":"operationEnd","operationId":"tw0k22nof7eihwe","timestamp":1675450297654,"id":"tjgfthj8u58musa","previousEventId":"v8md0oi2caalfqv","previousOperationId":"tw0k22nof7eihwe"}
{"type":"log","timestamp":1675450297654,"level":"debug","message":"Skipping storing report.","meta":{"rootId":"5cl01kw15g6aavz","id":"kl6pl3umy2b2og4"},"id":"rsfc6k4idizboqk","previousOperationId":"tw0k22nof7eihwe"}
{"type":"log","timestamp":1675450297654,"level":"info","message":"Rendering (child) request finished in 808 ms","meta":{"rootId":"5cl01kw15g6aavz","id":"kl6pl3umy2b2og4"},"id":"868u57x0uyu6ytp","previousOperationId":"tw0k22nof7eihwe"}
{"type":"operationEnd","subtype":"render","operationId":"aqgrwpa36y0ao8u","timestamp":1675450297654,"id":"jljgfb0x33db62n","previousEventId":"tjgfthj8u58musa","previousOperationId":"tw0k22nof7eihwe"}
{"type":"operationEnd","operationId":"bi7v9pxjkzzia4p","timestamp":1675450297663,"id":"25kmsw4gptcwpna","previousEventId":"6r2l7hhvyn0kbr3","previousOperationId":"bi7v9pxjkzzia4p"}
{"type":"log","timestamp":1675450297663,"level":"debug","message":"pdf-utils postproces start","meta":{"rootId":"5cl01kw15g6aavz","id":"5cl01kw15g6aavz"},"id":"avlrec2tnpct3zb","previousOperationId":"bi7v9pxjkzzia4p"}
{"type":"log","timestamp":1675450297669,"level":"debug","message":"pdf-utils postproces end","meta":{"rootId":"5cl01kw15g6aavz","id":"5cl01kw15g6aavz"},"id":"ldi6ceh6ia7sdl6","previousOperationId":"bi7v9pxjkzzia4p"}
{"type":"operationEnd","operationId":"5rvt390qxrmf3lh","timestamp":1675450297669,"id":"ibfvhizrl8sn5qz","previousEventId":"25kmsw4gptcwpna","previousOperationId":"bi7v9pxjkzzia4p"}
{"type":"log","timestamp":1675450297669,"level":"info","message":"pdf-utils pdf processing was finished","meta":{"rootId":"5cl01kw15g6aavz","id":"5cl01kw15g6aavz"},"id":"u67055bb90f3qeu","previousOperationId":"5rvt390qxrmf3lh"}
{"type":"log","timestamp":1675450297669,"level":"debug","message":"Skipping storing report.","meta":{"rootId":"5cl01kw15g6aavz","id":"5cl01kw15g6aavz"},"id":"im52mprmo5kxoia","previousOperationId":"5rvt390qxrmf3lh"}
{"type":"log","timestamp":1675450297669,"level":"info","message":"Rendering request 18 finished in 823 ms","meta":{"rootId":"5cl01kw15g6aavz","id":"5cl01kw15g6aavz"},"id":"tfw49k4831tuyxv","previousOperationId":"5rvt390qxrmf3lh"}
{"type":"operationEnd","subtype":"render","operationId":"i16hlojpa8yg0d9","timestamp":1675450297669,"id":"z7qa0fh3i9vhzsu","previousEventId":"ibfvhizrl8sn5qz","previousOperationId":"5rvt390qxrmf3lh"}
{"type":"operationEnd","doDiffs":false,"previousEventId":"o8psutyjl615gie","previousOperationId":"49lfuvtog848hg8","operationId":"49lfuvtog848hg8","timestamp":1675450297678,"id":"cgn4ilxmk2aeogr"}
