{"type":"operationStart","subtype":"profile","data":{"_id":"O6xUh8rgyY0IxfTo","timestamp":"2023-02-01T17:08:34.510Z","state":"queued","mode":"standard","creationDate":"2023-02-01T17:08:34.512Z","modificationDate":"2023-02-01T17:08:34.512Z","shortid":"LqpqElh","$entitySet":"profiles"},"doDiffs":false,"timestamp":1675271314511,"id":"llonryn7ctp6n9c","previousOperationId":null,"operationId":"73rz2ukj27qqt49"}
{"type":"log","level":"info","message":"Render request 7 queued for execution and waiting for available worker","previousOperationId":"73rz2ukj27qqt49","timestamp":1675271314511,"id":"usksta55mz3d8iz"}
{"type":"operationStart","subtype":"render","name":"orders-main","previousOperationId":"73rz2ukj27qqt49","timestamp":1675271314522,"id":"molsrhds5in3tdd","previousEventId":"llonryn7ctp6n9c","operationId":"hl6svv675qagnkj"}
{"type":"log","timestamp":1675271314522,"level":"info","message":"Starting rendering request 7","meta":{"rootId":"5ogpf0bx2jhmiof","id":"5ogpf0bx2jhmiof"},"id":"vbxfdzm9shfez25","previousOperationId":"hl6svv675qagnkj"}
{"type":"log","timestamp":1675271314522,"level":"info","message":"Rendering template { name: orders-main, recipe: chrome-pdf, engine: handlebars, preview: true }","meta":{"rootId":"5ogpf0bx2jhmiof","id":"5ogpf0bx2jhmiof"},"id":"20gj38fdgn6ul3k","previousOperationId":"hl6svv675qagnkj"}
{"type":"log","timestamp":1675271314523,"level":"debug","message":"Data item not defined for this template.","meta":{"rootId":"5ogpf0bx2jhmiof","id":"5ogpf0bx2jhmiof"},"id":"gur59ggs14uydga","previousOperationId":"hl6svv675qagnkj"}
{"type":"log","timestamp":1675271314526,"level":"debug","message":"Executing script orders-script (beforeRender)","meta":{"rootId":"5ogpf0bx2jhmiof","id":"5ogpf0bx2jhmiof"},"id":"u406vzft5969z7d","previousOperationId":"hl6svv675qagnkj"}
{"type":"operationStart","subtype":"scriptsBeforeRender","name":"scripts beforeRender","timestamp":1675271314563,"id":"x3c9ug6ms5ly73l","previousEventId":"molsrhds5in3tdd","operationId":"ahvoz49ed7p7vlq","previousOperationId":"hl6svv675qagnkj"}
{"type":"operationStart","subtype":"script","name":"scripts orders-script","previousOperationId":"ahvoz49ed7p7vlq","timestamp":1675271314563,"id":"gw544n4pl3w015u","previousEventId":"x3c9ug6ms5ly73l","operationId":"araetbqujykz0ta"}
{"type":"log","timestamp":1675271314563,"level":"debug","message":"(console:log) AAAAAAAAAAAAAAAAAAAAAAA  undefined","meta":{"userLevel":true,"rootId":"5ogpf0bx2jhmiof","id":"5ogpf0bx2jhmiof"},"id":"gvif49wmviknzzq","previousOperationId":"araetbqujykz0ta"}
{"type":"log","timestamp":1675271314795,"level":"debug","message":"(console:log) [\n  {\n    id: 1,\n    name: 'Antonio',\n    description: 'Aclamado director de la Orquesta Filarmónica de Gran Canaria'\n  },\n  {\n    id: 3,\n    name: 'Juana de Armas',\n    description: 'Aclamada directora de la Orquesta Filarmónica de Gran Canaria'\n  }\n]","meta":{"userLevel":true,"rootId":"5ogpf0bx2jhmiof","id":"5ogpf0bx2jhmiof"},"id":"35djr4v2hhv3tqg","previousOperationId":"araetbqujykz0ta"}
{"type":"operationEnd","operationId":"araetbqujykz0ta","timestamp":1675271314796,"id":"imw6t17ynmecck8","previousEventId":"molsrhds5in3tdd","previousOperationId":"hl6svv675qagnkj"}
{"type":"operationEnd","operationId":"ahvoz49ed7p7vlq","timestamp":1675271314796,"id":"vspvcb5kvk0pgzx","previousEventId":"imw6t17ynmecck8","previousOperationId":"hl6svv675qagnkj"}
{"type":"log","timestamp":1675271314796,"level":"debug","message":"Base url not specified, skipping its injection.","meta":{"rootId":"5ogpf0bx2jhmiof","id":"5ogpf0bx2jhmiof"},"id":"pngtufwztfoadwo","previousOperationId":"ahvoz49ed7p7vlq"}
{"type":"operationStart","subtype":"engine","name":"handlebars","timestamp":1675271314796,"id":"akqnr7jt7tecohv","previousEventId":"vspvcb5kvk0pgzx","operationId":"w5wm1lvzb93ixl8","previousOperationId":"ahvoz49ed7p7vlq"}
{"type":"log","timestamp":1675271314796,"level":"debug","message":"Rendering engine handlebars","meta":{"rootId":"5ogpf0bx2jhmiof","id":"5ogpf0bx2jhmiof"},"id":"sfzxwcdcmr2ekgb","previousOperationId":"w5wm1lvzb93ixl8"}
{"type":"operationEnd","operationId":"w5wm1lvzb93ixl8","timestamp":1675271314816,"id":"vu079zlpdugtjqw","previousEventId":"akqnr7jt7tecohv","previousOperationId":"w5wm1lvzb93ixl8"}
{"type":"operationStart","subtype":"recipe","name":"chrome-pdf","timestamp":1675271314816,"id":"8k6g1rcc8no2vjv","previousEventId":"vu079zlpdugtjqw","operationId":"umbq9snvzzx989g","previousOperationId":"w5wm1lvzb93ixl8"}
{"type":"log","timestamp":1675271314816,"level":"debug","message":"Executing recipe chrome-pdf","meta":{"rootId":"5ogpf0bx2jhmiof","id":"5ogpf0bx2jhmiof"},"id":"uiob0oj5y2ilplh","previousOperationId":"umbq9snvzzx989g"}
{"type":"log","timestamp":1675271314819,"level":"debug","message":"Converting with chrome HeadlessChrome/105.0.5173.0 using chrome-pool strategy","meta":{"rootId":"5ogpf0bx2jhmiof","id":"5ogpf0bx2jhmiof"},"id":"sm9n4xaz62onpbt","previousOperationId":"umbq9snvzzx989g"}
{"type":"log","timestamp":1675271314916,"level":"debug","message":"Page request: GET (document) file:///C:/Users/pollo/AppData/Local/Temp/jsreport/autocleanup/04a0ce64-43dd-4095-83e8-785dcb3d6ced-chrome-pdf.html","meta":{"rootId":"5ogpf0bx2jhmiof","id":"5ogpf0bx2jhmiof"},"id":"4a5hatii0w9eidj","previousOperationId":"umbq9snvzzx989g"}
{"type":"log","timestamp":1675271314934,"level":"debug","message":"Page request finished: GET (document) 200 file:///C:/Users/pollo/AppData/Local/Temp/jsreport/autocleanup/04a0ce64-43dd-4095-83e8-785dcb3d6ced-chrome-pdf.html","meta":{"rootId":"5ogpf0bx2jhmiof","id":"5ogpf0bx2jhmiof"},"id":"6cuqordjkn4qtdu","previousOperationId":"umbq9snvzzx989g"}
{"type":"log","timestamp":1675271314935,"level":"debug","message":"Page request: GET (stylesheet) https://cdnjs.cloudflare.com/ajax/libs/metro/4.1.5/css/metro.min.css","meta":{"rootId":"5ogpf0bx2jhmiof","id":"5ogpf0bx2jhmiof"},"id":"dqjde4934708tm1","previousOperationId":"umbq9snvzzx989g"}
{"type":"log","timestamp":1675271314935,"level":"debug","message":"Page request: GET (script) https://cdnjs.cloudflare.com/ajax/libs/Chart.js/2.7.2/Chart.min.js","meta":{"rootId":"5ogpf0bx2jhmiof","id":"5ogpf0bx2jhmiof"},"id":"glv5wdog078hku8","previousOperationId":"umbq9snvzzx989g"}
{"type":"log","timestamp":1675271314941,"level":"debug","message":"Page request finished: GET (script) 200 https://cdnjs.cloudflare.com/ajax/libs/Chart.js/2.7.2/Chart.min.js","meta":{"rootId":"5ogpf0bx2jhmiof","id":"5ogpf0bx2jhmiof"},"id":"tiu50ql3rs5q90b","previousOperationId":"umbq9snvzzx989g"}
{"type":"log","timestamp":1675271314959,"level":"debug","message":"Page request finished: GET (stylesheet) 200 https://cdnjs.cloudflare.com/ajax/libs/metro/4.1.5/css/metro.min.css","meta":{"rootId":"5ogpf0bx2jhmiof","id":"5ogpf0bx2jhmiof"},"id":"u1uy3ce9fzoeb6n","previousOperationId":"umbq9snvzzx989g"}
{"type":"log","timestamp":1675271314988,"level":"debug","message":"Running chrome with params {\"printBackground\":true,\"marginTop\":\"4cm\",\"marginRight\":\"1.5cm\",\"marginBottom\":\"1.5cm\",\"marginLeft\":\"1.5cm\",\"waitForJS\":false,\"timeout\":59692,\"margin\":{\"top\":\"4cm\",\"right\":\"1.5cm\",\"bottom\":\"1.5cm\",\"left\":\"1.5cm\"}}","meta":{"rootId":"5ogpf0bx2jhmiof","id":"5ogpf0bx2jhmiof"},"id":"u9nmdjo0lmcx2qe","previousOperationId":"umbq9snvzzx989g"}
{"type":"operationEnd","operationId":"umbq9snvzzx989g","timestamp":1675271315055,"id":"uuu9e4djj2tcscl","previousEventId":"8k6g1rcc8no2vjv","previousOperationId":"umbq9snvzzx989g"}
{"type":"log","timestamp":1675271315055,"level":"info","message":"pdf-utils is starting pdf processing","meta":{"rootId":"5ogpf0bx2jhmiof","id":"5ogpf0bx2jhmiof"},"id":"jyrpjs6gy2ypea7","previousOperationId":"umbq9snvzzx989g"}
{"type":"operationStart","subtype":"pdfUtils","name":"pdf utils","timestamp":1675271315055,"id":"ftds3jxfsj0lymj","previousEventId":"uuu9e4djj2tcscl","operationId":"60a3b1mozyl2b18","previousOperationId":"umbq9snvzzx989g"}
{"type":"log","timestamp":1675271315055,"level":"debug","message":"pdf-utils detected 1 pdf operation(s) to process","meta":{"rootId":"5ogpf0bx2jhmiof","id":"5ogpf0bx2jhmiof"},"id":"cwa56evre3qgszx","previousOperationId":"60a3b1mozyl2b18"}
{"type":"log","timestamp":1675271315072,"level":"debug","message":"pdf-utils running pdf operation merge","meta":{"rootId":"5ogpf0bx2jhmiof","id":"5ogpf0bx2jhmiof"},"id":"6b6padb6mntn9yg","previousOperationId":"60a3b1mozyl2b18"}
{"type":"operationStart","subtype":"pdfUtilsMerge","name":"pdf utils merge","previousOperationId":"60a3b1mozyl2b18","timestamp":1675271315072,"id":"32qw7igu61qnzh7","previousEventId":"ftds3jxfsj0lymj","operationId":"bkau6e6v0hhwub2"}
{"type":"operationStart","subtype":"render","name":"orders-header","previousOperationId":"bkau6e6v0hhwub2","timestamp":1675271315073,"id":"yno85kulx72v2ns","previousEventId":"32qw7igu61qnzh7","operationId":"cemzt7oaowr1o8y"}
{"type":"log","timestamp":1675271315073,"level":"info","message":"Starting rendering (child) request","meta":{"rootId":"5ogpf0bx2jhmiof","id":"sil7aa5lk8rnna7"},"id":"68tc32qp3y3n1me","previousOperationId":"cemzt7oaowr1o8y"}
{"type":"log","timestamp":1675271315073,"level":"info","message":"Rendering template { name: orders-header, recipe: chrome-pdf, engine: handlebars, preview: true }","meta":{"rootId":"5ogpf0bx2jhmiof","id":"sil7aa5lk8rnna7"},"id":"b8rzy6ncdsmwiqc","previousOperationId":"cemzt7oaowr1o8y"}
{"type":"log","timestamp":1675271315074,"level":"debug","message":"Inline data specified.","meta":{"rootId":"5ogpf0bx2jhmiof","id":"sil7aa5lk8rnna7"},"id":"m7vfuhof28y2r1m","previousOperationId":"cemzt7oaowr1o8y"}
{"type":"log","timestamp":1675271315078,"level":"debug","message":"Base url not specified, skipping its injection.","meta":{"rootId":"5ogpf0bx2jhmiof","id":"sil7aa5lk8rnna7"},"id":"rm5vk1y4q12tkdz","previousOperationId":"cemzt7oaowr1o8y"}
{"type":"operationStart","subtype":"engine","name":"handlebars","timestamp":1675271315078,"id":"ydvrglfvkcy8h8g","previousEventId":"yno85kulx72v2ns","operationId":"871nx44zvbmt6wa","previousOperationId":"cemzt7oaowr1o8y"}
{"type":"log","timestamp":1675271315078,"level":"debug","message":"Rendering engine handlebars","meta":{"rootId":"5ogpf0bx2jhmiof","id":"sil7aa5lk8rnna7"},"id":"wjd6g16izj81eyv","previousOperationId":"871nx44zvbmt6wa"}
{"type":"operationEnd","operationId":"871nx44zvbmt6wa","timestamp":1675271315095,"id":"lcgq3in2cdbjduc","previousEventId":"ydvrglfvkcy8h8g","previousOperationId":"871nx44zvbmt6wa"}
{"type":"operationStart","subtype":"recipe","name":"chrome-pdf","timestamp":1675271315095,"id":"atywft78hluwah7","previousEventId":"lcgq3in2cdbjduc","operationId":"4zbjm71l14mu3ft","previousOperationId":"871nx44zvbmt6wa"}
{"type":"log","timestamp":1675271315095,"level":"debug","message":"Executing recipe chrome-pdf","meta":{"rootId":"5ogpf0bx2jhmiof","id":"sil7aa5lk8rnna7"},"id":"mlekenu6rkubwmc","previousOperationId":"4zbjm71l14mu3ft"}
{"type":"log","timestamp":1675271315099,"level":"debug","message":"Converting with chrome HeadlessChrome/105.0.5173.0 using chrome-pool strategy","meta":{"rootId":"5ogpf0bx2jhmiof","id":"sil7aa5lk8rnna7"},"id":"z8n713u3mvn4w1o","previousOperationId":"4zbjm71l14mu3ft"}
{"type":"log","timestamp":1675271315205,"level":"debug","message":"Page request: GET (document) file:///C:/Users/pollo/AppData/Local/Temp/jsreport/autocleanup/4f271983-2a94-42d7-aab5-e13692ab5b9c-chrome-pdf.html","meta":{"rootId":"5ogpf0bx2jhmiof","id":"sil7aa5lk8rnna7"},"id":"hu6hdrxm6e2736j","previousOperationId":"4zbjm71l14mu3ft"}
{"type":"log","timestamp":1675271315216,"level":"debug","message":"Page request finished: GET (document) 200 file:///C:/Users/pollo/AppData/Local/Temp/jsreport/autocleanup/4f271983-2a94-42d7-aab5-e13692ab5b9c-chrome-pdf.html","meta":{"rootId":"5ogpf0bx2jhmiof","id":"sil7aa5lk8rnna7"},"id":"wrkjtusea1296ys","previousOperationId":"4zbjm71l14mu3ft"}
{"type":"log","timestamp":1675271315216,"level":"debug","message":"Page request: GET (stylesheet) https://cdnjs.cloudflare.com/ajax/libs/metro/4.1.5/css/metro.min.css","meta":{"rootId":"5ogpf0bx2jhmiof","id":"sil7aa5lk8rnna7"},"id":"xjjjazzi7fzlfky","previousOperationId":"4zbjm71l14mu3ft"}
{"type":"log","timestamp":1675271315240,"level":"debug","message":"Page request finished: GET (stylesheet) 200 https://cdnjs.cloudflare.com/ajax/libs/metro/4.1.5/css/metro.min.css","meta":{"rootId":"5ogpf0bx2jhmiof","id":"sil7aa5lk8rnna7"},"id":"lemz47hhmmeehbr","previousOperationId":"4zbjm71l14mu3ft"}
{"type":"log","timestamp":1675271315267,"level":"debug","message":"Running chrome with params {\"printBackground\":true,\"marginTop\":\"1.5cm\",\"marginRight\":\"1.5cm\",\"marginLeft\":\"1.cm\",\"timeout\":59413,\"margin\":{\"top\":\"1.5cm\",\"right\":\"1.5cm\",\"left\":\"1.cm\"}}","meta":{"rootId":"5ogpf0bx2jhmiof","id":"sil7aa5lk8rnna7"},"id":"4scbmr4nsaybti4","previousOperationId":"4zbjm71l14mu3ft"}
{"type":"operationEnd","operationId":"4zbjm71l14mu3ft","timestamp":1675271315325,"id":"5xvaq9q6805cdh1","previousEventId":"atywft78hluwah7","previousOperationId":"4zbjm71l14mu3ft"}
{"type":"log","timestamp":1675271315326,"level":"debug","message":"Skipping storing report.","meta":{"rootId":"5ogpf0bx2jhmiof","id":"sil7aa5lk8rnna7"},"id":"vmafmb8iui84ilg","previousOperationId":"4zbjm71l14mu3ft"}
{"type":"log","timestamp":1675271315326,"level":"info","message":"Rendering (child) request finished in 816 ms","meta":{"rootId":"5ogpf0bx2jhmiof","id":"sil7aa5lk8rnna7"},"id":"4m16jjz5mpx4skj","previousOperationId":"4zbjm71l14mu3ft"}
{"type":"operationEnd","subtype":"render","operationId":"cemzt7oaowr1o8y","timestamp":1675271315326,"id":"w7isnewkx5bt620","previousEventId":"5xvaq9q6805cdh1","previousOperationId":"4zbjm71l14mu3ft"}
{"type":"operationEnd","operationId":"bkau6e6v0hhwub2","timestamp":1675271315333,"id":"xnp24oq07vtwa14","previousEventId":"32qw7igu61qnzh7","previousOperationId":"bkau6e6v0hhwub2"}
{"type":"log","timestamp":1675271315333,"level":"debug","message":"pdf-utils postproces start","meta":{"rootId":"5ogpf0bx2jhmiof","id":"5ogpf0bx2jhmiof"},"id":"pr5dc5lu1s0482a","previousOperationId":"bkau6e6v0hhwub2"}
{"type":"log","timestamp":1675271315340,"level":"debug","message":"pdf-utils postproces end","meta":{"rootId":"5ogpf0bx2jhmiof","id":"5ogpf0bx2jhmiof"},"id":"oyz90mguc8140q6","previousOperationId":"bkau6e6v0hhwub2"}
{"type":"operationEnd","operationId":"60a3b1mozyl2b18","timestamp":1675271315340,"id":"1wdjd86nv6uybhl","previousEventId":"xnp24oq07vtwa14","previousOperationId":"bkau6e6v0hhwub2"}
{"type":"log","timestamp":1675271315340,"level":"info","message":"pdf-utils pdf processing was finished","meta":{"rootId":"5ogpf0bx2jhmiof","id":"5ogpf0bx2jhmiof"},"id":"u6qglshg73dv8ak","previousOperationId":"60a3b1mozyl2b18"}
{"type":"log","timestamp":1675271315340,"level":"debug","message":"Skipping storing report.","meta":{"rootId":"5ogpf0bx2jhmiof","id":"5ogpf0bx2jhmiof"},"id":"svm9woivw70476c","previousOperationId":"60a3b1mozyl2b18"}
{"type":"log","timestamp":1675271315341,"level":"info","message":"Rendering request 7 finished in 831 ms","meta":{"rootId":"5ogpf0bx2jhmiof","id":"5ogpf0bx2jhmiof"},"id":"w2ncao5gueij1mq","previousOperationId":"60a3b1mozyl2b18"}
{"type":"operationEnd","subtype":"render","operationId":"hl6svv675qagnkj","timestamp":1675271315341,"id":"3p9n88ucay8k0jg","previousEventId":"1wdjd86nv6uybhl","previousOperationId":"60a3b1mozyl2b18"}
{"type":"operationEnd","doDiffs":false,"previousEventId":"llonryn7ctp6n9c","previousOperationId":"73rz2ukj27qqt49","operationId":"73rz2ukj27qqt49","timestamp":1675271315352,"id":"1jdaogvh4escjw1"}
