{"type":"operationStart","subtype":"profile","data":{"_id":"SQPcoQjXiP5lnpuF","timestamp":"2023-02-03T17:43:57.873Z","state":"queued","mode":"standard","creationDate":"2023-02-03T17:43:57.875Z","modificationDate":"2023-02-03T17:43:57.875Z","shortid":"2T_0XEx","$entitySet":"profiles"},"doDiffs":false,"timestamp":1675446237874,"id":"4n1v2gt5ifboszw","previousOperationId":null,"operationId":"9mc9bxfqut39h4e"}
{"type":"log","level":"info","message":"Render request 6 queued for execution and waiting for available worker","previousOperationId":"9mc9bxfqut39h4e","timestamp":1675446237874,"id":"bviu2nbz7l8dap2"}
{"type":"operationStart","subtype":"render","name":"orders-main","previousOperationId":"9mc9bxfqut39h4e","timestamp":1675446237886,"id":"ekd8lbva0ca9lle","previousEventId":"4n1v2gt5ifboszw","operationId":"n2k1m7pnmb101i2"}
{"type":"log","timestamp":1675446237886,"level":"info","message":"Starting rendering request 6","meta":{"rootId":"5qhk32r1gi6gpru","id":"5qhk32r1gi6gpru"},"id":"wx75ib57obo3j9g","previousOperationId":"n2k1m7pnmb101i2"}
{"type":"log","timestamp":1675446237886,"level":"info","message":"Rendering template { name: orders-main, recipe: chrome-pdf, engine: handlebars, preview: true }","meta":{"rootId":"5qhk32r1gi6gpru","id":"5qhk32r1gi6gpru"},"id":"3xy4ba9v0ze614x","previousOperationId":"n2k1m7pnmb101i2"}
{"type":"log","timestamp":1675446237887,"level":"debug","message":"Data item not defined for this template.","meta":{"rootId":"5qhk32r1gi6gpru","id":"5qhk32r1gi6gpru"},"id":"aqkti2010cdbned","previousOperationId":"n2k1m7pnmb101i2"}
{"type":"log","timestamp":1675446237890,"level":"debug","message":"Executing script orders-script (beforeRender)","meta":{"rootId":"5qhk32r1gi6gpru","id":"5qhk32r1gi6gpru"},"id":"ritkhu0pcjor82t","previousOperationId":"n2k1m7pnmb101i2"}
{"type":"operationStart","subtype":"scriptsBeforeRender","name":"scripts beforeRender","timestamp":1675446237924,"id":"3to91ng3kr77jiu","previousEventId":"ekd8lbva0ca9lle","operationId":"ba9s2dsdl1t5hpr","previousOperationId":"n2k1m7pnmb101i2"}
{"type":"operationStart","subtype":"script","name":"scripts orders-script","previousOperationId":"ba9s2dsdl1t5hpr","timestamp":1675446237924,"id":"898x1pnasfkttyo","previousEventId":"3to91ng3kr77jiu","operationId":"gj6huey35m6sv13"}
{"type":"log","timestamp":1675446238172,"level":"debug","message":"(console:log) {\n  data: [\n    {\n      id: 1,\n      name: 'Antonio',\n      description: 'Aclamado director de la Orquesta Filarmónica de Gran Canaria'\n    },\n    {\n      id: 3,\n      name: 'Juana de Armas',\n      description: 'Aclamada directora de la Orquesta Filarmónica de Gran Canaria'\n    }\n  ]\n}","meta":{"userLevel":true,"rootId":"5qhk32r1gi6gpru","id":"5qhk32r1gi6gpru"},"id":"5mpcogrbqwu5yx9","previousOperationId":"gj6huey35m6sv13"}
{"type":"operationEnd","operationId":"gj6huey35m6sv13","timestamp":1675446238173,"id":"uy90cu2h2q8j860","previousEventId":"ekd8lbva0ca9lle","previousOperationId":"n2k1m7pnmb101i2"}
{"type":"operationEnd","operationId":"ba9s2dsdl1t5hpr","timestamp":1675446238173,"id":"xdcxbpwb8duecvm","previousEventId":"uy90cu2h2q8j860","previousOperationId":"n2k1m7pnmb101i2"}
{"type":"log","timestamp":1675446238173,"level":"debug","message":"Base url not specified, skipping its injection.","meta":{"rootId":"5qhk32r1gi6gpru","id":"5qhk32r1gi6gpru"},"id":"9ogo34gvremr5b2","previousOperationId":"ba9s2dsdl1t5hpr"}
{"type":"operationStart","subtype":"engine","name":"handlebars","timestamp":1675446238173,"id":"uxi5eyv913lhfiy","previousEventId":"xdcxbpwb8duecvm","operationId":"i148vgiywn8g0nt","previousOperationId":"ba9s2dsdl1t5hpr"}
{"type":"log","timestamp":1675446238173,"level":"debug","message":"Rendering engine handlebars","meta":{"rootId":"5qhk32r1gi6gpru","id":"5qhk32r1gi6gpru"},"id":"ma5tflwhdk5miv9","previousOperationId":"i148vgiywn8g0nt"}
{"type":"operationEnd","operationId":"i148vgiywn8g0nt","timestamp":1675446238186,"id":"6l037dmozn6fmiz","previousEventId":"uxi5eyv913lhfiy","previousOperationId":"i148vgiywn8g0nt"}
{"type":"operationStart","subtype":"recipe","name":"chrome-pdf","timestamp":1675446238186,"id":"eso41uf4d0gkh4k","previousEventId":"6l037dmozn6fmiz","operationId":"j2zjo44pzo6zbh3","previousOperationId":"i148vgiywn8g0nt"}
{"type":"log","timestamp":1675446238186,"level":"debug","message":"Executing recipe chrome-pdf","meta":{"rootId":"5qhk32r1gi6gpru","id":"5qhk32r1gi6gpru"},"id":"j1t5lnbvuxijcfu","previousOperationId":"j2zjo44pzo6zbh3"}
{"type":"log","timestamp":1675446238188,"level":"debug","message":"Converting with chrome HeadlessChrome/105.0.5173.0 using chrome-pool strategy","meta":{"rootId":"5qhk32r1gi6gpru","id":"5qhk32r1gi6gpru"},"id":"yquf3lttowk1gzp","previousOperationId":"j2zjo44pzo6zbh3"}
{"type":"log","timestamp":1675446238285,"level":"debug","message":"Page request: GET (document) file:///C:/Users/pollo/AppData/Local/Temp/jsreport/autocleanup/94ac95ed-4646-496f-8907-e983dca567fd-chrome-pdf.html","meta":{"rootId":"5qhk32r1gi6gpru","id":"5qhk32r1gi6gpru"},"id":"lkjiprbzv1mqmgz","previousOperationId":"j2zjo44pzo6zbh3"}
{"type":"log","timestamp":1675446238294,"level":"debug","message":"Page request finished: GET (document) 200 file:///C:/Users/pollo/AppData/Local/Temp/jsreport/autocleanup/94ac95ed-4646-496f-8907-e983dca567fd-chrome-pdf.html","meta":{"rootId":"5qhk32r1gi6gpru","id":"5qhk32r1gi6gpru"},"id":"du99opuxrpsxm75","previousOperationId":"j2zjo44pzo6zbh3"}
{"type":"log","timestamp":1675446238294,"level":"debug","message":"Page request: GET (stylesheet) https://cdnjs.cloudflare.com/ajax/libs/metro/4.1.5/css/metro.min.css","meta":{"rootId":"5qhk32r1gi6gpru","id":"5qhk32r1gi6gpru"},"id":"3thvod7sicv1jpd","previousOperationId":"j2zjo44pzo6zbh3"}
{"type":"log","timestamp":1675446238294,"level":"debug","message":"Page request: GET (script) https://cdnjs.cloudflare.com/ajax/libs/Chart.js/2.7.2/Chart.min.js","meta":{"rootId":"5qhk32r1gi6gpru","id":"5qhk32r1gi6gpru"},"id":"zphcgccxj96qvn9","previousOperationId":"j2zjo44pzo6zbh3"}
{"type":"log","timestamp":1675446238302,"level":"debug","message":"Page request finished: GET (script) 200 https://cdnjs.cloudflare.com/ajax/libs/Chart.js/2.7.2/Chart.min.js","meta":{"rootId":"5qhk32r1gi6gpru","id":"5qhk32r1gi6gpru"},"id":"o0ol2baqiwt6epo","previousOperationId":"j2zjo44pzo6zbh3"}
{"type":"log","timestamp":1675446238320,"level":"debug","message":"Page request finished: GET (stylesheet) 200 https://cdnjs.cloudflare.com/ajax/libs/metro/4.1.5/css/metro.min.css","meta":{"rootId":"5qhk32r1gi6gpru","id":"5qhk32r1gi6gpru"},"id":"kspedi3x9xgy49e","previousOperationId":"j2zjo44pzo6zbh3"}
{"type":"log","timestamp":1675446238333,"level":"debug","message":"Running chrome with params {\"printBackground\":true,\"marginTop\":\"4cm\",\"marginRight\":\"1.5cm\",\"marginBottom\":\"1.5cm\",\"marginLeft\":\"1.5cm\",\"waitForJS\":false,\"timeout\":59685,\"margin\":{\"top\":\"4cm\",\"right\":\"1.5cm\",\"bottom\":\"1.5cm\",\"left\":\"1.5cm\"}}","meta":{"rootId":"5qhk32r1gi6gpru","id":"5qhk32r1gi6gpru"},"id":"au7nkb7m81fgfk2","previousOperationId":"j2zjo44pzo6zbh3"}
{"type":"operationEnd","operationId":"j2zjo44pzo6zbh3","timestamp":1675446238367,"id":"52j15wljdlury9q","previousEventId":"eso41uf4d0gkh4k","previousOperationId":"j2zjo44pzo6zbh3"}
{"type":"log","timestamp":1675446238368,"level":"info","message":"pdf-utils is starting pdf processing","meta":{"rootId":"5qhk32r1gi6gpru","id":"5qhk32r1gi6gpru"},"id":"pfgcx3rixayultu","previousOperationId":"j2zjo44pzo6zbh3"}
{"type":"operationStart","subtype":"pdfUtils","name":"pdf utils","timestamp":1675446238368,"id":"crazem6x701ax6l","previousEventId":"52j15wljdlury9q","operationId":"ld7nc8b3s93o03f","previousOperationId":"j2zjo44pzo6zbh3"}
{"type":"log","timestamp":1675446238368,"level":"debug","message":"pdf-utils detected 1 pdf operation(s) to process","meta":{"rootId":"5qhk32r1gi6gpru","id":"5qhk32r1gi6gpru"},"id":"po1im4wta9ckcll","previousOperationId":"ld7nc8b3s93o03f"}
{"type":"log","timestamp":1675446238372,"level":"debug","message":"pdf-utils running pdf operation merge","meta":{"rootId":"5qhk32r1gi6gpru","id":"5qhk32r1gi6gpru"},"id":"vwazjiqnio911oy","previousOperationId":"ld7nc8b3s93o03f"}
{"type":"operationStart","subtype":"pdfUtilsMerge","name":"pdf utils merge","previousOperationId":"ld7nc8b3s93o03f","timestamp":1675446238372,"id":"5nc3njok19prddz","previousEventId":"crazem6x701ax6l","operationId":"vvg15nb8f796j8c"}
{"type":"operationStart","subtype":"render","name":"orders-header","previousOperationId":"vvg15nb8f796j8c","timestamp":1675446238373,"id":"vuf1e6nyf1onoit","previousEventId":"5nc3njok19prddz","operationId":"lnk4tc4b1fr1pqc"}
{"type":"log","timestamp":1675446238373,"level":"info","message":"Starting rendering (child) request","meta":{"rootId":"5qhk32r1gi6gpru","id":"327yx9a686hh4vn"},"id":"nigrrvk0cps7adh","previousOperationId":"lnk4tc4b1fr1pqc"}
{"type":"log","timestamp":1675446238373,"level":"info","message":"Rendering template { name: orders-header, recipe: chrome-pdf, engine: handlebars, preview: true }","meta":{"rootId":"5qhk32r1gi6gpru","id":"327yx9a686hh4vn"},"id":"vqxh3f3ksv2t7h1","previousOperationId":"lnk4tc4b1fr1pqc"}
{"type":"log","timestamp":1675446238374,"level":"debug","message":"Inline data specified.","meta":{"rootId":"5qhk32r1gi6gpru","id":"327yx9a686hh4vn"},"id":"pdn5oepuyibcamo","previousOperationId":"lnk4tc4b1fr1pqc"}
{"type":"log","timestamp":1675446238377,"level":"debug","message":"Base url not specified, skipping its injection.","meta":{"rootId":"5qhk32r1gi6gpru","id":"327yx9a686hh4vn"},"id":"5mj99mesmtoqdd1","previousOperationId":"lnk4tc4b1fr1pqc"}
{"type":"operationStart","subtype":"engine","name":"handlebars","timestamp":1675446238377,"id":"yxflrr1g9ypjida","previousEventId":"vuf1e6nyf1onoit","operationId":"pfjgeus4jyqkn28","previousOperationId":"lnk4tc4b1fr1pqc"}
{"type":"log","timestamp":1675446238377,"level":"debug","message":"Rendering engine handlebars","meta":{"rootId":"5qhk32r1gi6gpru","id":"327yx9a686hh4vn"},"id":"v4kjlkfi9rz3lwy","previousOperationId":"pfjgeus4jyqkn28"}
{"type":"operationEnd","operationId":"pfjgeus4jyqkn28","timestamp":1675446238402,"id":"mnn27q5w48gg3tk","previousEventId":"yxflrr1g9ypjida","previousOperationId":"pfjgeus4jyqkn28"}
{"type":"operationStart","subtype":"recipe","name":"chrome-pdf","timestamp":1675446238402,"id":"s61sr3r83w1rk2l","previousEventId":"mnn27q5w48gg3tk","operationId":"a28spjt2u34xc9c","previousOperationId":"pfjgeus4jyqkn28"}
{"type":"log","timestamp":1675446238402,"level":"debug","message":"Executing recipe chrome-pdf","meta":{"rootId":"5qhk32r1gi6gpru","id":"327yx9a686hh4vn"},"id":"z81nnqp4yb8ou05","previousOperationId":"a28spjt2u34xc9c"}
{"type":"log","timestamp":1675446238404,"level":"debug","message":"Converting with chrome HeadlessChrome/105.0.5173.0 using chrome-pool strategy","meta":{"rootId":"5qhk32r1gi6gpru","id":"327yx9a686hh4vn"},"id":"u1ldn5455asy1wa","previousOperationId":"a28spjt2u34xc9c"}
{"type":"log","timestamp":1675446238508,"level":"debug","message":"Page request: GET (document) file:///C:/Users/pollo/AppData/Local/Temp/jsreport/autocleanup/e62041c5-edca-41da-90e3-4f12ea36239a-chrome-pdf.html","meta":{"rootId":"5qhk32r1gi6gpru","id":"327yx9a686hh4vn"},"id":"dzgt6pvfyfs0142","previousOperationId":"a28spjt2u34xc9c"}
{"type":"log","timestamp":1675446238520,"level":"debug","message":"Page request finished: GET (document) 200 file:///C:/Users/pollo/AppData/Local/Temp/jsreport/autocleanup/e62041c5-edca-41da-90e3-4f12ea36239a-chrome-pdf.html","meta":{"rootId":"5qhk32r1gi6gpru","id":"327yx9a686hh4vn"},"id":"vnrhdyz91i89l23","previousOperationId":"a28spjt2u34xc9c"}
{"type":"log","timestamp":1675446238520,"level":"debug","message":"Page request: GET (stylesheet) https://cdnjs.cloudflare.com/ajax/libs/metro/4.1.5/css/metro.min.css","meta":{"rootId":"5qhk32r1gi6gpru","id":"327yx9a686hh4vn"},"id":"91qtpi72nf6zigh","previousOperationId":"a28spjt2u34xc9c"}
{"type":"log","timestamp":1675446238543,"level":"debug","message":"Page request finished: GET (stylesheet) 200 https://cdnjs.cloudflare.com/ajax/libs/metro/4.1.5/css/metro.min.css","meta":{"rootId":"5qhk32r1gi6gpru","id":"327yx9a686hh4vn"},"id":"yzi9j0vil1jks34","previousOperationId":"a28spjt2u34xc9c"}
{"type":"log","timestamp":1675446238566,"level":"debug","message":"Running chrome with params {\"printBackground\":true,\"marginTop\":\"1.5cm\",\"marginRight\":\"1.5cm\",\"marginLeft\":\"1.cm\",\"timeout\":59470,\"margin\":{\"top\":\"1.5cm\",\"right\":\"1.5cm\",\"left\":\"1.cm\"}}","meta":{"rootId":"5qhk32r1gi6gpru","id":"327yx9a686hh4vn"},"id":"74ccf7zv5jotxbg","previousOperationId":"a28spjt2u34xc9c"}
{"type":"operationEnd","operationId":"a28spjt2u34xc9c","timestamp":1675446238623,"id":"ikrnbn2sl9u9cew","previousEventId":"s61sr3r83w1rk2l","previousOperationId":"a28spjt2u34xc9c"}
{"type":"log","timestamp":1675446238624,"level":"debug","message":"Skipping storing report.","meta":{"rootId":"5qhk32r1gi6gpru","id":"327yx9a686hh4vn"},"id":"ahhfzdrb7hvwvm6","previousOperationId":"a28spjt2u34xc9c"}
{"type":"log","timestamp":1675446238624,"level":"info","message":"Rendering (child) request finished in 751 ms","meta":{"rootId":"5qhk32r1gi6gpru","id":"327yx9a686hh4vn"},"id":"dxtk9rt7lfgwjgy","previousOperationId":"a28spjt2u34xc9c"}
{"type":"operationEnd","subtype":"render","operationId":"lnk4tc4b1fr1pqc","timestamp":1675446238624,"id":"iymbgvxw1jlkzod","previousEventId":"ikrnbn2sl9u9cew","previousOperationId":"a28spjt2u34xc9c"}
{"type":"operationEnd","operationId":"vvg15nb8f796j8c","timestamp":1675446238629,"id":"7fj598v5kka2dbh","previousEventId":"5nc3njok19prddz","previousOperationId":"vvg15nb8f796j8c"}
{"type":"log","timestamp":1675446238629,"level":"debug","message":"pdf-utils postproces start","meta":{"rootId":"5qhk32r1gi6gpru","id":"5qhk32r1gi6gpru"},"id":"4bnobe5gtbevl7z","previousOperationId":"vvg15nb8f796j8c"}
{"type":"log","timestamp":1675446238634,"level":"debug","message":"pdf-utils postproces end","meta":{"rootId":"5qhk32r1gi6gpru","id":"5qhk32r1gi6gpru"},"id":"25gy1l09v5t9q19","previousOperationId":"vvg15nb8f796j8c"}
{"type":"operationEnd","operationId":"ld7nc8b3s93o03f","timestamp":1675446238634,"id":"sc6sy238xdh82o0","previousEventId":"7fj598v5kka2dbh","previousOperationId":"vvg15nb8f796j8c"}
{"type":"log","timestamp":1675446238634,"level":"info","message":"pdf-utils pdf processing was finished","meta":{"rootId":"5qhk32r1gi6gpru","id":"5qhk32r1gi6gpru"},"id":"ukxfklpeoooo8it","previousOperationId":"ld7nc8b3s93o03f"}
{"type":"log","timestamp":1675446238634,"level":"debug","message":"Skipping storing report.","meta":{"rootId":"5qhk32r1gi6gpru","id":"5qhk32r1gi6gpru"},"id":"ekwxczsqnmcqbhe","previousOperationId":"ld7nc8b3s93o03f"}
{"type":"log","timestamp":1675446238634,"level":"info","message":"Rendering request 6 finished in 761 ms","meta":{"rootId":"5qhk32r1gi6gpru","id":"5qhk32r1gi6gpru"},"id":"pw3371wotjbjnba","previousOperationId":"ld7nc8b3s93o03f"}
{"type":"operationEnd","subtype":"render","operationId":"n2k1m7pnmb101i2","timestamp":1675446238634,"id":"8711urt0zw1ywp7","previousEventId":"sc6sy238xdh82o0","previousOperationId":"ld7nc8b3s93o03f"}
{"type":"operationEnd","doDiffs":false,"previousEventId":"4n1v2gt5ifboszw","previousOperationId":"9mc9bxfqut39h4e","operationId":"9mc9bxfqut39h4e","timestamp":1675446238642,"id":"4bcyechm62ee369"}
