{"type":"operationStart","subtype":"profile","data":{"_id":"vuhkFiZ7Xx6GyGFk","timestamp":"2023-02-01T17:26:18.180Z","state":"queued","mode":"standard","creationDate":"2023-02-01T17:26:18.182Z","modificationDate":"2023-02-01T17:26:18.182Z","shortid":"tUXo6NI","$entitySet":"profiles"},"doDiffs":false,"timestamp":1675272378181,"id":"kzisqichwfifiww","previousOperationId":null,"operationId":"9ymmbevsp6y1hu8"}
{"type":"log","level":"info","message":"Render request 26 queued for execution and waiting for available worker","previousOperationId":"9ymmbevsp6y1hu8","timestamp":1675272378181,"id":"b27y7ejdj12o888"}
{"type":"operationStart","subtype":"render","name":"orders-main","previousOperationId":"9ymmbevsp6y1hu8","timestamp":1675272378192,"id":"a9oydb85wedpoyn","previousEventId":"kzisqichwfifiww","operationId":"6db3hgsttilnurs"}
{"type":"log","timestamp":1675272378192,"level":"info","message":"Starting rendering request 26","meta":{"rootId":"624tnnkor2eanmu","id":"624tnnkor2eanmu"},"id":"4kd6r4wqllmo50f","previousOperationId":"6db3hgsttilnurs"}
{"type":"log","timestamp":1675272378192,"level":"info","message":"Rendering template { name: orders-main, recipe: chrome-pdf, engine: handlebars, preview: true }","meta":{"rootId":"624tnnkor2eanmu","id":"624tnnkor2eanmu"},"id":"7ecxmcxhytdcbpg","previousOperationId":"6db3hgsttilnurs"}
{"type":"log","timestamp":1675272378193,"level":"debug","message":"Data item not defined for this template.","meta":{"rootId":"624tnnkor2eanmu","id":"624tnnkor2eanmu"},"id":"ieeryiz2b8uymqg","previousOperationId":"6db3hgsttilnurs"}
{"type":"log","timestamp":1675272378196,"level":"debug","message":"Executing script orders-script (beforeRender)","meta":{"rootId":"624tnnkor2eanmu","id":"624tnnkor2eanmu"},"id":"i2afkyesc7xmwjv","previousOperationId":"6db3hgsttilnurs"}
{"type":"operationStart","subtype":"scriptsBeforeRender","name":"scripts beforeRender","timestamp":1675272378234,"id":"ikhryr06uw7yjyp","previousEventId":"a9oydb85wedpoyn","operationId":"tfv4p5rdgb68ku6","previousOperationId":"6db3hgsttilnurs"}
{"type":"operationStart","subtype":"script","name":"scripts orders-script","previousOperationId":"tfv4p5rdgb68ku6","timestamp":1675272378234,"id":"21e32g1viaopmiv","previousEventId":"ikhryr06uw7yjyp","operationId":"y3l6qu5c8ia5ty9"}
{"type":"log","timestamp":1675272378234,"level":"debug","message":"(console:log) AAAAAAAAAAAAAAAAAAAAAAA  undefined","meta":{"userLevel":true,"rootId":"624tnnkor2eanmu","id":"624tnnkor2eanmu"},"id":"7jgqdwby3xcs2vh","previousOperationId":"y3l6qu5c8ia5ty9"}
{"type":"log","timestamp":1675272378425,"level":"debug","message":"(console:log) Antonio","meta":{"userLevel":true,"rootId":"624tnnkor2eanmu","id":"624tnnkor2eanmu"},"id":"9owtnza4zy1vl5u","previousOperationId":"y3l6qu5c8ia5ty9"}
{"type":"operationEnd","operationId":"y3l6qu5c8ia5ty9","timestamp":1675272378425,"id":"0xlvlle5egmabbt","previousEventId":"a9oydb85wedpoyn","previousOperationId":"6db3hgsttilnurs"}
{"type":"operationEnd","operationId":"tfv4p5rdgb68ku6","timestamp":1675272378425,"id":"pz2ncfco0y1es59","previousEventId":"0xlvlle5egmabbt","previousOperationId":"6db3hgsttilnurs"}
{"type":"log","timestamp":1675272378425,"level":"debug","message":"Base url not specified, skipping its injection.","meta":{"rootId":"624tnnkor2eanmu","id":"624tnnkor2eanmu"},"id":"9ap5q05nr3yeve6","previousOperationId":"tfv4p5rdgb68ku6"}
{"type":"operationStart","subtype":"engine","name":"handlebars","timestamp":1675272378425,"id":"nlo9eeubxch8wod","previousEventId":"pz2ncfco0y1es59","operationId":"2wczbe1dm6w9cgt","previousOperationId":"tfv4p5rdgb68ku6"}
{"type":"log","timestamp":1675272378426,"level":"debug","message":"Rendering engine handlebars","meta":{"rootId":"624tnnkor2eanmu","id":"624tnnkor2eanmu"},"id":"azcvrdpdt792h1f","previousOperationId":"2wczbe1dm6w9cgt"}
{"type":"operationEnd","operationId":"2wczbe1dm6w9cgt","timestamp":1675272378435,"id":"75ol4gfnkaimenr","previousEventId":"nlo9eeubxch8wod","previousOperationId":"2wczbe1dm6w9cgt"}
{"type":"operationStart","subtype":"recipe","name":"chrome-pdf","timestamp":1675272378435,"id":"p8g64bx510whnmx","previousEventId":"75ol4gfnkaimenr","operationId":"8pxajbzkrq0oixb","previousOperationId":"2wczbe1dm6w9cgt"}
{"type":"log","timestamp":1675272378435,"level":"debug","message":"Executing recipe chrome-pdf","meta":{"rootId":"624tnnkor2eanmu","id":"624tnnkor2eanmu"},"id":"h1i55nb1lcorrfd","previousOperationId":"8pxajbzkrq0oixb"}
{"type":"log","timestamp":1675272378438,"level":"debug","message":"Converting with chrome HeadlessChrome/105.0.5173.0 using chrome-pool strategy","meta":{"rootId":"624tnnkor2eanmu","id":"624tnnkor2eanmu"},"id":"fdonmhytjt4ojc1","previousOperationId":"8pxajbzkrq0oixb"}
{"type":"log","timestamp":1675272378531,"level":"debug","message":"Page request: GET (document) file:///C:/Users/pollo/AppData/Local/Temp/jsreport/autocleanup/f19e90fd-8ac8-4c96-a165-193f3c59be52-chrome-pdf.html","meta":{"rootId":"624tnnkor2eanmu","id":"624tnnkor2eanmu"},"id":"phtkhbr4fwmnr2a","previousOperationId":"8pxajbzkrq0oixb"}
{"type":"log","timestamp":1675272378543,"level":"debug","message":"Page request finished: GET (document) 200 file:///C:/Users/pollo/AppData/Local/Temp/jsreport/autocleanup/f19e90fd-8ac8-4c96-a165-193f3c59be52-chrome-pdf.html","meta":{"rootId":"624tnnkor2eanmu","id":"624tnnkor2eanmu"},"id":"camch0rmtimbqex","previousOperationId":"8pxajbzkrq0oixb"}
{"type":"log","timestamp":1675272378543,"level":"debug","message":"Page request: GET (stylesheet) https://cdnjs.cloudflare.com/ajax/libs/metro/4.1.5/css/metro.min.css","meta":{"rootId":"624tnnkor2eanmu","id":"624tnnkor2eanmu"},"id":"prunufmwjsc1f4c","previousOperationId":"8pxajbzkrq0oixb"}
{"type":"log","timestamp":1675272378543,"level":"debug","message":"Page request: GET (script) https://cdnjs.cloudflare.com/ajax/libs/Chart.js/2.7.2/Chart.min.js","meta":{"rootId":"624tnnkor2eanmu","id":"624tnnkor2eanmu"},"id":"u56hbsoq4tcjqwl","previousOperationId":"8pxajbzkrq0oixb"}
{"type":"log","timestamp":1675272378551,"level":"debug","message":"Page request finished: GET (script) 200 https://cdnjs.cloudflare.com/ajax/libs/Chart.js/2.7.2/Chart.min.js","meta":{"rootId":"624tnnkor2eanmu","id":"624tnnkor2eanmu"},"id":"g0npnvwnp8lo798","previousOperationId":"8pxajbzkrq0oixb"}
{"type":"log","timestamp":1675272378569,"level":"debug","message":"Page request finished: GET (stylesheet) 200 https://cdnjs.cloudflare.com/ajax/libs/metro/4.1.5/css/metro.min.css","meta":{"rootId":"624tnnkor2eanmu","id":"624tnnkor2eanmu"},"id":"rpe0som23cmbq8e","previousOperationId":"8pxajbzkrq0oixb"}
{"type":"log","timestamp":1675272378580,"level":"debug","message":"Running chrome with params {\"printBackground\":true,\"marginTop\":\"4cm\",\"marginRight\":\"1.5cm\",\"marginBottom\":\"1.5cm\",\"marginLeft\":\"1.5cm\",\"waitForJS\":false,\"timeout\":59743,\"margin\":{\"top\":\"4cm\",\"right\":\"1.5cm\",\"bottom\":\"1.5cm\",\"left\":\"1.5cm\"}}","meta":{"rootId":"624tnnkor2eanmu","id":"624tnnkor2eanmu"},"id":"pg6w2xt4bin49x0","previousOperationId":"8pxajbzkrq0oixb"}
{"type":"operationEnd","operationId":"8pxajbzkrq0oixb","timestamp":1675272378613,"id":"byutq8fvepa2693","previousEventId":"p8g64bx510whnmx","previousOperationId":"8pxajbzkrq0oixb"}
{"type":"log","timestamp":1675272378613,"level":"info","message":"pdf-utils is starting pdf processing","meta":{"rootId":"624tnnkor2eanmu","id":"624tnnkor2eanmu"},"id":"l4qb9xa9ltrvhmu","previousOperationId":"8pxajbzkrq0oixb"}
{"type":"operationStart","subtype":"pdfUtils","name":"pdf utils","timestamp":1675272378614,"id":"qyljtoaubkgspir","previousEventId":"byutq8fvepa2693","operationId":"bkt6k5yclks9w4o","previousOperationId":"8pxajbzkrq0oixb"}
{"type":"log","timestamp":1675272378614,"level":"debug","message":"pdf-utils detected 1 pdf operation(s) to process","meta":{"rootId":"624tnnkor2eanmu","id":"624tnnkor2eanmu"},"id":"9lvaakwe6duamj7","previousOperationId":"bkt6k5yclks9w4o"}
{"type":"log","timestamp":1675272378617,"level":"debug","message":"pdf-utils running pdf operation merge","meta":{"rootId":"624tnnkor2eanmu","id":"624tnnkor2eanmu"},"id":"i4pb2qwcmwhz3p3","previousOperationId":"bkt6k5yclks9w4o"}
{"type":"operationStart","subtype":"pdfUtilsMerge","name":"pdf utils merge","previousOperationId":"bkt6k5yclks9w4o","timestamp":1675272378617,"id":"aliffiyapaaf6r8","previousEventId":"qyljtoaubkgspir","operationId":"jm5tcykypok6g52"}
{"type":"operationStart","subtype":"render","name":"orders-header","previousOperationId":"jm5tcykypok6g52","timestamp":1675272378618,"id":"s9yeq1q4a67ozhz","previousEventId":"aliffiyapaaf6r8","operationId":"ashwkp75y3pb575"}
{"type":"log","timestamp":1675272378618,"level":"info","message":"Starting rendering (child) request","meta":{"rootId":"624tnnkor2eanmu","id":"9hbeo21tob8u14i"},"id":"xqyga9p1w0uvw80","previousOperationId":"ashwkp75y3pb575"}
{"type":"log","timestamp":1675272378618,"level":"info","message":"Rendering template { name: orders-header, recipe: chrome-pdf, engine: handlebars, preview: true }","meta":{"rootId":"624tnnkor2eanmu","id":"9hbeo21tob8u14i"},"id":"4vwcaaxdo4vvemu","previousOperationId":"ashwkp75y3pb575"}
{"type":"log","timestamp":1675272378619,"level":"debug","message":"Inline data specified.","meta":{"rootId":"624tnnkor2eanmu","id":"9hbeo21tob8u14i"},"id":"megq83vzun96lbi","previousOperationId":"ashwkp75y3pb575"}
{"type":"log","timestamp":1675272378624,"level":"debug","message":"Base url not specified, skipping its injection.","meta":{"rootId":"624tnnkor2eanmu","id":"9hbeo21tob8u14i"},"id":"63ctnoze5w518z1","previousOperationId":"ashwkp75y3pb575"}
{"type":"operationStart","subtype":"engine","name":"handlebars","timestamp":1675272378624,"id":"carpkqqf5txamre","previousEventId":"s9yeq1q4a67ozhz","operationId":"m0o3a1o1hlcfi1s","previousOperationId":"ashwkp75y3pb575"}
{"type":"log","timestamp":1675272378624,"level":"debug","message":"Rendering engine handlebars","meta":{"rootId":"624tnnkor2eanmu","id":"9hbeo21tob8u14i"},"id":"bf0grid7u95l6fu","previousOperationId":"m0o3a1o1hlcfi1s"}
{"type":"operationEnd","operationId":"m0o3a1o1hlcfi1s","timestamp":1675272378639,"id":"88ahaysya6kohho","previousEventId":"carpkqqf5txamre","previousOperationId":"m0o3a1o1hlcfi1s"}
{"type":"operationStart","subtype":"recipe","name":"chrome-pdf","timestamp":1675272378639,"id":"v3jhm3fre81e4r7","previousEventId":"88ahaysya6kohho","operationId":"eyr33yww1mtjeg0","previousOperationId":"m0o3a1o1hlcfi1s"}
{"type":"log","timestamp":1675272378639,"level":"debug","message":"Executing recipe chrome-pdf","meta":{"rootId":"624tnnkor2eanmu","id":"9hbeo21tob8u14i"},"id":"z4hq4j12g9gnix2","previousOperationId":"eyr33yww1mtjeg0"}
{"type":"log","timestamp":1675272378641,"level":"debug","message":"Converting with chrome HeadlessChrome/105.0.5173.0 using chrome-pool strategy","meta":{"rootId":"624tnnkor2eanmu","id":"9hbeo21tob8u14i"},"id":"y2pqzorjt4e4l9c","previousOperationId":"eyr33yww1mtjeg0"}
{"type":"log","timestamp":1675272378730,"level":"debug","message":"Page request: GET (document) file:///C:/Users/pollo/AppData/Local/Temp/jsreport/autocleanup/ee7683d3-5a23-4622-ac61-6d752aa66eaa-chrome-pdf.html","meta":{"rootId":"624tnnkor2eanmu","id":"9hbeo21tob8u14i"},"id":"sb9ksrk3cc5oyq0","previousOperationId":"eyr33yww1mtjeg0"}
{"type":"log","timestamp":1675272378739,"level":"debug","message":"Page request finished: GET (document) 200 file:///C:/Users/pollo/AppData/Local/Temp/jsreport/autocleanup/ee7683d3-5a23-4622-ac61-6d752aa66eaa-chrome-pdf.html","meta":{"rootId":"624tnnkor2eanmu","id":"9hbeo21tob8u14i"},"id":"4pjbc2todlru1lg","previousOperationId":"eyr33yww1mtjeg0"}
{"type":"log","timestamp":1675272378740,"level":"debug","message":"Page request: GET (stylesheet) https://cdnjs.cloudflare.com/ajax/libs/metro/4.1.5/css/metro.min.css","meta":{"rootId":"624tnnkor2eanmu","id":"9hbeo21tob8u14i"},"id":"rt6oh2tqbqymf2u","previousOperationId":"eyr33yww1mtjeg0"}
{"type":"log","timestamp":1675272378764,"level":"debug","message":"Page request finished: GET (stylesheet) 200 https://cdnjs.cloudflare.com/ajax/libs/metro/4.1.5/css/metro.min.css","meta":{"rootId":"624tnnkor2eanmu","id":"9hbeo21tob8u14i"},"id":"gc4h4zmt8crgpuq","previousOperationId":"eyr33yww1mtjeg0"}
{"type":"log","timestamp":1675272378785,"level":"debug","message":"Running chrome with params {\"printBackground\":true,\"marginTop\":\"1.5cm\",\"marginRight\":\"1.5cm\",\"marginLeft\":\"1.cm\",\"timeout\":59540,\"margin\":{\"top\":\"1.5cm\",\"right\":\"1.5cm\",\"left\":\"1.cm\"}}","meta":{"rootId":"624tnnkor2eanmu","id":"9hbeo21tob8u14i"},"id":"7alearevf2iydt0","previousOperationId":"eyr33yww1mtjeg0"}
{"type":"operationEnd","operationId":"eyr33yww1mtjeg0","timestamp":1675272378844,"id":"tofst2je0487zmf","previousEventId":"v3jhm3fre81e4r7","previousOperationId":"eyr33yww1mtjeg0"}
{"type":"log","timestamp":1675272378844,"level":"debug","message":"Skipping storing report.","meta":{"rootId":"624tnnkor2eanmu","id":"9hbeo21tob8u14i"},"id":"brkjb2sq1z55jp4","previousOperationId":"eyr33yww1mtjeg0"}
{"type":"log","timestamp":1675272378845,"level":"info","message":"Rendering (child) request finished in 665 ms","meta":{"rootId":"624tnnkor2eanmu","id":"9hbeo21tob8u14i"},"id":"20dfiofisnu0ws5","previousOperationId":"eyr33yww1mtjeg0"}
{"type":"operationEnd","subtype":"render","operationId":"ashwkp75y3pb575","timestamp":1675272378845,"id":"d1fwyzho7du0e4v","previousEventId":"tofst2je0487zmf","previousOperationId":"eyr33yww1mtjeg0"}
{"type":"operationEnd","operationId":"jm5tcykypok6g52","timestamp":1675272378848,"id":"scf2gp4qn3b1zch","previousEventId":"aliffiyapaaf6r8","previousOperationId":"jm5tcykypok6g52"}
{"type":"log","timestamp":1675272378848,"level":"debug","message":"pdf-utils postproces start","meta":{"rootId":"624tnnkor2eanmu","id":"624tnnkor2eanmu"},"id":"hxgj3wyen5b41xi","previousOperationId":"jm5tcykypok6g52"}
{"type":"log","timestamp":1675272378852,"level":"debug","message":"pdf-utils postproces end","meta":{"rootId":"624tnnkor2eanmu","id":"624tnnkor2eanmu"},"id":"9oz0rxy52aeq2pf","previousOperationId":"jm5tcykypok6g52"}
{"type":"operationEnd","operationId":"bkt6k5yclks9w4o","timestamp":1675272378852,"id":"cvtina2v7qwpe58","previousEventId":"scf2gp4qn3b1zch","previousOperationId":"jm5tcykypok6g52"}
{"type":"log","timestamp":1675272378852,"level":"info","message":"pdf-utils pdf processing was finished","meta":{"rootId":"624tnnkor2eanmu","id":"624tnnkor2eanmu"},"id":"98psedzp8bkwrwp","previousOperationId":"bkt6k5yclks9w4o"}
{"type":"log","timestamp":1675272378852,"level":"debug","message":"Skipping storing report.","meta":{"rootId":"624tnnkor2eanmu","id":"624tnnkor2eanmu"},"id":"9l3yr9gikioeu2h","previousOperationId":"bkt6k5yclks9w4o"}
{"type":"log","timestamp":1675272378852,"level":"info","message":"Rendering request 26 finished in 672 ms","meta":{"rootId":"624tnnkor2eanmu","id":"624tnnkor2eanmu"},"id":"7r9alsmffgq6xqe","previousOperationId":"bkt6k5yclks9w4o"}
{"type":"operationEnd","subtype":"render","operationId":"6db3hgsttilnurs","timestamp":1675272378852,"id":"0in4a3sw837bhic","previousEventId":"cvtina2v7qwpe58","previousOperationId":"bkt6k5yclks9w4o"}
{"type":"operationEnd","doDiffs":false,"previousEventId":"kzisqichwfifiww","previousOperationId":"9ymmbevsp6y1hu8","operationId":"9ymmbevsp6y1hu8","timestamp":1675272378859,"id":"9f92fu2sa74yd3j"}
