{"type":"operationStart","subtype":"profile","data":{"_id":"08qMhffItTT8m3CT","timestamp":"2023-02-05T19:14:53.883Z","state":"queued","mode":"standard","creationDate":"2023-02-05T19:14:53.885Z","modificationDate":"2023-02-05T19:14:53.885Z","shortid":"mM0jnQh","$entitySet":"profiles"},"doDiffs":false,"timestamp":1675624493884,"id":"j3pbze8dg0ev3os","previousOperationId":null,"operationId":"48c30ohdfp0rnwo"}
{"type":"log","level":"info","message":"Render request 48 queued for execution and waiting for available worker","previousOperationId":"48c30ohdfp0rnwo","timestamp":1675624493884,"id":"p6bzbkod5vbfc6p"}
{"type":"operationStart","subtype":"render","name":"orders-main","previousOperationId":"48c30ohdfp0rnwo","timestamp":1675624493894,"id":"gy626kezqana9sw","previousEventId":"j3pbze8dg0ev3os","operationId":"jdutsoyh99dlxtp"}
{"type":"log","timestamp":1675624493894,"level":"info","message":"Starting rendering request 48","meta":{"rootId":"6a7yji6veip4e7p","id":"6a7yji6veip4e7p"},"id":"emsnhtjwefhyrjp","previousOperationId":"jdutsoyh99dlxtp"}
{"type":"log","timestamp":1675624493895,"level":"info","message":"Rendering template { name: orders-main, recipe: chrome-pdf, engine: handlebars, preview: true }","meta":{"rootId":"6a7yji6veip4e7p","id":"6a7yji6veip4e7p"},"id":"0wzema48n3l9rev","previousOperationId":"jdutsoyh99dlxtp"}
{"type":"log","timestamp":1675624493895,"level":"debug","message":"Data item not defined for this template.","meta":{"rootId":"6a7yji6veip4e7p","id":"6a7yji6veip4e7p"},"id":"e00d1cvfsj148oi","previousOperationId":"jdutsoyh99dlxtp"}
{"type":"log","timestamp":1675624493898,"level":"debug","message":"Executing script orders-script (beforeRender)","meta":{"rootId":"6a7yji6veip4e7p","id":"6a7yji6veip4e7p"},"id":"py8pp2elszsj4bg","previousOperationId":"jdutsoyh99dlxtp"}
{"type":"operationStart","subtype":"scriptsBeforeRender","name":"scripts beforeRender","timestamp":1675624493928,"id":"p6u3dkqbk94njj7","previousEventId":"gy626kezqana9sw","operationId":"6mzhl9gahel8ppn","previousOperationId":"jdutsoyh99dlxtp"}
{"type":"operationStart","subtype":"script","name":"scripts orders-script","previousOperationId":"6mzhl9gahel8ppn","timestamp":1675624493928,"id":"l7y1tg6a4umbk2h","previousEventId":"p6u3dkqbk94njj7","operationId":"liswwdab6atq288"}
{"type":"operationEnd","operationId":"liswwdab6atq288","timestamp":1675624494229,"id":"zflzfrrntroyybv","previousEventId":"gy626kezqana9sw","previousOperationId":"jdutsoyh99dlxtp"}
{"type":"operationEnd","operationId":"6mzhl9gahel8ppn","timestamp":1675624494229,"id":"uxd2ii6bze1cpnx","previousEventId":"zflzfrrntroyybv","previousOperationId":"jdutsoyh99dlxtp"}
{"type":"log","timestamp":1675624494229,"level":"debug","message":"Base url not specified, skipping its injection.","meta":{"rootId":"6a7yji6veip4e7p","id":"6a7yji6veip4e7p"},"id":"3v2zrxk00wt09f4","previousOperationId":"6mzhl9gahel8ppn"}
{"type":"operationStart","subtype":"engine","name":"handlebars","timestamp":1675624494229,"id":"6v0g71yjxf4oqlw","previousEventId":"uxd2ii6bze1cpnx","operationId":"d4ewl7vcnlk8e5e","previousOperationId":"6mzhl9gahel8ppn"}
{"type":"log","timestamp":1675624494229,"level":"debug","message":"Rendering engine handlebars","meta":{"rootId":"6a7yji6veip4e7p","id":"6a7yji6veip4e7p"},"id":"jc0rhzufmui46lo","previousOperationId":"d4ewl7vcnlk8e5e"}
{"type":"operationEnd","operationId":"d4ewl7vcnlk8e5e","timestamp":1675624494242,"id":"69iktbn4kdl7mqv","previousEventId":"6v0g71yjxf4oqlw","previousOperationId":"d4ewl7vcnlk8e5e"}
{"type":"operationStart","subtype":"recipe","name":"chrome-pdf","timestamp":1675624494242,"id":"yqtnacyit63a4lh","previousEventId":"69iktbn4kdl7mqv","operationId":"8uop0eelo93jexo","previousOperationId":"d4ewl7vcnlk8e5e"}
{"type":"log","timestamp":1675624494242,"level":"debug","message":"Executing recipe chrome-pdf","meta":{"rootId":"6a7yji6veip4e7p","id":"6a7yji6veip4e7p"},"id":"owme90mdzjthngi","previousOperationId":"8uop0eelo93jexo"}
{"type":"log","timestamp":1675624494245,"level":"debug","message":"Converting with chrome HeadlessChrome/105.0.5173.0 using chrome-pool strategy","meta":{"rootId":"6a7yji6veip4e7p","id":"6a7yji6veip4e7p"},"id":"goapuqoui1b2gmz","previousOperationId":"8uop0eelo93jexo"}
{"type":"log","timestamp":1675624494346,"level":"debug","message":"Page request: GET (document) file:///C:/Users/pollo/AppData/Local/Temp/jsreport/autocleanup/804b55e5-21db-4773-8959-6b7e02c798f7-chrome-pdf.html","meta":{"rootId":"6a7yji6veip4e7p","id":"6a7yji6veip4e7p"},"id":"s9fwv96xhozoak6","previousOperationId":"8uop0eelo93jexo"}
{"type":"log","timestamp":1675624494366,"level":"debug","message":"Page request finished: GET (document) 200 file:///C:/Users/pollo/AppData/Local/Temp/jsreport/autocleanup/804b55e5-21db-4773-8959-6b7e02c798f7-chrome-pdf.html","meta":{"rootId":"6a7yji6veip4e7p","id":"6a7yji6veip4e7p"},"id":"nrl7abl91gmp5r7","previousOperationId":"8uop0eelo93jexo"}
{"type":"log","timestamp":1675624494366,"level":"debug","message":"Page request: GET (stylesheet) https://cdnjs.cloudflare.com/ajax/libs/metro/4.1.5/css/metro.min.css","meta":{"rootId":"6a7yji6veip4e7p","id":"6a7yji6veip4e7p"},"id":"4eply67jwrxypiv","previousOperationId":"8uop0eelo93jexo"}
{"type":"log","timestamp":1675624494366,"level":"debug","message":"Page request: GET (script) https://cdn.jsdelivr.net/npm/chart.js","meta":{"rootId":"6a7yji6veip4e7p","id":"6a7yji6veip4e7p"},"id":"apas6zj2tevmtor","previousOperationId":"8uop0eelo93jexo"}
{"type":"log","timestamp":1675624494373,"level":"debug","message":"Page request finished: GET (script) 200 https://cdn.jsdelivr.net/npm/chart.js","meta":{"rootId":"6a7yji6veip4e7p","id":"6a7yji6veip4e7p"},"id":"m0ctg6j4g7yi0wo","previousOperationId":"8uop0eelo93jexo"}
{"type":"log","timestamp":1675624494390,"level":"debug","message":"Page request finished: GET (stylesheet) 200 https://cdnjs.cloudflare.com/ajax/libs/metro/4.1.5/css/metro.min.css","meta":{"rootId":"6a7yji6veip4e7p","id":"6a7yji6veip4e7p"},"id":"ra2yrux6myss1u0","previousOperationId":"8uop0eelo93jexo"}
{"type":"log","timestamp":1675624494395,"level":"warn","message":"Page error: SyntaxError: Unexpected token ','","meta":{"rootId":"6a7yji6veip4e7p","id":"6a7yji6veip4e7p"},"id":"suuk6afthyqv4pg","previousOperationId":"8uop0eelo93jexo"}
{"type":"log","timestamp":1675624494426,"level":"debug","message":"Running chrome with params {\"printBackground\":true,\"marginTop\":\"4cm\",\"marginRight\":\"1.5cm\",\"marginBottom\":\"1.5cm\",\"marginLeft\":\"1.5cm\",\"waitForJS\":false,\"timeout\":59639,\"margin\":{\"top\":\"4cm\",\"right\":\"1.5cm\",\"bottom\":\"1.5cm\",\"left\":\"1.5cm\"}}","meta":{"rootId":"6a7yji6veip4e7p","id":"6a7yji6veip4e7p"},"id":"pgf09taoyvs9esr","previousOperationId":"8uop0eelo93jexo"}
{"type":"operationEnd","operationId":"8uop0eelo93jexo","timestamp":1675624494507,"id":"bbba65cv87iwp52","previousEventId":"yqtnacyit63a4lh","previousOperationId":"8uop0eelo93jexo"}
{"type":"log","timestamp":1675624494507,"level":"info","message":"pdf-utils is starting pdf processing","meta":{"rootId":"6a7yji6veip4e7p","id":"6a7yji6veip4e7p"},"id":"rq2wrolvikvgshd","previousOperationId":"8uop0eelo93jexo"}
{"type":"operationStart","subtype":"pdfUtils","name":"pdf utils","timestamp":1675624494507,"id":"geaai8ch8alcihj","previousEventId":"bbba65cv87iwp52","operationId":"yv5zurh8vw361ro","previousOperationId":"8uop0eelo93jexo"}
{"type":"log","timestamp":1675624494507,"level":"debug","message":"pdf-utils detected 1 pdf operation(s) to process","meta":{"rootId":"6a7yji6veip4e7p","id":"6a7yji6veip4e7p"},"id":"ouflfrqyh0m85fp","previousOperationId":"yv5zurh8vw361ro"}
{"type":"log","timestamp":1675624494528,"level":"debug","message":"pdf-utils running pdf operation merge","meta":{"rootId":"6a7yji6veip4e7p","id":"6a7yji6veip4e7p"},"id":"27471iio04an6lz","previousOperationId":"yv5zurh8vw361ro"}
{"type":"operationStart","subtype":"pdfUtilsMerge","name":"pdf utils merge","previousOperationId":"yv5zurh8vw361ro","timestamp":1675624494528,"id":"elycjow1vlpgs9l","previousEventId":"geaai8ch8alcihj","operationId":"o4twzhmvoc03ezj"}
{"type":"operationStart","subtype":"render","name":"orders-header","previousOperationId":"o4twzhmvoc03ezj","timestamp":1675624494529,"id":"fdzah9929g3n388","previousEventId":"elycjow1vlpgs9l","operationId":"o9c80iq4sjcg6nh"}
{"type":"log","timestamp":1675624494529,"level":"info","message":"Starting rendering (child) request","meta":{"rootId":"6a7yji6veip4e7p","id":"g19v2g1h1p5jx3t"},"id":"bhhckakwhl1lnbl","previousOperationId":"o9c80iq4sjcg6nh"}
{"type":"log","timestamp":1675624494529,"level":"info","message":"Rendering template { name: orders-header, recipe: chrome-pdf, engine: handlebars, preview: true }","meta":{"rootId":"6a7yji6veip4e7p","id":"g19v2g1h1p5jx3t"},"id":"qnon6eow7akt9pu","previousOperationId":"o9c80iq4sjcg6nh"}
{"type":"log","timestamp":1675624494530,"level":"debug","message":"Inline data specified.","meta":{"rootId":"6a7yji6veip4e7p","id":"g19v2g1h1p5jx3t"},"id":"xjp3neu69lfki1j","previousOperationId":"o9c80iq4sjcg6nh"}
{"type":"log","timestamp":1675624494533,"level":"debug","message":"Base url not specified, skipping its injection.","meta":{"rootId":"6a7yji6veip4e7p","id":"g19v2g1h1p5jx3t"},"id":"lp1u1j948ktpp30","previousOperationId":"o9c80iq4sjcg6nh"}
{"type":"operationStart","subtype":"engine","name":"handlebars","timestamp":1675624494534,"id":"qj00psknustqoha","previousEventId":"fdzah9929g3n388","operationId":"qzt8px2gtt2e3d9","previousOperationId":"o9c80iq4sjcg6nh"}
{"type":"log","timestamp":1675624494534,"level":"debug","message":"Rendering engine handlebars","meta":{"rootId":"6a7yji6veip4e7p","id":"g19v2g1h1p5jx3t"},"id":"zmhy1jlqtcqqj3z","previousOperationId":"qzt8px2gtt2e3d9"}
{"type":"operationEnd","operationId":"qzt8px2gtt2e3d9","timestamp":1675624494549,"id":"lglt3ahw7fzzznk","previousEventId":"qj00psknustqoha","previousOperationId":"qzt8px2gtt2e3d9"}
{"type":"operationStart","subtype":"recipe","name":"chrome-pdf","timestamp":1675624494549,"id":"bo03wx0k7xyll0m","previousEventId":"lglt3ahw7fzzznk","operationId":"hf89urs9vzrc2wl","previousOperationId":"qzt8px2gtt2e3d9"}
{"type":"log","timestamp":1675624494549,"level":"debug","message":"Executing recipe chrome-pdf","meta":{"rootId":"6a7yji6veip4e7p","id":"g19v2g1h1p5jx3t"},"id":"5hh0sraezbpr20a","previousOperationId":"hf89urs9vzrc2wl"}
{"type":"log","timestamp":1675624494552,"level":"debug","message":"Converting with chrome HeadlessChrome/105.0.5173.0 using chrome-pool strategy","meta":{"rootId":"6a7yji6veip4e7p","id":"g19v2g1h1p5jx3t"},"id":"nl05zyaopst1eo0","previousOperationId":"hf89urs9vzrc2wl"}
{"type":"log","timestamp":1675624494656,"level":"debug","message":"Page request: GET (document) file:///C:/Users/pollo/AppData/Local/Temp/jsreport/autocleanup/3e4fb3ef-d85e-4e34-afc6-be872bbc8fb0-chrome-pdf.html","meta":{"rootId":"6a7yji6veip4e7p","id":"g19v2g1h1p5jx3t"},"id":"sxxeydkb2i200td","previousOperationId":"hf89urs9vzrc2wl"}
{"type":"log","timestamp":1675624494665,"level":"debug","message":"Page request finished: GET (document) 200 file:///C:/Users/pollo/AppData/Local/Temp/jsreport/autocleanup/3e4fb3ef-d85e-4e34-afc6-be872bbc8fb0-chrome-pdf.html","meta":{"rootId":"6a7yji6veip4e7p","id":"g19v2g1h1p5jx3t"},"id":"p4vxnr5pr65s6dk","previousOperationId":"hf89urs9vzrc2wl"}
{"type":"log","timestamp":1675624494665,"level":"debug","message":"Page request: GET (stylesheet) https://cdnjs.cloudflare.com/ajax/libs/metro/4.1.5/css/metro.min.css","meta":{"rootId":"6a7yji6veip4e7p","id":"g19v2g1h1p5jx3t"},"id":"0ddy82zdvj51k4v","previousOperationId":"hf89urs9vzrc2wl"}
{"type":"log","timestamp":1675624494686,"level":"debug","message":"Page request finished: GET (stylesheet) 200 https://cdnjs.cloudflare.com/ajax/libs/metro/4.1.5/css/metro.min.css","meta":{"rootId":"6a7yji6veip4e7p","id":"g19v2g1h1p5jx3t"},"id":"mszsn8wromfxf1s","previousOperationId":"hf89urs9vzrc2wl"}
{"type":"log","timestamp":1675624494708,"level":"debug","message":"Running chrome with params {\"printBackground\":true,\"marginTop\":\"1.5cm\",\"marginRight\":\"1.5cm\",\"marginLeft\":\"1.cm\",\"timeout\":59332,\"margin\":{\"top\":\"1.5cm\",\"right\":\"1.5cm\",\"left\":\"1.cm\"}}","meta":{"rootId":"6a7yji6veip4e7p","id":"g19v2g1h1p5jx3t"},"id":"6b4itr29va61t4e","previousOperationId":"hf89urs9vzrc2wl"}
{"type":"operationEnd","operationId":"hf89urs9vzrc2wl","timestamp":1675624494769,"id":"uje47m6pwnhnuf8","previousEventId":"bo03wx0k7xyll0m","previousOperationId":"hf89urs9vzrc2wl"}
{"type":"log","timestamp":1675624494769,"level":"debug","message":"Skipping storing report.","meta":{"rootId":"6a7yji6veip4e7p","id":"g19v2g1h1p5jx3t"},"id":"biifkt1qk7er8v5","previousOperationId":"hf89urs9vzrc2wl"}
{"type":"log","timestamp":1675624494769,"level":"info","message":"Rendering (child) request finished in 886 ms","meta":{"rootId":"6a7yji6veip4e7p","id":"g19v2g1h1p5jx3t"},"id":"9bwsucaayn6ez0w","previousOperationId":"hf89urs9vzrc2wl"}
{"type":"operationEnd","subtype":"render","operationId":"o9c80iq4sjcg6nh","timestamp":1675624494769,"id":"phiqyq7ykjixmcy","previousEventId":"uje47m6pwnhnuf8","previousOperationId":"hf89urs9vzrc2wl"}
{"type":"operationEnd","operationId":"o4twzhmvoc03ezj","timestamp":1675624494778,"id":"76q018fjwcljcla","previousEventId":"elycjow1vlpgs9l","previousOperationId":"o4twzhmvoc03ezj"}
{"type":"log","timestamp":1675624494778,"level":"debug","message":"pdf-utils postproces start","meta":{"rootId":"6a7yji6veip4e7p","id":"6a7yji6veip4e7p"},"id":"r96i6q9zyz5yjll","previousOperationId":"o4twzhmvoc03ezj"}
{"type":"log","timestamp":1675624494786,"level":"debug","message":"pdf-utils postproces end","meta":{"rootId":"6a7yji6veip4e7p","id":"6a7yji6veip4e7p"},"id":"hnfruc4l0cvcwsu","previousOperationId":"o4twzhmvoc03ezj"}
{"type":"operationEnd","operationId":"yv5zurh8vw361ro","timestamp":1675624494786,"id":"k70r7fal5z1j19t","previousEventId":"76q018fjwcljcla","previousOperationId":"o4twzhmvoc03ezj"}
{"type":"log","timestamp":1675624494786,"level":"info","message":"pdf-utils pdf processing was finished","meta":{"rootId":"6a7yji6veip4e7p","id":"6a7yji6veip4e7p"},"id":"mc02edqtvazvckp","previousOperationId":"yv5zurh8vw361ro"}
{"type":"log","timestamp":1675624494786,"level":"debug","message":"Skipping storing report.","meta":{"rootId":"6a7yji6veip4e7p","id":"6a7yji6veip4e7p"},"id":"xj4fl51igxe3pxu","previousOperationId":"yv5zurh8vw361ro"}
{"type":"log","timestamp":1675624494786,"level":"info","message":"Rendering request 48 finished in 903 ms","meta":{"rootId":"6a7yji6veip4e7p","id":"6a7yji6veip4e7p"},"id":"5x2a9vrg4pr0bqk","previousOperationId":"yv5zurh8vw361ro"}
{"type":"operationEnd","subtype":"render","operationId":"jdutsoyh99dlxtp","timestamp":1675624494786,"id":"7dss7qtbyrlyce5","previousEventId":"k70r7fal5z1j19t","previousOperationId":"yv5zurh8vw361ro"}
{"type":"operationEnd","doDiffs":false,"previousEventId":"j3pbze8dg0ev3os","previousOperationId":"48c30ohdfp0rnwo","operationId":"48c30ohdfp0rnwo","timestamp":1675624494794,"id":"du5v895a5n915oo"}
