{"type":"operationStart","subtype":"profile","data":{"_id":"ieFPP1BBGNTCGHM7","timestamp":"2023-02-03T17:37:20.692Z","state":"queued","mode":"standard","creationDate":"2023-02-03T17:37:20.694Z","modificationDate":"2023-02-03T17:37:20.694Z","shortid":"foeDNy1","$entitySet":"profiles"},"doDiffs":false,"timestamp":1675445840693,"id":"sqh9zj2an84ews0","previousOperationId":null,"operationId":"lj3y35v1g11ee1h"}
{"type":"log","level":"info","message":"Render request 6 queued for execution and waiting for available worker","previousOperationId":"lj3y35v1g11ee1h","timestamp":1675445840693,"id":"jco11ujkmz28yi3"}
{"type":"operationStart","subtype":"render","name":"orders-main","previousOperationId":"lj3y35v1g11ee1h","timestamp":1675445840702,"id":"r9twopccl1p9ymj","previousEventId":"sqh9zj2an84ews0","operationId":"z3gr4yroogoy667"}
{"type":"log","timestamp":1675445840702,"level":"info","message":"Starting rendering request 6","meta":{"rootId":"6gw8s8a2z6mj4jh","id":"6gw8s8a2z6mj4jh"},"id":"nszis4y71wgzjot","previousOperationId":"z3gr4yroogoy667"}
{"type":"log","timestamp":1675445840702,"level":"info","message":"Rendering template { name: orders-main, recipe: chrome-pdf, engine: handlebars, preview: true }","meta":{"rootId":"6gw8s8a2z6mj4jh","id":"6gw8s8a2z6mj4jh"},"id":"ku96d22bwx8f09l","previousOperationId":"z3gr4yroogoy667"}
{"type":"log","timestamp":1675445840703,"level":"debug","message":"Data item not defined for this template.","meta":{"rootId":"6gw8s8a2z6mj4jh","id":"6gw8s8a2z6mj4jh"},"id":"0awjurs5hu7iofa","previousOperationId":"z3gr4yroogoy667"}
{"type":"log","timestamp":1675445840707,"level":"debug","message":"Executing script orders-script (beforeRender)","meta":{"rootId":"6gw8s8a2z6mj4jh","id":"6gw8s8a2z6mj4jh"},"id":"epsmw1sztnojwbh","previousOperationId":"z3gr4yroogoy667"}
{"type":"operationStart","subtype":"scriptsBeforeRender","name":"scripts beforeRender","timestamp":1675445840738,"id":"p6sgns3whbgmxjg","previousEventId":"r9twopccl1p9ymj","operationId":"8rflwevzmi69mp0","previousOperationId":"z3gr4yroogoy667"}
{"type":"operationStart","subtype":"script","name":"scripts orders-script","previousOperationId":"8rflwevzmi69mp0","timestamp":1675445840738,"id":"1enjw9lbtwr726e","previousEventId":"p6sgns3whbgmxjg","operationId":"sihoamnfctfzou9"}
{"type":"operationEnd","operationId":"sihoamnfctfzou9","timestamp":1675445840960,"id":"79woglt0bx0pwmp","previousEventId":"r9twopccl1p9ymj","previousOperationId":"z3gr4yroogoy667"}
{"type":"operationEnd","operationId":"8rflwevzmi69mp0","timestamp":1675445840960,"id":"ddh2021jusrqq6c","previousEventId":"79woglt0bx0pwmp","previousOperationId":"z3gr4yroogoy667"}
{"type":"log","timestamp":1675445840960,"level":"debug","message":"Base url not specified, skipping its injection.","meta":{"rootId":"6gw8s8a2z6mj4jh","id":"6gw8s8a2z6mj4jh"},"id":"e9kebsp6c8vzmvi","previousOperationId":"8rflwevzmi69mp0"}
{"type":"operationStart","subtype":"engine","name":"handlebars","timestamp":1675445840961,"id":"hgghlbshu93ij6e","previousEventId":"ddh2021jusrqq6c","operationId":"rdbofs2fiq6gnlz","previousOperationId":"8rflwevzmi69mp0"}
{"type":"log","timestamp":1675445840961,"level":"debug","message":"Rendering engine handlebars","meta":{"rootId":"6gw8s8a2z6mj4jh","id":"6gw8s8a2z6mj4jh"},"id":"wpeum0u8gd169j3","previousOperationId":"rdbofs2fiq6gnlz"}
{"type":"operationEnd","operationId":"rdbofs2fiq6gnlz","timestamp":1675445840972,"id":"d74htpj3r7bm1j1","previousEventId":"hgghlbshu93ij6e","previousOperationId":"rdbofs2fiq6gnlz"}
{"type":"operationStart","subtype":"recipe","name":"chrome-pdf","timestamp":1675445840972,"id":"4u7yoi88qzes8ah","previousEventId":"d74htpj3r7bm1j1","operationId":"kyvo3f9epyw9r9d","previousOperationId":"rdbofs2fiq6gnlz"}
{"type":"log","timestamp":1675445840972,"level":"debug","message":"Executing recipe chrome-pdf","meta":{"rootId":"6gw8s8a2z6mj4jh","id":"6gw8s8a2z6mj4jh"},"id":"6227z2engmwlnn7","previousOperationId":"kyvo3f9epyw9r9d"}
{"type":"log","timestamp":1675445840975,"level":"debug","message":"Converting with chrome HeadlessChrome/105.0.5173.0 using chrome-pool strategy","meta":{"rootId":"6gw8s8a2z6mj4jh","id":"6gw8s8a2z6mj4jh"},"id":"o394gzwyoliqoki","previousOperationId":"kyvo3f9epyw9r9d"}
{"type":"log","timestamp":1675445841084,"level":"debug","message":"Page request: GET (document) file:///C:/Users/pollo/AppData/Local/Temp/jsreport/autocleanup/ec34a95e-26fb-49dc-bd4a-8493d03c321a-chrome-pdf.html","meta":{"rootId":"6gw8s8a2z6mj4jh","id":"6gw8s8a2z6mj4jh"},"id":"xv4kjrvx0o9ftsj","previousOperationId":"kyvo3f9epyw9r9d"}
{"type":"log","timestamp":1675445841096,"level":"debug","message":"Page request finished: GET (document) 200 file:///C:/Users/pollo/AppData/Local/Temp/jsreport/autocleanup/ec34a95e-26fb-49dc-bd4a-8493d03c321a-chrome-pdf.html","meta":{"rootId":"6gw8s8a2z6mj4jh","id":"6gw8s8a2z6mj4jh"},"id":"vi2okzylkc91ope","previousOperationId":"kyvo3f9epyw9r9d"}
{"type":"log","timestamp":1675445841096,"level":"debug","message":"Page request: GET (stylesheet) https://cdnjs.cloudflare.com/ajax/libs/metro/4.1.5/css/metro.min.css","meta":{"rootId":"6gw8s8a2z6mj4jh","id":"6gw8s8a2z6mj4jh"},"id":"8gi70myk5dhucqc","previousOperationId":"kyvo3f9epyw9r9d"}
{"type":"log","timestamp":1675445841096,"level":"debug","message":"Page request: GET (script) https://cdnjs.cloudflare.com/ajax/libs/Chart.js/2.7.2/Chart.min.js","meta":{"rootId":"6gw8s8a2z6mj4jh","id":"6gw8s8a2z6mj4jh"},"id":"6qduz3vul9z21tr","previousOperationId":"kyvo3f9epyw9r9d"}
{"type":"log","timestamp":1675445841104,"level":"debug","message":"Page request finished: GET (script) 200 https://cdnjs.cloudflare.com/ajax/libs/Chart.js/2.7.2/Chart.min.js","meta":{"rootId":"6gw8s8a2z6mj4jh","id":"6gw8s8a2z6mj4jh"},"id":"dhx5uio8w72lwhk","previousOperationId":"kyvo3f9epyw9r9d"}
{"type":"log","timestamp":1675445841123,"level":"debug","message":"Page request finished: GET (stylesheet) 200 https://cdnjs.cloudflare.com/ajax/libs/metro/4.1.5/css/metro.min.css","meta":{"rootId":"6gw8s8a2z6mj4jh","id":"6gw8s8a2z6mj4jh"},"id":"4zvce6j3w228yxf","previousOperationId":"kyvo3f9epyw9r9d"}
{"type":"log","timestamp":1675445841151,"level":"debug","message":"Running chrome with params {\"printBackground\":true,\"marginTop\":\"4cm\",\"marginRight\":\"1.5cm\",\"marginBottom\":\"1.5cm\",\"marginLeft\":\"1.5cm\",\"waitForJS\":false,\"timeout\":59718,\"margin\":{\"top\":\"4cm\",\"right\":\"1.5cm\",\"bottom\":\"1.5cm\",\"left\":\"1.5cm\"}}","meta":{"rootId":"6gw8s8a2z6mj4jh","id":"6gw8s8a2z6mj4jh"},"id":"knjdh9i6yh3hs0c","previousOperationId":"kyvo3f9epyw9r9d"}
{"type":"operationEnd","operationId":"kyvo3f9epyw9r9d","timestamp":1675445841210,"id":"7ey2xu78gofm5of","previousEventId":"4u7yoi88qzes8ah","previousOperationId":"kyvo3f9epyw9r9d"}
{"type":"log","timestamp":1675445841210,"level":"info","message":"pdf-utils is starting pdf processing","meta":{"rootId":"6gw8s8a2z6mj4jh","id":"6gw8s8a2z6mj4jh"},"id":"ik7xbawsidmtx5d","previousOperationId":"kyvo3f9epyw9r9d"}
{"type":"operationStart","subtype":"pdfUtils","name":"pdf utils","timestamp":1675445841210,"id":"z4olal3ovx7mar4","previousEventId":"7ey2xu78gofm5of","operationId":"s3htb3urdhdizrh","previousOperationId":"kyvo3f9epyw9r9d"}
{"type":"log","timestamp":1675445841210,"level":"debug","message":"pdf-utils detected 1 pdf operation(s) to process","meta":{"rootId":"6gw8s8a2z6mj4jh","id":"6gw8s8a2z6mj4jh"},"id":"3gwqp2gkajfjpko","previousOperationId":"s3htb3urdhdizrh"}
{"type":"log","timestamp":1675445841224,"level":"debug","message":"pdf-utils running pdf operation merge","meta":{"rootId":"6gw8s8a2z6mj4jh","id":"6gw8s8a2z6mj4jh"},"id":"zpo63smvna5somg","previousOperationId":"s3htb3urdhdizrh"}
{"type":"operationStart","subtype":"pdfUtilsMerge","name":"pdf utils merge","previousOperationId":"s3htb3urdhdizrh","timestamp":1675445841224,"id":"89tmdn0y2fushtg","previousEventId":"z4olal3ovx7mar4","operationId":"u23oewy7v2m4h71"}
{"type":"operationStart","subtype":"render","name":"orders-header","previousOperationId":"u23oewy7v2m4h71","timestamp":1675445841225,"id":"0yq2yjimvocblcb","previousEventId":"89tmdn0y2fushtg","operationId":"j6pp249n0gpzr75"}
{"type":"log","timestamp":1675445841225,"level":"info","message":"Starting rendering (child) request","meta":{"rootId":"6gw8s8a2z6mj4jh","id":"7qs19jvj0t2ui70"},"id":"zyg0msjey08q9kv","previousOperationId":"j6pp249n0gpzr75"}
{"type":"log","timestamp":1675445841225,"level":"info","message":"Rendering template { name: orders-header, recipe: chrome-pdf, engine: handlebars, preview: true }","meta":{"rootId":"6gw8s8a2z6mj4jh","id":"7qs19jvj0t2ui70"},"id":"r38k54v533wj69n","previousOperationId":"j6pp249n0gpzr75"}
{"type":"log","timestamp":1675445841226,"level":"debug","message":"Inline data specified.","meta":{"rootId":"6gw8s8a2z6mj4jh","id":"7qs19jvj0t2ui70"},"id":"op9kbfn24xs6td5","previousOperationId":"j6pp249n0gpzr75"}
{"type":"log","timestamp":1675445841230,"level":"debug","message":"Base url not specified, skipping its injection.","meta":{"rootId":"6gw8s8a2z6mj4jh","id":"7qs19jvj0t2ui70"},"id":"yi0b0tj5d17acf4","previousOperationId":"j6pp249n0gpzr75"}
{"type":"operationStart","subtype":"engine","name":"handlebars","timestamp":1675445841230,"id":"39lkvjwt83ptm02","previousEventId":"0yq2yjimvocblcb","operationId":"m4463pwbi0pdxoq","previousOperationId":"j6pp249n0gpzr75"}
{"type":"log","timestamp":1675445841230,"level":"debug","message":"Rendering engine handlebars","meta":{"rootId":"6gw8s8a2z6mj4jh","id":"7qs19jvj0t2ui70"},"id":"s1dpsrn94vi088c","previousOperationId":"m4463pwbi0pdxoq"}
{"type":"operationEnd","operationId":"m4463pwbi0pdxoq","timestamp":1675445841253,"id":"2f9vql1v35o0stj","previousEventId":"39lkvjwt83ptm02","previousOperationId":"m4463pwbi0pdxoq"}
{"type":"operationStart","subtype":"recipe","name":"chrome-pdf","timestamp":1675445841253,"id":"9z9w3mwq6dma45e","previousEventId":"2f9vql1v35o0stj","operationId":"2tupdrl48g6sj4r","previousOperationId":"m4463pwbi0pdxoq"}
{"type":"log","timestamp":1675445841253,"level":"debug","message":"Executing recipe chrome-pdf","meta":{"rootId":"6gw8s8a2z6mj4jh","id":"7qs19jvj0t2ui70"},"id":"vxuh5u9lpsrmd3l","previousOperationId":"2tupdrl48g6sj4r"}
{"type":"log","timestamp":1675445841255,"level":"debug","message":"Converting with chrome HeadlessChrome/105.0.5173.0 using chrome-pool strategy","meta":{"rootId":"6gw8s8a2z6mj4jh","id":"7qs19jvj0t2ui70"},"id":"57op6vydxwxybam","previousOperationId":"2tupdrl48g6sj4r"}
{"type":"log","timestamp":1675445841363,"level":"debug","message":"Page request: GET (document) file:///C:/Users/pollo/AppData/Local/Temp/jsreport/autocleanup/e7b97513-2911-42de-925b-90b6ce3533e4-chrome-pdf.html","meta":{"rootId":"6gw8s8a2z6mj4jh","id":"7qs19jvj0t2ui70"},"id":"32z3rqv8bmxvcrj","previousOperationId":"2tupdrl48g6sj4r"}
{"type":"log","timestamp":1675445841377,"level":"debug","message":"Page request finished: GET (document) 200 file:///C:/Users/pollo/AppData/Local/Temp/jsreport/autocleanup/e7b97513-2911-42de-925b-90b6ce3533e4-chrome-pdf.html","meta":{"rootId":"6gw8s8a2z6mj4jh","id":"7qs19jvj0t2ui70"},"id":"orxvjwi7hktameb","previousOperationId":"2tupdrl48g6sj4r"}
{"type":"log","timestamp":1675445841377,"level":"debug","message":"Page request: GET (stylesheet) https://cdnjs.cloudflare.com/ajax/libs/metro/4.1.5/css/metro.min.css","meta":{"rootId":"6gw8s8a2z6mj4jh","id":"7qs19jvj0t2ui70"},"id":"87nhrl2azsrop1q","previousOperationId":"2tupdrl48g6sj4r"}
{"type":"log","timestamp":1675445841407,"level":"debug","message":"Page request finished: GET (stylesheet) 200 https://cdnjs.cloudflare.com/ajax/libs/metro/4.1.5/css/metro.min.css","meta":{"rootId":"6gw8s8a2z6mj4jh","id":"7qs19jvj0t2ui70"},"id":"mfobrl0jlljnkel","previousOperationId":"2tupdrl48g6sj4r"}
{"type":"log","timestamp":1675445841424,"level":"debug","message":"Running chrome with params {\"printBackground\":true,\"marginTop\":\"1.5cm\",\"marginRight\":\"1.5cm\",\"marginLeft\":\"1.cm\",\"timeout\":59438,\"margin\":{\"top\":\"1.5cm\",\"right\":\"1.5cm\",\"left\":\"1.cm\"}}","meta":{"rootId":"6gw8s8a2z6mj4jh","id":"7qs19jvj0t2ui70"},"id":"gfc4yc460u14dei","previousOperationId":"2tupdrl48g6sj4r"}
{"type":"operationEnd","operationId":"2tupdrl48g6sj4r","timestamp":1675445841487,"id":"myr6sls4aji3s7c","previousEventId":"9z9w3mwq6dma45e","previousOperationId":"2tupdrl48g6sj4r"}
{"type":"log","timestamp":1675445841487,"level":"debug","message":"Skipping storing report.","meta":{"rootId":"6gw8s8a2z6mj4jh","id":"7qs19jvj0t2ui70"},"id":"fjl3g1f1ec4cnwf","previousOperationId":"2tupdrl48g6sj4r"}
{"type":"log","timestamp":1675445841487,"level":"info","message":"Rendering (child) request finished in 795 ms","meta":{"rootId":"6gw8s8a2z6mj4jh","id":"7qs19jvj0t2ui70"},"id":"38kcwcxdy42uihy","previousOperationId":"2tupdrl48g6sj4r"}
{"type":"operationEnd","subtype":"render","operationId":"j6pp249n0gpzr75","timestamp":1675445841487,"id":"s8osy0qtf1uoc5p","previousEventId":"myr6sls4aji3s7c","previousOperationId":"2tupdrl48g6sj4r"}
{"type":"operationEnd","operationId":"u23oewy7v2m4h71","timestamp":1675445841493,"id":"nkvcrilaid99dln","previousEventId":"89tmdn0y2fushtg","previousOperationId":"u23oewy7v2m4h71"}
{"type":"log","timestamp":1675445841493,"level":"debug","message":"pdf-utils postproces start","meta":{"rootId":"6gw8s8a2z6mj4jh","id":"6gw8s8a2z6mj4jh"},"id":"3eyj5p84hucs1ql","previousOperationId":"u23oewy7v2m4h71"}
{"type":"log","timestamp":1675445841500,"level":"debug","message":"pdf-utils postproces end","meta":{"rootId":"6gw8s8a2z6mj4jh","id":"6gw8s8a2z6mj4jh"},"id":"whugrdln3bdp8d2","previousOperationId":"u23oewy7v2m4h71"}
{"type":"operationEnd","operationId":"s3htb3urdhdizrh","timestamp":1675445841500,"id":"r2c6i6mr5ykvkrq","previousEventId":"nkvcrilaid99dln","previousOperationId":"u23oewy7v2m4h71"}
{"type":"log","timestamp":1675445841500,"level":"info","message":"pdf-utils pdf processing was finished","meta":{"rootId":"6gw8s8a2z6mj4jh","id":"6gw8s8a2z6mj4jh"},"id":"9d4n7ginygt36e8","previousOperationId":"s3htb3urdhdizrh"}
{"type":"log","timestamp":1675445841500,"level":"debug","message":"Skipping storing report.","meta":{"rootId":"6gw8s8a2z6mj4jh","id":"6gw8s8a2z6mj4jh"},"id":"8vi82z8kt8lx57j","previousOperationId":"s3htb3urdhdizrh"}
{"type":"log","timestamp":1675445841500,"level":"info","message":"Rendering request 6 finished in 808 ms","meta":{"rootId":"6gw8s8a2z6mj4jh","id":"6gw8s8a2z6mj4jh"},"id":"9msw86bacl5dwvt","previousOperationId":"s3htb3urdhdizrh"}
{"type":"operationEnd","subtype":"render","operationId":"z3gr4yroogoy667","timestamp":1675445841500,"id":"i15q863icsjmh1j","previousEventId":"r2c6i6mr5ykvkrq","previousOperationId":"s3htb3urdhdizrh"}
{"type":"operationEnd","doDiffs":false,"previousEventId":"sqh9zj2an84ews0","previousOperationId":"lj3y35v1g11ee1h","operationId":"lj3y35v1g11ee1h","timestamp":1675445841507,"id":"ug2hemkky6knnyx"}
