{"type":"operationStart","subtype":"profile","data":{"_id":"0bwFbfVpfV3H5LWb","timestamp":"2023-02-03T17:46:48.385Z","state":"queued","mode":"standard","creationDate":"2023-02-03T17:46:48.387Z","modificationDate":"2023-02-03T17:46:48.387Z","shortid":"XYI6eLe","$entitySet":"profiles"},"doDiffs":false,"timestamp":1675446408386,"id":"jz5zmyay81i0xy1","previousOperationId":null,"operationId":"uzkwthlbbhynv1n"}
{"type":"log","level":"info","message":"Render request 9 queued for execution and waiting for available worker","previousOperationId":"uzkwthlbbhynv1n","timestamp":1675446408386,"id":"rgekw0zz37fh0aw"}
{"type":"operationStart","subtype":"render","name":"orders-main","previousOperationId":"uzkwthlbbhynv1n","timestamp":1675446408398,"id":"ex1nb0ufvr3mmqf","previousEventId":"jz5zmyay81i0xy1","operationId":"aswrexyirdf7el8"}
{"type":"log","timestamp":1675446408399,"level":"info","message":"Starting rendering request 9","meta":{"rootId":"6jowz1suakcugdz","id":"6jowz1suakcugdz"},"id":"0r9y1dep9qvi4om","previousOperationId":"aswrexyirdf7el8"}
{"type":"log","timestamp":1675446408399,"level":"info","message":"Rendering template { name: orders-main, recipe: chrome-pdf, engine: handlebars, preview: true }","meta":{"rootId":"6jowz1suakcugdz","id":"6jowz1suakcugdz"},"id":"qkic2ohjut59emz","previousOperationId":"aswrexyirdf7el8"}
{"type":"log","timestamp":1675446408400,"level":"debug","message":"Data item not defined for this template.","meta":{"rootId":"6jowz1suakcugdz","id":"6jowz1suakcugdz"},"id":"tc66k1n93ujd3t1","previousOperationId":"aswrexyirdf7el8"}
{"type":"log","timestamp":1675446408402,"level":"debug","message":"Executing script orders-script (beforeRender)","meta":{"rootId":"6jowz1suakcugdz","id":"6jowz1suakcugdz"},"id":"r9atpwrk8miq6nx","previousOperationId":"aswrexyirdf7el8"}
{"type":"operationStart","subtype":"scriptsBeforeRender","name":"scripts beforeRender","timestamp":1675446408436,"id":"i4eo7n8wmc2hthb","previousEventId":"ex1nb0ufvr3mmqf","operationId":"g9a6hu7owyi7yxd","previousOperationId":"aswrexyirdf7el8"}
{"type":"operationStart","subtype":"script","name":"scripts orders-script","previousOperationId":"g9a6hu7owyi7yxd","timestamp":1675446408436,"id":"8y8zptrt1bqpm8s","previousEventId":"i4eo7n8wmc2hthb","operationId":"yxdw7bf798gw8hl"}
{"type":"log","timestamp":1675446408709,"level":"debug","message":"(console:log) {\n  data: [\n    {\n      id: 1,\n      name: 'Antonio',\n      description: 'Aclamado director de la Orquesta Filarmónica de Gran Canaria'\n    },\n    {\n      id: 3,\n      name: 'Juana de Armas',\n      description: 'Aclamada directora de la Orquesta Filarmónica de Gran Canaria'\n    }\n  ]\n}","meta":{"userLevel":true,"rootId":"6jowz1suakcugdz","id":"6jowz1suakcugdz"},"id":"4oggtog8rexiab1","previousOperationId":"yxdw7bf798gw8hl"}
{"type":"operationEnd","operationId":"yxdw7bf798gw8hl","timestamp":1675446408709,"id":"zcvhinr1fkn362o","previousEventId":"ex1nb0ufvr3mmqf","previousOperationId":"aswrexyirdf7el8"}
{"type":"operationEnd","operationId":"g9a6hu7owyi7yxd","timestamp":1675446408709,"id":"wpjwcutupq5iybh","previousEventId":"zcvhinr1fkn362o","previousOperationId":"aswrexyirdf7el8"}
{"type":"log","timestamp":1675446408709,"level":"debug","message":"Base url not specified, skipping its injection.","meta":{"rootId":"6jowz1suakcugdz","id":"6jowz1suakcugdz"},"id":"8is1gs1ichwytuv","previousOperationId":"g9a6hu7owyi7yxd"}
{"type":"operationStart","subtype":"engine","name":"handlebars","timestamp":1675446408710,"id":"jynokrgecuufxal","previousEventId":"wpjwcutupq5iybh","operationId":"w0eip4czbiyr0j3","previousOperationId":"g9a6hu7owyi7yxd"}
{"type":"log","timestamp":1675446408710,"level":"debug","message":"Rendering engine handlebars","meta":{"rootId":"6jowz1suakcugdz","id":"6jowz1suakcugdz"},"id":"we2bsetlpo0r1ut","previousOperationId":"w0eip4czbiyr0j3"}
{"type":"operationEnd","operationId":"w0eip4czbiyr0j3","timestamp":1675446408720,"id":"jfypn0avs8si6d2","previousEventId":"jynokrgecuufxal","previousOperationId":"w0eip4czbiyr0j3"}
{"type":"operationStart","subtype":"recipe","name":"chrome-pdf","timestamp":1675446408720,"id":"ml6u9j0h7o1grgt","previousEventId":"jfypn0avs8si6d2","operationId":"g7rlrbvimt3ol1d","previousOperationId":"w0eip4czbiyr0j3"}
{"type":"log","timestamp":1675446408720,"level":"debug","message":"Executing recipe chrome-pdf","meta":{"rootId":"6jowz1suakcugdz","id":"6jowz1suakcugdz"},"id":"62uvuk1xl88nr1u","previousOperationId":"g7rlrbvimt3ol1d"}
{"type":"log","timestamp":1675446408722,"level":"debug","message":"Converting with chrome HeadlessChrome/105.0.5173.0 using chrome-pool strategy","meta":{"rootId":"6jowz1suakcugdz","id":"6jowz1suakcugdz"},"id":"p59x5ef4vu7pu8i","previousOperationId":"g7rlrbvimt3ol1d"}
{"type":"log","timestamp":1675446408822,"level":"debug","message":"Page request: GET (document) file:///C:/Users/pollo/AppData/Local/Temp/jsreport/autocleanup/71134a2f-97a2-4fa2-bd8a-e1695eef93c9-chrome-pdf.html","meta":{"rootId":"6jowz1suakcugdz","id":"6jowz1suakcugdz"},"id":"afzq3rqg75omfq0","previousOperationId":"g7rlrbvimt3ol1d"}
{"type":"log","timestamp":1675446408833,"level":"debug","message":"Page request finished: GET (document) 200 file:///C:/Users/pollo/AppData/Local/Temp/jsreport/autocleanup/71134a2f-97a2-4fa2-bd8a-e1695eef93c9-chrome-pdf.html","meta":{"rootId":"6jowz1suakcugdz","id":"6jowz1suakcugdz"},"id":"s3nwx5cw6axmnxs","previousOperationId":"g7rlrbvimt3ol1d"}
{"type":"log","timestamp":1675446408833,"level":"debug","message":"Page request: GET (stylesheet) https://cdnjs.cloudflare.com/ajax/libs/metro/4.1.5/css/metro.min.css","meta":{"rootId":"6jowz1suakcugdz","id":"6jowz1suakcugdz"},"id":"eslrrcf6xrpyrje","previousOperationId":"g7rlrbvimt3ol1d"}
{"type":"log","timestamp":1675446408834,"level":"debug","message":"Page request: GET (script) https://cdnjs.cloudflare.com/ajax/libs/Chart.js/2.7.2/Chart.min.js","meta":{"rootId":"6jowz1suakcugdz","id":"6jowz1suakcugdz"},"id":"60ibdfqepvh16pz","previousOperationId":"g7rlrbvimt3ol1d"}
{"type":"log","timestamp":1675446408841,"level":"debug","message":"Page request finished: GET (script) 200 https://cdnjs.cloudflare.com/ajax/libs/Chart.js/2.7.2/Chart.min.js","meta":{"rootId":"6jowz1suakcugdz","id":"6jowz1suakcugdz"},"id":"ql8myn61s32xcnn","previousOperationId":"g7rlrbvimt3ol1d"}
{"type":"log","timestamp":1675446408857,"level":"debug","message":"Page request finished: GET (stylesheet) 200 https://cdnjs.cloudflare.com/ajax/libs/metro/4.1.5/css/metro.min.css","meta":{"rootId":"6jowz1suakcugdz","id":"6jowz1suakcugdz"},"id":"0tswq7jvbi04cmu","previousOperationId":"g7rlrbvimt3ol1d"}
{"type":"log","timestamp":1675446408870,"level":"debug","message":"Running chrome with params {\"printBackground\":true,\"marginTop\":\"4cm\",\"marginRight\":\"1.5cm\",\"marginBottom\":\"1.5cm\",\"marginLeft\":\"1.5cm\",\"waitForJS\":false,\"timeout\":59664,\"margin\":{\"top\":\"4cm\",\"right\":\"1.5cm\",\"bottom\":\"1.5cm\",\"left\":\"1.5cm\"}}","meta":{"rootId":"6jowz1suakcugdz","id":"6jowz1suakcugdz"},"id":"nug8zhvt4v7sksw","previousOperationId":"g7rlrbvimt3ol1d"}
{"type":"operationEnd","operationId":"g7rlrbvimt3ol1d","timestamp":1675446408903,"id":"uhul32h0t48irh0","previousEventId":"ml6u9j0h7o1grgt","previousOperationId":"g7rlrbvimt3ol1d"}
{"type":"log","timestamp":1675446408903,"level":"info","message":"pdf-utils is starting pdf processing","meta":{"rootId":"6jowz1suakcugdz","id":"6jowz1suakcugdz"},"id":"7g0va93b1so4qd8","previousOperationId":"g7rlrbvimt3ol1d"}
{"type":"operationStart","subtype":"pdfUtils","name":"pdf utils","timestamp":1675446408903,"id":"1btju7b87j759lq","previousEventId":"uhul32h0t48irh0","operationId":"l6dndsuam0ks2tk","previousOperationId":"g7rlrbvimt3ol1d"}
{"type":"log","timestamp":1675446408903,"level":"debug","message":"pdf-utils detected 1 pdf operation(s) to process","meta":{"rootId":"6jowz1suakcugdz","id":"6jowz1suakcugdz"},"id":"67q8g83mjyipdbd","previousOperationId":"l6dndsuam0ks2tk"}
{"type":"log","timestamp":1675446408914,"level":"debug","message":"pdf-utils running pdf operation merge","meta":{"rootId":"6jowz1suakcugdz","id":"6jowz1suakcugdz"},"id":"2bynz3a5s8g6gsu","previousOperationId":"l6dndsuam0ks2tk"}
{"type":"operationStart","subtype":"pdfUtilsMerge","name":"pdf utils merge","previousOperationId":"l6dndsuam0ks2tk","timestamp":1675446408914,"id":"rhhva6ky3gqbnsj","previousEventId":"1btju7b87j759lq","operationId":"fd845d2ge700e0f"}
{"type":"operationStart","subtype":"render","name":"orders-header","previousOperationId":"fd845d2ge700e0f","timestamp":1675446408915,"id":"raldblmjfvsopib","previousEventId":"rhhva6ky3gqbnsj","operationId":"qltc5v2s5n7j0zy"}
{"type":"log","timestamp":1675446408915,"level":"info","message":"Starting rendering (child) request","meta":{"rootId":"6jowz1suakcugdz","id":"cnwnrle1ok2ue81"},"id":"c4vlwv8w2eczqt6","previousOperationId":"qltc5v2s5n7j0zy"}
{"type":"log","timestamp":1675446408916,"level":"info","message":"Rendering template { name: orders-header, recipe: chrome-pdf, engine: handlebars, preview: true }","meta":{"rootId":"6jowz1suakcugdz","id":"cnwnrle1ok2ue81"},"id":"kyxl75q1xk25jn1","previousOperationId":"qltc5v2s5n7j0zy"}
{"type":"log","timestamp":1675446408916,"level":"debug","message":"Inline data specified.","meta":{"rootId":"6jowz1suakcugdz","id":"cnwnrle1ok2ue81"},"id":"2g8xy6z7pru38nd","previousOperationId":"qltc5v2s5n7j0zy"}
{"type":"log","timestamp":1675446408919,"level":"debug","message":"Base url not specified, skipping its injection.","meta":{"rootId":"6jowz1suakcugdz","id":"cnwnrle1ok2ue81"},"id":"9bvds1w4z43uuht","previousOperationId":"qltc5v2s5n7j0zy"}
{"type":"operationStart","subtype":"engine","name":"handlebars","timestamp":1675446408919,"id":"c8oppblq5rf3cl9","previousEventId":"raldblmjfvsopib","operationId":"wwvhinwj7sbm8ug","previousOperationId":"qltc5v2s5n7j0zy"}
{"type":"log","timestamp":1675446408919,"level":"debug","message":"Rendering engine handlebars","meta":{"rootId":"6jowz1suakcugdz","id":"cnwnrle1ok2ue81"},"id":"kj9nlhk55zwnqd0","previousOperationId":"wwvhinwj7sbm8ug"}
{"type":"operationEnd","operationId":"wwvhinwj7sbm8ug","timestamp":1675446408936,"id":"0rpvb1nsyqraq80","previousEventId":"c8oppblq5rf3cl9","previousOperationId":"wwvhinwj7sbm8ug"}
{"type":"operationStart","subtype":"recipe","name":"chrome-pdf","timestamp":1675446408936,"id":"9jbz3r5oh3qqzh2","previousEventId":"0rpvb1nsyqraq80","operationId":"pz9636gk51i6sx9","previousOperationId":"wwvhinwj7sbm8ug"}
{"type":"log","timestamp":1675446408936,"level":"debug","message":"Executing recipe chrome-pdf","meta":{"rootId":"6jowz1suakcugdz","id":"cnwnrle1ok2ue81"},"id":"7k52kqfe5inrq5m","previousOperationId":"pz9636gk51i6sx9"}
{"type":"log","timestamp":1675446408939,"level":"debug","message":"Converting with chrome HeadlessChrome/105.0.5173.0 using chrome-pool strategy","meta":{"rootId":"6jowz1suakcugdz","id":"cnwnrle1ok2ue81"},"id":"fh7oauejxwh1yjc","previousOperationId":"pz9636gk51i6sx9"}
{"type":"log","timestamp":1675446409042,"level":"debug","message":"Page request: GET (document) file:///C:/Users/pollo/AppData/Local/Temp/jsreport/autocleanup/b9bf927b-875f-4eca-83a5-74587d6cabe0-chrome-pdf.html","meta":{"rootId":"6jowz1suakcugdz","id":"cnwnrle1ok2ue81"},"id":"49kpjf5ytqfx6uo","previousOperationId":"pz9636gk51i6sx9"}
{"type":"log","timestamp":1675446409052,"level":"debug","message":"Page request finished: GET (document) 200 file:///C:/Users/pollo/AppData/Local/Temp/jsreport/autocleanup/b9bf927b-875f-4eca-83a5-74587d6cabe0-chrome-pdf.html","meta":{"rootId":"6jowz1suakcugdz","id":"cnwnrle1ok2ue81"},"id":"3ii6pu9gp0wv3z0","previousOperationId":"pz9636gk51i6sx9"}
{"type":"log","timestamp":1675446409052,"level":"debug","message":"Page request: GET (stylesheet) https://cdnjs.cloudflare.com/ajax/libs/metro/4.1.5/css/metro.min.css","meta":{"rootId":"6jowz1suakcugdz","id":"cnwnrle1ok2ue81"},"id":"xdrl4pfikcg7u9g","previousOperationId":"pz9636gk51i6sx9"}
{"type":"log","timestamp":1675446409081,"level":"debug","message":"Page request finished: GET (stylesheet) 200 https://cdnjs.cloudflare.com/ajax/libs/metro/4.1.5/css/metro.min.css","meta":{"rootId":"6jowz1suakcugdz","id":"cnwnrle1ok2ue81"},"id":"7tc0jc6v1c1b6sx","previousOperationId":"pz9636gk51i6sx9"}
{"type":"log","timestamp":1675446409102,"level":"debug","message":"Running chrome with params {\"printBackground\":true,\"marginTop\":\"1.5cm\",\"marginRight\":\"1.5cm\",\"marginLeft\":\"1.cm\",\"timeout\":59447,\"margin\":{\"top\":\"1.5cm\",\"right\":\"1.5cm\",\"left\":\"1.cm\"}}","meta":{"rootId":"6jowz1suakcugdz","id":"cnwnrle1ok2ue81"},"id":"5mnpyu1f22shfws","previousOperationId":"pz9636gk51i6sx9"}
{"type":"operationEnd","operationId":"pz9636gk51i6sx9","timestamp":1675446409160,"id":"2r6ko1m9ckfkz4c","previousEventId":"9jbz3r5oh3qqzh2","previousOperationId":"pz9636gk51i6sx9"}
{"type":"log","timestamp":1675446409160,"level":"debug","message":"Skipping storing report.","meta":{"rootId":"6jowz1suakcugdz","id":"cnwnrle1ok2ue81"},"id":"vtaunkd5osxc3cz","previousOperationId":"pz9636gk51i6sx9"}
{"type":"log","timestamp":1675446409160,"level":"info","message":"Rendering (child) request finished in 775 ms","meta":{"rootId":"6jowz1suakcugdz","id":"cnwnrle1ok2ue81"},"id":"iru6ridghkn9wh7","previousOperationId":"pz9636gk51i6sx9"}
{"type":"operationEnd","subtype":"render","operationId":"qltc5v2s5n7j0zy","timestamp":1675446409160,"id":"e2nhvn22r27le35","previousEventId":"2r6ko1m9ckfkz4c","previousOperationId":"pz9636gk51i6sx9"}
{"type":"operationEnd","operationId":"fd845d2ge700e0f","timestamp":1675446409164,"id":"j7un1g75dv6o83d","previousEventId":"rhhva6ky3gqbnsj","previousOperationId":"fd845d2ge700e0f"}
{"type":"log","timestamp":1675446409164,"level":"debug","message":"pdf-utils postproces start","meta":{"rootId":"6jowz1suakcugdz","id":"6jowz1suakcugdz"},"id":"dg3pjwcvc9i4l35","previousOperationId":"fd845d2ge700e0f"}
{"type":"log","timestamp":1675446409167,"level":"debug","message":"pdf-utils postproces end","meta":{"rootId":"6jowz1suakcugdz","id":"6jowz1suakcugdz"},"id":"uitrlb5har3ms1g","previousOperationId":"fd845d2ge700e0f"}
{"type":"operationEnd","operationId":"l6dndsuam0ks2tk","timestamp":1675446409167,"id":"kf9k0gjelopsd9x","previousEventId":"j7un1g75dv6o83d","previousOperationId":"fd845d2ge700e0f"}
{"type":"log","timestamp":1675446409167,"level":"info","message":"pdf-utils pdf processing was finished","meta":{"rootId":"6jowz1suakcugdz","id":"6jowz1suakcugdz"},"id":"sh45yizb1hfvt6u","previousOperationId":"l6dndsuam0ks2tk"}
{"type":"log","timestamp":1675446409167,"level":"debug","message":"Skipping storing report.","meta":{"rootId":"6jowz1suakcugdz","id":"6jowz1suakcugdz"},"id":"2tmgud3cn5bqrv7","previousOperationId":"l6dndsuam0ks2tk"}
{"type":"log","timestamp":1675446409167,"level":"info","message":"Rendering request 9 finished in 782 ms","meta":{"rootId":"6jowz1suakcugdz","id":"6jowz1suakcugdz"},"id":"vhx832z8e0hegz4","previousOperationId":"l6dndsuam0ks2tk"}
{"type":"operationEnd","subtype":"render","operationId":"aswrexyirdf7el8","timestamp":1675446409167,"id":"7p2xwi0y2uar4t5","previousEventId":"kf9k0gjelopsd9x","previousOperationId":"l6dndsuam0ks2tk"}
{"type":"operationEnd","doDiffs":false,"previousEventId":"jz5zmyay81i0xy1","previousOperationId":"uzkwthlbbhynv1n","operationId":"uzkwthlbbhynv1n","timestamp":1675446409178,"id":"21rnt79c7s5mcyg"}
