{"type":"operationStart","subtype":"profile","data":{"_id":"Qfn8yZAw2PmRPWOs","timestamp":"2023-02-03T17:43:34.909Z","state":"queued","mode":"standard","creationDate":"2023-02-03T17:43:34.911Z","modificationDate":"2023-02-03T17:43:34.911Z","shortid":"KqYkLrf","$entitySet":"profiles"},"doDiffs":false,"timestamp":1675446214910,"id":"394s6c9nrc2fyqf","previousOperationId":null,"operationId":"gt1kyevuug3qq4x"}
{"type":"log","level":"info","message":"Render request 5 queued for execution and waiting for available worker","previousOperationId":"gt1kyevuug3qq4x","timestamp":1675446214910,"id":"xpcmvivl0c06w1e"}
{"type":"operationStart","subtype":"render","name":"orders-main","previousOperationId":"gt1kyevuug3qq4x","timestamp":1675446214921,"id":"akemucflai5p15z","previousEventId":"394s6c9nrc2fyqf","operationId":"ksiffd44mm7ugmb"}
{"type":"log","timestamp":1675446214921,"level":"info","message":"Starting rendering request 5","meta":{"rootId":"6qg9azzrvt1vkkp","id":"6qg9azzrvt1vkkp"},"id":"nffvfa5va1o8rwe","previousOperationId":"ksiffd44mm7ugmb"}
{"type":"log","timestamp":1675446214921,"level":"info","message":"Rendering template { name: orders-main, recipe: chrome-pdf, engine: handlebars, preview: true }","meta":{"rootId":"6qg9azzrvt1vkkp","id":"6qg9azzrvt1vkkp"},"id":"fkvqln0om6f8m1c","previousOperationId":"ksiffd44mm7ugmb"}
{"type":"log","timestamp":1675446214924,"level":"debug","message":"Data item not defined for this template.","meta":{"rootId":"6qg9azzrvt1vkkp","id":"6qg9azzrvt1vkkp"},"id":"d1z7fchk8s49g5w","previousOperationId":"ksiffd44mm7ugmb"}
{"type":"log","timestamp":1675446214927,"level":"debug","message":"Executing script orders-script (beforeRender)","meta":{"rootId":"6qg9azzrvt1vkkp","id":"6qg9azzrvt1vkkp"},"id":"ehndox4xsz611ej","previousOperationId":"ksiffd44mm7ugmb"}
{"type":"operationStart","subtype":"scriptsBeforeRender","name":"scripts beforeRender","timestamp":1675446214961,"id":"33ja60ikkq79f0x","previousEventId":"akemucflai5p15z","operationId":"iid2uitazbr0hl6","previousOperationId":"ksiffd44mm7ugmb"}
{"type":"operationStart","subtype":"script","name":"scripts orders-script","previousOperationId":"iid2uitazbr0hl6","timestamp":1675446214961,"id":"0qjwyv2y6sh9779","previousEventId":"33ja60ikkq79f0x","operationId":"8s1fzcnky5yauaf"}
{"type":"log","timestamp":1675446215177,"level":"debug","message":"(console:log) {\n  data: [\n    {\n      id: 1,\n      name: 'Antonio',\n      description: 'Aclamado director de la Orquesta Filarmónica de Gran Canaria'\n    },\n    {\n      id: 3,\n      name: 'Juana de Armas',\n      description: 'Aclamada directora de la Orquesta Filarmónica de Gran Canaria'\n    }\n  ]\n}","meta":{"userLevel":true,"rootId":"6qg9azzrvt1vkkp","id":"6qg9azzrvt1vkkp"},"id":"i9e3lnu0nar5m0g","previousOperationId":"8s1fzcnky5yauaf"}
{"type":"operationEnd","operationId":"8s1fzcnky5yauaf","timestamp":1675446215178,"id":"fknfh7hoyowqlz9","previousEventId":"akemucflai5p15z","previousOperationId":"ksiffd44mm7ugmb"}
{"type":"operationEnd","operationId":"iid2uitazbr0hl6","timestamp":1675446215178,"id":"em4meenkjycoowk","previousEventId":"fknfh7hoyowqlz9","previousOperationId":"ksiffd44mm7ugmb"}
{"type":"log","timestamp":1675446215178,"level":"debug","message":"Base url not specified, skipping its injection.","meta":{"rootId":"6qg9azzrvt1vkkp","id":"6qg9azzrvt1vkkp"},"id":"zvvu6nql5d788ij","previousOperationId":"iid2uitazbr0hl6"}
{"type":"operationStart","subtype":"engine","name":"handlebars","timestamp":1675446215178,"id":"9qhcepmc48pn2ul","previousEventId":"em4meenkjycoowk","operationId":"cnamt4t8fpa7ai1","previousOperationId":"iid2uitazbr0hl6"}
{"type":"log","timestamp":1675446215178,"level":"debug","message":"Rendering engine handlebars","meta":{"rootId":"6qg9azzrvt1vkkp","id":"6qg9azzrvt1vkkp"},"id":"oiqdnaoppsxqpdt","previousOperationId":"cnamt4t8fpa7ai1"}
{"type":"operationEnd","operationId":"cnamt4t8fpa7ai1","timestamp":1675446215192,"id":"v32cacp3wej0lsz","previousEventId":"9qhcepmc48pn2ul","previousOperationId":"cnamt4t8fpa7ai1"}
{"type":"operationStart","subtype":"recipe","name":"chrome-pdf","timestamp":1675446215192,"id":"wy22m8wveny6sjx","previousEventId":"v32cacp3wej0lsz","operationId":"p316rncq542m0dz","previousOperationId":"cnamt4t8fpa7ai1"}
{"type":"log","timestamp":1675446215192,"level":"debug","message":"Executing recipe chrome-pdf","meta":{"rootId":"6qg9azzrvt1vkkp","id":"6qg9azzrvt1vkkp"},"id":"zbwooplipkfukn8","previousOperationId":"p316rncq542m0dz"}
{"type":"log","timestamp":1675446215196,"level":"debug","message":"Converting with chrome HeadlessChrome/105.0.5173.0 using chrome-pool strategy","meta":{"rootId":"6qg9azzrvt1vkkp","id":"6qg9azzrvt1vkkp"},"id":"kdeftagfndm5joi","previousOperationId":"p316rncq542m0dz"}
{"type":"log","timestamp":1675446215295,"level":"debug","message":"Page request: GET (document) file:///C:/Users/pollo/AppData/Local/Temp/jsreport/autocleanup/1d0ebe2f-40b5-440f-aa2c-e60027c708fd-chrome-pdf.html","meta":{"rootId":"6qg9azzrvt1vkkp","id":"6qg9azzrvt1vkkp"},"id":"tpuxwulhdrgdgyr","previousOperationId":"p316rncq542m0dz"}
{"type":"log","timestamp":1675446215304,"level":"debug","message":"Page request finished: GET (document) 200 file:///C:/Users/pollo/AppData/Local/Temp/jsreport/autocleanup/1d0ebe2f-40b5-440f-aa2c-e60027c708fd-chrome-pdf.html","meta":{"rootId":"6qg9azzrvt1vkkp","id":"6qg9azzrvt1vkkp"},"id":"161jek1jvbkcio6","previousOperationId":"p316rncq542m0dz"}
{"type":"log","timestamp":1675446215304,"level":"debug","message":"Page request: GET (stylesheet) https://cdnjs.cloudflare.com/ajax/libs/metro/4.1.5/css/metro.min.css","meta":{"rootId":"6qg9azzrvt1vkkp","id":"6qg9azzrvt1vkkp"},"id":"3ncbey966z3i0rc","previousOperationId":"p316rncq542m0dz"}
{"type":"log","timestamp":1675446215305,"level":"debug","message":"Page request: GET (script) https://cdnjs.cloudflare.com/ajax/libs/Chart.js/2.7.2/Chart.min.js","meta":{"rootId":"6qg9azzrvt1vkkp","id":"6qg9azzrvt1vkkp"},"id":"hp5ow9qv8esi993","previousOperationId":"p316rncq542m0dz"}
{"type":"log","timestamp":1675446215311,"level":"debug","message":"Page request finished: GET (script) 200 https://cdnjs.cloudflare.com/ajax/libs/Chart.js/2.7.2/Chart.min.js","meta":{"rootId":"6qg9azzrvt1vkkp","id":"6qg9azzrvt1vkkp"},"id":"1v91xg4espem7ca","previousOperationId":"p316rncq542m0dz"}
{"type":"log","timestamp":1675446215328,"level":"debug","message":"Page request finished: GET (stylesheet) 200 https://cdnjs.cloudflare.com/ajax/libs/metro/4.1.5/css/metro.min.css","meta":{"rootId":"6qg9azzrvt1vkkp","id":"6qg9azzrvt1vkkp"},"id":"5bmn1gsc8j9gwj7","previousOperationId":"p316rncq542m0dz"}
{"type":"log","timestamp":1675446215339,"level":"debug","message":"Running chrome with params {\"printBackground\":true,\"marginTop\":\"4cm\",\"marginRight\":\"1.5cm\",\"marginBottom\":\"1.5cm\",\"marginLeft\":\"1.5cm\",\"waitForJS\":false,\"timeout\":59715,\"margin\":{\"top\":\"4cm\",\"right\":\"1.5cm\",\"bottom\":\"1.5cm\",\"left\":\"1.5cm\"}}","meta":{"rootId":"6qg9azzrvt1vkkp","id":"6qg9azzrvt1vkkp"},"id":"cx3act2h7v8nvf4","previousOperationId":"p316rncq542m0dz"}
{"type":"operationEnd","operationId":"p316rncq542m0dz","timestamp":1675446215373,"id":"mfrzyhdxdh74pra","previousEventId":"wy22m8wveny6sjx","previousOperationId":"p316rncq542m0dz"}
{"type":"log","timestamp":1675446215373,"level":"info","message":"pdf-utils is starting pdf processing","meta":{"rootId":"6qg9azzrvt1vkkp","id":"6qg9azzrvt1vkkp"},"id":"mmw4j8nqk3pbth0","previousOperationId":"p316rncq542m0dz"}
{"type":"operationStart","subtype":"pdfUtils","name":"pdf utils","timestamp":1675446215374,"id":"kl9taurrsv1ipog","previousEventId":"mfrzyhdxdh74pra","operationId":"x68q5yntnlp3bac","previousOperationId":"p316rncq542m0dz"}
{"type":"log","timestamp":1675446215374,"level":"debug","message":"pdf-utils detected 1 pdf operation(s) to process","meta":{"rootId":"6qg9azzrvt1vkkp","id":"6qg9azzrvt1vkkp"},"id":"sws19x7bm4n5l38","previousOperationId":"x68q5yntnlp3bac"}
{"type":"log","timestamp":1675446215381,"level":"debug","message":"pdf-utils running pdf operation merge","meta":{"rootId":"6qg9azzrvt1vkkp","id":"6qg9azzrvt1vkkp"},"id":"4ijouhzgq0ddkow","previousOperationId":"x68q5yntnlp3bac"}
{"type":"operationStart","subtype":"pdfUtilsMerge","name":"pdf utils merge","previousOperationId":"x68q5yntnlp3bac","timestamp":1675446215381,"id":"y08nacx91ybxqij","previousEventId":"kl9taurrsv1ipog","operationId":"9hchsmnmlbleb2i"}
{"type":"operationStart","subtype":"render","name":"orders-header","previousOperationId":"9hchsmnmlbleb2i","timestamp":1675446215382,"id":"necfmncjb5tcgnp","previousEventId":"y08nacx91ybxqij","operationId":"620elnqns5o7jh2"}
{"type":"log","timestamp":1675446215382,"level":"info","message":"Starting rendering (child) request","meta":{"rootId":"6qg9azzrvt1vkkp","id":"nietu8si04q0cwl"},"id":"1xhu4vjvg7bdgw7","previousOperationId":"620elnqns5o7jh2"}
{"type":"log","timestamp":1675446215382,"level":"info","message":"Rendering template { name: orders-header, recipe: chrome-pdf, engine: handlebars, preview: true }","meta":{"rootId":"6qg9azzrvt1vkkp","id":"nietu8si04q0cwl"},"id":"xq5p55q24ofn4hz","previousOperationId":"620elnqns5o7jh2"}
{"type":"log","timestamp":1675446215383,"level":"debug","message":"Inline data specified.","meta":{"rootId":"6qg9azzrvt1vkkp","id":"nietu8si04q0cwl"},"id":"uqsbgggdfv3zj3k","previousOperationId":"620elnqns5o7jh2"}
{"type":"log","timestamp":1675446215387,"level":"debug","message":"Base url not specified, skipping its injection.","meta":{"rootId":"6qg9azzrvt1vkkp","id":"nietu8si04q0cwl"},"id":"5okmfglxu9shx19","previousOperationId":"620elnqns5o7jh2"}
{"type":"operationStart","subtype":"engine","name":"handlebars","timestamp":1675446215387,"id":"0fx2acyhn83dch5","previousEventId":"necfmncjb5tcgnp","operationId":"xso4x6fgh4hnfim","previousOperationId":"620elnqns5o7jh2"}
{"type":"log","timestamp":1675446215388,"level":"debug","message":"Rendering engine handlebars","meta":{"rootId":"6qg9azzrvt1vkkp","id":"nietu8si04q0cwl"},"id":"vuqwa25stxopaba","previousOperationId":"xso4x6fgh4hnfim"}
{"type":"operationEnd","operationId":"xso4x6fgh4hnfim","timestamp":1675446215413,"id":"iuxabm471500bne","previousEventId":"0fx2acyhn83dch5","previousOperationId":"xso4x6fgh4hnfim"}
{"type":"operationStart","subtype":"recipe","name":"chrome-pdf","timestamp":1675446215413,"id":"eu478fbkkaydfnu","previousEventId":"iuxabm471500bne","operationId":"hsw4sdq6vrs9mld","previousOperationId":"xso4x6fgh4hnfim"}
{"type":"log","timestamp":1675446215413,"level":"debug","message":"Executing recipe chrome-pdf","meta":{"rootId":"6qg9azzrvt1vkkp","id":"nietu8si04q0cwl"},"id":"rg05bruum6aq2wg","previousOperationId":"hsw4sdq6vrs9mld"}
{"type":"log","timestamp":1675446215415,"level":"debug","message":"Converting with chrome HeadlessChrome/105.0.5173.0 using chrome-pool strategy","meta":{"rootId":"6qg9azzrvt1vkkp","id":"nietu8si04q0cwl"},"id":"ip6tflouj5uo5qg","previousOperationId":"hsw4sdq6vrs9mld"}
{"type":"log","timestamp":1675446215514,"level":"debug","message":"Page request: GET (document) file:///C:/Users/pollo/AppData/Local/Temp/jsreport/autocleanup/c28b56a8-375b-4cf6-9f59-71e2e878bee2-chrome-pdf.html","meta":{"rootId":"6qg9azzrvt1vkkp","id":"nietu8si04q0cwl"},"id":"e1osezg0hxkjzsk","previousOperationId":"hsw4sdq6vrs9mld"}
{"type":"log","timestamp":1675446215524,"level":"debug","message":"Page request finished: GET (document) 200 file:///C:/Users/pollo/AppData/Local/Temp/jsreport/autocleanup/c28b56a8-375b-4cf6-9f59-71e2e878bee2-chrome-pdf.html","meta":{"rootId":"6qg9azzrvt1vkkp","id":"nietu8si04q0cwl"},"id":"r39eryhjj9k9fp0","previousOperationId":"hsw4sdq6vrs9mld"}
{"type":"log","timestamp":1675446215524,"level":"debug","message":"Page request: GET (stylesheet) https://cdnjs.cloudflare.com/ajax/libs/metro/4.1.5/css/metro.min.css","meta":{"rootId":"6qg9azzrvt1vkkp","id":"nietu8si04q0cwl"},"id":"9o416rugkruci00","previousOperationId":"hsw4sdq6vrs9mld"}
{"type":"log","timestamp":1675446215546,"level":"debug","message":"Page request finished: GET (stylesheet) 200 https://cdnjs.cloudflare.com/ajax/libs/metro/4.1.5/css/metro.min.css","meta":{"rootId":"6qg9azzrvt1vkkp","id":"nietu8si04q0cwl"},"id":"i1lb44hfjvozwpm","previousOperationId":"hsw4sdq6vrs9mld"}
{"type":"log","timestamp":1675446215568,"level":"debug","message":"Running chrome with params {\"printBackground\":true,\"marginTop\":\"1.5cm\",\"marginRight\":\"1.5cm\",\"marginLeft\":\"1.cm\",\"timeout\":59495,\"margin\":{\"top\":\"1.5cm\",\"right\":\"1.5cm\",\"left\":\"1.cm\"}}","meta":{"rootId":"6qg9azzrvt1vkkp","id":"nietu8si04q0cwl"},"id":"5pc3afzs5hf8rw0","previousOperationId":"hsw4sdq6vrs9mld"}
{"type":"operationEnd","operationId":"hsw4sdq6vrs9mld","timestamp":1675446215627,"id":"i2ii5x7sdj0q1c6","previousEventId":"eu478fbkkaydfnu","previousOperationId":"hsw4sdq6vrs9mld"}
{"type":"log","timestamp":1675446215627,"level":"debug","message":"Skipping storing report.","meta":{"rootId":"6qg9azzrvt1vkkp","id":"nietu8si04q0cwl"},"id":"dpllpnuwfd8tain","previousOperationId":"hsw4sdq6vrs9mld"}
{"type":"log","timestamp":1675446215627,"level":"info","message":"Rendering (child) request finished in 718 ms","meta":{"rootId":"6qg9azzrvt1vkkp","id":"nietu8si04q0cwl"},"id":"53cju5kpcabaj3h","previousOperationId":"hsw4sdq6vrs9mld"}
{"type":"operationEnd","subtype":"render","operationId":"620elnqns5o7jh2","timestamp":1675446215627,"id":"bay3rlseynxejl2","previousEventId":"i2ii5x7sdj0q1c6","previousOperationId":"hsw4sdq6vrs9mld"}
{"type":"operationEnd","operationId":"9hchsmnmlbleb2i","timestamp":1675446215630,"id":"9m435vbzqp8vp7m","previousEventId":"y08nacx91ybxqij","previousOperationId":"9hchsmnmlbleb2i"}
{"type":"log","timestamp":1675446215630,"level":"debug","message":"pdf-utils postproces start","meta":{"rootId":"6qg9azzrvt1vkkp","id":"6qg9azzrvt1vkkp"},"id":"fhg4oek1cngcyoa","previousOperationId":"9hchsmnmlbleb2i"}
{"type":"log","timestamp":1675446215635,"level":"debug","message":"pdf-utils postproces end","meta":{"rootId":"6qg9azzrvt1vkkp","id":"6qg9azzrvt1vkkp"},"id":"e1lgxf3dl3y2jzu","previousOperationId":"9hchsmnmlbleb2i"}
{"type":"operationEnd","operationId":"x68q5yntnlp3bac","timestamp":1675446215635,"id":"zige42slqloa8k7","previousEventId":"9m435vbzqp8vp7m","previousOperationId":"9hchsmnmlbleb2i"}
{"type":"log","timestamp":1675446215635,"level":"info","message":"pdf-utils pdf processing was finished","meta":{"rootId":"6qg9azzrvt1vkkp","id":"6qg9azzrvt1vkkp"},"id":"vrl0hqd6z9jgt8d","previousOperationId":"x68q5yntnlp3bac"}
{"type":"log","timestamp":1675446215635,"level":"debug","message":"Skipping storing report.","meta":{"rootId":"6qg9azzrvt1vkkp","id":"6qg9azzrvt1vkkp"},"id":"rj5hp526ri3wpj1","previousOperationId":"x68q5yntnlp3bac"}
{"type":"log","timestamp":1675446215635,"level":"info","message":"Rendering request 5 finished in 726 ms","meta":{"rootId":"6qg9azzrvt1vkkp","id":"6qg9azzrvt1vkkp"},"id":"6zfu0upe1ko2i83","previousOperationId":"x68q5yntnlp3bac"}
{"type":"operationEnd","subtype":"render","operationId":"ksiffd44mm7ugmb","timestamp":1675446215635,"id":"mpxlgt2kyy33dy7","previousEventId":"zige42slqloa8k7","previousOperationId":"x68q5yntnlp3bac"}
{"type":"operationEnd","doDiffs":false,"previousEventId":"394s6c9nrc2fyqf","previousOperationId":"gt1kyevuug3qq4x","operationId":"gt1kyevuug3qq4x","timestamp":1675446215647,"id":"fxzr6fcwcq3tk88"}
