{"type":"operationStart","subtype":"profile","data":{"_id":"2gwTbR6ylm3fRoXF","timestamp":"2023-02-03T18:42:12.629Z","state":"queued","mode":"standard","creationDate":"2023-02-03T18:42:12.631Z","modificationDate":"2023-02-03T18:42:12.631Z","shortid":"SSIsRD_","$entitySet":"profiles"},"doDiffs":false,"timestamp":1675449732630,"id":"767vcwge832tufk","previousOperationId":null,"operationId":"bmomvob6cd49gs5"}
{"type":"log","level":"info","message":"Render request 13 queued for execution and waiting for available worker","previousOperationId":"bmomvob6cd49gs5","timestamp":1675449732630,"id":"h7krhe19qh8xswu"}
{"type":"operationStart","subtype":"render","name":"orders-main","previousOperationId":"bmomvob6cd49gs5","timestamp":1675449732644,"id":"9w9euwxf05xit0p","previousEventId":"767vcwge832tufk","operationId":"o56mi08jiegl1wy"}
{"type":"log","timestamp":1675449732644,"level":"info","message":"Starting rendering request 13","meta":{"rootId":"88fwnrrep4c91sk","id":"88fwnrrep4c91sk"},"id":"eca7folb760i0oz","previousOperationId":"o56mi08jiegl1wy"}
{"type":"log","timestamp":1675449732644,"level":"info","message":"Rendering template { name: orders-main, recipe: chrome-pdf, engine: handlebars, preview: true }","meta":{"rootId":"88fwnrrep4c91sk","id":"88fwnrrep4c91sk"},"id":"oyuy1r2fzf3d7n4","previousOperationId":"o56mi08jiegl1wy"}
{"type":"log","timestamp":1675449732645,"level":"debug","message":"Data item not defined for this template.","meta":{"rootId":"88fwnrrep4c91sk","id":"88fwnrrep4c91sk"},"id":"p3bjihpekyhonhj","previousOperationId":"o56mi08jiegl1wy"}
{"type":"log","timestamp":1675449732647,"level":"debug","message":"Executing script orders-script (beforeRender)","meta":{"rootId":"88fwnrrep4c91sk","id":"88fwnrrep4c91sk"},"id":"o1b6yqyouq96axq","previousOperationId":"o56mi08jiegl1wy"}
{"type":"operationStart","subtype":"scriptsBeforeRender","name":"scripts beforeRender","timestamp":1675449732678,"id":"fan8t09j84pmw08","previousEventId":"9w9euwxf05xit0p","operationId":"bbv6zxb2d9phql2","previousOperationId":"o56mi08jiegl1wy"}
{"type":"operationStart","subtype":"script","name":"scripts orders-script","previousOperationId":"bbv6zxb2d9phql2","timestamp":1675449732678,"id":"8aeyfddszklee1e","previousEventId":"fan8t09j84pmw08","operationId":"hb7pcpypfv4cc1x"}
{"type":"log","timestamp":1675449732928,"level":"debug","message":"(console:log) {\n  data: [\n    {\n      id: 1,\n      name: 'Antonio',\n      description: 'Aclamado director de la Orquesta Filarmónica de Gran Canaria'\n    },\n    {\n      id: 3,\n      name: 'Juana de Armas',\n      description: 'Aclamada directora de la Orquesta Filarmónica de Gran Canaria'\n    }\n  ]\n}","meta":{"userLevel":true,"rootId":"88fwnrrep4c91sk","id":"88fwnrrep4c91sk"},"id":"67l8r28yutpkp91","previousOperationId":"hb7pcpypfv4cc1x"}
{"type":"operationEnd","operationId":"hb7pcpypfv4cc1x","timestamp":1675449732928,"id":"q8uur61juyxbxoh","previousEventId":"9w9euwxf05xit0p","previousOperationId":"o56mi08jiegl1wy"}
{"type":"operationEnd","operationId":"bbv6zxb2d9phql2","timestamp":1675449732928,"id":"2xobbj6spfj2917","previousEventId":"q8uur61juyxbxoh","previousOperationId":"o56mi08jiegl1wy"}
{"type":"log","timestamp":1675449732928,"level":"debug","message":"Base url not specified, skipping its injection.","meta":{"rootId":"88fwnrrep4c91sk","id":"88fwnrrep4c91sk"},"id":"umsjcmmp4gi49uj","previousOperationId":"bbv6zxb2d9phql2"}
{"type":"operationStart","subtype":"engine","name":"handlebars","timestamp":1675449732928,"id":"2jfcb7tkczkymft","previousEventId":"2xobbj6spfj2917","operationId":"021l0kgxtyom7jm","previousOperationId":"bbv6zxb2d9phql2"}
{"type":"log","timestamp":1675449732928,"level":"debug","message":"Rendering engine handlebars","meta":{"rootId":"88fwnrrep4c91sk","id":"88fwnrrep4c91sk"},"id":"09hr86z1v30yuix","previousOperationId":"021l0kgxtyom7jm"}
{"type":"operationEnd","operationId":"021l0kgxtyom7jm","timestamp":1675449732946,"id":"d891n86jklltzmi","previousEventId":"2jfcb7tkczkymft","previousOperationId":"021l0kgxtyom7jm"}
{"type":"operationStart","subtype":"recipe","name":"chrome-pdf","timestamp":1675449732947,"id":"w68rkon9qeusxqo","previousEventId":"d891n86jklltzmi","operationId":"291xgtwn1vxt73a","previousOperationId":"021l0kgxtyom7jm"}
{"type":"log","timestamp":1675449732947,"level":"debug","message":"Executing recipe chrome-pdf","meta":{"rootId":"88fwnrrep4c91sk","id":"88fwnrrep4c91sk"},"id":"m1ekipmj5q0porz","previousOperationId":"291xgtwn1vxt73a"}
{"type":"log","timestamp":1675449733100,"level":"debug","message":"Converting with chrome HeadlessChrome/105.0.5173.0 using chrome-pool strategy","meta":{"rootId":"88fwnrrep4c91sk","id":"88fwnrrep4c91sk"},"id":"kj3ev0c1cl92t9g","previousOperationId":"291xgtwn1vxt73a"}
{"type":"log","timestamp":1675449733290,"level":"debug","message":"Page request: GET (document) file:///C:/Users/pollo/AppData/Local/Temp/jsreport/autocleanup/df763a24-d3af-4236-ac2e-0347f8811380-chrome-pdf.html","meta":{"rootId":"88fwnrrep4c91sk","id":"88fwnrrep4c91sk"},"id":"ftstiffrbowe0ba","previousOperationId":"291xgtwn1vxt73a"}
{"type":"log","timestamp":1675449733306,"level":"debug","message":"Page request finished: GET (document) 200 file:///C:/Users/pollo/AppData/Local/Temp/jsreport/autocleanup/df763a24-d3af-4236-ac2e-0347f8811380-chrome-pdf.html","meta":{"rootId":"88fwnrrep4c91sk","id":"88fwnrrep4c91sk"},"id":"p280bvkzveb2c4k","previousOperationId":"291xgtwn1vxt73a"}
{"type":"log","timestamp":1675449733306,"level":"debug","message":"Page request: GET (stylesheet) https://cdnjs.cloudflare.com/ajax/libs/metro/4.1.5/css/metro.min.css","meta":{"rootId":"88fwnrrep4c91sk","id":"88fwnrrep4c91sk"},"id":"5t9uz4zq72d26m3","previousOperationId":"291xgtwn1vxt73a"}
{"type":"log","timestamp":1675449733306,"level":"debug","message":"Page request: GET (script) https://cdnjs.cloudflare.com/ajax/libs/Chart.js/2.7.2/Chart.min.js","meta":{"rootId":"88fwnrrep4c91sk","id":"88fwnrrep4c91sk"},"id":"oy22hdwaiwpyucy","previousOperationId":"291xgtwn1vxt73a"}
{"type":"log","timestamp":1675449735774,"level":"debug","message":"Page request finished: GET (script) 200 https://cdnjs.cloudflare.com/ajax/libs/Chart.js/2.7.2/Chart.min.js","meta":{"rootId":"88fwnrrep4c91sk","id":"88fwnrrep4c91sk"},"id":"7f39w2qkw0wf07b","previousOperationId":"291xgtwn1vxt73a"}
{"type":"log","timestamp":1675449735822,"level":"debug","message":"Page request finished: GET (stylesheet) 200 https://cdnjs.cloudflare.com/ajax/libs/metro/4.1.5/css/metro.min.css","meta":{"rootId":"88fwnrrep4c91sk","id":"88fwnrrep4c91sk"},"id":"fvcoxgsadbnpopu","previousOperationId":"291xgtwn1vxt73a"}
{"type":"log","timestamp":1675449735861,"level":"debug","message":"Running chrome with params {\"printBackground\":true,\"marginTop\":\"4cm\",\"marginRight\":\"1.5cm\",\"marginBottom\":\"1.5cm\",\"marginLeft\":\"1.5cm\",\"waitForJS\":false,\"timeout\":59680,\"margin\":{\"top\":\"4cm\",\"right\":\"1.5cm\",\"bottom\":\"1.5cm\",\"left\":\"1.5cm\"}}","meta":{"rootId":"88fwnrrep4c91sk","id":"88fwnrrep4c91sk"},"id":"zntoeirgz21bmt2","previousOperationId":"291xgtwn1vxt73a"}
{"type":"operationEnd","operationId":"291xgtwn1vxt73a","timestamp":1675449735927,"id":"ckcxjchjqjqzp0v","previousEventId":"w68rkon9qeusxqo","previousOperationId":"291xgtwn1vxt73a"}
{"type":"log","timestamp":1675449735927,"level":"info","message":"pdf-utils is starting pdf processing","meta":{"rootId":"88fwnrrep4c91sk","id":"88fwnrrep4c91sk"},"id":"45ulm3z3nh9g8ah","previousOperationId":"291xgtwn1vxt73a"}
{"type":"operationStart","subtype":"pdfUtils","name":"pdf utils","timestamp":1675449735927,"id":"pw0959esfy5j3bw","previousEventId":"ckcxjchjqjqzp0v","operationId":"87m5p198dr2vp7s","previousOperationId":"291xgtwn1vxt73a"}
{"type":"log","timestamp":1675449735927,"level":"debug","message":"pdf-utils detected 1 pdf operation(s) to process","meta":{"rootId":"88fwnrrep4c91sk","id":"88fwnrrep4c91sk"},"id":"ifmuknr2l6v6tie","previousOperationId":"87m5p198dr2vp7s"}
{"type":"log","timestamp":1675449735950,"level":"debug","message":"pdf-utils running pdf operation merge","meta":{"rootId":"88fwnrrep4c91sk","id":"88fwnrrep4c91sk"},"id":"ot6cbh1us8irkso","previousOperationId":"87m5p198dr2vp7s"}
{"type":"operationStart","subtype":"pdfUtilsMerge","name":"pdf utils merge","previousOperationId":"87m5p198dr2vp7s","timestamp":1675449735950,"id":"a5xfowcywstr9iw","previousEventId":"pw0959esfy5j3bw","operationId":"oeghn5haho0kg8e"}
{"type":"operationStart","subtype":"render","name":"orders-header","previousOperationId":"oeghn5haho0kg8e","timestamp":1675449735951,"id":"mmi8kqubbdoj0o5","previousEventId":"a5xfowcywstr9iw","operationId":"c6go61l1opfc0y7"}
{"type":"log","timestamp":1675449735951,"level":"info","message":"Starting rendering (child) request","meta":{"rootId":"88fwnrrep4c91sk","id":"x3v0dpd8ngd38qi"},"id":"0jcrf2zxiluin3f","previousOperationId":"c6go61l1opfc0y7"}
{"type":"log","timestamp":1675449735951,"level":"info","message":"Rendering template { name: orders-header, recipe: chrome-pdf, engine: handlebars, preview: true }","meta":{"rootId":"88fwnrrep4c91sk","id":"x3v0dpd8ngd38qi"},"id":"etxkemxrvdv35vp","previousOperationId":"c6go61l1opfc0y7"}
{"type":"log","timestamp":1675449735952,"level":"debug","message":"Inline data specified.","meta":{"rootId":"88fwnrrep4c91sk","id":"x3v0dpd8ngd38qi"},"id":"7fxs9e130ifrh41","previousOperationId":"c6go61l1opfc0y7"}
{"type":"log","timestamp":1675449735955,"level":"debug","message":"Base url not specified, skipping its injection.","meta":{"rootId":"88fwnrrep4c91sk","id":"x3v0dpd8ngd38qi"},"id":"6juuwyixonvr16w","previousOperationId":"c6go61l1opfc0y7"}
{"type":"operationStart","subtype":"engine","name":"handlebars","timestamp":1675449735955,"id":"6nr3tvb2yf2niwo","previousEventId":"mmi8kqubbdoj0o5","operationId":"da3fczmubii8ljy","previousOperationId":"c6go61l1opfc0y7"}
{"type":"log","timestamp":1675449735955,"level":"debug","message":"Rendering engine handlebars","meta":{"rootId":"88fwnrrep4c91sk","id":"x3v0dpd8ngd38qi"},"id":"3wfq1le976ial5b","previousOperationId":"da3fczmubii8ljy"}
{"type":"operationEnd","operationId":"da3fczmubii8ljy","timestamp":1675449735972,"id":"1whhwtg9c2e71be","previousEventId":"6nr3tvb2yf2niwo","previousOperationId":"da3fczmubii8ljy"}
{"type":"operationStart","subtype":"recipe","name":"chrome-pdf","timestamp":1675449735972,"id":"btxqkesah0qhnhb","previousEventId":"1whhwtg9c2e71be","operationId":"jhmaulwzarlu3pj","previousOperationId":"da3fczmubii8ljy"}
{"type":"log","timestamp":1675449735972,"level":"debug","message":"Executing recipe chrome-pdf","meta":{"rootId":"88fwnrrep4c91sk","id":"x3v0dpd8ngd38qi"},"id":"cq6okz9azvwbmun","previousOperationId":"jhmaulwzarlu3pj"}
{"type":"log","timestamp":1675449735974,"level":"debug","message":"Converting with chrome HeadlessChrome/105.0.5173.0 using chrome-pool strategy","meta":{"rootId":"88fwnrrep4c91sk","id":"x3v0dpd8ngd38qi"},"id":"uok4bpftmdd1cyw","previousOperationId":"jhmaulwzarlu3pj"}
{"type":"log","timestamp":1675449736074,"level":"debug","message":"Page request: GET (document) file:///C:/Users/pollo/AppData/Local/Temp/jsreport/autocleanup/5a47b332-ce64-4e62-8ec6-9ddd9875f0a3-chrome-pdf.html","meta":{"rootId":"88fwnrrep4c91sk","id":"x3v0dpd8ngd38qi"},"id":"ve1b87q99wg89fx","previousOperationId":"jhmaulwzarlu3pj"}
{"type":"log","timestamp":1675449736088,"level":"debug","message":"Page request finished: GET (document) 200 file:///C:/Users/pollo/AppData/Local/Temp/jsreport/autocleanup/5a47b332-ce64-4e62-8ec6-9ddd9875f0a3-chrome-pdf.html","meta":{"rootId":"88fwnrrep4c91sk","id":"x3v0dpd8ngd38qi"},"id":"v5g3ko6twkfzh8p","previousOperationId":"jhmaulwzarlu3pj"}
{"type":"log","timestamp":1675449736088,"level":"debug","message":"Page request: GET (stylesheet) https://cdnjs.cloudflare.com/ajax/libs/metro/4.1.5/css/metro.min.css","meta":{"rootId":"88fwnrrep4c91sk","id":"x3v0dpd8ngd38qi"},"id":"zelb5fbe6dqkzho","previousOperationId":"jhmaulwzarlu3pj"}
{"type":"log","timestamp":1675449736109,"level":"debug","message":"Page request finished: GET (stylesheet) 200 https://cdnjs.cloudflare.com/ajax/libs/metro/4.1.5/css/metro.min.css","meta":{"rootId":"88fwnrrep4c91sk","id":"x3v0dpd8ngd38qi"},"id":"fbae4kvvl4weaw6","previousOperationId":"jhmaulwzarlu3pj"}
{"type":"log","timestamp":1675449736130,"level":"debug","message":"Running chrome with params {\"printBackground\":true,\"marginTop\":\"1.5cm\",\"marginRight\":\"1.5cm\",\"marginLeft\":\"1.cm\",\"timeout\":56656,\"margin\":{\"top\":\"1.5cm\",\"right\":\"1.5cm\",\"left\":\"1.cm\"}}","meta":{"rootId":"88fwnrrep4c91sk","id":"x3v0dpd8ngd38qi"},"id":"a264dqaaycnv8f8","previousOperationId":"jhmaulwzarlu3pj"}
{"type":"operationEnd","operationId":"jhmaulwzarlu3pj","timestamp":1675449736189,"id":"l5b9x6nel7dk1k4","previousEventId":"btxqkesah0qhnhb","previousOperationId":"jhmaulwzarlu3pj"}
{"type":"log","timestamp":1675449736189,"level":"debug","message":"Skipping storing report.","meta":{"rootId":"88fwnrrep4c91sk","id":"x3v0dpd8ngd38qi"},"id":"dr4jdioxatipwnd","previousOperationId":"jhmaulwzarlu3pj"}
{"type":"log","timestamp":1675449736189,"level":"info","message":"Rendering (child) request finished in 3560 ms","meta":{"rootId":"88fwnrrep4c91sk","id":"x3v0dpd8ngd38qi"},"id":"o9ejm4g18c0sq1s","previousOperationId":"jhmaulwzarlu3pj"}
{"type":"operationEnd","subtype":"render","operationId":"c6go61l1opfc0y7","timestamp":1675449736189,"id":"etae3bqq795u6ba","previousEventId":"l5b9x6nel7dk1k4","previousOperationId":"jhmaulwzarlu3pj"}
{"type":"operationEnd","operationId":"oeghn5haho0kg8e","timestamp":1675449736195,"id":"7siu3ke8evcmslh","previousEventId":"a5xfowcywstr9iw","previousOperationId":"oeghn5haho0kg8e"}
{"type":"log","timestamp":1675449736195,"level":"debug","message":"pdf-utils postproces start","meta":{"rootId":"88fwnrrep4c91sk","id":"88fwnrrep4c91sk"},"id":"xfi91cvoudcun3o","previousOperationId":"oeghn5haho0kg8e"}
{"type":"log","timestamp":1675449736201,"level":"debug","message":"pdf-utils postproces end","meta":{"rootId":"88fwnrrep4c91sk","id":"88fwnrrep4c91sk"},"id":"rlm4b4upl1v0ztm","previousOperationId":"oeghn5haho0kg8e"}
{"type":"operationEnd","operationId":"87m5p198dr2vp7s","timestamp":1675449736201,"id":"vk2gck1e41twlaf","previousEventId":"7siu3ke8evcmslh","previousOperationId":"oeghn5haho0kg8e"}
{"type":"log","timestamp":1675449736201,"level":"info","message":"pdf-utils pdf processing was finished","meta":{"rootId":"88fwnrrep4c91sk","id":"88fwnrrep4c91sk"},"id":"4bqufz960h3k4j6","previousOperationId":"87m5p198dr2vp7s"}
{"type":"log","timestamp":1675449736202,"level":"debug","message":"Skipping storing report.","meta":{"rootId":"88fwnrrep4c91sk","id":"88fwnrrep4c91sk"},"id":"meojr1dx4prsbjs","previousOperationId":"87m5p198dr2vp7s"}
{"type":"log","timestamp":1675449736202,"level":"info","message":"Rendering request 13 finished in 3573 ms","meta":{"rootId":"88fwnrrep4c91sk","id":"88fwnrrep4c91sk"},"id":"s1h6vad0stciedf","previousOperationId":"87m5p198dr2vp7s"}
{"type":"operationEnd","subtype":"render","operationId":"o56mi08jiegl1wy","timestamp":1675449736202,"id":"hxql2q1u33kr2rs","previousEventId":"vk2gck1e41twlaf","previousOperationId":"87m5p198dr2vp7s"}
{"type":"operationEnd","doDiffs":false,"previousEventId":"767vcwge832tufk","previousOperationId":"bmomvob6cd49gs5","operationId":"bmomvob6cd49gs5","timestamp":1675449736212,"id":"lp7ddrgoaghakak"}
