{"type":"operationStart","subtype":"profile","data":{"_id":"nNb06XBPiGl5b1IW","timestamp":"2023-02-05T18:18:44.498Z","state":"queued","mode":"standard","creationDate":"2023-02-05T18:18:44.500Z","modificationDate":"2023-02-05T18:18:44.500Z","shortid":"VkeabGm","$entitySet":"profiles"},"doDiffs":false,"timestamp":1675621124499,"id":"0ewq24di15qym8s","previousOperationId":null,"operationId":"j86pt9i41z6rqtn"}
{"type":"log","level":"info","message":"Render request 29 queued for execution and waiting for available worker","previousOperationId":"j86pt9i41z6rqtn","timestamp":1675621124499,"id":"zyr5ptxifwbkl2b"}
{"type":"operationStart","subtype":"render","name":"orders-main","previousOperationId":"j86pt9i41z6rqtn","timestamp":1675621124509,"id":"ry9yt0gv5hh7wix","previousEventId":"0ewq24di15qym8s","operationId":"2evenmohgarh806"}
{"type":"log","timestamp":1675621124509,"level":"info","message":"Starting rendering request 29","meta":{"rootId":"89fez7dxkrv4npt","id":"89fez7dxkrv4npt"},"id":"4flnoanc879pamr","previousOperationId":"2evenmohgarh806"}
{"type":"log","timestamp":1675621124509,"level":"info","message":"Rendering template { name: orders-main, recipe: chrome-pdf, engine: handlebars, preview: true }","meta":{"rootId":"89fez7dxkrv4npt","id":"89fez7dxkrv4npt"},"id":"ndz48n93kkynapy","previousOperationId":"2evenmohgarh806"}
{"type":"log","timestamp":1675621124512,"level":"debug","message":"Data item not defined for this template.","meta":{"rootId":"89fez7dxkrv4npt","id":"89fez7dxkrv4npt"},"id":"vqwvezqfcrtsxn1","previousOperationId":"2evenmohgarh806"}
{"type":"log","timestamp":1675621124515,"level":"debug","message":"Executing script orders-script (beforeRender)","meta":{"rootId":"89fez7dxkrv4npt","id":"89fez7dxkrv4npt"},"id":"zdvjkq5iazmwtk7","previousOperationId":"2evenmohgarh806"}
{"type":"operationStart","subtype":"scriptsBeforeRender","name":"scripts beforeRender","timestamp":1675621124547,"id":"rjk8zhn8t04vd0p","previousEventId":"ry9yt0gv5hh7wix","operationId":"7wc38nf8r4y3lpw","previousOperationId":"2evenmohgarh806"}
{"type":"operationStart","subtype":"script","name":"scripts orders-script","previousOperationId":"7wc38nf8r4y3lpw","timestamp":1675621124547,"id":"qundgkej01j6iap","previousEventId":"rjk8zhn8t04vd0p","operationId":"6pzjxamsqa9j946"}
{"type":"operationEnd","operationId":"6pzjxamsqa9j946","timestamp":1675621124857,"id":"bdn10vqu4kgus3w","previousEventId":"ry9yt0gv5hh7wix","previousOperationId":"2evenmohgarh806"}
{"type":"operationEnd","operationId":"7wc38nf8r4y3lpw","timestamp":1675621124857,"id":"gg54gyo493yvpsj","previousEventId":"bdn10vqu4kgus3w","previousOperationId":"2evenmohgarh806"}
{"type":"log","timestamp":1675621124857,"level":"debug","message":"Base url not specified, skipping its injection.","meta":{"rootId":"89fez7dxkrv4npt","id":"89fez7dxkrv4npt"},"id":"ch3x5lf9ve5aibz","previousOperationId":"7wc38nf8r4y3lpw"}
{"type":"operationStart","subtype":"engine","name":"handlebars","timestamp":1675621124858,"id":"hsippn59l3kbu67","previousEventId":"gg54gyo493yvpsj","operationId":"bcz83x1l0chhr4m","previousOperationId":"7wc38nf8r4y3lpw"}
{"type":"log","timestamp":1675621124858,"level":"debug","message":"Rendering engine handlebars","meta":{"rootId":"89fez7dxkrv4npt","id":"89fez7dxkrv4npt"},"id":"v9ivcslvmeq94jz","previousOperationId":"bcz83x1l0chhr4m"}
{"type":"operationEnd","operationId":"bcz83x1l0chhr4m","timestamp":1675621124872,"id":"61nbhuajwfeaojb","previousEventId":"hsippn59l3kbu67","previousOperationId":"bcz83x1l0chhr4m"}
{"type":"operationStart","subtype":"recipe","name":"chrome-pdf","timestamp":1675621124872,"id":"vxafjcosfgdn4w8","previousEventId":"61nbhuajwfeaojb","operationId":"xw4xc2d4mrp14lj","previousOperationId":"bcz83x1l0chhr4m"}
{"type":"log","timestamp":1675621124872,"level":"debug","message":"Executing recipe chrome-pdf","meta":{"rootId":"89fez7dxkrv4npt","id":"89fez7dxkrv4npt"},"id":"j2o1ivhocyhm5z3","previousOperationId":"xw4xc2d4mrp14lj"}
{"type":"log","timestamp":1675621124874,"level":"debug","message":"Converting with chrome HeadlessChrome/105.0.5173.0 using chrome-pool strategy","meta":{"rootId":"89fez7dxkrv4npt","id":"89fez7dxkrv4npt"},"id":"cq5m3rter610haj","previousOperationId":"xw4xc2d4mrp14lj"}
{"type":"log","timestamp":1675621124982,"level":"debug","message":"Page request: GET (document) file:///C:/Users/pollo/AppData/Local/Temp/jsreport/autocleanup/88f72539-26b1-417f-8234-5ebe38dbc0c3-chrome-pdf.html","meta":{"rootId":"89fez7dxkrv4npt","id":"89fez7dxkrv4npt"},"id":"huvsi4w7zerm7bz","previousOperationId":"xw4xc2d4mrp14lj"}
{"type":"log","timestamp":1675621125001,"level":"debug","message":"Page request finished: GET (document) 200 file:///C:/Users/pollo/AppData/Local/Temp/jsreport/autocleanup/88f72539-26b1-417f-8234-5ebe38dbc0c3-chrome-pdf.html","meta":{"rootId":"89fez7dxkrv4npt","id":"89fez7dxkrv4npt"},"id":"alsiaqyo3fpmdyr","previousOperationId":"xw4xc2d4mrp14lj"}
{"type":"log","timestamp":1675621125002,"level":"debug","message":"Page request: GET (stylesheet) https://cdnjs.cloudflare.com/ajax/libs/metro/4.1.5/css/metro.min.css","meta":{"rootId":"89fez7dxkrv4npt","id":"89fez7dxkrv4npt"},"id":"1mtk28b7rfqo3ln","previousOperationId":"xw4xc2d4mrp14lj"}
{"type":"log","timestamp":1675621125002,"level":"debug","message":"Page request: GET (script) https://cdn.jsdelivr.net/npm/chart.js","meta":{"rootId":"89fez7dxkrv4npt","id":"89fez7dxkrv4npt"},"id":"zrbkpggtvtdp3wa","previousOperationId":"xw4xc2d4mrp14lj"}
{"type":"log","timestamp":1675621125024,"level":"debug","message":"Page request finished: GET (stylesheet) 200 https://cdnjs.cloudflare.com/ajax/libs/metro/4.1.5/css/metro.min.css","meta":{"rootId":"89fez7dxkrv4npt","id":"89fez7dxkrv4npt"},"id":"j3hulolqyc2txny","previousOperationId":"xw4xc2d4mrp14lj"}
{"type":"log","timestamp":1675621125174,"level":"debug","message":"Page request finished: GET (script) 200 https://cdn.jsdelivr.net/npm/chart.js","meta":{"rootId":"89fez7dxkrv4npt","id":"89fez7dxkrv4npt"},"id":"e33kibyqlv3m4th","previousOperationId":"xw4xc2d4mrp14lj"}
{"type":"log","timestamp":1675621125184,"level":"debug","message":"(console:error) Failed to create chart: can't acquire context from the given item","meta":{"userLevel":true,"rootId":"89fez7dxkrv4npt","id":"89fez7dxkrv4npt"},"id":"lsiao4kutxorhsj","previousOperationId":"xw4xc2d4mrp14lj"}
{"type":"log","timestamp":1675621125215,"level":"debug","message":"Running chrome with params {\"printBackground\":true,\"marginTop\":\"4cm\",\"marginRight\":\"1.5cm\",\"marginBottom\":\"1.5cm\",\"marginLeft\":\"1.5cm\",\"waitForJS\":false,\"timeout\":59624,\"margin\":{\"top\":\"4cm\",\"right\":\"1.5cm\",\"bottom\":\"1.5cm\",\"left\":\"1.5cm\"}}","meta":{"rootId":"89fez7dxkrv4npt","id":"89fez7dxkrv4npt"},"id":"ftuqjr05wk0oqno","previousOperationId":"xw4xc2d4mrp14lj"}
{"type":"operationEnd","operationId":"xw4xc2d4mrp14lj","timestamp":1675621125305,"id":"8n6jamacymumr03","previousEventId":"vxafjcosfgdn4w8","previousOperationId":"xw4xc2d4mrp14lj"}
{"type":"log","timestamp":1675621125306,"level":"info","message":"pdf-utils is starting pdf processing","meta":{"rootId":"89fez7dxkrv4npt","id":"89fez7dxkrv4npt"},"id":"ualq92es76439b6","previousOperationId":"xw4xc2d4mrp14lj"}
{"type":"operationStart","subtype":"pdfUtils","name":"pdf utils","timestamp":1675621125306,"id":"jund2mghmts6434","previousEventId":"8n6jamacymumr03","operationId":"u3ve1kymqfl2jzv","previousOperationId":"xw4xc2d4mrp14lj"}
{"type":"log","timestamp":1675621125306,"level":"debug","message":"pdf-utils detected 1 pdf operation(s) to process","meta":{"rootId":"89fez7dxkrv4npt","id":"89fez7dxkrv4npt"},"id":"6ad0e4nml9s9zg5","previousOperationId":"u3ve1kymqfl2jzv"}
{"type":"log","timestamp":1675621125324,"level":"debug","message":"pdf-utils running pdf operation merge","meta":{"rootId":"89fez7dxkrv4npt","id":"89fez7dxkrv4npt"},"id":"az5mqdoks53x1k1","previousOperationId":"u3ve1kymqfl2jzv"}
{"type":"operationStart","subtype":"pdfUtilsMerge","name":"pdf utils merge","previousOperationId":"u3ve1kymqfl2jzv","timestamp":1675621125324,"id":"qlxywy0r6ao9k22","previousEventId":"jund2mghmts6434","operationId":"4lsh8n1pi7ecyn8"}
{"type":"operationStart","subtype":"render","name":"orders-header","previousOperationId":"4lsh8n1pi7ecyn8","timestamp":1675621125326,"id":"ptangjaxm8ataut","previousEventId":"qlxywy0r6ao9k22","operationId":"lcgwfd70o4cmfau"}
{"type":"log","timestamp":1675621125326,"level":"info","message":"Starting rendering (child) request","meta":{"rootId":"89fez7dxkrv4npt","id":"gjhvb0mbltneic8"},"id":"ho3z3flobdwa1x2","previousOperationId":"lcgwfd70o4cmfau"}
{"type":"log","timestamp":1675621125326,"level":"info","message":"Rendering template { name: orders-header, recipe: chrome-pdf, engine: handlebars, preview: true }","meta":{"rootId":"89fez7dxkrv4npt","id":"gjhvb0mbltneic8"},"id":"n0nsuhzsoxax1oj","previousOperationId":"lcgwfd70o4cmfau"}
{"type":"log","timestamp":1675621125328,"level":"debug","message":"Inline data specified.","meta":{"rootId":"89fez7dxkrv4npt","id":"gjhvb0mbltneic8"},"id":"unde22b6cqret1s","previousOperationId":"lcgwfd70o4cmfau"}
{"type":"log","timestamp":1675621125331,"level":"debug","message":"Base url not specified, skipping its injection.","meta":{"rootId":"89fez7dxkrv4npt","id":"gjhvb0mbltneic8"},"id":"7r0msurjbopr2k7","previousOperationId":"lcgwfd70o4cmfau"}
{"type":"operationStart","subtype":"engine","name":"handlebars","timestamp":1675621125331,"id":"5xif10r40nbtkof","previousEventId":"ptangjaxm8ataut","operationId":"kjvugzm1kjm3jc5","previousOperationId":"lcgwfd70o4cmfau"}
{"type":"log","timestamp":1675621125331,"level":"debug","message":"Rendering engine handlebars","meta":{"rootId":"89fez7dxkrv4npt","id":"gjhvb0mbltneic8"},"id":"723ivt5lgz1t117","previousOperationId":"kjvugzm1kjm3jc5"}
{"type":"operationEnd","operationId":"kjvugzm1kjm3jc5","timestamp":1675621125366,"id":"zzhka613vfap7ad","previousEventId":"5xif10r40nbtkof","previousOperationId":"kjvugzm1kjm3jc5"}
{"type":"operationStart","subtype":"recipe","name":"chrome-pdf","timestamp":1675621125367,"id":"kg7f21pcfg7dzoj","previousEventId":"zzhka613vfap7ad","operationId":"oha966glxns473n","previousOperationId":"kjvugzm1kjm3jc5"}
{"type":"log","timestamp":1675621125367,"level":"debug","message":"Executing recipe chrome-pdf","meta":{"rootId":"89fez7dxkrv4npt","id":"gjhvb0mbltneic8"},"id":"0kfmfj7guqa2vwv","previousOperationId":"oha966glxns473n"}
{"type":"log","timestamp":1675621125373,"level":"debug","message":"Converting with chrome HeadlessChrome/105.0.5173.0 using chrome-pool strategy","meta":{"rootId":"89fez7dxkrv4npt","id":"gjhvb0mbltneic8"},"id":"p6kf5j2a0oufgn9","previousOperationId":"oha966glxns473n"}
{"type":"log","timestamp":1675621125489,"level":"debug","message":"Page request: GET (document) file:///C:/Users/pollo/AppData/Local/Temp/jsreport/autocleanup/3edf4242-cebe-4362-ae60-4ca05a620844-chrome-pdf.html","meta":{"rootId":"89fez7dxkrv4npt","id":"gjhvb0mbltneic8"},"id":"u9uvj4hopmqr9km","previousOperationId":"oha966glxns473n"}
{"type":"log","timestamp":1675621125507,"level":"debug","message":"Page request finished: GET (document) 200 file:///C:/Users/pollo/AppData/Local/Temp/jsreport/autocleanup/3edf4242-cebe-4362-ae60-4ca05a620844-chrome-pdf.html","meta":{"rootId":"89fez7dxkrv4npt","id":"gjhvb0mbltneic8"},"id":"0tbstjiqt3g6l24","previousOperationId":"oha966glxns473n"}
{"type":"log","timestamp":1675621125507,"level":"debug","message":"Page request: GET (stylesheet) https://cdnjs.cloudflare.com/ajax/libs/metro/4.1.5/css/metro.min.css","meta":{"rootId":"89fez7dxkrv4npt","id":"gjhvb0mbltneic8"},"id":"e6bp2bet6qg3rc1","previousOperationId":"oha966glxns473n"}
{"type":"log","timestamp":1675621125541,"level":"debug","message":"Page request finished: GET (stylesheet) 200 https://cdnjs.cloudflare.com/ajax/libs/metro/4.1.5/css/metro.min.css","meta":{"rootId":"89fez7dxkrv4npt","id":"gjhvb0mbltneic8"},"id":"3ip67dwogs18x1c","previousOperationId":"oha966glxns473n"}
{"type":"log","timestamp":1675621125567,"level":"debug","message":"Running chrome with params {\"printBackground\":true,\"marginTop\":\"1.5cm\",\"marginRight\":\"1.5cm\",\"marginLeft\":\"1.cm\",\"timeout\":59127,\"margin\":{\"top\":\"1.5cm\",\"right\":\"1.5cm\",\"left\":\"1.cm\"}}","meta":{"rootId":"89fez7dxkrv4npt","id":"gjhvb0mbltneic8"},"id":"xljdrz3a81992q1","previousOperationId":"oha966glxns473n"}
{"type":"operationEnd","operationId":"oha966glxns473n","timestamp":1675621125638,"id":"ldphx637x9xbzrl","previousEventId":"kg7f21pcfg7dzoj","previousOperationId":"oha966glxns473n"}
{"type":"log","timestamp":1675621125638,"level":"debug","message":"Skipping storing report.","meta":{"rootId":"89fez7dxkrv4npt","id":"gjhvb0mbltneic8"},"id":"irpmi42qfa4fjaf","previousOperationId":"oha966glxns473n"}
{"type":"log","timestamp":1675621125638,"level":"info","message":"Rendering (child) request finished in 1140 ms","meta":{"rootId":"89fez7dxkrv4npt","id":"gjhvb0mbltneic8"},"id":"yl9rfrcdnpikvv6","previousOperationId":"oha966glxns473n"}
{"type":"operationEnd","subtype":"render","operationId":"lcgwfd70o4cmfau","timestamp":1675621125638,"id":"qw8glt088qjnvpv","previousEventId":"ldphx637x9xbzrl","previousOperationId":"oha966glxns473n"}
{"type":"operationEnd","operationId":"4lsh8n1pi7ecyn8","timestamp":1675621125645,"id":"5v8z25mtawnmdv3","previousEventId":"qlxywy0r6ao9k22","previousOperationId":"4lsh8n1pi7ecyn8"}
{"type":"log","timestamp":1675621125645,"level":"debug","message":"pdf-utils postproces start","meta":{"rootId":"89fez7dxkrv4npt","id":"89fez7dxkrv4npt"},"id":"w162x8hh67kfu3b","previousOperationId":"4lsh8n1pi7ecyn8"}
{"type":"log","timestamp":1675621125652,"level":"debug","message":"pdf-utils postproces end","meta":{"rootId":"89fez7dxkrv4npt","id":"89fez7dxkrv4npt"},"id":"420kwjyihn5mm91","previousOperationId":"4lsh8n1pi7ecyn8"}
{"type":"operationEnd","operationId":"u3ve1kymqfl2jzv","timestamp":1675621125653,"id":"qttfvda1ku278wt","previousEventId":"5v8z25mtawnmdv3","previousOperationId":"4lsh8n1pi7ecyn8"}
{"type":"log","timestamp":1675621125653,"level":"info","message":"pdf-utils pdf processing was finished","meta":{"rootId":"89fez7dxkrv4npt","id":"89fez7dxkrv4npt"},"id":"w9x4bh91t0l1lci","previousOperationId":"u3ve1kymqfl2jzv"}
{"type":"log","timestamp":1675621125653,"level":"debug","message":"Skipping storing report.","meta":{"rootId":"89fez7dxkrv4npt","id":"89fez7dxkrv4npt"},"id":"y6594w891wkbg5p","previousOperationId":"u3ve1kymqfl2jzv"}
{"type":"log","timestamp":1675621125653,"level":"info","message":"Rendering request 29 finished in 1155 ms","meta":{"rootId":"89fez7dxkrv4npt","id":"89fez7dxkrv4npt"},"id":"ytnszkhv8uc3vz7","previousOperationId":"u3ve1kymqfl2jzv"}
{"type":"operationEnd","subtype":"render","operationId":"2evenmohgarh806","timestamp":1675621125653,"id":"ltr3ihjeowgifkd","previousEventId":"qttfvda1ku278wt","previousOperationId":"u3ve1kymqfl2jzv"}
{"type":"operationEnd","doDiffs":false,"previousEventId":"0ewq24di15qym8s","previousOperationId":"j86pt9i41z6rqtn","operationId":"j86pt9i41z6rqtn","timestamp":1675621125659,"id":"oyrrlsafjflfncu"}
