{"type":"operationStart","subtype":"profile","data":{"_id":"RgSmvZUathzTM80B","timestamp":"2023-02-01T17:07:45.816Z","state":"queued","mode":"standard","creationDate":"2023-02-01T17:07:45.817Z","modificationDate":"2023-02-01T17:07:45.817Z","shortid":"UFbbNk5","$entitySet":"profiles"},"doDiffs":false,"timestamp":1675271265817,"id":"4lm19agmk8778db","previousOperationId":null,"operationId":"72diqwkwpeo2lwd"}
{"type":"log","level":"info","message":"Render request 5 queued for execution and waiting for available worker","previousOperationId":"72diqwkwpeo2lwd","timestamp":1675271265817,"id":"ufvvnjyp81jvqjm"}
{"type":"operationStart","subtype":"render","name":"orders-main","previousOperationId":"72diqwkwpeo2lwd","timestamp":1675271265826,"id":"iafh2ixranhphmg","previousEventId":"4lm19agmk8778db","operationId":"f2rtga6w3hyr889"}
{"type":"log","timestamp":1675271265826,"level":"info","message":"Starting rendering request 5","meta":{"rootId":"89yi46mj2q0qt06","id":"89yi46mj2q0qt06"},"id":"nji82oqhfqkd5zt","previousOperationId":"f2rtga6w3hyr889"}
{"type":"log","timestamp":1675271265826,"level":"info","message":"Rendering template { name: orders-main, recipe: chrome-pdf, engine: handlebars, preview: true }","meta":{"rootId":"89yi46mj2q0qt06","id":"89yi46mj2q0qt06"},"id":"ztfet7kkmbcy2eb","previousOperationId":"f2rtga6w3hyr889"}
{"type":"log","timestamp":1675271265827,"level":"debug","message":"Data item not defined for this template.","meta":{"rootId":"89yi46mj2q0qt06","id":"89yi46mj2q0qt06"},"id":"24ihthvud324cl9","previousOperationId":"f2rtga6w3hyr889"}
{"type":"log","timestamp":1675271265835,"level":"debug","message":"Executing script orders-script (beforeRender)","meta":{"rootId":"89yi46mj2q0qt06","id":"89yi46mj2q0qt06"},"id":"dzrs0q3af4ri8t8","previousOperationId":"f2rtga6w3hyr889"}
{"type":"operationStart","subtype":"scriptsBeforeRender","name":"scripts beforeRender","timestamp":1675271265869,"id":"m1hxlyh1sh2ytlj","previousEventId":"iafh2ixranhphmg","operationId":"9kraa1pxlmyl965","previousOperationId":"f2rtga6w3hyr889"}
{"type":"operationStart","subtype":"script","name":"scripts orders-script","previousOperationId":"9kraa1pxlmyl965","timestamp":1675271265869,"id":"9d3kycjr78c2uuf","previousEventId":"m1hxlyh1sh2ytlj","operationId":"l2ur5kwp4zuvc9x"}
{"type":"log","timestamp":1675271265869,"level":"debug","message":"(console:log) AAAAAAAAAAAAAAAAAAAAAAA  undefined","meta":{"userLevel":true,"rootId":"89yi46mj2q0qt06","id":"89yi46mj2q0qt06"},"id":"1pv4pww3lp3zb9n","previousOperationId":"l2ur5kwp4zuvc9x"}
{"type":"log","timestamp":1675271266089,"level":"debug","message":"(console:log) [\n  {\n    id: 1,\n    name: 'Antonio',\n    description: 'Aclamado director de la Orquesta Filarmónica de Gran Canaria'\n  },\n  {\n    id: 3,\n    name: 'Juana de Armas',\n    description: 'Aclamada directora de la Orquesta Filarmónica de Gran Canaria'\n  }\n]","meta":{"userLevel":true,"rootId":"89yi46mj2q0qt06","id":"89yi46mj2q0qt06"},"id":"zzwte8rsxyypjvj","previousOperationId":"l2ur5kwp4zuvc9x"}
{"type":"operationEnd","operationId":"l2ur5kwp4zuvc9x","timestamp":1675271266089,"id":"tosxzeikeaik5ha","previousEventId":"iafh2ixranhphmg","previousOperationId":"f2rtga6w3hyr889"}
{"type":"operationEnd","operationId":"9kraa1pxlmyl965","timestamp":1675271266089,"id":"v2lcpwksfyxyjgp","previousEventId":"tosxzeikeaik5ha","previousOperationId":"f2rtga6w3hyr889"}
{"type":"log","timestamp":1675271266089,"level":"debug","message":"Base url not specified, skipping its injection.","meta":{"rootId":"89yi46mj2q0qt06","id":"89yi46mj2q0qt06"},"id":"7zmwcnrzv0ms7ot","previousOperationId":"9kraa1pxlmyl965"}
{"type":"operationStart","subtype":"engine","name":"handlebars","timestamp":1675271266090,"id":"qrh5hfy6asyr82g","previousEventId":"v2lcpwksfyxyjgp","operationId":"px117l08o8571ck","previousOperationId":"9kraa1pxlmyl965"}
{"type":"log","timestamp":1675271266090,"level":"debug","message":"Rendering engine handlebars","meta":{"rootId":"89yi46mj2q0qt06","id":"89yi46mj2q0qt06"},"id":"nglhxljiqh4nl4b","previousOperationId":"px117l08o8571ck"}
{"type":"operationEnd","operationId":"px117l08o8571ck","timestamp":1675271266102,"id":"6k3vdajgmeyqy3p","previousEventId":"qrh5hfy6asyr82g","previousOperationId":"px117l08o8571ck"}
{"type":"operationStart","subtype":"recipe","name":"chrome-pdf","timestamp":1675271266102,"id":"69r81lf6179ynyp","previousEventId":"6k3vdajgmeyqy3p","operationId":"x34ofeiyf2llzs0","previousOperationId":"px117l08o8571ck"}
{"type":"log","timestamp":1675271266102,"level":"debug","message":"Executing recipe chrome-pdf","meta":{"rootId":"89yi46mj2q0qt06","id":"89yi46mj2q0qt06"},"id":"cuabf0o99hs2f1p","previousOperationId":"x34ofeiyf2llzs0"}
{"type":"log","timestamp":1675271266106,"level":"debug","message":"Converting with chrome HeadlessChrome/105.0.5173.0 using chrome-pool strategy","meta":{"rootId":"89yi46mj2q0qt06","id":"89yi46mj2q0qt06"},"id":"f7a8l7sr4nq3xyd","previousOperationId":"x34ofeiyf2llzs0"}
{"type":"log","timestamp":1675271266212,"level":"debug","message":"Page request: GET (document) file:///C:/Users/pollo/AppData/Local/Temp/jsreport/autocleanup/118d5fbe-35ce-4191-bf24-5bb023503444-chrome-pdf.html","meta":{"rootId":"89yi46mj2q0qt06","id":"89yi46mj2q0qt06"},"id":"ngerbbvmovvegei","previousOperationId":"x34ofeiyf2llzs0"}
{"type":"log","timestamp":1675271266225,"level":"debug","message":"Page request: GET (stylesheet) https://cdnjs.cloudflare.com/ajax/libs/metro/4.1.5/css/metro.min.css","meta":{"rootId":"89yi46mj2q0qt06","id":"89yi46mj2q0qt06"},"id":"cv0d01iwgbbgw0v","previousOperationId":"x34ofeiyf2llzs0"}
{"type":"log","timestamp":1675271266226,"level":"debug","message":"Page request finished: GET (document) 200 file:///C:/Users/pollo/AppData/Local/Temp/jsreport/autocleanup/118d5fbe-35ce-4191-bf24-5bb023503444-chrome-pdf.html","meta":{"rootId":"89yi46mj2q0qt06","id":"89yi46mj2q0qt06"},"id":"dv7322ve41t6l88","previousOperationId":"x34ofeiyf2llzs0"}
{"type":"log","timestamp":1675271266226,"level":"debug","message":"Page request: GET (script) https://cdnjs.cloudflare.com/ajax/libs/Chart.js/2.7.2/Chart.min.js","meta":{"rootId":"89yi46mj2q0qt06","id":"89yi46mj2q0qt06"},"id":"84paye1anqtbmvq","previousOperationId":"x34ofeiyf2llzs0"}
{"type":"log","timestamp":1675271266251,"level":"debug","message":"Page request finished: GET (stylesheet) 200 https://cdnjs.cloudflare.com/ajax/libs/metro/4.1.5/css/metro.min.css","meta":{"rootId":"89yi46mj2q0qt06","id":"89yi46mj2q0qt06"},"id":"9fqth7rego3kaem","previousOperationId":"x34ofeiyf2llzs0"}
{"type":"log","timestamp":1675271266251,"level":"debug","message":"Page request finished: GET (script) 200 https://cdnjs.cloudflare.com/ajax/libs/Chart.js/2.7.2/Chart.min.js","meta":{"rootId":"89yi46mj2q0qt06","id":"89yi46mj2q0qt06"},"id":"11lol01jsfbw45i","previousOperationId":"x34ofeiyf2llzs0"}
{"type":"log","timestamp":1675271266279,"level":"debug","message":"Running chrome with params {\"printBackground\":true,\"marginTop\":\"4cm\",\"marginRight\":\"1.5cm\",\"marginBottom\":\"1.5cm\",\"marginLeft\":\"1.5cm\",\"waitForJS\":false,\"timeout\":59712,\"margin\":{\"top\":\"4cm\",\"right\":\"1.5cm\",\"bottom\":\"1.5cm\",\"left\":\"1.5cm\"}}","meta":{"rootId":"89yi46mj2q0qt06","id":"89yi46mj2q0qt06"},"id":"c3cc04xlscggcik","previousOperationId":"x34ofeiyf2llzs0"}
{"type":"operationEnd","operationId":"x34ofeiyf2llzs0","timestamp":1675271266352,"id":"fyohjd8po0svp78","previousEventId":"69r81lf6179ynyp","previousOperationId":"x34ofeiyf2llzs0"}
{"type":"log","timestamp":1675271266352,"level":"info","message":"pdf-utils is starting pdf processing","meta":{"rootId":"89yi46mj2q0qt06","id":"89yi46mj2q0qt06"},"id":"n2xy3evmozs7p10","previousOperationId":"x34ofeiyf2llzs0"}
{"type":"operationStart","subtype":"pdfUtils","name":"pdf utils","timestamp":1675271266352,"id":"r6q4f032pw3pcvp","previousEventId":"fyohjd8po0svp78","operationId":"36lck9wl4jjipku","previousOperationId":"x34ofeiyf2llzs0"}
{"type":"log","timestamp":1675271266352,"level":"debug","message":"pdf-utils detected 1 pdf operation(s) to process","meta":{"rootId":"89yi46mj2q0qt06","id":"89yi46mj2q0qt06"},"id":"dlko6hj0he0w3qq","previousOperationId":"36lck9wl4jjipku"}
{"type":"log","timestamp":1675271266369,"level":"debug","message":"pdf-utils running pdf operation merge","meta":{"rootId":"89yi46mj2q0qt06","id":"89yi46mj2q0qt06"},"id":"x73wygaa1pr3w2k","previousOperationId":"36lck9wl4jjipku"}
{"type":"operationStart","subtype":"pdfUtilsMerge","name":"pdf utils merge","previousOperationId":"36lck9wl4jjipku","timestamp":1675271266369,"id":"ym8j10y90gcs16g","previousEventId":"r6q4f032pw3pcvp","operationId":"oexjzf2mxyum5mh"}
{"type":"operationStart","subtype":"render","name":"orders-header","previousOperationId":"oexjzf2mxyum5mh","timestamp":1675271266370,"id":"sewq6ch78ewqlak","previousEventId":"ym8j10y90gcs16g","operationId":"t4dkwisftesm9ef"}
{"type":"log","timestamp":1675271266371,"level":"info","message":"Starting rendering (child) request","meta":{"rootId":"89yi46mj2q0qt06","id":"c4u4xo4l2h34izt"},"id":"dpiurnu1cw9mg19","previousOperationId":"t4dkwisftesm9ef"}
{"type":"log","timestamp":1675271266371,"level":"info","message":"Rendering template { name: orders-header, recipe: chrome-pdf, engine: handlebars, preview: true }","meta":{"rootId":"89yi46mj2q0qt06","id":"c4u4xo4l2h34izt"},"id":"smy3ipsd59bwkbm","previousOperationId":"t4dkwisftesm9ef"}
{"type":"log","timestamp":1675271266372,"level":"debug","message":"Inline data specified.","meta":{"rootId":"89yi46mj2q0qt06","id":"c4u4xo4l2h34izt"},"id":"wyi80v7kyg5jv8a","previousOperationId":"t4dkwisftesm9ef"}
{"type":"log","timestamp":1675271266375,"level":"debug","message":"Base url not specified, skipping its injection.","meta":{"rootId":"89yi46mj2q0qt06","id":"c4u4xo4l2h34izt"},"id":"9cugtngx033jul9","previousOperationId":"t4dkwisftesm9ef"}
{"type":"operationStart","subtype":"engine","name":"handlebars","timestamp":1675271266375,"id":"ztpqgefss5rkiqs","previousEventId":"sewq6ch78ewqlak","operationId":"gfc0etcd8rs9sr6","previousOperationId":"t4dkwisftesm9ef"}
{"type":"log","timestamp":1675271266375,"level":"debug","message":"Rendering engine handlebars","meta":{"rootId":"89yi46mj2q0qt06","id":"c4u4xo4l2h34izt"},"id":"hb0v6hw5uazrjpf","previousOperationId":"gfc0etcd8rs9sr6"}
{"type":"operationEnd","operationId":"gfc0etcd8rs9sr6","timestamp":1675271266396,"id":"gp0nffry4i8z3vx","previousEventId":"ztpqgefss5rkiqs","previousOperationId":"gfc0etcd8rs9sr6"}
{"type":"operationStart","subtype":"recipe","name":"chrome-pdf","timestamp":1675271266396,"id":"wyiniu4fkezckwy","previousEventId":"gp0nffry4i8z3vx","operationId":"03ofo2ij6skju3y","previousOperationId":"gfc0etcd8rs9sr6"}
{"type":"log","timestamp":1675271266396,"level":"debug","message":"Executing recipe chrome-pdf","meta":{"rootId":"89yi46mj2q0qt06","id":"c4u4xo4l2h34izt"},"id":"yp0u5l7bp3sxyr7","previousOperationId":"03ofo2ij6skju3y"}
{"type":"log","timestamp":1675271266399,"level":"debug","message":"Converting with chrome HeadlessChrome/105.0.5173.0 using chrome-pool strategy","meta":{"rootId":"89yi46mj2q0qt06","id":"c4u4xo4l2h34izt"},"id":"74ccv4kexk7rx0b","previousOperationId":"03ofo2ij6skju3y"}
{"type":"log","timestamp":1675271266504,"level":"debug","message":"Page request: GET (document) file:///C:/Users/pollo/AppData/Local/Temp/jsreport/autocleanup/30f5202b-2aa2-4863-8559-a1e4d1ca7f2e-chrome-pdf.html","meta":{"rootId":"89yi46mj2q0qt06","id":"c4u4xo4l2h34izt"},"id":"efvp09omopjtq1b","previousOperationId":"03ofo2ij6skju3y"}
{"type":"log","timestamp":1675271266518,"level":"debug","message":"Page request finished: GET (document) 200 file:///C:/Users/pollo/AppData/Local/Temp/jsreport/autocleanup/30f5202b-2aa2-4863-8559-a1e4d1ca7f2e-chrome-pdf.html","meta":{"rootId":"89yi46mj2q0qt06","id":"c4u4xo4l2h34izt"},"id":"zfrh4qgf1xd32qy","previousOperationId":"03ofo2ij6skju3y"}
{"type":"log","timestamp":1675271266518,"level":"debug","message":"Page request: GET (stylesheet) https://cdnjs.cloudflare.com/ajax/libs/metro/4.1.5/css/metro.min.css","meta":{"rootId":"89yi46mj2q0qt06","id":"c4u4xo4l2h34izt"},"id":"m1u4noba0120vaj","previousOperationId":"03ofo2ij6skju3y"}
{"type":"log","timestamp":1675271266542,"level":"debug","message":"Page request finished: GET (stylesheet) 200 https://cdnjs.cloudflare.com/ajax/libs/metro/4.1.5/css/metro.min.css","meta":{"rootId":"89yi46mj2q0qt06","id":"c4u4xo4l2h34izt"},"id":"tvz27nyyegyh6rl","previousOperationId":"03ofo2ij6skju3y"}
{"type":"log","timestamp":1675271266569,"level":"debug","message":"Running chrome with params {\"printBackground\":true,\"marginTop\":\"1.5cm\",\"marginRight\":\"1.5cm\",\"marginLeft\":\"1.cm\",\"timeout\":59418,\"margin\":{\"top\":\"1.5cm\",\"right\":\"1.5cm\",\"left\":\"1.cm\"}}","meta":{"rootId":"89yi46mj2q0qt06","id":"c4u4xo4l2h34izt"},"id":"hpif5pi1zjec5xb","previousOperationId":"03ofo2ij6skju3y"}
{"type":"operationEnd","operationId":"03ofo2ij6skju3y","timestamp":1675271266628,"id":"hc055m12s789x1s","previousEventId":"wyiniu4fkezckwy","previousOperationId":"03ofo2ij6skju3y"}
{"type":"log","timestamp":1675271266628,"level":"debug","message":"Skipping storing report.","meta":{"rootId":"89yi46mj2q0qt06","id":"c4u4xo4l2h34izt"},"id":"u2eps12avvjc1uh","previousOperationId":"03ofo2ij6skju3y"}
{"type":"log","timestamp":1675271266628,"level":"info","message":"Rendering (child) request finished in 812 ms","meta":{"rootId":"89yi46mj2q0qt06","id":"c4u4xo4l2h34izt"},"id":"9d1bi10vvjspfec","previousOperationId":"03ofo2ij6skju3y"}
{"type":"operationEnd","subtype":"render","operationId":"t4dkwisftesm9ef","timestamp":1675271266628,"id":"8mb28l6nay3yjgx","previousEventId":"hc055m12s789x1s","previousOperationId":"03ofo2ij6skju3y"}
{"type":"operationEnd","operationId":"oexjzf2mxyum5mh","timestamp":1675271266638,"id":"irprnl3wfp0wcns","previousEventId":"ym8j10y90gcs16g","previousOperationId":"oexjzf2mxyum5mh"}
{"type":"log","timestamp":1675271266638,"level":"debug","message":"pdf-utils postproces start","meta":{"rootId":"89yi46mj2q0qt06","id":"89yi46mj2q0qt06"},"id":"qs6h09v42o610zp","previousOperationId":"oexjzf2mxyum5mh"}
{"type":"log","timestamp":1675271266643,"level":"debug","message":"pdf-utils postproces end","meta":{"rootId":"89yi46mj2q0qt06","id":"89yi46mj2q0qt06"},"id":"1cdlisy1rbqlbnd","previousOperationId":"oexjzf2mxyum5mh"}
{"type":"operationEnd","operationId":"36lck9wl4jjipku","timestamp":1675271266643,"id":"8ya5ekcgpkaqva8","previousEventId":"irprnl3wfp0wcns","previousOperationId":"oexjzf2mxyum5mh"}
{"type":"log","timestamp":1675271266643,"level":"info","message":"pdf-utils pdf processing was finished","meta":{"rootId":"89yi46mj2q0qt06","id":"89yi46mj2q0qt06"},"id":"975937gc7gbalm9","previousOperationId":"36lck9wl4jjipku"}
{"type":"log","timestamp":1675271266643,"level":"debug","message":"Skipping storing report.","meta":{"rootId":"89yi46mj2q0qt06","id":"89yi46mj2q0qt06"},"id":"vgvt2z58mrnlxp4","previousOperationId":"36lck9wl4jjipku"}
{"type":"log","timestamp":1675271266643,"level":"info","message":"Rendering request 5 finished in 827 ms","meta":{"rootId":"89yi46mj2q0qt06","id":"89yi46mj2q0qt06"},"id":"3p16tj13lal4fbc","previousOperationId":"36lck9wl4jjipku"}
{"type":"operationEnd","subtype":"render","operationId":"f2rtga6w3hyr889","timestamp":1675271266643,"id":"jcnwfw7m52q3tfe","previousEventId":"8ya5ekcgpkaqva8","previousOperationId":"36lck9wl4jjipku"}
{"type":"operationEnd","doDiffs":false,"previousEventId":"4lm19agmk8778db","previousOperationId":"72diqwkwpeo2lwd","operationId":"72diqwkwpeo2lwd","timestamp":1675271266653,"id":"cii22ob7wb33huc"}
