{"type":"operationStart","subtype":"profile","data":{"_id":"KsAaFG5iwcJAmUva","timestamp":"2023-02-01T17:23:27.099Z","state":"queued","mode":"standard","creationDate":"2023-02-01T17:23:27.101Z","modificationDate":"2023-02-01T17:23:27.101Z","shortid":"EB2IlpK","$entitySet":"profiles"},"doDiffs":false,"timestamp":1675272207100,"id":"2y8pen4l1n40z66","previousOperationId":null,"operationId":"4qme1prsmht82ms"}
{"type":"log","level":"info","message":"Render request 22 queued for execution and waiting for available worker","previousOperationId":"4qme1prsmht82ms","timestamp":1675272207100,"id":"jmj8l11y1aqqsyu"}
{"type":"operationStart","subtype":"render","name":"orders-main","previousOperationId":"4qme1prsmht82ms","timestamp":1675272207111,"id":"i0l746gd2zg9elh","previousEventId":"2y8pen4l1n40z66","operationId":"cmyrrmbw86lf3wu"}
{"type":"log","timestamp":1675272207111,"level":"info","message":"Starting rendering request 22","meta":{"rootId":"8i0pmj70dr3j0ps","id":"8i0pmj70dr3j0ps"},"id":"fjagz7o6enz0w3d","previousOperationId":"cmyrrmbw86lf3wu"}
{"type":"log","timestamp":1675272207112,"level":"info","message":"Rendering template { name: orders-main, recipe: chrome-pdf, engine: handlebars, preview: true }","meta":{"rootId":"8i0pmj70dr3j0ps","id":"8i0pmj70dr3j0ps"},"id":"vjgk8k4bg12ju72","previousOperationId":"cmyrrmbw86lf3wu"}
{"type":"log","timestamp":1675272207114,"level":"debug","message":"Data item not defined for this template.","meta":{"rootId":"8i0pmj70dr3j0ps","id":"8i0pmj70dr3j0ps"},"id":"4py9jnuna76gq5s","previousOperationId":"cmyrrmbw86lf3wu"}
{"type":"log","timestamp":1675272207117,"level":"debug","message":"Executing script orders-script (beforeRender)","meta":{"rootId":"8i0pmj70dr3j0ps","id":"8i0pmj70dr3j0ps"},"id":"qijskahjhu9v8h4","previousOperationId":"cmyrrmbw86lf3wu"}
{"type":"operationStart","subtype":"scriptsBeforeRender","name":"scripts beforeRender","timestamp":1675272207152,"id":"6r6vkxs1xqi40f3","previousEventId":"i0l746gd2zg9elh","operationId":"wj68rkxtxo513j5","previousOperationId":"cmyrrmbw86lf3wu"}
{"type":"operationStart","subtype":"script","name":"scripts orders-script","previousOperationId":"wj68rkxtxo513j5","timestamp":1675272207152,"id":"omadiztpcfn1m2e","previousEventId":"6r6vkxs1xqi40f3","operationId":"4jueg4lu7wkyj8n"}
{"type":"log","timestamp":1675272207152,"level":"debug","message":"(console:log) AAAAAAAAAAAAAAAAAAAAAAA  undefined","meta":{"userLevel":true,"rootId":"8i0pmj70dr3j0ps","id":"8i0pmj70dr3j0ps"},"id":"ly0rr0tu8vrrest","previousOperationId":"4jueg4lu7wkyj8n"}
{"type":"log","timestamp":1675272207410,"level":"debug","message":"(console:log) {\n  id: 1,\n  name: 'Antonio',\n  description: 'Aclamado director de la Orquesta Filarmónica de Gran Canaria'\n}","meta":{"userLevel":true,"rootId":"8i0pmj70dr3j0ps","id":"8i0pmj70dr3j0ps"},"id":"xzuooblcu9n391a","previousOperationId":"4jueg4lu7wkyj8n"}
{"type":"operationEnd","operationId":"4jueg4lu7wkyj8n","timestamp":1675272207411,"id":"48l339zpvxy0m2l","previousEventId":"i0l746gd2zg9elh","previousOperationId":"cmyrrmbw86lf3wu"}
{"type":"operationEnd","operationId":"wj68rkxtxo513j5","timestamp":1675272207411,"id":"57nvf98hqclyuij","previousEventId":"48l339zpvxy0m2l","previousOperationId":"cmyrrmbw86lf3wu"}
{"type":"log","timestamp":1675272207411,"level":"debug","message":"Base url not specified, skipping its injection.","meta":{"rootId":"8i0pmj70dr3j0ps","id":"8i0pmj70dr3j0ps"},"id":"inj7evtxdlrjb7t","previousOperationId":"wj68rkxtxo513j5"}
{"type":"operationStart","subtype":"engine","name":"handlebars","timestamp":1675272207411,"id":"qe4xgz3vud2kvgx","previousEventId":"57nvf98hqclyuij","operationId":"bv97swnmslb7qsc","previousOperationId":"wj68rkxtxo513j5"}
{"type":"log","timestamp":1675272207411,"level":"debug","message":"Rendering engine handlebars","meta":{"rootId":"8i0pmj70dr3j0ps","id":"8i0pmj70dr3j0ps"},"id":"1wp9xb4zs9dcoh8","previousOperationId":"bv97swnmslb7qsc"}
{"type":"operationEnd","operationId":"bv97swnmslb7qsc","timestamp":1675272207421,"id":"aso2br33ij493ep","previousEventId":"qe4xgz3vud2kvgx","previousOperationId":"bv97swnmslb7qsc"}
{"type":"operationStart","subtype":"recipe","name":"chrome-pdf","timestamp":1675272207422,"id":"n1s5i2ap1eb674h","previousEventId":"aso2br33ij493ep","operationId":"sam7lzhq0nddt9p","previousOperationId":"bv97swnmslb7qsc"}
{"type":"log","timestamp":1675272207422,"level":"debug","message":"Executing recipe chrome-pdf","meta":{"rootId":"8i0pmj70dr3j0ps","id":"8i0pmj70dr3j0ps"},"id":"lzr4zzgs4xna6hv","previousOperationId":"sam7lzhq0nddt9p"}
{"type":"log","timestamp":1675272207424,"level":"debug","message":"Converting with chrome HeadlessChrome/105.0.5173.0 using chrome-pool strategy","meta":{"rootId":"8i0pmj70dr3j0ps","id":"8i0pmj70dr3j0ps"},"id":"ycan6mzb34rouvg","previousOperationId":"sam7lzhq0nddt9p"}
{"type":"log","timestamp":1675272207517,"level":"debug","message":"Page request: GET (document) file:///C:/Users/pollo/AppData/Local/Temp/jsreport/autocleanup/20bd938d-f3ac-4f14-b661-e6e27d7f975a-chrome-pdf.html","meta":{"rootId":"8i0pmj70dr3j0ps","id":"8i0pmj70dr3j0ps"},"id":"fjvhjigt7wvtjwb","previousOperationId":"sam7lzhq0nddt9p"}
{"type":"log","timestamp":1675272207526,"level":"debug","message":"Page request finished: GET (document) 200 file:///C:/Users/pollo/AppData/Local/Temp/jsreport/autocleanup/20bd938d-f3ac-4f14-b661-e6e27d7f975a-chrome-pdf.html","meta":{"rootId":"8i0pmj70dr3j0ps","id":"8i0pmj70dr3j0ps"},"id":"ztar5nfurk1hx3a","previousOperationId":"sam7lzhq0nddt9p"}
{"type":"log","timestamp":1675272207526,"level":"debug","message":"Page request: GET (stylesheet) https://cdnjs.cloudflare.com/ajax/libs/metro/4.1.5/css/metro.min.css","meta":{"rootId":"8i0pmj70dr3j0ps","id":"8i0pmj70dr3j0ps"},"id":"1zv3uiz0b2i2wgp","previousOperationId":"sam7lzhq0nddt9p"}
{"type":"log","timestamp":1675272207527,"level":"debug","message":"Page request: GET (script) https://cdnjs.cloudflare.com/ajax/libs/Chart.js/2.7.2/Chart.min.js","meta":{"rootId":"8i0pmj70dr3j0ps","id":"8i0pmj70dr3j0ps"},"id":"97wpvu637d9ypgi","previousOperationId":"sam7lzhq0nddt9p"}
{"type":"log","timestamp":1675272207534,"level":"debug","message":"Page request finished: GET (script) 200 https://cdnjs.cloudflare.com/ajax/libs/Chart.js/2.7.2/Chart.min.js","meta":{"rootId":"8i0pmj70dr3j0ps","id":"8i0pmj70dr3j0ps"},"id":"s5mwyyhcyz2aqjt","previousOperationId":"sam7lzhq0nddt9p"}
{"type":"log","timestamp":1675272207551,"level":"debug","message":"Page request finished: GET (stylesheet) 200 https://cdnjs.cloudflare.com/ajax/libs/metro/4.1.5/css/metro.min.css","meta":{"rootId":"8i0pmj70dr3j0ps","id":"8i0pmj70dr3j0ps"},"id":"cqsbv4f2yzg0xxk","previousOperationId":"sam7lzhq0nddt9p"}
{"type":"log","timestamp":1675272207564,"level":"debug","message":"Running chrome with params {\"printBackground\":true,\"marginTop\":\"4cm\",\"marginRight\":\"1.5cm\",\"marginBottom\":\"1.5cm\",\"marginLeft\":\"1.5cm\",\"waitForJS\":false,\"timeout\":59676,\"margin\":{\"top\":\"4cm\",\"right\":\"1.5cm\",\"bottom\":\"1.5cm\",\"left\":\"1.5cm\"}}","meta":{"rootId":"8i0pmj70dr3j0ps","id":"8i0pmj70dr3j0ps"},"id":"apadnf7zzdgbyzu","previousOperationId":"sam7lzhq0nddt9p"}
{"type":"operationEnd","operationId":"sam7lzhq0nddt9p","timestamp":1675272207595,"id":"fyy55m2qf57wgo4","previousEventId":"n1s5i2ap1eb674h","previousOperationId":"sam7lzhq0nddt9p"}
{"type":"log","timestamp":1675272207595,"level":"info","message":"pdf-utils is starting pdf processing","meta":{"rootId":"8i0pmj70dr3j0ps","id":"8i0pmj70dr3j0ps"},"id":"mmcyybxzyb5iziu","previousOperationId":"sam7lzhq0nddt9p"}
{"type":"operationStart","subtype":"pdfUtils","name":"pdf utils","timestamp":1675272207595,"id":"3mimmj0gpdrj12u","previousEventId":"fyy55m2qf57wgo4","operationId":"chx94snl8v3nzcz","previousOperationId":"sam7lzhq0nddt9p"}
{"type":"log","timestamp":1675272207595,"level":"debug","message":"pdf-utils detected 1 pdf operation(s) to process","meta":{"rootId":"8i0pmj70dr3j0ps","id":"8i0pmj70dr3j0ps"},"id":"rupkggphlj3wz06","previousOperationId":"chx94snl8v3nzcz"}
{"type":"log","timestamp":1675272207601,"level":"debug","message":"pdf-utils running pdf operation merge","meta":{"rootId":"8i0pmj70dr3j0ps","id":"8i0pmj70dr3j0ps"},"id":"p9owcbzywvpqzym","previousOperationId":"chx94snl8v3nzcz"}
{"type":"operationStart","subtype":"pdfUtilsMerge","name":"pdf utils merge","previousOperationId":"chx94snl8v3nzcz","timestamp":1675272207601,"id":"l1bbbaycyg2vayq","previousEventId":"3mimmj0gpdrj12u","operationId":"b45pydoxwawqmrm"}
{"type":"operationStart","subtype":"render","name":"orders-header","previousOperationId":"b45pydoxwawqmrm","timestamp":1675272207602,"id":"imxe68bi9j8us9k","previousEventId":"l1bbbaycyg2vayq","operationId":"jz8dvvhu8womgfn"}
{"type":"log","timestamp":1675272207602,"level":"info","message":"Starting rendering (child) request","meta":{"rootId":"8i0pmj70dr3j0ps","id":"g70d9qon05qy794"},"id":"kvf2b1tt8m9tz4h","previousOperationId":"jz8dvvhu8womgfn"}
{"type":"log","timestamp":1675272207602,"level":"info","message":"Rendering template { name: orders-header, recipe: chrome-pdf, engine: handlebars, preview: true }","meta":{"rootId":"8i0pmj70dr3j0ps","id":"g70d9qon05qy794"},"id":"7jigm0or3udpuu6","previousOperationId":"jz8dvvhu8womgfn"}
{"type":"log","timestamp":1675272207603,"level":"debug","message":"Inline data specified.","meta":{"rootId":"8i0pmj70dr3j0ps","id":"g70d9qon05qy794"},"id":"07eleepvpd0116e","previousOperationId":"jz8dvvhu8womgfn"}
{"type":"log","timestamp":1675272207606,"level":"debug","message":"Base url not specified, skipping its injection.","meta":{"rootId":"8i0pmj70dr3j0ps","id":"g70d9qon05qy794"},"id":"hhwl2kkg6ggakd5","previousOperationId":"jz8dvvhu8womgfn"}
{"type":"operationStart","subtype":"engine","name":"handlebars","timestamp":1675272207607,"id":"6o43s0oznlvqfwa","previousEventId":"imxe68bi9j8us9k","operationId":"iyyt83n8eckgoiu","previousOperationId":"jz8dvvhu8womgfn"}
{"type":"log","timestamp":1675272207607,"level":"debug","message":"Rendering engine handlebars","meta":{"rootId":"8i0pmj70dr3j0ps","id":"g70d9qon05qy794"},"id":"s4dd58m9zutzmfy","previousOperationId":"iyyt83n8eckgoiu"}
{"type":"operationEnd","operationId":"iyyt83n8eckgoiu","timestamp":1675272207622,"id":"8ttzrwct85rtbed","previousEventId":"6o43s0oznlvqfwa","previousOperationId":"iyyt83n8eckgoiu"}
{"type":"operationStart","subtype":"recipe","name":"chrome-pdf","timestamp":1675272207622,"id":"z750mgong36gjoc","previousEventId":"8ttzrwct85rtbed","operationId":"w3t88v07ncz5zr3","previousOperationId":"iyyt83n8eckgoiu"}
{"type":"log","timestamp":1675272207622,"level":"debug","message":"Executing recipe chrome-pdf","meta":{"rootId":"8i0pmj70dr3j0ps","id":"g70d9qon05qy794"},"id":"vdvdjwu9291vjud","previousOperationId":"w3t88v07ncz5zr3"}
{"type":"log","timestamp":1675272207624,"level":"debug","message":"Converting with chrome HeadlessChrome/105.0.5173.0 using chrome-pool strategy","meta":{"rootId":"8i0pmj70dr3j0ps","id":"g70d9qon05qy794"},"id":"g9kj0do84ghz6b1","previousOperationId":"w3t88v07ncz5zr3"}
{"type":"log","timestamp":1675272207717,"level":"debug","message":"Page request: GET (document) file:///C:/Users/pollo/AppData/Local/Temp/jsreport/autocleanup/341179a6-3306-49e7-afa4-f42c7be94d89-chrome-pdf.html","meta":{"rootId":"8i0pmj70dr3j0ps","id":"g70d9qon05qy794"},"id":"awxpzp4up2ub7fa","previousOperationId":"w3t88v07ncz5zr3"}
{"type":"log","timestamp":1675272207728,"level":"debug","message":"Page request finished: GET (document) 200 file:///C:/Users/pollo/AppData/Local/Temp/jsreport/autocleanup/341179a6-3306-49e7-afa4-f42c7be94d89-chrome-pdf.html","meta":{"rootId":"8i0pmj70dr3j0ps","id":"g70d9qon05qy794"},"id":"1905ynr0yliy9cx","previousOperationId":"w3t88v07ncz5zr3"}
{"type":"log","timestamp":1675272207728,"level":"debug","message":"Page request: GET (stylesheet) https://cdnjs.cloudflare.com/ajax/libs/metro/4.1.5/css/metro.min.css","meta":{"rootId":"8i0pmj70dr3j0ps","id":"g70d9qon05qy794"},"id":"yndhoh0n49ngdeg","previousOperationId":"w3t88v07ncz5zr3"}
{"type":"log","timestamp":1675272207752,"level":"debug","message":"Page request finished: GET (stylesheet) 200 https://cdnjs.cloudflare.com/ajax/libs/metro/4.1.5/css/metro.min.css","meta":{"rootId":"8i0pmj70dr3j0ps","id":"g70d9qon05qy794"},"id":"u08a887k7tjecj9","previousOperationId":"w3t88v07ncz5zr3"}
{"type":"log","timestamp":1675272207774,"level":"debug","message":"Running chrome with params {\"printBackground\":true,\"marginTop\":\"1.5cm\",\"marginRight\":\"1.5cm\",\"marginLeft\":\"1.cm\",\"timeout\":59476,\"margin\":{\"top\":\"1.5cm\",\"right\":\"1.5cm\",\"left\":\"1.cm\"}}","meta":{"rootId":"8i0pmj70dr3j0ps","id":"g70d9qon05qy794"},"id":"ei9j1qvdqyomrml","previousOperationId":"w3t88v07ncz5zr3"}
{"type":"operationEnd","operationId":"w3t88v07ncz5zr3","timestamp":1675272207832,"id":"ahtq0znx9i5itsl","previousEventId":"z750mgong36gjoc","previousOperationId":"w3t88v07ncz5zr3"}
{"type":"log","timestamp":1675272207832,"level":"debug","message":"Skipping storing report.","meta":{"rootId":"8i0pmj70dr3j0ps","id":"g70d9qon05qy794"},"id":"vel3sc7sx2651n3","previousOperationId":"w3t88v07ncz5zr3"}
{"type":"log","timestamp":1675272207832,"level":"info","message":"Rendering (child) request finished in 733 ms","meta":{"rootId":"8i0pmj70dr3j0ps","id":"g70d9qon05qy794"},"id":"qalattbdu66k7rq","previousOperationId":"w3t88v07ncz5zr3"}
{"type":"operationEnd","subtype":"render","operationId":"jz8dvvhu8womgfn","timestamp":1675272207832,"id":"d2na5wcjhyog54s","previousEventId":"ahtq0znx9i5itsl","previousOperationId":"w3t88v07ncz5zr3"}
{"type":"operationEnd","operationId":"b45pydoxwawqmrm","timestamp":1675272207837,"id":"1pzt0rzrmvxvcut","previousEventId":"l1bbbaycyg2vayq","previousOperationId":"b45pydoxwawqmrm"}
{"type":"log","timestamp":1675272207837,"level":"debug","message":"pdf-utils postproces start","meta":{"rootId":"8i0pmj70dr3j0ps","id":"8i0pmj70dr3j0ps"},"id":"zpm3r718bnn550l","previousOperationId":"b45pydoxwawqmrm"}
{"type":"log","timestamp":1675272207841,"level":"debug","message":"pdf-utils postproces end","meta":{"rootId":"8i0pmj70dr3j0ps","id":"8i0pmj70dr3j0ps"},"id":"mxo0sk1iysdcn4m","previousOperationId":"b45pydoxwawqmrm"}
{"type":"operationEnd","operationId":"chx94snl8v3nzcz","timestamp":1675272207841,"id":"xc1sb6i23eqxfwk","previousEventId":"1pzt0rzrmvxvcut","previousOperationId":"b45pydoxwawqmrm"}
{"type":"log","timestamp":1675272207841,"level":"info","message":"pdf-utils pdf processing was finished","meta":{"rootId":"8i0pmj70dr3j0ps","id":"8i0pmj70dr3j0ps"},"id":"b64lf4gre9qy4fi","previousOperationId":"chx94snl8v3nzcz"}
{"type":"log","timestamp":1675272207841,"level":"debug","message":"Skipping storing report.","meta":{"rootId":"8i0pmj70dr3j0ps","id":"8i0pmj70dr3j0ps"},"id":"x3ewz3o26i3rmt6","previousOperationId":"chx94snl8v3nzcz"}
{"type":"log","timestamp":1675272207841,"level":"info","message":"Rendering request 22 finished in 742 ms","meta":{"rootId":"8i0pmj70dr3j0ps","id":"8i0pmj70dr3j0ps"},"id":"5804xl0zp57l0ig","previousOperationId":"chx94snl8v3nzcz"}
{"type":"operationEnd","subtype":"render","operationId":"cmyrrmbw86lf3wu","timestamp":1675272207841,"id":"k7u67w019smz00e","previousEventId":"xc1sb6i23eqxfwk","previousOperationId":"chx94snl8v3nzcz"}
{"type":"operationEnd","doDiffs":false,"previousEventId":"2y8pen4l1n40z66","previousOperationId":"4qme1prsmht82ms","operationId":"4qme1prsmht82ms","timestamp":1675272207850,"id":"xbndjqny741oflp"}
