{"type":"operationStart","subtype":"profile","data":{"_id":"aeWPqzOR3qEcWXV6","timestamp":"2023-02-01T17:17:42.842Z","state":"queued","mode":"standard","creationDate":"2023-02-01T17:17:42.844Z","modificationDate":"2023-02-01T17:17:42.844Z","shortid":"CtpL0aP","$entitySet":"profiles"},"doDiffs":false,"timestamp":1675271862843,"id":"njfvtptvwt1rz9u","previousOperationId":null,"operationId":"5vb9i43wpvjzwoj"}
{"type":"log","level":"info","message":"Render request 21 queued for execution and waiting for available worker","previousOperationId":"5vb9i43wpvjzwoj","timestamp":1675271862843,"id":"k6nnjq11w9y0hfs"}
{"type":"operationStart","subtype":"render","name":"orders-main","previousOperationId":"5vb9i43wpvjzwoj","timestamp":1675271862855,"id":"dfhczhe5emjgufj","previousEventId":"njfvtptvwt1rz9u","operationId":"b46sn4c7i1s2q5e"}
{"type":"log","timestamp":1675271862855,"level":"info","message":"Starting rendering request 21","meta":{"rootId":"961ko5jci7qwwmc","id":"961ko5jci7qwwmc"},"id":"fu1swo0cbkktjpt","previousOperationId":"b46sn4c7i1s2q5e"}
{"type":"log","timestamp":1675271862855,"level":"info","message":"Rendering template { name: orders-main, recipe: chrome-pdf, engine: handlebars, preview: true }","meta":{"rootId":"961ko5jci7qwwmc","id":"961ko5jci7qwwmc"},"id":"8kv656v2wmr94or","previousOperationId":"b46sn4c7i1s2q5e"}
{"type":"log","timestamp":1675271862856,"level":"debug","message":"Data item not defined for this template.","meta":{"rootId":"961ko5jci7qwwmc","id":"961ko5jci7qwwmc"},"id":"i5jyij338zt76dc","previousOperationId":"b46sn4c7i1s2q5e"}
{"type":"log","timestamp":1675271862859,"level":"debug","message":"Executing script orders-script (beforeRender)","meta":{"rootId":"961ko5jci7qwwmc","id":"961ko5jci7qwwmc"},"id":"squompq59659mt2","previousOperationId":"b46sn4c7i1s2q5e"}
{"type":"operationStart","subtype":"scriptsBeforeRender","name":"scripts beforeRender","timestamp":1675271862890,"id":"kz3fhphbvee1ldv","previousEventId":"dfhczhe5emjgufj","operationId":"tmjd94j6fdibuw4","previousOperationId":"b46sn4c7i1s2q5e"}
{"type":"operationStart","subtype":"script","name":"scripts orders-script","previousOperationId":"tmjd94j6fdibuw4","timestamp":1675271862890,"id":"da426q94ini87kx","previousEventId":"kz3fhphbvee1ldv","operationId":"dp1tm88rb13qby6"}
{"type":"log","timestamp":1675271862890,"level":"debug","message":"(console:log) AAAAAAAAAAAAAAAAAAAAAAA  undefined","meta":{"userLevel":true,"rootId":"961ko5jci7qwwmc","id":"961ko5jci7qwwmc"},"id":"fe19ga1owj5ydvd","previousOperationId":"dp1tm88rb13qby6"}
{"type":"log","timestamp":1675271863154,"level":"debug","message":"(console:log) {\n  id: 1,\n  name: 'Antonio',\n  description: 'Aclamado director de la Orquesta Filarmónica de Gran Canaria'\n}","meta":{"userLevel":true,"rootId":"961ko5jci7qwwmc","id":"961ko5jci7qwwmc"},"id":"ab3uqazvsrgkiuy","previousOperationId":"dp1tm88rb13qby6"}
{"type":"operationEnd","operationId":"dp1tm88rb13qby6","timestamp":1675271863155,"id":"xipyx4kiy5whmkf","previousEventId":"dfhczhe5emjgufj","previousOperationId":"b46sn4c7i1s2q5e"}
{"type":"operationEnd","operationId":"tmjd94j6fdibuw4","timestamp":1675271863155,"id":"vm0w2j695t3nxg0","previousEventId":"xipyx4kiy5whmkf","previousOperationId":"b46sn4c7i1s2q5e"}
{"type":"log","timestamp":1675271863155,"level":"debug","message":"Base url not specified, skipping its injection.","meta":{"rootId":"961ko5jci7qwwmc","id":"961ko5jci7qwwmc"},"id":"2x5ebbevpk7vsl9","previousOperationId":"tmjd94j6fdibuw4"}
{"type":"operationStart","subtype":"engine","name":"handlebars","timestamp":1675271863155,"id":"fjg80h26bvsvlmh","previousEventId":"vm0w2j695t3nxg0","operationId":"0awvwd20svx99r6","previousOperationId":"tmjd94j6fdibuw4"}
{"type":"log","timestamp":1675271863155,"level":"debug","message":"Rendering engine handlebars","meta":{"rootId":"961ko5jci7qwwmc","id":"961ko5jci7qwwmc"},"id":"vnozpw0rd7m0bpz","previousOperationId":"0awvwd20svx99r6"}
{"type":"operationEnd","operationId":"0awvwd20svx99r6","timestamp":1675271863165,"id":"9tzxvv6ejlaf463","previousEventId":"fjg80h26bvsvlmh","previousOperationId":"0awvwd20svx99r6"}
{"type":"operationStart","subtype":"recipe","name":"chrome-pdf","timestamp":1675271863166,"id":"20vtils7z349lky","previousEventId":"9tzxvv6ejlaf463","operationId":"6esecbg8spjbxmj","previousOperationId":"0awvwd20svx99r6"}
{"type":"log","timestamp":1675271863166,"level":"debug","message":"Executing recipe chrome-pdf","meta":{"rootId":"961ko5jci7qwwmc","id":"961ko5jci7qwwmc"},"id":"mj7sdtsk5evt3wt","previousOperationId":"6esecbg8spjbxmj"}
{"type":"log","timestamp":1675271863168,"level":"debug","message":"Converting with chrome HeadlessChrome/105.0.5173.0 using chrome-pool strategy","meta":{"rootId":"961ko5jci7qwwmc","id":"961ko5jci7qwwmc"},"id":"kjqgbnyhkzb9q2i","previousOperationId":"6esecbg8spjbxmj"}
{"type":"log","timestamp":1675271863259,"level":"debug","message":"Page request: GET (document) file:///C:/Users/pollo/AppData/Local/Temp/jsreport/autocleanup/cb8c2ccf-5961-40d8-a878-13b68e5a8c76-chrome-pdf.html","meta":{"rootId":"961ko5jci7qwwmc","id":"961ko5jci7qwwmc"},"id":"rdjznvluvk6p7jt","previousOperationId":"6esecbg8spjbxmj"}
{"type":"log","timestamp":1675271863270,"level":"debug","message":"Page request: GET (stylesheet) https://cdnjs.cloudflare.com/ajax/libs/metro/4.1.5/css/metro.min.css","meta":{"rootId":"961ko5jci7qwwmc","id":"961ko5jci7qwwmc"},"id":"ax3u1nh2ujwzzc5","previousOperationId":"6esecbg8spjbxmj"}
{"type":"log","timestamp":1675271863271,"level":"debug","message":"Page request: GET (script) https://cdnjs.cloudflare.com/ajax/libs/Chart.js/2.7.2/Chart.min.js","meta":{"rootId":"961ko5jci7qwwmc","id":"961ko5jci7qwwmc"},"id":"uq1xhdg8zn7qxk4","previousOperationId":"6esecbg8spjbxmj"}
{"type":"log","timestamp":1675271863271,"level":"debug","message":"Page request finished: GET (document) 200 file:///C:/Users/pollo/AppData/Local/Temp/jsreport/autocleanup/cb8c2ccf-5961-40d8-a878-13b68e5a8c76-chrome-pdf.html","meta":{"rootId":"961ko5jci7qwwmc","id":"961ko5jci7qwwmc"},"id":"txpyo9zhj6qem5x","previousOperationId":"6esecbg8spjbxmj"}
{"type":"log","timestamp":1675271863276,"level":"debug","message":"Page request finished: GET (script) 200 https://cdnjs.cloudflare.com/ajax/libs/Chart.js/2.7.2/Chart.min.js","meta":{"rootId":"961ko5jci7qwwmc","id":"961ko5jci7qwwmc"},"id":"6qax92juhkzf6ki","previousOperationId":"6esecbg8spjbxmj"}
{"type":"log","timestamp":1675271863293,"level":"debug","message":"Page request finished: GET (stylesheet) 200 https://cdnjs.cloudflare.com/ajax/libs/metro/4.1.5/css/metro.min.css","meta":{"rootId":"961ko5jci7qwwmc","id":"961ko5jci7qwwmc"},"id":"umjbcwevzt7fsz2","previousOperationId":"6esecbg8spjbxmj"}
{"type":"log","timestamp":1675271863306,"level":"debug","message":"Running chrome with params {\"printBackground\":true,\"marginTop\":\"4cm\",\"marginRight\":\"1.5cm\",\"marginBottom\":\"1.5cm\",\"marginLeft\":\"1.5cm\",\"waitForJS\":false,\"timeout\":59675,\"margin\":{\"top\":\"4cm\",\"right\":\"1.5cm\",\"bottom\":\"1.5cm\",\"left\":\"1.5cm\"}}","meta":{"rootId":"961ko5jci7qwwmc","id":"961ko5jci7qwwmc"},"id":"furkensww5px82f","previousOperationId":"6esecbg8spjbxmj"}
{"type":"operationEnd","operationId":"6esecbg8spjbxmj","timestamp":1675271863339,"id":"iod8v083p3z2cxo","previousEventId":"20vtils7z349lky","previousOperationId":"6esecbg8spjbxmj"}
{"type":"log","timestamp":1675271863339,"level":"info","message":"pdf-utils is starting pdf processing","meta":{"rootId":"961ko5jci7qwwmc","id":"961ko5jci7qwwmc"},"id":"whie5b1q3a7c908","previousOperationId":"6esecbg8spjbxmj"}
{"type":"operationStart","subtype":"pdfUtils","name":"pdf utils","timestamp":1675271863339,"id":"igb5r5qfxn5iez4","previousEventId":"iod8v083p3z2cxo","operationId":"3b5k5x7dcnx4deo","previousOperationId":"6esecbg8spjbxmj"}
{"type":"log","timestamp":1675271863339,"level":"debug","message":"pdf-utils detected 1 pdf operation(s) to process","meta":{"rootId":"961ko5jci7qwwmc","id":"961ko5jci7qwwmc"},"id":"4ceqkbv7b0fkovd","previousOperationId":"3b5k5x7dcnx4deo"}
{"type":"log","timestamp":1675271863342,"level":"debug","message":"pdf-utils running pdf operation merge","meta":{"rootId":"961ko5jci7qwwmc","id":"961ko5jci7qwwmc"},"id":"mkio5vkzhkid2a5","previousOperationId":"3b5k5x7dcnx4deo"}
{"type":"operationStart","subtype":"pdfUtilsMerge","name":"pdf utils merge","previousOperationId":"3b5k5x7dcnx4deo","timestamp":1675271863342,"id":"a8hjmo4wtdbbfir","previousEventId":"igb5r5qfxn5iez4","operationId":"6l5y3vd453463dk"}
{"type":"operationStart","subtype":"render","name":"orders-header","previousOperationId":"6l5y3vd453463dk","timestamp":1675271863343,"id":"tmlo1uyfaht84lo","previousEventId":"a8hjmo4wtdbbfir","operationId":"v64un03eml4tknw"}
{"type":"log","timestamp":1675271863343,"level":"info","message":"Starting rendering (child) request","meta":{"rootId":"961ko5jci7qwwmc","id":"65ivkp01cpgk6bw"},"id":"c4zl5j2f8d8bl3x","previousOperationId":"v64un03eml4tknw"}
{"type":"log","timestamp":1675271863343,"level":"info","message":"Rendering template { name: orders-header, recipe: chrome-pdf, engine: handlebars, preview: true }","meta":{"rootId":"961ko5jci7qwwmc","id":"65ivkp01cpgk6bw"},"id":"4s02pwv1ds5rqnz","previousOperationId":"v64un03eml4tknw"}
{"type":"log","timestamp":1675271863344,"level":"debug","message":"Inline data specified.","meta":{"rootId":"961ko5jci7qwwmc","id":"65ivkp01cpgk6bw"},"id":"6joqvds0t13rptq","previousOperationId":"v64un03eml4tknw"}
{"type":"log","timestamp":1675271863349,"level":"debug","message":"Base url not specified, skipping its injection.","meta":{"rootId":"961ko5jci7qwwmc","id":"65ivkp01cpgk6bw"},"id":"3llxfcxxhgsirej","previousOperationId":"v64un03eml4tknw"}
{"type":"operationStart","subtype":"engine","name":"handlebars","timestamp":1675271863349,"id":"xmgaq4l1q1tnu7w","previousEventId":"tmlo1uyfaht84lo","operationId":"dv678w4np7zg15q","previousOperationId":"v64un03eml4tknw"}
{"type":"log","timestamp":1675271863349,"level":"debug","message":"Rendering engine handlebars","meta":{"rootId":"961ko5jci7qwwmc","id":"65ivkp01cpgk6bw"},"id":"9i5nmco9gk69848","previousOperationId":"dv678w4np7zg15q"}
{"type":"operationEnd","operationId":"dv678w4np7zg15q","timestamp":1675271863366,"id":"1qr1yl8sgdrluco","previousEventId":"xmgaq4l1q1tnu7w","previousOperationId":"dv678w4np7zg15q"}
{"type":"operationStart","subtype":"recipe","name":"chrome-pdf","timestamp":1675271863366,"id":"4a19fsrjc03o121","previousEventId":"1qr1yl8sgdrluco","operationId":"5a5zqgakuqy5yuz","previousOperationId":"dv678w4np7zg15q"}
{"type":"log","timestamp":1675271863366,"level":"debug","message":"Executing recipe chrome-pdf","meta":{"rootId":"961ko5jci7qwwmc","id":"65ivkp01cpgk6bw"},"id":"0gsdq5gfjhq96fm","previousOperationId":"5a5zqgakuqy5yuz"}
{"type":"log","timestamp":1675271863368,"level":"debug","message":"Converting with chrome HeadlessChrome/105.0.5173.0 using chrome-pool strategy","meta":{"rootId":"961ko5jci7qwwmc","id":"65ivkp01cpgk6bw"},"id":"mbazxt2e8qlomb2","previousOperationId":"5a5zqgakuqy5yuz"}
{"type":"log","timestamp":1675271863461,"level":"debug","message":"Page request: GET (document) file:///C:/Users/pollo/AppData/Local/Temp/jsreport/autocleanup/bc9a46d8-4808-4bbc-bbc1-f745bcb3da96-chrome-pdf.html","meta":{"rootId":"961ko5jci7qwwmc","id":"65ivkp01cpgk6bw"},"id":"4ehpthbz5wz56ve","previousOperationId":"5a5zqgakuqy5yuz"}
{"type":"log","timestamp":1675271863482,"level":"debug","message":"Page request: GET (stylesheet) https://cdnjs.cloudflare.com/ajax/libs/metro/4.1.5/css/metro.min.css","meta":{"rootId":"961ko5jci7qwwmc","id":"65ivkp01cpgk6bw"},"id":"vksyok9kxbvwdny","previousOperationId":"5a5zqgakuqy5yuz"}
{"type":"log","timestamp":1675271863483,"level":"debug","message":"Page request finished: GET (document) 200 file:///C:/Users/pollo/AppData/Local/Temp/jsreport/autocleanup/bc9a46d8-4808-4bbc-bbc1-f745bcb3da96-chrome-pdf.html","meta":{"rootId":"961ko5jci7qwwmc","id":"65ivkp01cpgk6bw"},"id":"5okm18flbj5z0gh","previousOperationId":"5a5zqgakuqy5yuz"}
{"type":"log","timestamp":1675271863506,"level":"debug","message":"Page request finished: GET (stylesheet) 200 https://cdnjs.cloudflare.com/ajax/libs/metro/4.1.5/css/metro.min.css","meta":{"rootId":"961ko5jci7qwwmc","id":"65ivkp01cpgk6bw"},"id":"i780bvh9f95u8u6","previousOperationId":"5a5zqgakuqy5yuz"}
{"type":"log","timestamp":1675271863530,"level":"debug","message":"Running chrome with params {\"printBackground\":true,\"marginTop\":\"1.5cm\",\"marginRight\":\"1.5cm\",\"marginLeft\":\"1.cm\",\"timeout\":59475,\"margin\":{\"top\":\"1.5cm\",\"right\":\"1.5cm\",\"left\":\"1.cm\"}}","meta":{"rootId":"961ko5jci7qwwmc","id":"65ivkp01cpgk6bw"},"id":"xjbb51z2cv2zbcd","previousOperationId":"5a5zqgakuqy5yuz"}
{"type":"operationEnd","operationId":"5a5zqgakuqy5yuz","timestamp":1675271863597,"id":"bccjd7ty65a85ny","previousEventId":"4a19fsrjc03o121","previousOperationId":"5a5zqgakuqy5yuz"}
{"type":"log","timestamp":1675271863597,"level":"debug","message":"Skipping storing report.","meta":{"rootId":"961ko5jci7qwwmc","id":"65ivkp01cpgk6bw"},"id":"9itugclhjt7q1rl","previousOperationId":"5a5zqgakuqy5yuz"}
{"type":"log","timestamp":1675271863597,"level":"info","message":"Rendering (child) request finished in 755 ms","meta":{"rootId":"961ko5jci7qwwmc","id":"65ivkp01cpgk6bw"},"id":"4txskg0mvyycde8","previousOperationId":"5a5zqgakuqy5yuz"}
{"type":"operationEnd","subtype":"render","operationId":"v64un03eml4tknw","timestamp":1675271863597,"id":"hav7qhhvif4xq6e","previousEventId":"bccjd7ty65a85ny","previousOperationId":"5a5zqgakuqy5yuz"}
{"type":"operationEnd","operationId":"6l5y3vd453463dk","timestamp":1675271863604,"id":"pqc7zfcecr2ij72","previousEventId":"a8hjmo4wtdbbfir","previousOperationId":"6l5y3vd453463dk"}
{"type":"log","timestamp":1675271863604,"level":"debug","message":"pdf-utils postproces start","meta":{"rootId":"961ko5jci7qwwmc","id":"961ko5jci7qwwmc"},"id":"edf6jfsl9xuhb5f","previousOperationId":"6l5y3vd453463dk"}
{"type":"log","timestamp":1675271863609,"level":"debug","message":"pdf-utils postproces end","meta":{"rootId":"961ko5jci7qwwmc","id":"961ko5jci7qwwmc"},"id":"fw1xges36t9iqsn","previousOperationId":"6l5y3vd453463dk"}
{"type":"operationEnd","operationId":"3b5k5x7dcnx4deo","timestamp":1675271863609,"id":"sic1evhogdljkie","previousEventId":"pqc7zfcecr2ij72","previousOperationId":"6l5y3vd453463dk"}
{"type":"log","timestamp":1675271863609,"level":"info","message":"pdf-utils pdf processing was finished","meta":{"rootId":"961ko5jci7qwwmc","id":"961ko5jci7qwwmc"},"id":"2imlxkzlbdgvhbi","previousOperationId":"3b5k5x7dcnx4deo"}
{"type":"log","timestamp":1675271863609,"level":"debug","message":"Skipping storing report.","meta":{"rootId":"961ko5jci7qwwmc","id":"961ko5jci7qwwmc"},"id":"5nf16sgg6zeg5qp","previousOperationId":"3b5k5x7dcnx4deo"}
{"type":"log","timestamp":1675271863609,"level":"info","message":"Rendering request 21 finished in 767 ms","meta":{"rootId":"961ko5jci7qwwmc","id":"961ko5jci7qwwmc"},"id":"vxmtqplcuambgdn","previousOperationId":"3b5k5x7dcnx4deo"}
{"type":"operationEnd","subtype":"render","operationId":"b46sn4c7i1s2q5e","timestamp":1675271863609,"id":"p75nuayaijhcfbe","previousEventId":"sic1evhogdljkie","previousOperationId":"3b5k5x7dcnx4deo"}
{"type":"operationEnd","doDiffs":false,"previousEventId":"njfvtptvwt1rz9u","previousOperationId":"5vb9i43wpvjzwoj","operationId":"5vb9i43wpvjzwoj","timestamp":1675271863616,"id":"dnhrggjdv9pvrf1"}
