{"type":"operationStart","subtype":"profile","data":{"_id":"p8UUTwRP5KYtwVjr","timestamp":"2023-02-01T17:44:51.473Z","state":"queued","mode":"standard","creationDate":"2023-02-01T17:44:51.475Z","modificationDate":"2023-02-01T17:44:51.475Z","shortid":"HpXfOAz","$entitySet":"profiles"},"doDiffs":false,"timestamp":1675273491474,"id":"yvrzyolrsvgevdc","previousOperationId":null,"operationId":"cbkzytvv48heukc"}
{"type":"log","level":"info","message":"Render request 34 queued for execution and waiting for available worker","previousOperationId":"cbkzytvv48heukc","timestamp":1675273491474,"id":"24jo7wlxf4wk144"}
{"type":"operationStart","subtype":"render","name":"orders-main","previousOperationId":"cbkzytvv48heukc","timestamp":1675273491483,"id":"5afydisygsj809e","previousEventId":"yvrzyolrsvgevdc","operationId":"fcjdsmxlffk7ym4"}
{"type":"log","timestamp":1675273491483,"level":"info","message":"Starting rendering request 34","meta":{"rootId":"9qi80fv72mdj0n1","id":"9qi80fv72mdj0n1"},"id":"31yyidjjc544p56","previousOperationId":"fcjdsmxlffk7ym4"}
{"type":"log","timestamp":1675273491483,"level":"info","message":"Rendering template { name: orders-main, recipe: chrome-pdf, engine: handlebars, preview: true }","meta":{"rootId":"9qi80fv72mdj0n1","id":"9qi80fv72mdj0n1"},"id":"bu7b72r7rbyfa37","previousOperationId":"fcjdsmxlffk7ym4"}
{"type":"log","timestamp":1675273491486,"level":"debug","message":"Data item not defined for this template.","meta":{"rootId":"9qi80fv72mdj0n1","id":"9qi80fv72mdj0n1"},"id":"ywf7yrgoio5rw1w","previousOperationId":"fcjdsmxlffk7ym4"}
{"type":"log","timestamp":1675273491489,"level":"debug","message":"Executing script orders-script (beforeRender)","meta":{"rootId":"9qi80fv72mdj0n1","id":"9qi80fv72mdj0n1"},"id":"l1eandyhsg3oe2j","previousOperationId":"fcjdsmxlffk7ym4"}
{"type":"operationStart","subtype":"scriptsBeforeRender","name":"scripts beforeRender","timestamp":1675273491518,"id":"i8tq421u1akvyxn","previousEventId":"5afydisygsj809e","operationId":"h31kvb5qvazk4fo","previousOperationId":"fcjdsmxlffk7ym4"}
{"type":"operationStart","subtype":"script","name":"scripts orders-script","previousOperationId":"h31kvb5qvazk4fo","timestamp":1675273491518,"id":"s1zp1adf0x3yxkt","previousEventId":"i8tq421u1akvyxn","operationId":"6uj6ce1tyveymq8"}
{"type":"log","timestamp":1675273491518,"level":"debug","message":"(console:log) AAAAAAAAAAAAAAAAAAAAAAA  undefined","meta":{"userLevel":true,"rootId":"9qi80fv72mdj0n1","id":"9qi80fv72mdj0n1"},"id":"xpql6xec25huhg4","previousOperationId":"6uj6ce1tyveymq8"}
{"type":"log","timestamp":1675273491781,"level":"debug","message":"(console:log) {\n  id: 1,\n  name: 'Antonio',\n  description: 'Aclamado director de la Orquesta Filarmónica de Gran Canaria'\n}","meta":{"userLevel":true,"rootId":"9qi80fv72mdj0n1","id":"9qi80fv72mdj0n1"},"id":"qkmjr6ux7judx3a","previousOperationId":"6uj6ce1tyveymq8"}
{"type":"log","timestamp":1675273491781,"level":"debug","message":"(console:log) {\n  id: 1,\n  name: 'Antonio',\n  description: 'Aclamado director de la Orquesta Filarmónica de Gran Canaria'\n}","meta":{"userLevel":true,"rootId":"9qi80fv72mdj0n1","id":"9qi80fv72mdj0n1"},"id":"scopv83msvgluxl","previousOperationId":"6uj6ce1tyveymq8"}
{"type":"operationEnd","operationId":"6uj6ce1tyveymq8","timestamp":1675273491781,"id":"o6kb5hponbeq4lh","previousEventId":"5afydisygsj809e","previousOperationId":"fcjdsmxlffk7ym4"}
{"type":"operationEnd","operationId":"h31kvb5qvazk4fo","timestamp":1675273491781,"id":"gk24j1qxof2uf6o","previousEventId":"o6kb5hponbeq4lh","previousOperationId":"fcjdsmxlffk7ym4"}
{"type":"log","timestamp":1675273491781,"level":"debug","message":"Base url not specified, skipping its injection.","meta":{"rootId":"9qi80fv72mdj0n1","id":"9qi80fv72mdj0n1"},"id":"ldmgimrc5b79wsf","previousOperationId":"h31kvb5qvazk4fo"}
{"type":"operationStart","subtype":"engine","name":"handlebars","timestamp":1675273491781,"id":"c84stpihpcr5osc","previousEventId":"gk24j1qxof2uf6o","operationId":"1yv2onasq10fzm0","previousOperationId":"h31kvb5qvazk4fo"}
{"type":"log","timestamp":1675273491781,"level":"debug","message":"Rendering engine handlebars","meta":{"rootId":"9qi80fv72mdj0n1","id":"9qi80fv72mdj0n1"},"id":"jw9zop14i3y6c8d","previousOperationId":"1yv2onasq10fzm0"}
{"type":"operationEnd","operationId":"1yv2onasq10fzm0","timestamp":1675273491793,"id":"3g6aiuqxo99qgah","previousEventId":"c84stpihpcr5osc","previousOperationId":"1yv2onasq10fzm0"}
{"type":"operationStart","subtype":"recipe","name":"chrome-pdf","timestamp":1675273491793,"id":"lnxexr03lglsb4o","previousEventId":"3g6aiuqxo99qgah","operationId":"a4f22i0h28ajczk","previousOperationId":"1yv2onasq10fzm0"}
{"type":"log","timestamp":1675273491793,"level":"debug","message":"Executing recipe chrome-pdf","meta":{"rootId":"9qi80fv72mdj0n1","id":"9qi80fv72mdj0n1"},"id":"1lnsuilyw9owcfz","previousOperationId":"a4f22i0h28ajczk"}
{"type":"log","timestamp":1675273491796,"level":"debug","message":"Converting with chrome HeadlessChrome/105.0.5173.0 using chrome-pool strategy","meta":{"rootId":"9qi80fv72mdj0n1","id":"9qi80fv72mdj0n1"},"id":"rmfn0lzotgl7zv3","previousOperationId":"a4f22i0h28ajczk"}
{"type":"log","timestamp":1675273491896,"level":"debug","message":"Page request: GET (document) file:///C:/Users/pollo/AppData/Local/Temp/jsreport/autocleanup/505b58a6-8dd3-4e0f-b538-b8198066a3f5-chrome-pdf.html","meta":{"rootId":"9qi80fv72mdj0n1","id":"9qi80fv72mdj0n1"},"id":"vq89x1j2dx8epp4","previousOperationId":"a4f22i0h28ajczk"}
{"type":"log","timestamp":1675273491907,"level":"debug","message":"Page request finished: GET (document) 200 file:///C:/Users/pollo/AppData/Local/Temp/jsreport/autocleanup/505b58a6-8dd3-4e0f-b538-b8198066a3f5-chrome-pdf.html","meta":{"rootId":"9qi80fv72mdj0n1","id":"9qi80fv72mdj0n1"},"id":"m509sd4oexin4px","previousOperationId":"a4f22i0h28ajczk"}
{"type":"log","timestamp":1675273491907,"level":"debug","message":"Page request: GET (stylesheet) https://cdnjs.cloudflare.com/ajax/libs/metro/4.1.5/css/metro.min.css","meta":{"rootId":"9qi80fv72mdj0n1","id":"9qi80fv72mdj0n1"},"id":"ydalf221n833mbu","previousOperationId":"a4f22i0h28ajczk"}
{"type":"log","timestamp":1675273491907,"level":"debug","message":"Page request: GET (script) https://cdnjs.cloudflare.com/ajax/libs/Chart.js/2.7.2/Chart.min.js","meta":{"rootId":"9qi80fv72mdj0n1","id":"9qi80fv72mdj0n1"},"id":"08suxrajnd3kfjb","previousOperationId":"a4f22i0h28ajczk"}
{"type":"log","timestamp":1675273491914,"level":"debug","message":"Page request finished: GET (script) 200 https://cdnjs.cloudflare.com/ajax/libs/Chart.js/2.7.2/Chart.min.js","meta":{"rootId":"9qi80fv72mdj0n1","id":"9qi80fv72mdj0n1"},"id":"4unl7o0r9a2r2eo","previousOperationId":"a4f22i0h28ajczk"}
{"type":"log","timestamp":1675273491932,"level":"debug","message":"Page request finished: GET (stylesheet) 200 https://cdnjs.cloudflare.com/ajax/libs/metro/4.1.5/css/metro.min.css","meta":{"rootId":"9qi80fv72mdj0n1","id":"9qi80fv72mdj0n1"},"id":"o0iwtbxob6ctuwk","previousOperationId":"a4f22i0h28ajczk"}
{"type":"log","timestamp":1675273491942,"level":"debug","message":"Running chrome with params {\"printBackground\":true,\"marginTop\":\"4cm\",\"marginRight\":\"1.5cm\",\"marginBottom\":\"1.5cm\",\"marginLeft\":\"1.5cm\",\"waitForJS\":false,\"timeout\":59678,\"margin\":{\"top\":\"4cm\",\"right\":\"1.5cm\",\"bottom\":\"1.5cm\",\"left\":\"1.5cm\"}}","meta":{"rootId":"9qi80fv72mdj0n1","id":"9qi80fv72mdj0n1"},"id":"yjif6ah6pmqcqnu","previousOperationId":"a4f22i0h28ajczk"}
{"type":"operationEnd","operationId":"a4f22i0h28ajczk","timestamp":1675273491976,"id":"re5ikzq7lwmafnf","previousEventId":"lnxexr03lglsb4o","previousOperationId":"a4f22i0h28ajczk"}
{"type":"log","timestamp":1675273491976,"level":"info","message":"pdf-utils is starting pdf processing","meta":{"rootId":"9qi80fv72mdj0n1","id":"9qi80fv72mdj0n1"},"id":"3et9coza2ehr5io","previousOperationId":"a4f22i0h28ajczk"}
{"type":"operationStart","subtype":"pdfUtils","name":"pdf utils","timestamp":1675273491976,"id":"ggx1hph4itza82m","previousEventId":"re5ikzq7lwmafnf","operationId":"vawvoammingnjbs","previousOperationId":"a4f22i0h28ajczk"}
{"type":"log","timestamp":1675273491976,"level":"debug","message":"pdf-utils detected 1 pdf operation(s) to process","meta":{"rootId":"9qi80fv72mdj0n1","id":"9qi80fv72mdj0n1"},"id":"lf1oxu4zj20nsve","previousOperationId":"vawvoammingnjbs"}
{"type":"log","timestamp":1675273491981,"level":"debug","message":"pdf-utils running pdf operation merge","meta":{"rootId":"9qi80fv72mdj0n1","id":"9qi80fv72mdj0n1"},"id":"lbuq8xzbz6kck0n","previousOperationId":"vawvoammingnjbs"}
{"type":"operationStart","subtype":"pdfUtilsMerge","name":"pdf utils merge","previousOperationId":"vawvoammingnjbs","timestamp":1675273491981,"id":"ztsnv8hmk3rt8x8","previousEventId":"ggx1hph4itza82m","operationId":"oo9cz5cqk1ke404"}
{"type":"operationStart","subtype":"render","name":"orders-header","previousOperationId":"oo9cz5cqk1ke404","timestamp":1675273491982,"id":"v1qz1b0sveig65u","previousEventId":"ztsnv8hmk3rt8x8","operationId":"2pk8o5ijssrtspo"}
{"type":"log","timestamp":1675273491982,"level":"info","message":"Starting rendering (child) request","meta":{"rootId":"9qi80fv72mdj0n1","id":"5c8wrxbx8p5dnak"},"id":"1qa0wa80htvhnhl","previousOperationId":"2pk8o5ijssrtspo"}
{"type":"log","timestamp":1675273491982,"level":"info","message":"Rendering template { name: orders-header, recipe: chrome-pdf, engine: handlebars, preview: true }","meta":{"rootId":"9qi80fv72mdj0n1","id":"5c8wrxbx8p5dnak"},"id":"7jfiyrkin0mq8ok","previousOperationId":"2pk8o5ijssrtspo"}
{"type":"log","timestamp":1675273491984,"level":"debug","message":"Inline data specified.","meta":{"rootId":"9qi80fv72mdj0n1","id":"5c8wrxbx8p5dnak"},"id":"nbdlrpw7yoox2lc","previousOperationId":"2pk8o5ijssrtspo"}
{"type":"log","timestamp":1675273491987,"level":"debug","message":"Base url not specified, skipping its injection.","meta":{"rootId":"9qi80fv72mdj0n1","id":"5c8wrxbx8p5dnak"},"id":"dejmwpy8mmhfq1g","previousOperationId":"2pk8o5ijssrtspo"}
{"type":"operationStart","subtype":"engine","name":"handlebars","timestamp":1675273491987,"id":"h6v2obctwm394zc","previousEventId":"v1qz1b0sveig65u","operationId":"5rb0er4idnhet9u","previousOperationId":"2pk8o5ijssrtspo"}
{"type":"log","timestamp":1675273491987,"level":"debug","message":"Rendering engine handlebars","meta":{"rootId":"9qi80fv72mdj0n1","id":"5c8wrxbx8p5dnak"},"id":"b72skjtbh1pwrdp","previousOperationId":"5rb0er4idnhet9u"}
{"type":"operationEnd","operationId":"5rb0er4idnhet9u","timestamp":1675273491999,"id":"kmdtotbwq221aon","previousEventId":"h6v2obctwm394zc","previousOperationId":"5rb0er4idnhet9u"}
{"type":"operationStart","subtype":"recipe","name":"chrome-pdf","timestamp":1675273491999,"id":"2phejnjitfzlpfm","previousEventId":"kmdtotbwq221aon","operationId":"t9nk6080lyi7fjn","previousOperationId":"5rb0er4idnhet9u"}
{"type":"log","timestamp":1675273491999,"level":"debug","message":"Executing recipe chrome-pdf","meta":{"rootId":"9qi80fv72mdj0n1","id":"5c8wrxbx8p5dnak"},"id":"yjxnoyfbcyq200r","previousOperationId":"t9nk6080lyi7fjn"}
{"type":"log","timestamp":1675273492002,"level":"debug","message":"Converting with chrome HeadlessChrome/105.0.5173.0 using chrome-pool strategy","meta":{"rootId":"9qi80fv72mdj0n1","id":"5c8wrxbx8p5dnak"},"id":"8c2d9pc2p6vd2rn","previousOperationId":"t9nk6080lyi7fjn"}
{"type":"log","timestamp":1675273492093,"level":"debug","message":"Page request: GET (document) file:///C:/Users/pollo/AppData/Local/Temp/jsreport/autocleanup/4c8df233-1c43-4244-9dfd-6ba9558cc60d-chrome-pdf.html","meta":{"rootId":"9qi80fv72mdj0n1","id":"5c8wrxbx8p5dnak"},"id":"8bojekhsp04m7is","previousOperationId":"t9nk6080lyi7fjn"}
{"type":"log","timestamp":1675273492105,"level":"debug","message":"Page request finished: GET (document) 200 file:///C:/Users/pollo/AppData/Local/Temp/jsreport/autocleanup/4c8df233-1c43-4244-9dfd-6ba9558cc60d-chrome-pdf.html","meta":{"rootId":"9qi80fv72mdj0n1","id":"5c8wrxbx8p5dnak"},"id":"mprjzwoa3l1qfov","previousOperationId":"t9nk6080lyi7fjn"}
{"type":"log","timestamp":1675273492105,"level":"debug","message":"Page request: GET (stylesheet) https://cdnjs.cloudflare.com/ajax/libs/metro/4.1.5/css/metro.min.css","meta":{"rootId":"9qi80fv72mdj0n1","id":"5c8wrxbx8p5dnak"},"id":"xdofwnfbcw18pym","previousOperationId":"t9nk6080lyi7fjn"}
{"type":"log","timestamp":1675273492127,"level":"debug","message":"Page request finished: GET (stylesheet) 200 https://cdnjs.cloudflare.com/ajax/libs/metro/4.1.5/css/metro.min.css","meta":{"rootId":"9qi80fv72mdj0n1","id":"5c8wrxbx8p5dnak"},"id":"m843a58gkdjmhly","previousOperationId":"t9nk6080lyi7fjn"}
{"type":"log","timestamp":1675273492148,"level":"debug","message":"Running chrome with params {\"printBackground\":true,\"marginTop\":\"1.5cm\",\"marginRight\":\"1.5cm\",\"marginLeft\":\"1.cm\",\"timeout\":59472,\"margin\":{\"top\":\"1.5cm\",\"right\":\"1.5cm\",\"left\":\"1.cm\"}}","meta":{"rootId":"9qi80fv72mdj0n1","id":"5c8wrxbx8p5dnak"},"id":"ug40wti3ipgsu8h","previousOperationId":"t9nk6080lyi7fjn"}
{"type":"operationEnd","operationId":"t9nk6080lyi7fjn","timestamp":1675273492209,"id":"ey0g53ad20hx2qk","previousEventId":"2phejnjitfzlpfm","previousOperationId":"t9nk6080lyi7fjn"}
{"type":"log","timestamp":1675273492209,"level":"debug","message":"Skipping storing report.","meta":{"rootId":"9qi80fv72mdj0n1","id":"5c8wrxbx8p5dnak"},"id":"l7qrxhllv7m9tox","previousOperationId":"t9nk6080lyi7fjn"}
{"type":"log","timestamp":1675273492209,"level":"info","message":"Rendering (child) request finished in 736 ms","meta":{"rootId":"9qi80fv72mdj0n1","id":"5c8wrxbx8p5dnak"},"id":"fai1lpvceyv0eal","previousOperationId":"t9nk6080lyi7fjn"}
{"type":"operationEnd","subtype":"render","operationId":"2pk8o5ijssrtspo","timestamp":1675273492209,"id":"s5scntfcqxpkg05","previousEventId":"ey0g53ad20hx2qk","previousOperationId":"t9nk6080lyi7fjn"}
{"type":"operationEnd","operationId":"oo9cz5cqk1ke404","timestamp":1675273492214,"id":"y01iy6phdblveq3","previousEventId":"ztsnv8hmk3rt8x8","previousOperationId":"oo9cz5cqk1ke404"}
{"type":"log","timestamp":1675273492214,"level":"debug","message":"pdf-utils postproces start","meta":{"rootId":"9qi80fv72mdj0n1","id":"9qi80fv72mdj0n1"},"id":"lkbewseggk9ns3i","previousOperationId":"oo9cz5cqk1ke404"}
{"type":"log","timestamp":1675273492218,"level":"debug","message":"pdf-utils postproces end","meta":{"rootId":"9qi80fv72mdj0n1","id":"9qi80fv72mdj0n1"},"id":"zat6j91kpw3l4vp","previousOperationId":"oo9cz5cqk1ke404"}
{"type":"operationEnd","operationId":"vawvoammingnjbs","timestamp":1675273492218,"id":"6u8aoearbfebo8f","previousEventId":"y01iy6phdblveq3","previousOperationId":"oo9cz5cqk1ke404"}
{"type":"log","timestamp":1675273492218,"level":"info","message":"pdf-utils pdf processing was finished","meta":{"rootId":"9qi80fv72mdj0n1","id":"9qi80fv72mdj0n1"},"id":"197zxez2j3pgw9o","previousOperationId":"vawvoammingnjbs"}
{"type":"log","timestamp":1675273492218,"level":"debug","message":"Skipping storing report.","meta":{"rootId":"9qi80fv72mdj0n1","id":"9qi80fv72mdj0n1"},"id":"korf6w6415hu63z","previousOperationId":"vawvoammingnjbs"}
{"type":"log","timestamp":1675273492218,"level":"info","message":"Rendering request 34 finished in 745 ms","meta":{"rootId":"9qi80fv72mdj0n1","id":"9qi80fv72mdj0n1"},"id":"b6gjy8pdextqewi","previousOperationId":"vawvoammingnjbs"}
{"type":"operationEnd","subtype":"render","operationId":"fcjdsmxlffk7ym4","timestamp":1675273492218,"id":"t44ocibzc1elp5c","previousEventId":"6u8aoearbfebo8f","previousOperationId":"vawvoammingnjbs"}
{"type":"operationEnd","doDiffs":false,"previousEventId":"yvrzyolrsvgevdc","previousOperationId":"cbkzytvv48heukc","operationId":"cbkzytvv48heukc","timestamp":1675273492224,"id":"6fq2sxhwg2ujwym"}
