{"type":"operationStart","subtype":"profile","data":{"_id":"XVZ5LtdrW0FangCP","timestamp":"2023-02-05T18:19:49.464Z","state":"queued","mode":"standard","creationDate":"2023-02-05T18:19:49.465Z","modificationDate":"2023-02-05T18:19:49.465Z","shortid":"Ogf7ztZ","$entitySet":"profiles"},"doDiffs":false,"timestamp":1675621189465,"id":"hieks4ougwax833","previousOperationId":null,"operationId":"bb2abli5hkj9f2j"}
{"type":"log","level":"info","message":"Render request 31 queued for execution and waiting for available worker","previousOperationId":"bb2abli5hkj9f2j","timestamp":1675621189465,"id":"iw44pt0oiazs1n7"}
{"type":"operationStart","subtype":"render","name":"orders-main","previousOperationId":"bb2abli5hkj9f2j","timestamp":1675621189474,"id":"g3jf89adishhy6y","previousEventId":"hieks4ougwax833","operationId":"61my31jbhvqfrv7"}
{"type":"log","timestamp":1675621189474,"level":"info","message":"Starting rendering request 31","meta":{"rootId":"a8nw6ffmowylw1j","id":"a8nw6ffmowylw1j"},"id":"luugt2q46ggn8ta","previousOperationId":"61my31jbhvqfrv7"}
{"type":"log","timestamp":1675621189475,"level":"info","message":"Rendering template { name: orders-main, recipe: chrome-pdf, engine: handlebars, preview: true }","meta":{"rootId":"a8nw6ffmowylw1j","id":"a8nw6ffmowylw1j"},"id":"c2hshfd78qfenv3","previousOperationId":"61my31jbhvqfrv7"}
{"type":"log","timestamp":1675621189475,"level":"debug","message":"Data item not defined for this template.","meta":{"rootId":"a8nw6ffmowylw1j","id":"a8nw6ffmowylw1j"},"id":"vpojriqrp69ab69","previousOperationId":"61my31jbhvqfrv7"}
{"type":"log","timestamp":1675621189480,"level":"debug","message":"Executing script orders-script (beforeRender)","meta":{"rootId":"a8nw6ffmowylw1j","id":"a8nw6ffmowylw1j"},"id":"c6dlwlt4ermvgyr","previousOperationId":"61my31jbhvqfrv7"}
{"type":"operationStart","subtype":"scriptsBeforeRender","name":"scripts beforeRender","timestamp":1675621189511,"id":"jj92qrm6epwngh2","previousEventId":"g3jf89adishhy6y","operationId":"9dlclag4hskuw2d","previousOperationId":"61my31jbhvqfrv7"}
{"type":"operationStart","subtype":"script","name":"scripts orders-script","previousOperationId":"9dlclag4hskuw2d","timestamp":1675621189511,"id":"bh4qqn6v99e9acu","previousEventId":"jj92qrm6epwngh2","operationId":"rmbtz8nthvqnt6j"}
{"type":"operationEnd","operationId":"rmbtz8nthvqnt6j","timestamp":1675621189766,"id":"ofoymydn38ap6qj","previousEventId":"g3jf89adishhy6y","previousOperationId":"61my31jbhvqfrv7"}
{"type":"operationEnd","operationId":"9dlclag4hskuw2d","timestamp":1675621189766,"id":"8dqd6rq5mrkge1v","previousEventId":"ofoymydn38ap6qj","previousOperationId":"61my31jbhvqfrv7"}
{"type":"log","timestamp":1675621189766,"level":"debug","message":"Base url not specified, skipping its injection.","meta":{"rootId":"a8nw6ffmowylw1j","id":"a8nw6ffmowylw1j"},"id":"eau35hd9due5v3i","previousOperationId":"9dlclag4hskuw2d"}
{"type":"operationStart","subtype":"engine","name":"handlebars","timestamp":1675621189766,"id":"36wm0921374htkq","previousEventId":"8dqd6rq5mrkge1v","operationId":"s3v4861z10cquvl","previousOperationId":"9dlclag4hskuw2d"}
{"type":"log","timestamp":1675621189766,"level":"debug","message":"Rendering engine handlebars","meta":{"rootId":"a8nw6ffmowylw1j","id":"a8nw6ffmowylw1j"},"id":"mnoc3fwrtllmqv1","previousOperationId":"s3v4861z10cquvl"}
{"type":"operationEnd","operationId":"s3v4861z10cquvl","timestamp":1675621189779,"id":"i8jkdbjz6lausmf","previousEventId":"36wm0921374htkq","previousOperationId":"s3v4861z10cquvl"}
{"type":"operationStart","subtype":"recipe","name":"chrome-pdf","timestamp":1675621189779,"id":"t7uq2hwm70a5vjm","previousEventId":"i8jkdbjz6lausmf","operationId":"j0pyg0ru3mecjf0","previousOperationId":"s3v4861z10cquvl"}
{"type":"log","timestamp":1675621189779,"level":"debug","message":"Executing recipe chrome-pdf","meta":{"rootId":"a8nw6ffmowylw1j","id":"a8nw6ffmowylw1j"},"id":"ydtazb4h4hk9hzl","previousOperationId":"j0pyg0ru3mecjf0"}
{"type":"log","timestamp":1675621189781,"level":"debug","message":"Converting with chrome HeadlessChrome/105.0.5173.0 using chrome-pool strategy","meta":{"rootId":"a8nw6ffmowylw1j","id":"a8nw6ffmowylw1j"},"id":"s6uwaeq1t1nou4e","previousOperationId":"j0pyg0ru3mecjf0"}
{"type":"log","timestamp":1675621189879,"level":"debug","message":"Page request: GET (document) file:///C:/Users/pollo/AppData/Local/Temp/jsreport/autocleanup/017cc5be-c0ac-49f5-ab77-c6af23b69e95-chrome-pdf.html","meta":{"rootId":"a8nw6ffmowylw1j","id":"a8nw6ffmowylw1j"},"id":"nzgd6z66p11ajjj","previousOperationId":"j0pyg0ru3mecjf0"}
{"type":"log","timestamp":1675621189901,"level":"debug","message":"Page request finished: GET (document) 200 file:///C:/Users/pollo/AppData/Local/Temp/jsreport/autocleanup/017cc5be-c0ac-49f5-ab77-c6af23b69e95-chrome-pdf.html","meta":{"rootId":"a8nw6ffmowylw1j","id":"a8nw6ffmowylw1j"},"id":"h5zlyicqtdvk2nm","previousOperationId":"j0pyg0ru3mecjf0"}
{"type":"log","timestamp":1675621189901,"level":"debug","message":"Page request: GET (stylesheet) https://cdnjs.cloudflare.com/ajax/libs/metro/4.1.5/css/metro.min.css","meta":{"rootId":"a8nw6ffmowylw1j","id":"a8nw6ffmowylw1j"},"id":"i1p7beymqm4t9vv","previousOperationId":"j0pyg0ru3mecjf0"}
{"type":"log","timestamp":1675621189901,"level":"debug","message":"Page request: GET (script) https://cdn.jsdelivr.net/npm/chart.js","meta":{"rootId":"a8nw6ffmowylw1j","id":"a8nw6ffmowylw1j"},"id":"wys4y1quh9s34da","previousOperationId":"j0pyg0ru3mecjf0"}
{"type":"log","timestamp":1675621189908,"level":"debug","message":"Page request finished: GET (script) 200 https://cdn.jsdelivr.net/npm/chart.js","meta":{"rootId":"a8nw6ffmowylw1j","id":"a8nw6ffmowylw1j"},"id":"jaqxz30zs7xx12p","previousOperationId":"j0pyg0ru3mecjf0"}
{"type":"log","timestamp":1675621189925,"level":"debug","message":"Page request finished: GET (stylesheet) 200 https://cdnjs.cloudflare.com/ajax/libs/metro/4.1.5/css/metro.min.css","meta":{"rootId":"a8nw6ffmowylw1j","id":"a8nw6ffmowylw1j"},"id":"ygdoqeowj6l7l9a","previousOperationId":"j0pyg0ru3mecjf0"}
{"type":"log","timestamp":1675621189932,"level":"warn","message":"Page error: SyntaxError: Unexpected identifier","meta":{"rootId":"a8nw6ffmowylw1j","id":"a8nw6ffmowylw1j"},"id":"5la2u6jqy62v2wu","previousOperationId":"j0pyg0ru3mecjf0"}
{"type":"log","timestamp":1675621189962,"level":"debug","message":"Running chrome with params {\"printBackground\":true,\"marginTop\":\"4cm\",\"marginRight\":\"1.5cm\",\"marginBottom\":\"1.5cm\",\"marginLeft\":\"1.5cm\",\"waitForJS\":false,\"timeout\":59684,\"margin\":{\"top\":\"4cm\",\"right\":\"1.5cm\",\"bottom\":\"1.5cm\",\"left\":\"1.5cm\"}}","meta":{"rootId":"a8nw6ffmowylw1j","id":"a8nw6ffmowylw1j"},"id":"018hjy77f85apyu","previousOperationId":"j0pyg0ru3mecjf0"}
{"type":"operationEnd","operationId":"j0pyg0ru3mecjf0","timestamp":1675621190051,"id":"t6thzz7qenuwnf9","previousEventId":"t7uq2hwm70a5vjm","previousOperationId":"j0pyg0ru3mecjf0"}
{"type":"log","timestamp":1675621190052,"level":"info","message":"pdf-utils is starting pdf processing","meta":{"rootId":"a8nw6ffmowylw1j","id":"a8nw6ffmowylw1j"},"id":"eya1w7gjfdiseh6","previousOperationId":"j0pyg0ru3mecjf0"}
{"type":"operationStart","subtype":"pdfUtils","name":"pdf utils","timestamp":1675621190052,"id":"ib25oqmjsucf51o","previousEventId":"t6thzz7qenuwnf9","operationId":"64at2548b760x03","previousOperationId":"j0pyg0ru3mecjf0"}
{"type":"log","timestamp":1675621190052,"level":"debug","message":"pdf-utils detected 1 pdf operation(s) to process","meta":{"rootId":"a8nw6ffmowylw1j","id":"a8nw6ffmowylw1j"},"id":"cdbi5x8xpmfhh8y","previousOperationId":"64at2548b760x03"}
{"type":"log","timestamp":1675621190064,"level":"debug","message":"pdf-utils running pdf operation merge","meta":{"rootId":"a8nw6ffmowylw1j","id":"a8nw6ffmowylw1j"},"id":"fafh5g3ptouk72a","previousOperationId":"64at2548b760x03"}
{"type":"operationStart","subtype":"pdfUtilsMerge","name":"pdf utils merge","previousOperationId":"64at2548b760x03","timestamp":1675621190064,"id":"6mgg42qdj4xcel5","previousEventId":"ib25oqmjsucf51o","operationId":"o5aahs38kig9kc2"}
{"type":"operationStart","subtype":"render","name":"orders-header","previousOperationId":"o5aahs38kig9kc2","timestamp":1675621190065,"id":"s45o4vi01k73ju6","previousEventId":"6mgg42qdj4xcel5","operationId":"pubg9v22sk97t35"}
{"type":"log","timestamp":1675621190065,"level":"info","message":"Starting rendering (child) request","meta":{"rootId":"a8nw6ffmowylw1j","id":"3lkz8u0tuyymzc3"},"id":"e994cnektpzyrft","previousOperationId":"pubg9v22sk97t35"}
{"type":"log","timestamp":1675621190065,"level":"info","message":"Rendering template { name: orders-header, recipe: chrome-pdf, engine: handlebars, preview: true }","meta":{"rootId":"a8nw6ffmowylw1j","id":"3lkz8u0tuyymzc3"},"id":"a552sdh8z06p7lv","previousOperationId":"pubg9v22sk97t35"}
{"type":"log","timestamp":1675621190071,"level":"debug","message":"Inline data specified.","meta":{"rootId":"a8nw6ffmowylw1j","id":"3lkz8u0tuyymzc3"},"id":"kawxu89pele039q","previousOperationId":"pubg9v22sk97t35"}
{"type":"log","timestamp":1675621190073,"level":"debug","message":"Base url not specified, skipping its injection.","meta":{"rootId":"a8nw6ffmowylw1j","id":"3lkz8u0tuyymzc3"},"id":"esulkw91jdbbxnx","previousOperationId":"pubg9v22sk97t35"}
{"type":"operationStart","subtype":"engine","name":"handlebars","timestamp":1675621190073,"id":"xrhynov5i8m8ot9","previousEventId":"s45o4vi01k73ju6","operationId":"0uuybz6xr5hfpvh","previousOperationId":"pubg9v22sk97t35"}
{"type":"log","timestamp":1675621190073,"level":"debug","message":"Rendering engine handlebars","meta":{"rootId":"a8nw6ffmowylw1j","id":"3lkz8u0tuyymzc3"},"id":"h9ekupsuwy4yai1","previousOperationId":"0uuybz6xr5hfpvh"}
{"type":"operationEnd","operationId":"0uuybz6xr5hfpvh","timestamp":1675621190085,"id":"8817iah1tnziwf1","previousEventId":"xrhynov5i8m8ot9","previousOperationId":"0uuybz6xr5hfpvh"}
{"type":"operationStart","subtype":"recipe","name":"chrome-pdf","timestamp":1675621190085,"id":"8z2qdjyv9nc49mq","previousEventId":"8817iah1tnziwf1","operationId":"q0gxvcpfvfdxdi3","previousOperationId":"0uuybz6xr5hfpvh"}
{"type":"log","timestamp":1675621190085,"level":"debug","message":"Executing recipe chrome-pdf","meta":{"rootId":"a8nw6ffmowylw1j","id":"3lkz8u0tuyymzc3"},"id":"8t7ctolrj0uw1to","previousOperationId":"q0gxvcpfvfdxdi3"}
{"type":"log","timestamp":1675621190089,"level":"debug","message":"Converting with chrome HeadlessChrome/105.0.5173.0 using chrome-pool strategy","meta":{"rootId":"a8nw6ffmowylw1j","id":"3lkz8u0tuyymzc3"},"id":"5mji1v2c3vo9sn3","previousOperationId":"q0gxvcpfvfdxdi3"}
{"type":"log","timestamp":1675621190187,"level":"debug","message":"Page request: GET (document) file:///C:/Users/pollo/AppData/Local/Temp/jsreport/autocleanup/de34384b-8918-451d-bfbc-a69f950d6c57-chrome-pdf.html","meta":{"rootId":"a8nw6ffmowylw1j","id":"3lkz8u0tuyymzc3"},"id":"so8d7fraa6aw9vj","previousOperationId":"q0gxvcpfvfdxdi3"}
{"type":"log","timestamp":1675621190199,"level":"debug","message":"Page request finished: GET (document) 200 file:///C:/Users/pollo/AppData/Local/Temp/jsreport/autocleanup/de34384b-8918-451d-bfbc-a69f950d6c57-chrome-pdf.html","meta":{"rootId":"a8nw6ffmowylw1j","id":"3lkz8u0tuyymzc3"},"id":"poi638enic4mit5","previousOperationId":"q0gxvcpfvfdxdi3"}
{"type":"log","timestamp":1675621190199,"level":"debug","message":"Page request: GET (stylesheet) https://cdnjs.cloudflare.com/ajax/libs/metro/4.1.5/css/metro.min.css","meta":{"rootId":"a8nw6ffmowylw1j","id":"3lkz8u0tuyymzc3"},"id":"ommyy3tpy24kkq0","previousOperationId":"q0gxvcpfvfdxdi3"}
{"type":"log","timestamp":1675621190221,"level":"debug","message":"Page request finished: GET (stylesheet) 200 https://cdnjs.cloudflare.com/ajax/libs/metro/4.1.5/css/metro.min.css","meta":{"rootId":"a8nw6ffmowylw1j","id":"3lkz8u0tuyymzc3"},"id":"193du0wqwatgh2u","previousOperationId":"q0gxvcpfvfdxdi3"}
{"type":"log","timestamp":1675621190245,"level":"debug","message":"Running chrome with params {\"printBackground\":true,\"marginTop\":\"1.5cm\",\"marginRight\":\"1.5cm\",\"marginLeft\":\"1.cm\",\"timeout\":59376,\"margin\":{\"top\":\"1.5cm\",\"right\":\"1.5cm\",\"left\":\"1.cm\"}}","meta":{"rootId":"a8nw6ffmowylw1j","id":"3lkz8u0tuyymzc3"},"id":"e6emkibofd3w8uw","previousOperationId":"q0gxvcpfvfdxdi3"}
{"type":"operationEnd","operationId":"q0gxvcpfvfdxdi3","timestamp":1675621190310,"id":"uzxu42bqs9249wq","previousEventId":"8z2qdjyv9nc49mq","previousOperationId":"q0gxvcpfvfdxdi3"}
{"type":"log","timestamp":1675621190310,"level":"debug","message":"Skipping storing report.","meta":{"rootId":"a8nw6ffmowylw1j","id":"3lkz8u0tuyymzc3"},"id":"xsv1kkqpjr7sjx1","previousOperationId":"q0gxvcpfvfdxdi3"}
{"type":"log","timestamp":1675621190310,"level":"info","message":"Rendering (child) request finished in 846 ms","meta":{"rootId":"a8nw6ffmowylw1j","id":"3lkz8u0tuyymzc3"},"id":"dxe9n4gukl5v2vw","previousOperationId":"q0gxvcpfvfdxdi3"}
{"type":"operationEnd","subtype":"render","operationId":"pubg9v22sk97t35","timestamp":1675621190311,"id":"t0c3j87bjkea79k","previousEventId":"uzxu42bqs9249wq","previousOperationId":"q0gxvcpfvfdxdi3"}
{"type":"operationEnd","operationId":"o5aahs38kig9kc2","timestamp":1675621190317,"id":"e4r72frngohnfzv","previousEventId":"6mgg42qdj4xcel5","previousOperationId":"o5aahs38kig9kc2"}
{"type":"log","timestamp":1675621190317,"level":"debug","message":"pdf-utils postproces start","meta":{"rootId":"a8nw6ffmowylw1j","id":"a8nw6ffmowylw1j"},"id":"jpiddc1k859d3ys","previousOperationId":"o5aahs38kig9kc2"}
{"type":"log","timestamp":1675621190324,"level":"debug","message":"pdf-utils postproces end","meta":{"rootId":"a8nw6ffmowylw1j","id":"a8nw6ffmowylw1j"},"id":"efvsf0r689cs7t8","previousOperationId":"o5aahs38kig9kc2"}
{"type":"operationEnd","operationId":"64at2548b760x03","timestamp":1675621190324,"id":"sagbepa0p3g3j8u","previousEventId":"e4r72frngohnfzv","previousOperationId":"o5aahs38kig9kc2"}
{"type":"log","timestamp":1675621190324,"level":"info","message":"pdf-utils pdf processing was finished","meta":{"rootId":"a8nw6ffmowylw1j","id":"a8nw6ffmowylw1j"},"id":"of5djp0t4admhxq","previousOperationId":"64at2548b760x03"}
{"type":"log","timestamp":1675621190324,"level":"debug","message":"Skipping storing report.","meta":{"rootId":"a8nw6ffmowylw1j","id":"a8nw6ffmowylw1j"},"id":"cfv0fq03nh8ca7f","previousOperationId":"64at2548b760x03"}
{"type":"log","timestamp":1675621190324,"level":"info","message":"Rendering request 31 finished in 860 ms","meta":{"rootId":"a8nw6ffmowylw1j","id":"a8nw6ffmowylw1j"},"id":"pn7sop6t5we3ymi","previousOperationId":"64at2548b760x03"}
{"type":"operationEnd","subtype":"render","operationId":"61my31jbhvqfrv7","timestamp":1675621190324,"id":"0nva22o99wu0sm8","previousEventId":"sagbepa0p3g3j8u","previousOperationId":"64at2548b760x03"}
{"type":"operationEnd","doDiffs":false,"previousEventId":"hieks4ougwax833","previousOperationId":"bb2abli5hkj9f2j","operationId":"bb2abli5hkj9f2j","timestamp":1675621190332,"id":"jzcm1klxmg2fftk"}
