{"type":"operationStart","subtype":"profile","data":{"_id":"8rFI2Foa6ogn3XJU","timestamp":"2023-01-28T19:55:43.456Z","state":"queued","mode":"standard","creationDate":"2023-01-28T19:55:43.459Z","modificationDate":"2023-01-28T19:55:43.459Z","shortid":"a4ha8Tm","$entitySet":"profiles"},"doDiffs":false,"timestamp":1674935743457,"id":"a3zrtk3cf8w1qzc","previousOperationId":null,"operationId":"jpmb08sj52qnqxe"}
{"type":"log","level":"info","message":"Render request 4 queued for execution and waiting for available worker","previousOperationId":"jpmb08sj52qnqxe","timestamp":1674935743458,"id":"mli5csu3to2r71n"}
{"type":"operationStart","subtype":"render","name":"orders-main","previousOperationId":"jpmb08sj52qnqxe","timestamp":1674935743479,"id":"muzpmvpebp3obz9","previousEventId":"a3zrtk3cf8w1qzc","operationId":"6hnbdwaby0elylm"}
{"type":"log","timestamp":1674935743479,"level":"info","message":"Starting rendering request 4","meta":{"rootId":"aqiq016lw5qolmi","id":"aqiq016lw5qolmi"},"id":"ths141oevspjko9","previousOperationId":"6hnbdwaby0elylm"}
{"type":"log","timestamp":1674935743479,"level":"info","message":"Rendering template { name: orders-main, recipe: chrome-pdf, engine: handlebars, preview: true }","meta":{"rootId":"aqiq016lw5qolmi","id":"aqiq016lw5qolmi"},"id":"9pla6qigsz5gzxa","previousOperationId":"6hnbdwaby0elylm"}
{"type":"log","timestamp":1674935743481,"level":"debug","message":"Data item not defined for this template.","meta":{"rootId":"aqiq016lw5qolmi","id":"aqiq016lw5qolmi"},"id":"941pm2v61opww2p","previousOperationId":"6hnbdwaby0elylm"}
{"type":"log","timestamp":1674935743488,"level":"debug","message":"Executing script orders-script (beforeRender)","meta":{"rootId":"aqiq016lw5qolmi","id":"aqiq016lw5qolmi"},"id":"er5fchhm7or8akk","previousOperationId":"6hnbdwaby0elylm"}
{"type":"operationStart","subtype":"scriptsBeforeRender","name":"scripts beforeRender","timestamp":1674935743515,"id":"f8aljmylupmz7q8","previousEventId":"muzpmvpebp3obz9","operationId":"ort5db0kwkr9j78","previousOperationId":"6hnbdwaby0elylm"}
{"type":"operationStart","subtype":"script","name":"scripts orders-script","previousOperationId":"ort5db0kwkr9j78","timestamp":1674935743515,"id":"so2bm0m56668v7q","previousEventId":"f8aljmylupmz7q8","operationId":"qqml5tlaqkqdhem"}
{"type":"operationEnd","operationId":"qqml5tlaqkqdhem","timestamp":1674935744937,"id":"940ybnnc0lqmcvv","previousEventId":"muzpmvpebp3obz9","previousOperationId":"6hnbdwaby0elylm"}
{"type":"operationEnd","operationId":"ort5db0kwkr9j78","timestamp":1674935744937,"id":"hiy1qz6xj3ulaxe","previousEventId":"940ybnnc0lqmcvv","previousOperationId":"6hnbdwaby0elylm"}
{"type":"log","timestamp":1674935744938,"level":"debug","message":"Base url not specified, skipping its injection.","meta":{"rootId":"aqiq016lw5qolmi","id":"aqiq016lw5qolmi"},"id":"zs3yae8lteazfrv","previousOperationId":"ort5db0kwkr9j78"}
{"type":"operationStart","subtype":"engine","name":"handlebars","timestamp":1674935744938,"id":"3z3xf965ub7p1so","previousEventId":"hiy1qz6xj3ulaxe","operationId":"k3g3ahicpe1r8r3","previousOperationId":"ort5db0kwkr9j78"}
{"type":"log","timestamp":1674935744938,"level":"debug","message":"Rendering engine handlebars","meta":{"rootId":"aqiq016lw5qolmi","id":"aqiq016lw5qolmi"},"id":"1j37uun5p26zbf9","previousOperationId":"k3g3ahicpe1r8r3"}
{"type":"log","timestamp":1674935744956,"level":"debug","message":"(console:log) Pdf utils adding group field, value: \"France\"","meta":{"userLevel":true,"rootId":"aqiq016lw5qolmi","id":"aqiq016lw5qolmi"},"id":"to5lh1401m5q1hm","previousOperationId":"k3g3ahicpe1r8r3"}
{"type":"log","timestamp":1674935744956,"level":"debug","message":"(console:log) Pdf utils adding group field, value: \"Germany\"","meta":{"userLevel":true,"rootId":"aqiq016lw5qolmi","id":"aqiq016lw5qolmi"},"id":"o0leyt7zblvv6pg","previousOperationId":"k3g3ahicpe1r8r3"}
{"type":"operationEnd","operationId":"k3g3ahicpe1r8r3","timestamp":1674935744957,"id":"siqqxz4f1fpgdbd","previousEventId":"3z3xf965ub7p1so","previousOperationId":"k3g3ahicpe1r8r3"}
{"type":"operationStart","subtype":"recipe","name":"chrome-pdf","timestamp":1674935744958,"id":"zib3xnnsneuibwl","previousEventId":"siqqxz4f1fpgdbd","operationId":"dq4phgi1luwrv1h","previousOperationId":"k3g3ahicpe1r8r3"}
{"type":"log","timestamp":1674935744958,"level":"debug","message":"Executing recipe chrome-pdf","meta":{"rootId":"aqiq016lw5qolmi","id":"aqiq016lw5qolmi"},"id":"56lynv9xhnnuafn","previousOperationId":"dq4phgi1luwrv1h"}
{"type":"log","timestamp":1674935744963,"level":"debug","message":"Converting with chrome HeadlessChrome/105.0.5173.0 using chrome-pool strategy","meta":{"rootId":"aqiq016lw5qolmi","id":"aqiq016lw5qolmi"},"id":"gtbhd21yu07wgy5","previousOperationId":"dq4phgi1luwrv1h"}
{"type":"log","timestamp":1674935745111,"level":"debug","message":"Page request: GET (document) file:///C:/Users/pollo/AppData/Local/Temp/jsreport/autocleanup/0cb22134-2f0d-465a-ab2a-8d7a9c6e3a41-chrome-pdf.html","meta":{"rootId":"aqiq016lw5qolmi","id":"aqiq016lw5qolmi"},"id":"cd956a02j62ov2q","previousOperationId":"dq4phgi1luwrv1h"}
{"type":"log","timestamp":1674935745175,"level":"debug","message":"Page request: GET (stylesheet) https://cdnjs.cloudflare.com/ajax/libs/metro/4.1.5/css/metro.min.css","meta":{"rootId":"aqiq016lw5qolmi","id":"aqiq016lw5qolmi"},"id":"nmxrf25p555hzzb","previousOperationId":"dq4phgi1luwrv1h"}
{"type":"log","timestamp":1674935745176,"level":"debug","message":"Page request: GET (script) https://cdnjs.cloudflare.com/ajax/libs/Chart.js/2.7.2/Chart.min.js","meta":{"rootId":"aqiq016lw5qolmi","id":"aqiq016lw5qolmi"},"id":"q9x4e58ccezm599","previousOperationId":"dq4phgi1luwrv1h"}
{"type":"log","timestamp":1674935745177,"level":"debug","message":"Page request finished: GET (document) 200 file:///C:/Users/pollo/AppData/Local/Temp/jsreport/autocleanup/0cb22134-2f0d-465a-ab2a-8d7a9c6e3a41-chrome-pdf.html","meta":{"rootId":"aqiq016lw5qolmi","id":"aqiq016lw5qolmi"},"id":"pgxk95aw0so5v4c","previousOperationId":"dq4phgi1luwrv1h"}
{"type":"log","timestamp":1674935745212,"level":"debug","message":"Page request finished: GET (stylesheet) 200 https://cdnjs.cloudflare.com/ajax/libs/metro/4.1.5/css/metro.min.css","meta":{"rootId":"aqiq016lw5qolmi","id":"aqiq016lw5qolmi"},"id":"is03qvkdsnr1raz","previousOperationId":"dq4phgi1luwrv1h"}
{"type":"log","timestamp":1674935745212,"level":"debug","message":"Page request finished: GET (script) 200 https://cdnjs.cloudflare.com/ajax/libs/Chart.js/2.7.2/Chart.min.js","meta":{"rootId":"aqiq016lw5qolmi","id":"aqiq016lw5qolmi"},"id":"u6lu9f0njpi5v3i","previousOperationId":"dq4phgi1luwrv1h"}
{"type":"log","timestamp":1674935745373,"level":"debug","message":"Running chrome with params {\"printBackground\":true,\"marginTop\":\"4cm\",\"marginRight\":\"1.5cm\",\"marginBottom\":\"1.5cm\",\"marginLeft\":\"1.5cm\",\"waitForJS\":false,\"timeout\":58494,\"margin\":{\"top\":\"4cm\",\"right\":\"1.5cm\",\"bottom\":\"1.5cm\",\"left\":\"1.5cm\"}}","meta":{"rootId":"aqiq016lw5qolmi","id":"aqiq016lw5qolmi"},"id":"jh6284qtxm61hlu","previousOperationId":"dq4phgi1luwrv1h"}
{"type":"operationEnd","operationId":"dq4phgi1luwrv1h","timestamp":1674935745695,"id":"dnz5y0pzril05oj","previousEventId":"zib3xnnsneuibwl","previousOperationId":"dq4phgi1luwrv1h"}
{"type":"log","timestamp":1674935745695,"level":"info","message":"pdf-utils is starting pdf processing","meta":{"rootId":"aqiq016lw5qolmi","id":"aqiq016lw5qolmi"},"id":"6kecejf1y6f16ti","previousOperationId":"dq4phgi1luwrv1h"}
{"type":"operationStart","subtype":"pdfUtils","name":"pdf utils","timestamp":1674935745695,"id":"v6vj77gzru4k2sv","previousEventId":"dnz5y0pzril05oj","operationId":"ak1cni3qh58haju","previousOperationId":"dq4phgi1luwrv1h"}
{"type":"log","timestamp":1674935745695,"level":"debug","message":"pdf-utils detected 1 pdf operation(s) to process","meta":{"rootId":"aqiq016lw5qolmi","id":"aqiq016lw5qolmi"},"id":"oje3inxr0ym6q2d","previousOperationId":"ak1cni3qh58haju"}
{"type":"log","timestamp":1674935745811,"level":"debug","message":"pdf-utils running pdf operation merge","meta":{"rootId":"aqiq016lw5qolmi","id":"aqiq016lw5qolmi"},"id":"2wzsjgau21jxbta","previousOperationId":"ak1cni3qh58haju"}
{"type":"operationStart","subtype":"pdfUtilsMerge","name":"pdf utils merge","previousOperationId":"ak1cni3qh58haju","timestamp":1674935745811,"id":"hw5fpjl9j4bozn8","previousEventId":"v6vj77gzru4k2sv","operationId":"7bszi9js9stpuru"}
{"type":"operationStart","subtype":"render","name":"orders-header","previousOperationId":"7bszi9js9stpuru","timestamp":1674935745812,"id":"50empvqvgllkgh7","previousEventId":"hw5fpjl9j4bozn8","operationId":"r0jnr11uwgm5tbt"}
{"type":"log","timestamp":1674935745812,"level":"info","message":"Starting rendering (child) request","meta":{"rootId":"aqiq016lw5qolmi","id":"eed211lwx38nsj9"},"id":"mmp2k3d65u81jsz","previousOperationId":"r0jnr11uwgm5tbt"}
{"type":"log","timestamp":1674935745812,"level":"info","message":"Rendering template { name: orders-header, recipe: chrome-pdf, engine: handlebars, preview: true }","meta":{"rootId":"aqiq016lw5qolmi","id":"eed211lwx38nsj9"},"id":"cmc1dprk3pz7dsd","previousOperationId":"r0jnr11uwgm5tbt"}
{"type":"log","timestamp":1674935745821,"level":"debug","message":"Inline data specified.","meta":{"rootId":"aqiq016lw5qolmi","id":"eed211lwx38nsj9"},"id":"xq8anou073ume66","previousOperationId":"r0jnr11uwgm5tbt"}
{"type":"log","timestamp":1674935745826,"level":"debug","message":"Base url not specified, skipping its injection.","meta":{"rootId":"aqiq016lw5qolmi","id":"eed211lwx38nsj9"},"id":"1bt8t274xks4bkp","previousOperationId":"r0jnr11uwgm5tbt"}
{"type":"operationStart","subtype":"engine","name":"handlebars","timestamp":1674935745826,"id":"qrqkx8fk55giwa0","previousEventId":"50empvqvgllkgh7","operationId":"545p9h527xibrve","previousOperationId":"r0jnr11uwgm5tbt"}
{"type":"log","timestamp":1674935745826,"level":"debug","message":"Rendering engine handlebars","meta":{"rootId":"aqiq016lw5qolmi","id":"eed211lwx38nsj9"},"id":"j9chh55zg3mwfap","previousOperationId":"545p9h527xibrve"}
{"type":"operationEnd","operationId":"545p9h527xibrve","timestamp":1674935745853,"id":"1afzrm8g8r2ah7m","previousEventId":"qrqkx8fk55giwa0","previousOperationId":"545p9h527xibrve"}
{"type":"operationStart","subtype":"recipe","name":"chrome-pdf","timestamp":1674935745854,"id":"m1udanaqtec0btg","previousEventId":"1afzrm8g8r2ah7m","operationId":"k3nfwppz9fqgo12","previousOperationId":"545p9h527xibrve"}
{"type":"log","timestamp":1674935745854,"level":"debug","message":"Executing recipe chrome-pdf","meta":{"rootId":"aqiq016lw5qolmi","id":"eed211lwx38nsj9"},"id":"81lqmwffelxdm4e","previousOperationId":"k3nfwppz9fqgo12"}
{"type":"log","timestamp":1674935745857,"level":"debug","message":"Converting with chrome HeadlessChrome/105.0.5173.0 using chrome-pool strategy","meta":{"rootId":"aqiq016lw5qolmi","id":"eed211lwx38nsj9"},"id":"t2btb5erlnqzeiq","previousOperationId":"k3nfwppz9fqgo12"}
{"type":"log","timestamp":1674935746015,"level":"debug","message":"Page request: GET (document) file:///C:/Users/pollo/AppData/Local/Temp/jsreport/autocleanup/2506e428-97fd-4b5e-91ee-442c5fd996c3-chrome-pdf.html","meta":{"rootId":"aqiq016lw5qolmi","id":"eed211lwx38nsj9"},"id":"hijgzhebeshbdpe","previousOperationId":"k3nfwppz9fqgo12"}
{"type":"log","timestamp":1674935746029,"level":"debug","message":"Page request: GET (stylesheet) https://cdnjs.cloudflare.com/ajax/libs/metro/4.1.5/css/metro.min.css","meta":{"rootId":"aqiq016lw5qolmi","id":"eed211lwx38nsj9"},"id":"r2zyxyxny97jjzc","previousOperationId":"k3nfwppz9fqgo12"}
{"type":"log","timestamp":1674935746030,"level":"debug","message":"Page request finished: GET (document) 200 file:///C:/Users/pollo/AppData/Local/Temp/jsreport/autocleanup/2506e428-97fd-4b5e-91ee-442c5fd996c3-chrome-pdf.html","meta":{"rootId":"aqiq016lw5qolmi","id":"eed211lwx38nsj9"},"id":"2lj1f4xn7qrye8c","previousOperationId":"k3nfwppz9fqgo12"}
{"type":"log","timestamp":1674935746061,"level":"debug","message":"Page request finished: GET (stylesheet) 200 https://cdnjs.cloudflare.com/ajax/libs/metro/4.1.5/css/metro.min.css","meta":{"rootId":"aqiq016lw5qolmi","id":"eed211lwx38nsj9"},"id":"cc91e2xktln5vo6","previousOperationId":"k3nfwppz9fqgo12"}
{"type":"log","timestamp":1674935746097,"level":"debug","message":"Running chrome with params {\"printBackground\":true,\"marginTop\":\"1.5cm\",\"marginRight\":\"1.5cm\",\"marginLeft\":\"1.cm\",\"timeout\":57600,\"margin\":{\"top\":\"1.5cm\",\"right\":\"1.5cm\",\"left\":\"1.cm\"}}","meta":{"rootId":"aqiq016lw5qolmi","id":"eed211lwx38nsj9"},"id":"vkgfa6x9tizwq3c","previousOperationId":"k3nfwppz9fqgo12"}
{"type":"operationEnd","operationId":"k3nfwppz9fqgo12","timestamp":1674935746249,"id":"h9m5fsfwb31u7z3","previousEventId":"m1udanaqtec0btg","previousOperationId":"k3nfwppz9fqgo12"}
{"type":"log","timestamp":1674935746249,"level":"debug","message":"Skipping storing report.","meta":{"rootId":"aqiq016lw5qolmi","id":"eed211lwx38nsj9"},"id":"v5x0nd0uunjyea0","previousOperationId":"k3nfwppz9fqgo12"}
{"type":"log","timestamp":1674935746249,"level":"info","message":"Rendering (child) request finished in 2793 ms","meta":{"rootId":"aqiq016lw5qolmi","id":"eed211lwx38nsj9"},"id":"dqxrk7ys8ktpx4n","previousOperationId":"k3nfwppz9fqgo12"}
{"type":"operationEnd","subtype":"render","operationId":"r0jnr11uwgm5tbt","timestamp":1674935746249,"id":"3caezb9y5pxq9b2","previousEventId":"h9m5fsfwb31u7z3","previousOperationId":"k3nfwppz9fqgo12"}
{"type":"operationEnd","operationId":"7bszi9js9stpuru","timestamp":1674935746288,"id":"qpjc18z463bp3ls","previousEventId":"hw5fpjl9j4bozn8","previousOperationId":"7bszi9js9stpuru"}
{"type":"log","timestamp":1674935746288,"level":"debug","message":"pdf-utils postproces start","meta":{"rootId":"aqiq016lw5qolmi","id":"aqiq016lw5qolmi"},"id":"wfqcanno97iuh8r","previousOperationId":"7bszi9js9stpuru"}
{"type":"log","timestamp":1674935746339,"level":"debug","message":"pdf-utils postproces end","meta":{"rootId":"aqiq016lw5qolmi","id":"aqiq016lw5qolmi"},"id":"oao370n5jcw9blq","previousOperationId":"7bszi9js9stpuru"}
{"type":"operationEnd","operationId":"ak1cni3qh58haju","timestamp":1674935746339,"id":"y9ppwow7os27n51","previousEventId":"qpjc18z463bp3ls","previousOperationId":"7bszi9js9stpuru"}
{"type":"log","timestamp":1674935746339,"level":"info","message":"pdf-utils pdf processing was finished","meta":{"rootId":"aqiq016lw5qolmi","id":"aqiq016lw5qolmi"},"id":"nd72m4gau6ja0ho","previousOperationId":"ak1cni3qh58haju"}
{"type":"log","timestamp":1674935746339,"level":"debug","message":"Skipping storing report.","meta":{"rootId":"aqiq016lw5qolmi","id":"aqiq016lw5qolmi"},"id":"xa4xk0tolo5has7","previousOperationId":"ak1cni3qh58haju"}
{"type":"log","timestamp":1674935746339,"level":"info","message":"Rendering request 4 finished in 2883 ms","meta":{"rootId":"aqiq016lw5qolmi","id":"aqiq016lw5qolmi"},"id":"his7s0ezp9kjp9k","previousOperationId":"ak1cni3qh58haju"}
{"type":"operationEnd","subtype":"render","operationId":"6hnbdwaby0elylm","timestamp":1674935746339,"id":"jwemdqxpopwewyc","previousEventId":"y9ppwow7os27n51","previousOperationId":"ak1cni3qh58haju"}
{"type":"operationEnd","doDiffs":false,"previousEventId":"a3zrtk3cf8w1qzc","previousOperationId":"jpmb08sj52qnqxe","operationId":"jpmb08sj52qnqxe","timestamp":1674935746358,"id":"potfxw8sziqo6n3"}
