{"type":"operationStart","subtype":"profile","data":{"_id":"W196vOXezJo3g2sM","timestamp":"2023-02-01T17:36:03.451Z","state":"queued","mode":"standard","creationDate":"2023-02-01T17:36:03.452Z","modificationDate":"2023-02-01T17:36:03.452Z","shortid":"gQdAD97","$entitySet":"profiles"},"doDiffs":false,"timestamp":1675272963452,"id":"jirz8tdmx0kww9k","previousOperationId":null,"operationId":"b03fex0qsrlqd9w"}
{"type":"log","level":"info","message":"Render request 31 queued for execution and waiting for available worker","previousOperationId":"b03fex0qsrlqd9w","timestamp":1675272963452,"id":"mzq8rpq6a5l4bam"}
{"type":"operationStart","subtype":"render","name":"orders-main","previousOperationId":"b03fex0qsrlqd9w","timestamp":1675272963461,"id":"yef9s35e8ho8x3c","previousEventId":"jirz8tdmx0kww9k","operationId":"sje90wui6z34yb3"}
{"type":"log","timestamp":1675272963462,"level":"info","message":"Starting rendering request 31","meta":{"rootId":"az3pvc5o4j8a318","id":"az3pvc5o4j8a318"},"id":"reykryr29jp6g35","previousOperationId":"sje90wui6z34yb3"}
{"type":"log","timestamp":1675272963462,"level":"info","message":"Rendering template { name: orders-main, recipe: chrome-pdf, engine: handlebars, preview: true }","meta":{"rootId":"az3pvc5o4j8a318","id":"az3pvc5o4j8a318"},"id":"us5j6djikecsneh","previousOperationId":"sje90wui6z34yb3"}
{"type":"log","timestamp":1675272963464,"level":"debug","message":"Data item not defined for this template.","meta":{"rootId":"az3pvc5o4j8a318","id":"az3pvc5o4j8a318"},"id":"alxvai2dejz9c0z","previousOperationId":"sje90wui6z34yb3"}
{"type":"log","timestamp":1675272963466,"level":"debug","message":"Executing script orders-script (beforeRender)","meta":{"rootId":"az3pvc5o4j8a318","id":"az3pvc5o4j8a318"},"id":"8ctovnuzvfwj46b","previousOperationId":"sje90wui6z34yb3"}
{"type":"operationStart","subtype":"scriptsBeforeRender","name":"scripts beforeRender","timestamp":1675272963501,"id":"n51dbe704alx0vw","previousEventId":"yef9s35e8ho8x3c","operationId":"tw2vcd8pqe7sbf0","previousOperationId":"sje90wui6z34yb3"}
{"type":"operationStart","subtype":"script","name":"scripts orders-script","previousOperationId":"tw2vcd8pqe7sbf0","timestamp":1675272963501,"id":"28kzzif3omjy3nq","previousEventId":"n51dbe704alx0vw","operationId":"kh9bk42fuzzd55y"}
{"type":"log","timestamp":1675272963501,"level":"debug","message":"(console:log) AAAAAAAAAAAAAAAAAAAAAAA  undefined","meta":{"userLevel":true,"rootId":"az3pvc5o4j8a318","id":"az3pvc5o4j8a318"},"id":"ca7ut4bdt6upbi7","previousOperationId":"kh9bk42fuzzd55y"}
{"type":"log","timestamp":1675272963685,"level":"debug","message":"(console:log) Antonio","meta":{"userLevel":true,"rootId":"az3pvc5o4j8a318","id":"az3pvc5o4j8a318"},"id":"gl9ofn2yu1eg7n5","previousOperationId":"kh9bk42fuzzd55y"}
{"type":"log","timestamp":1675272963685,"level":"debug","message":"(console:log) Antonio","meta":{"userLevel":true,"rootId":"az3pvc5o4j8a318","id":"az3pvc5o4j8a318"},"id":"6lgxxdg5y66rtfo","previousOperationId":"kh9bk42fuzzd55y"}
{"type":"operationEnd","operationId":"kh9bk42fuzzd55y","timestamp":1675272963686,"id":"5g9gmoguyo1vrde","previousEventId":"yef9s35e8ho8x3c","previousOperationId":"sje90wui6z34yb3"}
{"type":"operationEnd","operationId":"tw2vcd8pqe7sbf0","timestamp":1675272963686,"id":"p2a5p0yy6nm731h","previousEventId":"5g9gmoguyo1vrde","previousOperationId":"sje90wui6z34yb3"}
{"type":"log","timestamp":1675272963686,"level":"debug","message":"Base url not specified, skipping its injection.","meta":{"rootId":"az3pvc5o4j8a318","id":"az3pvc5o4j8a318"},"id":"n6unqtld8h0ja2w","previousOperationId":"tw2vcd8pqe7sbf0"}
{"type":"operationStart","subtype":"engine","name":"handlebars","timestamp":1675272963686,"id":"0uzrnm9s9u82w87","previousEventId":"p2a5p0yy6nm731h","operationId":"h725t4msjxk6vmu","previousOperationId":"tw2vcd8pqe7sbf0"}
{"type":"log","timestamp":1675272963686,"level":"debug","message":"Rendering engine handlebars","meta":{"rootId":"az3pvc5o4j8a318","id":"az3pvc5o4j8a318"},"id":"zoh044dww7gsxyx","previousOperationId":"h725t4msjxk6vmu"}
{"type":"operationEnd","operationId":"h725t4msjxk6vmu","timestamp":1675272963697,"id":"gpeun7stxc76c0j","previousEventId":"0uzrnm9s9u82w87","previousOperationId":"h725t4msjxk6vmu"}
{"type":"operationStart","subtype":"recipe","name":"chrome-pdf","timestamp":1675272963697,"id":"78m5ffm16u1eqxx","previousEventId":"gpeun7stxc76c0j","operationId":"d8d7ie6kftalqad","previousOperationId":"h725t4msjxk6vmu"}
{"type":"log","timestamp":1675272963697,"level":"debug","message":"Executing recipe chrome-pdf","meta":{"rootId":"az3pvc5o4j8a318","id":"az3pvc5o4j8a318"},"id":"vkno737iwiw707r","previousOperationId":"d8d7ie6kftalqad"}
{"type":"log","timestamp":1675272963700,"level":"debug","message":"Converting with chrome HeadlessChrome/105.0.5173.0 using chrome-pool strategy","meta":{"rootId":"az3pvc5o4j8a318","id":"az3pvc5o4j8a318"},"id":"lywozrjmkfq3sc3","previousOperationId":"d8d7ie6kftalqad"}
{"type":"log","timestamp":1675272963791,"level":"debug","message":"Page request: GET (document) file:///C:/Users/pollo/AppData/Local/Temp/jsreport/autocleanup/4b43a159-6601-42cf-ae02-f235d7b2a176-chrome-pdf.html","meta":{"rootId":"az3pvc5o4j8a318","id":"az3pvc5o4j8a318"},"id":"i9s3bxh9cr9ifer","previousOperationId":"d8d7ie6kftalqad"}
{"type":"log","timestamp":1675272963802,"level":"debug","message":"Page request finished: GET (document) 200 file:///C:/Users/pollo/AppData/Local/Temp/jsreport/autocleanup/4b43a159-6601-42cf-ae02-f235d7b2a176-chrome-pdf.html","meta":{"rootId":"az3pvc5o4j8a318","id":"az3pvc5o4j8a318"},"id":"wjjiatrg3y28y1l","previousOperationId":"d8d7ie6kftalqad"}
{"type":"log","timestamp":1675272963803,"level":"debug","message":"Page request: GET (stylesheet) https://cdnjs.cloudflare.com/ajax/libs/metro/4.1.5/css/metro.min.css","meta":{"rootId":"az3pvc5o4j8a318","id":"az3pvc5o4j8a318"},"id":"pj4kwsgurybentd","previousOperationId":"d8d7ie6kftalqad"}
{"type":"log","timestamp":1675272963804,"level":"debug","message":"Page request: GET (script) https://cdnjs.cloudflare.com/ajax/libs/Chart.js/2.7.2/Chart.min.js","meta":{"rootId":"az3pvc5o4j8a318","id":"az3pvc5o4j8a318"},"id":"89ddzy6cu8t0hbm","previousOperationId":"d8d7ie6kftalqad"}
{"type":"log","timestamp":1675272963810,"level":"debug","message":"Page request finished: GET (script) 200 https://cdnjs.cloudflare.com/ajax/libs/Chart.js/2.7.2/Chart.min.js","meta":{"rootId":"az3pvc5o4j8a318","id":"az3pvc5o4j8a318"},"id":"2g81bv5lj7tehyy","previousOperationId":"d8d7ie6kftalqad"}
{"type":"log","timestamp":1675272963826,"level":"debug","message":"Page request finished: GET (stylesheet) 200 https://cdnjs.cloudflare.com/ajax/libs/metro/4.1.5/css/metro.min.css","meta":{"rootId":"az3pvc5o4j8a318","id":"az3pvc5o4j8a318"},"id":"w3xr39ae3cccsnr","previousOperationId":"d8d7ie6kftalqad"}
{"type":"log","timestamp":1675272963841,"level":"debug","message":"Running chrome with params {\"printBackground\":true,\"marginTop\":\"4cm\",\"marginRight\":\"1.5cm\",\"marginBottom\":\"1.5cm\",\"marginLeft\":\"1.5cm\",\"waitForJS\":false,\"timeout\":59752,\"margin\":{\"top\":\"4cm\",\"right\":\"1.5cm\",\"bottom\":\"1.5cm\",\"left\":\"1.5cm\"}}","meta":{"rootId":"az3pvc5o4j8a318","id":"az3pvc5o4j8a318"},"id":"fxck5lrdj4vhdew","previousOperationId":"d8d7ie6kftalqad"}
{"type":"operationEnd","operationId":"d8d7ie6kftalqad","timestamp":1675272963873,"id":"39mqpnd6hn9afx7","previousEventId":"78m5ffm16u1eqxx","previousOperationId":"d8d7ie6kftalqad"}
{"type":"log","timestamp":1675272963873,"level":"info","message":"pdf-utils is starting pdf processing","meta":{"rootId":"az3pvc5o4j8a318","id":"az3pvc5o4j8a318"},"id":"5uvd693zp62wc2s","previousOperationId":"d8d7ie6kftalqad"}
{"type":"operationStart","subtype":"pdfUtils","name":"pdf utils","timestamp":1675272963873,"id":"7hdwv613o83k9v3","previousEventId":"39mqpnd6hn9afx7","operationId":"mflo0pnf461w7l1","previousOperationId":"d8d7ie6kftalqad"}
{"type":"log","timestamp":1675272963873,"level":"debug","message":"pdf-utils detected 1 pdf operation(s) to process","meta":{"rootId":"az3pvc5o4j8a318","id":"az3pvc5o4j8a318"},"id":"dascdv3i2ig7nbb","previousOperationId":"mflo0pnf461w7l1"}
{"type":"log","timestamp":1675272963877,"level":"debug","message":"pdf-utils running pdf operation merge","meta":{"rootId":"az3pvc5o4j8a318","id":"az3pvc5o4j8a318"},"id":"b52ps2dbe1nwftq","previousOperationId":"mflo0pnf461w7l1"}
{"type":"operationStart","subtype":"pdfUtilsMerge","name":"pdf utils merge","previousOperationId":"mflo0pnf461w7l1","timestamp":1675272963877,"id":"i6hc0nyn3hcjjfm","previousEventId":"7hdwv613o83k9v3","operationId":"ealamayuwqexbju"}
{"type":"operationStart","subtype":"render","name":"orders-header","previousOperationId":"ealamayuwqexbju","timestamp":1675272963879,"id":"8s94eu3olt9n0ur","previousEventId":"i6hc0nyn3hcjjfm","operationId":"8j8vshspnm81h61"}
{"type":"log","timestamp":1675272963879,"level":"info","message":"Starting rendering (child) request","meta":{"rootId":"az3pvc5o4j8a318","id":"q4t94eevbyyfkyt"},"id":"78l8hmeyiipub3k","previousOperationId":"8j8vshspnm81h61"}
{"type":"log","timestamp":1675272963880,"level":"info","message":"Rendering template { name: orders-header, recipe: chrome-pdf, engine: handlebars, preview: true }","meta":{"rootId":"az3pvc5o4j8a318","id":"q4t94eevbyyfkyt"},"id":"1v1y6tpoz752tcd","previousOperationId":"8j8vshspnm81h61"}
{"type":"log","timestamp":1675272963880,"level":"debug","message":"Inline data specified.","meta":{"rootId":"az3pvc5o4j8a318","id":"q4t94eevbyyfkyt"},"id":"q7w2rw2sh8z7e9s","previousOperationId":"8j8vshspnm81h61"}
{"type":"log","timestamp":1675272963883,"level":"debug","message":"Base url not specified, skipping its injection.","meta":{"rootId":"az3pvc5o4j8a318","id":"q4t94eevbyyfkyt"},"id":"ajz5nmkspe7q8ep","previousOperationId":"8j8vshspnm81h61"}
{"type":"operationStart","subtype":"engine","name":"handlebars","timestamp":1675272963883,"id":"cbquhr60a1x8spz","previousEventId":"8s94eu3olt9n0ur","operationId":"5tomkvlth317coo","previousOperationId":"8j8vshspnm81h61"}
{"type":"log","timestamp":1675272963883,"level":"debug","message":"Rendering engine handlebars","meta":{"rootId":"az3pvc5o4j8a318","id":"q4t94eevbyyfkyt"},"id":"usr5ohak50hz683","previousOperationId":"5tomkvlth317coo"}
{"type":"operationEnd","operationId":"5tomkvlth317coo","timestamp":1675272963904,"id":"w6yonzrurchqu3w","previousEventId":"cbquhr60a1x8spz","previousOperationId":"5tomkvlth317coo"}
{"type":"operationStart","subtype":"recipe","name":"chrome-pdf","timestamp":1675272963904,"id":"ydyzs7d1ym1r4qw","previousEventId":"w6yonzrurchqu3w","operationId":"a6j5udveaz57mlm","previousOperationId":"5tomkvlth317coo"}
{"type":"log","timestamp":1675272963904,"level":"debug","message":"Executing recipe chrome-pdf","meta":{"rootId":"az3pvc5o4j8a318","id":"q4t94eevbyyfkyt"},"id":"3amhdzfyqh33r3x","previousOperationId":"a6j5udveaz57mlm"}
{"type":"log","timestamp":1675272963907,"level":"debug","message":"Converting with chrome HeadlessChrome/105.0.5173.0 using chrome-pool strategy","meta":{"rootId":"az3pvc5o4j8a318","id":"q4t94eevbyyfkyt"},"id":"6rmgd9n4n9fh3o4","previousOperationId":"a6j5udveaz57mlm"}
{"type":"log","timestamp":1675272964001,"level":"debug","message":"Page request: GET (document) file:///C:/Users/pollo/AppData/Local/Temp/jsreport/autocleanup/46e7134f-ce4d-4d04-bbd6-c26c05d03691-chrome-pdf.html","meta":{"rootId":"az3pvc5o4j8a318","id":"q4t94eevbyyfkyt"},"id":"jdr3gxxzou664wx","previousOperationId":"a6j5udveaz57mlm"}
{"type":"log","timestamp":1675272964009,"level":"debug","message":"Page request finished: GET (document) 200 file:///C:/Users/pollo/AppData/Local/Temp/jsreport/autocleanup/46e7134f-ce4d-4d04-bbd6-c26c05d03691-chrome-pdf.html","meta":{"rootId":"az3pvc5o4j8a318","id":"q4t94eevbyyfkyt"},"id":"2w73mt9egw3ubo4","previousOperationId":"a6j5udveaz57mlm"}
{"type":"log","timestamp":1675272964009,"level":"debug","message":"Page request: GET (stylesheet) https://cdnjs.cloudflare.com/ajax/libs/metro/4.1.5/css/metro.min.css","meta":{"rootId":"az3pvc5o4j8a318","id":"q4t94eevbyyfkyt"},"id":"6gl0nxu1r732fub","previousOperationId":"a6j5udveaz57mlm"}
{"type":"log","timestamp":1675272964031,"level":"debug","message":"Page request finished: GET (stylesheet) 200 https://cdnjs.cloudflare.com/ajax/libs/metro/4.1.5/css/metro.min.css","meta":{"rootId":"az3pvc5o4j8a318","id":"q4t94eevbyyfkyt"},"id":"glqm7lv0qud5n1b","previousOperationId":"a6j5udveaz57mlm"}
{"type":"log","timestamp":1675272964053,"level":"debug","message":"Running chrome with params {\"printBackground\":true,\"marginTop\":\"1.5cm\",\"marginRight\":\"1.5cm\",\"marginLeft\":\"1.cm\",\"timeout\":59545,\"margin\":{\"top\":\"1.5cm\",\"right\":\"1.5cm\",\"left\":\"1.cm\"}}","meta":{"rootId":"az3pvc5o4j8a318","id":"q4t94eevbyyfkyt"},"id":"cuw5fqjhug20gpf","previousOperationId":"a6j5udveaz57mlm"}
{"type":"operationEnd","operationId":"a6j5udveaz57mlm","timestamp":1675272964108,"id":"yeahxpyehdoihur","previousEventId":"ydyzs7d1ym1r4qw","previousOperationId":"a6j5udveaz57mlm"}
{"type":"log","timestamp":1675272964108,"level":"debug","message":"Skipping storing report.","meta":{"rootId":"az3pvc5o4j8a318","id":"q4t94eevbyyfkyt"},"id":"692ohy34510dz2v","previousOperationId":"a6j5udveaz57mlm"}
{"type":"log","timestamp":1675272964108,"level":"info","message":"Rendering (child) request finished in 657 ms","meta":{"rootId":"az3pvc5o4j8a318","id":"q4t94eevbyyfkyt"},"id":"xu4zkttzfemrpmv","previousOperationId":"a6j5udveaz57mlm"}
{"type":"operationEnd","subtype":"render","operationId":"8j8vshspnm81h61","timestamp":1675272964108,"id":"m7vorkmfni0xbx2","previousEventId":"yeahxpyehdoihur","previousOperationId":"a6j5udveaz57mlm"}
{"type":"operationEnd","operationId":"ealamayuwqexbju","timestamp":1675272964114,"id":"r1bin4607vtb5m4","previousEventId":"i6hc0nyn3hcjjfm","previousOperationId":"ealamayuwqexbju"}
{"type":"log","timestamp":1675272964114,"level":"debug","message":"pdf-utils postproces start","meta":{"rootId":"az3pvc5o4j8a318","id":"az3pvc5o4j8a318"},"id":"2oj13vxm6mz4a3o","previousOperationId":"ealamayuwqexbju"}
{"type":"log","timestamp":1675272964118,"level":"debug","message":"pdf-utils postproces end","meta":{"rootId":"az3pvc5o4j8a318","id":"az3pvc5o4j8a318"},"id":"u01k9yjgsgz3d3u","previousOperationId":"ealamayuwqexbju"}
{"type":"operationEnd","operationId":"mflo0pnf461w7l1","timestamp":1675272964118,"id":"o1k0eqivzqocaow","previousEventId":"r1bin4607vtb5m4","previousOperationId":"ealamayuwqexbju"}
{"type":"log","timestamp":1675272964118,"level":"info","message":"pdf-utils pdf processing was finished","meta":{"rootId":"az3pvc5o4j8a318","id":"az3pvc5o4j8a318"},"id":"fppdicbb1hkonra","previousOperationId":"mflo0pnf461w7l1"}
{"type":"log","timestamp":1675272964118,"level":"debug","message":"Skipping storing report.","meta":{"rootId":"az3pvc5o4j8a318","id":"az3pvc5o4j8a318"},"id":"uf4kqwalu349swc","previousOperationId":"mflo0pnf461w7l1"}
{"type":"log","timestamp":1675272964118,"level":"info","message":"Rendering request 31 finished in 667 ms","meta":{"rootId":"az3pvc5o4j8a318","id":"az3pvc5o4j8a318"},"id":"em7sbnfx0i1xb1b","previousOperationId":"mflo0pnf461w7l1"}
{"type":"operationEnd","subtype":"render","operationId":"sje90wui6z34yb3","timestamp":1675272964118,"id":"v0w2m1zy0dbqrgv","previousEventId":"o1k0eqivzqocaow","previousOperationId":"mflo0pnf461w7l1"}
{"type":"operationEnd","doDiffs":false,"previousEventId":"jirz8tdmx0kww9k","previousOperationId":"b03fex0qsrlqd9w","operationId":"b03fex0qsrlqd9w","timestamp":1675272964124,"id":"wkbt6pu2mw9xegf"}
