{"type":"operationStart","subtype":"profile","data":{"_id":"kRagJXQIx4mtQOsF","timestamp":"2023-02-03T17:45:22.668Z","state":"queued","mode":"standard","creationDate":"2023-02-03T17:45:22.670Z","modificationDate":"2023-02-03T17:45:22.670Z","shortid":"62MxsMl","$entitySet":"profiles"},"doDiffs":false,"timestamp":1675446322669,"id":"h8kk7tddvb1zd9x","previousOperationId":null,"operationId":"w5ow2frtu4hxcgh"}
{"type":"log","level":"info","message":"Render request 8 queued for execution and waiting for available worker","previousOperationId":"w5ow2frtu4hxcgh","timestamp":1675446322669,"id":"4pifzij0njoc9fi"}
{"type":"operationStart","subtype":"render","name":"orders-main","previousOperationId":"w5ow2frtu4hxcgh","timestamp":1675446322680,"id":"ojq3jyn493q1kbt","previousEventId":"h8kk7tddvb1zd9x","operationId":"60brdxp3h971e3i"}
{"type":"log","timestamp":1675446322680,"level":"info","message":"Starting rendering request 8","meta":{"rootId":"b9wv17zua7rxc5t","id":"b9wv17zua7rxc5t"},"id":"8fxoera9sb6pxdc","previousOperationId":"60brdxp3h971e3i"}
{"type":"log","timestamp":1675446322680,"level":"info","message":"Rendering template { name: orders-main, recipe: chrome-pdf, engine: handlebars, preview: true }","meta":{"rootId":"b9wv17zua7rxc5t","id":"b9wv17zua7rxc5t"},"id":"xzawoon78tqrib1","previousOperationId":"60brdxp3h971e3i"}
{"type":"log","timestamp":1675446322681,"level":"debug","message":"Data item not defined for this template.","meta":{"rootId":"b9wv17zua7rxc5t","id":"b9wv17zua7rxc5t"},"id":"r1my3612a67csw4","previousOperationId":"60brdxp3h971e3i"}
{"type":"log","timestamp":1675446322684,"level":"debug","message":"Executing script orders-script (beforeRender)","meta":{"rootId":"b9wv17zua7rxc5t","id":"b9wv17zua7rxc5t"},"id":"t16ql4bvvtctvcc","previousOperationId":"60brdxp3h971e3i"}
{"type":"operationStart","subtype":"scriptsBeforeRender","name":"scripts beforeRender","timestamp":1675446322718,"id":"vp2o9mtjb55pifk","previousEventId":"ojq3jyn493q1kbt","operationId":"7gzzdl8msxiuy42","previousOperationId":"60brdxp3h971e3i"}
{"type":"operationStart","subtype":"script","name":"scripts orders-script","previousOperationId":"7gzzdl8msxiuy42","timestamp":1675446322718,"id":"zomd1x496tnan2i","previousEventId":"vp2o9mtjb55pifk","operationId":"kmcb9bwwd264nf9"}
{"type":"log","timestamp":1675446322933,"level":"debug","message":"(console:log) {\n  data: [\n    {\n      id: 1,\n      name: 'Antonio',\n      description: 'Aclamado director de la Orquesta Filarmónica de Gran Canaria'\n    },\n    {\n      id: 3,\n      name: 'Juana de Armas',\n      description: 'Aclamada directora de la Orquesta Filarmónica de Gran Canaria'\n    }\n  ]\n}","meta":{"userLevel":true,"rootId":"b9wv17zua7rxc5t","id":"b9wv17zua7rxc5t"},"id":"ibtanzd7h3yvpj8","previousOperationId":"kmcb9bwwd264nf9"}
{"type":"operationEnd","operationId":"kmcb9bwwd264nf9","timestamp":1675446322934,"id":"3v2zv3fpupnqi4p","previousEventId":"ojq3jyn493q1kbt","previousOperationId":"60brdxp3h971e3i"}
{"type":"operationEnd","operationId":"7gzzdl8msxiuy42","timestamp":1675446322934,"id":"zopxgqtx3n87a8s","previousEventId":"3v2zv3fpupnqi4p","previousOperationId":"60brdxp3h971e3i"}
{"type":"log","timestamp":1675446322934,"level":"debug","message":"Base url not specified, skipping its injection.","meta":{"rootId":"b9wv17zua7rxc5t","id":"b9wv17zua7rxc5t"},"id":"i1j24nectw5sn93","previousOperationId":"7gzzdl8msxiuy42"}
{"type":"operationStart","subtype":"engine","name":"handlebars","timestamp":1675446322934,"id":"4i5vlfcpa3ng4xe","previousEventId":"zopxgqtx3n87a8s","operationId":"xmwvdp7m0oifxty","previousOperationId":"7gzzdl8msxiuy42"}
{"type":"log","timestamp":1675446322934,"level":"debug","message":"Rendering engine handlebars","meta":{"rootId":"b9wv17zua7rxc5t","id":"b9wv17zua7rxc5t"},"id":"08dnns4mw047on3","previousOperationId":"xmwvdp7m0oifxty"}
{"type":"operationEnd","operationId":"xmwvdp7m0oifxty","timestamp":1675446322946,"id":"8wg6rordmc90ymi","previousEventId":"4i5vlfcpa3ng4xe","previousOperationId":"xmwvdp7m0oifxty"}
{"type":"operationStart","subtype":"recipe","name":"chrome-pdf","timestamp":1675446322946,"id":"rfy0zkx420e1uft","previousEventId":"8wg6rordmc90ymi","operationId":"2ye0gzsf7yfvsst","previousOperationId":"xmwvdp7m0oifxty"}
{"type":"log","timestamp":1675446322946,"level":"debug","message":"Executing recipe chrome-pdf","meta":{"rootId":"b9wv17zua7rxc5t","id":"b9wv17zua7rxc5t"},"id":"dk20773cawcmf3d","previousOperationId":"2ye0gzsf7yfvsst"}
{"type":"log","timestamp":1675446322949,"level":"debug","message":"Converting with chrome HeadlessChrome/105.0.5173.0 using chrome-pool strategy","meta":{"rootId":"b9wv17zua7rxc5t","id":"b9wv17zua7rxc5t"},"id":"xsxd3guw36ay8hy","previousOperationId":"2ye0gzsf7yfvsst"}
{"type":"log","timestamp":1675446323050,"level":"debug","message":"Page request: GET (document) file:///C:/Users/pollo/AppData/Local/Temp/jsreport/autocleanup/d8e44b4d-bb52-43c8-9c99-b09721c63c82-chrome-pdf.html","meta":{"rootId":"b9wv17zua7rxc5t","id":"b9wv17zua7rxc5t"},"id":"xnnmkxb81a0v7oa","previousOperationId":"2ye0gzsf7yfvsst"}
{"type":"log","timestamp":1675446323075,"level":"debug","message":"Page request finished: GET (document) 200 file:///C:/Users/pollo/AppData/Local/Temp/jsreport/autocleanup/d8e44b4d-bb52-43c8-9c99-b09721c63c82-chrome-pdf.html","meta":{"rootId":"b9wv17zua7rxc5t","id":"b9wv17zua7rxc5t"},"id":"t8272vrewhmot7n","previousOperationId":"2ye0gzsf7yfvsst"}
{"type":"log","timestamp":1675446323075,"level":"debug","message":"Page request: GET (stylesheet) https://cdnjs.cloudflare.com/ajax/libs/metro/4.1.5/css/metro.min.css","meta":{"rootId":"b9wv17zua7rxc5t","id":"b9wv17zua7rxc5t"},"id":"oop0h7jgp489pyb","previousOperationId":"2ye0gzsf7yfvsst"}
{"type":"log","timestamp":1675446323076,"level":"debug","message":"Page request: GET (script) https://cdnjs.cloudflare.com/ajax/libs/Chart.js/2.7.2/Chart.min.js","meta":{"rootId":"b9wv17zua7rxc5t","id":"b9wv17zua7rxc5t"},"id":"txcgrc2qzp07mkj","previousOperationId":"2ye0gzsf7yfvsst"}
{"type":"log","timestamp":1675446323083,"level":"debug","message":"Page request finished: GET (script) 200 https://cdnjs.cloudflare.com/ajax/libs/Chart.js/2.7.2/Chart.min.js","meta":{"rootId":"b9wv17zua7rxc5t","id":"b9wv17zua7rxc5t"},"id":"8mqm1e69qku4sqn","previousOperationId":"2ye0gzsf7yfvsst"}
{"type":"log","timestamp":1675446323100,"level":"debug","message":"Page request finished: GET (stylesheet) 200 https://cdnjs.cloudflare.com/ajax/libs/metro/4.1.5/css/metro.min.css","meta":{"rootId":"b9wv17zua7rxc5t","id":"b9wv17zua7rxc5t"},"id":"h68fn484vdbv7rd","previousOperationId":"2ye0gzsf7yfvsst"}
{"type":"log","timestamp":1675446323129,"level":"debug","message":"Running chrome with params {\"printBackground\":true,\"marginTop\":\"4cm\",\"marginRight\":\"1.5cm\",\"marginBottom\":\"1.5cm\",\"marginLeft\":\"1.5cm\",\"waitForJS\":false,\"timeout\":59720,\"margin\":{\"top\":\"4cm\",\"right\":\"1.5cm\",\"bottom\":\"1.5cm\",\"left\":\"1.5cm\"}}","meta":{"rootId":"b9wv17zua7rxc5t","id":"b9wv17zua7rxc5t"},"id":"lpmj51sgy7kta31","previousOperationId":"2ye0gzsf7yfvsst"}
{"type":"operationEnd","operationId":"2ye0gzsf7yfvsst","timestamp":1675446323183,"id":"ntpg2dkrfw522qg","previousEventId":"rfy0zkx420e1uft","previousOperationId":"2ye0gzsf7yfvsst"}
{"type":"log","timestamp":1675446323183,"level":"info","message":"pdf-utils is starting pdf processing","meta":{"rootId":"b9wv17zua7rxc5t","id":"b9wv17zua7rxc5t"},"id":"sm72kfenmgho0p4","previousOperationId":"2ye0gzsf7yfvsst"}
{"type":"operationStart","subtype":"pdfUtils","name":"pdf utils","timestamp":1675446323183,"id":"exvqajeky3iof17","previousEventId":"ntpg2dkrfw522qg","operationId":"ntlj41kk7tebqhi","previousOperationId":"2ye0gzsf7yfvsst"}
{"type":"log","timestamp":1675446323183,"level":"debug","message":"pdf-utils detected 1 pdf operation(s) to process","meta":{"rootId":"b9wv17zua7rxc5t","id":"b9wv17zua7rxc5t"},"id":"rpz5eod4411w49p","previousOperationId":"ntlj41kk7tebqhi"}
{"type":"log","timestamp":1675446323211,"level":"debug","message":"pdf-utils running pdf operation merge","meta":{"rootId":"b9wv17zua7rxc5t","id":"b9wv17zua7rxc5t"},"id":"4z75lpy9ldfhsrl","previousOperationId":"ntlj41kk7tebqhi"}
{"type":"operationStart","subtype":"pdfUtilsMerge","name":"pdf utils merge","previousOperationId":"ntlj41kk7tebqhi","timestamp":1675446323211,"id":"jkvwytuyzsf6da6","previousEventId":"exvqajeky3iof17","operationId":"2452zda1iailn9p"}
{"type":"operationStart","subtype":"render","name":"orders-header","previousOperationId":"2452zda1iailn9p","timestamp":1675446323212,"id":"t1wlv3rilx2mk4t","previousEventId":"jkvwytuyzsf6da6","operationId":"v3j3blc0fia4l10"}
{"type":"log","timestamp":1675446323212,"level":"info","message":"Starting rendering (child) request","meta":{"rootId":"b9wv17zua7rxc5t","id":"3x8sl7tdl9ok7q9"},"id":"bw2kstlf59dwh0u","previousOperationId":"v3j3blc0fia4l10"}
{"type":"log","timestamp":1675446323212,"level":"info","message":"Rendering template { name: orders-header, recipe: chrome-pdf, engine: handlebars, preview: true }","meta":{"rootId":"b9wv17zua7rxc5t","id":"3x8sl7tdl9ok7q9"},"id":"xa6tppfla6935iv","previousOperationId":"v3j3blc0fia4l10"}
{"type":"log","timestamp":1675446323220,"level":"debug","message":"Inline data specified.","meta":{"rootId":"b9wv17zua7rxc5t","id":"3x8sl7tdl9ok7q9"},"id":"dcxsgue8kb9ggcq","previousOperationId":"v3j3blc0fia4l10"}
{"type":"log","timestamp":1675446323223,"level":"debug","message":"Base url not specified, skipping its injection.","meta":{"rootId":"b9wv17zua7rxc5t","id":"3x8sl7tdl9ok7q9"},"id":"3raonkimrqcghqa","previousOperationId":"v3j3blc0fia4l10"}
{"type":"operationStart","subtype":"engine","name":"handlebars","timestamp":1675446323224,"id":"4dmyq46x9uwtjlg","previousEventId":"t1wlv3rilx2mk4t","operationId":"z9ky366m6mv0q7y","previousOperationId":"v3j3blc0fia4l10"}
{"type":"log","timestamp":1675446323224,"level":"debug","message":"Rendering engine handlebars","meta":{"rootId":"b9wv17zua7rxc5t","id":"3x8sl7tdl9ok7q9"},"id":"z2u3p79ufcl9bxg","previousOperationId":"z9ky366m6mv0q7y"}
{"type":"operationEnd","operationId":"z9ky366m6mv0q7y","timestamp":1675446323240,"id":"0zd8aodjj1e5szp","previousEventId":"4dmyq46x9uwtjlg","previousOperationId":"z9ky366m6mv0q7y"}
{"type":"operationStart","subtype":"recipe","name":"chrome-pdf","timestamp":1675446323240,"id":"8d7g3zb5bbu3xx0","previousEventId":"0zd8aodjj1e5szp","operationId":"vf83motte99nrtz","previousOperationId":"z9ky366m6mv0q7y"}
{"type":"log","timestamp":1675446323240,"level":"debug","message":"Executing recipe chrome-pdf","meta":{"rootId":"b9wv17zua7rxc5t","id":"3x8sl7tdl9ok7q9"},"id":"0kysnxrfez194zs","previousOperationId":"vf83motte99nrtz"}
{"type":"log","timestamp":1675446323242,"level":"debug","message":"Converting with chrome HeadlessChrome/105.0.5173.0 using chrome-pool strategy","meta":{"rootId":"b9wv17zua7rxc5t","id":"3x8sl7tdl9ok7q9"},"id":"7ryds5co8iv5odf","previousOperationId":"vf83motte99nrtz"}
{"type":"log","timestamp":1675446323359,"level":"debug","message":"Page request: GET (document) file:///C:/Users/pollo/AppData/Local/Temp/jsreport/autocleanup/234c0158-e3c0-4444-bb95-e174d7edc595-chrome-pdf.html","meta":{"rootId":"b9wv17zua7rxc5t","id":"3x8sl7tdl9ok7q9"},"id":"8il0nx2vq8kc6o3","previousOperationId":"vf83motte99nrtz"}
{"type":"log","timestamp":1675446323368,"level":"debug","message":"Page request: GET (stylesheet) https://cdnjs.cloudflare.com/ajax/libs/metro/4.1.5/css/metro.min.css","meta":{"rootId":"b9wv17zua7rxc5t","id":"3x8sl7tdl9ok7q9"},"id":"mj2l6y5hmbgbspr","previousOperationId":"vf83motte99nrtz"}
{"type":"log","timestamp":1675446323369,"level":"debug","message":"Page request finished: GET (document) 200 file:///C:/Users/pollo/AppData/Local/Temp/jsreport/autocleanup/234c0158-e3c0-4444-bb95-e174d7edc595-chrome-pdf.html","meta":{"rootId":"b9wv17zua7rxc5t","id":"3x8sl7tdl9ok7q9"},"id":"0pjn1g7121s968o","previousOperationId":"vf83motte99nrtz"}
{"type":"log","timestamp":1675446323390,"level":"debug","message":"Page request finished: GET (stylesheet) 200 https://cdnjs.cloudflare.com/ajax/libs/metro/4.1.5/css/metro.min.css","meta":{"rootId":"b9wv17zua7rxc5t","id":"3x8sl7tdl9ok7q9"},"id":"4ek71p9zrhexcru","previousOperationId":"vf83motte99nrtz"}
{"type":"log","timestamp":1675446323411,"level":"debug","message":"Running chrome with params {\"printBackground\":true,\"marginTop\":\"1.5cm\",\"marginRight\":\"1.5cm\",\"marginLeft\":\"1.cm\",\"timeout\":59427,\"margin\":{\"top\":\"1.5cm\",\"right\":\"1.5cm\",\"left\":\"1.cm\"}}","meta":{"rootId":"b9wv17zua7rxc5t","id":"3x8sl7tdl9ok7q9"},"id":"avljzz2mdubxda2","previousOperationId":"vf83motte99nrtz"}
{"type":"operationEnd","operationId":"vf83motte99nrtz","timestamp":1675446323467,"id":"0wek3htz1bastki","previousEventId":"8d7g3zb5bbu3xx0","previousOperationId":"vf83motte99nrtz"}
{"type":"log","timestamp":1675446323467,"level":"debug","message":"Skipping storing report.","meta":{"rootId":"b9wv17zua7rxc5t","id":"3x8sl7tdl9ok7q9"},"id":"hnnvfoe0gjhnd1t","previousOperationId":"vf83motte99nrtz"}
{"type":"log","timestamp":1675446323467,"level":"info","message":"Rendering (child) request finished in 799 ms","meta":{"rootId":"b9wv17zua7rxc5t","id":"3x8sl7tdl9ok7q9"},"id":"e52jyywlgbkfop0","previousOperationId":"vf83motte99nrtz"}
{"type":"operationEnd","subtype":"render","operationId":"v3j3blc0fia4l10","timestamp":1675446323467,"id":"279fy19grv0q64e","previousEventId":"0wek3htz1bastki","previousOperationId":"vf83motte99nrtz"}
{"type":"operationEnd","operationId":"2452zda1iailn9p","timestamp":1675446323476,"id":"fobzvuhrv5fk1zc","previousEventId":"jkvwytuyzsf6da6","previousOperationId":"2452zda1iailn9p"}
{"type":"log","timestamp":1675446323476,"level":"debug","message":"pdf-utils postproces start","meta":{"rootId":"b9wv17zua7rxc5t","id":"b9wv17zua7rxc5t"},"id":"2k1unyclsu1f66o","previousOperationId":"2452zda1iailn9p"}
{"type":"log","timestamp":1675446323481,"level":"debug","message":"pdf-utils postproces end","meta":{"rootId":"b9wv17zua7rxc5t","id":"b9wv17zua7rxc5t"},"id":"tqsd14eihu91qcb","previousOperationId":"2452zda1iailn9p"}
{"type":"operationEnd","operationId":"ntlj41kk7tebqhi","timestamp":1675446323481,"id":"qeih16h85lbkgna","previousEventId":"fobzvuhrv5fk1zc","previousOperationId":"2452zda1iailn9p"}
{"type":"log","timestamp":1675446323481,"level":"info","message":"pdf-utils pdf processing was finished","meta":{"rootId":"b9wv17zua7rxc5t","id":"b9wv17zua7rxc5t"},"id":"16egeajgok6a4ab","previousOperationId":"ntlj41kk7tebqhi"}
{"type":"log","timestamp":1675446323481,"level":"debug","message":"Skipping storing report.","meta":{"rootId":"b9wv17zua7rxc5t","id":"b9wv17zua7rxc5t"},"id":"1ic3an7s61q7jj2","previousOperationId":"ntlj41kk7tebqhi"}
{"type":"log","timestamp":1675446323481,"level":"info","message":"Rendering request 8 finished in 813 ms","meta":{"rootId":"b9wv17zua7rxc5t","id":"b9wv17zua7rxc5t"},"id":"3mx0cmqtxtetmzz","previousOperationId":"ntlj41kk7tebqhi"}
{"type":"operationEnd","subtype":"render","operationId":"60brdxp3h971e3i","timestamp":1675446323481,"id":"1j8s9trsrm60or4","previousEventId":"qeih16h85lbkgna","previousOperationId":"ntlj41kk7tebqhi"}
{"type":"operationEnd","doDiffs":false,"previousEventId":"h8kk7tddvb1zd9x","previousOperationId":"w5ow2frtu4hxcgh","operationId":"w5ow2frtu4hxcgh","timestamp":1675446323492,"id":"8etgxzicfm2ymsf"}
