{"type":"operationStart","subtype":"profile","data":{"_id":"LChntjBdXaFi3DcY","timestamp":"2023-02-05T17:36:17.831Z","state":"queued","mode":"standard","creationDate":"2023-02-05T17:36:17.833Z","modificationDate":"2023-02-05T17:36:17.833Z","shortid":"QamRl_s","$entitySet":"profiles"},"doDiffs":false,"timestamp":1675618577832,"id":"vqvz6d8aeb00yxi","previousOperationId":null,"operationId":"yj3r63ji72autww"}
{"type":"log","level":"info","message":"Render request 9 queued for execution and waiting for available worker","previousOperationId":"yj3r63ji72autww","timestamp":1675618577832,"id":"ql9d7v9u0z9bkjk"}
{"type":"operationStart","subtype":"render","name":"orders-main","previousOperationId":"yj3r63ji72autww","timestamp":1675618577845,"id":"5g6g3huhyz0jgwv","previousEventId":"vqvz6d8aeb00yxi","operationId":"we0h6n44m173v51"}
{"type":"log","timestamp":1675618577846,"level":"info","message":"Starting rendering request 9","meta":{"rootId":"c994feaw7ehd55c","id":"c994feaw7ehd55c"},"id":"jgs3k3suupeajqq","previousOperationId":"we0h6n44m173v51"}
{"type":"log","timestamp":1675618577846,"level":"info","message":"Rendering template { name: orders-main, recipe: chrome-pdf, engine: handlebars, preview: true }","meta":{"rootId":"c994feaw7ehd55c","id":"c994feaw7ehd55c"},"id":"1vb1bp2jky3njpu","previousOperationId":"we0h6n44m173v51"}
{"type":"log","timestamp":1675618577848,"level":"debug","message":"Data item not defined for this template.","meta":{"rootId":"c994feaw7ehd55c","id":"c994feaw7ehd55c"},"id":"oxbznyxxbd9uvpq","previousOperationId":"we0h6n44m173v51"}
{"type":"log","timestamp":1675618577851,"level":"debug","message":"Executing script orders-script (beforeRender)","meta":{"rootId":"c994feaw7ehd55c","id":"c994feaw7ehd55c"},"id":"cvryjz0sfrquheq","previousOperationId":"we0h6n44m173v51"}
{"type":"operationStart","subtype":"scriptsBeforeRender","name":"scripts beforeRender","timestamp":1675618577899,"id":"l3xu0h58ey91weh","previousEventId":"5g6g3huhyz0jgwv","operationId":"oneuc0vo2dl9xlf","previousOperationId":"we0h6n44m173v51"}
{"type":"operationStart","subtype":"script","name":"scripts orders-script","previousOperationId":"oneuc0vo2dl9xlf","timestamp":1675618577899,"id":"67p9iqa17i6cumh","previousEventId":"l3xu0h58ey91weh","operationId":"gli974mhj8slw9v"}
{"type":"log","timestamp":1675618578200,"level":"debug","message":"(console:log) {\n  data: [\n    {\n      id: 1,\n      name: 'Antonio',\n      description: 'Aclamado director de la Orquesta Filarmónica de Gran Canaria',\n      pieces: [Array],\n      count: 2\n    },\n    {\n      id: 3,\n      name: 'Juana de Armas',\n      description: 'Aclamada directora de la Orquesta Filarmónica de Gran Canaria',\n      pieces: [Array],\n      count: 4\n    }\n  ]\n}","meta":{"userLevel":true,"rootId":"c994feaw7ehd55c","id":"c994feaw7ehd55c"},"id":"phpod4u0up30ub4","previousOperationId":"gli974mhj8slw9v"}
{"type":"operationEnd","operationId":"gli974mhj8slw9v","timestamp":1675618578200,"id":"u290i60n5l0ksft","previousEventId":"5g6g3huhyz0jgwv","previousOperationId":"we0h6n44m173v51"}
{"type":"operationEnd","operationId":"oneuc0vo2dl9xlf","timestamp":1675618578200,"id":"3czwfkejups4fep","previousEventId":"u290i60n5l0ksft","previousOperationId":"we0h6n44m173v51"}
{"type":"log","timestamp":1675618578200,"level":"debug","message":"Base url not specified, skipping its injection.","meta":{"rootId":"c994feaw7ehd55c","id":"c994feaw7ehd55c"},"id":"7ntq5g2j6fp7wbi","previousOperationId":"oneuc0vo2dl9xlf"}
{"type":"operationStart","subtype":"engine","name":"handlebars","timestamp":1675618578200,"id":"4p3s7nanh175k9o","previousEventId":"3czwfkejups4fep","operationId":"20bq7d8cmojok9g","previousOperationId":"oneuc0vo2dl9xlf"}
{"type":"log","timestamp":1675618578200,"level":"debug","message":"Rendering engine handlebars","meta":{"rootId":"c994feaw7ehd55c","id":"c994feaw7ehd55c"},"id":"xh6g4n31ucpawg2","previousOperationId":"20bq7d8cmojok9g"}
{"type":"operationEnd","operationId":"20bq7d8cmojok9g","timestamp":1675618578217,"id":"ow8kwobkfma7gsr","previousEventId":"4p3s7nanh175k9o","previousOperationId":"20bq7d8cmojok9g"}
{"type":"operationStart","subtype":"recipe","name":"chrome-pdf","timestamp":1675618578218,"id":"dg88p7u2kp2bhgc","previousEventId":"ow8kwobkfma7gsr","operationId":"4x0p85wiymewrm9","previousOperationId":"20bq7d8cmojok9g"}
{"type":"log","timestamp":1675618578218,"level":"debug","message":"Executing recipe chrome-pdf","meta":{"rootId":"c994feaw7ehd55c","id":"c994feaw7ehd55c"},"id":"u9gvnpwvkjl4hc8","previousOperationId":"4x0p85wiymewrm9"}
{"type":"log","timestamp":1675618578222,"level":"debug","message":"Converting with chrome HeadlessChrome/105.0.5173.0 using chrome-pool strategy","meta":{"rootId":"c994feaw7ehd55c","id":"c994feaw7ehd55c"},"id":"kbvfyohhax6tb3j","previousOperationId":"4x0p85wiymewrm9"}
{"type":"log","timestamp":1675618578330,"level":"debug","message":"Page request: GET (document) file:///C:/Users/pollo/AppData/Local/Temp/jsreport/autocleanup/ca684068-1063-4549-a988-9712988b3c1b-chrome-pdf.html","meta":{"rootId":"c994feaw7ehd55c","id":"c994feaw7ehd55c"},"id":"q5f2sl9cl59035t","previousOperationId":"4x0p85wiymewrm9"}
{"type":"log","timestamp":1675618578352,"level":"debug","message":"Page request finished: GET (document) 200 file:///C:/Users/pollo/AppData/Local/Temp/jsreport/autocleanup/ca684068-1063-4549-a988-9712988b3c1b-chrome-pdf.html","meta":{"rootId":"c994feaw7ehd55c","id":"c994feaw7ehd55c"},"id":"x5f8u9m7swk6x2q","previousOperationId":"4x0p85wiymewrm9"}
{"type":"log","timestamp":1675618578352,"level":"debug","message":"Page request: GET (stylesheet) https://cdnjs.cloudflare.com/ajax/libs/metro/4.1.5/css/metro.min.css","meta":{"rootId":"c994feaw7ehd55c","id":"c994feaw7ehd55c"},"id":"k8za86fvi6fzvjj","previousOperationId":"4x0p85wiymewrm9"}
{"type":"log","timestamp":1675618578352,"level":"debug","message":"Page request: GET (script) https://cdnjs.cloudflare.com/ajax/libs/Chart.js/2.7.2/Chart.min.js","meta":{"rootId":"c994feaw7ehd55c","id":"c994feaw7ehd55c"},"id":"6vyl2frgtaw5odi","previousOperationId":"4x0p85wiymewrm9"}
{"type":"log","timestamp":1675618578362,"level":"debug","message":"Page request finished: GET (script) 200 https://cdnjs.cloudflare.com/ajax/libs/Chart.js/2.7.2/Chart.min.js","meta":{"rootId":"c994feaw7ehd55c","id":"c994feaw7ehd55c"},"id":"o9cq3wu5m5a303i","previousOperationId":"4x0p85wiymewrm9"}
{"type":"log","timestamp":1675618578382,"level":"debug","message":"Page request finished: GET (stylesheet) 200 https://cdnjs.cloudflare.com/ajax/libs/metro/4.1.5/css/metro.min.css","meta":{"rootId":"c994feaw7ehd55c","id":"c994feaw7ehd55c"},"id":"zk1kzdkj1zkfl5o","previousOperationId":"4x0p85wiymewrm9"}
{"type":"log","timestamp":1675618578389,"level":"warn","message":"Page error: SyntaxError: \"undefined\" is not valid JSON\n    at JSON.parse (<anonymous>)\n    at file:///C:/Users/pollo/AppData/Local/Temp/jsreport/autocleanup/ca684068-1063-4549-a988-9712988b3c1b-chrome-pdf.html:50:29","meta":{"rootId":"c994feaw7ehd55c","id":"c994feaw7ehd55c"},"id":"mu7zyabu7na3yf4","previousOperationId":"4x0p85wiymewrm9"}
{"type":"log","timestamp":1675618578427,"level":"debug","message":"Running chrome with params {\"printBackground\":true,\"marginTop\":\"4cm\",\"marginRight\":\"1.5cm\",\"marginBottom\":\"1.5cm\",\"marginLeft\":\"1.5cm\",\"waitForJS\":false,\"timeout\":59612,\"margin\":{\"top\":\"4cm\",\"right\":\"1.5cm\",\"bottom\":\"1.5cm\",\"left\":\"1.5cm\"}}","meta":{"rootId":"c994feaw7ehd55c","id":"c994feaw7ehd55c"},"id":"p4pxsm81r0ydfb3","previousOperationId":"4x0p85wiymewrm9"}
{"type":"operationEnd","operationId":"4x0p85wiymewrm9","timestamp":1675618578531,"id":"oiae66349no4cl1","previousEventId":"dg88p7u2kp2bhgc","previousOperationId":"4x0p85wiymewrm9"}
{"type":"log","timestamp":1675618578531,"level":"info","message":"pdf-utils is starting pdf processing","meta":{"rootId":"c994feaw7ehd55c","id":"c994feaw7ehd55c"},"id":"ro2j1yrxoz92yoo","previousOperationId":"4x0p85wiymewrm9"}
{"type":"operationStart","subtype":"pdfUtils","name":"pdf utils","timestamp":1675618578531,"id":"lons5grcxcy905a","previousEventId":"oiae66349no4cl1","operationId":"rd8g7or6a7qp4h7","previousOperationId":"4x0p85wiymewrm9"}
{"type":"log","timestamp":1675618578531,"level":"debug","message":"pdf-utils detected 1 pdf operation(s) to process","meta":{"rootId":"c994feaw7ehd55c","id":"c994feaw7ehd55c"},"id":"2uaadl660c7bm9e","previousOperationId":"rd8g7or6a7qp4h7"}
{"type":"log","timestamp":1675618578544,"level":"debug","message":"pdf-utils running pdf operation merge","meta":{"rootId":"c994feaw7ehd55c","id":"c994feaw7ehd55c"},"id":"u3i6hpdjc4hp8kh","previousOperationId":"rd8g7or6a7qp4h7"}
{"type":"operationStart","subtype":"pdfUtilsMerge","name":"pdf utils merge","previousOperationId":"rd8g7or6a7qp4h7","timestamp":1675618578544,"id":"f3tgcfbgllce3wf","previousEventId":"lons5grcxcy905a","operationId":"985ufe973xl2ahy"}
{"type":"operationStart","subtype":"render","name":"orders-header","previousOperationId":"985ufe973xl2ahy","timestamp":1675618578546,"id":"mx1yonqmn4bzlc5","previousEventId":"f3tgcfbgllce3wf","operationId":"ehvwv2a5wwnms8r"}
{"type":"log","timestamp":1675618578546,"level":"info","message":"Starting rendering (child) request","meta":{"rootId":"c994feaw7ehd55c","id":"e28w8aq4ri4xsp3"},"id":"phg4im2mvu154nc","previousOperationId":"ehvwv2a5wwnms8r"}
{"type":"log","timestamp":1675618578546,"level":"info","message":"Rendering template { name: orders-header, recipe: chrome-pdf, engine: handlebars, preview: true }","meta":{"rootId":"c994feaw7ehd55c","id":"e28w8aq4ri4xsp3"},"id":"w5ixum5p9vtvj9q","previousOperationId":"ehvwv2a5wwnms8r"}
{"type":"log","timestamp":1675618578547,"level":"debug","message":"Inline data specified.","meta":{"rootId":"c994feaw7ehd55c","id":"e28w8aq4ri4xsp3"},"id":"zjjehz7dx95h4yk","previousOperationId":"ehvwv2a5wwnms8r"}
{"type":"log","timestamp":1675618578550,"level":"debug","message":"Base url not specified, skipping its injection.","meta":{"rootId":"c994feaw7ehd55c","id":"e28w8aq4ri4xsp3"},"id":"j5k1c2299r9tfq0","previousOperationId":"ehvwv2a5wwnms8r"}
{"type":"operationStart","subtype":"engine","name":"handlebars","timestamp":1675618578550,"id":"ulvclgzs91wdkpj","previousEventId":"mx1yonqmn4bzlc5","operationId":"0p1qfrn3owbz29w","previousOperationId":"ehvwv2a5wwnms8r"}
{"type":"log","timestamp":1675618578550,"level":"debug","message":"Rendering engine handlebars","meta":{"rootId":"c994feaw7ehd55c","id":"e28w8aq4ri4xsp3"},"id":"sjxchjhz3lyf9pg","previousOperationId":"0p1qfrn3owbz29w"}
{"type":"operationEnd","operationId":"0p1qfrn3owbz29w","timestamp":1675618578567,"id":"ne36e4jtgzc8y1u","previousEventId":"ulvclgzs91wdkpj","previousOperationId":"0p1qfrn3owbz29w"}
{"type":"operationStart","subtype":"recipe","name":"chrome-pdf","timestamp":1675618578567,"id":"vcv2yqjm0oivu8w","previousEventId":"ne36e4jtgzc8y1u","operationId":"191njvq51z9o0d0","previousOperationId":"0p1qfrn3owbz29w"}
{"type":"log","timestamp":1675618578567,"level":"debug","message":"Executing recipe chrome-pdf","meta":{"rootId":"c994feaw7ehd55c","id":"e28w8aq4ri4xsp3"},"id":"tpktxl9e1se6dol","previousOperationId":"191njvq51z9o0d0"}
{"type":"log","timestamp":1675618578570,"level":"debug","message":"Converting with chrome HeadlessChrome/105.0.5173.0 using chrome-pool strategy","meta":{"rootId":"c994feaw7ehd55c","id":"e28w8aq4ri4xsp3"},"id":"h4anwnyiyqeunfh","previousOperationId":"191njvq51z9o0d0"}
{"type":"log","timestamp":1675618578677,"level":"debug","message":"Page request: GET (document) file:///C:/Users/pollo/AppData/Local/Temp/jsreport/autocleanup/4332336a-249c-4f42-8fcf-9d57cecb5175-chrome-pdf.html","meta":{"rootId":"c994feaw7ehd55c","id":"e28w8aq4ri4xsp3"},"id":"uxo9y9sndf3b7cj","previousOperationId":"191njvq51z9o0d0"}
{"type":"log","timestamp":1675618578689,"level":"debug","message":"Page request finished: GET (document) 200 file:///C:/Users/pollo/AppData/Local/Temp/jsreport/autocleanup/4332336a-249c-4f42-8fcf-9d57cecb5175-chrome-pdf.html","meta":{"rootId":"c994feaw7ehd55c","id":"e28w8aq4ri4xsp3"},"id":"c58uhzhnh14oxp2","previousOperationId":"191njvq51z9o0d0"}
{"type":"log","timestamp":1675618578690,"level":"debug","message":"Page request: GET (stylesheet) https://cdnjs.cloudflare.com/ajax/libs/metro/4.1.5/css/metro.min.css","meta":{"rootId":"c994feaw7ehd55c","id":"e28w8aq4ri4xsp3"},"id":"2eipwiwgmm7h1ix","previousOperationId":"191njvq51z9o0d0"}
{"type":"log","timestamp":1675618578714,"level":"debug","message":"Page request finished: GET (stylesheet) 200 https://cdnjs.cloudflare.com/ajax/libs/metro/4.1.5/css/metro.min.css","meta":{"rootId":"c994feaw7ehd55c","id":"e28w8aq4ri4xsp3"},"id":"ip6a2xwko3hrl42","previousOperationId":"191njvq51z9o0d0"}
{"type":"log","timestamp":1675618578736,"level":"debug","message":"Running chrome with params {\"printBackground\":true,\"marginTop\":\"1.5cm\",\"marginRight\":\"1.5cm\",\"marginLeft\":\"1.cm\",\"timeout\":59262,\"margin\":{\"top\":\"1.5cm\",\"right\":\"1.5cm\",\"left\":\"1.cm\"}}","meta":{"rootId":"c994feaw7ehd55c","id":"e28w8aq4ri4xsp3"},"id":"16yktfxm62glrdb","previousOperationId":"191njvq51z9o0d0"}
{"type":"operationEnd","operationId":"191njvq51z9o0d0","timestamp":1675618578798,"id":"vskwjhnvc88wgqq","previousEventId":"vcv2yqjm0oivu8w","previousOperationId":"191njvq51z9o0d0"}
{"type":"log","timestamp":1675618578798,"level":"debug","message":"Skipping storing report.","meta":{"rootId":"c994feaw7ehd55c","id":"e28w8aq4ri4xsp3"},"id":"cj1vcrhgzqwmbtm","previousOperationId":"191njvq51z9o0d0"}
{"type":"log","timestamp":1675618578799,"level":"info","message":"Rendering (child) request finished in 968 ms","meta":{"rootId":"c994feaw7ehd55c","id":"e28w8aq4ri4xsp3"},"id":"bwfz0qqn86n78f9","previousOperationId":"191njvq51z9o0d0"}
{"type":"operationEnd","subtype":"render","operationId":"ehvwv2a5wwnms8r","timestamp":1675618578799,"id":"tl2th61p7aulwnw","previousEventId":"vskwjhnvc88wgqq","previousOperationId":"191njvq51z9o0d0"}
{"type":"operationEnd","operationId":"985ufe973xl2ahy","timestamp":1675618578806,"id":"9nocra2we27rh8h","previousEventId":"f3tgcfbgllce3wf","previousOperationId":"985ufe973xl2ahy"}
{"type":"log","timestamp":1675618578806,"level":"debug","message":"pdf-utils postproces start","meta":{"rootId":"c994feaw7ehd55c","id":"c994feaw7ehd55c"},"id":"mxipyki8n2j9an1","previousOperationId":"985ufe973xl2ahy"}
{"type":"log","timestamp":1675618578813,"level":"debug","message":"pdf-utils postproces end","meta":{"rootId":"c994feaw7ehd55c","id":"c994feaw7ehd55c"},"id":"mcqh9t38b813yne","previousOperationId":"985ufe973xl2ahy"}
{"type":"operationEnd","operationId":"rd8g7or6a7qp4h7","timestamp":1675618578814,"id":"9fw3h39lzs69o4q","previousEventId":"9nocra2we27rh8h","previousOperationId":"985ufe973xl2ahy"}
{"type":"log","timestamp":1675618578814,"level":"info","message":"pdf-utils pdf processing was finished","meta":{"rootId":"c994feaw7ehd55c","id":"c994feaw7ehd55c"},"id":"gpq065pyyjaxqk2","previousOperationId":"rd8g7or6a7qp4h7"}
{"type":"log","timestamp":1675618578814,"level":"debug","message":"Skipping storing report.","meta":{"rootId":"c994feaw7ehd55c","id":"c994feaw7ehd55c"},"id":"50sr8fmrkw91lx7","previousOperationId":"rd8g7or6a7qp4h7"}
{"type":"log","timestamp":1675618578814,"level":"info","message":"Rendering request 9 finished in 983 ms","meta":{"rootId":"c994feaw7ehd55c","id":"c994feaw7ehd55c"},"id":"9rwdxb9wb9mwyqq","previousOperationId":"rd8g7or6a7qp4h7"}
{"type":"operationEnd","subtype":"render","operationId":"we0h6n44m173v51","timestamp":1675618578814,"id":"1gp2gkncgt679db","previousEventId":"9fw3h39lzs69o4q","previousOperationId":"rd8g7or6a7qp4h7"}
{"type":"operationEnd","doDiffs":false,"previousEventId":"vqvz6d8aeb00yxi","previousOperationId":"yj3r63ji72autww","operationId":"yj3r63ji72autww","timestamp":1675618578823,"id":"2qjsdgd7a4wn2m1"}
