{"type":"operationStart","subtype":"profile","data":{"_id":"HUTAEKyDlv3AA8bc","timestamp":"2023-02-05T18:26:41.120Z","state":"queued","mode":"standard","creationDate":"2023-02-05T18:26:41.123Z","modificationDate":"2023-02-05T18:26:41.123Z","shortid":"i6ihYGQ","$entitySet":"profiles"},"doDiffs":false,"timestamp":1675621601122,"id":"vwpqrvyaxv8v180","previousOperationId":null,"operationId":"ooee3ewl7e4zyad"}
{"type":"log","level":"info","message":"Render request 36 queued for execution and waiting for available worker","previousOperationId":"ooee3ewl7e4zyad","timestamp":1675621601122,"id":"zqxg1bgrhp9mqdb"}
{"type":"operationStart","subtype":"render","name":"orders-main","previousOperationId":"ooee3ewl7e4zyad","timestamp":1675621601131,"id":"8mtlqx26g3ryqyb","previousEventId":"vwpqrvyaxv8v180","operationId":"dbu06bq00m16eg9"}
{"type":"log","timestamp":1675621601131,"level":"info","message":"Starting rendering request 36","meta":{"rootId":"cpzvx5b8nv4b118","id":"cpzvx5b8nv4b118"},"id":"or75lj8l9z1cfkk","previousOperationId":"dbu06bq00m16eg9"}
{"type":"log","timestamp":1675621601132,"level":"info","message":"Rendering template { name: orders-main, recipe: chrome-pdf, engine: handlebars, preview: true }","meta":{"rootId":"cpzvx5b8nv4b118","id":"cpzvx5b8nv4b118"},"id":"26hbd87axij9fff","previousOperationId":"dbu06bq00m16eg9"}
{"type":"log","timestamp":1675621601134,"level":"debug","message":"Data item not defined for this template.","meta":{"rootId":"cpzvx5b8nv4b118","id":"cpzvx5b8nv4b118"},"id":"bkq2e1a04ii6ti5","previousOperationId":"dbu06bq00m16eg9"}
{"type":"log","timestamp":1675621601136,"level":"debug","message":"Executing script orders-script (beforeRender)","meta":{"rootId":"cpzvx5b8nv4b118","id":"cpzvx5b8nv4b118"},"id":"82ka6ihzwj87w21","previousOperationId":"dbu06bq00m16eg9"}
{"type":"operationStart","subtype":"scriptsBeforeRender","name":"scripts beforeRender","timestamp":1675621601167,"id":"st86pjd48rswrqp","previousEventId":"8mtlqx26g3ryqyb","operationId":"syc49usssqjkg64","previousOperationId":"dbu06bq00m16eg9"}
{"type":"operationStart","subtype":"script","name":"scripts orders-script","previousOperationId":"syc49usssqjkg64","timestamp":1675621601167,"id":"mcp4b60jcf8xtqr","previousEventId":"st86pjd48rswrqp","operationId":"qe831209s98feha"}
{"type":"log","timestamp":1675621601439,"level":"debug","message":"(console:log) [ 'Antonio', 'Juana de Armas' ]","meta":{"userLevel":true,"rootId":"cpzvx5b8nv4b118","id":"cpzvx5b8nv4b118"},"id":"61ec7qs048688jb","previousOperationId":"qe831209s98feha"}
{"type":"operationEnd","operationId":"qe831209s98feha","timestamp":1675621601440,"id":"73i3hpld0a9hwmz","previousEventId":"8mtlqx26g3ryqyb","previousOperationId":"dbu06bq00m16eg9"}
{"type":"operationEnd","operationId":"syc49usssqjkg64","timestamp":1675621601440,"id":"w8ye9tsmyhurfla","previousEventId":"73i3hpld0a9hwmz","previousOperationId":"dbu06bq00m16eg9"}
{"type":"log","timestamp":1675621601440,"level":"debug","message":"Base url not specified, skipping its injection.","meta":{"rootId":"cpzvx5b8nv4b118","id":"cpzvx5b8nv4b118"},"id":"29k1uiub1ci0epy","previousOperationId":"syc49usssqjkg64"}
{"type":"operationStart","subtype":"engine","name":"handlebars","timestamp":1675621601441,"id":"qd8cyydo896ghiw","previousEventId":"w8ye9tsmyhurfla","operationId":"yio6yg3qlgod3mx","previousOperationId":"syc49usssqjkg64"}
{"type":"log","timestamp":1675621601441,"level":"debug","message":"Rendering engine handlebars","meta":{"rootId":"cpzvx5b8nv4b118","id":"cpzvx5b8nv4b118"},"id":"83gw5mhh3gjoy1b","previousOperationId":"yio6yg3qlgod3mx"}
{"type":"operationEnd","operationId":"yio6yg3qlgod3mx","timestamp":1675621601453,"id":"xgbg0iieur6dmsa","previousEventId":"qd8cyydo896ghiw","previousOperationId":"yio6yg3qlgod3mx"}
{"type":"operationStart","subtype":"recipe","name":"chrome-pdf","timestamp":1675621601453,"id":"u39qvy6ozyd25kj","previousEventId":"xgbg0iieur6dmsa","operationId":"45reqjrke1wx3x1","previousOperationId":"yio6yg3qlgod3mx"}
{"type":"log","timestamp":1675621601453,"level":"debug","message":"Executing recipe chrome-pdf","meta":{"rootId":"cpzvx5b8nv4b118","id":"cpzvx5b8nv4b118"},"id":"hduwgtdcllzshez","previousOperationId":"45reqjrke1wx3x1"}
{"type":"log","timestamp":1675621601456,"level":"debug","message":"Converting with chrome HeadlessChrome/105.0.5173.0 using chrome-pool strategy","meta":{"rootId":"cpzvx5b8nv4b118","id":"cpzvx5b8nv4b118"},"id":"8je1hhcf072gwmu","previousOperationId":"45reqjrke1wx3x1"}
{"type":"log","timestamp":1675621601561,"level":"debug","message":"Page request: GET (document) file:///C:/Users/pollo/AppData/Local/Temp/jsreport/autocleanup/53c21bc3-e4dd-4c87-be47-c9fc780245ee-chrome-pdf.html","meta":{"rootId":"cpzvx5b8nv4b118","id":"cpzvx5b8nv4b118"},"id":"ux7p1cesefqktx9","previousOperationId":"45reqjrke1wx3x1"}
{"type":"log","timestamp":1675621601571,"level":"debug","message":"Page request finished: GET (document) 200 file:///C:/Users/pollo/AppData/Local/Temp/jsreport/autocleanup/53c21bc3-e4dd-4c87-be47-c9fc780245ee-chrome-pdf.html","meta":{"rootId":"cpzvx5b8nv4b118","id":"cpzvx5b8nv4b118"},"id":"cvtbfxfzgu845jp","previousOperationId":"45reqjrke1wx3x1"}
{"type":"log","timestamp":1675621601571,"level":"debug","message":"Page request: GET (stylesheet) https://cdnjs.cloudflare.com/ajax/libs/metro/4.1.5/css/metro.min.css","meta":{"rootId":"cpzvx5b8nv4b118","id":"cpzvx5b8nv4b118"},"id":"f1duak47hanbs9g","previousOperationId":"45reqjrke1wx3x1"}
{"type":"log","timestamp":1675621601571,"level":"debug","message":"Page request: GET (script) https://cdn.jsdelivr.net/npm/chart.js","meta":{"rootId":"cpzvx5b8nv4b118","id":"cpzvx5b8nv4b118"},"id":"c8n92ikgmsfv7d4","previousOperationId":"45reqjrke1wx3x1"}
{"type":"log","timestamp":1675621601596,"level":"debug","message":"Page request finished: GET (stylesheet) 200 https://cdnjs.cloudflare.com/ajax/libs/metro/4.1.5/css/metro.min.css","meta":{"rootId":"cpzvx5b8nv4b118","id":"cpzvx5b8nv4b118"},"id":"9dfg0hi2xa4v9it","previousOperationId":"45reqjrke1wx3x1"}
{"type":"log","timestamp":1675621601596,"level":"debug","message":"Page request finished: GET (script) 200 https://cdn.jsdelivr.net/npm/chart.js","meta":{"rootId":"cpzvx5b8nv4b118","id":"cpzvx5b8nv4b118"},"id":"u6rw3p4xdtiygh7","previousOperationId":"45reqjrke1wx3x1"}
{"type":"log","timestamp":1675621601601,"level":"warn","message":"Page error: SyntaxError: Unexpected identifier","meta":{"rootId":"cpzvx5b8nv4b118","id":"cpzvx5b8nv4b118"},"id":"mlzjr8iknicf343","previousOperationId":"45reqjrke1wx3x1"}
{"type":"log","timestamp":1675621601632,"level":"debug","message":"Running chrome with params {\"printBackground\":true,\"marginTop\":\"4cm\",\"marginRight\":\"1.5cm\",\"marginBottom\":\"1.5cm\",\"marginLeft\":\"1.5cm\",\"waitForJS\":false,\"timeout\":59665,\"margin\":{\"top\":\"4cm\",\"right\":\"1.5cm\",\"bottom\":\"1.5cm\",\"left\":\"1.5cm\"}}","meta":{"rootId":"cpzvx5b8nv4b118","id":"cpzvx5b8nv4b118"},"id":"13q3yqh3xkwku0f","previousOperationId":"45reqjrke1wx3x1"}
{"type":"operationEnd","operationId":"45reqjrke1wx3x1","timestamp":1675621601714,"id":"xz48fom004wn9k4","previousEventId":"u39qvy6ozyd25kj","previousOperationId":"45reqjrke1wx3x1"}
{"type":"log","timestamp":1675621601714,"level":"info","message":"pdf-utils is starting pdf processing","meta":{"rootId":"cpzvx5b8nv4b118","id":"cpzvx5b8nv4b118"},"id":"t94bku8bbt4h6g2","previousOperationId":"45reqjrke1wx3x1"}
{"type":"operationStart","subtype":"pdfUtils","name":"pdf utils","timestamp":1675621601714,"id":"1j8ydn1ibj9vowf","previousEventId":"xz48fom004wn9k4","operationId":"0pewe0zmqy43b4s","previousOperationId":"45reqjrke1wx3x1"}
{"type":"log","timestamp":1675621601715,"level":"debug","message":"pdf-utils detected 1 pdf operation(s) to process","meta":{"rootId":"cpzvx5b8nv4b118","id":"cpzvx5b8nv4b118"},"id":"5vgrt0wbimcs5se","previousOperationId":"0pewe0zmqy43b4s"}
{"type":"log","timestamp":1675621601732,"level":"debug","message":"pdf-utils running pdf operation merge","meta":{"rootId":"cpzvx5b8nv4b118","id":"cpzvx5b8nv4b118"},"id":"u4ufh3874m43r47","previousOperationId":"0pewe0zmqy43b4s"}
{"type":"operationStart","subtype":"pdfUtilsMerge","name":"pdf utils merge","previousOperationId":"0pewe0zmqy43b4s","timestamp":1675621601732,"id":"i6ecflboqdu64fk","previousEventId":"1j8ydn1ibj9vowf","operationId":"gfh9kh4xtxz0shp"}
{"type":"operationStart","subtype":"render","name":"orders-header","previousOperationId":"gfh9kh4xtxz0shp","timestamp":1675621601733,"id":"nvyzj91gir13l1g","previousEventId":"i6ecflboqdu64fk","operationId":"h3xe77tcv5cltak"}
{"type":"log","timestamp":1675621601733,"level":"info","message":"Starting rendering (child) request","meta":{"rootId":"cpzvx5b8nv4b118","id":"73woku1s8gxddzp"},"id":"g2ka6i5vmmql1mf","previousOperationId":"h3xe77tcv5cltak"}
{"type":"log","timestamp":1675621601733,"level":"info","message":"Rendering template { name: orders-header, recipe: chrome-pdf, engine: handlebars, preview: true }","meta":{"rootId":"cpzvx5b8nv4b118","id":"73woku1s8gxddzp"},"id":"7g5pzkcn59dn9x3","previousOperationId":"h3xe77tcv5cltak"}
{"type":"log","timestamp":1675621601734,"level":"debug","message":"Inline data specified.","meta":{"rootId":"cpzvx5b8nv4b118","id":"73woku1s8gxddzp"},"id":"7y9xw19sn63adb2","previousOperationId":"h3xe77tcv5cltak"}
{"type":"log","timestamp":1675621601737,"level":"debug","message":"Base url not specified, skipping its injection.","meta":{"rootId":"cpzvx5b8nv4b118","id":"73woku1s8gxddzp"},"id":"8ul1qjtuxy4v7au","previousOperationId":"h3xe77tcv5cltak"}
{"type":"operationStart","subtype":"engine","name":"handlebars","timestamp":1675621601737,"id":"qu9m39pidvq554b","previousEventId":"nvyzj91gir13l1g","operationId":"le0t5z50nu7ineo","previousOperationId":"h3xe77tcv5cltak"}
{"type":"log","timestamp":1675621601737,"level":"debug","message":"Rendering engine handlebars","meta":{"rootId":"cpzvx5b8nv4b118","id":"73woku1s8gxddzp"},"id":"ce1j2fgekiz1ve6","previousOperationId":"le0t5z50nu7ineo"}
{"type":"operationEnd","operationId":"le0t5z50nu7ineo","timestamp":1675621601755,"id":"w6u641wzuoh4lxw","previousEventId":"qu9m39pidvq554b","previousOperationId":"le0t5z50nu7ineo"}
{"type":"operationStart","subtype":"recipe","name":"chrome-pdf","timestamp":1675621601755,"id":"p0g9z38p7agscf1","previousEventId":"w6u641wzuoh4lxw","operationId":"ap6lpn13b84n7vi","previousOperationId":"le0t5z50nu7ineo"}
{"type":"log","timestamp":1675621601755,"level":"debug","message":"Executing recipe chrome-pdf","meta":{"rootId":"cpzvx5b8nv4b118","id":"73woku1s8gxddzp"},"id":"a40m2l1paj6m1wl","previousOperationId":"ap6lpn13b84n7vi"}
{"type":"log","timestamp":1675621601758,"level":"debug","message":"Converting with chrome HeadlessChrome/105.0.5173.0 using chrome-pool strategy","meta":{"rootId":"cpzvx5b8nv4b118","id":"73woku1s8gxddzp"},"id":"8mp1770zjojp6kv","previousOperationId":"ap6lpn13b84n7vi"}
{"type":"log","timestamp":1675621601866,"level":"debug","message":"Page request: GET (document) file:///C:/Users/pollo/AppData/Local/Temp/jsreport/autocleanup/3184dfaf-18a2-4d3d-9f2a-f583f556c8bb-chrome-pdf.html","meta":{"rootId":"cpzvx5b8nv4b118","id":"73woku1s8gxddzp"},"id":"6otpxiqyot9uyyt","previousOperationId":"ap6lpn13b84n7vi"}
{"type":"log","timestamp":1675621601875,"level":"debug","message":"Page request: GET (stylesheet) https://cdnjs.cloudflare.com/ajax/libs/metro/4.1.5/css/metro.min.css","meta":{"rootId":"cpzvx5b8nv4b118","id":"73woku1s8gxddzp"},"id":"6ybh7ybet5cixay","previousOperationId":"ap6lpn13b84n7vi"}
{"type":"log","timestamp":1675621601876,"level":"debug","message":"Page request finished: GET (document) 200 file:///C:/Users/pollo/AppData/Local/Temp/jsreport/autocleanup/3184dfaf-18a2-4d3d-9f2a-f583f556c8bb-chrome-pdf.html","meta":{"rootId":"cpzvx5b8nv4b118","id":"73woku1s8gxddzp"},"id":"819xeng9h7p4l7o","previousOperationId":"ap6lpn13b84n7vi"}
{"type":"log","timestamp":1675621601897,"level":"debug","message":"Page request finished: GET (stylesheet) 200 https://cdnjs.cloudflare.com/ajax/libs/metro/4.1.5/css/metro.min.css","meta":{"rootId":"cpzvx5b8nv4b118","id":"73woku1s8gxddzp"},"id":"df9vsh2iomfiq0n","previousOperationId":"ap6lpn13b84n7vi"}
{"type":"log","timestamp":1675621601921,"level":"debug","message":"Running chrome with params {\"printBackground\":true,\"marginTop\":\"1.5cm\",\"marginRight\":\"1.5cm\",\"marginLeft\":\"1.cm\",\"timeout\":59363,\"margin\":{\"top\":\"1.5cm\",\"right\":\"1.5cm\",\"left\":\"1.cm\"}}","meta":{"rootId":"cpzvx5b8nv4b118","id":"73woku1s8gxddzp"},"id":"uiyyth0kklqt5gc","previousOperationId":"ap6lpn13b84n7vi"}
{"type":"operationEnd","operationId":"ap6lpn13b84n7vi","timestamp":1675621601980,"id":"pq56oltl86sk6i8","previousEventId":"p0g9z38p7agscf1","previousOperationId":"ap6lpn13b84n7vi"}
{"type":"log","timestamp":1675621601980,"level":"debug","message":"Skipping storing report.","meta":{"rootId":"cpzvx5b8nv4b118","id":"73woku1s8gxddzp"},"id":"mkq18asd0gqqvb7","previousOperationId":"ap6lpn13b84n7vi"}
{"type":"log","timestamp":1675621601980,"level":"info","message":"Rendering (child) request finished in 860 ms","meta":{"rootId":"cpzvx5b8nv4b118","id":"73woku1s8gxddzp"},"id":"tmg40fpui0683oa","previousOperationId":"ap6lpn13b84n7vi"}
{"type":"operationEnd","subtype":"render","operationId":"h3xe77tcv5cltak","timestamp":1675621601980,"id":"ycsrosj42o5w7zh","previousEventId":"pq56oltl86sk6i8","previousOperationId":"ap6lpn13b84n7vi"}
{"type":"operationEnd","operationId":"gfh9kh4xtxz0shp","timestamp":1675621601988,"id":"0ik6ktglsqb12oh","previousEventId":"i6ecflboqdu64fk","previousOperationId":"gfh9kh4xtxz0shp"}
{"type":"log","timestamp":1675621601989,"level":"debug","message":"pdf-utils postproces start","meta":{"rootId":"cpzvx5b8nv4b118","id":"cpzvx5b8nv4b118"},"id":"zfzxlkn6g7okju0","previousOperationId":"gfh9kh4xtxz0shp"}
{"type":"log","timestamp":1675621601996,"level":"debug","message":"pdf-utils postproces end","meta":{"rootId":"cpzvx5b8nv4b118","id":"cpzvx5b8nv4b118"},"id":"od0emd7otw2qlmx","previousOperationId":"gfh9kh4xtxz0shp"}
{"type":"operationEnd","operationId":"0pewe0zmqy43b4s","timestamp":1675621601996,"id":"mfvinyif9b7dnr6","previousEventId":"0ik6ktglsqb12oh","previousOperationId":"gfh9kh4xtxz0shp"}
{"type":"log","timestamp":1675621601996,"level":"info","message":"pdf-utils pdf processing was finished","meta":{"rootId":"cpzvx5b8nv4b118","id":"cpzvx5b8nv4b118"},"id":"95rs3zhwluudfg5","previousOperationId":"0pewe0zmqy43b4s"}
{"type":"log","timestamp":1675621601996,"level":"debug","message":"Skipping storing report.","meta":{"rootId":"cpzvx5b8nv4b118","id":"cpzvx5b8nv4b118"},"id":"9p95d2p9m2v1t80","previousOperationId":"0pewe0zmqy43b4s"}
{"type":"log","timestamp":1675621601996,"level":"info","message":"Rendering request 36 finished in 876 ms","meta":{"rootId":"cpzvx5b8nv4b118","id":"cpzvx5b8nv4b118"},"id":"jo53syk5swpoxnz","previousOperationId":"0pewe0zmqy43b4s"}
{"type":"operationEnd","subtype":"render","operationId":"dbu06bq00m16eg9","timestamp":1675621601996,"id":"dh7439qlfv1js3z","previousEventId":"mfvinyif9b7dnr6","previousOperationId":"0pewe0zmqy43b4s"}
{"type":"operationEnd","doDiffs":false,"previousEventId":"vwpqrvyaxv8v180","previousOperationId":"ooee3ewl7e4zyad","operationId":"ooee3ewl7e4zyad","timestamp":1675621602002,"id":"7ahnmcznhlqzgp9"}
