{"type":"operationStart","subtype":"profile","data":{"_id":"4JTJ6nU9fyGU2r5g","timestamp":"2023-02-01T17:11:10.436Z","state":"queued","mode":"standard","creationDate":"2023-02-01T17:11:10.437Z","modificationDate":"2023-02-01T17:11:10.437Z","shortid":"0gQ2MZt","$entitySet":"profiles"},"doDiffs":false,"timestamp":1675271470437,"id":"ra4gdfw0li0ggzf","previousOperationId":null,"operationId":"tu86ksmpf2519f3"}
{"type":"log","level":"info","message":"Render request 11 queued for execution and waiting for available worker","previousOperationId":"tu86ksmpf2519f3","timestamp":1675271470437,"id":"2khan9uphh2hx8e"}
{"type":"operationStart","subtype":"render","name":"orders-main","previousOperationId":"tu86ksmpf2519f3","timestamp":1675271470447,"id":"nons6haywa6knly","previousEventId":"ra4gdfw0li0ggzf","operationId":"9bpfthv3zmum35d"}
{"type":"log","timestamp":1675271470447,"level":"info","message":"Starting rendering request 11","meta":{"rootId":"doxycir3vamed3f","id":"doxycir3vamed3f"},"id":"2ge0guafip5erqi","previousOperationId":"9bpfthv3zmum35d"}
{"type":"log","timestamp":1675271470447,"level":"info","message":"Rendering template { name: orders-main, recipe: chrome-pdf, engine: handlebars, preview: true }","meta":{"rootId":"doxycir3vamed3f","id":"doxycir3vamed3f"},"id":"x4q7h4fvajn4tcp","previousOperationId":"9bpfthv3zmum35d"}
{"type":"log","timestamp":1675271470449,"level":"debug","message":"Data item not defined for this template.","meta":{"rootId":"doxycir3vamed3f","id":"doxycir3vamed3f"},"id":"s15inw4e9gtc937","previousOperationId":"9bpfthv3zmum35d"}
{"type":"log","timestamp":1675271470452,"level":"debug","message":"Executing script orders-script (beforeRender)","meta":{"rootId":"doxycir3vamed3f","id":"doxycir3vamed3f"},"id":"w6mfgba3cm4pafv","previousOperationId":"9bpfthv3zmum35d"}
{"type":"operationStart","subtype":"scriptsBeforeRender","name":"scripts beforeRender","timestamp":1675271470486,"id":"lrlifya9df7eoxs","previousEventId":"nons6haywa6knly","operationId":"0paphaupv36n59q","previousOperationId":"9bpfthv3zmum35d"}
{"type":"operationStart","subtype":"script","name":"scripts orders-script","previousOperationId":"0paphaupv36n59q","timestamp":1675271470486,"id":"j3odpjnfepyvl11","previousEventId":"lrlifya9df7eoxs","operationId":"iyhwc25o6u9mao6"}
{"type":"log","timestamp":1675271470486,"level":"debug","message":"(console:log) AAAAAAAAAAAAAAAAAAAAAAA  undefined","meta":{"userLevel":true,"rootId":"doxycir3vamed3f","id":"doxycir3vamed3f"},"id":"negbpukmyebqddz","previousOperationId":"iyhwc25o6u9mao6"}
{"type":"log","timestamp":1675271470749,"level":"debug","message":"(console:log) [\n  {\n    id: 1,\n    name: 'Antonio',\n    description: 'Aclamado director de la Orquesta Filarmónica de Gran Canaria'\n  },\n  {\n    id: 3,\n    name: 'Juana de Armas',\n    description: 'Aclamada directora de la Orquesta Filarmónica de Gran Canaria'\n  }\n]","meta":{"userLevel":true,"rootId":"doxycir3vamed3f","id":"doxycir3vamed3f"},"id":"955vqbkqbjktjyf","previousOperationId":"iyhwc25o6u9mao6"}
{"type":"operationEnd","operationId":"iyhwc25o6u9mao6","timestamp":1675271470750,"id":"q5ivzzbj78rfb9j","previousEventId":"nons6haywa6knly","previousOperationId":"9bpfthv3zmum35d"}
{"type":"operationEnd","operationId":"0paphaupv36n59q","timestamp":1675271470750,"id":"q5nm9yzrwd6nfxe","previousEventId":"q5ivzzbj78rfb9j","previousOperationId":"9bpfthv3zmum35d"}
{"type":"log","timestamp":1675271470750,"level":"debug","message":"Base url not specified, skipping its injection.","meta":{"rootId":"doxycir3vamed3f","id":"doxycir3vamed3f"},"id":"6mkk8j4fvscab2f","previousOperationId":"0paphaupv36n59q"}
{"type":"operationStart","subtype":"engine","name":"handlebars","timestamp":1675271470750,"id":"nq930801x8n9ekl","previousEventId":"q5nm9yzrwd6nfxe","operationId":"rqd4fbrcinqn4u8","previousOperationId":"0paphaupv36n59q"}
{"type":"log","timestamp":1675271470750,"level":"debug","message":"Rendering engine handlebars","meta":{"rootId":"doxycir3vamed3f","id":"doxycir3vamed3f"},"id":"fx8w6nlol9xao07","previousOperationId":"rqd4fbrcinqn4u8"}
{"type":"operationEnd","operationId":"rqd4fbrcinqn4u8","timestamp":1675271470761,"id":"b6zk28lylt2lzqi","previousEventId":"nq930801x8n9ekl","previousOperationId":"rqd4fbrcinqn4u8"}
{"type":"operationStart","subtype":"recipe","name":"chrome-pdf","timestamp":1675271470762,"id":"fjbqk07plj192eu","previousEventId":"b6zk28lylt2lzqi","operationId":"wvals4qhqc8f3d5","previousOperationId":"rqd4fbrcinqn4u8"}
{"type":"log","timestamp":1675271470762,"level":"debug","message":"Executing recipe chrome-pdf","meta":{"rootId":"doxycir3vamed3f","id":"doxycir3vamed3f"},"id":"6eia13oo5tq77ik","previousOperationId":"wvals4qhqc8f3d5"}
{"type":"log","timestamp":1675271470764,"level":"debug","message":"Converting with chrome HeadlessChrome/105.0.5173.0 using chrome-pool strategy","meta":{"rootId":"doxycir3vamed3f","id":"doxycir3vamed3f"},"id":"xgpkgti7bz9azse","previousOperationId":"wvals4qhqc8f3d5"}
{"type":"log","timestamp":1675271470869,"level":"debug","message":"Page request: GET (document) file:///C:/Users/pollo/AppData/Local/Temp/jsreport/autocleanup/9fe3daf5-0dd4-46ba-8047-973a81daa3db-chrome-pdf.html","meta":{"rootId":"doxycir3vamed3f","id":"doxycir3vamed3f"},"id":"30q5leqmih0obcv","previousOperationId":"wvals4qhqc8f3d5"}
{"type":"log","timestamp":1675271470883,"level":"debug","message":"Page request finished: GET (document) 200 file:///C:/Users/pollo/AppData/Local/Temp/jsreport/autocleanup/9fe3daf5-0dd4-46ba-8047-973a81daa3db-chrome-pdf.html","meta":{"rootId":"doxycir3vamed3f","id":"doxycir3vamed3f"},"id":"z08nl96fngtu2hf","previousOperationId":"wvals4qhqc8f3d5"}
{"type":"log","timestamp":1675271470883,"level":"debug","message":"Page request: GET (stylesheet) https://cdnjs.cloudflare.com/ajax/libs/metro/4.1.5/css/metro.min.css","meta":{"rootId":"doxycir3vamed3f","id":"doxycir3vamed3f"},"id":"c18xarxvxcpfwxl","previousOperationId":"wvals4qhqc8f3d5"}
{"type":"log","timestamp":1675271470883,"level":"debug","message":"Page request: GET (script) https://cdnjs.cloudflare.com/ajax/libs/Chart.js/2.7.2/Chart.min.js","meta":{"rootId":"doxycir3vamed3f","id":"doxycir3vamed3f"},"id":"g932ve96u4wp44s","previousOperationId":"wvals4qhqc8f3d5"}
{"type":"log","timestamp":1675271470891,"level":"debug","message":"Page request finished: GET (script) 200 https://cdnjs.cloudflare.com/ajax/libs/Chart.js/2.7.2/Chart.min.js","meta":{"rootId":"doxycir3vamed3f","id":"doxycir3vamed3f"},"id":"ryzh1ospfkzf26d","previousOperationId":"wvals4qhqc8f3d5"}
{"type":"log","timestamp":1675271470914,"level":"debug","message":"Page request finished: GET (stylesheet) 200 https://cdnjs.cloudflare.com/ajax/libs/metro/4.1.5/css/metro.min.css","meta":{"rootId":"doxycir3vamed3f","id":"doxycir3vamed3f"},"id":"q2lgfqzbsjx32fb","previousOperationId":"wvals4qhqc8f3d5"}
{"type":"log","timestamp":1675271470926,"level":"debug","message":"Running chrome with params {\"printBackground\":true,\"marginTop\":\"4cm\",\"marginRight\":\"1.5cm\",\"marginBottom\":\"1.5cm\",\"marginLeft\":\"1.5cm\",\"waitForJS\":false,\"timeout\":59672,\"margin\":{\"top\":\"4cm\",\"right\":\"1.5cm\",\"bottom\":\"1.5cm\",\"left\":\"1.5cm\"}}","meta":{"rootId":"doxycir3vamed3f","id":"doxycir3vamed3f"},"id":"yh5oyisl5c8yvij","previousOperationId":"wvals4qhqc8f3d5"}
{"type":"operationEnd","operationId":"wvals4qhqc8f3d5","timestamp":1675271470961,"id":"xw40d76yuxqnvsd","previousEventId":"fjbqk07plj192eu","previousOperationId":"wvals4qhqc8f3d5"}
{"type":"log","timestamp":1675271470962,"level":"info","message":"pdf-utils is starting pdf processing","meta":{"rootId":"doxycir3vamed3f","id":"doxycir3vamed3f"},"id":"4z6l4bzt7dckf73","previousOperationId":"wvals4qhqc8f3d5"}
{"type":"operationStart","subtype":"pdfUtils","name":"pdf utils","timestamp":1675271470962,"id":"oiwkajd7rb78ect","previousEventId":"xw40d76yuxqnvsd","operationId":"hzavn6mnwvenoxc","previousOperationId":"wvals4qhqc8f3d5"}
{"type":"log","timestamp":1675271470962,"level":"debug","message":"pdf-utils detected 1 pdf operation(s) to process","meta":{"rootId":"doxycir3vamed3f","id":"doxycir3vamed3f"},"id":"ypc7biueohc9tbm","previousOperationId":"hzavn6mnwvenoxc"}
{"type":"log","timestamp":1675271470968,"level":"debug","message":"pdf-utils running pdf operation merge","meta":{"rootId":"doxycir3vamed3f","id":"doxycir3vamed3f"},"id":"8exj6d7ygtm1k9t","previousOperationId":"hzavn6mnwvenoxc"}
{"type":"operationStart","subtype":"pdfUtilsMerge","name":"pdf utils merge","previousOperationId":"hzavn6mnwvenoxc","timestamp":1675271470969,"id":"a6z2pfaavolqjdy","previousEventId":"oiwkajd7rb78ect","operationId":"h1ao3xydj72c234"}
{"type":"operationStart","subtype":"render","name":"orders-header","previousOperationId":"h1ao3xydj72c234","timestamp":1675271470971,"id":"et9lsd09mx74abl","previousEventId":"a6z2pfaavolqjdy","operationId":"1t1cawo9b6mblfm"}
{"type":"log","timestamp":1675271470971,"level":"info","message":"Starting rendering (child) request","meta":{"rootId":"doxycir3vamed3f","id":"856dz3nslpwnjs7"},"id":"r24l4pm73ckbo6m","previousOperationId":"1t1cawo9b6mblfm"}
{"type":"log","timestamp":1675271470971,"level":"info","message":"Rendering template { name: orders-header, recipe: chrome-pdf, engine: handlebars, preview: true }","meta":{"rootId":"doxycir3vamed3f","id":"856dz3nslpwnjs7"},"id":"96b29f1gv9ekx4h","previousOperationId":"1t1cawo9b6mblfm"}
{"type":"log","timestamp":1675271470972,"level":"debug","message":"Inline data specified.","meta":{"rootId":"doxycir3vamed3f","id":"856dz3nslpwnjs7"},"id":"2iba4phn4r7mxv0","previousOperationId":"1t1cawo9b6mblfm"}
{"type":"log","timestamp":1675271470974,"level":"debug","message":"Base url not specified, skipping its injection.","meta":{"rootId":"doxycir3vamed3f","id":"856dz3nslpwnjs7"},"id":"czfmxly0419kq7j","previousOperationId":"1t1cawo9b6mblfm"}
{"type":"operationStart","subtype":"engine","name":"handlebars","timestamp":1675271470974,"id":"7uqtragkcwnj5bd","previousEventId":"et9lsd09mx74abl","operationId":"yn0t9l8mtkik312","previousOperationId":"1t1cawo9b6mblfm"}
{"type":"log","timestamp":1675271470974,"level":"debug","message":"Rendering engine handlebars","meta":{"rootId":"doxycir3vamed3f","id":"856dz3nslpwnjs7"},"id":"a8kc2th8b8c6u8e","previousOperationId":"yn0t9l8mtkik312"}
{"type":"operationEnd","operationId":"yn0t9l8mtkik312","timestamp":1675271470999,"id":"4tlzf8ruszjlttv","previousEventId":"7uqtragkcwnj5bd","previousOperationId":"yn0t9l8mtkik312"}
{"type":"operationStart","subtype":"recipe","name":"chrome-pdf","timestamp":1675271471000,"id":"7otjymi5qukl3kb","previousEventId":"4tlzf8ruszjlttv","operationId":"453irj91m8qljv7","previousOperationId":"yn0t9l8mtkik312"}
{"type":"log","timestamp":1675271471000,"level":"debug","message":"Executing recipe chrome-pdf","meta":{"rootId":"doxycir3vamed3f","id":"856dz3nslpwnjs7"},"id":"9vpghk30514k0w6","previousOperationId":"453irj91m8qljv7"}
{"type":"log","timestamp":1675271471002,"level":"debug","message":"Converting with chrome HeadlessChrome/105.0.5173.0 using chrome-pool strategy","meta":{"rootId":"doxycir3vamed3f","id":"856dz3nslpwnjs7"},"id":"wo0lx6zixoyd7pa","previousOperationId":"453irj91m8qljv7"}
{"type":"log","timestamp":1675271471104,"level":"debug","message":"Page request: GET (document) file:///C:/Users/pollo/AppData/Local/Temp/jsreport/autocleanup/188ebab7-0260-4613-83af-6a02f7ab18ba-chrome-pdf.html","meta":{"rootId":"doxycir3vamed3f","id":"856dz3nslpwnjs7"},"id":"0bcg7ma7thzzsux","previousOperationId":"453irj91m8qljv7"}
{"type":"log","timestamp":1675271471114,"level":"debug","message":"Page request finished: GET (document) 200 file:///C:/Users/pollo/AppData/Local/Temp/jsreport/autocleanup/188ebab7-0260-4613-83af-6a02f7ab18ba-chrome-pdf.html","meta":{"rootId":"doxycir3vamed3f","id":"856dz3nslpwnjs7"},"id":"r8brcl842cxeito","previousOperationId":"453irj91m8qljv7"}
{"type":"log","timestamp":1675271471114,"level":"debug","message":"Page request: GET (stylesheet) https://cdnjs.cloudflare.com/ajax/libs/metro/4.1.5/css/metro.min.css","meta":{"rootId":"doxycir3vamed3f","id":"856dz3nslpwnjs7"},"id":"3kcvyqolvoky4vr","previousOperationId":"453irj91m8qljv7"}
{"type":"log","timestamp":1675271471134,"level":"debug","message":"Page request finished: GET (stylesheet) 200 https://cdnjs.cloudflare.com/ajax/libs/metro/4.1.5/css/metro.min.css","meta":{"rootId":"doxycir3vamed3f","id":"856dz3nslpwnjs7"},"id":"qhyscysj5f4pwe3","previousOperationId":"453irj91m8qljv7"}
{"type":"log","timestamp":1675271471156,"level":"debug","message":"Running chrome with params {\"printBackground\":true,\"marginTop\":\"1.5cm\",\"marginRight\":\"1.5cm\",\"marginLeft\":\"1.cm\",\"timeout\":59435,\"margin\":{\"top\":\"1.5cm\",\"right\":\"1.5cm\",\"left\":\"1.cm\"}}","meta":{"rootId":"doxycir3vamed3f","id":"856dz3nslpwnjs7"},"id":"9da0umglmy9an8h","previousOperationId":"453irj91m8qljv7"}
{"type":"operationEnd","operationId":"453irj91m8qljv7","timestamp":1675271471213,"id":"l6h3pgiuwowsg1m","previousEventId":"7otjymi5qukl3kb","previousOperationId":"453irj91m8qljv7"}
{"type":"log","timestamp":1675271471213,"level":"debug","message":"Skipping storing report.","meta":{"rootId":"doxycir3vamed3f","id":"856dz3nslpwnjs7"},"id":"95due95qfcj28te","previousOperationId":"453irj91m8qljv7"}
{"type":"log","timestamp":1675271471213,"level":"info","message":"Rendering (child) request finished in 777 ms","meta":{"rootId":"doxycir3vamed3f","id":"856dz3nslpwnjs7"},"id":"r4tqprt5hvf5v3z","previousOperationId":"453irj91m8qljv7"}
{"type":"operationEnd","subtype":"render","operationId":"1t1cawo9b6mblfm","timestamp":1675271471213,"id":"ebi13u60i942gjq","previousEventId":"l6h3pgiuwowsg1m","previousOperationId":"453irj91m8qljv7"}
{"type":"operationEnd","operationId":"h1ao3xydj72c234","timestamp":1675271471216,"id":"x3b547d1aixsoz6","previousEventId":"a6z2pfaavolqjdy","previousOperationId":"h1ao3xydj72c234"}
{"type":"log","timestamp":1675271471216,"level":"debug","message":"pdf-utils postproces start","meta":{"rootId":"doxycir3vamed3f","id":"doxycir3vamed3f"},"id":"sz84a5qft6wwxne","previousOperationId":"h1ao3xydj72c234"}
{"type":"log","timestamp":1675271471220,"level":"debug","message":"pdf-utils postproces end","meta":{"rootId":"doxycir3vamed3f","id":"doxycir3vamed3f"},"id":"bziihvi769tyys4","previousOperationId":"h1ao3xydj72c234"}
{"type":"operationEnd","operationId":"hzavn6mnwvenoxc","timestamp":1675271471220,"id":"l13u4aumt26tkl0","previousEventId":"x3b547d1aixsoz6","previousOperationId":"h1ao3xydj72c234"}
{"type":"log","timestamp":1675271471220,"level":"info","message":"pdf-utils pdf processing was finished","meta":{"rootId":"doxycir3vamed3f","id":"doxycir3vamed3f"},"id":"g9317b1u1oa0e1m","previousOperationId":"hzavn6mnwvenoxc"}
{"type":"log","timestamp":1675271471220,"level":"debug","message":"Skipping storing report.","meta":{"rootId":"doxycir3vamed3f","id":"doxycir3vamed3f"},"id":"ikp23wv1xsd9pxt","previousOperationId":"hzavn6mnwvenoxc"}
{"type":"log","timestamp":1675271471221,"level":"info","message":"Rendering request 11 finished in 785 ms","meta":{"rootId":"doxycir3vamed3f","id":"doxycir3vamed3f"},"id":"cta2wslmrzy76iu","previousOperationId":"hzavn6mnwvenoxc"}
{"type":"operationEnd","subtype":"render","operationId":"9bpfthv3zmum35d","timestamp":1675271471221,"id":"1u46hvnd9zvkpa4","previousEventId":"l13u4aumt26tkl0","previousOperationId":"hzavn6mnwvenoxc"}
{"type":"operationEnd","doDiffs":false,"previousEventId":"ra4gdfw0li0ggzf","previousOperationId":"tu86ksmpf2519f3","operationId":"tu86ksmpf2519f3","timestamp":1675271471230,"id":"77rnw8op9qecujp"}
