{"type":"operationStart","subtype":"profile","data":{"_id":"WXis1w9JqfiSrZNm","timestamp":"2023-02-05T17:34:55.715Z","state":"queued","mode":"standard","creationDate":"2023-02-05T17:34:55.717Z","modificationDate":"2023-02-05T17:34:55.717Z","shortid":"a6M2n6G","$entitySet":"profiles"},"doDiffs":false,"timestamp":1675618495716,"id":"t86wtp9ii07e7yh","previousOperationId":null,"operationId":"0y7412ay8xppl3y"}
{"type":"log","level":"info","message":"Render request 8 queued for execution and waiting for available worker","previousOperationId":"0y7412ay8xppl3y","timestamp":1675618495716,"id":"mdbqtkjzw9sp3jt"}
{"type":"operationStart","subtype":"render","name":"orders-main","previousOperationId":"0y7412ay8xppl3y","timestamp":1675618495725,"id":"bmir12v61910lfg","previousEventId":"t86wtp9ii07e7yh","operationId":"txwiei57htcs9ld"}
{"type":"log","timestamp":1675618495725,"level":"info","message":"Starting rendering request 8","meta":{"rootId":"dvp90xbk6gudw9m","id":"dvp90xbk6gudw9m"},"id":"wv9o8maoifkttal","previousOperationId":"txwiei57htcs9ld"}
{"type":"log","timestamp":1675618495725,"level":"info","message":"Rendering template { name: orders-main, recipe: chrome-pdf, engine: handlebars, preview: true }","meta":{"rootId":"dvp90xbk6gudw9m","id":"dvp90xbk6gudw9m"},"id":"uz29fy0woanx0ec","previousOperationId":"txwiei57htcs9ld"}
{"type":"log","timestamp":1675618495726,"level":"debug","message":"Data item not defined for this template.","meta":{"rootId":"dvp90xbk6gudw9m","id":"dvp90xbk6gudw9m"},"id":"vm8vvikkl0yh1om","previousOperationId":"txwiei57htcs9ld"}
{"type":"log","timestamp":1675618495728,"level":"debug","message":"Executing script orders-script (beforeRender)","meta":{"rootId":"dvp90xbk6gudw9m","id":"dvp90xbk6gudw9m"},"id":"46c4dh1idkzfgnw","previousOperationId":"txwiei57htcs9ld"}
{"type":"operationStart","subtype":"scriptsBeforeRender","name":"scripts beforeRender","timestamp":1675618495759,"id":"s59yqvz05l1kdfj","previousEventId":"bmir12v61910lfg","operationId":"5gskeub2yugikdu","previousOperationId":"txwiei57htcs9ld"}
{"type":"operationStart","subtype":"script","name":"scripts orders-script","previousOperationId":"5gskeub2yugikdu","timestamp":1675618495759,"id":"fxa76fy2twusuj4","previousEventId":"s59yqvz05l1kdfj","operationId":"6embo9adnq3difu"}
{"type":"log","timestamp":1675618496063,"level":"debug","message":"(console:log) {\n  data: [\n    {\n      id: 1,\n      name: 'Antonio',\n      description: 'Aclamado director de la Orquesta Filarmónica de Gran Canaria',\n      pieces: [Array],\n      count: 2\n    },\n    {\n      id: 3,\n      name: 'Juana de Armas',\n      description: 'Aclamada directora de la Orquesta Filarmónica de Gran Canaria',\n      pieces: [Array],\n      count: 4\n    }\n  ]\n}","meta":{"userLevel":true,"rootId":"dvp90xbk6gudw9m","id":"dvp90xbk6gudw9m"},"id":"uxqhj8oxqqq4s0i","previousOperationId":"6embo9adnq3difu"}
{"type":"operationEnd","operationId":"6embo9adnq3difu","timestamp":1675618496063,"id":"p2x3b4fckvqwcf9","previousEventId":"bmir12v61910lfg","previousOperationId":"txwiei57htcs9ld"}
{"type":"operationEnd","operationId":"5gskeub2yugikdu","timestamp":1675618496063,"id":"c5zykai598g7fwg","previousEventId":"p2x3b4fckvqwcf9","previousOperationId":"txwiei57htcs9ld"}
{"type":"log","timestamp":1675618496063,"level":"debug","message":"Base url not specified, skipping its injection.","meta":{"rootId":"dvp90xbk6gudw9m","id":"dvp90xbk6gudw9m"},"id":"di4pf8y9y13kv08","previousOperationId":"5gskeub2yugikdu"}
{"type":"operationStart","subtype":"engine","name":"handlebars","timestamp":1675618496064,"id":"nzg6gtid0q81kl3","previousEventId":"c5zykai598g7fwg","operationId":"dxlyflb9xvaj2eu","previousOperationId":"5gskeub2yugikdu"}
{"type":"log","timestamp":1675618496064,"level":"debug","message":"Rendering engine handlebars","meta":{"rootId":"dvp90xbk6gudw9m","id":"dvp90xbk6gudw9m"},"id":"wvczprp6u7qapf9","previousOperationId":"dxlyflb9xvaj2eu"}
{"type":"operationEnd","operationId":"dxlyflb9xvaj2eu","timestamp":1675618496079,"id":"gx016ksnj8wn0yv","previousEventId":"nzg6gtid0q81kl3","previousOperationId":"dxlyflb9xvaj2eu"}
{"type":"operationStart","subtype":"recipe","name":"chrome-pdf","timestamp":1675618496080,"id":"ir07legd7y32ztv","previousEventId":"gx016ksnj8wn0yv","operationId":"wuoxnq55gxwify5","previousOperationId":"dxlyflb9xvaj2eu"}
{"type":"log","timestamp":1675618496080,"level":"debug","message":"Executing recipe chrome-pdf","meta":{"rootId":"dvp90xbk6gudw9m","id":"dvp90xbk6gudw9m"},"id":"qpr2oyusu81h2ci","previousOperationId":"wuoxnq55gxwify5"}
{"type":"log","timestamp":1675618496082,"level":"debug","message":"Converting with chrome HeadlessChrome/105.0.5173.0 using chrome-pool strategy","meta":{"rootId":"dvp90xbk6gudw9m","id":"dvp90xbk6gudw9m"},"id":"7jaiqpxxsa8fyas","previousOperationId":"wuoxnq55gxwify5"}
{"type":"log","timestamp":1675618496245,"level":"debug","message":"Page request: GET (document) file:///C:/Users/pollo/AppData/Local/Temp/jsreport/autocleanup/4fb74c45-d12a-4ffb-9ac2-5d7a94d71359-chrome-pdf.html","meta":{"rootId":"dvp90xbk6gudw9m","id":"dvp90xbk6gudw9m"},"id":"b56vvsd22dl6dxp","previousOperationId":"wuoxnq55gxwify5"}
{"type":"log","timestamp":1675618496268,"level":"debug","message":"Page request finished: GET (document) 200 file:///C:/Users/pollo/AppData/Local/Temp/jsreport/autocleanup/4fb74c45-d12a-4ffb-9ac2-5d7a94d71359-chrome-pdf.html","meta":{"rootId":"dvp90xbk6gudw9m","id":"dvp90xbk6gudw9m"},"id":"tu2ssez6t17jifa","previousOperationId":"wuoxnq55gxwify5"}
{"type":"log","timestamp":1675618496269,"level":"debug","message":"Page request: GET (stylesheet) https://cdnjs.cloudflare.com/ajax/libs/metro/4.1.5/css/metro.min.css","meta":{"rootId":"dvp90xbk6gudw9m","id":"dvp90xbk6gudw9m"},"id":"2adf6myfs1ewskn","previousOperationId":"wuoxnq55gxwify5"}
{"type":"log","timestamp":1675618496270,"level":"debug","message":"Page request: GET (script) https://cdnjs.cloudflare.com/ajax/libs/Chart.js/2.7.2/Chart.min.js","meta":{"rootId":"dvp90xbk6gudw9m","id":"dvp90xbk6gudw9m"},"id":"8yuhxb6thrkhg9t","previousOperationId":"wuoxnq55gxwify5"}
{"type":"log","timestamp":1675618496279,"level":"debug","message":"Page request finished: GET (script) 200 https://cdnjs.cloudflare.com/ajax/libs/Chart.js/2.7.2/Chart.min.js","meta":{"rootId":"dvp90xbk6gudw9m","id":"dvp90xbk6gudw9m"},"id":"2vni1keflhq8b4k","previousOperationId":"wuoxnq55gxwify5"}
{"type":"log","timestamp":1675618496298,"level":"debug","message":"Page request finished: GET (stylesheet) 200 https://cdnjs.cloudflare.com/ajax/libs/metro/4.1.5/css/metro.min.css","meta":{"rootId":"dvp90xbk6gudw9m","id":"dvp90xbk6gudw9m"},"id":"2kmbsu0mrncdobp","previousOperationId":"wuoxnq55gxwify5"}
{"type":"log","timestamp":1675618496335,"level":"debug","message":"Running chrome with params {\"printBackground\":true,\"marginTop\":\"4cm\",\"marginRight\":\"1.5cm\",\"marginBottom\":\"1.5cm\",\"marginLeft\":\"1.5cm\",\"waitForJS\":false,\"timeout\":59634,\"margin\":{\"top\":\"4cm\",\"right\":\"1.5cm\",\"bottom\":\"1.5cm\",\"left\":\"1.5cm\"}}","meta":{"rootId":"dvp90xbk6gudw9m","id":"dvp90xbk6gudw9m"},"id":"ok2bkrzljyvurmo","previousOperationId":"wuoxnq55gxwify5"}
{"type":"operationEnd","operationId":"wuoxnq55gxwify5","timestamp":1675618496427,"id":"ydle6j0avcg9gyc","previousEventId":"ir07legd7y32ztv","previousOperationId":"wuoxnq55gxwify5"}
{"type":"log","timestamp":1675618496427,"level":"info","message":"pdf-utils is starting pdf processing","meta":{"rootId":"dvp90xbk6gudw9m","id":"dvp90xbk6gudw9m"},"id":"wpmllofwpzt9ii4","previousOperationId":"wuoxnq55gxwify5"}
{"type":"operationStart","subtype":"pdfUtils","name":"pdf utils","timestamp":1675618496427,"id":"5d4h36db7d2z9wv","previousEventId":"ydle6j0avcg9gyc","operationId":"ixlnhoa89dg8b86","previousOperationId":"wuoxnq55gxwify5"}
{"type":"log","timestamp":1675618496427,"level":"debug","message":"pdf-utils detected 1 pdf operation(s) to process","meta":{"rootId":"dvp90xbk6gudw9m","id":"dvp90xbk6gudw9m"},"id":"3kyhqy0kt9zggve","previousOperationId":"ixlnhoa89dg8b86"}
{"type":"log","timestamp":1675618496452,"level":"debug","message":"pdf-utils running pdf operation merge","meta":{"rootId":"dvp90xbk6gudw9m","id":"dvp90xbk6gudw9m"},"id":"s655vbx1y69l0tx","previousOperationId":"ixlnhoa89dg8b86"}
{"type":"operationStart","subtype":"pdfUtilsMerge","name":"pdf utils merge","previousOperationId":"ixlnhoa89dg8b86","timestamp":1675618496452,"id":"1i387cdk53kwg2u","previousEventId":"5d4h36db7d2z9wv","operationId":"ad8r8hmw39ru295"}
{"type":"operationStart","subtype":"render","name":"orders-header","previousOperationId":"ad8r8hmw39ru295","timestamp":1675618496453,"id":"hontkk50i7ictap","previousEventId":"1i387cdk53kwg2u","operationId":"9kj4vqk8pnmu694"}
{"type":"log","timestamp":1675618496453,"level":"info","message":"Starting rendering (child) request","meta":{"rootId":"dvp90xbk6gudw9m","id":"piab3k06yho8xfn"},"id":"z096ptw495eqfk4","previousOperationId":"9kj4vqk8pnmu694"}
{"type":"log","timestamp":1675618496453,"level":"info","message":"Rendering template { name: orders-header, recipe: chrome-pdf, engine: handlebars, preview: true }","meta":{"rootId":"dvp90xbk6gudw9m","id":"piab3k06yho8xfn"},"id":"op8b904uud34x4r","previousOperationId":"9kj4vqk8pnmu694"}
{"type":"log","timestamp":1675618496454,"level":"debug","message":"Inline data specified.","meta":{"rootId":"dvp90xbk6gudw9m","id":"piab3k06yho8xfn"},"id":"hq0cox3zeutq7js","previousOperationId":"9kj4vqk8pnmu694"}
{"type":"log","timestamp":1675618496457,"level":"debug","message":"Base url not specified, skipping its injection.","meta":{"rootId":"dvp90xbk6gudw9m","id":"piab3k06yho8xfn"},"id":"vhakfat1bfosfqg","previousOperationId":"9kj4vqk8pnmu694"}
{"type":"operationStart","subtype":"engine","name":"handlebars","timestamp":1675618496458,"id":"uzjawynn6xeh09j","previousEventId":"hontkk50i7ictap","operationId":"8s857xlo7jxwgo8","previousOperationId":"9kj4vqk8pnmu694"}
{"type":"log","timestamp":1675618496458,"level":"debug","message":"Rendering engine handlebars","meta":{"rootId":"dvp90xbk6gudw9m","id":"piab3k06yho8xfn"},"id":"lesapmt7cfxvthv","previousOperationId":"8s857xlo7jxwgo8"}
{"type":"operationEnd","operationId":"8s857xlo7jxwgo8","timestamp":1675618496481,"id":"tbe7etdjslms398","previousEventId":"uzjawynn6xeh09j","previousOperationId":"8s857xlo7jxwgo8"}
{"type":"operationStart","subtype":"recipe","name":"chrome-pdf","timestamp":1675618496481,"id":"0d5apuv742v2tv9","previousEventId":"tbe7etdjslms398","operationId":"75k092v2ro5e3gr","previousOperationId":"8s857xlo7jxwgo8"}
{"type":"log","timestamp":1675618496481,"level":"debug","message":"Executing recipe chrome-pdf","meta":{"rootId":"dvp90xbk6gudw9m","id":"piab3k06yho8xfn"},"id":"lqxotdk9gtmsc88","previousOperationId":"75k092v2ro5e3gr"}
{"type":"log","timestamp":1675618496486,"level":"debug","message":"Converting with chrome HeadlessChrome/105.0.5173.0 using chrome-pool strategy","meta":{"rootId":"dvp90xbk6gudw9m","id":"piab3k06yho8xfn"},"id":"hp6bxzd956j5bjx","previousOperationId":"75k092v2ro5e3gr"}
{"type":"log","timestamp":1675618496593,"level":"debug","message":"Page request: GET (document) file:///C:/Users/pollo/AppData/Local/Temp/jsreport/autocleanup/13775cb5-b363-49e6-beb8-09841f8e06a5-chrome-pdf.html","meta":{"rootId":"dvp90xbk6gudw9m","id":"piab3k06yho8xfn"},"id":"lph29um0r38qnkz","previousOperationId":"75k092v2ro5e3gr"}
{"type":"log","timestamp":1675618496604,"level":"debug","message":"Page request finished: GET (document) 200 file:///C:/Users/pollo/AppData/Local/Temp/jsreport/autocleanup/13775cb5-b363-49e6-beb8-09841f8e06a5-chrome-pdf.html","meta":{"rootId":"dvp90xbk6gudw9m","id":"piab3k06yho8xfn"},"id":"lkmxtmf340w10zl","previousOperationId":"75k092v2ro5e3gr"}
{"type":"log","timestamp":1675618496604,"level":"debug","message":"Page request: GET (stylesheet) https://cdnjs.cloudflare.com/ajax/libs/metro/4.1.5/css/metro.min.css","meta":{"rootId":"dvp90xbk6gudw9m","id":"piab3k06yho8xfn"},"id":"oqdztjqdjauu44a","previousOperationId":"75k092v2ro5e3gr"}
{"type":"log","timestamp":1675618496631,"level":"debug","message":"Page request finished: GET (stylesheet) 200 https://cdnjs.cloudflare.com/ajax/libs/metro/4.1.5/css/metro.min.css","meta":{"rootId":"dvp90xbk6gudw9m","id":"piab3k06yho8xfn"},"id":"y6qpzyrigb5myfz","previousOperationId":"75k092v2ro5e3gr"}
{"type":"log","timestamp":1675618496657,"level":"debug","message":"Running chrome with params {\"printBackground\":true,\"marginTop\":\"1.5cm\",\"marginRight\":\"1.5cm\",\"marginLeft\":\"1.cm\",\"timeout\":59231,\"margin\":{\"top\":\"1.5cm\",\"right\":\"1.5cm\",\"left\":\"1.cm\"}}","meta":{"rootId":"dvp90xbk6gudw9m","id":"piab3k06yho8xfn"},"id":"t65b42gzia8je3f","previousOperationId":"75k092v2ro5e3gr"}
{"type":"operationEnd","operationId":"75k092v2ro5e3gr","timestamp":1675618496720,"id":"c4fb6rpq8c31zsg","previousEventId":"0d5apuv742v2tv9","previousOperationId":"75k092v2ro5e3gr"}
{"type":"log","timestamp":1675618496720,"level":"debug","message":"Skipping storing report.","meta":{"rootId":"dvp90xbk6gudw9m","id":"piab3k06yho8xfn"},"id":"whqesbkzy6helxp","previousOperationId":"75k092v2ro5e3gr"}
{"type":"log","timestamp":1675618496720,"level":"info","message":"Rendering (child) request finished in 1005 ms","meta":{"rootId":"dvp90xbk6gudw9m","id":"piab3k06yho8xfn"},"id":"d2ay21s44rf6dwg","previousOperationId":"75k092v2ro5e3gr"}
{"type":"operationEnd","subtype":"render","operationId":"9kj4vqk8pnmu694","timestamp":1675618496720,"id":"8cnefizedif6gj0","previousEventId":"c4fb6rpq8c31zsg","previousOperationId":"75k092v2ro5e3gr"}
{"type":"operationEnd","operationId":"ad8r8hmw39ru295","timestamp":1675618496728,"id":"3myf4nytdqf4vdz","previousEventId":"1i387cdk53kwg2u","previousOperationId":"ad8r8hmw39ru295"}
{"type":"log","timestamp":1675618496728,"level":"debug","message":"pdf-utils postproces start","meta":{"rootId":"dvp90xbk6gudw9m","id":"dvp90xbk6gudw9m"},"id":"q9gj44qcwniaqz8","previousOperationId":"ad8r8hmw39ru295"}
{"type":"log","timestamp":1675618496735,"level":"debug","message":"pdf-utils postproces end","meta":{"rootId":"dvp90xbk6gudw9m","id":"dvp90xbk6gudw9m"},"id":"s05daaekr9li86b","previousOperationId":"ad8r8hmw39ru295"}
{"type":"operationEnd","operationId":"ixlnhoa89dg8b86","timestamp":1675618496735,"id":"xw044cal5kzjj9e","previousEventId":"3myf4nytdqf4vdz","previousOperationId":"ad8r8hmw39ru295"}
{"type":"log","timestamp":1675618496735,"level":"info","message":"pdf-utils pdf processing was finished","meta":{"rootId":"dvp90xbk6gudw9m","id":"dvp90xbk6gudw9m"},"id":"p2s3bmb7578y0n9","previousOperationId":"ixlnhoa89dg8b86"}
{"type":"log","timestamp":1675618496735,"level":"debug","message":"Skipping storing report.","meta":{"rootId":"dvp90xbk6gudw9m","id":"dvp90xbk6gudw9m"},"id":"qaz49b5mnt7tdzs","previousOperationId":"ixlnhoa89dg8b86"}
{"type":"log","timestamp":1675618496735,"level":"info","message":"Rendering request 8 finished in 1020 ms","meta":{"rootId":"dvp90xbk6gudw9m","id":"dvp90xbk6gudw9m"},"id":"qitzdma6n0hyvp7","previousOperationId":"ixlnhoa89dg8b86"}
{"type":"operationEnd","subtype":"render","operationId":"txwiei57htcs9ld","timestamp":1675618496735,"id":"kp7yywbqj0e9c5i","previousEventId":"xw044cal5kzjj9e","previousOperationId":"ixlnhoa89dg8b86"}
{"type":"operationEnd","doDiffs":false,"previousEventId":"t86wtp9ii07e7yh","previousOperationId":"0y7412ay8xppl3y","operationId":"0y7412ay8xppl3y","timestamp":1675618496746,"id":"1vti7euzvw8241q"}
