{"type":"operationStart","subtype":"profile","data":{"_id":"TfMDBPNPhGHQ43R6","timestamp":"2023-02-05T18:09:12.297Z","state":"queued","mode":"standard","creationDate":"2023-02-05T18:09:12.299Z","modificationDate":"2023-02-05T18:09:12.299Z","shortid":"G1r3PSi","$entitySet":"profiles"},"doDiffs":false,"timestamp":1675620552298,"id":"lxsp0ml0g0cmjpe","previousOperationId":null,"operationId":"3ygbyper6n9j09y"}
{"type":"log","level":"info","message":"Render request 25 queued for execution and waiting for available worker","previousOperationId":"3ygbyper6n9j09y","timestamp":1675620552298,"id":"deh22y6xfro1idu"}
{"type":"operationStart","subtype":"render","name":"orders-main","previousOperationId":"3ygbyper6n9j09y","timestamp":1675620552312,"id":"xeexypteht73udf","previousEventId":"lxsp0ml0g0cmjpe","operationId":"9w0ovh751zqw07z"}
{"type":"log","timestamp":1675620552313,"level":"info","message":"Starting rendering request 25","meta":{"rootId":"e1vifsii48okokp","id":"e1vifsii48okokp"},"id":"ei719pp3fwwy1gp","previousOperationId":"9w0ovh751zqw07z"}
{"type":"log","timestamp":1675620552314,"level":"info","message":"Rendering template { name: orders-main, recipe: chrome-pdf, engine: handlebars, preview: true }","meta":{"rootId":"e1vifsii48okokp","id":"e1vifsii48okokp"},"id":"bgm1l8b8hpeteaz","previousOperationId":"9w0ovh751zqw07z"}
{"type":"log","timestamp":1675620552316,"level":"debug","message":"Data item not defined for this template.","meta":{"rootId":"e1vifsii48okokp","id":"e1vifsii48okokp"},"id":"gc3s00lj18a4dnq","previousOperationId":"9w0ovh751zqw07z"}
{"type":"log","timestamp":1675620552320,"level":"debug","message":"Executing script orders-script (beforeRender)","meta":{"rootId":"e1vifsii48okokp","id":"e1vifsii48okokp"},"id":"zdin2gl2lsmrx9r","previousOperationId":"9w0ovh751zqw07z"}
{"type":"operationStart","subtype":"scriptsBeforeRender","name":"scripts beforeRender","timestamp":1675620552352,"id":"d0gipoer1mdng1u","previousEventId":"xeexypteht73udf","operationId":"e9djm80a99wxxd9","previousOperationId":"9w0ovh751zqw07z"}
{"type":"operationStart","subtype":"script","name":"scripts orders-script","previousOperationId":"e9djm80a99wxxd9","timestamp":1675620552352,"id":"fgh8bzzfk0x12en","previousEventId":"d0gipoer1mdng1u","operationId":"dzn78fxnfoab0u0"}
{"type":"operationEnd","operationId":"dzn78fxnfoab0u0","timestamp":1675620552657,"id":"nt4eut3jysxgzam","previousEventId":"xeexypteht73udf","previousOperationId":"9w0ovh751zqw07z"}
{"type":"operationEnd","operationId":"e9djm80a99wxxd9","timestamp":1675620552657,"id":"m46l6kunyl6s7gn","previousEventId":"nt4eut3jysxgzam","previousOperationId":"9w0ovh751zqw07z"}
{"type":"log","timestamp":1675620552657,"level":"debug","message":"Base url not specified, skipping its injection.","meta":{"rootId":"e1vifsii48okokp","id":"e1vifsii48okokp"},"id":"nauc49ug27y9t80","previousOperationId":"e9djm80a99wxxd9"}
{"type":"operationStart","subtype":"engine","name":"handlebars","timestamp":1675620552658,"id":"ip19txrwqms62cg","previousEventId":"m46l6kunyl6s7gn","operationId":"wiqmo4e2j4oyzr5","previousOperationId":"e9djm80a99wxxd9"}
{"type":"log","timestamp":1675620552658,"level":"debug","message":"Rendering engine handlebars","meta":{"rootId":"e1vifsii48okokp","id":"e1vifsii48okokp"},"id":"yx9du6mnihmf316","previousOperationId":"wiqmo4e2j4oyzr5"}
{"type":"operationEnd","operationId":"wiqmo4e2j4oyzr5","timestamp":1675620552672,"id":"57p5n1ruc3baos3","previousEventId":"ip19txrwqms62cg","previousOperationId":"wiqmo4e2j4oyzr5"}
{"type":"operationStart","subtype":"recipe","name":"chrome-pdf","timestamp":1675620552673,"id":"okc8iatqugcrjga","previousEventId":"57p5n1ruc3baos3","operationId":"eqcjiqaikipzfk7","previousOperationId":"wiqmo4e2j4oyzr5"}
{"type":"log","timestamp":1675620552673,"level":"debug","message":"Executing recipe chrome-pdf","meta":{"rootId":"e1vifsii48okokp","id":"e1vifsii48okokp"},"id":"t9dlpr6zu0r2iuy","previousOperationId":"eqcjiqaikipzfk7"}
{"type":"log","timestamp":1675620552677,"level":"debug","message":"Converting with chrome HeadlessChrome/105.0.5173.0 using chrome-pool strategy","meta":{"rootId":"e1vifsii48okokp","id":"e1vifsii48okokp"},"id":"jfacpant6ussams","previousOperationId":"eqcjiqaikipzfk7"}
{"type":"log","timestamp":1675620552787,"level":"debug","message":"Page request: GET (document) file:///C:/Users/pollo/AppData/Local/Temp/jsreport/autocleanup/a9e2016b-6fe0-4f55-af6c-c1fce2da9cbd-chrome-pdf.html","meta":{"rootId":"e1vifsii48okokp","id":"e1vifsii48okokp"},"id":"ugej7rpef2pk5kv","previousOperationId":"eqcjiqaikipzfk7"}
{"type":"log","timestamp":1675620552811,"level":"debug","message":"Page request finished: GET (document) 200 file:///C:/Users/pollo/AppData/Local/Temp/jsreport/autocleanup/a9e2016b-6fe0-4f55-af6c-c1fce2da9cbd-chrome-pdf.html","meta":{"rootId":"e1vifsii48okokp","id":"e1vifsii48okokp"},"id":"swtf151q159dx6s","previousOperationId":"eqcjiqaikipzfk7"}
{"type":"log","timestamp":1675620552811,"level":"debug","message":"Page request: GET (stylesheet) https://cdnjs.cloudflare.com/ajax/libs/metro/4.1.5/css/metro.min.css","meta":{"rootId":"e1vifsii48okokp","id":"e1vifsii48okokp"},"id":"ss4z40wx5tba9xj","previousOperationId":"eqcjiqaikipzfk7"}
{"type":"log","timestamp":1675620552812,"level":"debug","message":"Page request: GET (script) https://cdnjs.cloudflare.com/ajax/libs/Chart.js/2.7.2/Chart.min.js","meta":{"rootId":"e1vifsii48okokp","id":"e1vifsii48okokp"},"id":"nyq3jbiy4zm50m6","previousOperationId":"eqcjiqaikipzfk7"}
{"type":"log","timestamp":1675620552820,"level":"debug","message":"Page request finished: GET (script) 200 https://cdnjs.cloudflare.com/ajax/libs/Chart.js/2.7.2/Chart.min.js","meta":{"rootId":"e1vifsii48okokp","id":"e1vifsii48okokp"},"id":"s2y6zvj308hjwbk","previousOperationId":"eqcjiqaikipzfk7"}
{"type":"log","timestamp":1675620552837,"level":"debug","message":"Page request finished: GET (stylesheet) 200 https://cdnjs.cloudflare.com/ajax/libs/metro/4.1.5/css/metro.min.css","meta":{"rootId":"e1vifsii48okokp","id":"e1vifsii48okokp"},"id":"rttd4c68na198ie","previousOperationId":"eqcjiqaikipzfk7"}
{"type":"log","timestamp":1675620552844,"level":"warn","message":"Page error: SyntaxError: Unexpected identifier","meta":{"rootId":"e1vifsii48okokp","id":"e1vifsii48okokp"},"id":"6v04gwvtx6xscde","previousOperationId":"eqcjiqaikipzfk7"}
{"type":"log","timestamp":1675620552876,"level":"debug","message":"Running chrome with params {\"printBackground\":true,\"marginTop\":\"4cm\",\"marginRight\":\"1.5cm\",\"marginBottom\":\"1.5cm\",\"marginLeft\":\"1.5cm\",\"waitForJS\":false,\"timeout\":59622,\"margin\":{\"top\":\"4cm\",\"right\":\"1.5cm\",\"bottom\":\"1.5cm\",\"left\":\"1.5cm\"}}","meta":{"rootId":"e1vifsii48okokp","id":"e1vifsii48okokp"},"id":"smzrv4m68zylslw","previousOperationId":"eqcjiqaikipzfk7"}
{"type":"operationEnd","operationId":"eqcjiqaikipzfk7","timestamp":1675620552960,"id":"e7z5cvv56z7arsv","previousEventId":"okc8iatqugcrjga","previousOperationId":"eqcjiqaikipzfk7"}
{"type":"log","timestamp":1675620552960,"level":"info","message":"pdf-utils is starting pdf processing","meta":{"rootId":"e1vifsii48okokp","id":"e1vifsii48okokp"},"id":"wlwq3f59qdbpghj","previousOperationId":"eqcjiqaikipzfk7"}
{"type":"operationStart","subtype":"pdfUtils","name":"pdf utils","timestamp":1675620552961,"id":"4go06981szr64qe","previousEventId":"e7z5cvv56z7arsv","operationId":"m71jmi0oij7j1p6","previousOperationId":"eqcjiqaikipzfk7"}
{"type":"log","timestamp":1675620552961,"level":"debug","message":"pdf-utils detected 1 pdf operation(s) to process","meta":{"rootId":"e1vifsii48okokp","id":"e1vifsii48okokp"},"id":"u156bu60x84ynig","previousOperationId":"m71jmi0oij7j1p6"}
{"type":"log","timestamp":1675620552980,"level":"debug","message":"pdf-utils running pdf operation merge","meta":{"rootId":"e1vifsii48okokp","id":"e1vifsii48okokp"},"id":"c4ra487hnpgq7ud","previousOperationId":"m71jmi0oij7j1p6"}
{"type":"operationStart","subtype":"pdfUtilsMerge","name":"pdf utils merge","previousOperationId":"m71jmi0oij7j1p6","timestamp":1675620552980,"id":"ya05blood1go8ko","previousEventId":"4go06981szr64qe","operationId":"9lt7c5ywtihjf1z"}
{"type":"operationStart","subtype":"render","name":"orders-header","previousOperationId":"9lt7c5ywtihjf1z","timestamp":1675620552981,"id":"ok2xop10hjqrwxv","previousEventId":"ya05blood1go8ko","operationId":"n2pnmy2jenq6ter"}
{"type":"log","timestamp":1675620552981,"level":"info","message":"Starting rendering (child) request","meta":{"rootId":"e1vifsii48okokp","id":"x1fjwmp1dmojzxy"},"id":"7bns1tzxva301rm","previousOperationId":"n2pnmy2jenq6ter"}
{"type":"log","timestamp":1675620552981,"level":"info","message":"Rendering template { name: orders-header, recipe: chrome-pdf, engine: handlebars, preview: true }","meta":{"rootId":"e1vifsii48okokp","id":"x1fjwmp1dmojzxy"},"id":"ske2b8zj9pd0g5q","previousOperationId":"n2pnmy2jenq6ter"}
{"type":"log","timestamp":1675620552993,"level":"debug","message":"Inline data specified.","meta":{"rootId":"e1vifsii48okokp","id":"x1fjwmp1dmojzxy"},"id":"45oo9qdcbe7mkf6","previousOperationId":"n2pnmy2jenq6ter"}
{"type":"log","timestamp":1675620552998,"level":"debug","message":"Base url not specified, skipping its injection.","meta":{"rootId":"e1vifsii48okokp","id":"x1fjwmp1dmojzxy"},"id":"zpl0b00bmfihgcf","previousOperationId":"n2pnmy2jenq6ter"}
{"type":"operationStart","subtype":"engine","name":"handlebars","timestamp":1675620552999,"id":"9ziwvrhewiwdj83","previousEventId":"ok2xop10hjqrwxv","operationId":"5blaavy0k8frrzo","previousOperationId":"n2pnmy2jenq6ter"}
{"type":"log","timestamp":1675620552999,"level":"debug","message":"Rendering engine handlebars","meta":{"rootId":"e1vifsii48okokp","id":"x1fjwmp1dmojzxy"},"id":"tw7yqu06hgneti9","previousOperationId":"5blaavy0k8frrzo"}
{"type":"operationEnd","operationId":"5blaavy0k8frrzo","timestamp":1675620553022,"id":"u0zpuuv55r5lv54","previousEventId":"9ziwvrhewiwdj83","previousOperationId":"5blaavy0k8frrzo"}
{"type":"operationStart","subtype":"recipe","name":"chrome-pdf","timestamp":1675620553022,"id":"okfczauvw1f2b50","previousEventId":"u0zpuuv55r5lv54","operationId":"e406e0u76ir21st","previousOperationId":"5blaavy0k8frrzo"}
{"type":"log","timestamp":1675620553022,"level":"debug","message":"Executing recipe chrome-pdf","meta":{"rootId":"e1vifsii48okokp","id":"x1fjwmp1dmojzxy"},"id":"8002pmbkodl7z3f","previousOperationId":"e406e0u76ir21st"}
{"type":"log","timestamp":1675620553028,"level":"debug","message":"Converting with chrome HeadlessChrome/105.0.5173.0 using chrome-pool strategy","meta":{"rootId":"e1vifsii48okokp","id":"x1fjwmp1dmojzxy"},"id":"qoxpzln8cruwasa","previousOperationId":"e406e0u76ir21st"}
{"type":"log","timestamp":1675620553136,"level":"debug","message":"Page request: GET (document) file:///C:/Users/pollo/AppData/Local/Temp/jsreport/autocleanup/9fd2cc01-eb53-466a-9b8f-b6e2e7a78653-chrome-pdf.html","meta":{"rootId":"e1vifsii48okokp","id":"x1fjwmp1dmojzxy"},"id":"apq7hruyg2p6qdb","previousOperationId":"e406e0u76ir21st"}
{"type":"log","timestamp":1675620553147,"level":"debug","message":"Page request finished: GET (document) 200 file:///C:/Users/pollo/AppData/Local/Temp/jsreport/autocleanup/9fd2cc01-eb53-466a-9b8f-b6e2e7a78653-chrome-pdf.html","meta":{"rootId":"e1vifsii48okokp","id":"x1fjwmp1dmojzxy"},"id":"4fbjtbfy8iy1igv","previousOperationId":"e406e0u76ir21st"}
{"type":"log","timestamp":1675620553147,"level":"debug","message":"Page request: GET (stylesheet) https://cdnjs.cloudflare.com/ajax/libs/metro/4.1.5/css/metro.min.css","meta":{"rootId":"e1vifsii48okokp","id":"x1fjwmp1dmojzxy"},"id":"z6kt6evg5edf31c","previousOperationId":"e406e0u76ir21st"}
{"type":"log","timestamp":1675620553169,"level":"debug","message":"Page request finished: GET (stylesheet) 200 https://cdnjs.cloudflare.com/ajax/libs/metro/4.1.5/css/metro.min.css","meta":{"rootId":"e1vifsii48okokp","id":"x1fjwmp1dmojzxy"},"id":"6k9wdn9pzw4wdmy","previousOperationId":"e406e0u76ir21st"}
{"type":"log","timestamp":1675620553191,"level":"debug","message":"Running chrome with params {\"printBackground\":true,\"marginTop\":\"1.5cm\",\"marginRight\":\"1.5cm\",\"marginLeft\":\"1.cm\",\"timeout\":59273,\"margin\":{\"top\":\"1.5cm\",\"right\":\"1.5cm\",\"left\":\"1.cm\"}}","meta":{"rootId":"e1vifsii48okokp","id":"x1fjwmp1dmojzxy"},"id":"c3xtaoq3x1mcy56","previousOperationId":"e406e0u76ir21st"}
{"type":"operationEnd","operationId":"e406e0u76ir21st","timestamp":1675620553252,"id":"hg6p5t7s5vxiubo","previousEventId":"okfczauvw1f2b50","previousOperationId":"e406e0u76ir21st"}
{"type":"log","timestamp":1675620553252,"level":"debug","message":"Skipping storing report.","meta":{"rootId":"e1vifsii48okokp","id":"x1fjwmp1dmojzxy"},"id":"qvqa5k1rdld7gas","previousOperationId":"e406e0u76ir21st"}
{"type":"log","timestamp":1675620553252,"level":"info","message":"Rendering (child) request finished in 955 ms","meta":{"rootId":"e1vifsii48okokp","id":"x1fjwmp1dmojzxy"},"id":"0bwkrjg4mcrt9aa","previousOperationId":"e406e0u76ir21st"}
{"type":"operationEnd","subtype":"render","operationId":"n2pnmy2jenq6ter","timestamp":1675620553252,"id":"w7avnw8zdhtd6dl","previousEventId":"hg6p5t7s5vxiubo","previousOperationId":"e406e0u76ir21st"}
{"type":"operationEnd","operationId":"9lt7c5ywtihjf1z","timestamp":1675620553259,"id":"5y0pslj3w4wzp65","previousEventId":"ya05blood1go8ko","previousOperationId":"9lt7c5ywtihjf1z"}
{"type":"log","timestamp":1675620553259,"level":"debug","message":"pdf-utils postproces start","meta":{"rootId":"e1vifsii48okokp","id":"e1vifsii48okokp"},"id":"7qkvabai8lp5ff9","previousOperationId":"9lt7c5ywtihjf1z"}
{"type":"log","timestamp":1675620553265,"level":"debug","message":"pdf-utils postproces end","meta":{"rootId":"e1vifsii48okokp","id":"e1vifsii48okokp"},"id":"1gm1p25aj3ae2do","previousOperationId":"9lt7c5ywtihjf1z"}
{"type":"operationEnd","operationId":"m71jmi0oij7j1p6","timestamp":1675620553265,"id":"nf6izi1w6xc9wr4","previousEventId":"5y0pslj3w4wzp65","previousOperationId":"9lt7c5ywtihjf1z"}
{"type":"log","timestamp":1675620553265,"level":"info","message":"pdf-utils pdf processing was finished","meta":{"rootId":"e1vifsii48okokp","id":"e1vifsii48okokp"},"id":"83ye7ygjxofbdlp","previousOperationId":"m71jmi0oij7j1p6"}
{"type":"log","timestamp":1675620553265,"level":"debug","message":"Skipping storing report.","meta":{"rootId":"e1vifsii48okokp","id":"e1vifsii48okokp"},"id":"hefjyd76lt6gzqc","previousOperationId":"m71jmi0oij7j1p6"}
{"type":"log","timestamp":1675620553265,"level":"info","message":"Rendering request 25 finished in 968 ms","meta":{"rootId":"e1vifsii48okokp","id":"e1vifsii48okokp"},"id":"gri5vffozdbn5co","previousOperationId":"m71jmi0oij7j1p6"}
{"type":"operationEnd","subtype":"render","operationId":"9w0ovh751zqw07z","timestamp":1675620553265,"id":"3wiej85sftez49u","previousEventId":"nf6izi1w6xc9wr4","previousOperationId":"m71jmi0oij7j1p6"}
{"type":"operationEnd","doDiffs":false,"previousEventId":"lxsp0ml0g0cmjpe","previousOperationId":"3ygbyper6n9j09y","operationId":"3ygbyper6n9j09y","timestamp":1675620553272,"id":"wvnkfgyxnv6thpd"}
