{"type":"operationStart","subtype":"profile","data":{"_id":"aWPT1wh5ubSGZOSk","timestamp":"2023-02-05T18:05:52.173Z","state":"queued","mode":"standard","creationDate":"2023-02-05T18:05:52.175Z","modificationDate":"2023-02-05T18:05:52.175Z","shortid":"eKJsWRa","$entitySet":"profiles"},"doDiffs":false,"timestamp":1675620352174,"id":"q59j1hjmaq5uxzd","previousOperationId":null,"operationId":"nyk4yb9hi0blh8c"}
{"type":"log","level":"info","message":"Render request 23 queued for execution and waiting for available worker","previousOperationId":"nyk4yb9hi0blh8c","timestamp":1675620352175,"id":"buu5zq7tr7oanv8"}
{"type":"operationStart","subtype":"render","name":"orders-main","previousOperationId":"nyk4yb9hi0blh8c","timestamp":1675620352184,"id":"1oynzacsvh7tkyr","previousEventId":"q59j1hjmaq5uxzd","operationId":"up91yd7ncf19bic"}
{"type":"log","timestamp":1675620352184,"level":"info","message":"Starting rendering request 23","meta":{"rootId":"ebfmnzycavpkchd","id":"ebfmnzycavpkchd"},"id":"nqvhwm4zkmkgacj","previousOperationId":"up91yd7ncf19bic"}
{"type":"log","timestamp":1675620352184,"level":"info","message":"Rendering template { name: orders-main, recipe: chrome-pdf, engine: handlebars, preview: true }","meta":{"rootId":"ebfmnzycavpkchd","id":"ebfmnzycavpkchd"},"id":"msau7f7v4nn4gze","previousOperationId":"up91yd7ncf19bic"}
{"type":"log","timestamp":1675620352186,"level":"debug","message":"Data item not defined for this template.","meta":{"rootId":"ebfmnzycavpkchd","id":"ebfmnzycavpkchd"},"id":"i7kssy3y8eikjaf","previousOperationId":"up91yd7ncf19bic"}
{"type":"log","timestamp":1675620352190,"level":"debug","message":"Executing script orders-script (beforeRender)","meta":{"rootId":"ebfmnzycavpkchd","id":"ebfmnzycavpkchd"},"id":"g7bi2xplbouvuj6","previousOperationId":"up91yd7ncf19bic"}
{"type":"operationStart","subtype":"scriptsBeforeRender","name":"scripts beforeRender","timestamp":1675620352228,"id":"rxqyzxv6fo9x8pc","previousEventId":"1oynzacsvh7tkyr","operationId":"oldr9xh4svnt9gs","previousOperationId":"up91yd7ncf19bic"}
{"type":"operationStart","subtype":"script","name":"scripts orders-script","previousOperationId":"oldr9xh4svnt9gs","timestamp":1675620352229,"id":"01pqlzb5g2uxwna","previousEventId":"rxqyzxv6fo9x8pc","operationId":"y0v0wrvumtoiuxw"}
{"type":"operationEnd","operationId":"y0v0wrvumtoiuxw","timestamp":1675620352563,"id":"og2jsz30twmf6jd","previousEventId":"1oynzacsvh7tkyr","previousOperationId":"up91yd7ncf19bic"}
{"type":"operationEnd","operationId":"oldr9xh4svnt9gs","timestamp":1675620352563,"id":"4lm7l4nsqduj81p","previousEventId":"og2jsz30twmf6jd","previousOperationId":"up91yd7ncf19bic"}
{"type":"log","timestamp":1675620352563,"level":"debug","message":"Base url not specified, skipping its injection.","meta":{"rootId":"ebfmnzycavpkchd","id":"ebfmnzycavpkchd"},"id":"lak2h9bb9dtlsv1","previousOperationId":"oldr9xh4svnt9gs"}
{"type":"operationStart","subtype":"engine","name":"handlebars","timestamp":1675620352564,"id":"l8vsl7nezm02owr","previousEventId":"4lm7l4nsqduj81p","operationId":"aulzv3ezd82cd0o","previousOperationId":"oldr9xh4svnt9gs"}
{"type":"log","timestamp":1675620352564,"level":"debug","message":"Rendering engine handlebars","meta":{"rootId":"ebfmnzycavpkchd","id":"ebfmnzycavpkchd"},"id":"7arpxyt0mk6xxr3","previousOperationId":"aulzv3ezd82cd0o"}
{"type":"operationEnd","operationId":"aulzv3ezd82cd0o","timestamp":1675620352575,"id":"w6no3sbk6fu84v9","previousEventId":"l8vsl7nezm02owr","previousOperationId":"aulzv3ezd82cd0o"}
{"type":"operationStart","subtype":"recipe","name":"chrome-pdf","timestamp":1675620352575,"id":"fggugwsrdfhoqc2","previousEventId":"w6no3sbk6fu84v9","operationId":"9egi7et6d0dhljc","previousOperationId":"aulzv3ezd82cd0o"}
{"type":"log","timestamp":1675620352575,"level":"debug","message":"Executing recipe chrome-pdf","meta":{"rootId":"ebfmnzycavpkchd","id":"ebfmnzycavpkchd"},"id":"d893gis9pa0vx4c","previousOperationId":"9egi7et6d0dhljc"}
{"type":"log","timestamp":1675620352578,"level":"debug","message":"Converting with chrome HeadlessChrome/105.0.5173.0 using chrome-pool strategy","meta":{"rootId":"ebfmnzycavpkchd","id":"ebfmnzycavpkchd"},"id":"vzj8ivvi7esln90","previousOperationId":"9egi7et6d0dhljc"}
{"type":"log","timestamp":1675620352675,"level":"debug","message":"Page request: GET (document) file:///C:/Users/pollo/AppData/Local/Temp/jsreport/autocleanup/c4cdb15b-076f-48c6-b7db-ef83ad132787-chrome-pdf.html","meta":{"rootId":"ebfmnzycavpkchd","id":"ebfmnzycavpkchd"},"id":"aed9rq9n74p2oq5","previousOperationId":"9egi7et6d0dhljc"}
{"type":"log","timestamp":1675620352695,"level":"debug","message":"Page request finished: GET (document) 200 file:///C:/Users/pollo/AppData/Local/Temp/jsreport/autocleanup/c4cdb15b-076f-48c6-b7db-ef83ad132787-chrome-pdf.html","meta":{"rootId":"ebfmnzycavpkchd","id":"ebfmnzycavpkchd"},"id":"3sdlnlpobt594g5","previousOperationId":"9egi7et6d0dhljc"}
{"type":"log","timestamp":1675620352695,"level":"debug","message":"Page request: GET (stylesheet) https://cdnjs.cloudflare.com/ajax/libs/metro/4.1.5/css/metro.min.css","meta":{"rootId":"ebfmnzycavpkchd","id":"ebfmnzycavpkchd"},"id":"d2fwlu8lr2mhlzg","previousOperationId":"9egi7et6d0dhljc"}
{"type":"log","timestamp":1675620352695,"level":"debug","message":"Page request: GET (script) https://cdnjs.cloudflare.com/ajax/libs/Chart.js/2.7.2/Chart.min.js","meta":{"rootId":"ebfmnzycavpkchd","id":"ebfmnzycavpkchd"},"id":"tjd37biim8y8u2s","previousOperationId":"9egi7et6d0dhljc"}
{"type":"log","timestamp":1675620352702,"level":"debug","message":"Page request finished: GET (script) 200 https://cdnjs.cloudflare.com/ajax/libs/Chart.js/2.7.2/Chart.min.js","meta":{"rootId":"ebfmnzycavpkchd","id":"ebfmnzycavpkchd"},"id":"nhrjyoyb7p3skgp","previousOperationId":"9egi7et6d0dhljc"}
{"type":"log","timestamp":1675620352720,"level":"debug","message":"Page request finished: GET (stylesheet) 200 https://cdnjs.cloudflare.com/ajax/libs/metro/4.1.5/css/metro.min.css","meta":{"rootId":"ebfmnzycavpkchd","id":"ebfmnzycavpkchd"},"id":"kp219oxbv4tz14w","previousOperationId":"9egi7et6d0dhljc"}
{"type":"log","timestamp":1675620352727,"level":"warn","message":"Page error: SyntaxError: Unexpected identifier","meta":{"rootId":"ebfmnzycavpkchd","id":"ebfmnzycavpkchd"},"id":"na5ggx1nov3k2ea","previousOperationId":"9egi7et6d0dhljc"}
{"type":"log","timestamp":1675620352756,"level":"debug","message":"Running chrome with params {\"printBackground\":true,\"marginTop\":\"4cm\",\"marginRight\":\"1.5cm\",\"marginBottom\":\"1.5cm\",\"marginLeft\":\"1.5cm\",\"waitForJS\":false,\"timeout\":59596,\"margin\":{\"top\":\"4cm\",\"right\":\"1.5cm\",\"bottom\":\"1.5cm\",\"left\":\"1.5cm\"}}","meta":{"rootId":"ebfmnzycavpkchd","id":"ebfmnzycavpkchd"},"id":"3rb86c8b7klkefw","previousOperationId":"9egi7et6d0dhljc"}
{"type":"operationEnd","operationId":"9egi7et6d0dhljc","timestamp":1675620352839,"id":"0c7o18xa3h5yecq","previousEventId":"fggugwsrdfhoqc2","previousOperationId":"9egi7et6d0dhljc"}
{"type":"log","timestamp":1675620352839,"level":"info","message":"pdf-utils is starting pdf processing","meta":{"rootId":"ebfmnzycavpkchd","id":"ebfmnzycavpkchd"},"id":"vg4yqnbistwfteh","previousOperationId":"9egi7et6d0dhljc"}
{"type":"operationStart","subtype":"pdfUtils","name":"pdf utils","timestamp":1675620352839,"id":"a5pxv5fqoa5qvtj","previousEventId":"0c7o18xa3h5yecq","operationId":"b1x9v3l5crfemaa","previousOperationId":"9egi7et6d0dhljc"}
{"type":"log","timestamp":1675620352839,"level":"debug","message":"pdf-utils detected 1 pdf operation(s) to process","meta":{"rootId":"ebfmnzycavpkchd","id":"ebfmnzycavpkchd"},"id":"nct2mq0pxd6f6u5","previousOperationId":"b1x9v3l5crfemaa"}
{"type":"log","timestamp":1675620352860,"level":"debug","message":"pdf-utils running pdf operation merge","meta":{"rootId":"ebfmnzycavpkchd","id":"ebfmnzycavpkchd"},"id":"5c09hq3n4664c4g","previousOperationId":"b1x9v3l5crfemaa"}
{"type":"operationStart","subtype":"pdfUtilsMerge","name":"pdf utils merge","previousOperationId":"b1x9v3l5crfemaa","timestamp":1675620352860,"id":"7wp83qbxtbboqrr","previousEventId":"a5pxv5fqoa5qvtj","operationId":"e2udt5jycbydb2n"}
{"type":"operationStart","subtype":"render","name":"orders-header","previousOperationId":"e2udt5jycbydb2n","timestamp":1675620352862,"id":"buhwff1vh99zlt9","previousEventId":"7wp83qbxtbboqrr","operationId":"t3996s46do0mxou"}
{"type":"log","timestamp":1675620352862,"level":"info","message":"Starting rendering (child) request","meta":{"rootId":"ebfmnzycavpkchd","id":"l4hnq11u8pqhsfc"},"id":"jctarna95j1doqw","previousOperationId":"t3996s46do0mxou"}
{"type":"log","timestamp":1675620352862,"level":"info","message":"Rendering template { name: orders-header, recipe: chrome-pdf, engine: handlebars, preview: true }","meta":{"rootId":"ebfmnzycavpkchd","id":"l4hnq11u8pqhsfc"},"id":"hbk94minametp22","previousOperationId":"t3996s46do0mxou"}
{"type":"log","timestamp":1675620352863,"level":"debug","message":"Inline data specified.","meta":{"rootId":"ebfmnzycavpkchd","id":"l4hnq11u8pqhsfc"},"id":"riwg2j7tecxv1nr","previousOperationId":"t3996s46do0mxou"}
{"type":"log","timestamp":1675620352866,"level":"debug","message":"Base url not specified, skipping its injection.","meta":{"rootId":"ebfmnzycavpkchd","id":"l4hnq11u8pqhsfc"},"id":"qvxb6y64ywb2gez","previousOperationId":"t3996s46do0mxou"}
{"type":"operationStart","subtype":"engine","name":"handlebars","timestamp":1675620352867,"id":"34tt92melpw7oum","previousEventId":"buhwff1vh99zlt9","operationId":"741vlpt82gjwudn","previousOperationId":"t3996s46do0mxou"}
{"type":"log","timestamp":1675620352867,"level":"debug","message":"Rendering engine handlebars","meta":{"rootId":"ebfmnzycavpkchd","id":"l4hnq11u8pqhsfc"},"id":"4rjyyk096bqm1k9","previousOperationId":"741vlpt82gjwudn"}
{"type":"operationEnd","operationId":"741vlpt82gjwudn","timestamp":1675620352884,"id":"bqcnsdkwigpy43i","previousEventId":"34tt92melpw7oum","previousOperationId":"741vlpt82gjwudn"}
{"type":"operationStart","subtype":"recipe","name":"chrome-pdf","timestamp":1675620352884,"id":"mo41mvvg9utszs8","previousEventId":"bqcnsdkwigpy43i","operationId":"vltd08vkpj3eq7i","previousOperationId":"741vlpt82gjwudn"}
{"type":"log","timestamp":1675620352884,"level":"debug","message":"Executing recipe chrome-pdf","meta":{"rootId":"ebfmnzycavpkchd","id":"l4hnq11u8pqhsfc"},"id":"sa7gx2q6imurf0g","previousOperationId":"vltd08vkpj3eq7i"}
{"type":"log","timestamp":1675620352887,"level":"debug","message":"Converting with chrome HeadlessChrome/105.0.5173.0 using chrome-pool strategy","meta":{"rootId":"ebfmnzycavpkchd","id":"l4hnq11u8pqhsfc"},"id":"7hezcfhldv5dtny","previousOperationId":"vltd08vkpj3eq7i"}
{"type":"log","timestamp":1675620352999,"level":"debug","message":"Page request: GET (document) file:///C:/Users/pollo/AppData/Local/Temp/jsreport/autocleanup/d8b950a3-417f-47eb-97e1-55e845c63157-chrome-pdf.html","meta":{"rootId":"ebfmnzycavpkchd","id":"l4hnq11u8pqhsfc"},"id":"pcsourg8mw9wbyw","previousOperationId":"vltd08vkpj3eq7i"}
{"type":"log","timestamp":1675620353009,"level":"debug","message":"Page request finished: GET (document) 200 file:///C:/Users/pollo/AppData/Local/Temp/jsreport/autocleanup/d8b950a3-417f-47eb-97e1-55e845c63157-chrome-pdf.html","meta":{"rootId":"ebfmnzycavpkchd","id":"l4hnq11u8pqhsfc"},"id":"1wf2z3q1uj17t0i","previousOperationId":"vltd08vkpj3eq7i"}
{"type":"log","timestamp":1675620353009,"level":"debug","message":"Page request: GET (stylesheet) https://cdnjs.cloudflare.com/ajax/libs/metro/4.1.5/css/metro.min.css","meta":{"rootId":"ebfmnzycavpkchd","id":"l4hnq11u8pqhsfc"},"id":"ent19r9xdx43wrb","previousOperationId":"vltd08vkpj3eq7i"}
{"type":"log","timestamp":1675620353032,"level":"debug","message":"Page request finished: GET (stylesheet) 200 https://cdnjs.cloudflare.com/ajax/libs/metro/4.1.5/css/metro.min.css","meta":{"rootId":"ebfmnzycavpkchd","id":"l4hnq11u8pqhsfc"},"id":"lfb60g1nn4959zp","previousOperationId":"vltd08vkpj3eq7i"}
{"type":"log","timestamp":1675620353056,"level":"debug","message":"Running chrome with params {\"printBackground\":true,\"marginTop\":\"1.5cm\",\"marginRight\":\"1.5cm\",\"marginLeft\":\"1.cm\",\"timeout\":59287,\"margin\":{\"top\":\"1.5cm\",\"right\":\"1.5cm\",\"left\":\"1.cm\"}}","meta":{"rootId":"ebfmnzycavpkchd","id":"l4hnq11u8pqhsfc"},"id":"llx65hf04zvn29s","previousOperationId":"vltd08vkpj3eq7i"}
{"type":"operationEnd","operationId":"vltd08vkpj3eq7i","timestamp":1675620353139,"id":"b6izicdhhqhlt51","previousEventId":"mo41mvvg9utszs8","previousOperationId":"vltd08vkpj3eq7i"}
{"type":"log","timestamp":1675620353139,"level":"debug","message":"Skipping storing report.","meta":{"rootId":"ebfmnzycavpkchd","id":"l4hnq11u8pqhsfc"},"id":"iej3fyke0asmyfh","previousOperationId":"vltd08vkpj3eq7i"}
{"type":"log","timestamp":1675620353139,"level":"info","message":"Rendering (child) request finished in 966 ms","meta":{"rootId":"ebfmnzycavpkchd","id":"l4hnq11u8pqhsfc"},"id":"kpuoax2uvncwngn","previousOperationId":"vltd08vkpj3eq7i"}
{"type":"operationEnd","subtype":"render","operationId":"t3996s46do0mxou","timestamp":1675620353139,"id":"a0yl05cihs5wald","previousEventId":"b6izicdhhqhlt51","previousOperationId":"vltd08vkpj3eq7i"}
{"type":"operationEnd","operationId":"e2udt5jycbydb2n","timestamp":1675620353153,"id":"cte3zrsyit4gd02","previousEventId":"7wp83qbxtbboqrr","previousOperationId":"e2udt5jycbydb2n"}
{"type":"log","timestamp":1675620353153,"level":"debug","message":"pdf-utils postproces start","meta":{"rootId":"ebfmnzycavpkchd","id":"ebfmnzycavpkchd"},"id":"etyqjp2f24yoncp","previousOperationId":"e2udt5jycbydb2n"}
{"type":"log","timestamp":1675620353161,"level":"debug","message":"pdf-utils postproces end","meta":{"rootId":"ebfmnzycavpkchd","id":"ebfmnzycavpkchd"},"id":"g09epw8lns4sqls","previousOperationId":"e2udt5jycbydb2n"}
{"type":"operationEnd","operationId":"b1x9v3l5crfemaa","timestamp":1675620353161,"id":"8iwtmsyctqe1m3k","previousEventId":"cte3zrsyit4gd02","previousOperationId":"e2udt5jycbydb2n"}
{"type":"log","timestamp":1675620353161,"level":"info","message":"pdf-utils pdf processing was finished","meta":{"rootId":"ebfmnzycavpkchd","id":"ebfmnzycavpkchd"},"id":"ttz2zrtjfadh470","previousOperationId":"b1x9v3l5crfemaa"}
{"type":"log","timestamp":1675620353161,"level":"debug","message":"Skipping storing report.","meta":{"rootId":"ebfmnzycavpkchd","id":"ebfmnzycavpkchd"},"id":"fjnkbscpe72m044","previousOperationId":"b1x9v3l5crfemaa"}
{"type":"log","timestamp":1675620353162,"level":"info","message":"Rendering request 23 finished in 989 ms","meta":{"rootId":"ebfmnzycavpkchd","id":"ebfmnzycavpkchd"},"id":"s3tqqlgxaor4a9q","previousOperationId":"b1x9v3l5crfemaa"}
{"type":"operationEnd","subtype":"render","operationId":"up91yd7ncf19bic","timestamp":1675620353162,"id":"wnr93wvbszc8he2","previousEventId":"8iwtmsyctqe1m3k","previousOperationId":"b1x9v3l5crfemaa"}
{"type":"operationEnd","doDiffs":false,"previousEventId":"q59j1hjmaq5uxzd","previousOperationId":"nyk4yb9hi0blh8c","operationId":"nyk4yb9hi0blh8c","timestamp":1675620353168,"id":"gja45g23ffq4cfq"}
