{"type":"operationStart","subtype":"profile","data":{"_id":"N9lytvskaC2F7H3q","timestamp":"2023-02-05T19:06:52.637Z","state":"queued","mode":"standard","creationDate":"2023-02-05T19:06:52.639Z","modificationDate":"2023-02-05T19:06:52.639Z","shortid":"i7tG-jE","$entitySet":"profiles"},"doDiffs":false,"timestamp":1675624012638,"id":"vnjezi9n55trgex","previousOperationId":null,"operationId":"wq59iq8jixomsjq"}
{"type":"log","level":"info","message":"Render request 42 queued for execution and waiting for available worker","previousOperationId":"wq59iq8jixomsjq","timestamp":1675624012638,"id":"ayp5klk0besq9hy"}
{"type":"operationStart","subtype":"render","name":"orders-main","previousOperationId":"wq59iq8jixomsjq","timestamp":1675624012649,"id":"ze4upg8223gf56t","previousEventId":"vnjezi9n55trgex","operationId":"3w5iklwfkbnlem8"}
{"type":"log","timestamp":1675624012649,"level":"info","message":"Starting rendering request 42","meta":{"rootId":"elz3kjmmdkyzvg4","id":"elz3kjmmdkyzvg4"},"id":"ut68fbo07u1t81f","previousOperationId":"3w5iklwfkbnlem8"}
{"type":"log","timestamp":1675624012649,"level":"info","message":"Rendering template { name: orders-main, recipe: chrome-pdf, engine: handlebars, preview: true }","meta":{"rootId":"elz3kjmmdkyzvg4","id":"elz3kjmmdkyzvg4"},"id":"36bd0mcm2fkt4l8","previousOperationId":"3w5iklwfkbnlem8"}
{"type":"log","timestamp":1675624012650,"level":"debug","message":"Data item not defined for this template.","meta":{"rootId":"elz3kjmmdkyzvg4","id":"elz3kjmmdkyzvg4"},"id":"4wc16nnfb9uggpb","previousOperationId":"3w5iklwfkbnlem8"}
{"type":"log","timestamp":1675624012652,"level":"debug","message":"Executing script orders-script (beforeRender)","meta":{"rootId":"elz3kjmmdkyzvg4","id":"elz3kjmmdkyzvg4"},"id":"yjiz4vsuc88p6s6","previousOperationId":"3w5iklwfkbnlem8"}
{"type":"operationStart","subtype":"scriptsBeforeRender","name":"scripts beforeRender","timestamp":1675624012684,"id":"iejn5jtrokng9iu","previousEventId":"ze4upg8223gf56t","operationId":"khjtu4ccr4o918p","previousOperationId":"3w5iklwfkbnlem8"}
{"type":"operationStart","subtype":"script","name":"scripts orders-script","previousOperationId":"khjtu4ccr4o918p","timestamp":1675624012684,"id":"wswcqinahv465ht","previousEventId":"iejn5jtrokng9iu","operationId":"at5fqta24cz8vmp"}
{"type":"log","timestamp":1675624012890,"level":"debug","message":"(console:log) [ 'Antonio', 'Juana de Armas' ]","meta":{"userLevel":true,"rootId":"elz3kjmmdkyzvg4","id":"elz3kjmmdkyzvg4"},"id":"0mjxoac6l8jgsv5","previousOperationId":"at5fqta24cz8vmp"}
{"type":"operationEnd","operationId":"at5fqta24cz8vmp","timestamp":1675624012890,"id":"vq65p90zpueshgq","previousEventId":"ze4upg8223gf56t","previousOperationId":"3w5iklwfkbnlem8"}
{"type":"operationEnd","operationId":"khjtu4ccr4o918p","timestamp":1675624012890,"id":"g0b3kwl9walr3y8","previousEventId":"vq65p90zpueshgq","previousOperationId":"3w5iklwfkbnlem8"}
{"type":"log","timestamp":1675624012890,"level":"debug","message":"Base url not specified, skipping its injection.","meta":{"rootId":"elz3kjmmdkyzvg4","id":"elz3kjmmdkyzvg4"},"id":"1i30tkngcxakekh","previousOperationId":"khjtu4ccr4o918p"}
{"type":"operationStart","subtype":"engine","name":"handlebars","timestamp":1675624012891,"id":"v0t9gh1mavui3xh","previousEventId":"g0b3kwl9walr3y8","operationId":"9c0iz7r8006g07m","previousOperationId":"khjtu4ccr4o918p"}
{"type":"log","timestamp":1675624012891,"level":"debug","message":"Rendering engine handlebars","meta":{"rootId":"elz3kjmmdkyzvg4","id":"elz3kjmmdkyzvg4"},"id":"hu1smssm6rmh1kv","previousOperationId":"9c0iz7r8006g07m"}
{"type":"operationEnd","operationId":"9c0iz7r8006g07m","timestamp":1675624012904,"id":"fjq64rebmr88jf3","previousEventId":"v0t9gh1mavui3xh","previousOperationId":"9c0iz7r8006g07m"}
{"type":"operationStart","subtype":"recipe","name":"chrome-pdf","timestamp":1675624012904,"id":"sfo85huh7nvdz9k","previousEventId":"fjq64rebmr88jf3","operationId":"jal2s0jr714q5r6","previousOperationId":"9c0iz7r8006g07m"}
{"type":"log","timestamp":1675624012904,"level":"debug","message":"Executing recipe chrome-pdf","meta":{"rootId":"elz3kjmmdkyzvg4","id":"elz3kjmmdkyzvg4"},"id":"831ci1rd6i930f9","previousOperationId":"jal2s0jr714q5r6"}
{"type":"log","timestamp":1675624012906,"level":"debug","message":"Converting with chrome HeadlessChrome/105.0.5173.0 using chrome-pool strategy","meta":{"rootId":"elz3kjmmdkyzvg4","id":"elz3kjmmdkyzvg4"},"id":"ih6hnteuz4cppq4","previousOperationId":"jal2s0jr714q5r6"}
{"type":"log","timestamp":1675624013006,"level":"debug","message":"Page request: GET (document) file:///C:/Users/pollo/AppData/Local/Temp/jsreport/autocleanup/849d4ca4-a3c8-49cb-ad34-3b6d2857e35e-chrome-pdf.html","meta":{"rootId":"elz3kjmmdkyzvg4","id":"elz3kjmmdkyzvg4"},"id":"qjoke02zompyzxl","previousOperationId":"jal2s0jr714q5r6"}
{"type":"log","timestamp":1675624013016,"level":"debug","message":"Page request finished: GET (document) 200 file:///C:/Users/pollo/AppData/Local/Temp/jsreport/autocleanup/849d4ca4-a3c8-49cb-ad34-3b6d2857e35e-chrome-pdf.html","meta":{"rootId":"elz3kjmmdkyzvg4","id":"elz3kjmmdkyzvg4"},"id":"ltv2gk3l9qd86oz","previousOperationId":"jal2s0jr714q5r6"}
{"type":"log","timestamp":1675624013016,"level":"debug","message":"Page request: GET (stylesheet) https://cdnjs.cloudflare.com/ajax/libs/metro/4.1.5/css/metro.min.css","meta":{"rootId":"elz3kjmmdkyzvg4","id":"elz3kjmmdkyzvg4"},"id":"0ovswwlbrpymqu9","previousOperationId":"jal2s0jr714q5r6"}
{"type":"log","timestamp":1675624013017,"level":"debug","message":"Page request: GET (script) https://cdn.jsdelivr.net/npm/chart.js","meta":{"rootId":"elz3kjmmdkyzvg4","id":"elz3kjmmdkyzvg4"},"id":"nd4cn0w5e28h8d0","previousOperationId":"jal2s0jr714q5r6"}
{"type":"log","timestamp":1675624013023,"level":"debug","message":"Page request finished: GET (script) 200 https://cdn.jsdelivr.net/npm/chart.js","meta":{"rootId":"elz3kjmmdkyzvg4","id":"elz3kjmmdkyzvg4"},"id":"l4sk0iwn114chm5","previousOperationId":"jal2s0jr714q5r6"}
{"type":"log","timestamp":1675624013039,"level":"debug","message":"Page request finished: GET (stylesheet) 200 https://cdnjs.cloudflare.com/ajax/libs/metro/4.1.5/css/metro.min.css","meta":{"rootId":"elz3kjmmdkyzvg4","id":"elz3kjmmdkyzvg4"},"id":"ruceyfzcwayzjon","previousOperationId":"jal2s0jr714q5r6"}
{"type":"log","timestamp":1675624013044,"level":"warn","message":"Page error: SyntaxError: Unexpected token ','","meta":{"rootId":"elz3kjmmdkyzvg4","id":"elz3kjmmdkyzvg4"},"id":"5zsjbi9rxxbcmkk","previousOperationId":"jal2s0jr714q5r6"}
{"type":"log","timestamp":1675624013066,"level":"debug","message":"Running chrome with params {\"printBackground\":true,\"marginTop\":\"4cm\",\"marginRight\":\"1.5cm\",\"marginBottom\":\"1.5cm\",\"marginLeft\":\"1.5cm\",\"waitForJS\":false,\"timeout\":59731,\"margin\":{\"top\":\"4cm\",\"right\":\"1.5cm\",\"bottom\":\"1.5cm\",\"left\":\"1.5cm\"}}","meta":{"rootId":"elz3kjmmdkyzvg4","id":"elz3kjmmdkyzvg4"},"id":"zel97oab4mk4o8v","previousOperationId":"jal2s0jr714q5r6"}
{"type":"operationEnd","operationId":"jal2s0jr714q5r6","timestamp":1675624013131,"id":"1f9uczm8fbeqp16","previousEventId":"sfo85huh7nvdz9k","previousOperationId":"jal2s0jr714q5r6"}
{"type":"log","timestamp":1675624013131,"level":"info","message":"pdf-utils is starting pdf processing","meta":{"rootId":"elz3kjmmdkyzvg4","id":"elz3kjmmdkyzvg4"},"id":"usu9mq2xclccjll","previousOperationId":"jal2s0jr714q5r6"}
{"type":"operationStart","subtype":"pdfUtils","name":"pdf utils","timestamp":1675624013131,"id":"7sf44lndwr544c0","previousEventId":"1f9uczm8fbeqp16","operationId":"shjvfzf2u5sks7k","previousOperationId":"jal2s0jr714q5r6"}
{"type":"log","timestamp":1675624013131,"level":"debug","message":"pdf-utils detected 1 pdf operation(s) to process","meta":{"rootId":"elz3kjmmdkyzvg4","id":"elz3kjmmdkyzvg4"},"id":"kvq585qm4sm7cxk","previousOperationId":"shjvfzf2u5sks7k"}
{"type":"log","timestamp":1675624013139,"level":"debug","message":"pdf-utils running pdf operation merge","meta":{"rootId":"elz3kjmmdkyzvg4","id":"elz3kjmmdkyzvg4"},"id":"stv80d1v2d8ybm6","previousOperationId":"shjvfzf2u5sks7k"}
{"type":"operationStart","subtype":"pdfUtilsMerge","name":"pdf utils merge","previousOperationId":"shjvfzf2u5sks7k","timestamp":1675624013139,"id":"tekb8sgyxdw6isw","previousEventId":"7sf44lndwr544c0","operationId":"ay1zba2btx2v7g5"}
{"type":"operationStart","subtype":"render","name":"orders-header","previousOperationId":"ay1zba2btx2v7g5","timestamp":1675624013140,"id":"ugl4qf4dvmqzsyx","previousEventId":"tekb8sgyxdw6isw","operationId":"x9g6paj9kvgkaht"}
{"type":"log","timestamp":1675624013140,"level":"info","message":"Starting rendering (child) request","meta":{"rootId":"elz3kjmmdkyzvg4","id":"5untgzxlpnzjwdm"},"id":"unhbctwbqqt5uux","previousOperationId":"x9g6paj9kvgkaht"}
{"type":"log","timestamp":1675624013140,"level":"info","message":"Rendering template { name: orders-header, recipe: chrome-pdf, engine: handlebars, preview: true }","meta":{"rootId":"elz3kjmmdkyzvg4","id":"5untgzxlpnzjwdm"},"id":"ru50mhdopc0qds9","previousOperationId":"x9g6paj9kvgkaht"}
{"type":"log","timestamp":1675624013141,"level":"debug","message":"Inline data specified.","meta":{"rootId":"elz3kjmmdkyzvg4","id":"5untgzxlpnzjwdm"},"id":"h6md2o7fb12vacj","previousOperationId":"x9g6paj9kvgkaht"}
{"type":"log","timestamp":1675624013144,"level":"debug","message":"Base url not specified, skipping its injection.","meta":{"rootId":"elz3kjmmdkyzvg4","id":"5untgzxlpnzjwdm"},"id":"qkimba10lm4p8wx","previousOperationId":"x9g6paj9kvgkaht"}
{"type":"operationStart","subtype":"engine","name":"handlebars","timestamp":1675624013144,"id":"dnwzybxpqvosua6","previousEventId":"ugl4qf4dvmqzsyx","operationId":"uj1lzvskkt708hc","previousOperationId":"x9g6paj9kvgkaht"}
{"type":"log","timestamp":1675624013144,"level":"debug","message":"Rendering engine handlebars","meta":{"rootId":"elz3kjmmdkyzvg4","id":"5untgzxlpnzjwdm"},"id":"0k444ydus10fbff","previousOperationId":"uj1lzvskkt708hc"}
{"type":"operationEnd","operationId":"uj1lzvskkt708hc","timestamp":1675624013159,"id":"kvbabzwi2tpo4f1","previousEventId":"dnwzybxpqvosua6","previousOperationId":"uj1lzvskkt708hc"}
{"type":"operationStart","subtype":"recipe","name":"chrome-pdf","timestamp":1675624013159,"id":"4mi3bpadt8emtqs","previousEventId":"kvbabzwi2tpo4f1","operationId":"8rolesx7iunxkoi","previousOperationId":"uj1lzvskkt708hc"}
{"type":"log","timestamp":1675624013159,"level":"debug","message":"Executing recipe chrome-pdf","meta":{"rootId":"elz3kjmmdkyzvg4","id":"5untgzxlpnzjwdm"},"id":"wsrdq70z4l4wlma","previousOperationId":"8rolesx7iunxkoi"}
{"type":"log","timestamp":1675624013161,"level":"debug","message":"Converting with chrome HeadlessChrome/105.0.5173.0 using chrome-pool strategy","meta":{"rootId":"elz3kjmmdkyzvg4","id":"5untgzxlpnzjwdm"},"id":"d0ecbd469lqc3vt","previousOperationId":"8rolesx7iunxkoi"}
{"type":"log","timestamp":1675624013281,"level":"debug","message":"Page request: GET (document) file:///C:/Users/pollo/AppData/Local/Temp/jsreport/autocleanup/4b6259fa-1ece-41fd-bfe6-84888b095b6d-chrome-pdf.html","meta":{"rootId":"elz3kjmmdkyzvg4","id":"5untgzxlpnzjwdm"},"id":"wze76e3i1e7mng8","previousOperationId":"8rolesx7iunxkoi"}
{"type":"log","timestamp":1675624013292,"level":"debug","message":"Page request finished: GET (document) 200 file:///C:/Users/pollo/AppData/Local/Temp/jsreport/autocleanup/4b6259fa-1ece-41fd-bfe6-84888b095b6d-chrome-pdf.html","meta":{"rootId":"elz3kjmmdkyzvg4","id":"5untgzxlpnzjwdm"},"id":"bpnpozqx50nkwlf","previousOperationId":"8rolesx7iunxkoi"}
{"type":"log","timestamp":1675624013293,"level":"debug","message":"Page request: GET (stylesheet) https://cdnjs.cloudflare.com/ajax/libs/metro/4.1.5/css/metro.min.css","meta":{"rootId":"elz3kjmmdkyzvg4","id":"5untgzxlpnzjwdm"},"id":"z74wu4hovpcgrw0","previousOperationId":"8rolesx7iunxkoi"}
{"type":"log","timestamp":1675624013316,"level":"debug","message":"Page request finished: GET (stylesheet) 200 https://cdnjs.cloudflare.com/ajax/libs/metro/4.1.5/css/metro.min.css","meta":{"rootId":"elz3kjmmdkyzvg4","id":"5untgzxlpnzjwdm"},"id":"53ffrd2kgabmn45","previousOperationId":"8rolesx7iunxkoi"}
{"type":"log","timestamp":1675624013339,"level":"debug","message":"Running chrome with params {\"printBackground\":true,\"marginTop\":\"1.5cm\",\"marginRight\":\"1.5cm\",\"marginLeft\":\"1.cm\",\"timeout\":59477,\"margin\":{\"top\":\"1.5cm\",\"right\":\"1.5cm\",\"left\":\"1.cm\"}}","meta":{"rootId":"elz3kjmmdkyzvg4","id":"5untgzxlpnzjwdm"},"id":"yu9verimig5qv4m","previousOperationId":"8rolesx7iunxkoi"}
{"type":"operationEnd","operationId":"8rolesx7iunxkoi","timestamp":1675624013400,"id":"xg74b96izf6o6w9","previousEventId":"4mi3bpadt8emtqs","previousOperationId":"8rolesx7iunxkoi"}
{"type":"log","timestamp":1675624013400,"level":"debug","message":"Skipping storing report.","meta":{"rootId":"elz3kjmmdkyzvg4","id":"5untgzxlpnzjwdm"},"id":"oy85u3fu81vnwsa","previousOperationId":"8rolesx7iunxkoi"}
{"type":"log","timestamp":1675624013400,"level":"info","message":"Rendering (child) request finished in 763 ms","meta":{"rootId":"elz3kjmmdkyzvg4","id":"5untgzxlpnzjwdm"},"id":"7zlho2kko8gm4h1","previousOperationId":"8rolesx7iunxkoi"}
{"type":"operationEnd","subtype":"render","operationId":"x9g6paj9kvgkaht","timestamp":1675624013400,"id":"b5dx3t065mwdetx","previousEventId":"xg74b96izf6o6w9","previousOperationId":"8rolesx7iunxkoi"}
{"type":"operationEnd","operationId":"ay1zba2btx2v7g5","timestamp":1675624013406,"id":"sajw2wrk8y7m7wb","previousEventId":"tekb8sgyxdw6isw","previousOperationId":"ay1zba2btx2v7g5"}
{"type":"log","timestamp":1675624013406,"level":"debug","message":"pdf-utils postproces start","meta":{"rootId":"elz3kjmmdkyzvg4","id":"elz3kjmmdkyzvg4"},"id":"u69e591mscsw1xa","previousOperationId":"ay1zba2btx2v7g5"}
{"type":"log","timestamp":1675624013410,"level":"debug","message":"pdf-utils postproces end","meta":{"rootId":"elz3kjmmdkyzvg4","id":"elz3kjmmdkyzvg4"},"id":"h5hojgjo58na3tp","previousOperationId":"ay1zba2btx2v7g5"}
{"type":"operationEnd","operationId":"shjvfzf2u5sks7k","timestamp":1675624013410,"id":"9am89zfbhozw7a2","previousEventId":"sajw2wrk8y7m7wb","previousOperationId":"ay1zba2btx2v7g5"}
{"type":"log","timestamp":1675624013410,"level":"info","message":"pdf-utils pdf processing was finished","meta":{"rootId":"elz3kjmmdkyzvg4","id":"elz3kjmmdkyzvg4"},"id":"yekxtj6nsvuo0qd","previousOperationId":"shjvfzf2u5sks7k"}
{"type":"log","timestamp":1675624013410,"level":"debug","message":"Skipping storing report.","meta":{"rootId":"elz3kjmmdkyzvg4","id":"elz3kjmmdkyzvg4"},"id":"uvrskuop8sfv4ql","previousOperationId":"shjvfzf2u5sks7k"}
{"type":"log","timestamp":1675624013410,"level":"info","message":"Rendering request 42 finished in 773 ms","meta":{"rootId":"elz3kjmmdkyzvg4","id":"elz3kjmmdkyzvg4"},"id":"0t48fv7yi02z60w","previousOperationId":"shjvfzf2u5sks7k"}
{"type":"operationEnd","subtype":"render","operationId":"3w5iklwfkbnlem8","timestamp":1675624013410,"id":"hzdoygtsn4cnaq4","previousEventId":"9am89zfbhozw7a2","previousOperationId":"shjvfzf2u5sks7k"}
{"type":"operationEnd","doDiffs":false,"previousEventId":"vnjezi9n55trgex","previousOperationId":"wq59iq8jixomsjq","operationId":"wq59iq8jixomsjq","timestamp":1675624013416,"id":"ih1qnpvnlahpptu"}
