{"type":"operationStart","subtype":"profile","data":{"_id":"OnSjmRn3jBdcWpJs","timestamp":"2023-02-05T18:26:18.038Z","state":"queued","mode":"standard","creationDate":"2023-02-05T18:26:18.040Z","modificationDate":"2023-02-05T18:26:18.040Z","shortid":"NVoMFw1","$entitySet":"profiles"},"doDiffs":false,"timestamp":1675621578039,"id":"92f8utlkskerxep","previousOperationId":null,"operationId":"mjxpumql8nuth03"}
{"type":"log","level":"info","message":"Render request 35 queued for execution and waiting for available worker","previousOperationId":"mjxpumql8nuth03","timestamp":1675621578039,"id":"xgujeo2j3l84av2"}
{"type":"operationStart","subtype":"render","name":"orders-main","previousOperationId":"mjxpumql8nuth03","timestamp":1675621578052,"id":"nde5c0qt8vobs7m","previousEventId":"92f8utlkskerxep","operationId":"dwyqotmpfvrcmen"}
{"type":"log","timestamp":1675621578052,"level":"info","message":"Starting rendering request 35","meta":{"rootId":"evomwnp6c2itd83","id":"evomwnp6c2itd83"},"id":"kac2dxcoi18chd1","previousOperationId":"dwyqotmpfvrcmen"}
{"type":"log","timestamp":1675621578053,"level":"info","message":"Rendering template { name: orders-main, recipe: chrome-pdf, engine: handlebars, preview: true }","meta":{"rootId":"evomwnp6c2itd83","id":"evomwnp6c2itd83"},"id":"j83c2fhd7xnvf2y","previousOperationId":"dwyqotmpfvrcmen"}
{"type":"log","timestamp":1675621578055,"level":"debug","message":"Data item not defined for this template.","meta":{"rootId":"evomwnp6c2itd83","id":"evomwnp6c2itd83"},"id":"49eyj1t9qpnvjyg","previousOperationId":"dwyqotmpfvrcmen"}
{"type":"log","timestamp":1675621578058,"level":"debug","message":"Executing script orders-script (beforeRender)","meta":{"rootId":"evomwnp6c2itd83","id":"evomwnp6c2itd83"},"id":"3aij58pxc7g0fu7","previousOperationId":"dwyqotmpfvrcmen"}
{"type":"operationStart","subtype":"scriptsBeforeRender","name":"scripts beforeRender","timestamp":1675621578090,"id":"eaiqxmhh9lmrikl","previousEventId":"nde5c0qt8vobs7m","operationId":"lv8qhrm5q791gri","previousOperationId":"dwyqotmpfvrcmen"}
{"type":"operationStart","subtype":"script","name":"scripts orders-script","previousOperationId":"lv8qhrm5q791gri","timestamp":1675621578090,"id":"f51hvwj0d2p30jq","previousEventId":"eaiqxmhh9lmrikl","operationId":"hdxit51g6yfguig"}
{"type":"log","timestamp":1675621578389,"level":"debug","message":"(console:log) [ 'Antonio', 'Juana de Armas' ]","meta":{"userLevel":true,"rootId":"evomwnp6c2itd83","id":"evomwnp6c2itd83"},"id":"sy98mcxvvigm4rm","previousOperationId":"hdxit51g6yfguig"}
{"type":"operationEnd","operationId":"hdxit51g6yfguig","timestamp":1675621578389,"id":"1bk9f0xgtd59hxf","previousEventId":"nde5c0qt8vobs7m","previousOperationId":"dwyqotmpfvrcmen"}
{"type":"operationEnd","operationId":"lv8qhrm5q791gri","timestamp":1675621578389,"id":"ibzn6w55vbzqe86","previousEventId":"1bk9f0xgtd59hxf","previousOperationId":"dwyqotmpfvrcmen"}
{"type":"log","timestamp":1675621578389,"level":"debug","message":"Base url not specified, skipping its injection.","meta":{"rootId":"evomwnp6c2itd83","id":"evomwnp6c2itd83"},"id":"8cab41ysof0pr7s","previousOperationId":"lv8qhrm5q791gri"}
{"type":"operationStart","subtype":"engine","name":"handlebars","timestamp":1675621578390,"id":"qex72aldziehbpm","previousEventId":"ibzn6w55vbzqe86","operationId":"7hn73adfh8isttt","previousOperationId":"lv8qhrm5q791gri"}
{"type":"log","timestamp":1675621578390,"level":"debug","message":"Rendering engine handlebars","meta":{"rootId":"evomwnp6c2itd83","id":"evomwnp6c2itd83"},"id":"crnqraxm4vp8dpr","previousOperationId":"7hn73adfh8isttt"}
{"type":"operationEnd","operationId":"7hn73adfh8isttt","timestamp":1675621578403,"id":"phtib1s14zbppdd","previousEventId":"qex72aldziehbpm","previousOperationId":"7hn73adfh8isttt"}
{"type":"operationStart","subtype":"recipe","name":"chrome-pdf","timestamp":1675621578403,"id":"4bcketejpilfnhg","previousEventId":"phtib1s14zbppdd","operationId":"4u62lhqkbgirs35","previousOperationId":"7hn73adfh8isttt"}
{"type":"log","timestamp":1675621578403,"level":"debug","message":"Executing recipe chrome-pdf","meta":{"rootId":"evomwnp6c2itd83","id":"evomwnp6c2itd83"},"id":"i2yyzz04rhlsndo","previousOperationId":"4u62lhqkbgirs35"}
{"type":"log","timestamp":1675621578406,"level":"debug","message":"Converting with chrome HeadlessChrome/105.0.5173.0 using chrome-pool strategy","meta":{"rootId":"evomwnp6c2itd83","id":"evomwnp6c2itd83"},"id":"wof7ty9f8wkycrv","previousOperationId":"4u62lhqkbgirs35"}
{"type":"log","timestamp":1675621578521,"level":"debug","message":"Page request: GET (document) file:///C:/Users/pollo/AppData/Local/Temp/jsreport/autocleanup/db8a7792-51d4-4833-85f9-d1d403bcc364-chrome-pdf.html","meta":{"rootId":"evomwnp6c2itd83","id":"evomwnp6c2itd83"},"id":"72ya2jhgeznfvhp","previousOperationId":"4u62lhqkbgirs35"}
{"type":"log","timestamp":1675621578532,"level":"debug","message":"Page request finished: GET (document) 200 file:///C:/Users/pollo/AppData/Local/Temp/jsreport/autocleanup/db8a7792-51d4-4833-85f9-d1d403bcc364-chrome-pdf.html","meta":{"rootId":"evomwnp6c2itd83","id":"evomwnp6c2itd83"},"id":"4skb8mba5qggzqa","previousOperationId":"4u62lhqkbgirs35"}
{"type":"log","timestamp":1675621578532,"level":"debug","message":"Page request: GET (stylesheet) https://cdnjs.cloudflare.com/ajax/libs/metro/4.1.5/css/metro.min.css","meta":{"rootId":"evomwnp6c2itd83","id":"evomwnp6c2itd83"},"id":"o2vvqbw2h09m0dm","previousOperationId":"4u62lhqkbgirs35"}
{"type":"log","timestamp":1675621578532,"level":"debug","message":"Page request: GET (script) https://cdn.jsdelivr.net/npm/chart.js","meta":{"rootId":"evomwnp6c2itd83","id":"evomwnp6c2itd83"},"id":"k91rjccd98ci6el","previousOperationId":"4u62lhqkbgirs35"}
{"type":"log","timestamp":1675621578540,"level":"debug","message":"Page request finished: GET (script) 200 https://cdn.jsdelivr.net/npm/chart.js","meta":{"rootId":"evomwnp6c2itd83","id":"evomwnp6c2itd83"},"id":"x79attgljan5fdy","previousOperationId":"4u62lhqkbgirs35"}
{"type":"log","timestamp":1675621578556,"level":"debug","message":"Page request finished: GET (stylesheet) 200 https://cdnjs.cloudflare.com/ajax/libs/metro/4.1.5/css/metro.min.css","meta":{"rootId":"evomwnp6c2itd83","id":"evomwnp6c2itd83"},"id":"xqfsncm96mdyi00","previousOperationId":"4u62lhqkbgirs35"}
{"type":"log","timestamp":1675621578666,"level":"debug","message":"Running chrome with params {\"printBackground\":true,\"marginTop\":\"4cm\",\"marginRight\":\"1.5cm\",\"marginBottom\":\"1.5cm\",\"marginLeft\":\"1.5cm\",\"waitForJS\":false,\"timeout\":59633,\"margin\":{\"top\":\"4cm\",\"right\":\"1.5cm\",\"bottom\":\"1.5cm\",\"left\":\"1.5cm\"}}","meta":{"rootId":"evomwnp6c2itd83","id":"evomwnp6c2itd83"},"id":"3c70ogrefdhyn7q","previousOperationId":"4u62lhqkbgirs35"}
{"type":"operationEnd","operationId":"4u62lhqkbgirs35","timestamp":1675621578766,"id":"48z4wib6ud5fhlf","previousEventId":"4bcketejpilfnhg","previousOperationId":"4u62lhqkbgirs35"}
{"type":"log","timestamp":1675621578766,"level":"info","message":"pdf-utils is starting pdf processing","meta":{"rootId":"evomwnp6c2itd83","id":"evomwnp6c2itd83"},"id":"bnhyqlol0xxvajj","previousOperationId":"4u62lhqkbgirs35"}
{"type":"operationStart","subtype":"pdfUtils","name":"pdf utils","timestamp":1675621578766,"id":"ta5inore1i0smxs","previousEventId":"48z4wib6ud5fhlf","operationId":"ns8zj3ot6htpn6v","previousOperationId":"4u62lhqkbgirs35"}
{"type":"log","timestamp":1675621578766,"level":"debug","message":"pdf-utils detected 1 pdf operation(s) to process","meta":{"rootId":"evomwnp6c2itd83","id":"evomwnp6c2itd83"},"id":"3c65vpv31zsg3dw","previousOperationId":"ns8zj3ot6htpn6v"}
{"type":"log","timestamp":1675621578788,"level":"debug","message":"pdf-utils running pdf operation merge","meta":{"rootId":"evomwnp6c2itd83","id":"evomwnp6c2itd83"},"id":"9mo5h6i9xi67o4z","previousOperationId":"ns8zj3ot6htpn6v"}
{"type":"operationStart","subtype":"pdfUtilsMerge","name":"pdf utils merge","previousOperationId":"ns8zj3ot6htpn6v","timestamp":1675621578788,"id":"nhtwxckj7vxdjnn","previousEventId":"ta5inore1i0smxs","operationId":"c1b8g3e5cbswbtm"}
{"type":"operationStart","subtype":"render","name":"orders-header","previousOperationId":"c1b8g3e5cbswbtm","timestamp":1675621578789,"id":"ao4lvkf4i398cmg","previousEventId":"nhtwxckj7vxdjnn","operationId":"cor5djjgqzvl171"}
{"type":"log","timestamp":1675621578789,"level":"info","message":"Starting rendering (child) request","meta":{"rootId":"evomwnp6c2itd83","id":"5rh5kbnhpx5ue8r"},"id":"qw3z5v87yddwfyn","previousOperationId":"cor5djjgqzvl171"}
{"type":"log","timestamp":1675621578789,"level":"info","message":"Rendering template { name: orders-header, recipe: chrome-pdf, engine: handlebars, preview: true }","meta":{"rootId":"evomwnp6c2itd83","id":"5rh5kbnhpx5ue8r"},"id":"cl3vs2aw9rf5pu7","previousOperationId":"cor5djjgqzvl171"}
{"type":"log","timestamp":1675621578790,"level":"debug","message":"Inline data specified.","meta":{"rootId":"evomwnp6c2itd83","id":"5rh5kbnhpx5ue8r"},"id":"n2kavp5t3xd7at3","previousOperationId":"cor5djjgqzvl171"}
{"type":"log","timestamp":1675621578793,"level":"debug","message":"Base url not specified, skipping its injection.","meta":{"rootId":"evomwnp6c2itd83","id":"5rh5kbnhpx5ue8r"},"id":"bba7x3o1urfriup","previousOperationId":"cor5djjgqzvl171"}
{"type":"operationStart","subtype":"engine","name":"handlebars","timestamp":1675621578793,"id":"my8diro0txlspj5","previousEventId":"ao4lvkf4i398cmg","operationId":"tskibkv2gdgm7v4","previousOperationId":"cor5djjgqzvl171"}
{"type":"log","timestamp":1675621578793,"level":"debug","message":"Rendering engine handlebars","meta":{"rootId":"evomwnp6c2itd83","id":"5rh5kbnhpx5ue8r"},"id":"esy1acj1ux7ekjp","previousOperationId":"tskibkv2gdgm7v4"}
{"type":"operationEnd","operationId":"tskibkv2gdgm7v4","timestamp":1675621578809,"id":"pc5s90plwjw3ah6","previousEventId":"my8diro0txlspj5","previousOperationId":"tskibkv2gdgm7v4"}
{"type":"operationStart","subtype":"recipe","name":"chrome-pdf","timestamp":1675621578809,"id":"l3kddre2u88xvof","previousEventId":"pc5s90plwjw3ah6","operationId":"ipssmqqlm9a7018","previousOperationId":"tskibkv2gdgm7v4"}
{"type":"log","timestamp":1675621578809,"level":"debug","message":"Executing recipe chrome-pdf","meta":{"rootId":"evomwnp6c2itd83","id":"5rh5kbnhpx5ue8r"},"id":"hdu1sco4ydsebwy","previousOperationId":"ipssmqqlm9a7018"}
{"type":"log","timestamp":1675621578812,"level":"debug","message":"Converting with chrome HeadlessChrome/105.0.5173.0 using chrome-pool strategy","meta":{"rootId":"evomwnp6c2itd83","id":"5rh5kbnhpx5ue8r"},"id":"mav7vku86kvx695","previousOperationId":"ipssmqqlm9a7018"}
{"type":"log","timestamp":1675621578913,"level":"debug","message":"Page request: GET (document) file:///C:/Users/pollo/AppData/Local/Temp/jsreport/autocleanup/f44ee375-34ae-4a93-8953-2c246ab69445-chrome-pdf.html","meta":{"rootId":"evomwnp6c2itd83","id":"5rh5kbnhpx5ue8r"},"id":"adirrmxof55oe8s","previousOperationId":"ipssmqqlm9a7018"}
{"type":"log","timestamp":1675621578925,"level":"debug","message":"Page request finished: GET (document) 200 file:///C:/Users/pollo/AppData/Local/Temp/jsreport/autocleanup/f44ee375-34ae-4a93-8953-2c246ab69445-chrome-pdf.html","meta":{"rootId":"evomwnp6c2itd83","id":"5rh5kbnhpx5ue8r"},"id":"jjl0z6t69b33lqd","previousOperationId":"ipssmqqlm9a7018"}
{"type":"log","timestamp":1675621578925,"level":"debug","message":"Page request: GET (stylesheet) https://cdnjs.cloudflare.com/ajax/libs/metro/4.1.5/css/metro.min.css","meta":{"rootId":"evomwnp6c2itd83","id":"5rh5kbnhpx5ue8r"},"id":"pk896lb1tx98l6j","previousOperationId":"ipssmqqlm9a7018"}
{"type":"log","timestamp":1675621578953,"level":"debug","message":"Page request finished: GET (stylesheet) 200 https://cdnjs.cloudflare.com/ajax/libs/metro/4.1.5/css/metro.min.css","meta":{"rootId":"evomwnp6c2itd83","id":"5rh5kbnhpx5ue8r"},"id":"f3983q493vbqaze","previousOperationId":"ipssmqqlm9a7018"}
{"type":"log","timestamp":1675621578976,"level":"debug","message":"Running chrome with params {\"printBackground\":true,\"marginTop\":\"1.5cm\",\"marginRight\":\"1.5cm\",\"marginLeft\":\"1.cm\",\"timeout\":59227,\"margin\":{\"top\":\"1.5cm\",\"right\":\"1.5cm\",\"left\":\"1.cm\"}}","meta":{"rootId":"evomwnp6c2itd83","id":"5rh5kbnhpx5ue8r"},"id":"r5xr6s1vnzt8uk4","previousOperationId":"ipssmqqlm9a7018"}
{"type":"operationEnd","operationId":"ipssmqqlm9a7018","timestamp":1675621579040,"id":"ae4yz9azz4ajgch","previousEventId":"l3kddre2u88xvof","previousOperationId":"ipssmqqlm9a7018"}
{"type":"log","timestamp":1675621579040,"level":"debug","message":"Skipping storing report.","meta":{"rootId":"evomwnp6c2itd83","id":"5rh5kbnhpx5ue8r"},"id":"wvk7pm7rzka1va6","previousOperationId":"ipssmqqlm9a7018"}
{"type":"log","timestamp":1675621579040,"level":"info","message":"Rendering (child) request finished in 1002 ms","meta":{"rootId":"evomwnp6c2itd83","id":"5rh5kbnhpx5ue8r"},"id":"91henta54mmskuv","previousOperationId":"ipssmqqlm9a7018"}
{"type":"operationEnd","subtype":"render","operationId":"cor5djjgqzvl171","timestamp":1675621579040,"id":"6r93mbvbdwwo91l","previousEventId":"ae4yz9azz4ajgch","previousOperationId":"ipssmqqlm9a7018"}
{"type":"operationEnd","operationId":"c1b8g3e5cbswbtm","timestamp":1675621579045,"id":"is8m2fyiuwstdl9","previousEventId":"nhtwxckj7vxdjnn","previousOperationId":"c1b8g3e5cbswbtm"}
{"type":"log","timestamp":1675621579045,"level":"debug","message":"pdf-utils postproces start","meta":{"rootId":"evomwnp6c2itd83","id":"evomwnp6c2itd83"},"id":"8g071wizbejbdss","previousOperationId":"c1b8g3e5cbswbtm"}
{"type":"log","timestamp":1675621579051,"level":"debug","message":"pdf-utils postproces end","meta":{"rootId":"evomwnp6c2itd83","id":"evomwnp6c2itd83"},"id":"3bqyzkks8uqi7ge","previousOperationId":"c1b8g3e5cbswbtm"}
{"type":"operationEnd","operationId":"ns8zj3ot6htpn6v","timestamp":1675621579052,"id":"y7qcslfx7473jil","previousEventId":"is8m2fyiuwstdl9","previousOperationId":"c1b8g3e5cbswbtm"}
{"type":"log","timestamp":1675621579052,"level":"info","message":"pdf-utils pdf processing was finished","meta":{"rootId":"evomwnp6c2itd83","id":"evomwnp6c2itd83"},"id":"tu44d9qhjxk8pfs","previousOperationId":"ns8zj3ot6htpn6v"}
{"type":"log","timestamp":1675621579052,"level":"debug","message":"Skipping storing report.","meta":{"rootId":"evomwnp6c2itd83","id":"evomwnp6c2itd83"},"id":"1d6s6dj17b1wzqd","previousOperationId":"ns8zj3ot6htpn6v"}
{"type":"log","timestamp":1675621579052,"level":"info","message":"Rendering request 35 finished in 1014 ms","meta":{"rootId":"evomwnp6c2itd83","id":"evomwnp6c2itd83"},"id":"3wul5yug8b9hz09","previousOperationId":"ns8zj3ot6htpn6v"}
{"type":"operationEnd","subtype":"render","operationId":"dwyqotmpfvrcmen","timestamp":1675621579052,"id":"y46jzye47gwlbe5","previousEventId":"y7qcslfx7473jil","previousOperationId":"ns8zj3ot6htpn6v"}
{"type":"operationEnd","doDiffs":false,"previousEventId":"92f8utlkskerxep","previousOperationId":"mjxpumql8nuth03","operationId":"mjxpumql8nuth03","timestamp":1675621579059,"id":"mvbpf7u8c255pet"}
