{"type":"operationStart","subtype":"profile","data":{"_id":"BN4Yni4wV6nSHTeJ","timestamp":"2023-02-01T17:50:28.059Z","state":"queued","mode":"standard","creationDate":"2023-02-01T17:50:28.061Z","modificationDate":"2023-02-01T17:50:28.061Z","shortid":"SCa0eO0","$entitySet":"profiles"},"doDiffs":false,"timestamp":1675273828060,"id":"4lqvkcdgf8xe8mn","previousOperationId":null,"operationId":"jwpxf6cqgabw6e9"}
{"type":"log","level":"info","message":"Render request 39 queued for execution and waiting for available worker","previousOperationId":"jwpxf6cqgabw6e9","timestamp":1675273828060,"id":"liimwth09kpv7yh"}
{"type":"operationStart","subtype":"render","name":"orders-main","previousOperationId":"jwpxf6cqgabw6e9","timestamp":1675273828071,"id":"pt5482jxzrxscl8","previousEventId":"4lqvkcdgf8xe8mn","operationId":"g75210rgrn1egx5"}
{"type":"log","timestamp":1675273828071,"level":"info","message":"Starting rendering request 39","meta":{"rootId":"f39sxzx8mioj9tx","id":"f39sxzx8mioj9tx"},"id":"x5iczuiq6yfnjaj","previousOperationId":"g75210rgrn1egx5"}
{"type":"log","timestamp":1675273828071,"level":"info","message":"Rendering template { name: orders-main, recipe: chrome-pdf, engine: handlebars, preview: true }","meta":{"rootId":"f39sxzx8mioj9tx","id":"f39sxzx8mioj9tx"},"id":"em8bdmabi2jbotu","previousOperationId":"g75210rgrn1egx5"}
{"type":"log","timestamp":1675273828072,"level":"debug","message":"Data item not defined for this template.","meta":{"rootId":"f39sxzx8mioj9tx","id":"f39sxzx8mioj9tx"},"id":"ahywda4a3spj30j","previousOperationId":"g75210rgrn1egx5"}
{"type":"log","timestamp":1675273828075,"level":"debug","message":"Executing script orders-script (beforeRender)","meta":{"rootId":"f39sxzx8mioj9tx","id":"f39sxzx8mioj9tx"},"id":"ereqgfxr45z4jw3","previousOperationId":"g75210rgrn1egx5"}
{"type":"operationStart","subtype":"scriptsBeforeRender","name":"scripts beforeRender","timestamp":1675273828105,"id":"h7ia69mgirn5jp7","previousEventId":"pt5482jxzrxscl8","operationId":"owzybrkenxwx32y","previousOperationId":"g75210rgrn1egx5"}
{"type":"operationStart","subtype":"script","name":"scripts orders-script","previousOperationId":"owzybrkenxwx32y","timestamp":1675273828105,"id":"wz0c1hogb7lo3wo","previousEventId":"h7ia69mgirn5jp7","operationId":"zudhkt0lcxluyfc"}
{"type":"log","timestamp":1675273828105,"level":"debug","message":"(console:log) AAAAAAAAAAAAAAAAAAAAAAA  undefined","meta":{"userLevel":true,"rootId":"f39sxzx8mioj9tx","id":"f39sxzx8mioj9tx"},"id":"bxkigno92w29rsu","previousOperationId":"zudhkt0lcxluyfc"}
{"type":"log","timestamp":1675273828364,"level":"debug","message":"(console:log) undefined","meta":{"userLevel":true,"rootId":"f39sxzx8mioj9tx","id":"f39sxzx8mioj9tx"},"id":"fza68vxuqj5iyr4","previousOperationId":"zudhkt0lcxluyfc"}
{"type":"log","timestamp":1675273828364,"level":"debug","message":"(console:log) Antonio","meta":{"userLevel":true,"rootId":"f39sxzx8mioj9tx","id":"f39sxzx8mioj9tx"},"id":"w44jyiyb76ra806","previousOperationId":"zudhkt0lcxluyfc"}
{"type":"operationEnd","operationId":"zudhkt0lcxluyfc","timestamp":1675273828364,"id":"8a6rcys7ncrdgk9","previousEventId":"pt5482jxzrxscl8","previousOperationId":"g75210rgrn1egx5"}
{"type":"operationEnd","operationId":"owzybrkenxwx32y","timestamp":1675273828364,"id":"qklujzwlzls1jsh","previousEventId":"8a6rcys7ncrdgk9","previousOperationId":"g75210rgrn1egx5"}
{"type":"log","timestamp":1675273828364,"level":"debug","message":"Base url not specified, skipping its injection.","meta":{"rootId":"f39sxzx8mioj9tx","id":"f39sxzx8mioj9tx"},"id":"xd4f2pcgiu2v4fd","previousOperationId":"owzybrkenxwx32y"}
{"type":"operationStart","subtype":"engine","name":"handlebars","timestamp":1675273828364,"id":"dmsz4gug3w03kr7","previousEventId":"qklujzwlzls1jsh","operationId":"52325sv9y3hp4cs","previousOperationId":"owzybrkenxwx32y"}
{"type":"log","timestamp":1675273828364,"level":"debug","message":"Rendering engine handlebars","meta":{"rootId":"f39sxzx8mioj9tx","id":"f39sxzx8mioj9tx"},"id":"yvj9gsudmfi31tk","previousOperationId":"52325sv9y3hp4cs"}
{"type":"operationEnd","operationId":"52325sv9y3hp4cs","timestamp":1675273828375,"id":"olqtef4qvb56sfs","previousEventId":"dmsz4gug3w03kr7","previousOperationId":"52325sv9y3hp4cs"}
{"type":"operationStart","subtype":"recipe","name":"chrome-pdf","timestamp":1675273828375,"id":"58wlbw11wus73zm","previousEventId":"olqtef4qvb56sfs","operationId":"m95435txjn2q8i3","previousOperationId":"52325sv9y3hp4cs"}
{"type":"log","timestamp":1675273828375,"level":"debug","message":"Executing recipe chrome-pdf","meta":{"rootId":"f39sxzx8mioj9tx","id":"f39sxzx8mioj9tx"},"id":"htqdu1l6yds5jci","previousOperationId":"m95435txjn2q8i3"}
{"type":"log","timestamp":1675273828378,"level":"debug","message":"Converting with chrome HeadlessChrome/105.0.5173.0 using chrome-pool strategy","meta":{"rootId":"f39sxzx8mioj9tx","id":"f39sxzx8mioj9tx"},"id":"cv2w41c99pz76g8","previousOperationId":"m95435txjn2q8i3"}
{"type":"log","timestamp":1675273828472,"level":"debug","message":"Page request: GET (document) file:///C:/Users/pollo/AppData/Local/Temp/jsreport/autocleanup/76c110fc-7170-4f82-b1f5-9e313630fe98-chrome-pdf.html","meta":{"rootId":"f39sxzx8mioj9tx","id":"f39sxzx8mioj9tx"},"id":"ihshlvffr7m5441","previousOperationId":"m95435txjn2q8i3"}
{"type":"log","timestamp":1675273828482,"level":"debug","message":"Page request finished: GET (document) 200 file:///C:/Users/pollo/AppData/Local/Temp/jsreport/autocleanup/76c110fc-7170-4f82-b1f5-9e313630fe98-chrome-pdf.html","meta":{"rootId":"f39sxzx8mioj9tx","id":"f39sxzx8mioj9tx"},"id":"wztyt2aq875l56s","previousOperationId":"m95435txjn2q8i3"}
{"type":"log","timestamp":1675273828482,"level":"debug","message":"Page request: GET (stylesheet) https://cdnjs.cloudflare.com/ajax/libs/metro/4.1.5/css/metro.min.css","meta":{"rootId":"f39sxzx8mioj9tx","id":"f39sxzx8mioj9tx"},"id":"pc3c15th0r3pe9c","previousOperationId":"m95435txjn2q8i3"}
{"type":"log","timestamp":1675273828482,"level":"debug","message":"Page request: GET (script) https://cdnjs.cloudflare.com/ajax/libs/Chart.js/2.7.2/Chart.min.js","meta":{"rootId":"f39sxzx8mioj9tx","id":"f39sxzx8mioj9tx"},"id":"ozu9cvjsbwrtifs","previousOperationId":"m95435txjn2q8i3"}
{"type":"log","timestamp":1675273828490,"level":"debug","message":"Page request finished: GET (script) 200 https://cdnjs.cloudflare.com/ajax/libs/Chart.js/2.7.2/Chart.min.js","meta":{"rootId":"f39sxzx8mioj9tx","id":"f39sxzx8mioj9tx"},"id":"89uwty5rfsam05r","previousOperationId":"m95435txjn2q8i3"}
{"type":"log","timestamp":1675273828507,"level":"debug","message":"Page request finished: GET (stylesheet) 200 https://cdnjs.cloudflare.com/ajax/libs/metro/4.1.5/css/metro.min.css","meta":{"rootId":"f39sxzx8mioj9tx","id":"f39sxzx8mioj9tx"},"id":"ybuncg7bap2gj8r","previousOperationId":"m95435txjn2q8i3"}
{"type":"log","timestamp":1675273828519,"level":"debug","message":"Running chrome with params {\"printBackground\":true,\"marginTop\":\"4cm\",\"marginRight\":\"1.5cm\",\"marginBottom\":\"1.5cm\",\"marginLeft\":\"1.5cm\",\"waitForJS\":false,\"timeout\":59682,\"margin\":{\"top\":\"4cm\",\"right\":\"1.5cm\",\"bottom\":\"1.5cm\",\"left\":\"1.5cm\"}}","meta":{"rootId":"f39sxzx8mioj9tx","id":"f39sxzx8mioj9tx"},"id":"azorje3liz0jl4r","previousOperationId":"m95435txjn2q8i3"}
{"type":"operationEnd","operationId":"m95435txjn2q8i3","timestamp":1675273828550,"id":"wvhsb3nxxk3mzmv","previousEventId":"58wlbw11wus73zm","previousOperationId":"m95435txjn2q8i3"}
{"type":"log","timestamp":1675273828550,"level":"info","message":"pdf-utils is starting pdf processing","meta":{"rootId":"f39sxzx8mioj9tx","id":"f39sxzx8mioj9tx"},"id":"j3ua9zowuciabvy","previousOperationId":"m95435txjn2q8i3"}
{"type":"operationStart","subtype":"pdfUtils","name":"pdf utils","timestamp":1675273828550,"id":"kbjir0zbwzp3ihz","previousEventId":"wvhsb3nxxk3mzmv","operationId":"x5bi53cmsqoybgi","previousOperationId":"m95435txjn2q8i3"}
{"type":"log","timestamp":1675273828550,"level":"debug","message":"pdf-utils detected 1 pdf operation(s) to process","meta":{"rootId":"f39sxzx8mioj9tx","id":"f39sxzx8mioj9tx"},"id":"rlfxhl1ackkfewv","previousOperationId":"x5bi53cmsqoybgi"}
{"type":"log","timestamp":1675273828556,"level":"debug","message":"pdf-utils running pdf operation merge","meta":{"rootId":"f39sxzx8mioj9tx","id":"f39sxzx8mioj9tx"},"id":"ve5zsvw02r35cjc","previousOperationId":"x5bi53cmsqoybgi"}
{"type":"operationStart","subtype":"pdfUtilsMerge","name":"pdf utils merge","previousOperationId":"x5bi53cmsqoybgi","timestamp":1675273828556,"id":"38nrt7hjfsil7f1","previousEventId":"kbjir0zbwzp3ihz","operationId":"9ytmsur6vmc6uia"}
{"type":"operationStart","subtype":"render","name":"orders-header","previousOperationId":"9ytmsur6vmc6uia","timestamp":1675273828557,"id":"ozw2uaaldi1n2g3","previousEventId":"38nrt7hjfsil7f1","operationId":"e4qygj6oixcdt5j"}
{"type":"log","timestamp":1675273828557,"level":"info","message":"Starting rendering (child) request","meta":{"rootId":"f39sxzx8mioj9tx","id":"o4671dq2c7kl4hx"},"id":"bx8fgolsy4sdhsw","previousOperationId":"e4qygj6oixcdt5j"}
{"type":"log","timestamp":1675273828557,"level":"info","message":"Rendering template { name: orders-header, recipe: chrome-pdf, engine: handlebars, preview: true }","meta":{"rootId":"f39sxzx8mioj9tx","id":"o4671dq2c7kl4hx"},"id":"8nzpspulwe1s7d8","previousOperationId":"e4qygj6oixcdt5j"}
{"type":"log","timestamp":1675273828558,"level":"debug","message":"Inline data specified.","meta":{"rootId":"f39sxzx8mioj9tx","id":"o4671dq2c7kl4hx"},"id":"fu07a9mxdbjn879","previousOperationId":"e4qygj6oixcdt5j"}
{"type":"log","timestamp":1675273828560,"level":"debug","message":"Base url not specified, skipping its injection.","meta":{"rootId":"f39sxzx8mioj9tx","id":"o4671dq2c7kl4hx"},"id":"n04ma7uvdsu3a2a","previousOperationId":"e4qygj6oixcdt5j"}
{"type":"operationStart","subtype":"engine","name":"handlebars","timestamp":1675273828560,"id":"68z64uwnj8sdggq","previousEventId":"ozw2uaaldi1n2g3","operationId":"wjzk8wf91dw24kc","previousOperationId":"e4qygj6oixcdt5j"}
{"type":"log","timestamp":1675273828560,"level":"debug","message":"Rendering engine handlebars","meta":{"rootId":"f39sxzx8mioj9tx","id":"o4671dq2c7kl4hx"},"id":"rwzpfyfvylxwdwq","previousOperationId":"wjzk8wf91dw24kc"}
{"type":"operationEnd","operationId":"wjzk8wf91dw24kc","timestamp":1675273828577,"id":"abc7lehmhmf3opy","previousEventId":"68z64uwnj8sdggq","previousOperationId":"wjzk8wf91dw24kc"}
{"type":"operationStart","subtype":"recipe","name":"chrome-pdf","timestamp":1675273828577,"id":"jf87885q56duaet","previousEventId":"abc7lehmhmf3opy","operationId":"8mnl87l4ni4wy2k","previousOperationId":"wjzk8wf91dw24kc"}
{"type":"log","timestamp":1675273828577,"level":"debug","message":"Executing recipe chrome-pdf","meta":{"rootId":"f39sxzx8mioj9tx","id":"o4671dq2c7kl4hx"},"id":"5vlh6grs49xlj8a","previousOperationId":"8mnl87l4ni4wy2k"}
{"type":"log","timestamp":1675273828580,"level":"debug","message":"Converting with chrome HeadlessChrome/105.0.5173.0 using chrome-pool strategy","meta":{"rootId":"f39sxzx8mioj9tx","id":"o4671dq2c7kl4hx"},"id":"1xvk1i6dcrpx5j2","previousOperationId":"8mnl87l4ni4wy2k"}
{"type":"log","timestamp":1675273828689,"level":"debug","message":"Page request: GET (document) file:///C:/Users/pollo/AppData/Local/Temp/jsreport/autocleanup/8489bf6f-7e0a-4370-bfbb-e26829147ddf-chrome-pdf.html","meta":{"rootId":"f39sxzx8mioj9tx","id":"o4671dq2c7kl4hx"},"id":"6zas6zwgcvzxz6g","previousOperationId":"8mnl87l4ni4wy2k"}
{"type":"log","timestamp":1675273828698,"level":"debug","message":"Page request: GET (stylesheet) https://cdnjs.cloudflare.com/ajax/libs/metro/4.1.5/css/metro.min.css","meta":{"rootId":"f39sxzx8mioj9tx","id":"o4671dq2c7kl4hx"},"id":"ny7sggqf2xxkpe4","previousOperationId":"8mnl87l4ni4wy2k"}
{"type":"log","timestamp":1675273828698,"level":"debug","message":"Page request finished: GET (document) 200 file:///C:/Users/pollo/AppData/Local/Temp/jsreport/autocleanup/8489bf6f-7e0a-4370-bfbb-e26829147ddf-chrome-pdf.html","meta":{"rootId":"f39sxzx8mioj9tx","id":"o4671dq2c7kl4hx"},"id":"rcodk5ggpxpb6i0","previousOperationId":"8mnl87l4ni4wy2k"}
{"type":"log","timestamp":1675273828719,"level":"debug","message":"Page request finished: GET (stylesheet) 200 https://cdnjs.cloudflare.com/ajax/libs/metro/4.1.5/css/metro.min.css","meta":{"rootId":"f39sxzx8mioj9tx","id":"o4671dq2c7kl4hx"},"id":"27hfokcy282eerg","previousOperationId":"8mnl87l4ni4wy2k"}
{"type":"log","timestamp":1675273828741,"level":"debug","message":"Running chrome with params {\"printBackground\":true,\"marginTop\":\"1.5cm\",\"marginRight\":\"1.5cm\",\"marginLeft\":\"1.cm\",\"timeout\":59480,\"margin\":{\"top\":\"1.5cm\",\"right\":\"1.5cm\",\"left\":\"1.cm\"}}","meta":{"rootId":"f39sxzx8mioj9tx","id":"o4671dq2c7kl4hx"},"id":"j89rqorf1luelk0","previousOperationId":"8mnl87l4ni4wy2k"}
{"type":"operationEnd","operationId":"8mnl87l4ni4wy2k","timestamp":1675273828794,"id":"1aai8kcgpj0iazt","previousEventId":"jf87885q56duaet","previousOperationId":"8mnl87l4ni4wy2k"}
{"type":"log","timestamp":1675273828794,"level":"debug","message":"Skipping storing report.","meta":{"rootId":"f39sxzx8mioj9tx","id":"o4671dq2c7kl4hx"},"id":"hv5oo5xmhwi591o","previousOperationId":"8mnl87l4ni4wy2k"}
{"type":"log","timestamp":1675273828794,"level":"info","message":"Rendering (child) request finished in 735 ms","meta":{"rootId":"f39sxzx8mioj9tx","id":"o4671dq2c7kl4hx"},"id":"s8uf0q6v9mk5t9i","previousOperationId":"8mnl87l4ni4wy2k"}
{"type":"operationEnd","subtype":"render","operationId":"e4qygj6oixcdt5j","timestamp":1675273828795,"id":"6tk3ufr4qxarv7s","previousEventId":"1aai8kcgpj0iazt","previousOperationId":"8mnl87l4ni4wy2k"}
{"type":"operationEnd","operationId":"9ytmsur6vmc6uia","timestamp":1675273828801,"id":"wl5dp3z4kl7tiwh","previousEventId":"38nrt7hjfsil7f1","previousOperationId":"9ytmsur6vmc6uia"}
{"type":"log","timestamp":1675273828801,"level":"debug","message":"pdf-utils postproces start","meta":{"rootId":"f39sxzx8mioj9tx","id":"f39sxzx8mioj9tx"},"id":"2b2mz6o7wg83uov","previousOperationId":"9ytmsur6vmc6uia"}
{"type":"log","timestamp":1675273828806,"level":"debug","message":"pdf-utils postproces end","meta":{"rootId":"f39sxzx8mioj9tx","id":"f39sxzx8mioj9tx"},"id":"v895hhjxrlc6nb6","previousOperationId":"9ytmsur6vmc6uia"}
{"type":"operationEnd","operationId":"x5bi53cmsqoybgi","timestamp":1675273828806,"id":"4ov4327wtk05gyg","previousEventId":"wl5dp3z4kl7tiwh","previousOperationId":"9ytmsur6vmc6uia"}
{"type":"log","timestamp":1675273828806,"level":"info","message":"pdf-utils pdf processing was finished","meta":{"rootId":"f39sxzx8mioj9tx","id":"f39sxzx8mioj9tx"},"id":"di9ybaig01vimst","previousOperationId":"x5bi53cmsqoybgi"}
{"type":"log","timestamp":1675273828806,"level":"debug","message":"Skipping storing report.","meta":{"rootId":"f39sxzx8mioj9tx","id":"f39sxzx8mioj9tx"},"id":"mckvzw1n0cxo9pe","previousOperationId":"x5bi53cmsqoybgi"}
{"type":"log","timestamp":1675273828806,"level":"info","message":"Rendering request 39 finished in 747 ms","meta":{"rootId":"f39sxzx8mioj9tx","id":"f39sxzx8mioj9tx"},"id":"6da5oqetehnwyrx","previousOperationId":"x5bi53cmsqoybgi"}
{"type":"operationEnd","subtype":"render","operationId":"g75210rgrn1egx5","timestamp":1675273828807,"id":"ixh5rabc6h3yn66","previousEventId":"4ov4327wtk05gyg","previousOperationId":"x5bi53cmsqoybgi"}
{"type":"operationEnd","doDiffs":false,"previousEventId":"4lqvkcdgf8xe8mn","previousOperationId":"jwpxf6cqgabw6e9","operationId":"jwpxf6cqgabw6e9","timestamp":1675273828812,"id":"7dvftl08z8hupyi"}
