{"type":"operationStart","subtype":"profile","data":{"_id":"IlKOnafnxTQ2Hq0U","timestamp":"2023-02-05T18:09:33.314Z","state":"queued","mode":"standard","creationDate":"2023-02-05T18:09:33.316Z","modificationDate":"2023-02-05T18:09:33.316Z","shortid":"luhepD8","$entitySet":"profiles"},"doDiffs":false,"timestamp":1675620573315,"id":"lqwteatqycb9tjc","previousOperationId":null,"operationId":"nxrena6y6w83qlr"}
{"type":"log","level":"info","message":"Render request 26 queued for execution and waiting for available worker","previousOperationId":"nxrena6y6w83qlr","timestamp":1675620573315,"id":"0yvekzpxy417wpg"}
{"type":"operationStart","subtype":"render","name":"orders-main","previousOperationId":"nxrena6y6w83qlr","timestamp":1675620573326,"id":"basyab9ig264cs0","previousEventId":"lqwteatqycb9tjc","operationId":"86grgd6eqsylkzg"}
{"type":"log","timestamp":1675620573326,"level":"info","message":"Starting rendering request 26","meta":{"rootId":"f6feijbrj9v9zu1","id":"f6feijbrj9v9zu1"},"id":"iquykvzqrb6odio","previousOperationId":"86grgd6eqsylkzg"}
{"type":"log","timestamp":1675620573326,"level":"info","message":"Rendering template { name: orders-main, recipe: chrome-pdf, engine: handlebars, preview: true }","meta":{"rootId":"f6feijbrj9v9zu1","id":"f6feijbrj9v9zu1"},"id":"f1cywqloqnahbqj","previousOperationId":"86grgd6eqsylkzg"}
{"type":"log","timestamp":1675620573328,"level":"debug","message":"Data item not defined for this template.","meta":{"rootId":"f6feijbrj9v9zu1","id":"f6feijbrj9v9zu1"},"id":"jft7riyy6uvykdh","previousOperationId":"86grgd6eqsylkzg"}
{"type":"log","timestamp":1675620573332,"level":"debug","message":"Executing script orders-script (beforeRender)","meta":{"rootId":"f6feijbrj9v9zu1","id":"f6feijbrj9v9zu1"},"id":"wmx1xfo08tz5ir9","previousOperationId":"86grgd6eqsylkzg"}
{"type":"operationStart","subtype":"scriptsBeforeRender","name":"scripts beforeRender","timestamp":1675620573363,"id":"dbwdj30tni8kzvw","previousEventId":"basyab9ig264cs0","operationId":"zlrmjeww4hirmg6","previousOperationId":"86grgd6eqsylkzg"}
{"type":"operationStart","subtype":"script","name":"scripts orders-script","previousOperationId":"zlrmjeww4hirmg6","timestamp":1675620573363,"id":"lz3glf843vxkm9d","previousEventId":"dbwdj30tni8kzvw","operationId":"3rorplworfz2wb9"}
{"type":"operationEnd","operationId":"3rorplworfz2wb9","timestamp":1675620573647,"id":"22j1b28aid0phki","previousEventId":"basyab9ig264cs0","previousOperationId":"86grgd6eqsylkzg"}
{"type":"operationEnd","operationId":"zlrmjeww4hirmg6","timestamp":1675620573647,"id":"e3ozku5xgueizm8","previousEventId":"22j1b28aid0phki","previousOperationId":"86grgd6eqsylkzg"}
{"type":"log","timestamp":1675620573647,"level":"debug","message":"Base url not specified, skipping its injection.","meta":{"rootId":"f6feijbrj9v9zu1","id":"f6feijbrj9v9zu1"},"id":"dwivoqx0lohdelu","previousOperationId":"zlrmjeww4hirmg6"}
{"type":"operationStart","subtype":"engine","name":"handlebars","timestamp":1675620573648,"id":"y9zz6p50vjh38a3","previousEventId":"e3ozku5xgueizm8","operationId":"4gbxuxpirgi85bq","previousOperationId":"zlrmjeww4hirmg6"}
{"type":"log","timestamp":1675620573648,"level":"debug","message":"Rendering engine handlebars","meta":{"rootId":"f6feijbrj9v9zu1","id":"f6feijbrj9v9zu1"},"id":"cgnnzmits49f11q","previousOperationId":"4gbxuxpirgi85bq"}
{"type":"operationEnd","operationId":"4gbxuxpirgi85bq","timestamp":1675620573660,"id":"gx5bzvmifpg3srj","previousEventId":"y9zz6p50vjh38a3","previousOperationId":"4gbxuxpirgi85bq"}
{"type":"operationStart","subtype":"recipe","name":"chrome-pdf","timestamp":1675620573660,"id":"bm0t0st4e6wr6lr","previousEventId":"gx5bzvmifpg3srj","operationId":"f8g7e40o2k3okdf","previousOperationId":"4gbxuxpirgi85bq"}
{"type":"log","timestamp":1675620573660,"level":"debug","message":"Executing recipe chrome-pdf","meta":{"rootId":"f6feijbrj9v9zu1","id":"f6feijbrj9v9zu1"},"id":"2m6f2kl4vson2yu","previousOperationId":"f8g7e40o2k3okdf"}
{"type":"log","timestamp":1675620573663,"level":"debug","message":"Converting with chrome HeadlessChrome/105.0.5173.0 using chrome-pool strategy","meta":{"rootId":"f6feijbrj9v9zu1","id":"f6feijbrj9v9zu1"},"id":"uabq98vdf6lxtp7","previousOperationId":"f8g7e40o2k3okdf"}
{"type":"log","timestamp":1675620573762,"level":"debug","message":"Page request: GET (document) file:///C:/Users/pollo/AppData/Local/Temp/jsreport/autocleanup/ee86cd5e-9669-4bb5-8626-2ec8d11ff19e-chrome-pdf.html","meta":{"rootId":"f6feijbrj9v9zu1","id":"f6feijbrj9v9zu1"},"id":"2s7u0lcha2i92lh","previousOperationId":"f8g7e40o2k3okdf"}
{"type":"log","timestamp":1675620573782,"level":"debug","message":"Page request finished: GET (document) 200 file:///C:/Users/pollo/AppData/Local/Temp/jsreport/autocleanup/ee86cd5e-9669-4bb5-8626-2ec8d11ff19e-chrome-pdf.html","meta":{"rootId":"f6feijbrj9v9zu1","id":"f6feijbrj9v9zu1"},"id":"47b8rjsuhy70eln","previousOperationId":"f8g7e40o2k3okdf"}
{"type":"log","timestamp":1675620573782,"level":"debug","message":"Page request: GET (stylesheet) https://cdnjs.cloudflare.com/ajax/libs/metro/4.1.5/css/metro.min.css","meta":{"rootId":"f6feijbrj9v9zu1","id":"f6feijbrj9v9zu1"},"id":"ytjtejhl5ep4f8y","previousOperationId":"f8g7e40o2k3okdf"}
{"type":"log","timestamp":1675620573782,"level":"debug","message":"Page request: GET (script) https://cdnjs.cloudflare.com/ajax/libs/Chart.js/2.7.2/Chart.min.js","meta":{"rootId":"f6feijbrj9v9zu1","id":"f6feijbrj9v9zu1"},"id":"obi43wfc37xvalt","previousOperationId":"f8g7e40o2k3okdf"}
{"type":"log","timestamp":1675620573789,"level":"debug","message":"Page request finished: GET (script) 200 https://cdnjs.cloudflare.com/ajax/libs/Chart.js/2.7.2/Chart.min.js","meta":{"rootId":"f6feijbrj9v9zu1","id":"f6feijbrj9v9zu1"},"id":"tnko8yd76dsapxi","previousOperationId":"f8g7e40o2k3okdf"}
{"type":"log","timestamp":1675620573806,"level":"debug","message":"Page request finished: GET (stylesheet) 200 https://cdnjs.cloudflare.com/ajax/libs/metro/4.1.5/css/metro.min.css","meta":{"rootId":"f6feijbrj9v9zu1","id":"f6feijbrj9v9zu1"},"id":"vb95p1oz6xtjahs","previousOperationId":"f8g7e40o2k3okdf"}
{"type":"log","timestamp":1675620573812,"level":"warn","message":"Page error: SyntaxError: Unexpected identifier","meta":{"rootId":"f6feijbrj9v9zu1","id":"f6feijbrj9v9zu1"},"id":"3zcdhk4u9e90iyz","previousOperationId":"f8g7e40o2k3okdf"}
{"type":"log","timestamp":1675620573843,"level":"debug","message":"Running chrome with params {\"printBackground\":true,\"marginTop\":\"4cm\",\"marginRight\":\"1.5cm\",\"marginBottom\":\"1.5cm\",\"marginLeft\":\"1.5cm\",\"waitForJS\":false,\"timeout\":59652,\"margin\":{\"top\":\"4cm\",\"right\":\"1.5cm\",\"bottom\":\"1.5cm\",\"left\":\"1.5cm\"}}","meta":{"rootId":"f6feijbrj9v9zu1","id":"f6feijbrj9v9zu1"},"id":"9mia3d1l3pq8y77","previousOperationId":"f8g7e40o2k3okdf"}
{"type":"operationEnd","operationId":"f8g7e40o2k3okdf","timestamp":1675620573922,"id":"igir2uduk4k337p","previousEventId":"bm0t0st4e6wr6lr","previousOperationId":"f8g7e40o2k3okdf"}
{"type":"log","timestamp":1675620573922,"level":"info","message":"pdf-utils is starting pdf processing","meta":{"rootId":"f6feijbrj9v9zu1","id":"f6feijbrj9v9zu1"},"id":"hir0kngeahcxq9c","previousOperationId":"f8g7e40o2k3okdf"}
{"type":"operationStart","subtype":"pdfUtils","name":"pdf utils","timestamp":1675620573922,"id":"ivm4f2i830mo886","previousEventId":"igir2uduk4k337p","operationId":"ah80kdz5eq2yk43","previousOperationId":"f8g7e40o2k3okdf"}
{"type":"log","timestamp":1675620573922,"level":"debug","message":"pdf-utils detected 1 pdf operation(s) to process","meta":{"rootId":"f6feijbrj9v9zu1","id":"f6feijbrj9v9zu1"},"id":"drqlsw8djibfig6","previousOperationId":"ah80kdz5eq2yk43"}
{"type":"log","timestamp":1675620573934,"level":"debug","message":"pdf-utils running pdf operation merge","meta":{"rootId":"f6feijbrj9v9zu1","id":"f6feijbrj9v9zu1"},"id":"6wc69udnr1b2xkx","previousOperationId":"ah80kdz5eq2yk43"}
{"type":"operationStart","subtype":"pdfUtilsMerge","name":"pdf utils merge","previousOperationId":"ah80kdz5eq2yk43","timestamp":1675620573934,"id":"yxpl4b3v3p4jjwi","previousEventId":"ivm4f2i830mo886","operationId":"qg5kym9tgtxbe5y"}
{"type":"operationStart","subtype":"render","name":"orders-header","previousOperationId":"qg5kym9tgtxbe5y","timestamp":1675620573935,"id":"tc2auww2h33mj35","previousEventId":"yxpl4b3v3p4jjwi","operationId":"gpo8e67twgc2b9p"}
{"type":"log","timestamp":1675620573935,"level":"info","message":"Starting rendering (child) request","meta":{"rootId":"f6feijbrj9v9zu1","id":"hagtuay8yo6gznx"},"id":"aq6abfzvpq9y8rv","previousOperationId":"gpo8e67twgc2b9p"}
{"type":"log","timestamp":1675620573935,"level":"info","message":"Rendering template { name: orders-header, recipe: chrome-pdf, engine: handlebars, preview: true }","meta":{"rootId":"f6feijbrj9v9zu1","id":"hagtuay8yo6gznx"},"id":"zty8a2dp34l0b19","previousOperationId":"gpo8e67twgc2b9p"}
{"type":"log","timestamp":1675620573937,"level":"debug","message":"Inline data specified.","meta":{"rootId":"f6feijbrj9v9zu1","id":"hagtuay8yo6gznx"},"id":"gg9lgmre2p9hn29","previousOperationId":"gpo8e67twgc2b9p"}
{"type":"log","timestamp":1675620573940,"level":"debug","message":"Base url not specified, skipping its injection.","meta":{"rootId":"f6feijbrj9v9zu1","id":"hagtuay8yo6gznx"},"id":"jyd4ta64iujzblz","previousOperationId":"gpo8e67twgc2b9p"}
{"type":"operationStart","subtype":"engine","name":"handlebars","timestamp":1675620573940,"id":"3oh6o8ulbbvjobp","previousEventId":"tc2auww2h33mj35","operationId":"yrq958cauycilk1","previousOperationId":"gpo8e67twgc2b9p"}
{"type":"log","timestamp":1675620573940,"level":"debug","message":"Rendering engine handlebars","meta":{"rootId":"f6feijbrj9v9zu1","id":"hagtuay8yo6gznx"},"id":"jfv1grhnxg5goyq","previousOperationId":"yrq958cauycilk1"}
{"type":"operationEnd","operationId":"yrq958cauycilk1","timestamp":1675620573957,"id":"f2smiw4ikgpd3fc","previousEventId":"3oh6o8ulbbvjobp","previousOperationId":"yrq958cauycilk1"}
{"type":"operationStart","subtype":"recipe","name":"chrome-pdf","timestamp":1675620573958,"id":"moburd1tomp3k06","previousEventId":"f2smiw4ikgpd3fc","operationId":"cv56kc698dsxg5z","previousOperationId":"yrq958cauycilk1"}
{"type":"log","timestamp":1675620573958,"level":"debug","message":"Executing recipe chrome-pdf","meta":{"rootId":"f6feijbrj9v9zu1","id":"hagtuay8yo6gznx"},"id":"e7dpkeujhch3d99","previousOperationId":"cv56kc698dsxg5z"}
{"type":"log","timestamp":1675620573960,"level":"debug","message":"Converting with chrome HeadlessChrome/105.0.5173.0 using chrome-pool strategy","meta":{"rootId":"f6feijbrj9v9zu1","id":"hagtuay8yo6gznx"},"id":"vljfpb302s30dg6","previousOperationId":"cv56kc698dsxg5z"}
{"type":"log","timestamp":1675620574083,"level":"debug","message":"Page request: GET (document) file:///C:/Users/pollo/AppData/Local/Temp/jsreport/autocleanup/db9f81dd-5be1-48ab-9c68-8198ac586d37-chrome-pdf.html","meta":{"rootId":"f6feijbrj9v9zu1","id":"hagtuay8yo6gznx"},"id":"sl2y94cb34xqjky","previousOperationId":"cv56kc698dsxg5z"}
{"type":"log","timestamp":1675620574105,"level":"debug","message":"Page request finished: GET (document) 200 file:///C:/Users/pollo/AppData/Local/Temp/jsreport/autocleanup/db9f81dd-5be1-48ab-9c68-8198ac586d37-chrome-pdf.html","meta":{"rootId":"f6feijbrj9v9zu1","id":"hagtuay8yo6gznx"},"id":"atmmbr07647qi7b","previousOperationId":"cv56kc698dsxg5z"}
{"type":"log","timestamp":1675620574106,"level":"debug","message":"Page request: GET (stylesheet) https://cdnjs.cloudflare.com/ajax/libs/metro/4.1.5/css/metro.min.css","meta":{"rootId":"f6feijbrj9v9zu1","id":"hagtuay8yo6gznx"},"id":"kbd0sxkpod1oqx8","previousOperationId":"cv56kc698dsxg5z"}
{"type":"log","timestamp":1675620574146,"level":"debug","message":"Page request finished: GET (stylesheet) 200 https://cdnjs.cloudflare.com/ajax/libs/metro/4.1.5/css/metro.min.css","meta":{"rootId":"f6feijbrj9v9zu1","id":"hagtuay8yo6gznx"},"id":"7wy59b0nsde6gsk","previousOperationId":"cv56kc698dsxg5z"}
{"type":"log","timestamp":1675620574185,"level":"debug","message":"Running chrome with params {\"printBackground\":true,\"marginTop\":\"1.5cm\",\"marginRight\":\"1.5cm\",\"marginLeft\":\"1.cm\",\"timeout\":59355,\"margin\":{\"top\":\"1.5cm\",\"right\":\"1.5cm\",\"left\":\"1.cm\"}}","meta":{"rootId":"f6feijbrj9v9zu1","id":"hagtuay8yo6gznx"},"id":"3rmzyzqysmdm2hv","previousOperationId":"cv56kc698dsxg5z"}
{"type":"operationEnd","operationId":"cv56kc698dsxg5z","timestamp":1675620574268,"id":"nsu8jrinmolw6u1","previousEventId":"moburd1tomp3k06","previousOperationId":"cv56kc698dsxg5z"}
{"type":"log","timestamp":1675620574268,"level":"debug","message":"Skipping storing report.","meta":{"rootId":"f6feijbrj9v9zu1","id":"hagtuay8yo6gznx"},"id":"8hwdccndpo9kiib","previousOperationId":"cv56kc698dsxg5z"}
{"type":"log","timestamp":1675620574268,"level":"info","message":"Rendering (child) request finished in 954 ms","meta":{"rootId":"f6feijbrj9v9zu1","id":"hagtuay8yo6gznx"},"id":"3v5n382vgycnwrh","previousOperationId":"cv56kc698dsxg5z"}
{"type":"operationEnd","subtype":"render","operationId":"gpo8e67twgc2b9p","timestamp":1675620574269,"id":"wxpl70ptqryp5sk","previousEventId":"nsu8jrinmolw6u1","previousOperationId":"cv56kc698dsxg5z"}
{"type":"operationEnd","operationId":"qg5kym9tgtxbe5y","timestamp":1675620574281,"id":"dt7dvdb33jjp4f2","previousEventId":"yxpl4b3v3p4jjwi","previousOperationId":"qg5kym9tgtxbe5y"}
{"type":"log","timestamp":1675620574281,"level":"debug","message":"pdf-utils postproces start","meta":{"rootId":"f6feijbrj9v9zu1","id":"f6feijbrj9v9zu1"},"id":"jgbygeq25itxc78","previousOperationId":"qg5kym9tgtxbe5y"}
{"type":"log","timestamp":1675620574290,"level":"debug","message":"pdf-utils postproces end","meta":{"rootId":"f6feijbrj9v9zu1","id":"f6feijbrj9v9zu1"},"id":"rouolyduaixoyj0","previousOperationId":"qg5kym9tgtxbe5y"}
{"type":"operationEnd","operationId":"ah80kdz5eq2yk43","timestamp":1675620574290,"id":"gsw6u73kkon1sca","previousEventId":"dt7dvdb33jjp4f2","previousOperationId":"qg5kym9tgtxbe5y"}
{"type":"log","timestamp":1675620574290,"level":"info","message":"pdf-utils pdf processing was finished","meta":{"rootId":"f6feijbrj9v9zu1","id":"f6feijbrj9v9zu1"},"id":"tbvp8fbnexzocj1","previousOperationId":"ah80kdz5eq2yk43"}
{"type":"log","timestamp":1675620574290,"level":"debug","message":"Skipping storing report.","meta":{"rootId":"f6feijbrj9v9zu1","id":"f6feijbrj9v9zu1"},"id":"yvjmzk6vy99z9t8","previousOperationId":"ah80kdz5eq2yk43"}
{"type":"log","timestamp":1675620574290,"level":"info","message":"Rendering request 26 finished in 976 ms","meta":{"rootId":"f6feijbrj9v9zu1","id":"f6feijbrj9v9zu1"},"id":"p74hkaktqlegsit","previousOperationId":"ah80kdz5eq2yk43"}
{"type":"operationEnd","subtype":"render","operationId":"86grgd6eqsylkzg","timestamp":1675620574290,"id":"djzvcbcr2hm4zmo","previousEventId":"gsw6u73kkon1sca","previousOperationId":"ah80kdz5eq2yk43"}
{"type":"operationEnd","doDiffs":false,"previousEventId":"lqwteatqycb9tjc","previousOperationId":"nxrena6y6w83qlr","operationId":"nxrena6y6w83qlr","timestamp":1675620574299,"id":"b7i3jgjzcd9eosy"}
