{"type":"operationStart","subtype":"profile","data":{"_id":"sKuvbH59Kdldhpcl","timestamp":"2023-02-01T17:35:34.108Z","state":"queued","mode":"standard","creationDate":"2023-02-01T17:35:34.109Z","modificationDate":"2023-02-01T17:35:34.109Z","shortid":"U0LC8pI","$entitySet":"profiles"},"doDiffs":false,"timestamp":1675272934109,"id":"04bw5hiltiqw7rq","previousOperationId":null,"operationId":"8gimjfh99wqiklu"}
{"type":"log","level":"info","message":"Render request 30 queued for execution and waiting for available worker","previousOperationId":"8gimjfh99wqiklu","timestamp":1675272934109,"id":"b2q9os39oa0fakm"}
{"type":"operationStart","subtype":"render","name":"orders-main","previousOperationId":"8gimjfh99wqiklu","timestamp":1675272934117,"id":"bthw0epzuk6rhzq","previousEventId":"04bw5hiltiqw7rq","operationId":"dhevxjj1rj4ogl1"}
{"type":"log","timestamp":1675272934117,"level":"info","message":"Starting rendering request 30","meta":{"rootId":"fvga3bzsbxrhoye","id":"fvga3bzsbxrhoye"},"id":"rm72e3yo3is94ol","previousOperationId":"dhevxjj1rj4ogl1"}
{"type":"log","timestamp":1675272934117,"level":"info","message":"Rendering template { name: orders-main, recipe: chrome-pdf, engine: handlebars, preview: true }","meta":{"rootId":"fvga3bzsbxrhoye","id":"fvga3bzsbxrhoye"},"id":"jyqy4hn16cfeiq9","previousOperationId":"dhevxjj1rj4ogl1"}
{"type":"log","timestamp":1675272934121,"level":"debug","message":"Data item not defined for this template.","meta":{"rootId":"fvga3bzsbxrhoye","id":"fvga3bzsbxrhoye"},"id":"it83ja1orhnuegv","previousOperationId":"dhevxjj1rj4ogl1"}
{"type":"log","timestamp":1675272934126,"level":"debug","message":"Executing script orders-script (beforeRender)","meta":{"rootId":"fvga3bzsbxrhoye","id":"fvga3bzsbxrhoye"},"id":"5jpmzxb7ce09le5","previousOperationId":"dhevxjj1rj4ogl1"}
{"type":"operationStart","subtype":"scriptsBeforeRender","name":"scripts beforeRender","timestamp":1675272934156,"id":"ymu7kjdygt4j5k2","previousEventId":"bthw0epzuk6rhzq","operationId":"dji072fclh1aeln","previousOperationId":"dhevxjj1rj4ogl1"}
{"type":"operationStart","subtype":"script","name":"scripts orders-script","previousOperationId":"dji072fclh1aeln","timestamp":1675272934156,"id":"5kftr0mxpl67l50","previousEventId":"ymu7kjdygt4j5k2","operationId":"275obcvlgsg6r3k"}
{"type":"log","timestamp":1675272934156,"level":"debug","message":"(console:log) AAAAAAAAAAAAAAAAAAAAAAA  undefined","meta":{"userLevel":true,"rootId":"fvga3bzsbxrhoye","id":"fvga3bzsbxrhoye"},"id":"opegb26otv1iudw","previousOperationId":"275obcvlgsg6r3k"}
{"type":"log","timestamp":1675272934414,"level":"debug","message":"(console:log) Antonio","meta":{"userLevel":true,"rootId":"fvga3bzsbxrhoye","id":"fvga3bzsbxrhoye"},"id":"62hwz7u33to3gkw","previousOperationId":"275obcvlgsg6r3k"}
{"type":"operationEnd","operationId":"275obcvlgsg6r3k","timestamp":1675272934414,"id":"1tncsjod03bx6nu","previousEventId":"bthw0epzuk6rhzq","previousOperationId":"dhevxjj1rj4ogl1"}
{"type":"operationEnd","operationId":"dji072fclh1aeln","timestamp":1675272934414,"id":"ah5ncrg8jqsog5d","previousEventId":"1tncsjod03bx6nu","previousOperationId":"dhevxjj1rj4ogl1"}
{"type":"log","timestamp":1675272934414,"level":"debug","message":"Base url not specified, skipping its injection.","meta":{"rootId":"fvga3bzsbxrhoye","id":"fvga3bzsbxrhoye"},"id":"xlyshfxa7sat5fr","previousOperationId":"dji072fclh1aeln"}
{"type":"operationStart","subtype":"engine","name":"handlebars","timestamp":1675272934415,"id":"bwgy1p6z6r796is","previousEventId":"ah5ncrg8jqsog5d","operationId":"tnot81kq8j05oyr","previousOperationId":"dji072fclh1aeln"}
{"type":"log","timestamp":1675272934415,"level":"debug","message":"Rendering engine handlebars","meta":{"rootId":"fvga3bzsbxrhoye","id":"fvga3bzsbxrhoye"},"id":"n7j8ep8yhl9b1af","previousOperationId":"tnot81kq8j05oyr"}
{"type":"operationEnd","operationId":"tnot81kq8j05oyr","timestamp":1675272934425,"id":"a8562v77gjp3qg6","previousEventId":"bwgy1p6z6r796is","previousOperationId":"tnot81kq8j05oyr"}
{"type":"operationStart","subtype":"recipe","name":"chrome-pdf","timestamp":1675272934425,"id":"2j11yu9s8qanlcj","previousEventId":"a8562v77gjp3qg6","operationId":"0kexc95lasdt4eq","previousOperationId":"tnot81kq8j05oyr"}
{"type":"log","timestamp":1675272934425,"level":"debug","message":"Executing recipe chrome-pdf","meta":{"rootId":"fvga3bzsbxrhoye","id":"fvga3bzsbxrhoye"},"id":"9142kyqdeskogpg","previousOperationId":"0kexc95lasdt4eq"}
{"type":"log","timestamp":1675272934427,"level":"debug","message":"Converting with chrome HeadlessChrome/105.0.5173.0 using chrome-pool strategy","meta":{"rootId":"fvga3bzsbxrhoye","id":"fvga3bzsbxrhoye"},"id":"glvrngh3e2d64nk","previousOperationId":"0kexc95lasdt4eq"}
{"type":"log","timestamp":1675272934525,"level":"debug","message":"Page request: GET (document) file:///C:/Users/pollo/AppData/Local/Temp/jsreport/autocleanup/88b532a7-b4bc-4ce6-8772-59ea1012fe2c-chrome-pdf.html","meta":{"rootId":"fvga3bzsbxrhoye","id":"fvga3bzsbxrhoye"},"id":"9tq31clw6d45ubv","previousOperationId":"0kexc95lasdt4eq"}
{"type":"log","timestamp":1675272934536,"level":"debug","message":"Page request finished: GET (document) 200 file:///C:/Users/pollo/AppData/Local/Temp/jsreport/autocleanup/88b532a7-b4bc-4ce6-8772-59ea1012fe2c-chrome-pdf.html","meta":{"rootId":"fvga3bzsbxrhoye","id":"fvga3bzsbxrhoye"},"id":"6yn6f100pi4wi8n","previousOperationId":"0kexc95lasdt4eq"}
{"type":"log","timestamp":1675272934536,"level":"debug","message":"Page request: GET (stylesheet) https://cdnjs.cloudflare.com/ajax/libs/metro/4.1.5/css/metro.min.css","meta":{"rootId":"fvga3bzsbxrhoye","id":"fvga3bzsbxrhoye"},"id":"kxj1g8zo4myj84a","previousOperationId":"0kexc95lasdt4eq"}
{"type":"log","timestamp":1675272934536,"level":"debug","message":"Page request: GET (script) https://cdnjs.cloudflare.com/ajax/libs/Chart.js/2.7.2/Chart.min.js","meta":{"rootId":"fvga3bzsbxrhoye","id":"fvga3bzsbxrhoye"},"id":"2s08bgx3mf4gu3o","previousOperationId":"0kexc95lasdt4eq"}
{"type":"log","timestamp":1675272934568,"level":"debug","message":"Page request finished: GET (stylesheet) 200 https://cdnjs.cloudflare.com/ajax/libs/metro/4.1.5/css/metro.min.css","meta":{"rootId":"fvga3bzsbxrhoye","id":"fvga3bzsbxrhoye"},"id":"pqru66813phlm08","previousOperationId":"0kexc95lasdt4eq"}
{"type":"log","timestamp":1675272934568,"level":"debug","message":"Page request finished: GET (script) 200 https://cdnjs.cloudflare.com/ajax/libs/Chart.js/2.7.2/Chart.min.js","meta":{"rootId":"fvga3bzsbxrhoye","id":"fvga3bzsbxrhoye"},"id":"2578n1dbl3a8fba","previousOperationId":"0kexc95lasdt4eq"}
{"type":"log","timestamp":1675272934595,"level":"debug","message":"Running chrome with params {\"printBackground\":true,\"marginTop\":\"4cm\",\"marginRight\":\"1.5cm\",\"marginBottom\":\"1.5cm\",\"marginLeft\":\"1.5cm\",\"waitForJS\":false,\"timeout\":59681,\"margin\":{\"top\":\"4cm\",\"right\":\"1.5cm\",\"bottom\":\"1.5cm\",\"left\":\"1.5cm\"}}","meta":{"rootId":"fvga3bzsbxrhoye","id":"fvga3bzsbxrhoye"},"id":"qqg4fzo67p79hdw","previousOperationId":"0kexc95lasdt4eq"}
{"type":"operationEnd","operationId":"0kexc95lasdt4eq","timestamp":1675272934628,"id":"lxfxfhwqir9kltx","previousEventId":"2j11yu9s8qanlcj","previousOperationId":"0kexc95lasdt4eq"}
{"type":"log","timestamp":1675272934628,"level":"info","message":"pdf-utils is starting pdf processing","meta":{"rootId":"fvga3bzsbxrhoye","id":"fvga3bzsbxrhoye"},"id":"yhpet3wyj5x1c7r","previousOperationId":"0kexc95lasdt4eq"}
{"type":"operationStart","subtype":"pdfUtils","name":"pdf utils","timestamp":1675272934628,"id":"jwnydgtqo572dzx","previousEventId":"lxfxfhwqir9kltx","operationId":"8eiiac8objb5iy9","previousOperationId":"0kexc95lasdt4eq"}
{"type":"log","timestamp":1675272934628,"level":"debug","message":"pdf-utils detected 1 pdf operation(s) to process","meta":{"rootId":"fvga3bzsbxrhoye","id":"fvga3bzsbxrhoye"},"id":"0gbqotgynu533mf","previousOperationId":"8eiiac8objb5iy9"}
{"type":"log","timestamp":1675272934632,"level":"debug","message":"pdf-utils running pdf operation merge","meta":{"rootId":"fvga3bzsbxrhoye","id":"fvga3bzsbxrhoye"},"id":"e3h8sydml8a4ic3","previousOperationId":"8eiiac8objb5iy9"}
{"type":"operationStart","subtype":"pdfUtilsMerge","name":"pdf utils merge","previousOperationId":"8eiiac8objb5iy9","timestamp":1675272934632,"id":"ao4ds6uskryxccw","previousEventId":"jwnydgtqo572dzx","operationId":"whohngyvdltg52u"}
{"type":"operationStart","subtype":"render","name":"orders-header","previousOperationId":"whohngyvdltg52u","timestamp":1675272934634,"id":"hrzzy7tbvmthhjx","previousEventId":"ao4ds6uskryxccw","operationId":"6z77u0c13ala31g"}
{"type":"log","timestamp":1675272934634,"level":"info","message":"Starting rendering (child) request","meta":{"rootId":"fvga3bzsbxrhoye","id":"67mmumlk59nuf9z"},"id":"sivll4i6ttfzlx7","previousOperationId":"6z77u0c13ala31g"}
{"type":"log","timestamp":1675272934634,"level":"info","message":"Rendering template { name: orders-header, recipe: chrome-pdf, engine: handlebars, preview: true }","meta":{"rootId":"fvga3bzsbxrhoye","id":"67mmumlk59nuf9z"},"id":"li5f3xl08r3jzwa","previousOperationId":"6z77u0c13ala31g"}
{"type":"log","timestamp":1675272934635,"level":"debug","message":"Inline data specified.","meta":{"rootId":"fvga3bzsbxrhoye","id":"67mmumlk59nuf9z"},"id":"jxgj8eg6uke7l1x","previousOperationId":"6z77u0c13ala31g"}
{"type":"log","timestamp":1675272934638,"level":"debug","message":"Base url not specified, skipping its injection.","meta":{"rootId":"fvga3bzsbxrhoye","id":"67mmumlk59nuf9z"},"id":"d6lmx6rwszsz9rk","previousOperationId":"6z77u0c13ala31g"}
{"type":"operationStart","subtype":"engine","name":"handlebars","timestamp":1675272934639,"id":"t8cj20dlujgjdog","previousEventId":"hrzzy7tbvmthhjx","operationId":"03j923ctnlwt1nj","previousOperationId":"6z77u0c13ala31g"}
{"type":"log","timestamp":1675272934639,"level":"debug","message":"Rendering engine handlebars","meta":{"rootId":"fvga3bzsbxrhoye","id":"67mmumlk59nuf9z"},"id":"p035nnaf9cbwzgf","previousOperationId":"03j923ctnlwt1nj"}
{"type":"operationEnd","operationId":"03j923ctnlwt1nj","timestamp":1675272934657,"id":"wxlzk2hf85hcs3o","previousEventId":"t8cj20dlujgjdog","previousOperationId":"03j923ctnlwt1nj"}
{"type":"operationStart","subtype":"recipe","name":"chrome-pdf","timestamp":1675272934658,"id":"vm33tp97sgb1kzt","previousEventId":"wxlzk2hf85hcs3o","operationId":"beoonire3ah2xib","previousOperationId":"03j923ctnlwt1nj"}
{"type":"log","timestamp":1675272934658,"level":"debug","message":"Executing recipe chrome-pdf","meta":{"rootId":"fvga3bzsbxrhoye","id":"67mmumlk59nuf9z"},"id":"vevepb4sdp8riic","previousOperationId":"beoonire3ah2xib"}
{"type":"log","timestamp":1675272934660,"level":"debug","message":"Converting with chrome HeadlessChrome/105.0.5173.0 using chrome-pool strategy","meta":{"rootId":"fvga3bzsbxrhoye","id":"67mmumlk59nuf9z"},"id":"zgd1bkv64snstdm","previousOperationId":"beoonire3ah2xib"}
{"type":"log","timestamp":1675272934754,"level":"debug","message":"Page request: GET (document) file:///C:/Users/pollo/AppData/Local/Temp/jsreport/autocleanup/fdb30eaf-967c-4c3c-b5f5-ce1428f9072e-chrome-pdf.html","meta":{"rootId":"fvga3bzsbxrhoye","id":"67mmumlk59nuf9z"},"id":"um6a74vxbglhj82","previousOperationId":"beoonire3ah2xib"}
{"type":"log","timestamp":1675272934769,"level":"debug","message":"Page request finished: GET (document) 200 file:///C:/Users/pollo/AppData/Local/Temp/jsreport/autocleanup/fdb30eaf-967c-4c3c-b5f5-ce1428f9072e-chrome-pdf.html","meta":{"rootId":"fvga3bzsbxrhoye","id":"67mmumlk59nuf9z"},"id":"fwqwyg2ni2kvi7m","previousOperationId":"beoonire3ah2xib"}
{"type":"log","timestamp":1675272934769,"level":"debug","message":"Page request: GET (stylesheet) https://cdnjs.cloudflare.com/ajax/libs/metro/4.1.5/css/metro.min.css","meta":{"rootId":"fvga3bzsbxrhoye","id":"67mmumlk59nuf9z"},"id":"nx1hprk5dp6rgv7","previousOperationId":"beoonire3ah2xib"}
{"type":"log","timestamp":1675272934795,"level":"debug","message":"Page request finished: GET (stylesheet) 200 https://cdnjs.cloudflare.com/ajax/libs/metro/4.1.5/css/metro.min.css","meta":{"rootId":"fvga3bzsbxrhoye","id":"67mmumlk59nuf9z"},"id":"q4kabf1rnnkn9yf","previousOperationId":"beoonire3ah2xib"}
{"type":"log","timestamp":1675272934817,"level":"debug","message":"Running chrome with params {\"printBackground\":true,\"marginTop\":\"1.5cm\",\"marginRight\":\"1.5cm\",\"marginLeft\":\"1.cm\",\"timeout\":59448,\"margin\":{\"top\":\"1.5cm\",\"right\":\"1.5cm\",\"left\":\"1.cm\"}}","meta":{"rootId":"fvga3bzsbxrhoye","id":"67mmumlk59nuf9z"},"id":"g731yho8knmq1e5","previousOperationId":"beoonire3ah2xib"}
{"type":"operationEnd","operationId":"beoonire3ah2xib","timestamp":1675272934879,"id":"tv167umv6ghi17e","previousEventId":"vm33tp97sgb1kzt","previousOperationId":"beoonire3ah2xib"}
{"type":"log","timestamp":1675272934880,"level":"debug","message":"Skipping storing report.","meta":{"rootId":"fvga3bzsbxrhoye","id":"67mmumlk59nuf9z"},"id":"0sb4s5y1qx34qgl","previousOperationId":"beoonire3ah2xib"}
{"type":"log","timestamp":1675272934880,"level":"info","message":"Rendering (child) request finished in 772 ms","meta":{"rootId":"fvga3bzsbxrhoye","id":"67mmumlk59nuf9z"},"id":"nu413an2tekxar2","previousOperationId":"beoonire3ah2xib"}
{"type":"operationEnd","subtype":"render","operationId":"6z77u0c13ala31g","timestamp":1675272934880,"id":"ryenb8oupi2xps5","previousEventId":"tv167umv6ghi17e","previousOperationId":"beoonire3ah2xib"}
{"type":"operationEnd","operationId":"whohngyvdltg52u","timestamp":1675272934886,"id":"4k8ybgb0vjgc2ap","previousEventId":"ao4ds6uskryxccw","previousOperationId":"whohngyvdltg52u"}
{"type":"log","timestamp":1675272934886,"level":"debug","message":"pdf-utils postproces start","meta":{"rootId":"fvga3bzsbxrhoye","id":"fvga3bzsbxrhoye"},"id":"z3qy0iyjnpzphzi","previousOperationId":"whohngyvdltg52u"}
{"type":"log","timestamp":1675272934891,"level":"debug","message":"pdf-utils postproces end","meta":{"rootId":"fvga3bzsbxrhoye","id":"fvga3bzsbxrhoye"},"id":"u1dyhb0cx4idp6f","previousOperationId":"whohngyvdltg52u"}
{"type":"operationEnd","operationId":"8eiiac8objb5iy9","timestamp":1675272934891,"id":"lu597cyrhjovqkm","previousEventId":"4k8ybgb0vjgc2ap","previousOperationId":"whohngyvdltg52u"}
{"type":"log","timestamp":1675272934891,"level":"info","message":"pdf-utils pdf processing was finished","meta":{"rootId":"fvga3bzsbxrhoye","id":"fvga3bzsbxrhoye"},"id":"2pfhnyzh3b8v8s8","previousOperationId":"8eiiac8objb5iy9"}
{"type":"log","timestamp":1675272934891,"level":"debug","message":"Skipping storing report.","meta":{"rootId":"fvga3bzsbxrhoye","id":"fvga3bzsbxrhoye"},"id":"t56sxw5y2n8wjqp","previousOperationId":"8eiiac8objb5iy9"}
{"type":"log","timestamp":1675272934891,"level":"info","message":"Rendering request 30 finished in 783 ms","meta":{"rootId":"fvga3bzsbxrhoye","id":"fvga3bzsbxrhoye"},"id":"a7zicx43tf1748t","previousOperationId":"8eiiac8objb5iy9"}
{"type":"operationEnd","subtype":"render","operationId":"dhevxjj1rj4ogl1","timestamp":1675272934891,"id":"qj27k4v5pwnn698","previousEventId":"lu597cyrhjovqkm","previousOperationId":"8eiiac8objb5iy9"}
{"type":"operationEnd","doDiffs":false,"previousEventId":"04bw5hiltiqw7rq","previousOperationId":"8gimjfh99wqiklu","operationId":"8gimjfh99wqiklu","timestamp":1675272934898,"id":"cn2rwndgucdh6zz"}
