{"type":"operationStart","subtype":"profile","data":{"_id":"N3GLYfh9cpeSp7HT","timestamp":"2023-02-01T17:11:03.213Z","state":"queued","mode":"standard","creationDate":"2023-02-01T17:11:03.215Z","modificationDate":"2023-02-01T17:11:03.215Z","shortid":"zSTtbFo","$entitySet":"profiles"},"doDiffs":false,"timestamp":1675271463214,"id":"fommtup7xx8uyqs","previousOperationId":null,"operationId":"llzrx26omztomjs"}
{"type":"log","level":"info","message":"Render request 10 queued for execution and waiting for available worker","previousOperationId":"llzrx26omztomjs","timestamp":1675271463214,"id":"78hztos2l6x99oy"}
{"type":"operationStart","subtype":"render","name":"orders-main","previousOperationId":"llzrx26omztomjs","timestamp":1675271463224,"id":"b1mfmkyzxgtcwgp","previousEventId":"fommtup7xx8uyqs","operationId":"sesggawl0tr6ju9"}
{"type":"log","timestamp":1675271463224,"level":"info","message":"Starting rendering request 10","meta":{"rootId":"g9vlj98xshyn6mh","id":"g9vlj98xshyn6mh"},"id":"e4j0xsqywtqokld","previousOperationId":"sesggawl0tr6ju9"}
{"type":"log","timestamp":1675271463224,"level":"info","message":"Rendering template { name: orders-main, recipe: chrome-pdf, engine: handlebars, preview: true }","meta":{"rootId":"g9vlj98xshyn6mh","id":"g9vlj98xshyn6mh"},"id":"lws6riqnaw20rxa","previousOperationId":"sesggawl0tr6ju9"}
{"type":"log","timestamp":1675271463226,"level":"debug","message":"Data item not defined for this template.","meta":{"rootId":"g9vlj98xshyn6mh","id":"g9vlj98xshyn6mh"},"id":"imuji6cm1w09d41","previousOperationId":"sesggawl0tr6ju9"}
{"type":"log","timestamp":1675271463230,"level":"debug","message":"Executing script orders-script (beforeRender)","meta":{"rootId":"g9vlj98xshyn6mh","id":"g9vlj98xshyn6mh"},"id":"xn0jy45i1or255p","previousOperationId":"sesggawl0tr6ju9"}
{"type":"operationStart","subtype":"scriptsBeforeRender","name":"scripts beforeRender","timestamp":1675271463262,"id":"m683n7tius3gh8o","previousEventId":"b1mfmkyzxgtcwgp","operationId":"b1t85vloebqfz1k","previousOperationId":"sesggawl0tr6ju9"}
{"type":"operationStart","subtype":"script","name":"scripts orders-script","previousOperationId":"b1t85vloebqfz1k","timestamp":1675271463262,"id":"3mshy3huvxdlw1l","previousEventId":"m683n7tius3gh8o","operationId":"lglpgrcyt5jgoeo"}
{"type":"log","timestamp":1675271463262,"level":"debug","message":"(console:log) AAAAAAAAAAAAAAAAAAAAAAA  undefined","meta":{"userLevel":true,"rootId":"g9vlj98xshyn6mh","id":"g9vlj98xshyn6mh"},"id":"kpn2gjeomzkysgp","previousOperationId":"lglpgrcyt5jgoeo"}
{"type":"log","timestamp":1675271463538,"level":"debug","message":"(console:log) [\n  {\n    id: 1,\n    name: 'Antonio',\n    description: 'Aclamado director de la Orquesta Filarmónica de Gran Canaria'\n  },\n  {\n    id: 3,\n    name: 'Juana de Armas',\n    description: 'Aclamada directora de la Orquesta Filarmónica de Gran Canaria'\n  }\n]","meta":{"userLevel":true,"rootId":"g9vlj98xshyn6mh","id":"g9vlj98xshyn6mh"},"id":"1q4v5o79p0jzq40","previousOperationId":"lglpgrcyt5jgoeo"}
{"type":"operationEnd","operationId":"lglpgrcyt5jgoeo","timestamp":1675271463539,"id":"ca7fkukuh67v2ku","previousEventId":"b1mfmkyzxgtcwgp","previousOperationId":"sesggawl0tr6ju9"}
{"type":"operationEnd","operationId":"b1t85vloebqfz1k","timestamp":1675271463539,"id":"wav6u0p2ulciuwd","previousEventId":"ca7fkukuh67v2ku","previousOperationId":"sesggawl0tr6ju9"}
{"type":"log","timestamp":1675271463539,"level":"debug","message":"Base url not specified, skipping its injection.","meta":{"rootId":"g9vlj98xshyn6mh","id":"g9vlj98xshyn6mh"},"id":"yiquc1kc9634kke","previousOperationId":"b1t85vloebqfz1k"}
{"type":"operationStart","subtype":"engine","name":"handlebars","timestamp":1675271463539,"id":"df9xq9vpj22h8n4","previousEventId":"wav6u0p2ulciuwd","operationId":"1r0pcbab3lz86pr","previousOperationId":"b1t85vloebqfz1k"}
{"type":"log","timestamp":1675271463539,"level":"debug","message":"Rendering engine handlebars","meta":{"rootId":"g9vlj98xshyn6mh","id":"g9vlj98xshyn6mh"},"id":"nzyxcfm3r7pr4ty","previousOperationId":"1r0pcbab3lz86pr"}
{"type":"operationEnd","operationId":"1r0pcbab3lz86pr","timestamp":1675271463553,"id":"qd1wjwpllcba5c5","previousEventId":"df9xq9vpj22h8n4","previousOperationId":"1r0pcbab3lz86pr"}
{"type":"operationStart","subtype":"recipe","name":"chrome-pdf","timestamp":1675271463553,"id":"3rbji02mq61xzmy","previousEventId":"qd1wjwpllcba5c5","operationId":"cqi1gb0z0694li2","previousOperationId":"1r0pcbab3lz86pr"}
{"type":"log","timestamp":1675271463553,"level":"debug","message":"Executing recipe chrome-pdf","meta":{"rootId":"g9vlj98xshyn6mh","id":"g9vlj98xshyn6mh"},"id":"ehawcdqzqlyqtx0","previousOperationId":"cqi1gb0z0694li2"}
{"type":"log","timestamp":1675271463556,"level":"debug","message":"Converting with chrome HeadlessChrome/105.0.5173.0 using chrome-pool strategy","meta":{"rootId":"g9vlj98xshyn6mh","id":"g9vlj98xshyn6mh"},"id":"vp0j72mm8b26ngp","previousOperationId":"cqi1gb0z0694li2"}
{"type":"log","timestamp":1675271463662,"level":"debug","message":"Page request: GET (document) file:///C:/Users/pollo/AppData/Local/Temp/jsreport/autocleanup/d8e43872-16c5-4633-8b4c-12247df40e56-chrome-pdf.html","meta":{"rootId":"g9vlj98xshyn6mh","id":"g9vlj98xshyn6mh"},"id":"9fgwv0r0phmhttb","previousOperationId":"cqi1gb0z0694li2"}
{"type":"log","timestamp":1675271463678,"level":"debug","message":"Page request finished: GET (document) 200 file:///C:/Users/pollo/AppData/Local/Temp/jsreport/autocleanup/d8e43872-16c5-4633-8b4c-12247df40e56-chrome-pdf.html","meta":{"rootId":"g9vlj98xshyn6mh","id":"g9vlj98xshyn6mh"},"id":"7zwkiuj47jveqw4","previousOperationId":"cqi1gb0z0694li2"}
{"type":"log","timestamp":1675271463679,"level":"debug","message":"Page request: GET (stylesheet) https://cdnjs.cloudflare.com/ajax/libs/metro/4.1.5/css/metro.min.css","meta":{"rootId":"g9vlj98xshyn6mh","id":"g9vlj98xshyn6mh"},"id":"rlrctusjj7ieci0","previousOperationId":"cqi1gb0z0694li2"}
{"type":"log","timestamp":1675271463679,"level":"debug","message":"Page request: GET (script) https://cdnjs.cloudflare.com/ajax/libs/Chart.js/2.7.2/Chart.min.js","meta":{"rootId":"g9vlj98xshyn6mh","id":"g9vlj98xshyn6mh"},"id":"sgrp93g47bq0afk","previousOperationId":"cqi1gb0z0694li2"}
{"type":"log","timestamp":1675271463686,"level":"debug","message":"Page request finished: GET (script) 200 https://cdnjs.cloudflare.com/ajax/libs/Chart.js/2.7.2/Chart.min.js","meta":{"rootId":"g9vlj98xshyn6mh","id":"g9vlj98xshyn6mh"},"id":"ic99x3t4xboy8c5","previousOperationId":"cqi1gb0z0694li2"}
{"type":"log","timestamp":1675271463703,"level":"debug","message":"Page request finished: GET (stylesheet) 200 https://cdnjs.cloudflare.com/ajax/libs/metro/4.1.5/css/metro.min.css","meta":{"rootId":"g9vlj98xshyn6mh","id":"g9vlj98xshyn6mh"},"id":"1m5bhrhakxjn5af","previousOperationId":"cqi1gb0z0694li2"}
{"type":"log","timestamp":1675271463717,"level":"debug","message":"Running chrome with params {\"printBackground\":true,\"marginTop\":\"4cm\",\"marginRight\":\"1.5cm\",\"marginBottom\":\"1.5cm\",\"marginLeft\":\"1.5cm\",\"waitForJS\":false,\"timeout\":59658,\"margin\":{\"top\":\"4cm\",\"right\":\"1.5cm\",\"bottom\":\"1.5cm\",\"left\":\"1.5cm\"}}","meta":{"rootId":"g9vlj98xshyn6mh","id":"g9vlj98xshyn6mh"},"id":"mc8e2s54oj4iys3","previousOperationId":"cqi1gb0z0694li2"}
{"type":"operationEnd","operationId":"cqi1gb0z0694li2","timestamp":1675271463750,"id":"9e0r3674sxex2eu","previousEventId":"3rbji02mq61xzmy","previousOperationId":"cqi1gb0z0694li2"}
{"type":"log","timestamp":1675271463750,"level":"info","message":"pdf-utils is starting pdf processing","meta":{"rootId":"g9vlj98xshyn6mh","id":"g9vlj98xshyn6mh"},"id":"zgdimweqiwxlyz5","previousOperationId":"cqi1gb0z0694li2"}
{"type":"operationStart","subtype":"pdfUtils","name":"pdf utils","timestamp":1675271463750,"id":"yxj0qbzn0g3p166","previousEventId":"9e0r3674sxex2eu","operationId":"20104lq54j76m6d","previousOperationId":"cqi1gb0z0694li2"}
{"type":"log","timestamp":1675271463750,"level":"debug","message":"pdf-utils detected 1 pdf operation(s) to process","meta":{"rootId":"g9vlj98xshyn6mh","id":"g9vlj98xshyn6mh"},"id":"gu23iospn75msm1","previousOperationId":"20104lq54j76m6d"}
{"type":"log","timestamp":1675271463758,"level":"debug","message":"pdf-utils running pdf operation merge","meta":{"rootId":"g9vlj98xshyn6mh","id":"g9vlj98xshyn6mh"},"id":"k7kf2j6u35qwme3","previousOperationId":"20104lq54j76m6d"}
{"type":"operationStart","subtype":"pdfUtilsMerge","name":"pdf utils merge","previousOperationId":"20104lq54j76m6d","timestamp":1675271463758,"id":"vdw95pre4d9hedw","previousEventId":"yxj0qbzn0g3p166","operationId":"641d3whpdojv75x"}
{"type":"operationStart","subtype":"render","name":"orders-header","previousOperationId":"641d3whpdojv75x","timestamp":1675271463759,"id":"3qrb9lvde2ypda2","previousEventId":"vdw95pre4d9hedw","operationId":"k0193tqkgzdzn8o"}
{"type":"log","timestamp":1675271463759,"level":"info","message":"Starting rendering (child) request","meta":{"rootId":"g9vlj98xshyn6mh","id":"0o6r6s39a5cbkvy"},"id":"dhwhvxf5gr5yh26","previousOperationId":"k0193tqkgzdzn8o"}
{"type":"log","timestamp":1675271463760,"level":"info","message":"Rendering template { name: orders-header, recipe: chrome-pdf, engine: handlebars, preview: true }","meta":{"rootId":"g9vlj98xshyn6mh","id":"0o6r6s39a5cbkvy"},"id":"k6d0vykisuep1qn","previousOperationId":"k0193tqkgzdzn8o"}
{"type":"log","timestamp":1675271463760,"level":"debug","message":"Inline data specified.","meta":{"rootId":"g9vlj98xshyn6mh","id":"0o6r6s39a5cbkvy"},"id":"oo7sit6he7trttu","previousOperationId":"k0193tqkgzdzn8o"}
{"type":"log","timestamp":1675271463763,"level":"debug","message":"Base url not specified, skipping its injection.","meta":{"rootId":"g9vlj98xshyn6mh","id":"0o6r6s39a5cbkvy"},"id":"wg6d2zpemljir89","previousOperationId":"k0193tqkgzdzn8o"}
{"type":"operationStart","subtype":"engine","name":"handlebars","timestamp":1675271463765,"id":"1xremzu812vozrs","previousEventId":"3qrb9lvde2ypda2","operationId":"3qwef07isir7guo","previousOperationId":"k0193tqkgzdzn8o"}
{"type":"log","timestamp":1675271463765,"level":"debug","message":"Rendering engine handlebars","meta":{"rootId":"g9vlj98xshyn6mh","id":"0o6r6s39a5cbkvy"},"id":"aufwld3mten0w37","previousOperationId":"3qwef07isir7guo"}
{"type":"operationEnd","operationId":"3qwef07isir7guo","timestamp":1675271463782,"id":"yy7f7cuqp1rilw8","previousEventId":"1xremzu812vozrs","previousOperationId":"3qwef07isir7guo"}
{"type":"operationStart","subtype":"recipe","name":"chrome-pdf","timestamp":1675271463782,"id":"56f4vlbi01037vh","previousEventId":"yy7f7cuqp1rilw8","operationId":"t3jo6wkbyoy8w33","previousOperationId":"3qwef07isir7guo"}
{"type":"log","timestamp":1675271463782,"level":"debug","message":"Executing recipe chrome-pdf","meta":{"rootId":"g9vlj98xshyn6mh","id":"0o6r6s39a5cbkvy"},"id":"mf9a71iu4p530pa","previousOperationId":"t3jo6wkbyoy8w33"}
{"type":"log","timestamp":1675271463785,"level":"debug","message":"Converting with chrome HeadlessChrome/105.0.5173.0 using chrome-pool strategy","meta":{"rootId":"g9vlj98xshyn6mh","id":"0o6r6s39a5cbkvy"},"id":"fia35w6ar04gh69","previousOperationId":"t3jo6wkbyoy8w33"}
{"type":"log","timestamp":1675271463889,"level":"debug","message":"Page request: GET (document) file:///C:/Users/pollo/AppData/Local/Temp/jsreport/autocleanup/f2f3766b-3c6b-4b91-aa99-7fe91eade6db-chrome-pdf.html","meta":{"rootId":"g9vlj98xshyn6mh","id":"0o6r6s39a5cbkvy"},"id":"11alscwo7uinuxq","previousOperationId":"t3jo6wkbyoy8w33"}
{"type":"log","timestamp":1675271463902,"level":"debug","message":"Page request finished: GET (document) 200 file:///C:/Users/pollo/AppData/Local/Temp/jsreport/autocleanup/f2f3766b-3c6b-4b91-aa99-7fe91eade6db-chrome-pdf.html","meta":{"rootId":"g9vlj98xshyn6mh","id":"0o6r6s39a5cbkvy"},"id":"rjnmyh7fo129s2y","previousOperationId":"t3jo6wkbyoy8w33"}
{"type":"log","timestamp":1675271463902,"level":"debug","message":"Page request: GET (stylesheet) https://cdnjs.cloudflare.com/ajax/libs/metro/4.1.5/css/metro.min.css","meta":{"rootId":"g9vlj98xshyn6mh","id":"0o6r6s39a5cbkvy"},"id":"4vqtsfezjzjcoxw","previousOperationId":"t3jo6wkbyoy8w33"}
{"type":"log","timestamp":1675271463927,"level":"debug","message":"Page request finished: GET (stylesheet) 200 https://cdnjs.cloudflare.com/ajax/libs/metro/4.1.5/css/metro.min.css","meta":{"rootId":"g9vlj98xshyn6mh","id":"0o6r6s39a5cbkvy"},"id":"c7pxe6a0bzuvnc4","previousOperationId":"t3jo6wkbyoy8w33"}
{"type":"log","timestamp":1675271463949,"level":"debug","message":"Running chrome with params {\"printBackground\":true,\"marginTop\":\"1.5cm\",\"marginRight\":\"1.5cm\",\"marginLeft\":\"1.cm\",\"timeout\":59429,\"margin\":{\"top\":\"1.5cm\",\"right\":\"1.5cm\",\"left\":\"1.cm\"}}","meta":{"rootId":"g9vlj98xshyn6mh","id":"0o6r6s39a5cbkvy"},"id":"livlrmik1q7s6b7","previousOperationId":"t3jo6wkbyoy8w33"}
{"type":"operationEnd","operationId":"t3jo6wkbyoy8w33","timestamp":1675271464004,"id":"mx2hd2c5n50qw0r","previousEventId":"56f4vlbi01037vh","previousOperationId":"t3jo6wkbyoy8w33"}
{"type":"log","timestamp":1675271464005,"level":"debug","message":"Skipping storing report.","meta":{"rootId":"g9vlj98xshyn6mh","id":"0o6r6s39a5cbkvy"},"id":"7u42efrshwm1mh0","previousOperationId":"t3jo6wkbyoy8w33"}
{"type":"log","timestamp":1675271464005,"level":"info","message":"Rendering (child) request finished in 792 ms","meta":{"rootId":"g9vlj98xshyn6mh","id":"0o6r6s39a5cbkvy"},"id":"iu4wdgcaro2ejw8","previousOperationId":"t3jo6wkbyoy8w33"}
{"type":"operationEnd","subtype":"render","operationId":"k0193tqkgzdzn8o","timestamp":1675271464006,"id":"ox4epy3ysdooy8b","previousEventId":"mx2hd2c5n50qw0r","previousOperationId":"t3jo6wkbyoy8w33"}
{"type":"operationEnd","operationId":"641d3whpdojv75x","timestamp":1675271464009,"id":"3b6bw02q8v888z5","previousEventId":"vdw95pre4d9hedw","previousOperationId":"641d3whpdojv75x"}
{"type":"log","timestamp":1675271464009,"level":"debug","message":"pdf-utils postproces start","meta":{"rootId":"g9vlj98xshyn6mh","id":"g9vlj98xshyn6mh"},"id":"lhd7er2yu1evjao","previousOperationId":"641d3whpdojv75x"}
{"type":"log","timestamp":1675271464012,"level":"debug","message":"pdf-utils postproces end","meta":{"rootId":"g9vlj98xshyn6mh","id":"g9vlj98xshyn6mh"},"id":"0rsqpz5pvx9b7dz","previousOperationId":"641d3whpdojv75x"}
{"type":"operationEnd","operationId":"20104lq54j76m6d","timestamp":1675271464012,"id":"9hhpauk99mj9a9p","previousEventId":"3b6bw02q8v888z5","previousOperationId":"641d3whpdojv75x"}
{"type":"log","timestamp":1675271464012,"level":"info","message":"pdf-utils pdf processing was finished","meta":{"rootId":"g9vlj98xshyn6mh","id":"g9vlj98xshyn6mh"},"id":"cb8q16838cf2cxr","previousOperationId":"20104lq54j76m6d"}
{"type":"log","timestamp":1675271464012,"level":"debug","message":"Skipping storing report.","meta":{"rootId":"g9vlj98xshyn6mh","id":"g9vlj98xshyn6mh"},"id":"ihqiv93ks07hc20","previousOperationId":"20104lq54j76m6d"}
{"type":"log","timestamp":1675271464012,"level":"info","message":"Rendering request 10 finished in 799 ms","meta":{"rootId":"g9vlj98xshyn6mh","id":"g9vlj98xshyn6mh"},"id":"z5vis963bjjkidm","previousOperationId":"20104lq54j76m6d"}
{"type":"operationEnd","subtype":"render","operationId":"sesggawl0tr6ju9","timestamp":1675271464012,"id":"3tfozuybpt34js7","previousEventId":"9hhpauk99mj9a9p","previousOperationId":"20104lq54j76m6d"}
{"type":"operationEnd","doDiffs":false,"previousEventId":"fommtup7xx8uyqs","previousOperationId":"llzrx26omztomjs","operationId":"llzrx26omztomjs","timestamp":1675271464020,"id":"xq52b2mcyetfwxo"}
