{"type":"operationStart","subtype":"profile","data":{"_id":"3nIM6YqwJbvkcAU2","timestamp":"2023-02-05T19:32:47.878Z","state":"queued","mode":"standard","creationDate":"2023-02-05T19:32:47.880Z","modificationDate":"2023-02-05T19:32:47.880Z","shortid":"1t_9Yny","$entitySet":"profiles"},"doDiffs":false,"timestamp":1675625567879,"id":"em8d9xu2qb3h02z","previousOperationId":null,"operationId":"sjndfdksv4jb2c8"}
{"type":"log","level":"info","message":"Render request 7 queued for execution and waiting for available worker","previousOperationId":"sjndfdksv4jb2c8","timestamp":1675625567879,"id":"1g0wor5ye4v6uml"}
{"type":"operationStart","subtype":"render","name":"orders-main","previousOperationId":"sjndfdksv4jb2c8","timestamp":1675625567890,"id":"stg1g21gqqn3dfg","previousEventId":"em8d9xu2qb3h02z","operationId":"fc09q0g4bnod9e5"}
{"type":"log","timestamp":1675625567890,"level":"info","message":"Starting rendering request 7","meta":{"rootId":"gy2w04xsu1hahp6","id":"gy2w04xsu1hahp6"},"id":"w3s152iimn4447h","previousOperationId":"fc09q0g4bnod9e5"}
{"type":"log","timestamp":1675625567891,"level":"info","message":"Rendering template { name: orders-main, recipe: chrome-pdf, engine: handlebars, preview: true }","meta":{"rootId":"gy2w04xsu1hahp6","id":"gy2w04xsu1hahp6"},"id":"hmjnr53vjrrqyv6","previousOperationId":"fc09q0g4bnod9e5"}
{"type":"log","timestamp":1675625567892,"level":"debug","message":"Data item not defined for this template.","meta":{"rootId":"gy2w04xsu1hahp6","id":"gy2w04xsu1hahp6"},"id":"xxzubh6xnszu9ql","previousOperationId":"fc09q0g4bnod9e5"}
{"type":"log","timestamp":1675625567897,"level":"debug","message":"Executing script orders-script (beforeRender)","meta":{"rootId":"gy2w04xsu1hahp6","id":"gy2w04xsu1hahp6"},"id":"j9ktqek67khcsmu","previousOperationId":"fc09q0g4bnod9e5"}
{"type":"operationStart","subtype":"scriptsBeforeRender","name":"scripts beforeRender","timestamp":1675625567942,"id":"1uyitrdb390ssfw","previousEventId":"stg1g21gqqn3dfg","operationId":"zopgp4phs4634k7","previousOperationId":"fc09q0g4bnod9e5"}
{"type":"operationStart","subtype":"script","name":"scripts orders-script","previousOperationId":"zopgp4phs4634k7","timestamp":1675625567942,"id":"ocsdzkhrwbsi3lp","previousEventId":"1uyitrdb390ssfw","operationId":"5uaiqqfw9slan84"}
{"type":"log","timestamp":1675625568226,"level":"debug","message":"(console:log) [ 2, 4 ]","meta":{"userLevel":true,"rootId":"gy2w04xsu1hahp6","id":"gy2w04xsu1hahp6"},"id":"lacvoh4198w0vbt","previousOperationId":"5uaiqqfw9slan84"}
{"type":"operationEnd","operationId":"5uaiqqfw9slan84","timestamp":1675625568227,"id":"4fxs1g395lil7u7","previousEventId":"stg1g21gqqn3dfg","previousOperationId":"fc09q0g4bnod9e5"}
{"type":"operationEnd","operationId":"zopgp4phs4634k7","timestamp":1675625568227,"id":"a9u6o796wymz9cv","previousEventId":"4fxs1g395lil7u7","previousOperationId":"fc09q0g4bnod9e5"}
{"type":"log","timestamp":1675625568227,"level":"debug","message":"Base url not specified, skipping its injection.","meta":{"rootId":"gy2w04xsu1hahp6","id":"gy2w04xsu1hahp6"},"id":"cxlodwz00ysrh9q","previousOperationId":"zopgp4phs4634k7"}
{"type":"operationStart","subtype":"engine","name":"handlebars","timestamp":1675625568227,"id":"vmhgj8z55vlmpgs","previousEventId":"a9u6o796wymz9cv","operationId":"y5sbo7wd48mju39","previousOperationId":"zopgp4phs4634k7"}
{"type":"log","timestamp":1675625568227,"level":"debug","message":"Rendering engine handlebars","meta":{"rootId":"gy2w04xsu1hahp6","id":"gy2w04xsu1hahp6"},"id":"s5oby4a9emxevfl","previousOperationId":"y5sbo7wd48mju39"}
{"type":"operationEnd","operationId":"y5sbo7wd48mju39","timestamp":1675625568244,"id":"1m14g88pbwoxwur","previousEventId":"vmhgj8z55vlmpgs","previousOperationId":"y5sbo7wd48mju39"}
{"type":"operationStart","subtype":"recipe","name":"chrome-pdf","timestamp":1675625568244,"id":"cq7mo41vyc732c6","previousEventId":"1m14g88pbwoxwur","operationId":"dspc770n7s30efd","previousOperationId":"y5sbo7wd48mju39"}
{"type":"log","timestamp":1675625568244,"level":"debug","message":"Executing recipe chrome-pdf","meta":{"rootId":"gy2w04xsu1hahp6","id":"gy2w04xsu1hahp6"},"id":"924d54e4md02dq6","previousOperationId":"dspc770n7s30efd"}
{"type":"log","timestamp":1675625568248,"level":"debug","message":"Converting with chrome HeadlessChrome/105.0.5173.0 using chrome-pool strategy","meta":{"rootId":"gy2w04xsu1hahp6","id":"gy2w04xsu1hahp6"},"id":"mifp0tdp5x3bmal","previousOperationId":"dspc770n7s30efd"}
{"type":"log","timestamp":1675625568348,"level":"debug","message":"Page request: GET (document) file:///C:/Users/pollo/AppData/Local/Temp/jsreport/autocleanup/93540637-8c15-4aa5-96be-2f3152525d7a-chrome-pdf.html","meta":{"rootId":"gy2w04xsu1hahp6","id":"gy2w04xsu1hahp6"},"id":"k8wv38lw8dy36lc","previousOperationId":"dspc770n7s30efd"}
{"type":"log","timestamp":1675625568368,"level":"debug","message":"Page request finished: GET (document) 200 file:///C:/Users/pollo/AppData/Local/Temp/jsreport/autocleanup/93540637-8c15-4aa5-96be-2f3152525d7a-chrome-pdf.html","meta":{"rootId":"gy2w04xsu1hahp6","id":"gy2w04xsu1hahp6"},"id":"hvk5fo3icanou1s","previousOperationId":"dspc770n7s30efd"}
{"type":"log","timestamp":1675625568368,"level":"debug","message":"Page request: GET (stylesheet) https://cdnjs.cloudflare.com/ajax/libs/metro/4.1.5/css/metro.min.css","meta":{"rootId":"gy2w04xsu1hahp6","id":"gy2w04xsu1hahp6"},"id":"3luhwhinn2f2690","previousOperationId":"dspc770n7s30efd"}
{"type":"log","timestamp":1675625568368,"level":"debug","message":"Page request: GET (script) https://cdn.jsdelivr.net/npm/chart.js","meta":{"rootId":"gy2w04xsu1hahp6","id":"gy2w04xsu1hahp6"},"id":"wn7ijla1h1ov89y","previousOperationId":"dspc770n7s30efd"}
{"type":"log","timestamp":1675625568375,"level":"debug","message":"Page request finished: GET (script) 200 https://cdn.jsdelivr.net/npm/chart.js","meta":{"rootId":"gy2w04xsu1hahp6","id":"gy2w04xsu1hahp6"},"id":"8s3rl2vsjvh9arj","previousOperationId":"dspc770n7s30efd"}
{"type":"log","timestamp":1675625568391,"level":"debug","message":"Page request finished: GET (stylesheet) 200 https://cdnjs.cloudflare.com/ajax/libs/metro/4.1.5/css/metro.min.css","meta":{"rootId":"gy2w04xsu1hahp6","id":"gy2w04xsu1hahp6"},"id":"dhxjplvf7rl0pj2","previousOperationId":"dspc770n7s30efd"}
{"type":"log","timestamp":1675625568396,"level":"warn","message":"Page error: TypeError: Cannot read properties of undefined (reading 'legend')\n    at file:///C:/Users/pollo/AppData/Local/Temp/jsreport/autocleanup/93540637-8c15-4aa5-96be-2f3152525d7a-chrome-pdf.html:51:35","meta":{"rootId":"gy2w04xsu1hahp6","id":"gy2w04xsu1hahp6"},"id":"uv9r5ywei1eo4h1","previousOperationId":"dspc770n7s30efd"}
{"type":"log","timestamp":1675625568427,"level":"debug","message":"Running chrome with params {\"printBackground\":true,\"marginTop\":\"4cm\",\"marginRight\":\"1.5cm\",\"marginBottom\":\"1.5cm\",\"marginLeft\":\"1.5cm\",\"waitForJS\":false,\"timeout\":59632,\"margin\":{\"top\":\"4cm\",\"right\":\"1.5cm\",\"bottom\":\"1.5cm\",\"left\":\"1.5cm\"}}","meta":{"rootId":"gy2w04xsu1hahp6","id":"gy2w04xsu1hahp6"},"id":"d2hb25t1xfh15r8","previousOperationId":"dspc770n7s30efd"}
{"type":"operationEnd","operationId":"dspc770n7s30efd","timestamp":1675625568533,"id":"vq845if2pwjun3q","previousEventId":"cq7mo41vyc732c6","previousOperationId":"dspc770n7s30efd"}
{"type":"log","timestamp":1675625568533,"level":"info","message":"pdf-utils is starting pdf processing","meta":{"rootId":"gy2w04xsu1hahp6","id":"gy2w04xsu1hahp6"},"id":"qeoij9zodis8wie","previousOperationId":"dspc770n7s30efd"}
{"type":"operationStart","subtype":"pdfUtils","name":"pdf utils","timestamp":1675625568533,"id":"yib1unjrh5cz8w0","previousEventId":"vq845if2pwjun3q","operationId":"n55g4ycgdcrldnj","previousOperationId":"dspc770n7s30efd"}
{"type":"log","timestamp":1675625568533,"level":"debug","message":"pdf-utils detected 1 pdf operation(s) to process","meta":{"rootId":"gy2w04xsu1hahp6","id":"gy2w04xsu1hahp6"},"id":"2q1drf7rq0w53st","previousOperationId":"n55g4ycgdcrldnj"}
{"type":"log","timestamp":1675625568547,"level":"debug","message":"pdf-utils running pdf operation merge","meta":{"rootId":"gy2w04xsu1hahp6","id":"gy2w04xsu1hahp6"},"id":"z152bd0gzsbtukm","previousOperationId":"n55g4ycgdcrldnj"}
{"type":"operationStart","subtype":"pdfUtilsMerge","name":"pdf utils merge","previousOperationId":"n55g4ycgdcrldnj","timestamp":1675625568547,"id":"cvqdaubdaloe6i5","previousEventId":"yib1unjrh5cz8w0","operationId":"zolq889v6bmrugg"}
{"type":"operationStart","subtype":"render","name":"orders-header","previousOperationId":"zolq889v6bmrugg","timestamp":1675625568548,"id":"malu7pmx30i0kb5","previousEventId":"cvqdaubdaloe6i5","operationId":"dx0w3lc22g5n20g"}
{"type":"log","timestamp":1675625568548,"level":"info","message":"Starting rendering (child) request","meta":{"rootId":"gy2w04xsu1hahp6","id":"6m1l2zeopwl1n62"},"id":"1qbze43a32r3li3","previousOperationId":"dx0w3lc22g5n20g"}
{"type":"log","timestamp":1675625568549,"level":"info","message":"Rendering template { name: orders-header, recipe: chrome-pdf, engine: handlebars, preview: true }","meta":{"rootId":"gy2w04xsu1hahp6","id":"6m1l2zeopwl1n62"},"id":"gloheu5lhrzufck","previousOperationId":"dx0w3lc22g5n20g"}
{"type":"log","timestamp":1675625568549,"level":"debug","message":"Inline data specified.","meta":{"rootId":"gy2w04xsu1hahp6","id":"6m1l2zeopwl1n62"},"id":"ov52xkxpy24c7y0","previousOperationId":"dx0w3lc22g5n20g"}
{"type":"log","timestamp":1675625568556,"level":"debug","message":"Base url not specified, skipping its injection.","meta":{"rootId":"gy2w04xsu1hahp6","id":"6m1l2zeopwl1n62"},"id":"ew5fcg9o3jii79v","previousOperationId":"dx0w3lc22g5n20g"}
{"type":"operationStart","subtype":"engine","name":"handlebars","timestamp":1675625568556,"id":"23skw6olx6utop7","previousEventId":"malu7pmx30i0kb5","operationId":"s1gd17fvl2kl6s4","previousOperationId":"dx0w3lc22g5n20g"}
{"type":"log","timestamp":1675625568556,"level":"debug","message":"Rendering engine handlebars","meta":{"rootId":"gy2w04xsu1hahp6","id":"6m1l2zeopwl1n62"},"id":"uok8wyise8c6dze","previousOperationId":"s1gd17fvl2kl6s4"}
{"type":"operationEnd","operationId":"s1gd17fvl2kl6s4","timestamp":1675625568575,"id":"wggmsgcbebotqja","previousEventId":"23skw6olx6utop7","previousOperationId":"s1gd17fvl2kl6s4"}
{"type":"operationStart","subtype":"recipe","name":"chrome-pdf","timestamp":1675625568575,"id":"q8mkhuyazdioztq","previousEventId":"wggmsgcbebotqja","operationId":"jdcwcf2lda0eak6","previousOperationId":"s1gd17fvl2kl6s4"}
{"type":"log","timestamp":1675625568575,"level":"debug","message":"Executing recipe chrome-pdf","meta":{"rootId":"gy2w04xsu1hahp6","id":"6m1l2zeopwl1n62"},"id":"5isf10xnqp94zif","previousOperationId":"jdcwcf2lda0eak6"}
{"type":"log","timestamp":1675625568577,"level":"debug","message":"Converting with chrome HeadlessChrome/105.0.5173.0 using chrome-pool strategy","meta":{"rootId":"gy2w04xsu1hahp6","id":"6m1l2zeopwl1n62"},"id":"72asmor95rvg4rm","previousOperationId":"jdcwcf2lda0eak6"}
{"type":"log","timestamp":1675625568693,"level":"debug","message":"Page request: GET (document) file:///C:/Users/pollo/AppData/Local/Temp/jsreport/autocleanup/ae3cc05e-b2e9-4240-ae51-2c52940c7d7e-chrome-pdf.html","meta":{"rootId":"gy2w04xsu1hahp6","id":"6m1l2zeopwl1n62"},"id":"kltefvsontocbyb","previousOperationId":"jdcwcf2lda0eak6"}
{"type":"log","timestamp":1675625568705,"level":"debug","message":"Page request finished: GET (document) 200 file:///C:/Users/pollo/AppData/Local/Temp/jsreport/autocleanup/ae3cc05e-b2e9-4240-ae51-2c52940c7d7e-chrome-pdf.html","meta":{"rootId":"gy2w04xsu1hahp6","id":"6m1l2zeopwl1n62"},"id":"j97p0n9wsxu56bg","previousOperationId":"jdcwcf2lda0eak6"}
{"type":"log","timestamp":1675625568705,"level":"debug","message":"Page request: GET (stylesheet) https://cdnjs.cloudflare.com/ajax/libs/metro/4.1.5/css/metro.min.css","meta":{"rootId":"gy2w04xsu1hahp6","id":"6m1l2zeopwl1n62"},"id":"s17m19f3mowfiz4","previousOperationId":"jdcwcf2lda0eak6"}
{"type":"log","timestamp":1675625568727,"level":"debug","message":"Page request finished: GET (stylesheet) 200 https://cdnjs.cloudflare.com/ajax/libs/metro/4.1.5/css/metro.min.css","meta":{"rootId":"gy2w04xsu1hahp6","id":"6m1l2zeopwl1n62"},"id":"4du7ygfcpmtb2m8","previousOperationId":"jdcwcf2lda0eak6"}
{"type":"log","timestamp":1675625568749,"level":"debug","message":"Running chrome with params {\"printBackground\":true,\"marginTop\":\"1.5cm\",\"marginRight\":\"1.5cm\",\"marginLeft\":\"1.cm\",\"timeout\":59301,\"margin\":{\"top\":\"1.5cm\",\"right\":\"1.5cm\",\"left\":\"1.cm\"}}","meta":{"rootId":"gy2w04xsu1hahp6","id":"6m1l2zeopwl1n62"},"id":"2hnfbcg992bpqhx","previousOperationId":"jdcwcf2lda0eak6"}
{"type":"operationEnd","operationId":"jdcwcf2lda0eak6","timestamp":1675625568808,"id":"lypqd0e3uq6anoz","previousEventId":"q8mkhuyazdioztq","previousOperationId":"jdcwcf2lda0eak6"}
{"type":"log","timestamp":1675625568808,"level":"debug","message":"Skipping storing report.","meta":{"rootId":"gy2w04xsu1hahp6","id":"6m1l2zeopwl1n62"},"id":"08nn8fpo4q2krnv","previousOperationId":"jdcwcf2lda0eak6"}
{"type":"log","timestamp":1675625568808,"level":"info","message":"Rendering (child) request finished in 930 ms","meta":{"rootId":"gy2w04xsu1hahp6","id":"6m1l2zeopwl1n62"},"id":"krzkuqr35k41p53","previousOperationId":"jdcwcf2lda0eak6"}
{"type":"operationEnd","subtype":"render","operationId":"dx0w3lc22g5n20g","timestamp":1675625568808,"id":"rilr6ob2s6jdpoo","previousEventId":"lypqd0e3uq6anoz","previousOperationId":"jdcwcf2lda0eak6"}
{"type":"operationEnd","operationId":"zolq889v6bmrugg","timestamp":1675625568814,"id":"ixc6frqko9b9dor","previousEventId":"cvqdaubdaloe6i5","previousOperationId":"zolq889v6bmrugg"}
{"type":"log","timestamp":1675625568814,"level":"debug","message":"pdf-utils postproces start","meta":{"rootId":"gy2w04xsu1hahp6","id":"gy2w04xsu1hahp6"},"id":"77yb2o3uc9ve22e","previousOperationId":"zolq889v6bmrugg"}
{"type":"log","timestamp":1675625568819,"level":"debug","message":"pdf-utils postproces end","meta":{"rootId":"gy2w04xsu1hahp6","id":"gy2w04xsu1hahp6"},"id":"bn3tcq6uc6qqq97","previousOperationId":"zolq889v6bmrugg"}
{"type":"operationEnd","operationId":"n55g4ycgdcrldnj","timestamp":1675625568819,"id":"ruitatn3h1l8icl","previousEventId":"ixc6frqko9b9dor","previousOperationId":"zolq889v6bmrugg"}
{"type":"log","timestamp":1675625568819,"level":"info","message":"pdf-utils pdf processing was finished","meta":{"rootId":"gy2w04xsu1hahp6","id":"gy2w04xsu1hahp6"},"id":"iwdaa6bzpt3mhym","previousOperationId":"n55g4ycgdcrldnj"}
{"type":"log","timestamp":1675625568819,"level":"debug","message":"Skipping storing report.","meta":{"rootId":"gy2w04xsu1hahp6","id":"gy2w04xsu1hahp6"},"id":"v0y9jk42quuxxt0","previousOperationId":"n55g4ycgdcrldnj"}
{"type":"log","timestamp":1675625568819,"level":"info","message":"Rendering request 7 finished in 941 ms","meta":{"rootId":"gy2w04xsu1hahp6","id":"gy2w04xsu1hahp6"},"id":"fy4vblitzq8at41","previousOperationId":"n55g4ycgdcrldnj"}
{"type":"operationEnd","subtype":"render","operationId":"fc09q0g4bnod9e5","timestamp":1675625568819,"id":"lcga2ourfnudran","previousEventId":"ruitatn3h1l8icl","previousOperationId":"n55g4ycgdcrldnj"}
{"type":"operationEnd","doDiffs":false,"previousEventId":"em8d9xu2qb3h02z","previousOperationId":"sjndfdksv4jb2c8","operationId":"sjndfdksv4jb2c8","timestamp":1675625568826,"id":"lp8v4wkr38f4pwj"}
