{"type":"operationStart","subtype":"profile","data":{"_id":"9y9gxhtJAbDuOBNo","timestamp":"2023-02-05T17:43:08.476Z","state":"queued","mode":"standard","creationDate":"2023-02-05T17:43:08.478Z","modificationDate":"2023-02-05T17:43:08.478Z","shortid":"LQ-Jv3G","$entitySet":"profiles"},"doDiffs":false,"timestamp":1675618988477,"id":"u27vjp4b9uabpke","previousOperationId":null,"operationId":"3fsyyuvepzjl9oe"}
{"type":"log","level":"info","message":"Render request 10 queued for execution and waiting for available worker","previousOperationId":"3fsyyuvepzjl9oe","timestamp":1675618988477,"id":"g5j70ar6qvh6n7o"}
{"type":"operationStart","subtype":"render","name":"orders-main","previousOperationId":"3fsyyuvepzjl9oe","timestamp":1675618988488,"id":"5tm8x619tdolr0k","previousEventId":"u27vjp4b9uabpke","operationId":"2u4jdd04qqre24o"}
{"type":"log","timestamp":1675618988488,"level":"info","message":"Starting rendering request 10","meta":{"rootId":"hi5ypv7tkbczywf","id":"hi5ypv7tkbczywf"},"id":"o21yug3ouyzpdff","previousOperationId":"2u4jdd04qqre24o"}
{"type":"log","timestamp":1675618988489,"level":"info","message":"Rendering template { name: orders-main, recipe: chrome-pdf, engine: handlebars, preview: true }","meta":{"rootId":"hi5ypv7tkbczywf","id":"hi5ypv7tkbczywf"},"id":"aqjc2bqemhuox9d","previousOperationId":"2u4jdd04qqre24o"}
{"type":"log","timestamp":1675618988490,"level":"debug","message":"Data item not defined for this template.","meta":{"rootId":"hi5ypv7tkbczywf","id":"hi5ypv7tkbczywf"},"id":"u7ry1ij6rusx8tc","previousOperationId":"2u4jdd04qqre24o"}
{"type":"log","timestamp":1675618988494,"level":"debug","message":"Executing script orders-script (beforeRender)","meta":{"rootId":"hi5ypv7tkbczywf","id":"hi5ypv7tkbczywf"},"id":"h68gef3xldsc26t","previousOperationId":"2u4jdd04qqre24o"}
{"type":"operationStart","subtype":"scriptsBeforeRender","name":"scripts beforeRender","timestamp":1675618988524,"id":"0m3h7szmsml9or2","previousEventId":"5tm8x619tdolr0k","operationId":"qvvqewfcfpqlh53","previousOperationId":"2u4jdd04qqre24o"}
{"type":"operationStart","subtype":"script","name":"scripts orders-script","previousOperationId":"qvvqewfcfpqlh53","timestamp":1675618988524,"id":"6kupv4qr8gx1u57","previousEventId":"0m3h7szmsml9or2","operationId":"5un8f3b2z8clht0"}
{"type":"log","timestamp":1675618988832,"level":"debug","message":"(console:log) {\n  data: [\n    {\n      id: 1,\n      name: 'Antonio',\n      description: 'Aclamado director de la Orquesta Filarmónica de Gran Canaria',\n      pieces: [Array],\n      count: 2\n    },\n    {\n      id: 3,\n      name: 'Juana de Armas',\n      description: 'Aclamada directora de la Orquesta Filarmónica de Gran Canaria',\n      pieces: [Array],\n      count: 4\n    }\n  ]\n}","meta":{"userLevel":true,"rootId":"hi5ypv7tkbczywf","id":"hi5ypv7tkbczywf"},"id":"42re453vht1qmul","previousOperationId":"5un8f3b2z8clht0"}
{"type":"operationEnd","operationId":"5un8f3b2z8clht0","timestamp":1675618988832,"id":"djg811rio9i7xr1","previousEventId":"5tm8x619tdolr0k","previousOperationId":"2u4jdd04qqre24o"}
{"type":"operationEnd","operationId":"qvvqewfcfpqlh53","timestamp":1675618988832,"id":"wlwobybzkr67aw8","previousEventId":"djg811rio9i7xr1","previousOperationId":"2u4jdd04qqre24o"}
{"type":"log","timestamp":1675618988832,"level":"debug","message":"Base url not specified, skipping its injection.","meta":{"rootId":"hi5ypv7tkbczywf","id":"hi5ypv7tkbczywf"},"id":"8eqe3ncg2x7jeuz","previousOperationId":"qvvqewfcfpqlh53"}
{"type":"operationStart","subtype":"engine","name":"handlebars","timestamp":1675618988832,"id":"jqpbmsn47wmvmfs","previousEventId":"wlwobybzkr67aw8","operationId":"39sz3ted7o2yo8r","previousOperationId":"qvvqewfcfpqlh53"}
{"type":"log","timestamp":1675618988832,"level":"debug","message":"Rendering engine handlebars","meta":{"rootId":"hi5ypv7tkbczywf","id":"hi5ypv7tkbczywf"},"id":"d0ves6wfiiddmrb","previousOperationId":"39sz3ted7o2yo8r"}
{"type":"operationEnd","operationId":"39sz3ted7o2yo8r","timestamp":1675618988850,"id":"maov8ir1jleqsrd","previousEventId":"jqpbmsn47wmvmfs","previousOperationId":"39sz3ted7o2yo8r"}
{"type":"operationStart","subtype":"recipe","name":"chrome-pdf","timestamp":1675618988851,"id":"jnuw0r51zkr1hzn","previousEventId":"maov8ir1jleqsrd","operationId":"tuhnu6ypk9sz2ih","previousOperationId":"39sz3ted7o2yo8r"}
{"type":"log","timestamp":1675618988851,"level":"debug","message":"Executing recipe chrome-pdf","meta":{"rootId":"hi5ypv7tkbczywf","id":"hi5ypv7tkbczywf"},"id":"pg5jdfbyfgzi6up","previousOperationId":"tuhnu6ypk9sz2ih"}
{"type":"log","timestamp":1675618988855,"level":"debug","message":"Converting with chrome HeadlessChrome/105.0.5173.0 using chrome-pool strategy","meta":{"rootId":"hi5ypv7tkbczywf","id":"hi5ypv7tkbczywf"},"id":"2txjmk8e4gdobtg","previousOperationId":"tuhnu6ypk9sz2ih"}
{"type":"log","timestamp":1675618988956,"level":"debug","message":"Page request: GET (document) file:///C:/Users/pollo/AppData/Local/Temp/jsreport/autocleanup/34051a03-4dab-447d-aceb-5295f47d3fd8-chrome-pdf.html","meta":{"rootId":"hi5ypv7tkbczywf","id":"hi5ypv7tkbczywf"},"id":"fy8fzan8nhdvake","previousOperationId":"tuhnu6ypk9sz2ih"}
{"type":"log","timestamp":1675618988978,"level":"debug","message":"Page request finished: GET (document) 200 file:///C:/Users/pollo/AppData/Local/Temp/jsreport/autocleanup/34051a03-4dab-447d-aceb-5295f47d3fd8-chrome-pdf.html","meta":{"rootId":"hi5ypv7tkbczywf","id":"hi5ypv7tkbczywf"},"id":"2p6c6ujagzs4pah","previousOperationId":"tuhnu6ypk9sz2ih"}
{"type":"log","timestamp":1675618988978,"level":"debug","message":"Page request: GET (stylesheet) https://cdnjs.cloudflare.com/ajax/libs/metro/4.1.5/css/metro.min.css","meta":{"rootId":"hi5ypv7tkbczywf","id":"hi5ypv7tkbczywf"},"id":"f76akf95bdz95ga","previousOperationId":"tuhnu6ypk9sz2ih"}
{"type":"log","timestamp":1675618988978,"level":"debug","message":"Page request: GET (script) https://cdnjs.cloudflare.com/ajax/libs/Chart.js/2.7.2/Chart.min.js","meta":{"rootId":"hi5ypv7tkbczywf","id":"hi5ypv7tkbczywf"},"id":"agsnfs8wf4yk3xf","previousOperationId":"tuhnu6ypk9sz2ih"}
{"type":"log","timestamp":1675618988985,"level":"debug","message":"Page request finished: GET (script) 200 https://cdnjs.cloudflare.com/ajax/libs/Chart.js/2.7.2/Chart.min.js","meta":{"rootId":"hi5ypv7tkbczywf","id":"hi5ypv7tkbczywf"},"id":"6vau70s64i616es","previousOperationId":"tuhnu6ypk9sz2ih"}
{"type":"log","timestamp":1675618989001,"level":"debug","message":"Page request finished: GET (stylesheet) 200 https://cdnjs.cloudflare.com/ajax/libs/metro/4.1.5/css/metro.min.css","meta":{"rootId":"hi5ypv7tkbczywf","id":"hi5ypv7tkbczywf"},"id":"ebmqjy0iy9pajxu","previousOperationId":"tuhnu6ypk9sz2ih"}
{"type":"log","timestamp":1675618989007,"level":"warn","message":"Page error: SyntaxError: \"undefined\" is not valid JSON\n    at JSON.parse (<anonymous>)\n    at file:///C:/Users/pollo/AppData/Local/Temp/jsreport/autocleanup/34051a03-4dab-447d-aceb-5295f47d3fd8-chrome-pdf.html:50:29","meta":{"rootId":"hi5ypv7tkbczywf","id":"hi5ypv7tkbczywf"},"id":"i1oh5g49vdj434l","previousOperationId":"tuhnu6ypk9sz2ih"}
{"type":"log","timestamp":1675618989038,"level":"debug","message":"Running chrome with params {\"printBackground\":true,\"marginTop\":\"4cm\",\"marginRight\":\"1.5cm\",\"marginBottom\":\"1.5cm\",\"marginLeft\":\"1.5cm\",\"waitForJS\":false,\"timeout\":59624,\"margin\":{\"top\":\"4cm\",\"right\":\"1.5cm\",\"bottom\":\"1.5cm\",\"left\":\"1.5cm\"}}","meta":{"rootId":"hi5ypv7tkbczywf","id":"hi5ypv7tkbczywf"},"id":"humgmt7ysbz9ntj","previousOperationId":"tuhnu6ypk9sz2ih"}
{"type":"operationEnd","operationId":"tuhnu6ypk9sz2ih","timestamp":1675618989120,"id":"9ccmituxdqce79s","previousEventId":"jnuw0r51zkr1hzn","previousOperationId":"tuhnu6ypk9sz2ih"}
{"type":"log","timestamp":1675618989120,"level":"info","message":"pdf-utils is starting pdf processing","meta":{"rootId":"hi5ypv7tkbczywf","id":"hi5ypv7tkbczywf"},"id":"xeqhpm6mdub7byr","previousOperationId":"tuhnu6ypk9sz2ih"}
{"type":"operationStart","subtype":"pdfUtils","name":"pdf utils","timestamp":1675618989120,"id":"lhutkvjcp0vhv6f","previousEventId":"9ccmituxdqce79s","operationId":"6cnqm2jlm8jpbt2","previousOperationId":"tuhnu6ypk9sz2ih"}
{"type":"log","timestamp":1675618989120,"level":"debug","message":"pdf-utils detected 1 pdf operation(s) to process","meta":{"rootId":"hi5ypv7tkbczywf","id":"hi5ypv7tkbczywf"},"id":"vj5mxj4gcflf3gd","previousOperationId":"6cnqm2jlm8jpbt2"}
{"type":"log","timestamp":1675618989137,"level":"debug","message":"pdf-utils running pdf operation merge","meta":{"rootId":"hi5ypv7tkbczywf","id":"hi5ypv7tkbczywf"},"id":"nxcptf9ekamn2nr","previousOperationId":"6cnqm2jlm8jpbt2"}
{"type":"operationStart","subtype":"pdfUtilsMerge","name":"pdf utils merge","previousOperationId":"6cnqm2jlm8jpbt2","timestamp":1675618989137,"id":"bim7v1xfbw5kpsh","previousEventId":"lhutkvjcp0vhv6f","operationId":"aqgr8xhlpc3j66l"}
{"type":"operationStart","subtype":"render","name":"orders-header","previousOperationId":"aqgr8xhlpc3j66l","timestamp":1675618989139,"id":"7lbvblhzl7fbuxs","previousEventId":"bim7v1xfbw5kpsh","operationId":"p50uy4qklmlgeg6"}
{"type":"log","timestamp":1675618989139,"level":"info","message":"Starting rendering (child) request","meta":{"rootId":"hi5ypv7tkbczywf","id":"2mim49is43tvj56"},"id":"om70aj5h4p5z8c3","previousOperationId":"p50uy4qklmlgeg6"}
{"type":"log","timestamp":1675618989139,"level":"info","message":"Rendering template { name: orders-header, recipe: chrome-pdf, engine: handlebars, preview: true }","meta":{"rootId":"hi5ypv7tkbczywf","id":"2mim49is43tvj56"},"id":"rmggimpmy82horc","previousOperationId":"p50uy4qklmlgeg6"}
{"type":"log","timestamp":1675618989143,"level":"debug","message":"Inline data specified.","meta":{"rootId":"hi5ypv7tkbczywf","id":"2mim49is43tvj56"},"id":"mjoumq8it316ss6","previousOperationId":"p50uy4qklmlgeg6"}
{"type":"log","timestamp":1675618989146,"level":"debug","message":"Base url not specified, skipping its injection.","meta":{"rootId":"hi5ypv7tkbczywf","id":"2mim49is43tvj56"},"id":"5kmqvfkjqecpwo9","previousOperationId":"p50uy4qklmlgeg6"}
{"type":"operationStart","subtype":"engine","name":"handlebars","timestamp":1675618989146,"id":"hg4vi71l6cdnze0","previousEventId":"7lbvblhzl7fbuxs","operationId":"ins0087qgo2y6bm","previousOperationId":"p50uy4qklmlgeg6"}
{"type":"log","timestamp":1675618989146,"level":"debug","message":"Rendering engine handlebars","meta":{"rootId":"hi5ypv7tkbczywf","id":"2mim49is43tvj56"},"id":"c2lxqvo3jvmeex0","previousOperationId":"ins0087qgo2y6bm"}
{"type":"operationEnd","operationId":"ins0087qgo2y6bm","timestamp":1675618989168,"id":"pon98rbymptu50t","previousEventId":"hg4vi71l6cdnze0","previousOperationId":"ins0087qgo2y6bm"}
{"type":"operationStart","subtype":"recipe","name":"chrome-pdf","timestamp":1675618989168,"id":"fqc6104thejr6p6","previousEventId":"pon98rbymptu50t","operationId":"wf5j4f4ild6zzc6","previousOperationId":"ins0087qgo2y6bm"}
{"type":"log","timestamp":1675618989168,"level":"debug","message":"Executing recipe chrome-pdf","meta":{"rootId":"hi5ypv7tkbczywf","id":"2mim49is43tvj56"},"id":"235zwxv5r48ilj5","previousOperationId":"wf5j4f4ild6zzc6"}
{"type":"log","timestamp":1675618989170,"level":"debug","message":"Converting with chrome HeadlessChrome/105.0.5173.0 using chrome-pool strategy","meta":{"rootId":"hi5ypv7tkbczywf","id":"2mim49is43tvj56"},"id":"qxdn7u3k704xp2v","previousOperationId":"wf5j4f4ild6zzc6"}
{"type":"log","timestamp":1675618989273,"level":"debug","message":"Page request: GET (document) file:///C:/Users/pollo/AppData/Local/Temp/jsreport/autocleanup/b5da2254-6800-4e7e-b002-e167d652a9dd-chrome-pdf.html","meta":{"rootId":"hi5ypv7tkbczywf","id":"2mim49is43tvj56"},"id":"kwx2cra2gn33jha","previousOperationId":"wf5j4f4ild6zzc6"}
{"type":"log","timestamp":1675618989285,"level":"debug","message":"Page request finished: GET (document) 200 file:///C:/Users/pollo/AppData/Local/Temp/jsreport/autocleanup/b5da2254-6800-4e7e-b002-e167d652a9dd-chrome-pdf.html","meta":{"rootId":"hi5ypv7tkbczywf","id":"2mim49is43tvj56"},"id":"g9e5grl6l0u5n5w","previousOperationId":"wf5j4f4ild6zzc6"}
{"type":"log","timestamp":1675618989286,"level":"debug","message":"Page request: GET (stylesheet) https://cdnjs.cloudflare.com/ajax/libs/metro/4.1.5/css/metro.min.css","meta":{"rootId":"hi5ypv7tkbczywf","id":"2mim49is43tvj56"},"id":"42h9yr4d5covqxl","previousOperationId":"wf5j4f4ild6zzc6"}
{"type":"log","timestamp":1675618989309,"level":"debug","message":"Page request finished: GET (stylesheet) 200 https://cdnjs.cloudflare.com/ajax/libs/metro/4.1.5/css/metro.min.css","meta":{"rootId":"hi5ypv7tkbczywf","id":"2mim49is43tvj56"},"id":"tsmoccxnhf8zqq6","previousOperationId":"wf5j4f4ild6zzc6"}
{"type":"log","timestamp":1675618989330,"level":"debug","message":"Running chrome with params {\"printBackground\":true,\"marginTop\":\"1.5cm\",\"marginRight\":\"1.5cm\",\"marginLeft\":\"1.cm\",\"timeout\":59307,\"margin\":{\"top\":\"1.5cm\",\"right\":\"1.5cm\",\"left\":\"1.cm\"}}","meta":{"rootId":"hi5ypv7tkbczywf","id":"2mim49is43tvj56"},"id":"zn94dz35yqz810o","previousOperationId":"wf5j4f4ild6zzc6"}
{"type":"operationEnd","operationId":"wf5j4f4ild6zzc6","timestamp":1675618989391,"id":"9aev2hux1pcu75j","previousEventId":"fqc6104thejr6p6","previousOperationId":"wf5j4f4ild6zzc6"}
{"type":"log","timestamp":1675618989391,"level":"debug","message":"Skipping storing report.","meta":{"rootId":"hi5ypv7tkbczywf","id":"2mim49is43tvj56"},"id":"ln21o2m9zjo38by","previousOperationId":"wf5j4f4ild6zzc6"}
{"type":"log","timestamp":1675618989391,"level":"info","message":"Rendering (child) request finished in 915 ms","meta":{"rootId":"hi5ypv7tkbczywf","id":"2mim49is43tvj56"},"id":"nnnzr80gmt7qxf7","previousOperationId":"wf5j4f4ild6zzc6"}
{"type":"operationEnd","subtype":"render","operationId":"p50uy4qklmlgeg6","timestamp":1675618989391,"id":"jguys1knrmwqwt5","previousEventId":"9aev2hux1pcu75j","previousOperationId":"wf5j4f4ild6zzc6"}
{"type":"operationEnd","operationId":"aqgr8xhlpc3j66l","timestamp":1675618989398,"id":"jb44ee92a7m18x5","previousEventId":"bim7v1xfbw5kpsh","previousOperationId":"aqgr8xhlpc3j66l"}
{"type":"log","timestamp":1675618989398,"level":"debug","message":"pdf-utils postproces start","meta":{"rootId":"hi5ypv7tkbczywf","id":"hi5ypv7tkbczywf"},"id":"oukgdba2kpzj060","previousOperationId":"aqgr8xhlpc3j66l"}
{"type":"log","timestamp":1675618989404,"level":"debug","message":"pdf-utils postproces end","meta":{"rootId":"hi5ypv7tkbczywf","id":"hi5ypv7tkbczywf"},"id":"n5750ojbxpdea2z","previousOperationId":"aqgr8xhlpc3j66l"}
{"type":"operationEnd","operationId":"6cnqm2jlm8jpbt2","timestamp":1675618989404,"id":"zc63zln1ato8ezm","previousEventId":"jb44ee92a7m18x5","previousOperationId":"aqgr8xhlpc3j66l"}
{"type":"log","timestamp":1675618989405,"level":"info","message":"pdf-utils pdf processing was finished","meta":{"rootId":"hi5ypv7tkbczywf","id":"hi5ypv7tkbczywf"},"id":"o80cnhw9qldynr4","previousOperationId":"6cnqm2jlm8jpbt2"}
{"type":"log","timestamp":1675618989405,"level":"debug","message":"Skipping storing report.","meta":{"rootId":"hi5ypv7tkbczywf","id":"hi5ypv7tkbczywf"},"id":"u0skykakvmk0n7t","previousOperationId":"6cnqm2jlm8jpbt2"}
{"type":"log","timestamp":1675618989405,"level":"info","message":"Rendering request 10 finished in 929 ms","meta":{"rootId":"hi5ypv7tkbczywf","id":"hi5ypv7tkbczywf"},"id":"2fjhs9m19zlq29g","previousOperationId":"6cnqm2jlm8jpbt2"}
{"type":"operationEnd","subtype":"render","operationId":"2u4jdd04qqre24o","timestamp":1675618989405,"id":"tyi8s3hbihi25wz","previousEventId":"zc63zln1ato8ezm","previousOperationId":"6cnqm2jlm8jpbt2"}
{"type":"operationEnd","doDiffs":false,"previousEventId":"u27vjp4b9uabpke","previousOperationId":"3fsyyuvepzjl9oe","operationId":"3fsyyuvepzjl9oe","timestamp":1675618989412,"id":"s8vvrbd0qdcnr76"}
