{"type":"operationStart","subtype":"profile","data":{"_id":"QpsgTyEPHp1XOtQh","timestamp":"2023-02-01T17:09:23.350Z","state":"queued","mode":"standard","creationDate":"2023-02-01T17:09:23.351Z","modificationDate":"2023-02-01T17:09:23.351Z","shortid":"cRMgm02","$entitySet":"profiles"},"doDiffs":false,"timestamp":1675271363351,"id":"txvokfzc6eryvj2","previousOperationId":null,"operationId":"il0xelacbh2wox2"}
{"type":"log","level":"info","message":"Render request 8 queued for execution and waiting for available worker","previousOperationId":"il0xelacbh2wox2","timestamp":1675271363351,"id":"x9v4bfb34e6vz5c"}
{"type":"operationStart","subtype":"render","name":"orders-main","previousOperationId":"il0xelacbh2wox2","timestamp":1675271363359,"id":"0ra1r2ya933z2ty","previousEventId":"txvokfzc6eryvj2","operationId":"06cu6qmfw3ipbax"}
{"type":"log","timestamp":1675271363360,"level":"info","message":"Starting rendering request 8","meta":{"rootId":"i5yv02aeha4x65c","id":"i5yv02aeha4x65c"},"id":"ndnvglvobbod40d","previousOperationId":"06cu6qmfw3ipbax"}
{"type":"log","timestamp":1675271363360,"level":"info","message":"Rendering template { name: orders-main, recipe: chrome-pdf, engine: handlebars, preview: true }","meta":{"rootId":"i5yv02aeha4x65c","id":"i5yv02aeha4x65c"},"id":"ijdhx3wjj0uirs0","previousOperationId":"06cu6qmfw3ipbax"}
{"type":"log","timestamp":1675271363361,"level":"debug","message":"Data item not defined for this template.","meta":{"rootId":"i5yv02aeha4x65c","id":"i5yv02aeha4x65c"},"id":"c4c7x1d7s44an7y","previousOperationId":"06cu6qmfw3ipbax"}
{"type":"log","timestamp":1675271363363,"level":"debug","message":"Executing script orders-script (beforeRender)","meta":{"rootId":"i5yv02aeha4x65c","id":"i5yv02aeha4x65c"},"id":"er7exq8pa9s50pm","previousOperationId":"06cu6qmfw3ipbax"}
{"type":"operationStart","subtype":"scriptsBeforeRender","name":"scripts beforeRender","timestamp":1675271363395,"id":"bsoyu3n42unft5f","previousEventId":"0ra1r2ya933z2ty","operationId":"u9qiyuqiql3938b","previousOperationId":"06cu6qmfw3ipbax"}
{"type":"operationStart","subtype":"script","name":"scripts orders-script","previousOperationId":"u9qiyuqiql3938b","timestamp":1675271363395,"id":"2v69lskqojr59p5","previousEventId":"bsoyu3n42unft5f","operationId":"f4bcgw84yv0kfz4"}
{"type":"log","timestamp":1675271363395,"level":"debug","message":"(console:log) AAAAAAAAAAAAAAAAAAAAAAA  undefined","meta":{"userLevel":true,"rootId":"i5yv02aeha4x65c","id":"i5yv02aeha4x65c"},"id":"p96wwizjp73jeqv","previousOperationId":"f4bcgw84yv0kfz4"}
{"type":"log","timestamp":1675271363674,"level":"debug","message":"(console:log) [\n  {\n    id: 1,\n    name: 'Antonio',\n    description: 'Aclamado director de la Orquesta Filarmónica de Gran Canaria'\n  },\n  {\n    id: 3,\n    name: 'Juana de Armas',\n    description: 'Aclamada directora de la Orquesta Filarmónica de Gran Canaria'\n  }\n]","meta":{"userLevel":true,"rootId":"i5yv02aeha4x65c","id":"i5yv02aeha4x65c"},"id":"icc699ddt9fwlqr","previousOperationId":"f4bcgw84yv0kfz4"}
{"type":"operationEnd","operationId":"f4bcgw84yv0kfz4","timestamp":1675271363674,"id":"bgq8639bz7sc4ct","previousEventId":"0ra1r2ya933z2ty","previousOperationId":"06cu6qmfw3ipbax"}
{"type":"operationEnd","operationId":"u9qiyuqiql3938b","timestamp":1675271363674,"id":"phpqbqsydylm8b1","previousEventId":"bgq8639bz7sc4ct","previousOperationId":"06cu6qmfw3ipbax"}
{"type":"log","timestamp":1675271363674,"level":"debug","message":"Base url not specified, skipping its injection.","meta":{"rootId":"i5yv02aeha4x65c","id":"i5yv02aeha4x65c"},"id":"qsb2kbyhxwleboi","previousOperationId":"u9qiyuqiql3938b"}
{"type":"operationStart","subtype":"engine","name":"handlebars","timestamp":1675271363675,"id":"mtm0u7y7frgacmo","previousEventId":"phpqbqsydylm8b1","operationId":"qe25swuibm0v9bc","previousOperationId":"u9qiyuqiql3938b"}
{"type":"log","timestamp":1675271363675,"level":"debug","message":"Rendering engine handlebars","meta":{"rootId":"i5yv02aeha4x65c","id":"i5yv02aeha4x65c"},"id":"j5v55406oog2r5m","previousOperationId":"qe25swuibm0v9bc"}
{"type":"operationEnd","operationId":"qe25swuibm0v9bc","timestamp":1675271363691,"id":"12sxoha37937mtl","previousEventId":"mtm0u7y7frgacmo","previousOperationId":"qe25swuibm0v9bc"}
{"type":"operationStart","subtype":"recipe","name":"chrome-pdf","timestamp":1675271363692,"id":"kyaquhbtrpelx78","previousEventId":"12sxoha37937mtl","operationId":"5kh9fxjz25r761v","previousOperationId":"qe25swuibm0v9bc"}
{"type":"log","timestamp":1675271363692,"level":"debug","message":"Executing recipe chrome-pdf","meta":{"rootId":"i5yv02aeha4x65c","id":"i5yv02aeha4x65c"},"id":"vs2q97t25u0xgnl","previousOperationId":"5kh9fxjz25r761v"}
{"type":"log","timestamp":1675271363694,"level":"debug","message":"Converting with chrome HeadlessChrome/105.0.5173.0 using chrome-pool strategy","meta":{"rootId":"i5yv02aeha4x65c","id":"i5yv02aeha4x65c"},"id":"f4tdgsu7oora429","previousOperationId":"5kh9fxjz25r761v"}
{"type":"log","timestamp":1675271363825,"level":"debug","message":"Page request: GET (document) file:///C:/Users/pollo/AppData/Local/Temp/jsreport/autocleanup/f531b20a-22da-4fc6-809b-a2dda0533e06-chrome-pdf.html","meta":{"rootId":"i5yv02aeha4x65c","id":"i5yv02aeha4x65c"},"id":"rgx57u35oap7zvi","previousOperationId":"5kh9fxjz25r761v"}
{"type":"log","timestamp":1675271363841,"level":"debug","message":"Page request finished: GET (document) 200 file:///C:/Users/pollo/AppData/Local/Temp/jsreport/autocleanup/f531b20a-22da-4fc6-809b-a2dda0533e06-chrome-pdf.html","meta":{"rootId":"i5yv02aeha4x65c","id":"i5yv02aeha4x65c"},"id":"svummvpwu3wqhvl","previousOperationId":"5kh9fxjz25r761v"}
{"type":"log","timestamp":1675271363841,"level":"debug","message":"Page request: GET (stylesheet) https://cdnjs.cloudflare.com/ajax/libs/metro/4.1.5/css/metro.min.css","meta":{"rootId":"i5yv02aeha4x65c","id":"i5yv02aeha4x65c"},"id":"2yjgu6qlj5bn2pd","previousOperationId":"5kh9fxjz25r761v"}
{"type":"log","timestamp":1675271363842,"level":"debug","message":"Page request: GET (script) https://cdnjs.cloudflare.com/ajax/libs/Chart.js/2.7.2/Chart.min.js","meta":{"rootId":"i5yv02aeha4x65c","id":"i5yv02aeha4x65c"},"id":"b099os741xoujyr","previousOperationId":"5kh9fxjz25r761v"}
{"type":"log","timestamp":1675271363851,"level":"debug","message":"Page request finished: GET (script) 200 https://cdnjs.cloudflare.com/ajax/libs/Chart.js/2.7.2/Chart.min.js","meta":{"rootId":"i5yv02aeha4x65c","id":"i5yv02aeha4x65c"},"id":"s0b9j80955aagfp","previousOperationId":"5kh9fxjz25r761v"}
{"type":"log","timestamp":1675271363869,"level":"debug","message":"Page request finished: GET (stylesheet) 200 https://cdnjs.cloudflare.com/ajax/libs/metro/4.1.5/css/metro.min.css","meta":{"rootId":"i5yv02aeha4x65c","id":"i5yv02aeha4x65c"},"id":"fovjyx1dsjiutud","previousOperationId":"5kh9fxjz25r761v"}
{"type":"log","timestamp":1675271363903,"level":"debug","message":"Running chrome with params {\"printBackground\":true,\"marginTop\":\"4cm\",\"marginRight\":\"1.5cm\",\"marginBottom\":\"1.5cm\",\"marginLeft\":\"1.5cm\",\"waitForJS\":false,\"timeout\":59656,\"margin\":{\"top\":\"4cm\",\"right\":\"1.5cm\",\"bottom\":\"1.5cm\",\"left\":\"1.5cm\"}}","meta":{"rootId":"i5yv02aeha4x65c","id":"i5yv02aeha4x65c"},"id":"bawez3fura9vmb0","previousOperationId":"5kh9fxjz25r761v"}
{"type":"operationEnd","operationId":"5kh9fxjz25r761v","timestamp":1675271363973,"id":"9daaaqvbea8jcwb","previousEventId":"kyaquhbtrpelx78","previousOperationId":"5kh9fxjz25r761v"}
{"type":"log","timestamp":1675271363973,"level":"info","message":"pdf-utils is starting pdf processing","meta":{"rootId":"i5yv02aeha4x65c","id":"i5yv02aeha4x65c"},"id":"dqo3ree42z1a32k","previousOperationId":"5kh9fxjz25r761v"}
{"type":"operationStart","subtype":"pdfUtils","name":"pdf utils","timestamp":1675271363973,"id":"5fjyuxczedb11ym","previousEventId":"9daaaqvbea8jcwb","operationId":"x14sa0kth41fzb7","previousOperationId":"5kh9fxjz25r761v"}
{"type":"log","timestamp":1675271363973,"level":"debug","message":"pdf-utils detected 1 pdf operation(s) to process","meta":{"rootId":"i5yv02aeha4x65c","id":"i5yv02aeha4x65c"},"id":"1bvn2ivl609klew","previousOperationId":"x14sa0kth41fzb7"}
{"type":"log","timestamp":1675271363990,"level":"debug","message":"pdf-utils running pdf operation merge","meta":{"rootId":"i5yv02aeha4x65c","id":"i5yv02aeha4x65c"},"id":"vzirgn53f7s4rke","previousOperationId":"x14sa0kth41fzb7"}
{"type":"operationStart","subtype":"pdfUtilsMerge","name":"pdf utils merge","previousOperationId":"x14sa0kth41fzb7","timestamp":1675271363990,"id":"xs1ouetgi6yom9y","previousEventId":"5fjyuxczedb11ym","operationId":"9e7l5xor36scc3w"}
{"type":"operationStart","subtype":"render","name":"orders-header","previousOperationId":"9e7l5xor36scc3w","timestamp":1675271363991,"id":"5vo1iohkhmp5uc0","previousEventId":"xs1ouetgi6yom9y","operationId":"6ucpp7sn87x9m67"}
{"type":"log","timestamp":1675271363991,"level":"info","message":"Starting rendering (child) request","meta":{"rootId":"i5yv02aeha4x65c","id":"9m59mxiy9h9k4bd"},"id":"asexzndglsk6apr","previousOperationId":"6ucpp7sn87x9m67"}
{"type":"log","timestamp":1675271363991,"level":"info","message":"Rendering template { name: orders-header, recipe: chrome-pdf, engine: handlebars, preview: true }","meta":{"rootId":"i5yv02aeha4x65c","id":"9m59mxiy9h9k4bd"},"id":"nezzsqfosj0x1mr","previousOperationId":"6ucpp7sn87x9m67"}
{"type":"log","timestamp":1675271363992,"level":"debug","message":"Inline data specified.","meta":{"rootId":"i5yv02aeha4x65c","id":"9m59mxiy9h9k4bd"},"id":"b937q2d7r26jqvn","previousOperationId":"6ucpp7sn87x9m67"}
{"type":"log","timestamp":1675271363994,"level":"debug","message":"Base url not specified, skipping its injection.","meta":{"rootId":"i5yv02aeha4x65c","id":"9m59mxiy9h9k4bd"},"id":"zp4v0ebrsqtkf4v","previousOperationId":"6ucpp7sn87x9m67"}
{"type":"operationStart","subtype":"engine","name":"handlebars","timestamp":1675271363994,"id":"j14mumx0865jd4c","previousEventId":"5vo1iohkhmp5uc0","operationId":"vzgvx6w5lmu8o19","previousOperationId":"6ucpp7sn87x9m67"}
{"type":"log","timestamp":1675271363994,"level":"debug","message":"Rendering engine handlebars","meta":{"rootId":"i5yv02aeha4x65c","id":"9m59mxiy9h9k4bd"},"id":"ju72dqe7rpvjm24","previousOperationId":"vzgvx6w5lmu8o19"}
{"type":"operationEnd","operationId":"vzgvx6w5lmu8o19","timestamp":1675271364012,"id":"kr8ynjh5n3hhct3","previousEventId":"j14mumx0865jd4c","previousOperationId":"vzgvx6w5lmu8o19"}
{"type":"operationStart","subtype":"recipe","name":"chrome-pdf","timestamp":1675271364013,"id":"5jey1dyku2drfp1","previousEventId":"kr8ynjh5n3hhct3","operationId":"7miozsq2vb1vqdp","previousOperationId":"vzgvx6w5lmu8o19"}
{"type":"log","timestamp":1675271364013,"level":"debug","message":"Executing recipe chrome-pdf","meta":{"rootId":"i5yv02aeha4x65c","id":"9m59mxiy9h9k4bd"},"id":"750x4qktgjzfk1f","previousOperationId":"7miozsq2vb1vqdp"}
{"type":"log","timestamp":1675271364018,"level":"debug","message":"Converting with chrome HeadlessChrome/105.0.5173.0 using chrome-pool strategy","meta":{"rootId":"i5yv02aeha4x65c","id":"9m59mxiy9h9k4bd"},"id":"8yz2beh8gsw8fan","previousOperationId":"7miozsq2vb1vqdp"}
{"type":"log","timestamp":1675271364120,"level":"debug","message":"Page request: GET (document) file:///C:/Users/pollo/AppData/Local/Temp/jsreport/autocleanup/73b14e90-ccc2-46c7-92c9-8fdbdab119a4-chrome-pdf.html","meta":{"rootId":"i5yv02aeha4x65c","id":"9m59mxiy9h9k4bd"},"id":"owqfpv9pmafj22z","previousOperationId":"7miozsq2vb1vqdp"}
{"type":"log","timestamp":1675271364129,"level":"debug","message":"Page request finished: GET (document) 200 file:///C:/Users/pollo/AppData/Local/Temp/jsreport/autocleanup/73b14e90-ccc2-46c7-92c9-8fdbdab119a4-chrome-pdf.html","meta":{"rootId":"i5yv02aeha4x65c","id":"9m59mxiy9h9k4bd"},"id":"6m9gw1l8lnyjbbf","previousOperationId":"7miozsq2vb1vqdp"}
{"type":"log","timestamp":1675271364129,"level":"debug","message":"Page request: GET (stylesheet) https://cdnjs.cloudflare.com/ajax/libs/metro/4.1.5/css/metro.min.css","meta":{"rootId":"i5yv02aeha4x65c","id":"9m59mxiy9h9k4bd"},"id":"kn13s5kvo1e3t1b","previousOperationId":"7miozsq2vb1vqdp"}
{"type":"log","timestamp":1675271364153,"level":"debug","message":"Page request finished: GET (stylesheet) 200 https://cdnjs.cloudflare.com/ajax/libs/metro/4.1.5/css/metro.min.css","meta":{"rootId":"i5yv02aeha4x65c","id":"9m59mxiy9h9k4bd"},"id":"k0jeri9t3vigage","previousOperationId":"7miozsq2vb1vqdp"}
{"type":"log","timestamp":1675271364174,"level":"debug","message":"Running chrome with params {\"printBackground\":true,\"marginTop\":\"1.5cm\",\"marginRight\":\"1.5cm\",\"marginLeft\":\"1.cm\",\"timeout\":59332,\"margin\":{\"top\":\"1.5cm\",\"right\":\"1.5cm\",\"left\":\"1.cm\"}}","meta":{"rootId":"i5yv02aeha4x65c","id":"9m59mxiy9h9k4bd"},"id":"ifmliefmctouz8h","previousOperationId":"7miozsq2vb1vqdp"}
{"type":"operationEnd","operationId":"7miozsq2vb1vqdp","timestamp":1675271364237,"id":"dtr5eg96l6juuwk","previousEventId":"5jey1dyku2drfp1","previousOperationId":"7miozsq2vb1vqdp"}
{"type":"log","timestamp":1675271364237,"level":"debug","message":"Skipping storing report.","meta":{"rootId":"i5yv02aeha4x65c","id":"9m59mxiy9h9k4bd"},"id":"91idgnk3i884n68","previousOperationId":"7miozsq2vb1vqdp"}
{"type":"log","timestamp":1675271364237,"level":"info","message":"Rendering (child) request finished in 888 ms","meta":{"rootId":"i5yv02aeha4x65c","id":"9m59mxiy9h9k4bd"},"id":"pw6rapx8srhb585","previousOperationId":"7miozsq2vb1vqdp"}
{"type":"operationEnd","subtype":"render","operationId":"6ucpp7sn87x9m67","timestamp":1675271364237,"id":"duz4ea3d1szi15r","previousEventId":"dtr5eg96l6juuwk","previousOperationId":"7miozsq2vb1vqdp"}
{"type":"operationEnd","operationId":"9e7l5xor36scc3w","timestamp":1675271364242,"id":"skqatugn28jdnxo","previousEventId":"xs1ouetgi6yom9y","previousOperationId":"9e7l5xor36scc3w"}
{"type":"log","timestamp":1675271364242,"level":"debug","message":"pdf-utils postproces start","meta":{"rootId":"i5yv02aeha4x65c","id":"i5yv02aeha4x65c"},"id":"3vymlegf24osi8c","previousOperationId":"9e7l5xor36scc3w"}
{"type":"log","timestamp":1675271364251,"level":"debug","message":"pdf-utils postproces end","meta":{"rootId":"i5yv02aeha4x65c","id":"i5yv02aeha4x65c"},"id":"b3vh622r11ugvp4","previousOperationId":"9e7l5xor36scc3w"}
{"type":"operationEnd","operationId":"x14sa0kth41fzb7","timestamp":1675271364251,"id":"hbekf1gm4ybin44","previousEventId":"skqatugn28jdnxo","previousOperationId":"9e7l5xor36scc3w"}
{"type":"log","timestamp":1675271364251,"level":"info","message":"pdf-utils pdf processing was finished","meta":{"rootId":"i5yv02aeha4x65c","id":"i5yv02aeha4x65c"},"id":"ayx7qaw9gp4243s","previousOperationId":"x14sa0kth41fzb7"}
{"type":"log","timestamp":1675271364251,"level":"debug","message":"Skipping storing report.","meta":{"rootId":"i5yv02aeha4x65c","id":"i5yv02aeha4x65c"},"id":"nzh6dhkyuj385bm","previousOperationId":"x14sa0kth41fzb7"}
{"type":"log","timestamp":1675271364251,"level":"info","message":"Rendering request 8 finished in 902 ms","meta":{"rootId":"i5yv02aeha4x65c","id":"i5yv02aeha4x65c"},"id":"ara7l4at8id6vre","previousOperationId":"x14sa0kth41fzb7"}
{"type":"operationEnd","subtype":"render","operationId":"06cu6qmfw3ipbax","timestamp":1675271364251,"id":"esc7hhljvcnb941","previousEventId":"hbekf1gm4ybin44","previousOperationId":"x14sa0kth41fzb7"}
{"type":"operationEnd","doDiffs":false,"previousEventId":"txvokfzc6eryvj2","previousOperationId":"il0xelacbh2wox2","operationId":"il0xelacbh2wox2","timestamp":1675271364260,"id":"rzosrwy1t0m52gi"}
