{"type":"operationStart","subtype":"profile","data":{"_id":"CS8MVVHwc3eQNnp8","timestamp":"2023-02-01T17:37:10.800Z","state":"queued","mode":"standard","creationDate":"2023-02-01T17:37:10.802Z","modificationDate":"2023-02-01T17:37:10.802Z","shortid":"4cGF2TB","$entitySet":"profiles"},"doDiffs":false,"timestamp":1675273030801,"id":"1tr9fwfwbgai5k9","previousOperationId":null,"operationId":"0x5cd5pp15z2bx4"}
{"type":"log","level":"info","message":"Render request 32 queued for execution and waiting for available worker","previousOperationId":"0x5cd5pp15z2bx4","timestamp":1675273030801,"id":"ch2d0iuk07mcy79"}
{"type":"operationStart","subtype":"render","name":"orders-main","previousOperationId":"0x5cd5pp15z2bx4","timestamp":1675273030812,"id":"v2hyx509m531qaq","previousEventId":"1tr9fwfwbgai5k9","operationId":"uh6d4aeaio37txu"}
{"type":"log","timestamp":1675273030812,"level":"info","message":"Starting rendering request 32","meta":{"rootId":"ih84s1iyrqsesrv","id":"ih84s1iyrqsesrv"},"id":"ud66getvq984knm","previousOperationId":"uh6d4aeaio37txu"}
{"type":"log","timestamp":1675273030812,"level":"info","message":"Rendering template { name: orders-main, recipe: chrome-pdf, engine: handlebars, preview: true }","meta":{"rootId":"ih84s1iyrqsesrv","id":"ih84s1iyrqsesrv"},"id":"l7g2vf6swjsgm66","previousOperationId":"uh6d4aeaio37txu"}
{"type":"log","timestamp":1675273030813,"level":"debug","message":"Data item not defined for this template.","meta":{"rootId":"ih84s1iyrqsesrv","id":"ih84s1iyrqsesrv"},"id":"1d4e4n3ym54qp3p","previousOperationId":"uh6d4aeaio37txu"}
{"type":"log","timestamp":1675273030816,"level":"debug","message":"Executing script orders-script (beforeRender)","meta":{"rootId":"ih84s1iyrqsesrv","id":"ih84s1iyrqsesrv"},"id":"njvg82ksbtt40ug","previousOperationId":"uh6d4aeaio37txu"}
{"type":"operationStart","subtype":"scriptsBeforeRender","name":"scripts beforeRender","timestamp":1675273030847,"id":"onnw3ffa44v0kqu","previousEventId":"v2hyx509m531qaq","operationId":"zo0c3a84qi2o3nr","previousOperationId":"uh6d4aeaio37txu"}
{"type":"operationStart","subtype":"script","name":"scripts orders-script","previousOperationId":"zo0c3a84qi2o3nr","timestamp":1675273030847,"id":"8duyhvta0zdtlyt","previousEventId":"onnw3ffa44v0kqu","operationId":"ceprmhxkpvc6h21"}
{"type":"log","timestamp":1675273030848,"level":"debug","message":"(console:log) AAAAAAAAAAAAAAAAAAAAAAA  undefined","meta":{"userLevel":true,"rootId":"ih84s1iyrqsesrv","id":"ih84s1iyrqsesrv"},"id":"bco97zaxg1xgub4","previousOperationId":"ceprmhxkpvc6h21"}
{"type":"log","timestamp":1675273031050,"level":"debug","message":"(console:log) {\n  id: 1,\n  name: 'Antonio',\n  description: 'Aclamado director de la Orquesta Filarmónica de Gran Canaria'\n}","meta":{"userLevel":true,"rootId":"ih84s1iyrqsesrv","id":"ih84s1iyrqsesrv"},"id":"2h7wughe0xbuz20","previousOperationId":"ceprmhxkpvc6h21"}
{"type":"log","timestamp":1675273031050,"level":"debug","message":"(console:log) {\n  id: 1,\n  name: 'Antonio',\n  description: 'Aclamado director de la Orquesta Filarmónica de Gran Canaria'\n}","meta":{"userLevel":true,"rootId":"ih84s1iyrqsesrv","id":"ih84s1iyrqsesrv"},"id":"6kwa3tfkcdmxloj","previousOperationId":"ceprmhxkpvc6h21"}
{"type":"operationEnd","operationId":"ceprmhxkpvc6h21","timestamp":1675273031050,"id":"81asfe3ifptv05s","previousEventId":"v2hyx509m531qaq","previousOperationId":"uh6d4aeaio37txu"}
{"type":"operationEnd","operationId":"zo0c3a84qi2o3nr","timestamp":1675273031051,"id":"buu7go197tmnmxt","previousEventId":"81asfe3ifptv05s","previousOperationId":"uh6d4aeaio37txu"}
{"type":"log","timestamp":1675273031051,"level":"debug","message":"Base url not specified, skipping its injection.","meta":{"rootId":"ih84s1iyrqsesrv","id":"ih84s1iyrqsesrv"},"id":"ogfrla4c935c1eo","previousOperationId":"zo0c3a84qi2o3nr"}
{"type":"operationStart","subtype":"engine","name":"handlebars","timestamp":1675273031051,"id":"6z7jlv7txl00jne","previousEventId":"buu7go197tmnmxt","operationId":"h30kv82b0blwstb","previousOperationId":"zo0c3a84qi2o3nr"}
{"type":"log","timestamp":1675273031051,"level":"debug","message":"Rendering engine handlebars","meta":{"rootId":"ih84s1iyrqsesrv","id":"ih84s1iyrqsesrv"},"id":"ro6z348g45n1gcg","previousOperationId":"h30kv82b0blwstb"}
{"type":"operationEnd","operationId":"h30kv82b0blwstb","timestamp":1675273031062,"id":"8oy6uzhrm3dsmyh","previousEventId":"6z7jlv7txl00jne","previousOperationId":"h30kv82b0blwstb"}
{"type":"operationStart","subtype":"recipe","name":"chrome-pdf","timestamp":1675273031062,"id":"g05ul8c6p5c4a6u","previousEventId":"8oy6uzhrm3dsmyh","operationId":"w4wtfvse93231tz","previousOperationId":"h30kv82b0blwstb"}
{"type":"log","timestamp":1675273031063,"level":"debug","message":"Executing recipe chrome-pdf","meta":{"rootId":"ih84s1iyrqsesrv","id":"ih84s1iyrqsesrv"},"id":"j23evujtfbos79k","previousOperationId":"w4wtfvse93231tz"}
{"type":"log","timestamp":1675273031064,"level":"debug","message":"Converting with chrome HeadlessChrome/105.0.5173.0 using chrome-pool strategy","meta":{"rootId":"ih84s1iyrqsesrv","id":"ih84s1iyrqsesrv"},"id":"5zsxf3nswxex07s","previousOperationId":"w4wtfvse93231tz"}
{"type":"log","timestamp":1675273031155,"level":"debug","message":"Page request: GET (document) file:///C:/Users/pollo/AppData/Local/Temp/jsreport/autocleanup/4a209cc5-a2b6-40f1-a6aa-7b8d755c9103-chrome-pdf.html","meta":{"rootId":"ih84s1iyrqsesrv","id":"ih84s1iyrqsesrv"},"id":"8mqv6zcn6juec2b","previousOperationId":"w4wtfvse93231tz"}
{"type":"log","timestamp":1675273031167,"level":"debug","message":"Page request finished: GET (document) 200 file:///C:/Users/pollo/AppData/Local/Temp/jsreport/autocleanup/4a209cc5-a2b6-40f1-a6aa-7b8d755c9103-chrome-pdf.html","meta":{"rootId":"ih84s1iyrqsesrv","id":"ih84s1iyrqsesrv"},"id":"ij029qkgjiqjgj7","previousOperationId":"w4wtfvse93231tz"}
{"type":"log","timestamp":1675273031167,"level":"debug","message":"Page request: GET (stylesheet) https://cdnjs.cloudflare.com/ajax/libs/metro/4.1.5/css/metro.min.css","meta":{"rootId":"ih84s1iyrqsesrv","id":"ih84s1iyrqsesrv"},"id":"n87p0uz4csw71ep","previousOperationId":"w4wtfvse93231tz"}
{"type":"log","timestamp":1675273031168,"level":"debug","message":"Page request: GET (script) https://cdnjs.cloudflare.com/ajax/libs/Chart.js/2.7.2/Chart.min.js","meta":{"rootId":"ih84s1iyrqsesrv","id":"ih84s1iyrqsesrv"},"id":"2s6gp0e516i3i5t","previousOperationId":"w4wtfvse93231tz"}
{"type":"log","timestamp":1675273031175,"level":"debug","message":"Page request finished: GET (script) 200 https://cdnjs.cloudflare.com/ajax/libs/Chart.js/2.7.2/Chart.min.js","meta":{"rootId":"ih84s1iyrqsesrv","id":"ih84s1iyrqsesrv"},"id":"5ptnfuiq2qlbhjw","previousOperationId":"w4wtfvse93231tz"}
{"type":"log","timestamp":1675273031191,"level":"debug","message":"Page request finished: GET (stylesheet) 200 https://cdnjs.cloudflare.com/ajax/libs/metro/4.1.5/css/metro.min.css","meta":{"rootId":"ih84s1iyrqsesrv","id":"ih84s1iyrqsesrv"},"id":"fsa6q80nutn8ywa","previousOperationId":"w4wtfvse93231tz"}
{"type":"log","timestamp":1675273031202,"level":"debug","message":"Running chrome with params {\"printBackground\":true,\"marginTop\":\"4cm\",\"marginRight\":\"1.5cm\",\"marginBottom\":\"1.5cm\",\"marginLeft\":\"1.5cm\",\"waitForJS\":false,\"timeout\":59736,\"margin\":{\"top\":\"4cm\",\"right\":\"1.5cm\",\"bottom\":\"1.5cm\",\"left\":\"1.5cm\"}}","meta":{"rootId":"ih84s1iyrqsesrv","id":"ih84s1iyrqsesrv"},"id":"b7berexfxbfsfob","previousOperationId":"w4wtfvse93231tz"}
{"type":"operationEnd","operationId":"w4wtfvse93231tz","timestamp":1675273031235,"id":"pn2q8wl4e7wf7x8","previousEventId":"g05ul8c6p5c4a6u","previousOperationId":"w4wtfvse93231tz"}
{"type":"log","timestamp":1675273031235,"level":"info","message":"pdf-utils is starting pdf processing","meta":{"rootId":"ih84s1iyrqsesrv","id":"ih84s1iyrqsesrv"},"id":"90gla15vwsahh2b","previousOperationId":"w4wtfvse93231tz"}
{"type":"operationStart","subtype":"pdfUtils","name":"pdf utils","timestamp":1675273031236,"id":"c67xmfdwxqfxli2","previousEventId":"pn2q8wl4e7wf7x8","operationId":"fq5yrdjipor1o7u","previousOperationId":"w4wtfvse93231tz"}
{"type":"log","timestamp":1675273031236,"level":"debug","message":"pdf-utils detected 1 pdf operation(s) to process","meta":{"rootId":"ih84s1iyrqsesrv","id":"ih84s1iyrqsesrv"},"id":"redb34cuxfmjebp","previousOperationId":"fq5yrdjipor1o7u"}
{"type":"log","timestamp":1675273031240,"level":"debug","message":"pdf-utils running pdf operation merge","meta":{"rootId":"ih84s1iyrqsesrv","id":"ih84s1iyrqsesrv"},"id":"e08xa6bmaialr0j","previousOperationId":"fq5yrdjipor1o7u"}
{"type":"operationStart","subtype":"pdfUtilsMerge","name":"pdf utils merge","previousOperationId":"fq5yrdjipor1o7u","timestamp":1675273031240,"id":"lwbrlb8kzuzhypw","previousEventId":"c67xmfdwxqfxli2","operationId":"fs79798xtknkb4l"}
{"type":"operationStart","subtype":"render","name":"orders-header","previousOperationId":"fs79798xtknkb4l","timestamp":1675273031242,"id":"zk12i9rl6ek1wza","previousEventId":"lwbrlb8kzuzhypw","operationId":"djxglg9dsfjx2wh"}
{"type":"log","timestamp":1675273031242,"level":"info","message":"Starting rendering (child) request","meta":{"rootId":"ih84s1iyrqsesrv","id":"7i2tegxenfw636o"},"id":"x2212vqyorucu7w","previousOperationId":"djxglg9dsfjx2wh"}
{"type":"log","timestamp":1675273031243,"level":"info","message":"Rendering template { name: orders-header, recipe: chrome-pdf, engine: handlebars, preview: true }","meta":{"rootId":"ih84s1iyrqsesrv","id":"7i2tegxenfw636o"},"id":"rtgva3y2ln8ymjk","previousOperationId":"djxglg9dsfjx2wh"}
{"type":"log","timestamp":1675273031243,"level":"debug","message":"Inline data specified.","meta":{"rootId":"ih84s1iyrqsesrv","id":"7i2tegxenfw636o"},"id":"ekm8vk93ypor587","previousOperationId":"djxglg9dsfjx2wh"}
{"type":"log","timestamp":1675273031246,"level":"debug","message":"Base url not specified, skipping its injection.","meta":{"rootId":"ih84s1iyrqsesrv","id":"7i2tegxenfw636o"},"id":"pwqy2qzh5gyigdz","previousOperationId":"djxglg9dsfjx2wh"}
{"type":"operationStart","subtype":"engine","name":"handlebars","timestamp":1675273031246,"id":"2hi5otrj6gqj8da","previousEventId":"zk12i9rl6ek1wza","operationId":"e6ni3kwbt37key2","previousOperationId":"djxglg9dsfjx2wh"}
{"type":"log","timestamp":1675273031246,"level":"debug","message":"Rendering engine handlebars","meta":{"rootId":"ih84s1iyrqsesrv","id":"7i2tegxenfw636o"},"id":"670y5b1w1mu0ynf","previousOperationId":"e6ni3kwbt37key2"}
{"type":"operationEnd","operationId":"e6ni3kwbt37key2","timestamp":1675273031267,"id":"74yznm5fpsddzbv","previousEventId":"2hi5otrj6gqj8da","previousOperationId":"e6ni3kwbt37key2"}
{"type":"operationStart","subtype":"recipe","name":"chrome-pdf","timestamp":1675273031267,"id":"qggd1m7bdif88fd","previousEventId":"74yznm5fpsddzbv","operationId":"2e4by08oxcw91yx","previousOperationId":"e6ni3kwbt37key2"}
{"type":"log","timestamp":1675273031267,"level":"debug","message":"Executing recipe chrome-pdf","meta":{"rootId":"ih84s1iyrqsesrv","id":"7i2tegxenfw636o"},"id":"jt0usza12ca1xaw","previousOperationId":"2e4by08oxcw91yx"}
{"type":"log","timestamp":1675273031269,"level":"debug","message":"Converting with chrome HeadlessChrome/105.0.5173.0 using chrome-pool strategy","meta":{"rootId":"ih84s1iyrqsesrv","id":"7i2tegxenfw636o"},"id":"v48pbkytgppdm0v","previousOperationId":"2e4by08oxcw91yx"}
{"type":"log","timestamp":1675273031362,"level":"debug","message":"Page request: GET (document) file:///C:/Users/pollo/AppData/Local/Temp/jsreport/autocleanup/2e47b759-efe6-4f72-9065-4479092f8fba-chrome-pdf.html","meta":{"rootId":"ih84s1iyrqsesrv","id":"7i2tegxenfw636o"},"id":"oscttbizl9qygty","previousOperationId":"2e4by08oxcw91yx"}
{"type":"log","timestamp":1675273031371,"level":"debug","message":"Page request finished: GET (document) 200 file:///C:/Users/pollo/AppData/Local/Temp/jsreport/autocleanup/2e47b759-efe6-4f72-9065-4479092f8fba-chrome-pdf.html","meta":{"rootId":"ih84s1iyrqsesrv","id":"7i2tegxenfw636o"},"id":"dzeq420xd0r88gj","previousOperationId":"2e4by08oxcw91yx"}
{"type":"log","timestamp":1675273031371,"level":"debug","message":"Page request: GET (stylesheet) https://cdnjs.cloudflare.com/ajax/libs/metro/4.1.5/css/metro.min.css","meta":{"rootId":"ih84s1iyrqsesrv","id":"7i2tegxenfw636o"},"id":"pjek5sss57ywl8n","previousOperationId":"2e4by08oxcw91yx"}
{"type":"log","timestamp":1675273031396,"level":"debug","message":"Page request finished: GET (stylesheet) 200 https://cdnjs.cloudflare.com/ajax/libs/metro/4.1.5/css/metro.min.css","meta":{"rootId":"ih84s1iyrqsesrv","id":"7i2tegxenfw636o"},"id":"b5ixgw0ngolu62l","previousOperationId":"2e4by08oxcw91yx"}
{"type":"log","timestamp":1675273031417,"level":"debug","message":"Running chrome with params {\"printBackground\":true,\"marginTop\":\"1.5cm\",\"marginRight\":\"1.5cm\",\"marginLeft\":\"1.cm\",\"timeout\":59531,\"margin\":{\"top\":\"1.5cm\",\"right\":\"1.5cm\",\"left\":\"1.cm\"}}","meta":{"rootId":"ih84s1iyrqsesrv","id":"7i2tegxenfw636o"},"id":"iiftam2fwey34jg","previousOperationId":"2e4by08oxcw91yx"}
{"type":"operationEnd","operationId":"2e4by08oxcw91yx","timestamp":1675273031473,"id":"w1qycya7hktn0fd","previousEventId":"qggd1m7bdif88fd","previousOperationId":"2e4by08oxcw91yx"}
{"type":"log","timestamp":1675273031473,"level":"debug","message":"Skipping storing report.","meta":{"rootId":"ih84s1iyrqsesrv","id":"7i2tegxenfw636o"},"id":"dikmzh6m6h9qk4e","previousOperationId":"2e4by08oxcw91yx"}
{"type":"log","timestamp":1675273031474,"level":"info","message":"Rendering (child) request finished in 674 ms","meta":{"rootId":"ih84s1iyrqsesrv","id":"7i2tegxenfw636o"},"id":"qaa5swi9krat68o","previousOperationId":"2e4by08oxcw91yx"}
{"type":"operationEnd","subtype":"render","operationId":"djxglg9dsfjx2wh","timestamp":1675273031474,"id":"1fdpfu07id295w2","previousEventId":"w1qycya7hktn0fd","previousOperationId":"2e4by08oxcw91yx"}
{"type":"operationEnd","operationId":"fs79798xtknkb4l","timestamp":1675273031480,"id":"w62z2kwngm6c9i7","previousEventId":"lwbrlb8kzuzhypw","previousOperationId":"fs79798xtknkb4l"}
{"type":"log","timestamp":1675273031480,"level":"debug","message":"pdf-utils postproces start","meta":{"rootId":"ih84s1iyrqsesrv","id":"ih84s1iyrqsesrv"},"id":"3wt8k33hyomm7hy","previousOperationId":"fs79798xtknkb4l"}
{"type":"log","timestamp":1675273031485,"level":"debug","message":"pdf-utils postproces end","meta":{"rootId":"ih84s1iyrqsesrv","id":"ih84s1iyrqsesrv"},"id":"yemkwynuntrx6dd","previousOperationId":"fs79798xtknkb4l"}
{"type":"operationEnd","operationId":"fq5yrdjipor1o7u","timestamp":1675273031485,"id":"uv6m73qib4wpd38","previousEventId":"w62z2kwngm6c9i7","previousOperationId":"fs79798xtknkb4l"}
{"type":"log","timestamp":1675273031485,"level":"info","message":"pdf-utils pdf processing was finished","meta":{"rootId":"ih84s1iyrqsesrv","id":"ih84s1iyrqsesrv"},"id":"rzenwqcsdgxw36b","previousOperationId":"fq5yrdjipor1o7u"}
{"type":"log","timestamp":1675273031485,"level":"debug","message":"Skipping storing report.","meta":{"rootId":"ih84s1iyrqsesrv","id":"ih84s1iyrqsesrv"},"id":"y8o3dh0g95egujp","previousOperationId":"fq5yrdjipor1o7u"}
{"type":"log","timestamp":1675273031485,"level":"info","message":"Rendering request 32 finished in 685 ms","meta":{"rootId":"ih84s1iyrqsesrv","id":"ih84s1iyrqsesrv"},"id":"r7fmlu8h7vtzal3","previousOperationId":"fq5yrdjipor1o7u"}
{"type":"operationEnd","subtype":"render","operationId":"uh6d4aeaio37txu","timestamp":1675273031485,"id":"shu36hspytzo2do","previousEventId":"uv6m73qib4wpd38","previousOperationId":"fq5yrdjipor1o7u"}
{"type":"operationEnd","doDiffs":false,"previousEventId":"1tr9fwfwbgai5k9","previousOperationId":"0x5cd5pp15z2bx4","operationId":"0x5cd5pp15z2bx4","timestamp":1675273031492,"id":"r10ujcz83sz1rq0"}
