{"type":"operationStart","subtype":"profile","data":{"_id":"xupfm4Rq8fqsqtRw","timestamp":"2023-02-05T18:20:22.005Z","state":"queued","mode":"standard","creationDate":"2023-02-05T18:20:22.007Z","modificationDate":"2023-02-05T18:20:22.007Z","shortid":"pBC50_b","$entitySet":"profiles"},"doDiffs":false,"timestamp":1675621222006,"id":"wtw9gn6eji9vbkt","previousOperationId":null,"operationId":"ca9ecd488xilmt7"}
{"type":"log","level":"info","message":"Render request 32 queued for execution and waiting for available worker","previousOperationId":"ca9ecd488xilmt7","timestamp":1675621222006,"id":"ifh3upri190y7uw"}
{"type":"operationStart","subtype":"render","name":"orders-main","previousOperationId":"ca9ecd488xilmt7","timestamp":1675621222018,"id":"6mmmwku3exq6xhx","previousEventId":"wtw9gn6eji9vbkt","operationId":"luclhcqz2re5l51"}
{"type":"log","timestamp":1675621222018,"level":"info","message":"Starting rendering request 32","meta":{"rootId":"j1vt58tvq3jnz3g","id":"j1vt58tvq3jnz3g"},"id":"cw96zmks8159sj5","previousOperationId":"luclhcqz2re5l51"}
{"type":"log","timestamp":1675621222018,"level":"info","message":"Rendering template { name: orders-main, recipe: chrome-pdf, engine: handlebars, preview: true }","meta":{"rootId":"j1vt58tvq3jnz3g","id":"j1vt58tvq3jnz3g"},"id":"el7mso156yx48cs","previousOperationId":"luclhcqz2re5l51"}
{"type":"log","timestamp":1675621222019,"level":"debug","message":"Data item not defined for this template.","meta":{"rootId":"j1vt58tvq3jnz3g","id":"j1vt58tvq3jnz3g"},"id":"538a1e98m4xjkpu","previousOperationId":"luclhcqz2re5l51"}
{"type":"log","timestamp":1675621222022,"level":"debug","message":"Executing script orders-script (beforeRender)","meta":{"rootId":"j1vt58tvq3jnz3g","id":"j1vt58tvq3jnz3g"},"id":"5wtwdejvjdzb9xk","previousOperationId":"luclhcqz2re5l51"}
{"type":"operationStart","subtype":"scriptsBeforeRender","name":"scripts beforeRender","timestamp":1675621222050,"id":"4n4xhgtlnqfo7ja","previousEventId":"6mmmwku3exq6xhx","operationId":"udr1nz2foctva76","previousOperationId":"luclhcqz2re5l51"}
{"type":"operationStart","subtype":"script","name":"scripts orders-script","previousOperationId":"udr1nz2foctva76","timestamp":1675621222050,"id":"fnf6d8laftois0z","previousEventId":"4n4xhgtlnqfo7ja","operationId":"7b8iv181j9f3co4"}
{"type":"operationEnd","operationId":"7b8iv181j9f3co4","timestamp":1675621222362,"id":"ivvd1hnizxpq48j","previousEventId":"6mmmwku3exq6xhx","previousOperationId":"luclhcqz2re5l51"}
{"type":"operationEnd","operationId":"udr1nz2foctva76","timestamp":1675621222363,"id":"41irw7nc3xxe56x","previousEventId":"ivvd1hnizxpq48j","previousOperationId":"luclhcqz2re5l51"}
{"type":"log","timestamp":1675621222363,"level":"debug","message":"Base url not specified, skipping its injection.","meta":{"rootId":"j1vt58tvq3jnz3g","id":"j1vt58tvq3jnz3g"},"id":"x37550digqf3xrp","previousOperationId":"udr1nz2foctva76"}
{"type":"operationStart","subtype":"engine","name":"handlebars","timestamp":1675621222363,"id":"034qra50k0brpou","previousEventId":"41irw7nc3xxe56x","operationId":"4fr0cqibxcg6o23","previousOperationId":"udr1nz2foctva76"}
{"type":"log","timestamp":1675621222363,"level":"debug","message":"Rendering engine handlebars","meta":{"rootId":"j1vt58tvq3jnz3g","id":"j1vt58tvq3jnz3g"},"id":"73cariywy2eu5qm","previousOperationId":"4fr0cqibxcg6o23"}
{"type":"operationEnd","operationId":"4fr0cqibxcg6o23","timestamp":1675621222380,"id":"32jsky2a1sru9sn","previousEventId":"034qra50k0brpou","previousOperationId":"4fr0cqibxcg6o23"}
{"type":"operationStart","subtype":"recipe","name":"chrome-pdf","timestamp":1675621222380,"id":"w2t2c2r7diuqsk7","previousEventId":"32jsky2a1sru9sn","operationId":"0kkmq632dwjg9a6","previousOperationId":"4fr0cqibxcg6o23"}
{"type":"log","timestamp":1675621222380,"level":"debug","message":"Executing recipe chrome-pdf","meta":{"rootId":"j1vt58tvq3jnz3g","id":"j1vt58tvq3jnz3g"},"id":"a4ns2l45auycr7j","previousOperationId":"0kkmq632dwjg9a6"}
{"type":"log","timestamp":1675621222385,"level":"debug","message":"Converting with chrome HeadlessChrome/105.0.5173.0 using chrome-pool strategy","meta":{"rootId":"j1vt58tvq3jnz3g","id":"j1vt58tvq3jnz3g"},"id":"i12o1nvnbqp2jbu","previousOperationId":"0kkmq632dwjg9a6"}
{"type":"log","timestamp":1675621222497,"level":"debug","message":"Page request: GET (document) file:///C:/Users/pollo/AppData/Local/Temp/jsreport/autocleanup/be6daebe-cd79-41c9-beec-91f2767276ed-chrome-pdf.html","meta":{"rootId":"j1vt58tvq3jnz3g","id":"j1vt58tvq3jnz3g"},"id":"yv7bbcw2z6fqfry","previousOperationId":"0kkmq632dwjg9a6"}
{"type":"log","timestamp":1675621222517,"level":"debug","message":"Page request finished: GET (document) 200 file:///C:/Users/pollo/AppData/Local/Temp/jsreport/autocleanup/be6daebe-cd79-41c9-beec-91f2767276ed-chrome-pdf.html","meta":{"rootId":"j1vt58tvq3jnz3g","id":"j1vt58tvq3jnz3g"},"id":"bfdo1k9p9js9sp5","previousOperationId":"0kkmq632dwjg9a6"}
{"type":"log","timestamp":1675621222517,"level":"debug","message":"Page request: GET (stylesheet) https://cdnjs.cloudflare.com/ajax/libs/metro/4.1.5/css/metro.min.css","meta":{"rootId":"j1vt58tvq3jnz3g","id":"j1vt58tvq3jnz3g"},"id":"o27x2sjjmkrpsmu","previousOperationId":"0kkmq632dwjg9a6"}
{"type":"log","timestamp":1675621222518,"level":"debug","message":"Page request: GET (script) https://cdn.jsdelivr.net/npm/chart.js","meta":{"rootId":"j1vt58tvq3jnz3g","id":"j1vt58tvq3jnz3g"},"id":"l0t7nltdl1kwzw5","previousOperationId":"0kkmq632dwjg9a6"}
{"type":"log","timestamp":1675621222524,"level":"debug","message":"Page request finished: GET (script) 200 https://cdn.jsdelivr.net/npm/chart.js","meta":{"rootId":"j1vt58tvq3jnz3g","id":"j1vt58tvq3jnz3g"},"id":"67e0ajoyc5zp9py","previousOperationId":"0kkmq632dwjg9a6"}
{"type":"log","timestamp":1675621222547,"level":"debug","message":"Page request finished: GET (stylesheet) 200 https://cdnjs.cloudflare.com/ajax/libs/metro/4.1.5/css/metro.min.css","meta":{"rootId":"j1vt58tvq3jnz3g","id":"j1vt58tvq3jnz3g"},"id":"5f6v0vbdiy0ubxy","previousOperationId":"0kkmq632dwjg9a6"}
{"type":"log","timestamp":1675621222552,"level":"warn","message":"Page error: SyntaxError: Unexpected identifier","meta":{"rootId":"j1vt58tvq3jnz3g","id":"j1vt58tvq3jnz3g"},"id":"8smi0qv4h5gwuk5","previousOperationId":"0kkmq632dwjg9a6"}
{"type":"log","timestamp":1675621222584,"level":"debug","message":"Running chrome with params {\"printBackground\":true,\"marginTop\":\"4cm\",\"marginRight\":\"1.5cm\",\"marginBottom\":\"1.5cm\",\"marginLeft\":\"1.5cm\",\"waitForJS\":false,\"timeout\":59622,\"margin\":{\"top\":\"4cm\",\"right\":\"1.5cm\",\"bottom\":\"1.5cm\",\"left\":\"1.5cm\"}}","meta":{"rootId":"j1vt58tvq3jnz3g","id":"j1vt58tvq3jnz3g"},"id":"7n0h66c7obca2in","previousOperationId":"0kkmq632dwjg9a6"}
{"type":"operationEnd","operationId":"0kkmq632dwjg9a6","timestamp":1675621222665,"id":"gudecs9i86bpqal","previousEventId":"w2t2c2r7diuqsk7","previousOperationId":"0kkmq632dwjg9a6"}
{"type":"log","timestamp":1675621222665,"level":"info","message":"pdf-utils is starting pdf processing","meta":{"rootId":"j1vt58tvq3jnz3g","id":"j1vt58tvq3jnz3g"},"id":"hx1vrhe8fjolw8e","previousOperationId":"0kkmq632dwjg9a6"}
{"type":"operationStart","subtype":"pdfUtils","name":"pdf utils","timestamp":1675621222665,"id":"ao8kqkm89qlovjr","previousEventId":"gudecs9i86bpqal","operationId":"0ra4ebcs4xuhqyd","previousOperationId":"0kkmq632dwjg9a6"}
{"type":"log","timestamp":1675621222665,"level":"debug","message":"pdf-utils detected 1 pdf operation(s) to process","meta":{"rootId":"j1vt58tvq3jnz3g","id":"j1vt58tvq3jnz3g"},"id":"dx8db0maj35wdyj","previousOperationId":"0ra4ebcs4xuhqyd"}
{"type":"log","timestamp":1675621222686,"level":"debug","message":"pdf-utils running pdf operation merge","meta":{"rootId":"j1vt58tvq3jnz3g","id":"j1vt58tvq3jnz3g"},"id":"pk4oh5e44hjcgpp","previousOperationId":"0ra4ebcs4xuhqyd"}
{"type":"operationStart","subtype":"pdfUtilsMerge","name":"pdf utils merge","previousOperationId":"0ra4ebcs4xuhqyd","timestamp":1675621222686,"id":"qpps84go3i0u66q","previousEventId":"ao8kqkm89qlovjr","operationId":"piwhvtpkd1dq3tx"}
{"type":"operationStart","subtype":"render","name":"orders-header","previousOperationId":"piwhvtpkd1dq3tx","timestamp":1675621222687,"id":"mattyx1pfn7hsl9","previousEventId":"qpps84go3i0u66q","operationId":"1eyf0z0nw1nq34d"}
{"type":"log","timestamp":1675621222687,"level":"info","message":"Starting rendering (child) request","meta":{"rootId":"j1vt58tvq3jnz3g","id":"6t4j775b087f8q3"},"id":"v900rw0s7nld2dn","previousOperationId":"1eyf0z0nw1nq34d"}
{"type":"log","timestamp":1675621222687,"level":"info","message":"Rendering template { name: orders-header, recipe: chrome-pdf, engine: handlebars, preview: true }","meta":{"rootId":"j1vt58tvq3jnz3g","id":"6t4j775b087f8q3"},"id":"fw015dwybxd7ilb","previousOperationId":"1eyf0z0nw1nq34d"}
{"type":"log","timestamp":1675621222688,"level":"debug","message":"Inline data specified.","meta":{"rootId":"j1vt58tvq3jnz3g","id":"6t4j775b087f8q3"},"id":"ohi713qw6pabw7a","previousOperationId":"1eyf0z0nw1nq34d"}
{"type":"log","timestamp":1675621222692,"level":"debug","message":"Base url not specified, skipping its injection.","meta":{"rootId":"j1vt58tvq3jnz3g","id":"6t4j775b087f8q3"},"id":"4wjm3ddr2nrxu4y","previousOperationId":"1eyf0z0nw1nq34d"}
{"type":"operationStart","subtype":"engine","name":"handlebars","timestamp":1675621222693,"id":"cyv2pkqggsm412y","previousEventId":"mattyx1pfn7hsl9","operationId":"wz0neg00555dc30","previousOperationId":"1eyf0z0nw1nq34d"}
{"type":"log","timestamp":1675621222693,"level":"debug","message":"Rendering engine handlebars","meta":{"rootId":"j1vt58tvq3jnz3g","id":"6t4j775b087f8q3"},"id":"o904u1x4227kwvz","previousOperationId":"wz0neg00555dc30"}
{"type":"operationEnd","operationId":"wz0neg00555dc30","timestamp":1675621222709,"id":"iwqjrueo891u1js","previousEventId":"cyv2pkqggsm412y","previousOperationId":"wz0neg00555dc30"}
{"type":"operationStart","subtype":"recipe","name":"chrome-pdf","timestamp":1675621222709,"id":"nnpzc6xi29v2yq9","previousEventId":"iwqjrueo891u1js","operationId":"5cuwzkrmi0lg0xu","previousOperationId":"wz0neg00555dc30"}
{"type":"log","timestamp":1675621222709,"level":"debug","message":"Executing recipe chrome-pdf","meta":{"rootId":"j1vt58tvq3jnz3g","id":"6t4j775b087f8q3"},"id":"99s5lfolz6ob7kd","previousOperationId":"5cuwzkrmi0lg0xu"}
{"type":"log","timestamp":1675621222712,"level":"debug","message":"Converting with chrome HeadlessChrome/105.0.5173.0 using chrome-pool strategy","meta":{"rootId":"j1vt58tvq3jnz3g","id":"6t4j775b087f8q3"},"id":"kjkthaojhz3homn","previousOperationId":"5cuwzkrmi0lg0xu"}
{"type":"log","timestamp":1675621222815,"level":"debug","message":"Page request: GET (document) file:///C:/Users/pollo/AppData/Local/Temp/jsreport/autocleanup/94a15dbf-77f1-47c7-88f8-89982d4ec4fd-chrome-pdf.html","meta":{"rootId":"j1vt58tvq3jnz3g","id":"6t4j775b087f8q3"},"id":"sl3b57jyw9y48xa","previousOperationId":"5cuwzkrmi0lg0xu"}
{"type":"log","timestamp":1675621222825,"level":"debug","message":"Page request: GET (stylesheet) https://cdnjs.cloudflare.com/ajax/libs/metro/4.1.5/css/metro.min.css","meta":{"rootId":"j1vt58tvq3jnz3g","id":"6t4j775b087f8q3"},"id":"sfzxusyez5532b5","previousOperationId":"5cuwzkrmi0lg0xu"}
{"type":"log","timestamp":1675621222826,"level":"debug","message":"Page request finished: GET (document) 200 file:///C:/Users/pollo/AppData/Local/Temp/jsreport/autocleanup/94a15dbf-77f1-47c7-88f8-89982d4ec4fd-chrome-pdf.html","meta":{"rootId":"j1vt58tvq3jnz3g","id":"6t4j775b087f8q3"},"id":"xyl0byu705rydhg","previousOperationId":"5cuwzkrmi0lg0xu"}
{"type":"log","timestamp":1675621222846,"level":"debug","message":"Page request finished: GET (stylesheet) 200 https://cdnjs.cloudflare.com/ajax/libs/metro/4.1.5/css/metro.min.css","meta":{"rootId":"j1vt58tvq3jnz3g","id":"6t4j775b087f8q3"},"id":"w8z9pqgaw5e1jmp","previousOperationId":"5cuwzkrmi0lg0xu"}
{"type":"log","timestamp":1675621222870,"level":"debug","message":"Running chrome with params {\"printBackground\":true,\"marginTop\":\"1.5cm\",\"marginRight\":\"1.5cm\",\"marginLeft\":\"1.cm\",\"timeout\":59294,\"margin\":{\"top\":\"1.5cm\",\"right\":\"1.5cm\",\"left\":\"1.cm\"}}","meta":{"rootId":"j1vt58tvq3jnz3g","id":"6t4j775b087f8q3"},"id":"xcez7gpdgw4es0m","previousOperationId":"5cuwzkrmi0lg0xu"}
{"type":"operationEnd","operationId":"5cuwzkrmi0lg0xu","timestamp":1675621222928,"id":"o5gvy4lba5j2xeo","previousEventId":"nnpzc6xi29v2yq9","previousOperationId":"5cuwzkrmi0lg0xu"}
{"type":"log","timestamp":1675621222928,"level":"debug","message":"Skipping storing report.","meta":{"rootId":"j1vt58tvq3jnz3g","id":"6t4j775b087f8q3"},"id":"dj7s7j02fn0optf","previousOperationId":"5cuwzkrmi0lg0xu"}
{"type":"log","timestamp":1675621222928,"level":"info","message":"Rendering (child) request finished in 923 ms","meta":{"rootId":"j1vt58tvq3jnz3g","id":"6t4j775b087f8q3"},"id":"g6zodfsczpsmj38","previousOperationId":"5cuwzkrmi0lg0xu"}
{"type":"operationEnd","subtype":"render","operationId":"1eyf0z0nw1nq34d","timestamp":1675621222928,"id":"5c1zytpdjpw7496","previousEventId":"o5gvy4lba5j2xeo","previousOperationId":"5cuwzkrmi0lg0xu"}
{"type":"operationEnd","operationId":"piwhvtpkd1dq3tx","timestamp":1675621222935,"id":"i1jggfsp5sg90hr","previousEventId":"qpps84go3i0u66q","previousOperationId":"piwhvtpkd1dq3tx"}
{"type":"log","timestamp":1675621222935,"level":"debug","message":"pdf-utils postproces start","meta":{"rootId":"j1vt58tvq3jnz3g","id":"j1vt58tvq3jnz3g"},"id":"gghona2dnk0xl1x","previousOperationId":"piwhvtpkd1dq3tx"}
{"type":"log","timestamp":1675621222940,"level":"debug","message":"pdf-utils postproces end","meta":{"rootId":"j1vt58tvq3jnz3g","id":"j1vt58tvq3jnz3g"},"id":"gdx0oq8hf0mqyeq","previousOperationId":"piwhvtpkd1dq3tx"}
{"type":"operationEnd","operationId":"0ra4ebcs4xuhqyd","timestamp":1675621222940,"id":"m2m2951t6w5l8f0","previousEventId":"i1jggfsp5sg90hr","previousOperationId":"piwhvtpkd1dq3tx"}
{"type":"log","timestamp":1675621222940,"level":"info","message":"pdf-utils pdf processing was finished","meta":{"rootId":"j1vt58tvq3jnz3g","id":"j1vt58tvq3jnz3g"},"id":"23r1zm0wy8pbi8t","previousOperationId":"0ra4ebcs4xuhqyd"}
{"type":"log","timestamp":1675621222940,"level":"debug","message":"Skipping storing report.","meta":{"rootId":"j1vt58tvq3jnz3g","id":"j1vt58tvq3jnz3g"},"id":"7kqk3jvk0i288d8","previousOperationId":"0ra4ebcs4xuhqyd"}
{"type":"log","timestamp":1675621222940,"level":"info","message":"Rendering request 32 finished in 935 ms","meta":{"rootId":"j1vt58tvq3jnz3g","id":"j1vt58tvq3jnz3g"},"id":"dnzw0whjalxcgmn","previousOperationId":"0ra4ebcs4xuhqyd"}
{"type":"operationEnd","subtype":"render","operationId":"luclhcqz2re5l51","timestamp":1675621222940,"id":"m3vcacfii1fs8go","previousEventId":"m2m2951t6w5l8f0","previousOperationId":"0ra4ebcs4xuhqyd"}
{"type":"operationEnd","doDiffs":false,"previousEventId":"wtw9gn6eji9vbkt","previousOperationId":"ca9ecd488xilmt7","operationId":"ca9ecd488xilmt7","timestamp":1675621222946,"id":"h7tpw0qcb2yy2v2"}
