{"type":"operationStart","subtype":"profile","data":{"_id":"9cpfx3qTYeYKipa5","timestamp":"2023-02-05T18:07:27.818Z","state":"queued","mode":"standard","creationDate":"2023-02-05T18:07:27.819Z","modificationDate":"2023-02-05T18:07:27.819Z","shortid":"SplqjDP","$entitySet":"profiles"},"doDiffs":false,"timestamp":1675620447818,"id":"gagfq21vlmgeazy","previousOperationId":null,"operationId":"55lx9ocsygei5pf"}
{"type":"log","level":"info","message":"Render request 24 queued for execution and waiting for available worker","previousOperationId":"55lx9ocsygei5pf","timestamp":1675620447819,"id":"923xbmkueqsf9kj"}
{"type":"operationStart","subtype":"render","name":"orders-main","previousOperationId":"55lx9ocsygei5pf","timestamp":1675620447830,"id":"jlakco7xe1poh8q","previousEventId":"gagfq21vlmgeazy","operationId":"fbydrenx2ug0rc7"}
{"type":"log","timestamp":1675620447830,"level":"info","message":"Starting rendering request 24","meta":{"rootId":"j48v89j1sk8k9oz","id":"j48v89j1sk8k9oz"},"id":"2mfpxbkrjzla1zq","previousOperationId":"fbydrenx2ug0rc7"}
{"type":"log","timestamp":1675620447830,"level":"info","message":"Rendering template { name: orders-main, recipe: chrome-pdf, engine: handlebars, preview: true }","meta":{"rootId":"j48v89j1sk8k9oz","id":"j48v89j1sk8k9oz"},"id":"2jo8zx0eks5g86x","previousOperationId":"fbydrenx2ug0rc7"}
{"type":"log","timestamp":1675620447832,"level":"debug","message":"Data item not defined for this template.","meta":{"rootId":"j48v89j1sk8k9oz","id":"j48v89j1sk8k9oz"},"id":"tcoyqp4nv2wr1i9","previousOperationId":"fbydrenx2ug0rc7"}
{"type":"log","timestamp":1675620447837,"level":"debug","message":"Executing script orders-script (beforeRender)","meta":{"rootId":"j48v89j1sk8k9oz","id":"j48v89j1sk8k9oz"},"id":"4swda5pzzy7cu4c","previousOperationId":"fbydrenx2ug0rc7"}
{"type":"operationStart","subtype":"scriptsBeforeRender","name":"scripts beforeRender","timestamp":1675620447868,"id":"xxbdgn5z2ww6df2","previousEventId":"jlakco7xe1poh8q","operationId":"y9aj6ir5usf1t5e","previousOperationId":"fbydrenx2ug0rc7"}
{"type":"operationStart","subtype":"script","name":"scripts orders-script","previousOperationId":"y9aj6ir5usf1t5e","timestamp":1675620447868,"id":"rbgcr6i8whqzqt8","previousEventId":"xxbdgn5z2ww6df2","operationId":"yqtmjhs16qqjaz7"}
{"type":"operationEnd","operationId":"yqtmjhs16qqjaz7","timestamp":1675620448182,"id":"es96nk2fm5bw3lq","previousEventId":"jlakco7xe1poh8q","previousOperationId":"fbydrenx2ug0rc7"}
{"type":"operationEnd","operationId":"y9aj6ir5usf1t5e","timestamp":1675620448182,"id":"but2yspsuym40z0","previousEventId":"es96nk2fm5bw3lq","previousOperationId":"fbydrenx2ug0rc7"}
{"type":"log","timestamp":1675620448182,"level":"debug","message":"Base url not specified, skipping its injection.","meta":{"rootId":"j48v89j1sk8k9oz","id":"j48v89j1sk8k9oz"},"id":"bhybzrvsnmtuyie","previousOperationId":"y9aj6ir5usf1t5e"}
{"type":"operationStart","subtype":"engine","name":"handlebars","timestamp":1675620448182,"id":"chvd4o1b81ufm9s","previousEventId":"but2yspsuym40z0","operationId":"la8fm7o2113tiaw","previousOperationId":"y9aj6ir5usf1t5e"}
{"type":"log","timestamp":1675620448182,"level":"debug","message":"Rendering engine handlebars","meta":{"rootId":"j48v89j1sk8k9oz","id":"j48v89j1sk8k9oz"},"id":"pg9rd8c82oud6ny","previousOperationId":"la8fm7o2113tiaw"}
{"type":"operationEnd","operationId":"la8fm7o2113tiaw","timestamp":1675620448194,"id":"vrnjcmohg6p665e","previousEventId":"chvd4o1b81ufm9s","previousOperationId":"la8fm7o2113tiaw"}
{"type":"operationStart","subtype":"recipe","name":"chrome-pdf","timestamp":1675620448194,"id":"vivvyib6oebsw3w","previousEventId":"vrnjcmohg6p665e","operationId":"fpqm2zvul2858nn","previousOperationId":"la8fm7o2113tiaw"}
{"type":"log","timestamp":1675620448194,"level":"debug","message":"Executing recipe chrome-pdf","meta":{"rootId":"j48v89j1sk8k9oz","id":"j48v89j1sk8k9oz"},"id":"o8189l5psn800pr","previousOperationId":"fpqm2zvul2858nn"}
{"type":"log","timestamp":1675620448197,"level":"debug","message":"Converting with chrome HeadlessChrome/105.0.5173.0 using chrome-pool strategy","meta":{"rootId":"j48v89j1sk8k9oz","id":"j48v89j1sk8k9oz"},"id":"91rssqba6fytgsu","previousOperationId":"fpqm2zvul2858nn"}
{"type":"log","timestamp":1675620448293,"level":"debug","message":"Page request: GET (document) file:///C:/Users/pollo/AppData/Local/Temp/jsreport/autocleanup/81dee856-6165-4882-81b7-98a366336436-chrome-pdf.html","meta":{"rootId":"j48v89j1sk8k9oz","id":"j48v89j1sk8k9oz"},"id":"s1o5fajlo44eo3j","previousOperationId":"fpqm2zvul2858nn"}
{"type":"log","timestamp":1675620448303,"level":"debug","message":"Page request finished: GET (document) 200 file:///C:/Users/pollo/AppData/Local/Temp/jsreport/autocleanup/81dee856-6165-4882-81b7-98a366336436-chrome-pdf.html","meta":{"rootId":"j48v89j1sk8k9oz","id":"j48v89j1sk8k9oz"},"id":"lvv7pdmaizpr2xc","previousOperationId":"fpqm2zvul2858nn"}
{"type":"log","timestamp":1675620448304,"level":"debug","message":"Page request: GET (stylesheet) https://cdnjs.cloudflare.com/ajax/libs/metro/4.1.5/css/metro.min.css","meta":{"rootId":"j48v89j1sk8k9oz","id":"j48v89j1sk8k9oz"},"id":"tdzv31eh3qhr54z","previousOperationId":"fpqm2zvul2858nn"}
{"type":"log","timestamp":1675620448304,"level":"debug","message":"Page request: GET (script) https://cdnjs.cloudflare.com/ajax/libs/Chart.js/2.7.2/Chart.min.js","meta":{"rootId":"j48v89j1sk8k9oz","id":"j48v89j1sk8k9oz"},"id":"ofjbnbwtaudi6pq","previousOperationId":"fpqm2zvul2858nn"}
{"type":"log","timestamp":1675620448312,"level":"debug","message":"Page request finished: GET (script) 200 https://cdnjs.cloudflare.com/ajax/libs/Chart.js/2.7.2/Chart.min.js","meta":{"rootId":"j48v89j1sk8k9oz","id":"j48v89j1sk8k9oz"},"id":"kawmd55gfk0yqpo","previousOperationId":"fpqm2zvul2858nn"}
{"type":"log","timestamp":1675620448328,"level":"debug","message":"Page request finished: GET (stylesheet) 200 https://cdnjs.cloudflare.com/ajax/libs/metro/4.1.5/css/metro.min.css","meta":{"rootId":"j48v89j1sk8k9oz","id":"j48v89j1sk8k9oz"},"id":"ju7tk5kx1kb7g85","previousOperationId":"fpqm2zvul2858nn"}
{"type":"log","timestamp":1675620448334,"level":"warn","message":"Page error: SyntaxError: Unexpected identifier","meta":{"rootId":"j48v89j1sk8k9oz","id":"j48v89j1sk8k9oz"},"id":"wnhy94tpljaxy4l","previousOperationId":"fpqm2zvul2858nn"}
{"type":"log","timestamp":1675620448363,"level":"debug","message":"Running chrome with params {\"printBackground\":true,\"marginTop\":\"4cm\",\"marginRight\":\"1.5cm\",\"marginBottom\":\"1.5cm\",\"marginLeft\":\"1.5cm\",\"waitForJS\":false,\"timeout\":59621,\"margin\":{\"top\":\"4cm\",\"right\":\"1.5cm\",\"bottom\":\"1.5cm\",\"left\":\"1.5cm\"}}","meta":{"rootId":"j48v89j1sk8k9oz","id":"j48v89j1sk8k9oz"},"id":"3j6jvebmc3ma8ab","previousOperationId":"fpqm2zvul2858nn"}
{"type":"operationEnd","operationId":"fpqm2zvul2858nn","timestamp":1675620448455,"id":"caic8logju7l0my","previousEventId":"vivvyib6oebsw3w","previousOperationId":"fpqm2zvul2858nn"}
{"type":"log","timestamp":1675620448455,"level":"info","message":"pdf-utils is starting pdf processing","meta":{"rootId":"j48v89j1sk8k9oz","id":"j48v89j1sk8k9oz"},"id":"j040ekvj388036z","previousOperationId":"fpqm2zvul2858nn"}
{"type":"operationStart","subtype":"pdfUtils","name":"pdf utils","timestamp":1675620448455,"id":"fxjiciv60r9w8l0","previousEventId":"caic8logju7l0my","operationId":"jjfrejft2n047et","previousOperationId":"fpqm2zvul2858nn"}
{"type":"log","timestamp":1675620448455,"level":"debug","message":"pdf-utils detected 1 pdf operation(s) to process","meta":{"rootId":"j48v89j1sk8k9oz","id":"j48v89j1sk8k9oz"},"id":"fei7qmv4ucnr45x","previousOperationId":"jjfrejft2n047et"}
{"type":"log","timestamp":1675620448473,"level":"debug","message":"pdf-utils running pdf operation merge","meta":{"rootId":"j48v89j1sk8k9oz","id":"j48v89j1sk8k9oz"},"id":"geo78qbcch7pu2x","previousOperationId":"jjfrejft2n047et"}
{"type":"operationStart","subtype":"pdfUtilsMerge","name":"pdf utils merge","previousOperationId":"jjfrejft2n047et","timestamp":1675620448473,"id":"ib60dxhmn209i4n","previousEventId":"fxjiciv60r9w8l0","operationId":"etpxg9kdpmomx1k"}
{"type":"operationStart","subtype":"render","name":"orders-header","previousOperationId":"etpxg9kdpmomx1k","timestamp":1675620448474,"id":"ti7wuhcip7fnjhz","previousEventId":"ib60dxhmn209i4n","operationId":"fzf00sdwjw8ok2f"}
{"type":"log","timestamp":1675620448474,"level":"info","message":"Starting rendering (child) request","meta":{"rootId":"j48v89j1sk8k9oz","id":"8yam4hygx2nkjes"},"id":"x2oqfe82fej77ed","previousOperationId":"fzf00sdwjw8ok2f"}
{"type":"log","timestamp":1675620448474,"level":"info","message":"Rendering template { name: orders-header, recipe: chrome-pdf, engine: handlebars, preview: true }","meta":{"rootId":"j48v89j1sk8k9oz","id":"8yam4hygx2nkjes"},"id":"qavq427io4vuwip","previousOperationId":"fzf00sdwjw8ok2f"}
{"type":"log","timestamp":1675620448476,"level":"debug","message":"Inline data specified.","meta":{"rootId":"j48v89j1sk8k9oz","id":"8yam4hygx2nkjes"},"id":"8nz582i1csk72v0","previousOperationId":"fzf00sdwjw8ok2f"}
{"type":"log","timestamp":1675620448479,"level":"debug","message":"Base url not specified, skipping its injection.","meta":{"rootId":"j48v89j1sk8k9oz","id":"8yam4hygx2nkjes"},"id":"iyv671986xaxse1","previousOperationId":"fzf00sdwjw8ok2f"}
{"type":"operationStart","subtype":"engine","name":"handlebars","timestamp":1675620448480,"id":"ve4exeu2ju69ti5","previousEventId":"ti7wuhcip7fnjhz","operationId":"34mk5wr2pbezsvn","previousOperationId":"fzf00sdwjw8ok2f"}
{"type":"log","timestamp":1675620448480,"level":"debug","message":"Rendering engine handlebars","meta":{"rootId":"j48v89j1sk8k9oz","id":"8yam4hygx2nkjes"},"id":"dtu3sw6omedhjli","previousOperationId":"34mk5wr2pbezsvn"}
{"type":"operationEnd","operationId":"34mk5wr2pbezsvn","timestamp":1675620448515,"id":"509xxm8mtv71crk","previousEventId":"ve4exeu2ju69ti5","previousOperationId":"34mk5wr2pbezsvn"}
{"type":"operationStart","subtype":"recipe","name":"chrome-pdf","timestamp":1675620448515,"id":"61ywvod7gqgr2mr","previousEventId":"509xxm8mtv71crk","operationId":"r9gw7aqzceoniyj","previousOperationId":"34mk5wr2pbezsvn"}
{"type":"log","timestamp":1675620448515,"level":"debug","message":"Executing recipe chrome-pdf","meta":{"rootId":"j48v89j1sk8k9oz","id":"8yam4hygx2nkjes"},"id":"qow9jlcnoga2elx","previousOperationId":"r9gw7aqzceoniyj"}
{"type":"log","timestamp":1675620448518,"level":"debug","message":"Converting with chrome HeadlessChrome/105.0.5173.0 using chrome-pool strategy","meta":{"rootId":"j48v89j1sk8k9oz","id":"8yam4hygx2nkjes"},"id":"1u7f5ptl47vpfu3","previousOperationId":"r9gw7aqzceoniyj"}
{"type":"log","timestamp":1675620448642,"level":"debug","message":"Page request: GET (document) file:///C:/Users/pollo/AppData/Local/Temp/jsreport/autocleanup/1ee1bc11-3fe3-4731-85e9-22c21a36baab-chrome-pdf.html","meta":{"rootId":"j48v89j1sk8k9oz","id":"8yam4hygx2nkjes"},"id":"lzaakkax2cu096z","previousOperationId":"r9gw7aqzceoniyj"}
{"type":"log","timestamp":1675620448656,"level":"debug","message":"Page request finished: GET (document) 200 file:///C:/Users/pollo/AppData/Local/Temp/jsreport/autocleanup/1ee1bc11-3fe3-4731-85e9-22c21a36baab-chrome-pdf.html","meta":{"rootId":"j48v89j1sk8k9oz","id":"8yam4hygx2nkjes"},"id":"4w251wgs4onmp48","previousOperationId":"r9gw7aqzceoniyj"}
{"type":"log","timestamp":1675620448656,"level":"debug","message":"Page request: GET (stylesheet) https://cdnjs.cloudflare.com/ajax/libs/metro/4.1.5/css/metro.min.css","meta":{"rootId":"j48v89j1sk8k9oz","id":"8yam4hygx2nkjes"},"id":"7dw03txatv5bprv","previousOperationId":"r9gw7aqzceoniyj"}
{"type":"log","timestamp":1675620448687,"level":"debug","message":"Page request finished: GET (stylesheet) 200 https://cdnjs.cloudflare.com/ajax/libs/metro/4.1.5/css/metro.min.css","meta":{"rootId":"j48v89j1sk8k9oz","id":"8yam4hygx2nkjes"},"id":"nqassroiu8pqlkq","previousOperationId":"r9gw7aqzceoniyj"}
{"type":"log","timestamp":1675620448710,"level":"debug","message":"Running chrome with params {\"printBackground\":true,\"marginTop\":\"1.5cm\",\"marginRight\":\"1.5cm\",\"marginLeft\":\"1.cm\",\"timeout\":59301,\"margin\":{\"top\":\"1.5cm\",\"right\":\"1.5cm\",\"left\":\"1.cm\"}}","meta":{"rootId":"j48v89j1sk8k9oz","id":"8yam4hygx2nkjes"},"id":"zq7vgtdejheszkf","previousOperationId":"r9gw7aqzceoniyj"}
{"type":"operationEnd","operationId":"r9gw7aqzceoniyj","timestamp":1675620448799,"id":"0bkzol8yak5ypua","previousEventId":"61ywvod7gqgr2mr","previousOperationId":"r9gw7aqzceoniyj"}
{"type":"log","timestamp":1675620448799,"level":"debug","message":"Skipping storing report.","meta":{"rootId":"j48v89j1sk8k9oz","id":"8yam4hygx2nkjes"},"id":"ctwiqmthkbggfhu","previousOperationId":"r9gw7aqzceoniyj"}
{"type":"log","timestamp":1675620448800,"level":"info","message":"Rendering (child) request finished in 983 ms","meta":{"rootId":"j48v89j1sk8k9oz","id":"8yam4hygx2nkjes"},"id":"7929ngirtdye68c","previousOperationId":"r9gw7aqzceoniyj"}
{"type":"operationEnd","subtype":"render","operationId":"fzf00sdwjw8ok2f","timestamp":1675620448800,"id":"lgxcspgz21vw05k","previousEventId":"0bkzol8yak5ypua","previousOperationId":"r9gw7aqzceoniyj"}
{"type":"operationEnd","operationId":"etpxg9kdpmomx1k","timestamp":1675620448808,"id":"gx1beztdx4tkb7r","previousEventId":"ib60dxhmn209i4n","previousOperationId":"etpxg9kdpmomx1k"}
{"type":"log","timestamp":1675620448808,"level":"debug","message":"pdf-utils postproces start","meta":{"rootId":"j48v89j1sk8k9oz","id":"j48v89j1sk8k9oz"},"id":"2z2881llfjvv94t","previousOperationId":"etpxg9kdpmomx1k"}
{"type":"log","timestamp":1675620448814,"level":"debug","message":"pdf-utils postproces end","meta":{"rootId":"j48v89j1sk8k9oz","id":"j48v89j1sk8k9oz"},"id":"rkwspoxzvm74vix","previousOperationId":"etpxg9kdpmomx1k"}
{"type":"operationEnd","operationId":"jjfrejft2n047et","timestamp":1675620448814,"id":"iwj49u83p7ti6wp","previousEventId":"gx1beztdx4tkb7r","previousOperationId":"etpxg9kdpmomx1k"}
{"type":"log","timestamp":1675620448814,"level":"info","message":"pdf-utils pdf processing was finished","meta":{"rootId":"j48v89j1sk8k9oz","id":"j48v89j1sk8k9oz"},"id":"7xjz9lc6kbsyh59","previousOperationId":"jjfrejft2n047et"}
{"type":"log","timestamp":1675620448814,"level":"debug","message":"Skipping storing report.","meta":{"rootId":"j48v89j1sk8k9oz","id":"j48v89j1sk8k9oz"},"id":"8qubyql5dt3lky4","previousOperationId":"jjfrejft2n047et"}
{"type":"log","timestamp":1675620448814,"level":"info","message":"Rendering request 24 finished in 997 ms","meta":{"rootId":"j48v89j1sk8k9oz","id":"j48v89j1sk8k9oz"},"id":"lttkd3m7u52boa2","previousOperationId":"jjfrejft2n047et"}
{"type":"operationEnd","subtype":"render","operationId":"fbydrenx2ug0rc7","timestamp":1675620448814,"id":"zwo9lvn88m0eeps","previousEventId":"iwj49u83p7ti6wp","previousOperationId":"jjfrejft2n047et"}
{"type":"operationEnd","doDiffs":false,"previousEventId":"gagfq21vlmgeazy","previousOperationId":"55lx9ocsygei5pf","operationId":"55lx9ocsygei5pf","timestamp":1675620448821,"id":"o1qx8f7168zo2v5"}
