{"type":"operationStart","subtype":"profile","data":{"_id":"dZJ1tgD2MLuGHts1","timestamp":"2023-02-01T17:37:20.283Z","state":"queued","mode":"standard","creationDate":"2023-02-01T17:37:20.285Z","modificationDate":"2023-02-01T17:37:20.285Z","shortid":"WFhJ0yt","$entitySet":"profiles"},"doDiffs":false,"timestamp":1675273040284,"id":"fyaukh2pyzgc3bp","previousOperationId":null,"operationId":"cb70x63klcc5sfs"}
{"type":"log","level":"info","message":"Render request 33 queued for execution and waiting for available worker","previousOperationId":"cb70x63klcc5sfs","timestamp":1675273040284,"id":"9ltuinbomflpkod"}
{"type":"operationStart","subtype":"render","name":"orders-main","previousOperationId":"cb70x63klcc5sfs","timestamp":1675273040294,"id":"old6y4qgl0taotn","previousEventId":"fyaukh2pyzgc3bp","operationId":"uhmuovyrr2x3li7"}
{"type":"log","timestamp":1675273040294,"level":"info","message":"Starting rendering request 33","meta":{"rootId":"j8gywvmxv6oyfjl","id":"j8gywvmxv6oyfjl"},"id":"wl9j4p9jlxpvwy0","previousOperationId":"uhmuovyrr2x3li7"}
{"type":"log","timestamp":1675273040294,"level":"info","message":"Rendering template { name: orders-main, recipe: chrome-pdf, engine: handlebars, preview: true }","meta":{"rootId":"j8gywvmxv6oyfjl","id":"j8gywvmxv6oyfjl"},"id":"lduogeychbigu6c","previousOperationId":"uhmuovyrr2x3li7"}
{"type":"log","timestamp":1675273040295,"level":"debug","message":"Data item not defined for this template.","meta":{"rootId":"j8gywvmxv6oyfjl","id":"j8gywvmxv6oyfjl"},"id":"1uly6kpxku2j8fk","previousOperationId":"uhmuovyrr2x3li7"}
{"type":"log","timestamp":1675273040297,"level":"debug","message":"Executing script orders-script (beforeRender)","meta":{"rootId":"j8gywvmxv6oyfjl","id":"j8gywvmxv6oyfjl"},"id":"s3puj541tg82wh1","previousOperationId":"uhmuovyrr2x3li7"}
{"type":"operationStart","subtype":"scriptsBeforeRender","name":"scripts beforeRender","timestamp":1675273040325,"id":"2chbcg0u11s7ipq","previousEventId":"old6y4qgl0taotn","operationId":"nubgrwcef3k42dx","previousOperationId":"uhmuovyrr2x3li7"}
{"type":"operationStart","subtype":"script","name":"scripts orders-script","previousOperationId":"nubgrwcef3k42dx","timestamp":1675273040325,"id":"ayzfsl8jz6rja12","previousEventId":"2chbcg0u11s7ipq","operationId":"edvn43ki6m1dz2e"}
{"type":"log","timestamp":1675273040325,"level":"debug","message":"(console:log) AAAAAAAAAAAAAAAAAAAAAAA  undefined","meta":{"userLevel":true,"rootId":"j8gywvmxv6oyfjl","id":"j8gywvmxv6oyfjl"},"id":"k76bbopr4vmyuqq","previousOperationId":"edvn43ki6m1dz2e"}
{"type":"log","timestamp":1675273040586,"level":"debug","message":"(console:log) {\n  id: 1,\n  name: 'Antonio',\n  description: 'Aclamado director de la Orquesta Filarmónica de Gran Canaria'\n}","meta":{"userLevel":true,"rootId":"j8gywvmxv6oyfjl","id":"j8gywvmxv6oyfjl"},"id":"3sflxht1689xt45","previousOperationId":"edvn43ki6m1dz2e"}
{"type":"log","timestamp":1675273040586,"level":"debug","message":"(console:log) {\n  id: 1,\n  name: 'Antonio',\n  description: 'Aclamado director de la Orquesta Filarmónica de Gran Canaria'\n}","meta":{"userLevel":true,"rootId":"j8gywvmxv6oyfjl","id":"j8gywvmxv6oyfjl"},"id":"i2926l8gtxdkrix","previousOperationId":"edvn43ki6m1dz2e"}
{"type":"operationEnd","operationId":"edvn43ki6m1dz2e","timestamp":1675273040586,"id":"quk6wy4ri8sx1fs","previousEventId":"old6y4qgl0taotn","previousOperationId":"uhmuovyrr2x3li7"}
{"type":"operationEnd","operationId":"nubgrwcef3k42dx","timestamp":1675273040586,"id":"ohsxl1ukoigkdib","previousEventId":"quk6wy4ri8sx1fs","previousOperationId":"uhmuovyrr2x3li7"}
{"type":"log","timestamp":1675273040587,"level":"debug","message":"Base url not specified, skipping its injection.","meta":{"rootId":"j8gywvmxv6oyfjl","id":"j8gywvmxv6oyfjl"},"id":"d683kvw8eymgizj","previousOperationId":"nubgrwcef3k42dx"}
{"type":"operationStart","subtype":"engine","name":"handlebars","timestamp":1675273040587,"id":"ve0fjpuiy8b4u3y","previousEventId":"ohsxl1ukoigkdib","operationId":"ntjpvogx2xq1toh","previousOperationId":"nubgrwcef3k42dx"}
{"type":"log","timestamp":1675273040587,"level":"debug","message":"Rendering engine handlebars","meta":{"rootId":"j8gywvmxv6oyfjl","id":"j8gywvmxv6oyfjl"},"id":"bc6w8779m9g2f7e","previousOperationId":"ntjpvogx2xq1toh"}
{"type":"operationEnd","operationId":"ntjpvogx2xq1toh","timestamp":1675273040597,"id":"jpkhlrxvkdi5ejb","previousEventId":"ve0fjpuiy8b4u3y","previousOperationId":"ntjpvogx2xq1toh"}
{"type":"operationStart","subtype":"recipe","name":"chrome-pdf","timestamp":1675273040597,"id":"705tu6s7sykgb8t","previousEventId":"jpkhlrxvkdi5ejb","operationId":"usnymltx3qr502g","previousOperationId":"ntjpvogx2xq1toh"}
{"type":"log","timestamp":1675273040597,"level":"debug","message":"Executing recipe chrome-pdf","meta":{"rootId":"j8gywvmxv6oyfjl","id":"j8gywvmxv6oyfjl"},"id":"9k3ml3sh0my6r0q","previousOperationId":"usnymltx3qr502g"}
{"type":"log","timestamp":1675273040599,"level":"debug","message":"Converting with chrome HeadlessChrome/105.0.5173.0 using chrome-pool strategy","meta":{"rootId":"j8gywvmxv6oyfjl","id":"j8gywvmxv6oyfjl"},"id":"1p9dymxno6xzbc8","previousOperationId":"usnymltx3qr502g"}
{"type":"log","timestamp":1675273040694,"level":"debug","message":"Page request: GET (document) file:///C:/Users/pollo/AppData/Local/Temp/jsreport/autocleanup/1d65d725-5cfa-4060-b1a8-08b876d64bff-chrome-pdf.html","meta":{"rootId":"j8gywvmxv6oyfjl","id":"j8gywvmxv6oyfjl"},"id":"qgx4guidmxhokf4","previousOperationId":"usnymltx3qr502g"}
{"type":"log","timestamp":1675273040705,"level":"debug","message":"Page request finished: GET (document) 200 file:///C:/Users/pollo/AppData/Local/Temp/jsreport/autocleanup/1d65d725-5cfa-4060-b1a8-08b876d64bff-chrome-pdf.html","meta":{"rootId":"j8gywvmxv6oyfjl","id":"j8gywvmxv6oyfjl"},"id":"1k7tl7akapi67cy","previousOperationId":"usnymltx3qr502g"}
{"type":"log","timestamp":1675273040705,"level":"debug","message":"Page request: GET (stylesheet) https://cdnjs.cloudflare.com/ajax/libs/metro/4.1.5/css/metro.min.css","meta":{"rootId":"j8gywvmxv6oyfjl","id":"j8gywvmxv6oyfjl"},"id":"3ijj71vosbqfp2c","previousOperationId":"usnymltx3qr502g"}
{"type":"log","timestamp":1675273040705,"level":"debug","message":"Page request: GET (script) https://cdnjs.cloudflare.com/ajax/libs/Chart.js/2.7.2/Chart.min.js","meta":{"rootId":"j8gywvmxv6oyfjl","id":"j8gywvmxv6oyfjl"},"id":"rfhelf3oh7vxr27","previousOperationId":"usnymltx3qr502g"}
{"type":"log","timestamp":1675273040712,"level":"debug","message":"Page request finished: GET (script) 200 https://cdnjs.cloudflare.com/ajax/libs/Chart.js/2.7.2/Chart.min.js","meta":{"rootId":"j8gywvmxv6oyfjl","id":"j8gywvmxv6oyfjl"},"id":"8u7yyqh6v86j371","previousOperationId":"usnymltx3qr502g"}
{"type":"log","timestamp":1675273040729,"level":"debug","message":"Page request finished: GET (stylesheet) 200 https://cdnjs.cloudflare.com/ajax/libs/metro/4.1.5/css/metro.min.css","meta":{"rootId":"j8gywvmxv6oyfjl","id":"j8gywvmxv6oyfjl"},"id":"meo1lf2m30es73o","previousOperationId":"usnymltx3qr502g"}
{"type":"log","timestamp":1675273040741,"level":"debug","message":"Running chrome with params {\"printBackground\":true,\"marginTop\":\"4cm\",\"marginRight\":\"1.5cm\",\"marginBottom\":\"1.5cm\",\"marginLeft\":\"1.5cm\",\"waitForJS\":false,\"timeout\":59684,\"margin\":{\"top\":\"4cm\",\"right\":\"1.5cm\",\"bottom\":\"1.5cm\",\"left\":\"1.5cm\"}}","meta":{"rootId":"j8gywvmxv6oyfjl","id":"j8gywvmxv6oyfjl"},"id":"q6fv3klafm52t3q","previousOperationId":"usnymltx3qr502g"}
{"type":"operationEnd","operationId":"usnymltx3qr502g","timestamp":1675273040774,"id":"yrkfcbaup0ft7jt","previousEventId":"705tu6s7sykgb8t","previousOperationId":"usnymltx3qr502g"}
{"type":"log","timestamp":1675273040774,"level":"info","message":"pdf-utils is starting pdf processing","meta":{"rootId":"j8gywvmxv6oyfjl","id":"j8gywvmxv6oyfjl"},"id":"slkyb1rda0ocmx4","previousOperationId":"usnymltx3qr502g"}
{"type":"operationStart","subtype":"pdfUtils","name":"pdf utils","timestamp":1675273040774,"id":"63w0sdxu0xzu42v","previousEventId":"yrkfcbaup0ft7jt","operationId":"yyycqugy91o5d21","previousOperationId":"usnymltx3qr502g"}
{"type":"log","timestamp":1675273040774,"level":"debug","message":"pdf-utils detected 1 pdf operation(s) to process","meta":{"rootId":"j8gywvmxv6oyfjl","id":"j8gywvmxv6oyfjl"},"id":"le1t1ipv94pkr8a","previousOperationId":"yyycqugy91o5d21"}
{"type":"log","timestamp":1675273040778,"level":"debug","message":"pdf-utils running pdf operation merge","meta":{"rootId":"j8gywvmxv6oyfjl","id":"j8gywvmxv6oyfjl"},"id":"2tlfjso2txipy50","previousOperationId":"yyycqugy91o5d21"}
{"type":"operationStart","subtype":"pdfUtilsMerge","name":"pdf utils merge","previousOperationId":"yyycqugy91o5d21","timestamp":1675273040778,"id":"lrxvxpvnt79hy51","previousEventId":"63w0sdxu0xzu42v","operationId":"awgxt5n44uwxq2c"}
{"type":"operationStart","subtype":"render","name":"orders-header","previousOperationId":"awgxt5n44uwxq2c","timestamp":1675273040779,"id":"ra21ox7ck8jsdzm","previousEventId":"lrxvxpvnt79hy51","operationId":"cw6z20eedz0jwwm"}
{"type":"log","timestamp":1675273040779,"level":"info","message":"Starting rendering (child) request","meta":{"rootId":"j8gywvmxv6oyfjl","id":"wap7xgf2cem772w"},"id":"2glr0q026xbdfv9","previousOperationId":"cw6z20eedz0jwwm"}
{"type":"log","timestamp":1675273040779,"level":"info","message":"Rendering template { name: orders-header, recipe: chrome-pdf, engine: handlebars, preview: true }","meta":{"rootId":"j8gywvmxv6oyfjl","id":"wap7xgf2cem772w"},"id":"yapa86f6m3vfr33","previousOperationId":"cw6z20eedz0jwwm"}
{"type":"log","timestamp":1675273040780,"level":"debug","message":"Inline data specified.","meta":{"rootId":"j8gywvmxv6oyfjl","id":"wap7xgf2cem772w"},"id":"cxhk3d60e6v6j8e","previousOperationId":"cw6z20eedz0jwwm"}
{"type":"log","timestamp":1675273040784,"level":"debug","message":"Base url not specified, skipping its injection.","meta":{"rootId":"j8gywvmxv6oyfjl","id":"wap7xgf2cem772w"},"id":"wdnv81bcbuadu0u","previousOperationId":"cw6z20eedz0jwwm"}
{"type":"operationStart","subtype":"engine","name":"handlebars","timestamp":1675273040785,"id":"k3dfytfcis0t7rc","previousEventId":"ra21ox7ck8jsdzm","operationId":"7lkz607boyavzta","previousOperationId":"cw6z20eedz0jwwm"}
{"type":"log","timestamp":1675273040785,"level":"debug","message":"Rendering engine handlebars","meta":{"rootId":"j8gywvmxv6oyfjl","id":"wap7xgf2cem772w"},"id":"z2g6vpfltjjw47r","previousOperationId":"7lkz607boyavzta"}
{"type":"operationEnd","operationId":"7lkz607boyavzta","timestamp":1675273040807,"id":"b7vvxoa670nxoif","previousEventId":"k3dfytfcis0t7rc","previousOperationId":"7lkz607boyavzta"}
{"type":"operationStart","subtype":"recipe","name":"chrome-pdf","timestamp":1675273040807,"id":"cynn60cwlbbux7u","previousEventId":"b7vvxoa670nxoif","operationId":"urqw9srs864hflx","previousOperationId":"7lkz607boyavzta"}
{"type":"log","timestamp":1675273040807,"level":"debug","message":"Executing recipe chrome-pdf","meta":{"rootId":"j8gywvmxv6oyfjl","id":"wap7xgf2cem772w"},"id":"j5n7fi9697nderf","previousOperationId":"urqw9srs864hflx"}
{"type":"log","timestamp":1675273040810,"level":"debug","message":"Converting with chrome HeadlessChrome/105.0.5173.0 using chrome-pool strategy","meta":{"rootId":"j8gywvmxv6oyfjl","id":"wap7xgf2cem772w"},"id":"4iemstsqtgz1gay","previousOperationId":"urqw9srs864hflx"}
{"type":"log","timestamp":1675273040899,"level":"debug","message":"Page request: GET (document) file:///C:/Users/pollo/AppData/Local/Temp/jsreport/autocleanup/537baefd-5c15-4839-815d-c3cc5956057f-chrome-pdf.html","meta":{"rootId":"j8gywvmxv6oyfjl","id":"wap7xgf2cem772w"},"id":"zcz1hbjauk1ebsa","previousOperationId":"urqw9srs864hflx"}
{"type":"log","timestamp":1675273040910,"level":"debug","message":"Page request finished: GET (document) 200 file:///C:/Users/pollo/AppData/Local/Temp/jsreport/autocleanup/537baefd-5c15-4839-815d-c3cc5956057f-chrome-pdf.html","meta":{"rootId":"j8gywvmxv6oyfjl","id":"wap7xgf2cem772w"},"id":"4q6fqg97kkdqarq","previousOperationId":"urqw9srs864hflx"}
{"type":"log","timestamp":1675273040910,"level":"debug","message":"Page request: GET (stylesheet) https://cdnjs.cloudflare.com/ajax/libs/metro/4.1.5/css/metro.min.css","meta":{"rootId":"j8gywvmxv6oyfjl","id":"wap7xgf2cem772w"},"id":"ttdr4g91gkxfz47","previousOperationId":"urqw9srs864hflx"}
{"type":"log","timestamp":1675273040932,"level":"debug","message":"Page request finished: GET (stylesheet) 200 https://cdnjs.cloudflare.com/ajax/libs/metro/4.1.5/css/metro.min.css","meta":{"rootId":"j8gywvmxv6oyfjl","id":"wap7xgf2cem772w"},"id":"3x87ucb3gy7iew3","previousOperationId":"urqw9srs864hflx"}
{"type":"log","timestamp":1675273040955,"level":"debug","message":"Running chrome with params {\"printBackground\":true,\"marginTop\":\"1.5cm\",\"marginRight\":\"1.5cm\",\"marginLeft\":\"1.cm\",\"timeout\":59474,\"margin\":{\"top\":\"1.5cm\",\"right\":\"1.5cm\",\"left\":\"1.cm\"}}","meta":{"rootId":"j8gywvmxv6oyfjl","id":"wap7xgf2cem772w"},"id":"hddo49muz7qixo7","previousOperationId":"urqw9srs864hflx"}
{"type":"operationEnd","operationId":"urqw9srs864hflx","timestamp":1675273041012,"id":"cssz0obaj3oo7wu","previousEventId":"cynn60cwlbbux7u","previousOperationId":"urqw9srs864hflx"}
{"type":"log","timestamp":1675273041012,"level":"debug","message":"Skipping storing report.","meta":{"rootId":"j8gywvmxv6oyfjl","id":"wap7xgf2cem772w"},"id":"p6m9qp038jpw2b0","previousOperationId":"urqw9srs864hflx"}
{"type":"log","timestamp":1675273041012,"level":"info","message":"Rendering (child) request finished in 729 ms","meta":{"rootId":"j8gywvmxv6oyfjl","id":"wap7xgf2cem772w"},"id":"7tjvk1o11bu1rb2","previousOperationId":"urqw9srs864hflx"}
{"type":"operationEnd","subtype":"render","operationId":"cw6z20eedz0jwwm","timestamp":1675273041012,"id":"ebjpvmo82o3ggy9","previousEventId":"cssz0obaj3oo7wu","previousOperationId":"urqw9srs864hflx"}
{"type":"operationEnd","operationId":"awgxt5n44uwxq2c","timestamp":1675273041020,"id":"xwwb08ocjve45xn","previousEventId":"lrxvxpvnt79hy51","previousOperationId":"awgxt5n44uwxq2c"}
{"type":"log","timestamp":1675273041020,"level":"debug","message":"pdf-utils postproces start","meta":{"rootId":"j8gywvmxv6oyfjl","id":"j8gywvmxv6oyfjl"},"id":"iq5crtl13n230i7","previousOperationId":"awgxt5n44uwxq2c"}
{"type":"log","timestamp":1675273041026,"level":"debug","message":"pdf-utils postproces end","meta":{"rootId":"j8gywvmxv6oyfjl","id":"j8gywvmxv6oyfjl"},"id":"k4j8h4bdaywwhf5","previousOperationId":"awgxt5n44uwxq2c"}
{"type":"operationEnd","operationId":"yyycqugy91o5d21","timestamp":1675273041026,"id":"9de05b8z5w05atu","previousEventId":"xwwb08ocjve45xn","previousOperationId":"awgxt5n44uwxq2c"}
{"type":"log","timestamp":1675273041026,"level":"info","message":"pdf-utils pdf processing was finished","meta":{"rootId":"j8gywvmxv6oyfjl","id":"j8gywvmxv6oyfjl"},"id":"v7bt4ju7tswh4wp","previousOperationId":"yyycqugy91o5d21"}
{"type":"log","timestamp":1675273041026,"level":"debug","message":"Skipping storing report.","meta":{"rootId":"j8gywvmxv6oyfjl","id":"j8gywvmxv6oyfjl"},"id":"zl7u1eiue2sey9c","previousOperationId":"yyycqugy91o5d21"}
{"type":"log","timestamp":1675273041027,"level":"info","message":"Rendering request 33 finished in 744 ms","meta":{"rootId":"j8gywvmxv6oyfjl","id":"j8gywvmxv6oyfjl"},"id":"ja1a0enk5uw6e8w","previousOperationId":"yyycqugy91o5d21"}
{"type":"operationEnd","subtype":"render","operationId":"uhmuovyrr2x3li7","timestamp":1675273041027,"id":"bps5rggzjrmqu3p","previousEventId":"9de05b8z5w05atu","previousOperationId":"yyycqugy91o5d21"}
{"type":"operationEnd","doDiffs":false,"previousEventId":"fyaukh2pyzgc3bp","previousOperationId":"cb70x63klcc5sfs","operationId":"cb70x63klcc5sfs","timestamp":1675273041038,"id":"vs9pkvtqb9j4h4p"}
