{"type":"operationStart","subtype":"profile","data":{"_id":"wMblgcOYnDkhuJ5O","timestamp":"2023-02-05T18:20:28.834Z","state":"queued","mode":"standard","creationDate":"2023-02-05T18:20:28.836Z","modificationDate":"2023-02-05T18:20:28.836Z","shortid":"Kyvyc2c","$entitySet":"profiles"},"doDiffs":false,"timestamp":1675621228836,"id":"g74juwu7v1mxw43","previousOperationId":null,"operationId":"dvudeoiquc1zlfr"}
{"type":"log","level":"info","message":"Render request 33 queued for execution and waiting for available worker","previousOperationId":"dvudeoiquc1zlfr","timestamp":1675621228836,"id":"xbug6wl3rqmk0h6"}
{"type":"operationStart","subtype":"render","name":"orders-main","previousOperationId":"dvudeoiquc1zlfr","timestamp":1675621228845,"id":"dqv75hhnogk5jz4","previousEventId":"g74juwu7v1mxw43","operationId":"hqd1hubqqaoeci9"}
{"type":"log","timestamp":1675621228845,"level":"info","message":"Starting rendering request 33","meta":{"rootId":"jdc51g6z91lu2eq","id":"jdc51g6z91lu2eq"},"id":"b8kul3famiocka1","previousOperationId":"hqd1hubqqaoeci9"}
{"type":"log","timestamp":1675621228845,"level":"info","message":"Rendering template { name: orders-main, recipe: chrome-pdf, engine: handlebars, preview: true }","meta":{"rootId":"jdc51g6z91lu2eq","id":"jdc51g6z91lu2eq"},"id":"7nnl8uea12db9y5","previousOperationId":"hqd1hubqqaoeci9"}
{"type":"log","timestamp":1675621228846,"level":"debug","message":"Data item not defined for this template.","meta":{"rootId":"jdc51g6z91lu2eq","id":"jdc51g6z91lu2eq"},"id":"djdqez07s4v8v3k","previousOperationId":"hqd1hubqqaoeci9"}
{"type":"log","timestamp":1675621228849,"level":"debug","message":"Executing script orders-script (beforeRender)","meta":{"rootId":"jdc51g6z91lu2eq","id":"jdc51g6z91lu2eq"},"id":"h9ycz037toqfuc3","previousOperationId":"hqd1hubqqaoeci9"}
{"type":"operationStart","subtype":"scriptsBeforeRender","name":"scripts beforeRender","timestamp":1675621228881,"id":"4l57hd66e3plkuu","previousEventId":"dqv75hhnogk5jz4","operationId":"yhua8slxwsho0lc","previousOperationId":"hqd1hubqqaoeci9"}
{"type":"operationStart","subtype":"script","name":"scripts orders-script","previousOperationId":"yhua8slxwsho0lc","timestamp":1675621228881,"id":"v1p287w9j0o14qf","previousEventId":"4l57hd66e3plkuu","operationId":"rb1fpjcfxjqujt4"}
{"type":"operationEnd","operationId":"rb1fpjcfxjqujt4","timestamp":1675621229121,"id":"ul9hlrwgkvlq45f","previousEventId":"dqv75hhnogk5jz4","previousOperationId":"hqd1hubqqaoeci9"}
{"type":"operationEnd","operationId":"yhua8slxwsho0lc","timestamp":1675621229121,"id":"3sb99tzrt0blotj","previousEventId":"ul9hlrwgkvlq45f","previousOperationId":"hqd1hubqqaoeci9"}
{"type":"log","timestamp":1675621229121,"level":"debug","message":"Base url not specified, skipping its injection.","meta":{"rootId":"jdc51g6z91lu2eq","id":"jdc51g6z91lu2eq"},"id":"j5lvgtw2zh3x52x","previousOperationId":"yhua8slxwsho0lc"}
{"type":"operationStart","subtype":"engine","name":"handlebars","timestamp":1675621229121,"id":"vonskfug5lvvlsx","previousEventId":"3sb99tzrt0blotj","operationId":"ieayjemw9cgtx7j","previousOperationId":"yhua8slxwsho0lc"}
{"type":"log","timestamp":1675621229121,"level":"debug","message":"Rendering engine handlebars","meta":{"rootId":"jdc51g6z91lu2eq","id":"jdc51g6z91lu2eq"},"id":"kkfr97dkz8hbswh","previousOperationId":"ieayjemw9cgtx7j"}
{"type":"operationEnd","operationId":"ieayjemw9cgtx7j","timestamp":1675621229132,"id":"5q9424dj5rbp465","previousEventId":"vonskfug5lvvlsx","previousOperationId":"ieayjemw9cgtx7j"}
{"type":"operationStart","subtype":"recipe","name":"chrome-pdf","timestamp":1675621229132,"id":"t2wfk061j6t7zep","previousEventId":"5q9424dj5rbp465","operationId":"dfojcy9ss6ochow","previousOperationId":"ieayjemw9cgtx7j"}
{"type":"log","timestamp":1675621229132,"level":"debug","message":"Executing recipe chrome-pdf","meta":{"rootId":"jdc51g6z91lu2eq","id":"jdc51g6z91lu2eq"},"id":"4ztd5y9jxdpucl5","previousOperationId":"dfojcy9ss6ochow"}
{"type":"log","timestamp":1675621229136,"level":"debug","message":"Converting with chrome HeadlessChrome/105.0.5173.0 using chrome-pool strategy","meta":{"rootId":"jdc51g6z91lu2eq","id":"jdc51g6z91lu2eq"},"id":"wteu5kf8zfut17g","previousOperationId":"dfojcy9ss6ochow"}
{"type":"log","timestamp":1675621229239,"level":"debug","message":"Page request: GET (document) file:///C:/Users/pollo/AppData/Local/Temp/jsreport/autocleanup/d779b99b-a576-4973-973c-fd12ef2032c9-chrome-pdf.html","meta":{"rootId":"jdc51g6z91lu2eq","id":"jdc51g6z91lu2eq"},"id":"pq97s5kuhmtsfwx","previousOperationId":"dfojcy9ss6ochow"}
{"type":"log","timestamp":1675621229249,"level":"debug","message":"Page request finished: GET (document) 200 file:///C:/Users/pollo/AppData/Local/Temp/jsreport/autocleanup/d779b99b-a576-4973-973c-fd12ef2032c9-chrome-pdf.html","meta":{"rootId":"jdc51g6z91lu2eq","id":"jdc51g6z91lu2eq"},"id":"nyxn5bhk9g0ri6h","previousOperationId":"dfojcy9ss6ochow"}
{"type":"log","timestamp":1675621229249,"level":"debug","message":"Page request: GET (stylesheet) https://cdnjs.cloudflare.com/ajax/libs/metro/4.1.5/css/metro.min.css","meta":{"rootId":"jdc51g6z91lu2eq","id":"jdc51g6z91lu2eq"},"id":"o9jsggm0h4dtlfq","previousOperationId":"dfojcy9ss6ochow"}
{"type":"log","timestamp":1675621229249,"level":"debug","message":"Page request: GET (script) https://cdn.jsdelivr.net/npm/chart.js","meta":{"rootId":"jdc51g6z91lu2eq","id":"jdc51g6z91lu2eq"},"id":"rizjhdeoql7c10j","previousOperationId":"dfojcy9ss6ochow"}
{"type":"log","timestamp":1675621229256,"level":"debug","message":"Page request finished: GET (script) 200 https://cdn.jsdelivr.net/npm/chart.js","meta":{"rootId":"jdc51g6z91lu2eq","id":"jdc51g6z91lu2eq"},"id":"3dgwkjirwc7veng","previousOperationId":"dfojcy9ss6ochow"}
{"type":"log","timestamp":1675621229273,"level":"debug","message":"Page request finished: GET (stylesheet) 200 https://cdnjs.cloudflare.com/ajax/libs/metro/4.1.5/css/metro.min.css","meta":{"rootId":"jdc51g6z91lu2eq","id":"jdc51g6z91lu2eq"},"id":"i6g92f255awxc8i","previousOperationId":"dfojcy9ss6ochow"}
{"type":"log","timestamp":1675621229387,"level":"debug","message":"Running chrome with params {\"printBackground\":true,\"marginTop\":\"4cm\",\"marginRight\":\"1.5cm\",\"marginBottom\":\"1.5cm\",\"marginLeft\":\"1.5cm\",\"waitForJS\":false,\"timeout\":59701,\"margin\":{\"top\":\"4cm\",\"right\":\"1.5cm\",\"bottom\":\"1.5cm\",\"left\":\"1.5cm\"}}","meta":{"rootId":"jdc51g6z91lu2eq","id":"jdc51g6z91lu2eq"},"id":"2ulc8li3tg341jz","previousOperationId":"dfojcy9ss6ochow"}
{"type":"operationEnd","operationId":"dfojcy9ss6ochow","timestamp":1675621229482,"id":"pwtk02viq27ehpn","previousEventId":"t2wfk061j6t7zep","previousOperationId":"dfojcy9ss6ochow"}
{"type":"log","timestamp":1675621229482,"level":"info","message":"pdf-utils is starting pdf processing","meta":{"rootId":"jdc51g6z91lu2eq","id":"jdc51g6z91lu2eq"},"id":"dflnl51z5rhv7wm","previousOperationId":"dfojcy9ss6ochow"}
{"type":"operationStart","subtype":"pdfUtils","name":"pdf utils","timestamp":1675621229482,"id":"dywdu8znwtxawn5","previousEventId":"pwtk02viq27ehpn","operationId":"9dsqdxhjvig4r0t","previousOperationId":"dfojcy9ss6ochow"}
{"type":"log","timestamp":1675621229482,"level":"debug","message":"pdf-utils detected 1 pdf operation(s) to process","meta":{"rootId":"jdc51g6z91lu2eq","id":"jdc51g6z91lu2eq"},"id":"h3tj35fso0ratmx","previousOperationId":"9dsqdxhjvig4r0t"}
{"type":"log","timestamp":1675621229497,"level":"debug","message":"pdf-utils running pdf operation merge","meta":{"rootId":"jdc51g6z91lu2eq","id":"jdc51g6z91lu2eq"},"id":"doplp3nd7jbuzfc","previousOperationId":"9dsqdxhjvig4r0t"}
{"type":"operationStart","subtype":"pdfUtilsMerge","name":"pdf utils merge","previousOperationId":"9dsqdxhjvig4r0t","timestamp":1675621229497,"id":"golw6nry4m1nncb","previousEventId":"dywdu8znwtxawn5","operationId":"yx0ygv8wgnpaouj"}
{"type":"operationStart","subtype":"render","name":"orders-header","previousOperationId":"yx0ygv8wgnpaouj","timestamp":1675621229498,"id":"b9uj6gh2eta1bwt","previousEventId":"golw6nry4m1nncb","operationId":"1spk4ydmosqh9sd"}
{"type":"log","timestamp":1675621229498,"level":"info","message":"Starting rendering (child) request","meta":{"rootId":"jdc51g6z91lu2eq","id":"6majo1s2iclq0r8"},"id":"3op2yr4gwc33hrl","previousOperationId":"1spk4ydmosqh9sd"}
{"type":"log","timestamp":1675621229498,"level":"info","message":"Rendering template { name: orders-header, recipe: chrome-pdf, engine: handlebars, preview: true }","meta":{"rootId":"jdc51g6z91lu2eq","id":"6majo1s2iclq0r8"},"id":"l9iyh7ahc8s2zew","previousOperationId":"1spk4ydmosqh9sd"}
{"type":"log","timestamp":1675621229499,"level":"debug","message":"Inline data specified.","meta":{"rootId":"jdc51g6z91lu2eq","id":"6majo1s2iclq0r8"},"id":"pc58s28p80nt0hl","previousOperationId":"1spk4ydmosqh9sd"}
{"type":"log","timestamp":1675621229504,"level":"debug","message":"Base url not specified, skipping its injection.","meta":{"rootId":"jdc51g6z91lu2eq","id":"6majo1s2iclq0r8"},"id":"9u0j3regshefsky","previousOperationId":"1spk4ydmosqh9sd"}
{"type":"operationStart","subtype":"engine","name":"handlebars","timestamp":1675621229504,"id":"j6bdz2tqxxspeiq","previousEventId":"b9uj6gh2eta1bwt","operationId":"rybzetaewdj1hfe","previousOperationId":"1spk4ydmosqh9sd"}
{"type":"log","timestamp":1675621229504,"level":"debug","message":"Rendering engine handlebars","meta":{"rootId":"jdc51g6z91lu2eq","id":"6majo1s2iclq0r8"},"id":"imql73ax1tzdyc7","previousOperationId":"rybzetaewdj1hfe"}
{"type":"operationEnd","operationId":"rybzetaewdj1hfe","timestamp":1675621229528,"id":"anb17jf5andoo8u","previousEventId":"j6bdz2tqxxspeiq","previousOperationId":"rybzetaewdj1hfe"}
{"type":"operationStart","subtype":"recipe","name":"chrome-pdf","timestamp":1675621229528,"id":"06kr4olfw5rcubq","previousEventId":"anb17jf5andoo8u","operationId":"tmx47qsv4f9wo2l","previousOperationId":"rybzetaewdj1hfe"}
{"type":"log","timestamp":1675621229528,"level":"debug","message":"Executing recipe chrome-pdf","meta":{"rootId":"jdc51g6z91lu2eq","id":"6majo1s2iclq0r8"},"id":"ulqcflof5p1f7o0","previousOperationId":"tmx47qsv4f9wo2l"}
{"type":"log","timestamp":1675621229530,"level":"debug","message":"Converting with chrome HeadlessChrome/105.0.5173.0 using chrome-pool strategy","meta":{"rootId":"jdc51g6z91lu2eq","id":"6majo1s2iclq0r8"},"id":"fqw3i1ppml4m7ro","previousOperationId":"tmx47qsv4f9wo2l"}
{"type":"log","timestamp":1675621229649,"level":"debug","message":"Page request: GET (document) file:///C:/Users/pollo/AppData/Local/Temp/jsreport/autocleanup/4c8909c8-411b-4808-acee-3e5c68eeb7d8-chrome-pdf.html","meta":{"rootId":"jdc51g6z91lu2eq","id":"6majo1s2iclq0r8"},"id":"cmwa7v5bv58vw67","previousOperationId":"tmx47qsv4f9wo2l"}
{"type":"log","timestamp":1675621229661,"level":"debug","message":"Page request finished: GET (document) 200 file:///C:/Users/pollo/AppData/Local/Temp/jsreport/autocleanup/4c8909c8-411b-4808-acee-3e5c68eeb7d8-chrome-pdf.html","meta":{"rootId":"jdc51g6z91lu2eq","id":"6majo1s2iclq0r8"},"id":"s74vasdz1hk7faq","previousOperationId":"tmx47qsv4f9wo2l"}
{"type":"log","timestamp":1675621229661,"level":"debug","message":"Page request: GET (stylesheet) https://cdnjs.cloudflare.com/ajax/libs/metro/4.1.5/css/metro.min.css","meta":{"rootId":"jdc51g6z91lu2eq","id":"6majo1s2iclq0r8"},"id":"vfa0k2097oqe5cs","previousOperationId":"tmx47qsv4f9wo2l"}
{"type":"log","timestamp":1675621229684,"level":"debug","message":"Page request finished: GET (stylesheet) 200 https://cdnjs.cloudflare.com/ajax/libs/metro/4.1.5/css/metro.min.css","meta":{"rootId":"jdc51g6z91lu2eq","id":"6majo1s2iclq0r8"},"id":"cmlm3fvq50us2kk","previousOperationId":"tmx47qsv4f9wo2l"}
{"type":"log","timestamp":1675621229707,"level":"debug","message":"Running chrome with params {\"printBackground\":true,\"marginTop\":\"1.5cm\",\"marginRight\":\"1.5cm\",\"marginLeft\":\"1.cm\",\"timeout\":59305,\"margin\":{\"top\":\"1.5cm\",\"right\":\"1.5cm\",\"left\":\"1.cm\"}}","meta":{"rootId":"jdc51g6z91lu2eq","id":"6majo1s2iclq0r8"},"id":"g9b2yqvao9ei0yv","previousOperationId":"tmx47qsv4f9wo2l"}
{"type":"operationEnd","operationId":"tmx47qsv4f9wo2l","timestamp":1675621229765,"id":"r2k0gz68mlzvjm8","previousEventId":"06kr4olfw5rcubq","previousOperationId":"tmx47qsv4f9wo2l"}
{"type":"log","timestamp":1675621229765,"level":"debug","message":"Skipping storing report.","meta":{"rootId":"jdc51g6z91lu2eq","id":"6majo1s2iclq0r8"},"id":"31q5avrozivo5wn","previousOperationId":"tmx47qsv4f9wo2l"}
{"type":"log","timestamp":1675621229765,"level":"info","message":"Rendering (child) request finished in 931 ms","meta":{"rootId":"jdc51g6z91lu2eq","id":"6majo1s2iclq0r8"},"id":"6ob7prekluob4dn","previousOperationId":"tmx47qsv4f9wo2l"}
{"type":"operationEnd","subtype":"render","operationId":"1spk4ydmosqh9sd","timestamp":1675621229765,"id":"qitbymlmt5kca4c","previousEventId":"r2k0gz68mlzvjm8","previousOperationId":"tmx47qsv4f9wo2l"}
{"type":"operationEnd","operationId":"yx0ygv8wgnpaouj","timestamp":1675621229772,"id":"m4mopxqow1wwzl1","previousEventId":"golw6nry4m1nncb","previousOperationId":"yx0ygv8wgnpaouj"}
{"type":"log","timestamp":1675621229772,"level":"debug","message":"pdf-utils postproces start","meta":{"rootId":"jdc51g6z91lu2eq","id":"jdc51g6z91lu2eq"},"id":"t2iln87dewsyo1m","previousOperationId":"yx0ygv8wgnpaouj"}
{"type":"log","timestamp":1675621229779,"level":"debug","message":"pdf-utils postproces end","meta":{"rootId":"jdc51g6z91lu2eq","id":"jdc51g6z91lu2eq"},"id":"q76a0c7whc7gupp","previousOperationId":"yx0ygv8wgnpaouj"}
{"type":"operationEnd","operationId":"9dsqdxhjvig4r0t","timestamp":1675621229779,"id":"g4a8o3k905iehzv","previousEventId":"m4mopxqow1wwzl1","previousOperationId":"yx0ygv8wgnpaouj"}
{"type":"log","timestamp":1675621229779,"level":"info","message":"pdf-utils pdf processing was finished","meta":{"rootId":"jdc51g6z91lu2eq","id":"jdc51g6z91lu2eq"},"id":"ax7qurji4rxz229","previousOperationId":"9dsqdxhjvig4r0t"}
{"type":"log","timestamp":1675621229779,"level":"debug","message":"Skipping storing report.","meta":{"rootId":"jdc51g6z91lu2eq","id":"jdc51g6z91lu2eq"},"id":"6oe6j8o2i9njx2y","previousOperationId":"9dsqdxhjvig4r0t"}
{"type":"log","timestamp":1675621229779,"level":"info","message":"Rendering request 33 finished in 945 ms","meta":{"rootId":"jdc51g6z91lu2eq","id":"jdc51g6z91lu2eq"},"id":"17t1igwr7zhxln4","previousOperationId":"9dsqdxhjvig4r0t"}
{"type":"operationEnd","subtype":"render","operationId":"hqd1hubqqaoeci9","timestamp":1675621229779,"id":"rgae0ngatcmuiur","previousEventId":"g4a8o3k905iehzv","previousOperationId":"9dsqdxhjvig4r0t"}
{"type":"operationEnd","doDiffs":false,"previousEventId":"g74juwu7v1mxw43","previousOperationId":"dvudeoiquc1zlfr","operationId":"dvudeoiquc1zlfr","timestamp":1675621229787,"id":"65nlnctbb0lu8to"}
