{"type":"operationStart","subtype":"profile","data":{"_id":"WVfdBgFlykQg3D2J","timestamp":"2023-02-01T17:09:35.175Z","state":"queued","mode":"standard","creationDate":"2023-02-01T17:09:35.177Z","modificationDate":"2023-02-01T17:09:35.177Z","shortid":"RdUsrcf","$entitySet":"profiles"},"doDiffs":false,"timestamp":1675271375176,"id":"b6sbalgogucwxen","previousOperationId":null,"operationId":"47kquy9iex934gv"}
{"type":"log","level":"info","message":"Render request 9 queued for execution and waiting for available worker","previousOperationId":"47kquy9iex934gv","timestamp":1675271375176,"id":"m9wnjfoval2r92b"}
{"type":"operationStart","subtype":"render","name":"orders-main","previousOperationId":"47kquy9iex934gv","timestamp":1675271375186,"id":"cdu9kourtniawoz","previousEventId":"b6sbalgogucwxen","operationId":"1tgllnw834nyvtr"}
{"type":"log","timestamp":1675271375186,"level":"info","message":"Starting rendering request 9","meta":{"rootId":"jsub4owlcaewba5","id":"jsub4owlcaewba5"},"id":"muov2fzq6luibas","previousOperationId":"1tgllnw834nyvtr"}
{"type":"log","timestamp":1675271375187,"level":"info","message":"Rendering template { name: orders-main, recipe: chrome-pdf, engine: handlebars, preview: true }","meta":{"rootId":"jsub4owlcaewba5","id":"jsub4owlcaewba5"},"id":"rp0cq605vkxj4id","previousOperationId":"1tgllnw834nyvtr"}
{"type":"log","timestamp":1675271375187,"level":"debug","message":"Data item not defined for this template.","meta":{"rootId":"jsub4owlcaewba5","id":"jsub4owlcaewba5"},"id":"gy5r580kuo2gzj6","previousOperationId":"1tgllnw834nyvtr"}
{"type":"log","timestamp":1675271375190,"level":"debug","message":"Executing script orders-script (beforeRender)","meta":{"rootId":"jsub4owlcaewba5","id":"jsub4owlcaewba5"},"id":"b69d9gfjs73y2se","previousOperationId":"1tgllnw834nyvtr"}
{"type":"operationStart","subtype":"scriptsBeforeRender","name":"scripts beforeRender","timestamp":1675271375223,"id":"oofi39yb9pcv9c1","previousEventId":"cdu9kourtniawoz","operationId":"wk031tf90tktwz0","previousOperationId":"1tgllnw834nyvtr"}
{"type":"operationStart","subtype":"script","name":"scripts orders-script","previousOperationId":"wk031tf90tktwz0","timestamp":1675271375223,"id":"fq8irl3iq342mjh","previousEventId":"oofi39yb9pcv9c1","operationId":"wb9jyy91uyf4zok"}
{"type":"log","timestamp":1675271375223,"level":"debug","message":"(console:log) AAAAAAAAAAAAAAAAAAAAAAA  undefined","meta":{"userLevel":true,"rootId":"jsub4owlcaewba5","id":"jsub4owlcaewba5"},"id":"8agjj8sqb0xdem5","previousOperationId":"wb9jyy91uyf4zok"}
{"type":"log","timestamp":1675271375443,"level":"debug","message":"(console:log) [\n  {\n    id: 1,\n    name: 'Antonio',\n    description: 'Aclamado director de la Orquesta Filarmónica de Gran Canaria'\n  },\n  {\n    id: 3,\n    name: 'Juana de Armas',\n    description: 'Aclamada directora de la Orquesta Filarmónica de Gran Canaria'\n  }\n]","meta":{"userLevel":true,"rootId":"jsub4owlcaewba5","id":"jsub4owlcaewba5"},"id":"xzw34zkkeumdj8e","previousOperationId":"wb9jyy91uyf4zok"}
{"type":"operationEnd","operationId":"wb9jyy91uyf4zok","timestamp":1675271375444,"id":"x3nep0b5n4io97e","previousEventId":"cdu9kourtniawoz","previousOperationId":"1tgllnw834nyvtr"}
{"type":"operationEnd","operationId":"wk031tf90tktwz0","timestamp":1675271375444,"id":"b35jayk8esevhi1","previousEventId":"x3nep0b5n4io97e","previousOperationId":"1tgllnw834nyvtr"}
{"type":"log","timestamp":1675271375444,"level":"debug","message":"Base url not specified, skipping its injection.","meta":{"rootId":"jsub4owlcaewba5","id":"jsub4owlcaewba5"},"id":"6r3m1uucgxr8y8w","previousOperationId":"wk031tf90tktwz0"}
{"type":"operationStart","subtype":"engine","name":"handlebars","timestamp":1675271375444,"id":"c2fupni8kt67i4a","previousEventId":"b35jayk8esevhi1","operationId":"0teutlf70wrsefz","previousOperationId":"wk031tf90tktwz0"}
{"type":"log","timestamp":1675271375444,"level":"debug","message":"Rendering engine handlebars","meta":{"rootId":"jsub4owlcaewba5","id":"jsub4owlcaewba5"},"id":"g75or895mto5zq5","previousOperationId":"0teutlf70wrsefz"}
{"type":"operationEnd","operationId":"0teutlf70wrsefz","timestamp":1675271375458,"id":"ib9qnf7j7m0gfte","previousEventId":"c2fupni8kt67i4a","previousOperationId":"0teutlf70wrsefz"}
{"type":"operationStart","subtype":"recipe","name":"chrome-pdf","timestamp":1675271375458,"id":"f21sktg3rw33pgo","previousEventId":"ib9qnf7j7m0gfte","operationId":"2erpnv157h31yji","previousOperationId":"0teutlf70wrsefz"}
{"type":"log","timestamp":1675271375458,"level":"debug","message":"Executing recipe chrome-pdf","meta":{"rootId":"jsub4owlcaewba5","id":"jsub4owlcaewba5"},"id":"w2g95ml4gkwvmix","previousOperationId":"2erpnv157h31yji"}
{"type":"log","timestamp":1675271375461,"level":"debug","message":"Converting with chrome HeadlessChrome/105.0.5173.0 using chrome-pool strategy","meta":{"rootId":"jsub4owlcaewba5","id":"jsub4owlcaewba5"},"id":"x76cq3lnaqgedyq","previousOperationId":"2erpnv157h31yji"}
{"type":"log","timestamp":1675271375566,"level":"debug","message":"Page request: GET (document) file:///C:/Users/pollo/AppData/Local/Temp/jsreport/autocleanup/4d13337a-298d-4f2b-8946-44833af11960-chrome-pdf.html","meta":{"rootId":"jsub4owlcaewba5","id":"jsub4owlcaewba5"},"id":"7l60lcdbva4xtap","previousOperationId":"2erpnv157h31yji"}
{"type":"log","timestamp":1675271375575,"level":"debug","message":"Page request finished: GET (document) 200 file:///C:/Users/pollo/AppData/Local/Temp/jsreport/autocleanup/4d13337a-298d-4f2b-8946-44833af11960-chrome-pdf.html","meta":{"rootId":"jsub4owlcaewba5","id":"jsub4owlcaewba5"},"id":"xjuydd151ah7y65","previousOperationId":"2erpnv157h31yji"}
{"type":"log","timestamp":1675271375575,"level":"debug","message":"Page request: GET (stylesheet) https://cdnjs.cloudflare.com/ajax/libs/metro/4.1.5/css/metro.min.css","meta":{"rootId":"jsub4owlcaewba5","id":"jsub4owlcaewba5"},"id":"tr9yw0nrcnfuce8","previousOperationId":"2erpnv157h31yji"}
{"type":"log","timestamp":1675271375575,"level":"debug","message":"Page request: GET (script) https://cdnjs.cloudflare.com/ajax/libs/Chart.js/2.7.2/Chart.min.js","meta":{"rootId":"jsub4owlcaewba5","id":"jsub4owlcaewba5"},"id":"xh8a6bnezkgiryx","previousOperationId":"2erpnv157h31yji"}
{"type":"log","timestamp":1675271375582,"level":"debug","message":"Page request finished: GET (script) 200 https://cdnjs.cloudflare.com/ajax/libs/Chart.js/2.7.2/Chart.min.js","meta":{"rootId":"jsub4owlcaewba5","id":"jsub4owlcaewba5"},"id":"k30bnfgmgmrffms","previousOperationId":"2erpnv157h31yji"}
{"type":"log","timestamp":1675271375599,"level":"debug","message":"Page request finished: GET (stylesheet) 200 https://cdnjs.cloudflare.com/ajax/libs/metro/4.1.5/css/metro.min.css","meta":{"rootId":"jsub4owlcaewba5","id":"jsub4owlcaewba5"},"id":"qh60dk95qw6sokp","previousOperationId":"2erpnv157h31yji"}
{"type":"log","timestamp":1675271375627,"level":"debug","message":"Running chrome with params {\"printBackground\":true,\"marginTop\":\"4cm\",\"marginRight\":\"1.5cm\",\"marginBottom\":\"1.5cm\",\"marginLeft\":\"1.5cm\",\"waitForJS\":false,\"timeout\":59715,\"margin\":{\"top\":\"4cm\",\"right\":\"1.5cm\",\"bottom\":\"1.5cm\",\"left\":\"1.5cm\"}}","meta":{"rootId":"jsub4owlcaewba5","id":"jsub4owlcaewba5"},"id":"gmruwr8xv0ftmrd","previousOperationId":"2erpnv157h31yji"}
{"type":"operationEnd","operationId":"2erpnv157h31yji","timestamp":1675271375694,"id":"x87ezm1ahihcw31","previousEventId":"f21sktg3rw33pgo","previousOperationId":"2erpnv157h31yji"}
{"type":"log","timestamp":1675271375694,"level":"info","message":"pdf-utils is starting pdf processing","meta":{"rootId":"jsub4owlcaewba5","id":"jsub4owlcaewba5"},"id":"svnpul4i0f4b4wg","previousOperationId":"2erpnv157h31yji"}
{"type":"operationStart","subtype":"pdfUtils","name":"pdf utils","timestamp":1675271375695,"id":"6ucjkdlonyd3dag","previousEventId":"x87ezm1ahihcw31","operationId":"miv1jkshnwettla","previousOperationId":"2erpnv157h31yji"}
{"type":"log","timestamp":1675271375695,"level":"debug","message":"pdf-utils detected 1 pdf operation(s) to process","meta":{"rootId":"jsub4owlcaewba5","id":"jsub4owlcaewba5"},"id":"l8a159v189by0q1","previousOperationId":"miv1jkshnwettla"}
{"type":"log","timestamp":1675271375707,"level":"debug","message":"pdf-utils running pdf operation merge","meta":{"rootId":"jsub4owlcaewba5","id":"jsub4owlcaewba5"},"id":"qxha0jur1zfncrs","previousOperationId":"miv1jkshnwettla"}
{"type":"operationStart","subtype":"pdfUtilsMerge","name":"pdf utils merge","previousOperationId":"miv1jkshnwettla","timestamp":1675271375707,"id":"g2l9vvtxhzuc6kn","previousEventId":"6ucjkdlonyd3dag","operationId":"hjbk7uexybgjbvv"}
{"type":"operationStart","subtype":"render","name":"orders-header","previousOperationId":"hjbk7uexybgjbvv","timestamp":1675271375708,"id":"3p4yzwcbgcfacjy","previousEventId":"g2l9vvtxhzuc6kn","operationId":"u15tpyh6iyo4nca"}
{"type":"log","timestamp":1675271375708,"level":"info","message":"Starting rendering (child) request","meta":{"rootId":"jsub4owlcaewba5","id":"cmmxwgo66asc0hu"},"id":"s7cpt7jgp883g17","previousOperationId":"u15tpyh6iyo4nca"}
{"type":"log","timestamp":1675271375708,"level":"info","message":"Rendering template { name: orders-header, recipe: chrome-pdf, engine: handlebars, preview: true }","meta":{"rootId":"jsub4owlcaewba5","id":"cmmxwgo66asc0hu"},"id":"53lkbe2z5g7ymxy","previousOperationId":"u15tpyh6iyo4nca"}
{"type":"log","timestamp":1675271375709,"level":"debug","message":"Inline data specified.","meta":{"rootId":"jsub4owlcaewba5","id":"cmmxwgo66asc0hu"},"id":"7v5qk5tgsip1zo9","previousOperationId":"u15tpyh6iyo4nca"}
{"type":"log","timestamp":1675271375721,"level":"debug","message":"Base url not specified, skipping its injection.","meta":{"rootId":"jsub4owlcaewba5","id":"cmmxwgo66asc0hu"},"id":"mafv21usy4yk9mg","previousOperationId":"u15tpyh6iyo4nca"}
{"type":"operationStart","subtype":"engine","name":"handlebars","timestamp":1675271375721,"id":"efmhtwcthomm1y6","previousEventId":"3p4yzwcbgcfacjy","operationId":"hdp5qghrlcaiaf5","previousOperationId":"u15tpyh6iyo4nca"}
{"type":"log","timestamp":1675271375721,"level":"debug","message":"Rendering engine handlebars","meta":{"rootId":"jsub4owlcaewba5","id":"cmmxwgo66asc0hu"},"id":"p55p6riq1kbl9ut","previousOperationId":"hdp5qghrlcaiaf5"}
{"type":"operationEnd","operationId":"hdp5qghrlcaiaf5","timestamp":1675271375734,"id":"u6pdcqxn2aeayxx","previousEventId":"efmhtwcthomm1y6","previousOperationId":"hdp5qghrlcaiaf5"}
{"type":"operationStart","subtype":"recipe","name":"chrome-pdf","timestamp":1675271375735,"id":"0nb0nnw8x52db5g","previousEventId":"u6pdcqxn2aeayxx","operationId":"v2lwkmzlytv8jd5","previousOperationId":"hdp5qghrlcaiaf5"}
{"type":"log","timestamp":1675271375735,"level":"debug","message":"Executing recipe chrome-pdf","meta":{"rootId":"jsub4owlcaewba5","id":"cmmxwgo66asc0hu"},"id":"o5q4gxgxucjkmh9","previousOperationId":"v2lwkmzlytv8jd5"}
{"type":"log","timestamp":1675271375737,"level":"debug","message":"Converting with chrome HeadlessChrome/105.0.5173.0 using chrome-pool strategy","meta":{"rootId":"jsub4owlcaewba5","id":"cmmxwgo66asc0hu"},"id":"q3r4ba3upu3mbu1","previousOperationId":"v2lwkmzlytv8jd5"}
{"type":"log","timestamp":1675271375842,"level":"debug","message":"Page request: GET (document) file:///C:/Users/pollo/AppData/Local/Temp/jsreport/autocleanup/2795a11d-54a1-4105-93b4-c5bf3da78b25-chrome-pdf.html","meta":{"rootId":"jsub4owlcaewba5","id":"cmmxwgo66asc0hu"},"id":"2e2k35naj3s8oq5","previousOperationId":"v2lwkmzlytv8jd5"}
{"type":"log","timestamp":1675271375859,"level":"debug","message":"Page request finished: GET (document) 200 file:///C:/Users/pollo/AppData/Local/Temp/jsreport/autocleanup/2795a11d-54a1-4105-93b4-c5bf3da78b25-chrome-pdf.html","meta":{"rootId":"jsub4owlcaewba5","id":"cmmxwgo66asc0hu"},"id":"2f4yw5yhp4rt3jc","previousOperationId":"v2lwkmzlytv8jd5"}
{"type":"log","timestamp":1675271375859,"level":"debug","message":"Page request: GET (stylesheet) https://cdnjs.cloudflare.com/ajax/libs/metro/4.1.5/css/metro.min.css","meta":{"rootId":"jsub4owlcaewba5","id":"cmmxwgo66asc0hu"},"id":"3i4du6oehi94d6h","previousOperationId":"v2lwkmzlytv8jd5"}
{"type":"log","timestamp":1675271375887,"level":"debug","message":"Page request finished: GET (stylesheet) 200 https://cdnjs.cloudflare.com/ajax/libs/metro/4.1.5/css/metro.min.css","meta":{"rootId":"jsub4owlcaewba5","id":"cmmxwgo66asc0hu"},"id":"pfmv2rqt9d21rkm","previousOperationId":"v2lwkmzlytv8jd5"}
{"type":"log","timestamp":1675271375916,"level":"debug","message":"Running chrome with params {\"printBackground\":true,\"marginTop\":\"1.5cm\",\"marginRight\":\"1.5cm\",\"marginLeft\":\"1.cm\",\"timeout\":59439,\"margin\":{\"top\":\"1.5cm\",\"right\":\"1.5cm\",\"left\":\"1.cm\"}}","meta":{"rootId":"jsub4owlcaewba5","id":"cmmxwgo66asc0hu"},"id":"4c0pxwr6fw2nsp6","previousOperationId":"v2lwkmzlytv8jd5"}
{"type":"operationEnd","operationId":"v2lwkmzlytv8jd5","timestamp":1675271375976,"id":"lcm0n0xbn2mpxjf","previousEventId":"0nb0nnw8x52db5g","previousOperationId":"v2lwkmzlytv8jd5"}
{"type":"log","timestamp":1675271375976,"level":"debug","message":"Skipping storing report.","meta":{"rootId":"jsub4owlcaewba5","id":"cmmxwgo66asc0hu"},"id":"415erpjljpd402f","previousOperationId":"v2lwkmzlytv8jd5"}
{"type":"log","timestamp":1675271375976,"level":"info","message":"Rendering (child) request finished in 801 ms","meta":{"rootId":"jsub4owlcaewba5","id":"cmmxwgo66asc0hu"},"id":"o9bqigx3ibehjyi","previousOperationId":"v2lwkmzlytv8jd5"}
{"type":"operationEnd","subtype":"render","operationId":"u15tpyh6iyo4nca","timestamp":1675271375976,"id":"pgxamrv5daffjwh","previousEventId":"lcm0n0xbn2mpxjf","previousOperationId":"v2lwkmzlytv8jd5"}
{"type":"operationEnd","operationId":"hjbk7uexybgjbvv","timestamp":1675271375987,"id":"pme3aiwudpvk5ao","previousEventId":"g2l9vvtxhzuc6kn","previousOperationId":"hjbk7uexybgjbvv"}
{"type":"log","timestamp":1675271375987,"level":"debug","message":"pdf-utils postproces start","meta":{"rootId":"jsub4owlcaewba5","id":"jsub4owlcaewba5"},"id":"nyazzshn83u8s0t","previousOperationId":"hjbk7uexybgjbvv"}
{"type":"log","timestamp":1675271375995,"level":"debug","message":"pdf-utils postproces end","meta":{"rootId":"jsub4owlcaewba5","id":"jsub4owlcaewba5"},"id":"gpcny8delmjvm5m","previousOperationId":"hjbk7uexybgjbvv"}
{"type":"operationEnd","operationId":"miv1jkshnwettla","timestamp":1675271375995,"id":"enfr9v0u01h41ao","previousEventId":"pme3aiwudpvk5ao","previousOperationId":"hjbk7uexybgjbvv"}
{"type":"log","timestamp":1675271375995,"level":"info","message":"pdf-utils pdf processing was finished","meta":{"rootId":"jsub4owlcaewba5","id":"jsub4owlcaewba5"},"id":"zgggr0obx0qnfwv","previousOperationId":"miv1jkshnwettla"}
{"type":"log","timestamp":1675271375995,"level":"debug","message":"Skipping storing report.","meta":{"rootId":"jsub4owlcaewba5","id":"jsub4owlcaewba5"},"id":"6zrebzuwpz5wt5w","previousOperationId":"miv1jkshnwettla"}
{"type":"log","timestamp":1675271375995,"level":"info","message":"Rendering request 9 finished in 820 ms","meta":{"rootId":"jsub4owlcaewba5","id":"jsub4owlcaewba5"},"id":"tbf2z18i6o4f2l1","previousOperationId":"miv1jkshnwettla"}
{"type":"operationEnd","subtype":"render","operationId":"1tgllnw834nyvtr","timestamp":1675271375995,"id":"kyjfthfd7th32ww","previousEventId":"enfr9v0u01h41ao","previousOperationId":"miv1jkshnwettla"}
{"type":"operationEnd","doDiffs":false,"previousEventId":"b6sbalgogucwxen","previousOperationId":"47kquy9iex934gv","operationId":"47kquy9iex934gv","timestamp":1675271376005,"id":"enilwffdhxauy56"}
