{"type":"operationStart","subtype":"profile","data":{"_id":"IZb4czNUYppPbXvF","timestamp":"2023-02-01T17:12:28.639Z","state":"queued","mode":"standard","creationDate":"2023-02-01T17:12:28.641Z","modificationDate":"2023-02-01T17:12:28.641Z","shortid":"pgT880n","$entitySet":"profiles"},"doDiffs":false,"timestamp":1675271548640,"id":"ztnvx3yd61hrk2a","previousOperationId":null,"operationId":"mo36qmims6hluve"}
{"type":"log","level":"info","message":"Render request 14 queued for execution and waiting for available worker","previousOperationId":"mo36qmims6hluve","timestamp":1675271548640,"id":"kw8dz1at5nyrgdq"}
{"type":"operationStart","subtype":"render","name":"orders-main","previousOperationId":"mo36qmims6hluve","timestamp":1675271548650,"id":"q3vbczyzbc2q9r4","previousEventId":"ztnvx3yd61hrk2a","operationId":"rhbn14jzwu482a4"}
{"type":"log","timestamp":1675271548650,"level":"info","message":"Starting rendering request 14","meta":{"rootId":"ka89hd0dzztkkf5","id":"ka89hd0dzztkkf5"},"id":"6y7sc5q5kx63z6i","previousOperationId":"rhbn14jzwu482a4"}
{"type":"log","timestamp":1675271548650,"level":"info","message":"Rendering template { name: orders-main, recipe: chrome-pdf, engine: handlebars, preview: true }","meta":{"rootId":"ka89hd0dzztkkf5","id":"ka89hd0dzztkkf5"},"id":"legwi6yw35jynd9","previousOperationId":"rhbn14jzwu482a4"}
{"type":"log","timestamp":1675271548651,"level":"debug","message":"Data item not defined for this template.","meta":{"rootId":"ka89hd0dzztkkf5","id":"ka89hd0dzztkkf5"},"id":"qyszu0vnfzn6kmu","previousOperationId":"rhbn14jzwu482a4"}
{"type":"log","timestamp":1675271548656,"level":"debug","message":"Executing script orders-script (beforeRender)","meta":{"rootId":"ka89hd0dzztkkf5","id":"ka89hd0dzztkkf5"},"id":"fi429dnzg59t1kc","previousOperationId":"rhbn14jzwu482a4"}
{"type":"operationStart","subtype":"scriptsBeforeRender","name":"scripts beforeRender","timestamp":1675271548688,"id":"xaisqw3a7jw792k","previousEventId":"q3vbczyzbc2q9r4","operationId":"dhccdyejaw1p46h","previousOperationId":"rhbn14jzwu482a4"}
{"type":"operationStart","subtype":"script","name":"scripts orders-script","previousOperationId":"dhccdyejaw1p46h","timestamp":1675271548688,"id":"shlbehtaijbpouj","previousEventId":"xaisqw3a7jw792k","operationId":"5yv2bpotxxlybji"}
{"type":"log","timestamp":1675271548688,"level":"debug","message":"(console:log) AAAAAAAAAAAAAAAAAAAAAAA  undefined","meta":{"userLevel":true,"rootId":"ka89hd0dzztkkf5","id":"ka89hd0dzztkkf5"},"id":"emkzahjofj8o4u5","previousOperationId":"5yv2bpotxxlybji"}
{"type":"log","timestamp":1675271548913,"level":"debug","message":"(console:log) [\n  {\n    id: 1,\n    name: 'Antonio',\n    description: 'Aclamado director de la Orquesta Filarmónica de Gran Canaria'\n  },\n  {\n    id: 3,\n    name: 'Juana de Armas',\n    description: 'Aclamada directora de la Orquesta Filarmónica de Gran Canaria'\n  }\n]","meta":{"userLevel":true,"rootId":"ka89hd0dzztkkf5","id":"ka89hd0dzztkkf5"},"id":"1efldprktewzwrx","previousOperationId":"5yv2bpotxxlybji"}
{"type":"operationEnd","operationId":"5yv2bpotxxlybji","timestamp":1675271548913,"id":"eenh28hvt7qgl5t","previousEventId":"q3vbczyzbc2q9r4","previousOperationId":"rhbn14jzwu482a4"}
{"type":"operationEnd","operationId":"dhccdyejaw1p46h","timestamp":1675271548913,"id":"8k3hv2gkkfs2sy7","previousEventId":"eenh28hvt7qgl5t","previousOperationId":"rhbn14jzwu482a4"}
{"type":"log","timestamp":1675271548913,"level":"debug","message":"Base url not specified, skipping its injection.","meta":{"rootId":"ka89hd0dzztkkf5","id":"ka89hd0dzztkkf5"},"id":"rk1zmytvgpcqwtt","previousOperationId":"dhccdyejaw1p46h"}
{"type":"operationStart","subtype":"engine","name":"handlebars","timestamp":1675271548913,"id":"v8atlnt513ttb3y","previousEventId":"8k3hv2gkkfs2sy7","operationId":"mlhkvd6zp267x37","previousOperationId":"dhccdyejaw1p46h"}
{"type":"log","timestamp":1675271548913,"level":"debug","message":"Rendering engine handlebars","meta":{"rootId":"ka89hd0dzztkkf5","id":"ka89hd0dzztkkf5"},"id":"ls7qx7fum6v55rv","previousOperationId":"mlhkvd6zp267x37"}
{"type":"operationEnd","operationId":"mlhkvd6zp267x37","timestamp":1675271548926,"id":"1dc1fob1afwp7e5","previousEventId":"v8atlnt513ttb3y","previousOperationId":"mlhkvd6zp267x37"}
{"type":"operationStart","subtype":"recipe","name":"chrome-pdf","timestamp":1675271548926,"id":"67q7tyvuzs78j51","previousEventId":"1dc1fob1afwp7e5","operationId":"7uxz4u1eq96mb3k","previousOperationId":"mlhkvd6zp267x37"}
{"type":"log","timestamp":1675271548926,"level":"debug","message":"Executing recipe chrome-pdf","meta":{"rootId":"ka89hd0dzztkkf5","id":"ka89hd0dzztkkf5"},"id":"59x9gsux78oe5a2","previousOperationId":"7uxz4u1eq96mb3k"}
{"type":"log","timestamp":1675271548928,"level":"debug","message":"Converting with chrome HeadlessChrome/105.0.5173.0 using chrome-pool strategy","meta":{"rootId":"ka89hd0dzztkkf5","id":"ka89hd0dzztkkf5"},"id":"6tf3lcp248lctrx","previousOperationId":"7uxz4u1eq96mb3k"}
{"type":"log","timestamp":1675271549032,"level":"debug","message":"Page request: GET (document) file:///C:/Users/pollo/AppData/Local/Temp/jsreport/autocleanup/25be1a33-afa0-49fb-88ab-b347b981e7ff-chrome-pdf.html","meta":{"rootId":"ka89hd0dzztkkf5","id":"ka89hd0dzztkkf5"},"id":"tnfj0d6vqw60dn0","previousOperationId":"7uxz4u1eq96mb3k"}
{"type":"log","timestamp":1675271549044,"level":"debug","message":"Page request finished: GET (document) 200 file:///C:/Users/pollo/AppData/Local/Temp/jsreport/autocleanup/25be1a33-afa0-49fb-88ab-b347b981e7ff-chrome-pdf.html","meta":{"rootId":"ka89hd0dzztkkf5","id":"ka89hd0dzztkkf5"},"id":"se68xyeab552hsq","previousOperationId":"7uxz4u1eq96mb3k"}
{"type":"log","timestamp":1675271549044,"level":"debug","message":"Page request: GET (stylesheet) https://cdnjs.cloudflare.com/ajax/libs/metro/4.1.5/css/metro.min.css","meta":{"rootId":"ka89hd0dzztkkf5","id":"ka89hd0dzztkkf5"},"id":"5amxrskog4s35zg","previousOperationId":"7uxz4u1eq96mb3k"}
{"type":"log","timestamp":1675271549044,"level":"debug","message":"Page request: GET (script) https://cdnjs.cloudflare.com/ajax/libs/Chart.js/2.7.2/Chart.min.js","meta":{"rootId":"ka89hd0dzztkkf5","id":"ka89hd0dzztkkf5"},"id":"ei8zraqhcx18a45","previousOperationId":"7uxz4u1eq96mb3k"}
{"type":"log","timestamp":1675271549050,"level":"debug","message":"Page request finished: GET (script) 200 https://cdnjs.cloudflare.com/ajax/libs/Chart.js/2.7.2/Chart.min.js","meta":{"rootId":"ka89hd0dzztkkf5","id":"ka89hd0dzztkkf5"},"id":"ua6kzbasikomzhn","previousOperationId":"7uxz4u1eq96mb3k"}
{"type":"log","timestamp":1675271549069,"level":"debug","message":"Page request finished: GET (stylesheet) 200 https://cdnjs.cloudflare.com/ajax/libs/metro/4.1.5/css/metro.min.css","meta":{"rootId":"ka89hd0dzztkkf5","id":"ka89hd0dzztkkf5"},"id":"a0ciu0zpxcgssmz","previousOperationId":"7uxz4u1eq96mb3k"}
{"type":"log","timestamp":1675271549081,"level":"debug","message":"Running chrome with params {\"printBackground\":true,\"marginTop\":\"4cm\",\"marginRight\":\"1.5cm\",\"marginBottom\":\"1.5cm\",\"marginLeft\":\"1.5cm\",\"waitForJS\":false,\"timeout\":59712,\"margin\":{\"top\":\"4cm\",\"right\":\"1.5cm\",\"bottom\":\"1.5cm\",\"left\":\"1.5cm\"}}","meta":{"rootId":"ka89hd0dzztkkf5","id":"ka89hd0dzztkkf5"},"id":"6gcc3x4qk3cf6a7","previousOperationId":"7uxz4u1eq96mb3k"}
{"type":"operationEnd","operationId":"7uxz4u1eq96mb3k","timestamp":1675271549114,"id":"bak4ar3sxo09tif","previousEventId":"67q7tyvuzs78j51","previousOperationId":"7uxz4u1eq96mb3k"}
{"type":"log","timestamp":1675271549114,"level":"info","message":"pdf-utils is starting pdf processing","meta":{"rootId":"ka89hd0dzztkkf5","id":"ka89hd0dzztkkf5"},"id":"6u0oscfq1givu5p","previousOperationId":"7uxz4u1eq96mb3k"}
{"type":"operationStart","subtype":"pdfUtils","name":"pdf utils","timestamp":1675271549114,"id":"djqztaxv2kwtapj","previousEventId":"bak4ar3sxo09tif","operationId":"6miymdzglu06qms","previousOperationId":"7uxz4u1eq96mb3k"}
{"type":"log","timestamp":1675271549115,"level":"debug","message":"pdf-utils detected 1 pdf operation(s) to process","meta":{"rootId":"ka89hd0dzztkkf5","id":"ka89hd0dzztkkf5"},"id":"k9knnwic4bjqq4z","previousOperationId":"6miymdzglu06qms"}
{"type":"log","timestamp":1675271549121,"level":"debug","message":"pdf-utils running pdf operation merge","meta":{"rootId":"ka89hd0dzztkkf5","id":"ka89hd0dzztkkf5"},"id":"28wj267v1alwdkg","previousOperationId":"6miymdzglu06qms"}
{"type":"operationStart","subtype":"pdfUtilsMerge","name":"pdf utils merge","previousOperationId":"6miymdzglu06qms","timestamp":1675271549121,"id":"5qap0smi17nlvti","previousEventId":"djqztaxv2kwtapj","operationId":"fhh0rztbrxervu9"}
{"type":"operationStart","subtype":"render","name":"orders-header","previousOperationId":"fhh0rztbrxervu9","timestamp":1675271549122,"id":"zmo9gzzv2skq3o2","previousEventId":"5qap0smi17nlvti","operationId":"4zvtelnruohv1w5"}
{"type":"log","timestamp":1675271549122,"level":"info","message":"Starting rendering (child) request","meta":{"rootId":"ka89hd0dzztkkf5","id":"atose58hu5ey0o5"},"id":"0nsm3j2o4ienphm","previousOperationId":"4zvtelnruohv1w5"}
{"type":"log","timestamp":1675271549122,"level":"info","message":"Rendering template { name: orders-header, recipe: chrome-pdf, engine: handlebars, preview: true }","meta":{"rootId":"ka89hd0dzztkkf5","id":"atose58hu5ey0o5"},"id":"4ilke1u07ucw75v","previousOperationId":"4zvtelnruohv1w5"}
{"type":"log","timestamp":1675271549123,"level":"debug","message":"Inline data specified.","meta":{"rootId":"ka89hd0dzztkkf5","id":"atose58hu5ey0o5"},"id":"o08uhijsh97b2rl","previousOperationId":"4zvtelnruohv1w5"}
{"type":"log","timestamp":1675271549126,"level":"debug","message":"Base url not specified, skipping its injection.","meta":{"rootId":"ka89hd0dzztkkf5","id":"atose58hu5ey0o5"},"id":"kawpm43ne4wp73w","previousOperationId":"4zvtelnruohv1w5"}
{"type":"operationStart","subtype":"engine","name":"handlebars","timestamp":1675271549126,"id":"0eliceccgg6tkxf","previousEventId":"zmo9gzzv2skq3o2","operationId":"t6lscba19kzhf2e","previousOperationId":"4zvtelnruohv1w5"}
{"type":"log","timestamp":1675271549126,"level":"debug","message":"Rendering engine handlebars","meta":{"rootId":"ka89hd0dzztkkf5","id":"atose58hu5ey0o5"},"id":"rjx7h5dgysjfbyv","previousOperationId":"t6lscba19kzhf2e"}
{"type":"operationEnd","operationId":"t6lscba19kzhf2e","timestamp":1675271549147,"id":"biddc1k97rks99a","previousEventId":"0eliceccgg6tkxf","previousOperationId":"t6lscba19kzhf2e"}
{"type":"operationStart","subtype":"recipe","name":"chrome-pdf","timestamp":1675271549147,"id":"id48vjfa77ix5cq","previousEventId":"biddc1k97rks99a","operationId":"fba17u2n1qsfnw5","previousOperationId":"t6lscba19kzhf2e"}
{"type":"log","timestamp":1675271549147,"level":"debug","message":"Executing recipe chrome-pdf","meta":{"rootId":"ka89hd0dzztkkf5","id":"atose58hu5ey0o5"},"id":"2kf20ld1da7fmj0","previousOperationId":"fba17u2n1qsfnw5"}
{"type":"log","timestamp":1675271549150,"level":"debug","message":"Converting with chrome HeadlessChrome/105.0.5173.0 using chrome-pool strategy","meta":{"rootId":"ka89hd0dzztkkf5","id":"atose58hu5ey0o5"},"id":"woy0o4i5o7stmkf","previousOperationId":"fba17u2n1qsfnw5"}
{"type":"log","timestamp":1675271549246,"level":"debug","message":"Page request: GET (document) file:///C:/Users/pollo/AppData/Local/Temp/jsreport/autocleanup/ac4274d8-1f44-4e8f-ba20-03184231c350-chrome-pdf.html","meta":{"rootId":"ka89hd0dzztkkf5","id":"atose58hu5ey0o5"},"id":"aajgpy1mrucb5ys","previousOperationId":"fba17u2n1qsfnw5"}
{"type":"log","timestamp":1675271549258,"level":"debug","message":"Page request finished: GET (document) 200 file:///C:/Users/pollo/AppData/Local/Temp/jsreport/autocleanup/ac4274d8-1f44-4e8f-ba20-03184231c350-chrome-pdf.html","meta":{"rootId":"ka89hd0dzztkkf5","id":"atose58hu5ey0o5"},"id":"lwxu3r1l63ck9h0","previousOperationId":"fba17u2n1qsfnw5"}
{"type":"log","timestamp":1675271549258,"level":"debug","message":"Page request: GET (stylesheet) https://cdnjs.cloudflare.com/ajax/libs/metro/4.1.5/css/metro.min.css","meta":{"rootId":"ka89hd0dzztkkf5","id":"atose58hu5ey0o5"},"id":"mfsbu9o6bb6w4wt","previousOperationId":"fba17u2n1qsfnw5"}
{"type":"log","timestamp":1675271549279,"level":"debug","message":"Page request finished: GET (stylesheet) 200 https://cdnjs.cloudflare.com/ajax/libs/metro/4.1.5/css/metro.min.css","meta":{"rootId":"ka89hd0dzztkkf5","id":"atose58hu5ey0o5"},"id":"0hjap5t4pl3wuw3","previousOperationId":"fba17u2n1qsfnw5"}
{"type":"log","timestamp":1675271549301,"level":"debug","message":"Running chrome with params {\"printBackground\":true,\"marginTop\":\"1.5cm\",\"marginRight\":\"1.5cm\",\"marginLeft\":\"1.cm\",\"timeout\":59490,\"margin\":{\"top\":\"1.5cm\",\"right\":\"1.5cm\",\"left\":\"1.cm\"}}","meta":{"rootId":"ka89hd0dzztkkf5","id":"atose58hu5ey0o5"},"id":"vojml0pm4vylpdl","previousOperationId":"fba17u2n1qsfnw5"}
{"type":"operationEnd","operationId":"fba17u2n1qsfnw5","timestamp":1675271549359,"id":"jg50zqc8lfcdlwt","previousEventId":"id48vjfa77ix5cq","previousOperationId":"fba17u2n1qsfnw5"}
{"type":"log","timestamp":1675271549359,"level":"debug","message":"Skipping storing report.","meta":{"rootId":"ka89hd0dzztkkf5","id":"atose58hu5ey0o5"},"id":"1xxr5ec7dgpc9zw","previousOperationId":"fba17u2n1qsfnw5"}
{"type":"log","timestamp":1675271549359,"level":"info","message":"Rendering (child) request finished in 720 ms","meta":{"rootId":"ka89hd0dzztkkf5","id":"atose58hu5ey0o5"},"id":"ivo6lhda904wg1u","previousOperationId":"fba17u2n1qsfnw5"}
{"type":"operationEnd","subtype":"render","operationId":"4zvtelnruohv1w5","timestamp":1675271549359,"id":"v9e8qbd0x1hkfep","previousEventId":"jg50zqc8lfcdlwt","previousOperationId":"fba17u2n1qsfnw5"}
{"type":"operationEnd","operationId":"fhh0rztbrxervu9","timestamp":1675271549364,"id":"agzwfbf9flkzd7i","previousEventId":"5qap0smi17nlvti","previousOperationId":"fhh0rztbrxervu9"}
{"type":"log","timestamp":1675271549364,"level":"debug","message":"pdf-utils postproces start","meta":{"rootId":"ka89hd0dzztkkf5","id":"ka89hd0dzztkkf5"},"id":"m3nmhtz2qifjqsi","previousOperationId":"fhh0rztbrxervu9"}
{"type":"log","timestamp":1675271549369,"level":"debug","message":"pdf-utils postproces end","meta":{"rootId":"ka89hd0dzztkkf5","id":"ka89hd0dzztkkf5"},"id":"r64xn4bv9th9l6z","previousOperationId":"fhh0rztbrxervu9"}
{"type":"operationEnd","operationId":"6miymdzglu06qms","timestamp":1675271549369,"id":"wirbv4c5kxt7pir","previousEventId":"agzwfbf9flkzd7i","previousOperationId":"fhh0rztbrxervu9"}
{"type":"log","timestamp":1675271549369,"level":"info","message":"pdf-utils pdf processing was finished","meta":{"rootId":"ka89hd0dzztkkf5","id":"ka89hd0dzztkkf5"},"id":"czofhf2gp7z44bu","previousOperationId":"6miymdzglu06qms"}
{"type":"log","timestamp":1675271549370,"level":"debug","message":"Skipping storing report.","meta":{"rootId":"ka89hd0dzztkkf5","id":"ka89hd0dzztkkf5"},"id":"aqpjabcoqts781d","previousOperationId":"6miymdzglu06qms"}
{"type":"log","timestamp":1675271549370,"level":"info","message":"Rendering request 14 finished in 731 ms","meta":{"rootId":"ka89hd0dzztkkf5","id":"ka89hd0dzztkkf5"},"id":"nfhtc6c2ia80o35","previousOperationId":"6miymdzglu06qms"}
{"type":"operationEnd","subtype":"render","operationId":"rhbn14jzwu482a4","timestamp":1675271549370,"id":"9b94n6zvhfso9x5","previousEventId":"wirbv4c5kxt7pir","previousOperationId":"6miymdzglu06qms"}
{"type":"operationEnd","doDiffs":false,"previousEventId":"ztnvx3yd61hrk2a","previousOperationId":"mo36qmims6hluve","operationId":"mo36qmims6hluve","timestamp":1675271549379,"id":"hputa7h26gmbczw"}
