{"type":"operationStart","subtype":"profile","data":{"_id":"pH6qDGEMvmV5HowV","timestamp":"2023-02-05T17:53:28.667Z","state":"queued","mode":"standard","creationDate":"2023-02-05T17:53:28.669Z","modificationDate":"2023-02-05T17:53:28.669Z","shortid":"p-Wq-HN","$entitySet":"profiles"},"doDiffs":false,"timestamp":1675619608668,"id":"1mrtgd2r4dmvhh5","previousOperationId":null,"operationId":"pjc1cg45icdnvww"}
{"type":"log","level":"info","message":"Render request 16 queued for execution and waiting for available worker","previousOperationId":"pjc1cg45icdnvww","timestamp":1675619608668,"id":"f0v8kedfb53zc6t"}
{"type":"operationStart","subtype":"render","name":"orders-main","previousOperationId":"pjc1cg45icdnvww","timestamp":1675619608680,"id":"tle5o597zxrdr9d","previousEventId":"1mrtgd2r4dmvhh5","operationId":"lgc6hfzaxx4jcj3"}
{"type":"log","timestamp":1675619608680,"level":"info","message":"Starting rendering request 16","meta":{"rootId":"kt7lwih7ltgwjqg","id":"kt7lwih7ltgwjqg"},"id":"xvn1dral1bfx9as","previousOperationId":"lgc6hfzaxx4jcj3"}
{"type":"log","timestamp":1675619608680,"level":"info","message":"Rendering template { name: orders-main, recipe: chrome-pdf, engine: handlebars, preview: true }","meta":{"rootId":"kt7lwih7ltgwjqg","id":"kt7lwih7ltgwjqg"},"id":"9kjrw09vkayu7zn","previousOperationId":"lgc6hfzaxx4jcj3"}
{"type":"log","timestamp":1675619608681,"level":"debug","message":"Data item not defined for this template.","meta":{"rootId":"kt7lwih7ltgwjqg","id":"kt7lwih7ltgwjqg"},"id":"pcf06dztrynldta","previousOperationId":"lgc6hfzaxx4jcj3"}
{"type":"log","timestamp":1675619608685,"level":"debug","message":"Executing script orders-script (beforeRender)","meta":{"rootId":"kt7lwih7ltgwjqg","id":"kt7lwih7ltgwjqg"},"id":"0siymmvoxirb9jl","previousOperationId":"lgc6hfzaxx4jcj3"}
{"type":"operationStart","subtype":"scriptsBeforeRender","name":"scripts beforeRender","timestamp":1675619608713,"id":"oe45ssvd54hr4ds","previousEventId":"tle5o597zxrdr9d","operationId":"xljed0ipy20nxel","previousOperationId":"lgc6hfzaxx4jcj3"}
{"type":"operationStart","subtype":"script","name":"scripts orders-script","previousOperationId":"xljed0ipy20nxel","timestamp":1675619608713,"id":"5iwxdedykkjythx","previousEventId":"oe45ssvd54hr4ds","operationId":"zrw04ie57shslf9"}
{"type":"log","timestamp":1675619609016,"level":"debug","message":"(console:log) {\n  data: [\n    {\n      id: 1,\n      name: 'Antonio',\n      description: 'Aclamado director de la Orquesta Filarmónica de Gran Canaria',\n      pieces: [Array],\n      count: 2\n    },\n    {\n      id: 3,\n      name: 'Juana de Armas',\n      description: 'Aclamada directora de la Orquesta Filarmónica de Gran Canaria',\n      pieces: [Array],\n      count: 4\n    }\n  ]\n}","meta":{"userLevel":true,"rootId":"kt7lwih7ltgwjqg","id":"kt7lwih7ltgwjqg"},"id":"b4ae67zrgplnait","previousOperationId":"zrw04ie57shslf9"}
{"type":"operationEnd","operationId":"zrw04ie57shslf9","timestamp":1675619609016,"id":"5tugs0qg62svps9","previousEventId":"tle5o597zxrdr9d","previousOperationId":"lgc6hfzaxx4jcj3"}
{"type":"operationEnd","operationId":"xljed0ipy20nxel","timestamp":1675619609016,"id":"64egx29mwnqn87s","previousEventId":"5tugs0qg62svps9","previousOperationId":"lgc6hfzaxx4jcj3"}
{"type":"log","timestamp":1675619609016,"level":"debug","message":"Base url not specified, skipping its injection.","meta":{"rootId":"kt7lwih7ltgwjqg","id":"kt7lwih7ltgwjqg"},"id":"484g9w9rgj9hmcf","previousOperationId":"xljed0ipy20nxel"}
{"type":"operationStart","subtype":"engine","name":"handlebars","timestamp":1675619609017,"id":"j3w6i077z94oznh","previousEventId":"64egx29mwnqn87s","operationId":"jt2fa40yudavlkj","previousOperationId":"xljed0ipy20nxel"}
{"type":"log","timestamp":1675619609017,"level":"debug","message":"Rendering engine handlebars","meta":{"rootId":"kt7lwih7ltgwjqg","id":"kt7lwih7ltgwjqg"},"id":"ffjrnrexwwyrlus","previousOperationId":"jt2fa40yudavlkj"}
{"type":"operationEnd","operationId":"jt2fa40yudavlkj","timestamp":1675619609035,"id":"pplglnrr072xcf4","previousEventId":"j3w6i077z94oznh","previousOperationId":"jt2fa40yudavlkj"}
{"type":"operationStart","subtype":"recipe","name":"chrome-pdf","timestamp":1675619609035,"id":"nr1mi3us8g4xvns","previousEventId":"pplglnrr072xcf4","operationId":"xdiqf0n6ty0k8v1","previousOperationId":"jt2fa40yudavlkj"}
{"type":"log","timestamp":1675619609035,"level":"debug","message":"Executing recipe chrome-pdf","meta":{"rootId":"kt7lwih7ltgwjqg","id":"kt7lwih7ltgwjqg"},"id":"8kzw8vzwt9jnmdk","previousOperationId":"xdiqf0n6ty0k8v1"}
{"type":"log","timestamp":1675619609038,"level":"debug","message":"Converting with chrome HeadlessChrome/105.0.5173.0 using chrome-pool strategy","meta":{"rootId":"kt7lwih7ltgwjqg","id":"kt7lwih7ltgwjqg"},"id":"6od4dfb8zisqi6q","previousOperationId":"xdiqf0n6ty0k8v1"}
{"type":"log","timestamp":1675619609136,"level":"debug","message":"Page request: GET (document) file:///C:/Users/pollo/AppData/Local/Temp/jsreport/autocleanup/992312b5-fed7-4778-bc06-500075e60449-chrome-pdf.html","meta":{"rootId":"kt7lwih7ltgwjqg","id":"kt7lwih7ltgwjqg"},"id":"w1adl5moj3ujyqx","previousOperationId":"xdiqf0n6ty0k8v1"}
{"type":"log","timestamp":1675619609155,"level":"debug","message":"Page request finished: GET (document) 200 file:///C:/Users/pollo/AppData/Local/Temp/jsreport/autocleanup/992312b5-fed7-4778-bc06-500075e60449-chrome-pdf.html","meta":{"rootId":"kt7lwih7ltgwjqg","id":"kt7lwih7ltgwjqg"},"id":"ijbwupxa5hq6jfj","previousOperationId":"xdiqf0n6ty0k8v1"}
{"type":"log","timestamp":1675619609156,"level":"debug","message":"Page request: GET (stylesheet) https://cdnjs.cloudflare.com/ajax/libs/metro/4.1.5/css/metro.min.css","meta":{"rootId":"kt7lwih7ltgwjqg","id":"kt7lwih7ltgwjqg"},"id":"oho6c87kt6glt2k","previousOperationId":"xdiqf0n6ty0k8v1"}
{"type":"log","timestamp":1675619609156,"level":"debug","message":"Page request: GET (script) https://cdnjs.cloudflare.com/ajax/libs/Chart.js/2.7.2/Chart.min.js","meta":{"rootId":"kt7lwih7ltgwjqg","id":"kt7lwih7ltgwjqg"},"id":"vrj4uvggi26l5t3","previousOperationId":"xdiqf0n6ty0k8v1"}
{"type":"log","timestamp":1675619609162,"level":"debug","message":"Page request finished: GET (script) 200 https://cdnjs.cloudflare.com/ajax/libs/Chart.js/2.7.2/Chart.min.js","meta":{"rootId":"kt7lwih7ltgwjqg","id":"kt7lwih7ltgwjqg"},"id":"oz3jlhzhkk67f1g","previousOperationId":"xdiqf0n6ty0k8v1"}
{"type":"log","timestamp":1675619609180,"level":"debug","message":"Page request finished: GET (stylesheet) 200 https://cdnjs.cloudflare.com/ajax/libs/metro/4.1.5/css/metro.min.css","meta":{"rootId":"kt7lwih7ltgwjqg","id":"kt7lwih7ltgwjqg"},"id":"uwkdkaqdxslokfq","previousOperationId":"xdiqf0n6ty0k8v1"}
{"type":"log","timestamp":1675619609186,"level":"warn","message":"Page error: SyntaxError: Unexpected identifier","meta":{"rootId":"kt7lwih7ltgwjqg","id":"kt7lwih7ltgwjqg"},"id":"6d5nf1y4ng215mf","previousOperationId":"xdiqf0n6ty0k8v1"}
{"type":"log","timestamp":1675619609215,"level":"debug","message":"Running chrome with params {\"printBackground\":true,\"marginTop\":\"4cm\",\"marginRight\":\"1.5cm\",\"marginBottom\":\"1.5cm\",\"marginLeft\":\"1.5cm\",\"waitForJS\":false,\"timeout\":59630,\"margin\":{\"top\":\"4cm\",\"right\":\"1.5cm\",\"bottom\":\"1.5cm\",\"left\":\"1.5cm\"}}","meta":{"rootId":"kt7lwih7ltgwjqg","id":"kt7lwih7ltgwjqg"},"id":"333u5uz952wmi1q","previousOperationId":"xdiqf0n6ty0k8v1"}
{"type":"operationEnd","operationId":"xdiqf0n6ty0k8v1","timestamp":1675619609295,"id":"7wg4ffetwaiuvt1","previousEventId":"nr1mi3us8g4xvns","previousOperationId":"xdiqf0n6ty0k8v1"}
{"type":"log","timestamp":1675619609295,"level":"info","message":"pdf-utils is starting pdf processing","meta":{"rootId":"kt7lwih7ltgwjqg","id":"kt7lwih7ltgwjqg"},"id":"t5yydac80c6y3kw","previousOperationId":"xdiqf0n6ty0k8v1"}
{"type":"operationStart","subtype":"pdfUtils","name":"pdf utils","timestamp":1675619609295,"id":"zairegr9scbo9al","previousEventId":"7wg4ffetwaiuvt1","operationId":"bnyqg3yss6ermel","previousOperationId":"xdiqf0n6ty0k8v1"}
{"type":"log","timestamp":1675619609295,"level":"debug","message":"pdf-utils detected 1 pdf operation(s) to process","meta":{"rootId":"kt7lwih7ltgwjqg","id":"kt7lwih7ltgwjqg"},"id":"zb78ezkri8amwj8","previousOperationId":"bnyqg3yss6ermel"}
{"type":"log","timestamp":1675619609317,"level":"debug","message":"pdf-utils running pdf operation merge","meta":{"rootId":"kt7lwih7ltgwjqg","id":"kt7lwih7ltgwjqg"},"id":"ufnyc3ochlgi1zy","previousOperationId":"bnyqg3yss6ermel"}
{"type":"operationStart","subtype":"pdfUtilsMerge","name":"pdf utils merge","previousOperationId":"bnyqg3yss6ermel","timestamp":1675619609317,"id":"zryl130ai4efvii","previousEventId":"zairegr9scbo9al","operationId":"ej5mpwzrc0g0d5g"}
{"type":"operationStart","subtype":"render","name":"orders-header","previousOperationId":"ej5mpwzrc0g0d5g","timestamp":1675619609318,"id":"q7czmrudd610h50","previousEventId":"zryl130ai4efvii","operationId":"esqkraszdre5f7w"}
{"type":"log","timestamp":1675619609318,"level":"info","message":"Starting rendering (child) request","meta":{"rootId":"kt7lwih7ltgwjqg","id":"bqocq7smijnjd7e"},"id":"0giwhlbw7bs51bu","previousOperationId":"esqkraszdre5f7w"}
{"type":"log","timestamp":1675619609319,"level":"info","message":"Rendering template { name: orders-header, recipe: chrome-pdf, engine: handlebars, preview: true }","meta":{"rootId":"kt7lwih7ltgwjqg","id":"bqocq7smijnjd7e"},"id":"me9kcgyhjyz1x85","previousOperationId":"esqkraszdre5f7w"}
{"type":"log","timestamp":1675619609320,"level":"debug","message":"Inline data specified.","meta":{"rootId":"kt7lwih7ltgwjqg","id":"bqocq7smijnjd7e"},"id":"18n2hi8coyxc1ph","previousOperationId":"esqkraszdre5f7w"}
{"type":"log","timestamp":1675619609322,"level":"debug","message":"Base url not specified, skipping its injection.","meta":{"rootId":"kt7lwih7ltgwjqg","id":"bqocq7smijnjd7e"},"id":"rojuv4rr5s77593","previousOperationId":"esqkraszdre5f7w"}
{"type":"operationStart","subtype":"engine","name":"handlebars","timestamp":1675619609323,"id":"vjdimbd4jnf1bzp","previousEventId":"q7czmrudd610h50","operationId":"98k2xnbcqs26tra","previousOperationId":"esqkraszdre5f7w"}
{"type":"log","timestamp":1675619609323,"level":"debug","message":"Rendering engine handlebars","meta":{"rootId":"kt7lwih7ltgwjqg","id":"bqocq7smijnjd7e"},"id":"qzcqwlob7tbacar","previousOperationId":"98k2xnbcqs26tra"}
{"type":"operationEnd","operationId":"98k2xnbcqs26tra","timestamp":1675619609338,"id":"l6avmdrevdu7nm1","previousEventId":"vjdimbd4jnf1bzp","previousOperationId":"98k2xnbcqs26tra"}
{"type":"operationStart","subtype":"recipe","name":"chrome-pdf","timestamp":1675619609339,"id":"lj0gh35ywxx1wur","previousEventId":"l6avmdrevdu7nm1","operationId":"3hhze2w8xww7pto","previousOperationId":"98k2xnbcqs26tra"}
{"type":"log","timestamp":1675619609339,"level":"debug","message":"Executing recipe chrome-pdf","meta":{"rootId":"kt7lwih7ltgwjqg","id":"bqocq7smijnjd7e"},"id":"qzhbu7a7jj223z0","previousOperationId":"3hhze2w8xww7pto"}
{"type":"log","timestamp":1675619609341,"level":"debug","message":"Converting with chrome HeadlessChrome/105.0.5173.0 using chrome-pool strategy","meta":{"rootId":"kt7lwih7ltgwjqg","id":"bqocq7smijnjd7e"},"id":"if8799b2z6lkuyc","previousOperationId":"3hhze2w8xww7pto"}
{"type":"log","timestamp":1675619609434,"level":"debug","message":"Page request: GET (document) file:///C:/Users/pollo/AppData/Local/Temp/jsreport/autocleanup/70f9eb36-8866-4486-9806-1d73a0376c6a-chrome-pdf.html","meta":{"rootId":"kt7lwih7ltgwjqg","id":"bqocq7smijnjd7e"},"id":"3k2ca9lrsg19g2d","previousOperationId":"3hhze2w8xww7pto"}
{"type":"log","timestamp":1675619609443,"level":"debug","message":"Page request finished: GET (document) 200 file:///C:/Users/pollo/AppData/Local/Temp/jsreport/autocleanup/70f9eb36-8866-4486-9806-1d73a0376c6a-chrome-pdf.html","meta":{"rootId":"kt7lwih7ltgwjqg","id":"bqocq7smijnjd7e"},"id":"ev7td1eyecm11ev","previousOperationId":"3hhze2w8xww7pto"}
{"type":"log","timestamp":1675619609443,"level":"debug","message":"Page request: GET (stylesheet) https://cdnjs.cloudflare.com/ajax/libs/metro/4.1.5/css/metro.min.css","meta":{"rootId":"kt7lwih7ltgwjqg","id":"bqocq7smijnjd7e"},"id":"j2ksybvalq6hb16","previousOperationId":"3hhze2w8xww7pto"}
{"type":"log","timestamp":1675619609468,"level":"debug","message":"Page request finished: GET (stylesheet) 200 https://cdnjs.cloudflare.com/ajax/libs/metro/4.1.5/css/metro.min.css","meta":{"rootId":"kt7lwih7ltgwjqg","id":"bqocq7smijnjd7e"},"id":"4fv7yg0ful3rqq9","previousOperationId":"3hhze2w8xww7pto"}
{"type":"log","timestamp":1675619609494,"level":"debug","message":"Running chrome with params {\"printBackground\":true,\"marginTop\":\"1.5cm\",\"marginRight\":\"1.5cm\",\"marginLeft\":\"1.cm\",\"timeout\":59327,\"margin\":{\"top\":\"1.5cm\",\"right\":\"1.5cm\",\"left\":\"1.cm\"}}","meta":{"rootId":"kt7lwih7ltgwjqg","id":"bqocq7smijnjd7e"},"id":"5ksxqfkgdru03po","previousOperationId":"3hhze2w8xww7pto"}
{"type":"operationEnd","operationId":"3hhze2w8xww7pto","timestamp":1675619609560,"id":"d37be6m0khqibjy","previousEventId":"lj0gh35ywxx1wur","previousOperationId":"3hhze2w8xww7pto"}
{"type":"log","timestamp":1675619609560,"level":"debug","message":"Skipping storing report.","meta":{"rootId":"kt7lwih7ltgwjqg","id":"bqocq7smijnjd7e"},"id":"niq22uw9c4d7r42","previousOperationId":"3hhze2w8xww7pto"}
{"type":"log","timestamp":1675619609560,"level":"info","message":"Rendering (child) request finished in 893 ms","meta":{"rootId":"kt7lwih7ltgwjqg","id":"bqocq7smijnjd7e"},"id":"tbq09gdop50a6cr","previousOperationId":"3hhze2w8xww7pto"}
{"type":"operationEnd","subtype":"render","operationId":"esqkraszdre5f7w","timestamp":1675619609560,"id":"zb8mg0u4efswmtc","previousEventId":"d37be6m0khqibjy","previousOperationId":"3hhze2w8xww7pto"}
{"type":"operationEnd","operationId":"ej5mpwzrc0g0d5g","timestamp":1675619609569,"id":"rcj7qajnx8iq9pb","previousEventId":"zryl130ai4efvii","previousOperationId":"ej5mpwzrc0g0d5g"}
{"type":"log","timestamp":1675619609569,"level":"debug","message":"pdf-utils postproces start","meta":{"rootId":"kt7lwih7ltgwjqg","id":"kt7lwih7ltgwjqg"},"id":"rpos26xhcwf0jtq","previousOperationId":"ej5mpwzrc0g0d5g"}
{"type":"log","timestamp":1675619609577,"level":"debug","message":"pdf-utils postproces end","meta":{"rootId":"kt7lwih7ltgwjqg","id":"kt7lwih7ltgwjqg"},"id":"dcm4v9bejdrzzlu","previousOperationId":"ej5mpwzrc0g0d5g"}
{"type":"operationEnd","operationId":"bnyqg3yss6ermel","timestamp":1675619609577,"id":"vqhwetee8jp3w0p","previousEventId":"rcj7qajnx8iq9pb","previousOperationId":"ej5mpwzrc0g0d5g"}
{"type":"log","timestamp":1675619609577,"level":"info","message":"pdf-utils pdf processing was finished","meta":{"rootId":"kt7lwih7ltgwjqg","id":"kt7lwih7ltgwjqg"},"id":"17komm6srqin84g","previousOperationId":"bnyqg3yss6ermel"}
{"type":"log","timestamp":1675619609577,"level":"debug","message":"Skipping storing report.","meta":{"rootId":"kt7lwih7ltgwjqg","id":"kt7lwih7ltgwjqg"},"id":"cavxhvhw9lz6dqm","previousOperationId":"bnyqg3yss6ermel"}
{"type":"log","timestamp":1675619609577,"level":"info","message":"Rendering request 16 finished in 910 ms","meta":{"rootId":"kt7lwih7ltgwjqg","id":"kt7lwih7ltgwjqg"},"id":"nbcqy7scici1kup","previousOperationId":"bnyqg3yss6ermel"}
{"type":"operationEnd","subtype":"render","operationId":"lgc6hfzaxx4jcj3","timestamp":1675619609577,"id":"ig7w0ki5ftjkndp","previousEventId":"vqhwetee8jp3w0p","previousOperationId":"bnyqg3yss6ermel"}
{"type":"operationEnd","doDiffs":false,"previousEventId":"1mrtgd2r4dmvhh5","previousOperationId":"pjc1cg45icdnvww","operationId":"pjc1cg45icdnvww","timestamp":1675619609586,"id":"pbpq1k240hcd88t"}
