{"type":"operationStart","subtype":"profile","data":{"_id":"blFMba7GQnUGyDVE","timestamp":"2023-02-05T17:52:57.364Z","state":"queued","mode":"standard","creationDate":"2023-02-05T17:52:57.366Z","modificationDate":"2023-02-05T17:52:57.366Z","shortid":"k9MwJuE","$entitySet":"profiles"},"doDiffs":false,"timestamp":1675619577365,"id":"d8rx8umhh4z13ky","previousOperationId":null,"operationId":"jai7gkr53331sta"}
{"type":"log","level":"info","message":"Render request 15 queued for execution and waiting for available worker","previousOperationId":"jai7gkr53331sta","timestamp":1675619577365,"id":"n7barvhq21r71l4"}
{"type":"operationStart","subtype":"render","name":"orders-main","previousOperationId":"jai7gkr53331sta","timestamp":1675619577383,"id":"xn8l9s9391sewq8","previousEventId":"d8rx8umhh4z13ky","operationId":"nd60unulzzc9onv"}
{"type":"log","timestamp":1675619577383,"level":"info","message":"Starting rendering request 15","meta":{"rootId":"ktwmk0kgljdgbr8","id":"ktwmk0kgljdgbr8"},"id":"x7cgd7j4q3grxlp","previousOperationId":"nd60unulzzc9onv"}
{"type":"log","timestamp":1675619577383,"level":"info","message":"Rendering template { name: orders-main, recipe: chrome-pdf, engine: handlebars, preview: true }","meta":{"rootId":"ktwmk0kgljdgbr8","id":"ktwmk0kgljdgbr8"},"id":"57pe3i55yfti1bz","previousOperationId":"nd60unulzzc9onv"}
{"type":"log","timestamp":1675619577384,"level":"debug","message":"Data item not defined for this template.","meta":{"rootId":"ktwmk0kgljdgbr8","id":"ktwmk0kgljdgbr8"},"id":"b5udvnvdt4lp4ps","previousOperationId":"nd60unulzzc9onv"}
{"type":"log","timestamp":1675619577390,"level":"debug","message":"Executing script orders-script (beforeRender)","meta":{"rootId":"ktwmk0kgljdgbr8","id":"ktwmk0kgljdgbr8"},"id":"er7x7j1dk3ft5bg","previousOperationId":"nd60unulzzc9onv"}
{"type":"operationStart","subtype":"scriptsBeforeRender","name":"scripts beforeRender","timestamp":1675619577427,"id":"ef70bc2te1yfblk","previousEventId":"xn8l9s9391sewq8","operationId":"msy4wuwu1njq240","previousOperationId":"nd60unulzzc9onv"}
{"type":"operationStart","subtype":"script","name":"scripts orders-script","previousOperationId":"msy4wuwu1njq240","timestamp":1675619577427,"id":"wpuykoi8k9ukj2y","previousEventId":"ef70bc2te1yfblk","operationId":"3kt4deynj5vv8uo"}
{"type":"log","timestamp":1675619577732,"level":"debug","message":"(console:log) {\n  data: [\n    {\n      id: 1,\n      name: 'Antonio',\n      description: 'Aclamado director de la Orquesta Filarmónica de Gran Canaria',\n      pieces: [Array],\n      count: 2\n    },\n    {\n      id: 3,\n      name: 'Juana de Armas',\n      description: 'Aclamada directora de la Orquesta Filarmónica de Gran Canaria',\n      pieces: [Array],\n      count: 4\n    }\n  ]\n}","meta":{"userLevel":true,"rootId":"ktwmk0kgljdgbr8","id":"ktwmk0kgljdgbr8"},"id":"zsfuwk1hdefq2a8","previousOperationId":"3kt4deynj5vv8uo"}
{"type":"operationEnd","operationId":"3kt4deynj5vv8uo","timestamp":1675619577732,"id":"o1uhxjf29woftbb","previousEventId":"xn8l9s9391sewq8","previousOperationId":"nd60unulzzc9onv"}
{"type":"operationEnd","operationId":"msy4wuwu1njq240","timestamp":1675619577732,"id":"tegyzn6kkt7bho8","previousEventId":"o1uhxjf29woftbb","previousOperationId":"nd60unulzzc9onv"}
{"type":"log","timestamp":1675619577732,"level":"debug","message":"Base url not specified, skipping its injection.","meta":{"rootId":"ktwmk0kgljdgbr8","id":"ktwmk0kgljdgbr8"},"id":"e92zxkppr609o19","previousOperationId":"msy4wuwu1njq240"}
{"type":"operationStart","subtype":"engine","name":"handlebars","timestamp":1675619577732,"id":"uq16lqdanu5yzt8","previousEventId":"tegyzn6kkt7bho8","operationId":"6284c71nmeha7t6","previousOperationId":"msy4wuwu1njq240"}
{"type":"log","timestamp":1675619577732,"level":"debug","message":"Rendering engine handlebars","meta":{"rootId":"ktwmk0kgljdgbr8","id":"ktwmk0kgljdgbr8"},"id":"dzcfczibsce6ibb","previousOperationId":"6284c71nmeha7t6"}
{"type":"operationEnd","operationId":"6284c71nmeha7t6","timestamp":1675619577748,"id":"bc9cam1fjwourmt","previousEventId":"uq16lqdanu5yzt8","previousOperationId":"6284c71nmeha7t6"}
{"type":"operationStart","subtype":"recipe","name":"chrome-pdf","timestamp":1675619577748,"id":"n5djs1qv38b9fuf","previousEventId":"bc9cam1fjwourmt","operationId":"zlg5v173vgd7j1f","previousOperationId":"6284c71nmeha7t6"}
{"type":"log","timestamp":1675619577748,"level":"debug","message":"Executing recipe chrome-pdf","meta":{"rootId":"ktwmk0kgljdgbr8","id":"ktwmk0kgljdgbr8"},"id":"w35prcdis1q8isr","previousOperationId":"zlg5v173vgd7j1f"}
{"type":"log","timestamp":1675619577750,"level":"debug","message":"Converting with chrome HeadlessChrome/105.0.5173.0 using chrome-pool strategy","meta":{"rootId":"ktwmk0kgljdgbr8","id":"ktwmk0kgljdgbr8"},"id":"1legu695333t2d4","previousOperationId":"zlg5v173vgd7j1f"}
{"type":"log","timestamp":1675619577873,"level":"debug","message":"Page request: GET (document) file:///C:/Users/pollo/AppData/Local/Temp/jsreport/autocleanup/ad8f6ccf-2c28-4516-bf7b-1843b440be6b-chrome-pdf.html","meta":{"rootId":"ktwmk0kgljdgbr8","id":"ktwmk0kgljdgbr8"},"id":"5uzdiirt6d2wdkk","previousOperationId":"zlg5v173vgd7j1f"}
{"type":"log","timestamp":1675619577895,"level":"debug","message":"Page request finished: GET (document) 200 file:///C:/Users/pollo/AppData/Local/Temp/jsreport/autocleanup/ad8f6ccf-2c28-4516-bf7b-1843b440be6b-chrome-pdf.html","meta":{"rootId":"ktwmk0kgljdgbr8","id":"ktwmk0kgljdgbr8"},"id":"ypmc3si3n3fugoe","previousOperationId":"zlg5v173vgd7j1f"}
{"type":"log","timestamp":1675619577895,"level":"debug","message":"Page request: GET (stylesheet) https://cdnjs.cloudflare.com/ajax/libs/metro/4.1.5/css/metro.min.css","meta":{"rootId":"ktwmk0kgljdgbr8","id":"ktwmk0kgljdgbr8"},"id":"h47rzfox9gb4313","previousOperationId":"zlg5v173vgd7j1f"}
{"type":"log","timestamp":1675619577895,"level":"debug","message":"Page request: GET (script) https://cdnjs.cloudflare.com/ajax/libs/Chart.js/2.7.2/Chart.min.js","meta":{"rootId":"ktwmk0kgljdgbr8","id":"ktwmk0kgljdgbr8"},"id":"tgnrs2a7eb7snc5","previousOperationId":"zlg5v173vgd7j1f"}
{"type":"log","timestamp":1675619577902,"level":"debug","message":"Page request finished: GET (script) 200 https://cdnjs.cloudflare.com/ajax/libs/Chart.js/2.7.2/Chart.min.js","meta":{"rootId":"ktwmk0kgljdgbr8","id":"ktwmk0kgljdgbr8"},"id":"8ycq79aqcly9xji","previousOperationId":"zlg5v173vgd7j1f"}
{"type":"log","timestamp":1675619577919,"level":"debug","message":"Page request finished: GET (stylesheet) 200 https://cdnjs.cloudflare.com/ajax/libs/metro/4.1.5/css/metro.min.css","meta":{"rootId":"ktwmk0kgljdgbr8","id":"ktwmk0kgljdgbr8"},"id":"ovi9hca4dsdybib","previousOperationId":"zlg5v173vgd7j1f"}
{"type":"log","timestamp":1675619577925,"level":"warn","message":"Page error: SyntaxError: Unexpected identifier","meta":{"rootId":"ktwmk0kgljdgbr8","id":"ktwmk0kgljdgbr8"},"id":"i62vw9uxshgx0wm","previousOperationId":"zlg5v173vgd7j1f"}
{"type":"log","timestamp":1675619577956,"level":"debug","message":"Running chrome with params {\"printBackground\":true,\"marginTop\":\"4cm\",\"marginRight\":\"1.5cm\",\"marginBottom\":\"1.5cm\",\"marginLeft\":\"1.5cm\",\"waitForJS\":false,\"timeout\":59615,\"margin\":{\"top\":\"4cm\",\"right\":\"1.5cm\",\"bottom\":\"1.5cm\",\"left\":\"1.5cm\"}}","meta":{"rootId":"ktwmk0kgljdgbr8","id":"ktwmk0kgljdgbr8"},"id":"8pfwnwsk507sdkr","previousOperationId":"zlg5v173vgd7j1f"}
{"type":"operationEnd","operationId":"zlg5v173vgd7j1f","timestamp":1675619578040,"id":"6t01r14m4idcgkr","previousEventId":"n5djs1qv38b9fuf","previousOperationId":"zlg5v173vgd7j1f"}
{"type":"log","timestamp":1675619578040,"level":"info","message":"pdf-utils is starting pdf processing","meta":{"rootId":"ktwmk0kgljdgbr8","id":"ktwmk0kgljdgbr8"},"id":"6h9odq9ukek04hz","previousOperationId":"zlg5v173vgd7j1f"}
{"type":"operationStart","subtype":"pdfUtils","name":"pdf utils","timestamp":1675619578040,"id":"2dpdi82fv7mria4","previousEventId":"6t01r14m4idcgkr","operationId":"yykoqfua117y3af","previousOperationId":"zlg5v173vgd7j1f"}
{"type":"log","timestamp":1675619578040,"level":"debug","message":"pdf-utils detected 1 pdf operation(s) to process","meta":{"rootId":"ktwmk0kgljdgbr8","id":"ktwmk0kgljdgbr8"},"id":"7gnx23nr5ggc35y","previousOperationId":"yykoqfua117y3af"}
{"type":"log","timestamp":1675619578057,"level":"debug","message":"pdf-utils running pdf operation merge","meta":{"rootId":"ktwmk0kgljdgbr8","id":"ktwmk0kgljdgbr8"},"id":"jcw51balz4nd99k","previousOperationId":"yykoqfua117y3af"}
{"type":"operationStart","subtype":"pdfUtilsMerge","name":"pdf utils merge","previousOperationId":"yykoqfua117y3af","timestamp":1675619578057,"id":"7xral0fnmovve9q","previousEventId":"2dpdi82fv7mria4","operationId":"a1de3xkk01kshh1"}
{"type":"operationStart","subtype":"render","name":"orders-header","previousOperationId":"a1de3xkk01kshh1","timestamp":1675619578058,"id":"zk8kvcsa1qmrk8i","previousEventId":"7xral0fnmovve9q","operationId":"uqla26252o23yzq"}
{"type":"log","timestamp":1675619578058,"level":"info","message":"Starting rendering (child) request","meta":{"rootId":"ktwmk0kgljdgbr8","id":"3kay0es0ld4t15z"},"id":"7f5lt36yjrqi9ok","previousOperationId":"uqla26252o23yzq"}
{"type":"log","timestamp":1675619578059,"level":"info","message":"Rendering template { name: orders-header, recipe: chrome-pdf, engine: handlebars, preview: true }","meta":{"rootId":"ktwmk0kgljdgbr8","id":"3kay0es0ld4t15z"},"id":"q5awt34sqwtg5ht","previousOperationId":"uqla26252o23yzq"}
{"type":"log","timestamp":1675619578059,"level":"debug","message":"Inline data specified.","meta":{"rootId":"ktwmk0kgljdgbr8","id":"3kay0es0ld4t15z"},"id":"u9x60mop8yqzpuf","previousOperationId":"uqla26252o23yzq"}
{"type":"log","timestamp":1675619578065,"level":"debug","message":"Base url not specified, skipping its injection.","meta":{"rootId":"ktwmk0kgljdgbr8","id":"3kay0es0ld4t15z"},"id":"51ze01ouav7p189","previousOperationId":"uqla26252o23yzq"}
{"type":"operationStart","subtype":"engine","name":"handlebars","timestamp":1675619578065,"id":"6v1ph0lderdp6bh","previousEventId":"zk8kvcsa1qmrk8i","operationId":"hwc5rxhxkv0vwjj","previousOperationId":"uqla26252o23yzq"}
{"type":"log","timestamp":1675619578065,"level":"debug","message":"Rendering engine handlebars","meta":{"rootId":"ktwmk0kgljdgbr8","id":"3kay0es0ld4t15z"},"id":"ghkdmso4ypnf619","previousOperationId":"hwc5rxhxkv0vwjj"}
{"type":"operationEnd","operationId":"hwc5rxhxkv0vwjj","timestamp":1675619578084,"id":"ud8etabq89cil2y","previousEventId":"6v1ph0lderdp6bh","previousOperationId":"hwc5rxhxkv0vwjj"}
{"type":"operationStart","subtype":"recipe","name":"chrome-pdf","timestamp":1675619578084,"id":"52mv7ue6b3w7n7b","previousEventId":"ud8etabq89cil2y","operationId":"da4of8dop0rb0iv","previousOperationId":"hwc5rxhxkv0vwjj"}
{"type":"log","timestamp":1675619578084,"level":"debug","message":"Executing recipe chrome-pdf","meta":{"rootId":"ktwmk0kgljdgbr8","id":"3kay0es0ld4t15z"},"id":"l3pabhv56oy5kvd","previousOperationId":"da4of8dop0rb0iv"}
{"type":"log","timestamp":1675619578087,"level":"debug","message":"Converting with chrome HeadlessChrome/105.0.5173.0 using chrome-pool strategy","meta":{"rootId":"ktwmk0kgljdgbr8","id":"3kay0es0ld4t15z"},"id":"tx1xqg68feu45ky","previousOperationId":"da4of8dop0rb0iv"}
{"type":"log","timestamp":1675619578186,"level":"debug","message":"Page request: GET (document) file:///C:/Users/pollo/AppData/Local/Temp/jsreport/autocleanup/ecb48ecc-5185-4236-a13d-d257777a8474-chrome-pdf.html","meta":{"rootId":"ktwmk0kgljdgbr8","id":"3kay0es0ld4t15z"},"id":"m8l9z9kh8izfe0h","previousOperationId":"da4of8dop0rb0iv"}
{"type":"log","timestamp":1675619578204,"level":"debug","message":"Page request finished: GET (document) 200 file:///C:/Users/pollo/AppData/Local/Temp/jsreport/autocleanup/ecb48ecc-5185-4236-a13d-d257777a8474-chrome-pdf.html","meta":{"rootId":"ktwmk0kgljdgbr8","id":"3kay0es0ld4t15z"},"id":"yqfzx6esi8v0dey","previousOperationId":"da4of8dop0rb0iv"}
{"type":"log","timestamp":1675619578205,"level":"debug","message":"Page request: GET (stylesheet) https://cdnjs.cloudflare.com/ajax/libs/metro/4.1.5/css/metro.min.css","meta":{"rootId":"ktwmk0kgljdgbr8","id":"3kay0es0ld4t15z"},"id":"4wwrfhxb6nrz536","previousOperationId":"da4of8dop0rb0iv"}
{"type":"log","timestamp":1675619578226,"level":"debug","message":"Page request finished: GET (stylesheet) 200 https://cdnjs.cloudflare.com/ajax/libs/metro/4.1.5/css/metro.min.css","meta":{"rootId":"ktwmk0kgljdgbr8","id":"3kay0es0ld4t15z"},"id":"efm4kuro394imly","previousOperationId":"da4of8dop0rb0iv"}
{"type":"log","timestamp":1675619578248,"level":"debug","message":"Running chrome with params {\"printBackground\":true,\"marginTop\":\"1.5cm\",\"marginRight\":\"1.5cm\",\"marginLeft\":\"1.cm\",\"timeout\":59278,\"margin\":{\"top\":\"1.5cm\",\"right\":\"1.5cm\",\"left\":\"1.cm\"}}","meta":{"rootId":"ktwmk0kgljdgbr8","id":"3kay0es0ld4t15z"},"id":"2np40m6jdef7tlm","previousOperationId":"da4of8dop0rb0iv"}
{"type":"operationEnd","operationId":"da4of8dop0rb0iv","timestamp":1675619578310,"id":"nfugdtgdzelgdsd","previousEventId":"52mv7ue6b3w7n7b","previousOperationId":"da4of8dop0rb0iv"}
{"type":"log","timestamp":1675619578310,"level":"debug","message":"Skipping storing report.","meta":{"rootId":"ktwmk0kgljdgbr8","id":"3kay0es0ld4t15z"},"id":"qcj00i4eeepmst5","previousOperationId":"da4of8dop0rb0iv"}
{"type":"log","timestamp":1675619578311,"level":"info","message":"Rendering (child) request finished in 947 ms","meta":{"rootId":"ktwmk0kgljdgbr8","id":"3kay0es0ld4t15z"},"id":"6oi9ei13jgxdmxs","previousOperationId":"da4of8dop0rb0iv"}
{"type":"operationEnd","subtype":"render","operationId":"uqla26252o23yzq","timestamp":1675619578311,"id":"h82jnmggw19z5cn","previousEventId":"nfugdtgdzelgdsd","previousOperationId":"da4of8dop0rb0iv"}
{"type":"operationEnd","operationId":"a1de3xkk01kshh1","timestamp":1675619578321,"id":"l2jlgisq0uu1gi7","previousEventId":"7xral0fnmovve9q","previousOperationId":"a1de3xkk01kshh1"}
{"type":"log","timestamp":1675619578321,"level":"debug","message":"pdf-utils postproces start","meta":{"rootId":"ktwmk0kgljdgbr8","id":"ktwmk0kgljdgbr8"},"id":"sjeklur27prwrcz","previousOperationId":"a1de3xkk01kshh1"}
{"type":"log","timestamp":1675619578334,"level":"debug","message":"pdf-utils postproces end","meta":{"rootId":"ktwmk0kgljdgbr8","id":"ktwmk0kgljdgbr8"},"id":"j9nue6ywcu684yn","previousOperationId":"a1de3xkk01kshh1"}
{"type":"operationEnd","operationId":"yykoqfua117y3af","timestamp":1675619578334,"id":"15lbfwqbpk4dacs","previousEventId":"l2jlgisq0uu1gi7","previousOperationId":"a1de3xkk01kshh1"}
{"type":"log","timestamp":1675619578334,"level":"info","message":"pdf-utils pdf processing was finished","meta":{"rootId":"ktwmk0kgljdgbr8","id":"ktwmk0kgljdgbr8"},"id":"o867mtmzsflk7h8","previousOperationId":"yykoqfua117y3af"}
{"type":"log","timestamp":1675619578334,"level":"debug","message":"Skipping storing report.","meta":{"rootId":"ktwmk0kgljdgbr8","id":"ktwmk0kgljdgbr8"},"id":"wcat5jn1fvjaam2","previousOperationId":"yykoqfua117y3af"}
{"type":"log","timestamp":1675619578334,"level":"info","message":"Rendering request 15 finished in 970 ms","meta":{"rootId":"ktwmk0kgljdgbr8","id":"ktwmk0kgljdgbr8"},"id":"m7gzmusy4512fhv","previousOperationId":"yykoqfua117y3af"}
{"type":"operationEnd","subtype":"render","operationId":"nd60unulzzc9onv","timestamp":1675619578334,"id":"avs6r50leyltw71","previousEventId":"15lbfwqbpk4dacs","previousOperationId":"yykoqfua117y3af"}
{"type":"operationEnd","doDiffs":false,"previousEventId":"d8rx8umhh4z13ky","previousOperationId":"jai7gkr53331sta","operationId":"jai7gkr53331sta","timestamp":1675619578348,"id":"v3simpd40m1nzsn"}
