{"type":"operationStart","subtype":"profile","data":{"_id":"PZ47carI0K0RcApK","timestamp":"2023-02-01T17:26:10.538Z","state":"queued","mode":"standard","creationDate":"2023-02-01T17:26:10.540Z","modificationDate":"2023-02-01T17:26:10.540Z","shortid":"-w3Dskd","$entitySet":"profiles"},"doDiffs":false,"timestamp":1675272370539,"id":"dnya5vfqxcy6f3k","previousOperationId":null,"operationId":"oo1kd3cg8w3e9ef"}
{"type":"log","level":"info","message":"Render request 25 queued for execution and waiting for available worker","previousOperationId":"oo1kd3cg8w3e9ef","timestamp":1675272370539,"id":"mxunwt787is6rkz"}
{"type":"operationStart","subtype":"render","name":"orders-main","previousOperationId":"oo1kd3cg8w3e9ef","timestamp":1675272370549,"id":"2o0aou9dfbknz6o","previousEventId":"dnya5vfqxcy6f3k","operationId":"zp070kes4b7ysmj"}
{"type":"log","timestamp":1675272370549,"level":"info","message":"Starting rendering request 25","meta":{"rootId":"la1wmlov9vgskt7","id":"la1wmlov9vgskt7"},"id":"362sg6774pakcrs","previousOperationId":"zp070kes4b7ysmj"}
{"type":"log","timestamp":1675272370549,"level":"info","message":"Rendering template { name: orders-main, recipe: chrome-pdf, engine: handlebars, preview: true }","meta":{"rootId":"la1wmlov9vgskt7","id":"la1wmlov9vgskt7"},"id":"nohkeje1lrdr0wv","previousOperationId":"zp070kes4b7ysmj"}
{"type":"log","timestamp":1675272370550,"level":"debug","message":"Data item not defined for this template.","meta":{"rootId":"la1wmlov9vgskt7","id":"la1wmlov9vgskt7"},"id":"1m9t7v8rpya705f","previousOperationId":"zp070kes4b7ysmj"}
{"type":"log","timestamp":1675272370553,"level":"debug","message":"Executing script orders-script (beforeRender)","meta":{"rootId":"la1wmlov9vgskt7","id":"la1wmlov9vgskt7"},"id":"0wpx3lra18862hy","previousOperationId":"zp070kes4b7ysmj"}
{"type":"operationStart","subtype":"scriptsBeforeRender","name":"scripts beforeRender","timestamp":1675272370581,"id":"m6b477yqalnqw1n","previousEventId":"2o0aou9dfbknz6o","operationId":"pzzemnap3snrz0z","previousOperationId":"zp070kes4b7ysmj"}
{"type":"operationStart","subtype":"script","name":"scripts orders-script","previousOperationId":"pzzemnap3snrz0z","timestamp":1675272370581,"id":"wysw5neuroof0qp","previousEventId":"m6b477yqalnqw1n","operationId":"oj32wi3yxr6f1xh"}
{"type":"log","timestamp":1675272370581,"level":"debug","message":"(console:log) AAAAAAAAAAAAAAAAAAAAAAA  undefined","meta":{"userLevel":true,"rootId":"la1wmlov9vgskt7","id":"la1wmlov9vgskt7"},"id":"7v0gf64aa9rbvmy","previousOperationId":"oj32wi3yxr6f1xh"}
{"type":"log","timestamp":1675272370778,"level":"debug","message":"(console:log) {\n  id: 1,\n  name: 'Antonio',\n  description: 'Aclamado director de la Orquesta Filarmónica de Gran Canaria'\n}","meta":{"userLevel":true,"rootId":"la1wmlov9vgskt7","id":"la1wmlov9vgskt7"},"id":"g5rs9lecharp11q","previousOperationId":"oj32wi3yxr6f1xh"}
{"type":"operationEnd","operationId":"oj32wi3yxr6f1xh","timestamp":1675272370778,"id":"lwwb7s4652su64d","previousEventId":"2o0aou9dfbknz6o","previousOperationId":"zp070kes4b7ysmj"}
{"type":"operationEnd","operationId":"pzzemnap3snrz0z","timestamp":1675272370778,"id":"o6gjlxgowuvon3b","previousEventId":"lwwb7s4652su64d","previousOperationId":"zp070kes4b7ysmj"}
{"type":"log","timestamp":1675272370778,"level":"debug","message":"Base url not specified, skipping its injection.","meta":{"rootId":"la1wmlov9vgskt7","id":"la1wmlov9vgskt7"},"id":"cxeimgny1rt2gu2","previousOperationId":"pzzemnap3snrz0z"}
{"type":"operationStart","subtype":"engine","name":"handlebars","timestamp":1675272370779,"id":"pu5dl256oamwtvy","previousEventId":"o6gjlxgowuvon3b","operationId":"k92sh9ea7qvwxv3","previousOperationId":"pzzemnap3snrz0z"}
{"type":"log","timestamp":1675272370779,"level":"debug","message":"Rendering engine handlebars","meta":{"rootId":"la1wmlov9vgskt7","id":"la1wmlov9vgskt7"},"id":"7744f917c7dok5x","previousOperationId":"k92sh9ea7qvwxv3"}
{"type":"operationEnd","operationId":"k92sh9ea7qvwxv3","timestamp":1675272370789,"id":"rr0ypzlyahfaojw","previousEventId":"pu5dl256oamwtvy","previousOperationId":"k92sh9ea7qvwxv3"}
{"type":"operationStart","subtype":"recipe","name":"chrome-pdf","timestamp":1675272370789,"id":"dkb1snl1s62i3cr","previousEventId":"rr0ypzlyahfaojw","operationId":"gv48odwcmrehjd9","previousOperationId":"k92sh9ea7qvwxv3"}
{"type":"log","timestamp":1675272370789,"level":"debug","message":"Executing recipe chrome-pdf","meta":{"rootId":"la1wmlov9vgskt7","id":"la1wmlov9vgskt7"},"id":"2yjsfjli5rnuimv","previousOperationId":"gv48odwcmrehjd9"}
{"type":"log","timestamp":1675272370793,"level":"debug","message":"Converting with chrome HeadlessChrome/105.0.5173.0 using chrome-pool strategy","meta":{"rootId":"la1wmlov9vgskt7","id":"la1wmlov9vgskt7"},"id":"j5210wvkat8rxc0","previousOperationId":"gv48odwcmrehjd9"}
{"type":"log","timestamp":1675272370881,"level":"debug","message":"Page request: GET (document) file:///C:/Users/pollo/AppData/Local/Temp/jsreport/autocleanup/a048bb84-7e6a-441d-9bf9-61836613dd4c-chrome-pdf.html","meta":{"rootId":"la1wmlov9vgskt7","id":"la1wmlov9vgskt7"},"id":"6unnohlqnr0sz9u","previousOperationId":"gv48odwcmrehjd9"}
{"type":"log","timestamp":1675272370892,"level":"debug","message":"Page request finished: GET (document) 200 file:///C:/Users/pollo/AppData/Local/Temp/jsreport/autocleanup/a048bb84-7e6a-441d-9bf9-61836613dd4c-chrome-pdf.html","meta":{"rootId":"la1wmlov9vgskt7","id":"la1wmlov9vgskt7"},"id":"g62ql89om3vf1ym","previousOperationId":"gv48odwcmrehjd9"}
{"type":"log","timestamp":1675272370892,"level":"debug","message":"Page request: GET (stylesheet) https://cdnjs.cloudflare.com/ajax/libs/metro/4.1.5/css/metro.min.css","meta":{"rootId":"la1wmlov9vgskt7","id":"la1wmlov9vgskt7"},"id":"sf5ox33r2980hy5","previousOperationId":"gv48odwcmrehjd9"}
{"type":"log","timestamp":1675272370892,"level":"debug","message":"Page request: GET (script) https://cdnjs.cloudflare.com/ajax/libs/Chart.js/2.7.2/Chart.min.js","meta":{"rootId":"la1wmlov9vgskt7","id":"la1wmlov9vgskt7"},"id":"lzgnpivap3k42xx","previousOperationId":"gv48odwcmrehjd9"}
{"type":"log","timestamp":1675272370898,"level":"debug","message":"Page request finished: GET (script) 200 https://cdnjs.cloudflare.com/ajax/libs/Chart.js/2.7.2/Chart.min.js","meta":{"rootId":"la1wmlov9vgskt7","id":"la1wmlov9vgskt7"},"id":"e40mgoawv2f15dx","previousOperationId":"gv48odwcmrehjd9"}
{"type":"log","timestamp":1675272370918,"level":"debug","message":"Page request finished: GET (stylesheet) 200 https://cdnjs.cloudflare.com/ajax/libs/metro/4.1.5/css/metro.min.css","meta":{"rootId":"la1wmlov9vgskt7","id":"la1wmlov9vgskt7"},"id":"x90c2nh9zdqzglu","previousOperationId":"gv48odwcmrehjd9"}
{"type":"log","timestamp":1675272370930,"level":"debug","message":"Running chrome with params {\"printBackground\":true,\"marginTop\":\"4cm\",\"marginRight\":\"1.5cm\",\"marginBottom\":\"1.5cm\",\"marginLeft\":\"1.5cm\",\"waitForJS\":false,\"timeout\":59746,\"margin\":{\"top\":\"4cm\",\"right\":\"1.5cm\",\"bottom\":\"1.5cm\",\"left\":\"1.5cm\"}}","meta":{"rootId":"la1wmlov9vgskt7","id":"la1wmlov9vgskt7"},"id":"3vh8kzjl0yq5jca","previousOperationId":"gv48odwcmrehjd9"}
{"type":"operationEnd","operationId":"gv48odwcmrehjd9","timestamp":1675272370962,"id":"m4kwffsicphu6qn","previousEventId":"dkb1snl1s62i3cr","previousOperationId":"gv48odwcmrehjd9"}
{"type":"log","timestamp":1675272370963,"level":"info","message":"pdf-utils is starting pdf processing","meta":{"rootId":"la1wmlov9vgskt7","id":"la1wmlov9vgskt7"},"id":"voj9ufea0l9g8vw","previousOperationId":"gv48odwcmrehjd9"}
{"type":"operationStart","subtype":"pdfUtils","name":"pdf utils","timestamp":1675272370963,"id":"6itnopht6dgvc9e","previousEventId":"m4kwffsicphu6qn","operationId":"xho0kjksn0y9k8m","previousOperationId":"gv48odwcmrehjd9"}
{"type":"log","timestamp":1675272370963,"level":"debug","message":"pdf-utils detected 1 pdf operation(s) to process","meta":{"rootId":"la1wmlov9vgskt7","id":"la1wmlov9vgskt7"},"id":"ci2bhieye4o3u81","previousOperationId":"xho0kjksn0y9k8m"}
{"type":"log","timestamp":1675272370970,"level":"debug","message":"pdf-utils running pdf operation merge","meta":{"rootId":"la1wmlov9vgskt7","id":"la1wmlov9vgskt7"},"id":"jkfgjy9iv16y2li","previousOperationId":"xho0kjksn0y9k8m"}
{"type":"operationStart","subtype":"pdfUtilsMerge","name":"pdf utils merge","previousOperationId":"xho0kjksn0y9k8m","timestamp":1675272370971,"id":"7tf4linzwryo31h","previousEventId":"6itnopht6dgvc9e","operationId":"pdvrx8w3jdkaga4"}
{"type":"operationStart","subtype":"render","name":"orders-header","previousOperationId":"pdvrx8w3jdkaga4","timestamp":1675272370972,"id":"gsagbwicqt0l6gd","previousEventId":"7tf4linzwryo31h","operationId":"ogs37h5xnby9bt8"}
{"type":"log","timestamp":1675272370973,"level":"info","message":"Starting rendering (child) request","meta":{"rootId":"la1wmlov9vgskt7","id":"l80wb8e7q7fucg3"},"id":"27rgtagckfylbu8","previousOperationId":"ogs37h5xnby9bt8"}
{"type":"log","timestamp":1675272370973,"level":"info","message":"Rendering template { name: orders-header, recipe: chrome-pdf, engine: handlebars, preview: true }","meta":{"rootId":"la1wmlov9vgskt7","id":"l80wb8e7q7fucg3"},"id":"k3hb7gn9klnht7u","previousOperationId":"ogs37h5xnby9bt8"}
{"type":"log","timestamp":1675272370977,"level":"debug","message":"Inline data specified.","meta":{"rootId":"la1wmlov9vgskt7","id":"l80wb8e7q7fucg3"},"id":"t87lju87pfnp6jy","previousOperationId":"ogs37h5xnby9bt8"}
{"type":"log","timestamp":1675272370981,"level":"debug","message":"Base url not specified, skipping its injection.","meta":{"rootId":"la1wmlov9vgskt7","id":"l80wb8e7q7fucg3"},"id":"t8ig2rp8p8uswgx","previousOperationId":"ogs37h5xnby9bt8"}
{"type":"operationStart","subtype":"engine","name":"handlebars","timestamp":1675272370981,"id":"r3k1w41256yzlg5","previousEventId":"gsagbwicqt0l6gd","operationId":"y2osp6jjwqtrpfz","previousOperationId":"ogs37h5xnby9bt8"}
{"type":"log","timestamp":1675272370981,"level":"debug","message":"Rendering engine handlebars","meta":{"rootId":"la1wmlov9vgskt7","id":"l80wb8e7q7fucg3"},"id":"khyg8scwfa6l2p4","previousOperationId":"y2osp6jjwqtrpfz"}
{"type":"operationEnd","operationId":"y2osp6jjwqtrpfz","timestamp":1675272371013,"id":"petllqmpbw1r4gp","previousEventId":"r3k1w41256yzlg5","previousOperationId":"y2osp6jjwqtrpfz"}
{"type":"operationStart","subtype":"recipe","name":"chrome-pdf","timestamp":1675272371013,"id":"vscvgypk33zl7w9","previousEventId":"petllqmpbw1r4gp","operationId":"nq7lxkz1iyimk10","previousOperationId":"y2osp6jjwqtrpfz"}
{"type":"log","timestamp":1675272371013,"level":"debug","message":"Executing recipe chrome-pdf","meta":{"rootId":"la1wmlov9vgskt7","id":"l80wb8e7q7fucg3"},"id":"axtcq3934o88fej","previousOperationId":"nq7lxkz1iyimk10"}
{"type":"log","timestamp":1675272371015,"level":"debug","message":"Converting with chrome HeadlessChrome/105.0.5173.0 using chrome-pool strategy","meta":{"rootId":"la1wmlov9vgskt7","id":"l80wb8e7q7fucg3"},"id":"es3p83rs73jtd8t","previousOperationId":"nq7lxkz1iyimk10"}
{"type":"log","timestamp":1675272371103,"level":"debug","message":"Page request: GET (document) file:///C:/Users/pollo/AppData/Local/Temp/jsreport/autocleanup/574c2a68-2756-473d-8520-052cf729c325-chrome-pdf.html","meta":{"rootId":"la1wmlov9vgskt7","id":"l80wb8e7q7fucg3"},"id":"wja35azqtlwjpkn","previousOperationId":"nq7lxkz1iyimk10"}
{"type":"log","timestamp":1675272371114,"level":"debug","message":"Page request: GET (stylesheet) https://cdnjs.cloudflare.com/ajax/libs/metro/4.1.5/css/metro.min.css","meta":{"rootId":"la1wmlov9vgskt7","id":"l80wb8e7q7fucg3"},"id":"71v7uw0qcrgdrnd","previousOperationId":"nq7lxkz1iyimk10"}
{"type":"log","timestamp":1675272371114,"level":"debug","message":"Page request finished: GET (document) 200 file:///C:/Users/pollo/AppData/Local/Temp/jsreport/autocleanup/574c2a68-2756-473d-8520-052cf729c325-chrome-pdf.html","meta":{"rootId":"la1wmlov9vgskt7","id":"l80wb8e7q7fucg3"},"id":"pgo65hrehmd1wze","previousOperationId":"nq7lxkz1iyimk10"}
{"type":"log","timestamp":1675272371136,"level":"debug","message":"Page request finished: GET (stylesheet) 200 https://cdnjs.cloudflare.com/ajax/libs/metro/4.1.5/css/metro.min.css","meta":{"rootId":"la1wmlov9vgskt7","id":"l80wb8e7q7fucg3"},"id":"cv13wdh8fb0frev","previousOperationId":"nq7lxkz1iyimk10"}
{"type":"log","timestamp":1675272371159,"level":"debug","message":"Running chrome with params {\"printBackground\":true,\"marginTop\":\"1.5cm\",\"marginRight\":\"1.5cm\",\"marginLeft\":\"1.cm\",\"timeout\":59523,\"margin\":{\"top\":\"1.5cm\",\"right\":\"1.5cm\",\"left\":\"1.cm\"}}","meta":{"rootId":"la1wmlov9vgskt7","id":"l80wb8e7q7fucg3"},"id":"c11e4qxa1hpxja5","previousOperationId":"nq7lxkz1iyimk10"}
{"type":"operationEnd","operationId":"nq7lxkz1iyimk10","timestamp":1675272371215,"id":"bng5rudx4cu62a3","previousEventId":"vscvgypk33zl7w9","previousOperationId":"nq7lxkz1iyimk10"}
{"type":"log","timestamp":1675272371215,"level":"debug","message":"Skipping storing report.","meta":{"rootId":"la1wmlov9vgskt7","id":"l80wb8e7q7fucg3"},"id":"qbsxmapd15n1jfw","previousOperationId":"nq7lxkz1iyimk10"}
{"type":"log","timestamp":1675272371216,"level":"info","message":"Rendering (child) request finished in 678 ms","meta":{"rootId":"la1wmlov9vgskt7","id":"l80wb8e7q7fucg3"},"id":"tuh756x9ygr5t5h","previousOperationId":"nq7lxkz1iyimk10"}
{"type":"operationEnd","subtype":"render","operationId":"ogs37h5xnby9bt8","timestamp":1675272371216,"id":"evzhp7mbzjj7e1r","previousEventId":"bng5rudx4cu62a3","previousOperationId":"nq7lxkz1iyimk10"}
{"type":"operationEnd","operationId":"pdvrx8w3jdkaga4","timestamp":1675272371221,"id":"hmx1h2qmz6b7t4s","previousEventId":"7tf4linzwryo31h","previousOperationId":"pdvrx8w3jdkaga4"}
{"type":"log","timestamp":1675272371221,"level":"debug","message":"pdf-utils postproces start","meta":{"rootId":"la1wmlov9vgskt7","id":"la1wmlov9vgskt7"},"id":"y3m2w6rqi5ekb6r","previousOperationId":"pdvrx8w3jdkaga4"}
{"type":"log","timestamp":1675272371226,"level":"debug","message":"pdf-utils postproces end","meta":{"rootId":"la1wmlov9vgskt7","id":"la1wmlov9vgskt7"},"id":"jmvric5n6fmdg6x","previousOperationId":"pdvrx8w3jdkaga4"}
{"type":"operationEnd","operationId":"xho0kjksn0y9k8m","timestamp":1675272371226,"id":"vvkrt2kcj9mzec5","previousEventId":"hmx1h2qmz6b7t4s","previousOperationId":"pdvrx8w3jdkaga4"}
{"type":"log","timestamp":1675272371226,"level":"info","message":"pdf-utils pdf processing was finished","meta":{"rootId":"la1wmlov9vgskt7","id":"la1wmlov9vgskt7"},"id":"1zv8nhdbyc2w1qx","previousOperationId":"xho0kjksn0y9k8m"}
{"type":"log","timestamp":1675272371226,"level":"debug","message":"Skipping storing report.","meta":{"rootId":"la1wmlov9vgskt7","id":"la1wmlov9vgskt7"},"id":"9mbsop5mu4tkikp","previousOperationId":"xho0kjksn0y9k8m"}
{"type":"log","timestamp":1675272371226,"level":"info","message":"Rendering request 25 finished in 688 ms","meta":{"rootId":"la1wmlov9vgskt7","id":"la1wmlov9vgskt7"},"id":"qomsyn4fzvg0b0p","previousOperationId":"xho0kjksn0y9k8m"}
{"type":"operationEnd","subtype":"render","operationId":"zp070kes4b7ysmj","timestamp":1675272371226,"id":"6l7xmqq875llbvo","previousEventId":"vvkrt2kcj9mzec5","previousOperationId":"xho0kjksn0y9k8m"}
{"type":"operationEnd","doDiffs":false,"previousEventId":"dnya5vfqxcy6f3k","previousOperationId":"oo1kd3cg8w3e9ef","operationId":"oo1kd3cg8w3e9ef","timestamp":1675272371232,"id":"jji3w6tddeo5llz"}
