{"type":"operationStart","subtype":"profile","data":{"_id":"yNlR4y7kceUIuqCl","timestamp":"2023-02-03T17:27:00.735Z","state":"queued","mode":"standard","creationDate":"2023-02-03T17:27:00.737Z","modificationDate":"2023-02-03T17:27:00.737Z","shortid":"2lACKbg","$entitySet":"profiles"},"doDiffs":false,"timestamp":1675445220736,"id":"b8p54cwbgfq4rvi","previousOperationId":null,"operationId":"bb0k9456kpordqo"}
{"type":"log","level":"info","message":"Render request 2 queued for execution and waiting for available worker","previousOperationId":"bb0k9456kpordqo","timestamp":1675445220736,"id":"kizqudi5455hjww"}
{"type":"operationStart","subtype":"render","name":"orders-main","previousOperationId":"bb0k9456kpordqo","timestamp":1675445220754,"id":"3rn5jf0ppsjvzxi","previousEventId":"b8p54cwbgfq4rvi","operationId":"f0cene79gtup89x"}
{"type":"log","timestamp":1675445220754,"level":"info","message":"Starting rendering request 2","meta":{"rootId":"lmqhc2n2v4miebm","id":"lmqhc2n2v4miebm"},"id":"omdxlbfyodhumiy","previousOperationId":"f0cene79gtup89x"}
{"type":"log","timestamp":1675445220754,"level":"info","message":"Rendering template { name: orders-main, recipe: chrome-pdf, engine: handlebars, preview: true }","meta":{"rootId":"lmqhc2n2v4miebm","id":"lmqhc2n2v4miebm"},"id":"vhwbhsmd296c8h2","previousOperationId":"f0cene79gtup89x"}
{"type":"log","timestamp":1675445220755,"level":"debug","message":"Data item not defined for this template.","meta":{"rootId":"lmqhc2n2v4miebm","id":"lmqhc2n2v4miebm"},"id":"xm6mrzlmnfiiay4","previousOperationId":"f0cene79gtup89x"}
{"type":"log","timestamp":1675445220761,"level":"debug","message":"Executing script orders-script (beforeRender)","meta":{"rootId":"lmqhc2n2v4miebm","id":"lmqhc2n2v4miebm"},"id":"5e2dyuw89p776g2","previousOperationId":"f0cene79gtup89x"}
{"type":"operationStart","subtype":"scriptsBeforeRender","name":"scripts beforeRender","timestamp":1675445220801,"id":"tjmitygc74oajab","previousEventId":"3rn5jf0ppsjvzxi","operationId":"c39w61zirfpil3d","previousOperationId":"f0cene79gtup89x"}
{"type":"operationStart","subtype":"script","name":"scripts orders-script","previousOperationId":"c39w61zirfpil3d","timestamp":1675445220801,"id":"vi5h6v1v5wh7fxp","previousEventId":"tjmitygc74oajab","operationId":"bo0dzq35g8ada64"}
{"type":"log","timestamp":1675445221065,"level":"debug","message":"(console:log) Antonio","meta":{"userLevel":true,"rootId":"lmqhc2n2v4miebm","id":"lmqhc2n2v4miebm"},"id":"ykkk47wnhqfw96r","previousOperationId":"bo0dzq35g8ada64"}
{"type":"operationEnd","operationId":"bo0dzq35g8ada64","timestamp":1675445221066,"id":"z6zrul2kor4703t","previousEventId":"3rn5jf0ppsjvzxi","previousOperationId":"f0cene79gtup89x"}
{"type":"operationEnd","operationId":"c39w61zirfpil3d","timestamp":1675445221066,"id":"xt0bj02vk7amxk3","previousEventId":"z6zrul2kor4703t","previousOperationId":"f0cene79gtup89x"}
{"type":"log","timestamp":1675445221066,"level":"debug","message":"Base url not specified, skipping its injection.","meta":{"rootId":"lmqhc2n2v4miebm","id":"lmqhc2n2v4miebm"},"id":"ouepmy01494wqhd","previousOperationId":"c39w61zirfpil3d"}
{"type":"operationStart","subtype":"engine","name":"handlebars","timestamp":1675445221066,"id":"jfg6zu3lcmtto01","previousEventId":"xt0bj02vk7amxk3","operationId":"q9hbjpmmjkuv8ct","previousOperationId":"c39w61zirfpil3d"}
{"type":"log","timestamp":1675445221066,"level":"debug","message":"Rendering engine handlebars","meta":{"rootId":"lmqhc2n2v4miebm","id":"lmqhc2n2v4miebm"},"id":"w849fnnjycmgyaw","previousOperationId":"q9hbjpmmjkuv8ct"}
{"type":"operationEnd","operationId":"q9hbjpmmjkuv8ct","timestamp":1675445221077,"id":"i5t9y9g3pmdq79s","previousEventId":"jfg6zu3lcmtto01","previousOperationId":"q9hbjpmmjkuv8ct"}
{"type":"operationStart","subtype":"recipe","name":"chrome-pdf","timestamp":1675445221077,"id":"u1fshimri073627","previousEventId":"i5t9y9g3pmdq79s","operationId":"vy90kwxjb38jmij","previousOperationId":"q9hbjpmmjkuv8ct"}
{"type":"log","timestamp":1675445221078,"level":"debug","message":"Executing recipe chrome-pdf","meta":{"rootId":"lmqhc2n2v4miebm","id":"lmqhc2n2v4miebm"},"id":"l23k9l4r7ojnm27","previousOperationId":"vy90kwxjb38jmij"}
{"type":"log","timestamp":1675445221080,"level":"debug","message":"Converting with chrome HeadlessChrome/105.0.5173.0 using chrome-pool strategy","meta":{"rootId":"lmqhc2n2v4miebm","id":"lmqhc2n2v4miebm"},"id":"tcrhghpbm1x178j","previousOperationId":"vy90kwxjb38jmij"}
{"type":"log","timestamp":1675445221185,"level":"debug","message":"Page request: GET (document) file:///C:/Users/pollo/AppData/Local/Temp/jsreport/autocleanup/a640c7f4-28d2-40cf-a859-0eda2041dad4-chrome-pdf.html","meta":{"rootId":"lmqhc2n2v4miebm","id":"lmqhc2n2v4miebm"},"id":"5t78l8910mjsdud","previousOperationId":"vy90kwxjb38jmij"}
{"type":"log","timestamp":1675445221203,"level":"debug","message":"Page request finished: GET (document) 200 file:///C:/Users/pollo/AppData/Local/Temp/jsreport/autocleanup/a640c7f4-28d2-40cf-a859-0eda2041dad4-chrome-pdf.html","meta":{"rootId":"lmqhc2n2v4miebm","id":"lmqhc2n2v4miebm"},"id":"qlagjwg0g74mzcw","previousOperationId":"vy90kwxjb38jmij"}
{"type":"log","timestamp":1675445221203,"level":"debug","message":"Page request: GET (stylesheet) https://cdnjs.cloudflare.com/ajax/libs/metro/4.1.5/css/metro.min.css","meta":{"rootId":"lmqhc2n2v4miebm","id":"lmqhc2n2v4miebm"},"id":"brqv5ca70mv34sg","previousOperationId":"vy90kwxjb38jmij"}
{"type":"log","timestamp":1675445221203,"level":"debug","message":"Page request: GET (script) https://cdnjs.cloudflare.com/ajax/libs/Chart.js/2.7.2/Chart.min.js","meta":{"rootId":"lmqhc2n2v4miebm","id":"lmqhc2n2v4miebm"},"id":"2uktr5r49z94fle","previousOperationId":"vy90kwxjb38jmij"}
{"type":"log","timestamp":1675445221228,"level":"debug","message":"Page request finished: GET (stylesheet) 200 https://cdnjs.cloudflare.com/ajax/libs/metro/4.1.5/css/metro.min.css","meta":{"rootId":"lmqhc2n2v4miebm","id":"lmqhc2n2v4miebm"},"id":"g4j6rd9u36b5f85","previousOperationId":"vy90kwxjb38jmij"}
{"type":"log","timestamp":1675445221228,"level":"debug","message":"Page request finished: GET (script) 200 https://cdnjs.cloudflare.com/ajax/libs/Chart.js/2.7.2/Chart.min.js","meta":{"rootId":"lmqhc2n2v4miebm","id":"lmqhc2n2v4miebm"},"id":"fpfkpsgge1b9ce0","previousOperationId":"vy90kwxjb38jmij"}
{"type":"log","timestamp":1675445221264,"level":"debug","message":"Running chrome with params {\"printBackground\":true,\"marginTop\":\"4cm\",\"marginRight\":\"1.5cm\",\"marginBottom\":\"1.5cm\",\"marginLeft\":\"1.5cm\",\"waitForJS\":false,\"timeout\":59656,\"margin\":{\"top\":\"4cm\",\"right\":\"1.5cm\",\"bottom\":\"1.5cm\",\"left\":\"1.5cm\"}}","meta":{"rootId":"lmqhc2n2v4miebm","id":"lmqhc2n2v4miebm"},"id":"dfgp4204i7y6ojj","previousOperationId":"vy90kwxjb38jmij"}
{"type":"operationEnd","operationId":"vy90kwxjb38jmij","timestamp":1675445221319,"id":"3f0qrjojdt748h2","previousEventId":"u1fshimri073627","previousOperationId":"vy90kwxjb38jmij"}
{"type":"log","timestamp":1675445221319,"level":"info","message":"pdf-utils is starting pdf processing","meta":{"rootId":"lmqhc2n2v4miebm","id":"lmqhc2n2v4miebm"},"id":"5n7almkq6ff1mqu","previousOperationId":"vy90kwxjb38jmij"}
{"type":"operationStart","subtype":"pdfUtils","name":"pdf utils","timestamp":1675445221319,"id":"5gdlrpq8ivwe17w","previousEventId":"3f0qrjojdt748h2","operationId":"5btr6owolhnpukt","previousOperationId":"vy90kwxjb38jmij"}
{"type":"log","timestamp":1675445221319,"level":"debug","message":"pdf-utils detected 1 pdf operation(s) to process","meta":{"rootId":"lmqhc2n2v4miebm","id":"lmqhc2n2v4miebm"},"id":"rmk8xza7f5fp37d","previousOperationId":"5btr6owolhnpukt"}
{"type":"log","timestamp":1675445221354,"level":"debug","message":"pdf-utils running pdf operation merge","meta":{"rootId":"lmqhc2n2v4miebm","id":"lmqhc2n2v4miebm"},"id":"kjstrddzeksb6j8","previousOperationId":"5btr6owolhnpukt"}
{"type":"operationStart","subtype":"pdfUtilsMerge","name":"pdf utils merge","previousOperationId":"5btr6owolhnpukt","timestamp":1675445221354,"id":"gy6qjlurbdhvble","previousEventId":"5gdlrpq8ivwe17w","operationId":"5i55tzb2xr8wa3n"}
{"type":"operationStart","subtype":"render","name":"orders-header","previousOperationId":"5i55tzb2xr8wa3n","timestamp":1675445221356,"id":"l81hkzjelfrg873","previousEventId":"gy6qjlurbdhvble","operationId":"7oxodt2dce4jzde"}
{"type":"log","timestamp":1675445221356,"level":"info","message":"Starting rendering (child) request","meta":{"rootId":"lmqhc2n2v4miebm","id":"l85iiz6g4h56g6e"},"id":"w06yhlvhq3vj5qc","previousOperationId":"7oxodt2dce4jzde"}
{"type":"log","timestamp":1675445221356,"level":"info","message":"Rendering template { name: orders-header, recipe: chrome-pdf, engine: handlebars, preview: true }","meta":{"rootId":"lmqhc2n2v4miebm","id":"l85iiz6g4h56g6e"},"id":"79zqy7rzgmxv5ev","previousOperationId":"7oxodt2dce4jzde"}
{"type":"log","timestamp":1675445221358,"level":"debug","message":"Inline data specified.","meta":{"rootId":"lmqhc2n2v4miebm","id":"l85iiz6g4h56g6e"},"id":"4nzrjcl7jmuxr5r","previousOperationId":"7oxodt2dce4jzde"}
{"type":"log","timestamp":1675445221361,"level":"debug","message":"Base url not specified, skipping its injection.","meta":{"rootId":"lmqhc2n2v4miebm","id":"l85iiz6g4h56g6e"},"id":"cxha90kjt261ek0","previousOperationId":"7oxodt2dce4jzde"}
{"type":"operationStart","subtype":"engine","name":"handlebars","timestamp":1675445221361,"id":"3lp4ks8l37myk5b","previousEventId":"l81hkzjelfrg873","operationId":"vobk0pvcsjnokt1","previousOperationId":"7oxodt2dce4jzde"}
{"type":"log","timestamp":1675445221361,"level":"debug","message":"Rendering engine handlebars","meta":{"rootId":"lmqhc2n2v4miebm","id":"l85iiz6g4h56g6e"},"id":"a6g2us4tdqxt7xf","previousOperationId":"vobk0pvcsjnokt1"}
{"type":"operationEnd","operationId":"vobk0pvcsjnokt1","timestamp":1675445221381,"id":"hm7huipthe8li0q","previousEventId":"3lp4ks8l37myk5b","previousOperationId":"vobk0pvcsjnokt1"}
{"type":"operationStart","subtype":"recipe","name":"chrome-pdf","timestamp":1675445221382,"id":"2089phszrhg9c89","previousEventId":"hm7huipthe8li0q","operationId":"ks3ynzefxgk3voi","previousOperationId":"vobk0pvcsjnokt1"}
{"type":"log","timestamp":1675445221382,"level":"debug","message":"Executing recipe chrome-pdf","meta":{"rootId":"lmqhc2n2v4miebm","id":"l85iiz6g4h56g6e"},"id":"y0sl7o57c8hyvyk","previousOperationId":"ks3ynzefxgk3voi"}
{"type":"log","timestamp":1675445221385,"level":"debug","message":"Converting with chrome HeadlessChrome/105.0.5173.0 using chrome-pool strategy","meta":{"rootId":"lmqhc2n2v4miebm","id":"l85iiz6g4h56g6e"},"id":"kqaeryufw7vylp8","previousOperationId":"ks3ynzefxgk3voi"}
{"type":"log","timestamp":1675445221495,"level":"debug","message":"Page request: GET (document) file:///C:/Users/pollo/AppData/Local/Temp/jsreport/autocleanup/57f67a45-d518-4d54-8368-026e1e1a5f74-chrome-pdf.html","meta":{"rootId":"lmqhc2n2v4miebm","id":"l85iiz6g4h56g6e"},"id":"g5oq9gjm3q2201m","previousOperationId":"ks3ynzefxgk3voi"}
{"type":"log","timestamp":1675445221508,"level":"debug","message":"Page request finished: GET (document) 200 file:///C:/Users/pollo/AppData/Local/Temp/jsreport/autocleanup/57f67a45-d518-4d54-8368-026e1e1a5f74-chrome-pdf.html","meta":{"rootId":"lmqhc2n2v4miebm","id":"l85iiz6g4h56g6e"},"id":"kvzi4r09kd50hfu","previousOperationId":"ks3ynzefxgk3voi"}
{"type":"log","timestamp":1675445221508,"level":"debug","message":"Page request: GET (stylesheet) https://cdnjs.cloudflare.com/ajax/libs/metro/4.1.5/css/metro.min.css","meta":{"rootId":"lmqhc2n2v4miebm","id":"l85iiz6g4h56g6e"},"id":"j3b7lyo81eyz4oa","previousOperationId":"ks3ynzefxgk3voi"}
{"type":"log","timestamp":1675445221531,"level":"debug","message":"Page request finished: GET (stylesheet) 200 https://cdnjs.cloudflare.com/ajax/libs/metro/4.1.5/css/metro.min.css","meta":{"rootId":"lmqhc2n2v4miebm","id":"l85iiz6g4h56g6e"},"id":"fdn1cltn21aatu5","previousOperationId":"ks3ynzefxgk3voi"}
{"type":"log","timestamp":1675445221554,"level":"debug","message":"Running chrome with params {\"printBackground\":true,\"marginTop\":\"1.5cm\",\"marginRight\":\"1.5cm\",\"marginLeft\":\"1.cm\",\"timeout\":59352,\"margin\":{\"top\":\"1.5cm\",\"right\":\"1.5cm\",\"left\":\"1.cm\"}}","meta":{"rootId":"lmqhc2n2v4miebm","id":"l85iiz6g4h56g6e"},"id":"jqtarvs5v3l6b7t","previousOperationId":"ks3ynzefxgk3voi"}
{"type":"operationEnd","operationId":"ks3ynzefxgk3voi","timestamp":1675445221614,"id":"3pcropzypf72smv","previousEventId":"2089phszrhg9c89","previousOperationId":"ks3ynzefxgk3voi"}
{"type":"log","timestamp":1675445221614,"level":"debug","message":"Skipping storing report.","meta":{"rootId":"lmqhc2n2v4miebm","id":"l85iiz6g4h56g6e"},"id":"h79ctp2ijak3p4z","previousOperationId":"ks3ynzefxgk3voi"}
{"type":"log","timestamp":1675445221614,"level":"info","message":"Rendering (child) request finished in 879 ms","meta":{"rootId":"lmqhc2n2v4miebm","id":"l85iiz6g4h56g6e"},"id":"jkp8dkpo3hrepxd","previousOperationId":"ks3ynzefxgk3voi"}
{"type":"operationEnd","subtype":"render","operationId":"7oxodt2dce4jzde","timestamp":1675445221614,"id":"2cbrhu6mpof1tco","previousEventId":"3pcropzypf72smv","previousOperationId":"ks3ynzefxgk3voi"}
{"type":"operationEnd","operationId":"5i55tzb2xr8wa3n","timestamp":1675445221621,"id":"pvf7322h0dngquy","previousEventId":"gy6qjlurbdhvble","previousOperationId":"5i55tzb2xr8wa3n"}
{"type":"log","timestamp":1675445221621,"level":"debug","message":"pdf-utils postproces start","meta":{"rootId":"lmqhc2n2v4miebm","id":"lmqhc2n2v4miebm"},"id":"t9k0mffl7y57xa5","previousOperationId":"5i55tzb2xr8wa3n"}
{"type":"log","timestamp":1675445221633,"level":"debug","message":"pdf-utils postproces end","meta":{"rootId":"lmqhc2n2v4miebm","id":"lmqhc2n2v4miebm"},"id":"gwt5mwstavcm7lz","previousOperationId":"5i55tzb2xr8wa3n"}
{"type":"operationEnd","operationId":"5btr6owolhnpukt","timestamp":1675445221633,"id":"p8wbl1id7zwu6cc","previousEventId":"pvf7322h0dngquy","previousOperationId":"5i55tzb2xr8wa3n"}
{"type":"log","timestamp":1675445221633,"level":"info","message":"pdf-utils pdf processing was finished","meta":{"rootId":"lmqhc2n2v4miebm","id":"lmqhc2n2v4miebm"},"id":"7qh5vvr01q2pwl7","previousOperationId":"5btr6owolhnpukt"}
{"type":"log","timestamp":1675445221633,"level":"debug","message":"Skipping storing report.","meta":{"rootId":"lmqhc2n2v4miebm","id":"lmqhc2n2v4miebm"},"id":"jvukidk4z2gzhkx","previousOperationId":"5btr6owolhnpukt"}
{"type":"log","timestamp":1675445221633,"level":"info","message":"Rendering request 2 finished in 898 ms","meta":{"rootId":"lmqhc2n2v4miebm","id":"lmqhc2n2v4miebm"},"id":"s7quscffgqoubx9","previousOperationId":"5btr6owolhnpukt"}
{"type":"operationEnd","subtype":"render","operationId":"f0cene79gtup89x","timestamp":1675445221633,"id":"cw3bi9icl3htebt","previousEventId":"p8wbl1id7zwu6cc","previousOperationId":"5btr6owolhnpukt"}
{"type":"operationEnd","doDiffs":false,"previousEventId":"b8p54cwbgfq4rvi","previousOperationId":"bb0k9456kpordqo","operationId":"bb0k9456kpordqo","timestamp":1675445221646,"id":"3ssscloyqwrofjj"}
