{"type":"operationStart","subtype":"profile","data":{"_id":"0yvZyRW9qpJAiJVy","timestamp":"2023-02-05T17:33:33.047Z","state":"queued","mode":"standard","creationDate":"2023-02-05T17:33:33.049Z","modificationDate":"2023-02-05T17:33:33.049Z","shortid":"rWME6IR","$entitySet":"profiles"},"doDiffs":false,"timestamp":1675618413048,"id":"et0cwtqw9bchrew","previousOperationId":null,"operationId":"a6axww5308o5lvg"}
{"type":"log","level":"info","message":"Render request 7 queued for execution and waiting for available worker","previousOperationId":"a6axww5308o5lvg","timestamp":1675618413049,"id":"ae1l60xcbffz3pa"}
{"type":"operationStart","subtype":"render","name":"orders-main","previousOperationId":"a6axww5308o5lvg","timestamp":1675618413058,"id":"hwlkmguzqstlzqo","previousEventId":"et0cwtqw9bchrew","operationId":"9ialbraf9cp9f8o"}
{"type":"log","timestamp":1675618413058,"level":"info","message":"Starting rendering request 7","meta":{"rootId":"m8drpyyjn425kp8","id":"m8drpyyjn425kp8"},"id":"nun5qwae9a2c2ph","previousOperationId":"9ialbraf9cp9f8o"}
{"type":"log","timestamp":1675618413059,"level":"info","message":"Rendering template { name: orders-main, recipe: chrome-pdf, engine: handlebars, preview: true }","meta":{"rootId":"m8drpyyjn425kp8","id":"m8drpyyjn425kp8"},"id":"4qzbs23mz74jlbj","previousOperationId":"9ialbraf9cp9f8o"}
{"type":"log","timestamp":1675618413059,"level":"debug","message":"Data item not defined for this template.","meta":{"rootId":"m8drpyyjn425kp8","id":"m8drpyyjn425kp8"},"id":"bbnrazs7h57lecs","previousOperationId":"9ialbraf9cp9f8o"}
{"type":"log","timestamp":1675618413061,"level":"debug","message":"Executing script orders-script (beforeRender)","meta":{"rootId":"m8drpyyjn425kp8","id":"m8drpyyjn425kp8"},"id":"4g88ajuoq757nu6","previousOperationId":"9ialbraf9cp9f8o"}
{"type":"operationStart","subtype":"scriptsBeforeRender","name":"scripts beforeRender","timestamp":1675618413107,"id":"vlrk3utfv0z30tt","previousEventId":"hwlkmguzqstlzqo","operationId":"e7kf87mjxv6lwoa","previousOperationId":"9ialbraf9cp9f8o"}
{"type":"operationStart","subtype":"script","name":"scripts orders-script","previousOperationId":"e7kf87mjxv6lwoa","timestamp":1675618413107,"id":"e17fsihok3bhjbo","previousEventId":"vlrk3utfv0z30tt","operationId":"yj9b25jfxbgyg3o"}
{"type":"log","timestamp":1675618413357,"level":"debug","message":"(console:log) {\n  data: [\n    {\n      id: 1,\n      name: 'Antonio',\n      description: 'Aclamado director de la Orquesta Filarmónica de Gran Canaria',\n      pieces: [Array],\n      count: 2\n    },\n    {\n      id: 3,\n      name: 'Juana de Armas',\n      description: 'Aclamada directora de la Orquesta Filarmónica de Gran Canaria',\n      pieces: [Array],\n      count: 4\n    }\n  ]\n}","meta":{"userLevel":true,"rootId":"m8drpyyjn425kp8","id":"m8drpyyjn425kp8"},"id":"57ilqo0jv0bd4yg","previousOperationId":"yj9b25jfxbgyg3o"}
{"type":"operationEnd","operationId":"yj9b25jfxbgyg3o","timestamp":1675618413357,"id":"9l18fpplbtzt7ww","previousEventId":"hwlkmguzqstlzqo","previousOperationId":"9ialbraf9cp9f8o"}
{"type":"operationEnd","operationId":"e7kf87mjxv6lwoa","timestamp":1675618413357,"id":"gr5kyxfcjbbb9fk","previousEventId":"9l18fpplbtzt7ww","previousOperationId":"9ialbraf9cp9f8o"}
{"type":"log","timestamp":1675618413357,"level":"debug","message":"Base url not specified, skipping its injection.","meta":{"rootId":"m8drpyyjn425kp8","id":"m8drpyyjn425kp8"},"id":"yr0u4foi97sq265","previousOperationId":"e7kf87mjxv6lwoa"}
{"type":"operationStart","subtype":"engine","name":"handlebars","timestamp":1675618413358,"id":"mme2z8tjgicdqf8","previousEventId":"gr5kyxfcjbbb9fk","operationId":"zl67n01vurpys33","previousOperationId":"e7kf87mjxv6lwoa"}
{"type":"log","timestamp":1675618413358,"level":"debug","message":"Rendering engine handlebars","meta":{"rootId":"m8drpyyjn425kp8","id":"m8drpyyjn425kp8"},"id":"g3oyzb8dfrtzhrb","previousOperationId":"zl67n01vurpys33"}
{"type":"operationEnd","operationId":"zl67n01vurpys33","timestamp":1675618413373,"id":"d8gxtcyzs1qrpxu","previousEventId":"mme2z8tjgicdqf8","previousOperationId":"zl67n01vurpys33"}
{"type":"operationStart","subtype":"recipe","name":"chrome-pdf","timestamp":1675618413374,"id":"1tetnd3j29uesad","previousEventId":"d8gxtcyzs1qrpxu","operationId":"ld86s6mr9ffwgtx","previousOperationId":"zl67n01vurpys33"}
{"type":"log","timestamp":1675618413374,"level":"debug","message":"Executing recipe chrome-pdf","meta":{"rootId":"m8drpyyjn425kp8","id":"m8drpyyjn425kp8"},"id":"9x9bkugn7l28seb","previousOperationId":"ld86s6mr9ffwgtx"}
{"type":"log","timestamp":1675618413376,"level":"debug","message":"Converting with chrome HeadlessChrome/105.0.5173.0 using chrome-pool strategy","meta":{"rootId":"m8drpyyjn425kp8","id":"m8drpyyjn425kp8"},"id":"v6st9w9rfzgjm44","previousOperationId":"ld86s6mr9ffwgtx"}
{"type":"log","timestamp":1675618413484,"level":"debug","message":"Page request: GET (document) file:///C:/Users/pollo/AppData/Local/Temp/jsreport/autocleanup/89634e3f-746b-445d-9bb1-a93d69149207-chrome-pdf.html","meta":{"rootId":"m8drpyyjn425kp8","id":"m8drpyyjn425kp8"},"id":"c0coornsrf7nh7z","previousOperationId":"ld86s6mr9ffwgtx"}
{"type":"log","timestamp":1675618413504,"level":"debug","message":"Page request finished: GET (document) 200 file:///C:/Users/pollo/AppData/Local/Temp/jsreport/autocleanup/89634e3f-746b-445d-9bb1-a93d69149207-chrome-pdf.html","meta":{"rootId":"m8drpyyjn425kp8","id":"m8drpyyjn425kp8"},"id":"ay1xdyjvvna1642","previousOperationId":"ld86s6mr9ffwgtx"}
{"type":"log","timestamp":1675618413505,"level":"debug","message":"Page request: GET (stylesheet) https://cdnjs.cloudflare.com/ajax/libs/metro/4.1.5/css/metro.min.css","meta":{"rootId":"m8drpyyjn425kp8","id":"m8drpyyjn425kp8"},"id":"wjkhwgow2nimdu8","previousOperationId":"ld86s6mr9ffwgtx"}
{"type":"log","timestamp":1675618413506,"level":"debug","message":"Page request: GET (script) https://cdnjs.cloudflare.com/ajax/libs/Chart.js/2.7.2/Chart.min.js","meta":{"rootId":"m8drpyyjn425kp8","id":"m8drpyyjn425kp8"},"id":"cn0fu6dlqx6r0un","previousOperationId":"ld86s6mr9ffwgtx"}
{"type":"log","timestamp":1675618413516,"level":"debug","message":"Page request finished: GET (script) 200 https://cdnjs.cloudflare.com/ajax/libs/Chart.js/2.7.2/Chart.min.js","meta":{"rootId":"m8drpyyjn425kp8","id":"m8drpyyjn425kp8"},"id":"7qztojbr8zgrhyz","previousOperationId":"ld86s6mr9ffwgtx"}
{"type":"log","timestamp":1675618413533,"level":"debug","message":"Page request finished: GET (stylesheet) 200 https://cdnjs.cloudflare.com/ajax/libs/metro/4.1.5/css/metro.min.css","meta":{"rootId":"m8drpyyjn425kp8","id":"m8drpyyjn425kp8"},"id":"a7zxjfoscg77znr","previousOperationId":"ld86s6mr9ffwgtx"}
{"type":"log","timestamp":1675618413566,"level":"debug","message":"Running chrome with params {\"printBackground\":true,\"marginTop\":\"4cm\",\"marginRight\":\"1.5cm\",\"marginBottom\":\"1.5cm\",\"marginLeft\":\"1.5cm\",\"waitForJS\":false,\"timeout\":59672,\"margin\":{\"top\":\"4cm\",\"right\":\"1.5cm\",\"bottom\":\"1.5cm\",\"left\":\"1.5cm\"}}","meta":{"rootId":"m8drpyyjn425kp8","id":"m8drpyyjn425kp8"},"id":"ufosdpj0n1kv1o9","previousOperationId":"ld86s6mr9ffwgtx"}
{"type":"operationEnd","operationId":"ld86s6mr9ffwgtx","timestamp":1675618413656,"id":"d8sa57gl85d7un5","previousEventId":"1tetnd3j29uesad","previousOperationId":"ld86s6mr9ffwgtx"}
{"type":"log","timestamp":1675618413656,"level":"info","message":"pdf-utils is starting pdf processing","meta":{"rootId":"m8drpyyjn425kp8","id":"m8drpyyjn425kp8"},"id":"s6hmipq2aupvj59","previousOperationId":"ld86s6mr9ffwgtx"}
{"type":"operationStart","subtype":"pdfUtils","name":"pdf utils","timestamp":1675618413656,"id":"4nt78gje7f3f9fj","previousEventId":"d8sa57gl85d7un5","operationId":"ntffk350awcne8i","previousOperationId":"ld86s6mr9ffwgtx"}
{"type":"log","timestamp":1675618413656,"level":"debug","message":"pdf-utils detected 1 pdf operation(s) to process","meta":{"rootId":"m8drpyyjn425kp8","id":"m8drpyyjn425kp8"},"id":"pxrmsz4opew44s6","previousOperationId":"ntffk350awcne8i"}
{"type":"log","timestamp":1675618413686,"level":"debug","message":"pdf-utils running pdf operation merge","meta":{"rootId":"m8drpyyjn425kp8","id":"m8drpyyjn425kp8"},"id":"l5z970t7tsvlbsv","previousOperationId":"ntffk350awcne8i"}
{"type":"operationStart","subtype":"pdfUtilsMerge","name":"pdf utils merge","previousOperationId":"ntffk350awcne8i","timestamp":1675618413686,"id":"vn5rcf1gnjy83tm","previousEventId":"4nt78gje7f3f9fj","operationId":"z6d6q356w1tvtxr"}
{"type":"operationStart","subtype":"render","name":"orders-header","previousOperationId":"z6d6q356w1tvtxr","timestamp":1675618413689,"id":"9bcqy9lodi15glm","previousEventId":"vn5rcf1gnjy83tm","operationId":"i4kqss4t2f6qy8u"}
{"type":"log","timestamp":1675618413689,"level":"info","message":"Starting rendering (child) request","meta":{"rootId":"m8drpyyjn425kp8","id":"1pwwvv2wbkwp9pe"},"id":"sfj15sndhedc10j","previousOperationId":"i4kqss4t2f6qy8u"}
{"type":"log","timestamp":1675618413689,"level":"info","message":"Rendering template { name: orders-header, recipe: chrome-pdf, engine: handlebars, preview: true }","meta":{"rootId":"m8drpyyjn425kp8","id":"1pwwvv2wbkwp9pe"},"id":"thczedpu1v4aznw","previousOperationId":"i4kqss4t2f6qy8u"}
{"type":"log","timestamp":1675618413690,"level":"debug","message":"Inline data specified.","meta":{"rootId":"m8drpyyjn425kp8","id":"1pwwvv2wbkwp9pe"},"id":"69oc0zry9uocwur","previousOperationId":"i4kqss4t2f6qy8u"}
{"type":"log","timestamp":1675618413696,"level":"debug","message":"Base url not specified, skipping its injection.","meta":{"rootId":"m8drpyyjn425kp8","id":"1pwwvv2wbkwp9pe"},"id":"krh7dqvo8n7znwb","previousOperationId":"i4kqss4t2f6qy8u"}
{"type":"operationStart","subtype":"engine","name":"handlebars","timestamp":1675618413697,"id":"nzevjmxxtu25h4a","previousEventId":"9bcqy9lodi15glm","operationId":"621pgpt2teg1dko","previousOperationId":"i4kqss4t2f6qy8u"}
{"type":"log","timestamp":1675618413697,"level":"debug","message":"Rendering engine handlebars","meta":{"rootId":"m8drpyyjn425kp8","id":"1pwwvv2wbkwp9pe"},"id":"2p1nb0j9oued11t","previousOperationId":"621pgpt2teg1dko"}
{"type":"operationEnd","operationId":"621pgpt2teg1dko","timestamp":1675618413714,"id":"vvs4xrn3iju0nx0","previousEventId":"nzevjmxxtu25h4a","previousOperationId":"621pgpt2teg1dko"}
{"type":"operationStart","subtype":"recipe","name":"chrome-pdf","timestamp":1675618413714,"id":"fv846yqu00mhbjg","previousEventId":"vvs4xrn3iju0nx0","operationId":"grmidiw9kn27lsu","previousOperationId":"621pgpt2teg1dko"}
{"type":"log","timestamp":1675618413714,"level":"debug","message":"Executing recipe chrome-pdf","meta":{"rootId":"m8drpyyjn425kp8","id":"1pwwvv2wbkwp9pe"},"id":"vl33krq23cr4yaa","previousOperationId":"grmidiw9kn27lsu"}
{"type":"log","timestamp":1675618413718,"level":"debug","message":"Converting with chrome HeadlessChrome/105.0.5173.0 using chrome-pool strategy","meta":{"rootId":"m8drpyyjn425kp8","id":"1pwwvv2wbkwp9pe"},"id":"85flw3wfwb5dhmf","previousOperationId":"grmidiw9kn27lsu"}
{"type":"log","timestamp":1675618413825,"level":"debug","message":"Page request: GET (document) file:///C:/Users/pollo/AppData/Local/Temp/jsreport/autocleanup/2096996c-969f-44eb-8e85-3b1856ac414b-chrome-pdf.html","meta":{"rootId":"m8drpyyjn425kp8","id":"1pwwvv2wbkwp9pe"},"id":"ik2qwsito375c2j","previousOperationId":"grmidiw9kn27lsu"}
{"type":"log","timestamp":1675618413836,"level":"debug","message":"Page request finished: GET (document) 200 file:///C:/Users/pollo/AppData/Local/Temp/jsreport/autocleanup/2096996c-969f-44eb-8e85-3b1856ac414b-chrome-pdf.html","meta":{"rootId":"m8drpyyjn425kp8","id":"1pwwvv2wbkwp9pe"},"id":"qfnoy7tysayr15c","previousOperationId":"grmidiw9kn27lsu"}
{"type":"log","timestamp":1675618413836,"level":"debug","message":"Page request: GET (stylesheet) https://cdnjs.cloudflare.com/ajax/libs/metro/4.1.5/css/metro.min.css","meta":{"rootId":"m8drpyyjn425kp8","id":"1pwwvv2wbkwp9pe"},"id":"sfdt51f782571yj","previousOperationId":"grmidiw9kn27lsu"}
{"type":"log","timestamp":1675618413867,"level":"debug","message":"Page request finished: GET (stylesheet) 200 https://cdnjs.cloudflare.com/ajax/libs/metro/4.1.5/css/metro.min.css","meta":{"rootId":"m8drpyyjn425kp8","id":"1pwwvv2wbkwp9pe"},"id":"mxi4ykm8759gn8t","previousOperationId":"grmidiw9kn27lsu"}
{"type":"log","timestamp":1675618413901,"level":"debug","message":"Running chrome with params {\"printBackground\":true,\"marginTop\":\"1.5cm\",\"marginRight\":\"1.5cm\",\"marginLeft\":\"1.cm\",\"timeout\":59330,\"margin\":{\"top\":\"1.5cm\",\"right\":\"1.5cm\",\"left\":\"1.cm\"}}","meta":{"rootId":"m8drpyyjn425kp8","id":"1pwwvv2wbkwp9pe"},"id":"sab4773960t6sdp","previousOperationId":"grmidiw9kn27lsu"}
{"type":"operationEnd","operationId":"grmidiw9kn27lsu","timestamp":1675618413972,"id":"tyv70zjj0jr3gyo","previousEventId":"fv846yqu00mhbjg","previousOperationId":"grmidiw9kn27lsu"}
{"type":"log","timestamp":1675618413973,"level":"debug","message":"Skipping storing report.","meta":{"rootId":"m8drpyyjn425kp8","id":"1pwwvv2wbkwp9pe"},"id":"99ospxmoes0v30r","previousOperationId":"grmidiw9kn27lsu"}
{"type":"log","timestamp":1675618413973,"level":"info","message":"Rendering (child) request finished in 926 ms","meta":{"rootId":"m8drpyyjn425kp8","id":"1pwwvv2wbkwp9pe"},"id":"s5lr4e26yc105lk","previousOperationId":"grmidiw9kn27lsu"}
{"type":"operationEnd","subtype":"render","operationId":"i4kqss4t2f6qy8u","timestamp":1675618413973,"id":"5c7rvel0tytpud2","previousEventId":"tyv70zjj0jr3gyo","previousOperationId":"grmidiw9kn27lsu"}
{"type":"operationEnd","operationId":"z6d6q356w1tvtxr","timestamp":1675618413983,"id":"cyxwcxqgtphxmc8","previousEventId":"vn5rcf1gnjy83tm","previousOperationId":"z6d6q356w1tvtxr"}
{"type":"log","timestamp":1675618413983,"level":"debug","message":"pdf-utils postproces start","meta":{"rootId":"m8drpyyjn425kp8","id":"m8drpyyjn425kp8"},"id":"pihyhy1d5t1oqok","previousOperationId":"z6d6q356w1tvtxr"}
{"type":"log","timestamp":1675618413991,"level":"debug","message":"pdf-utils postproces end","meta":{"rootId":"m8drpyyjn425kp8","id":"m8drpyyjn425kp8"},"id":"swduhd4c2hmmrds","previousOperationId":"z6d6q356w1tvtxr"}
{"type":"operationEnd","operationId":"ntffk350awcne8i","timestamp":1675618413991,"id":"y9s1pyebqxrk9bq","previousEventId":"cyxwcxqgtphxmc8","previousOperationId":"z6d6q356w1tvtxr"}
{"type":"log","timestamp":1675618413991,"level":"info","message":"pdf-utils pdf processing was finished","meta":{"rootId":"m8drpyyjn425kp8","id":"m8drpyyjn425kp8"},"id":"ab6wt1nns7w5eza","previousOperationId":"ntffk350awcne8i"}
{"type":"log","timestamp":1675618413991,"level":"debug","message":"Skipping storing report.","meta":{"rootId":"m8drpyyjn425kp8","id":"m8drpyyjn425kp8"},"id":"0325u5eiavkvag0","previousOperationId":"ntffk350awcne8i"}
{"type":"log","timestamp":1675618413991,"level":"info","message":"Rendering request 7 finished in 944 ms","meta":{"rootId":"m8drpyyjn425kp8","id":"m8drpyyjn425kp8"},"id":"zd27v0g7a95p89i","previousOperationId":"ntffk350awcne8i"}
{"type":"operationEnd","subtype":"render","operationId":"9ialbraf9cp9f8o","timestamp":1675618413991,"id":"ssd1l2i6vqobd80","previousEventId":"y9s1pyebqxrk9bq","previousOperationId":"ntffk350awcne8i"}
{"type":"operationEnd","doDiffs":false,"previousEventId":"et0cwtqw9bchrew","previousOperationId":"a6axww5308o5lvg","operationId":"a6axww5308o5lvg","timestamp":1675618413999,"id":"mkei8228n4b1lk8"}
