{"type":"operationStart","subtype":"profile","data":{"_id":"f80EEeyCbBo67lIM","timestamp":"2023-02-06T16:01:16.222Z","state":"queued","mode":"standard","creationDate":"2023-02-06T16:01:16.225Z","modificationDate":"2023-02-06T16:01:16.225Z","shortid":"xIn1VBO","$entitySet":"profiles"},"doDiffs":false,"timestamp":1675699276223,"id":"4fnen8hfa6050yl","previousOperationId":null,"operationId":"u9ighblsynv1vtb"}
{"type":"log","level":"info","message":"Render request 1 queued for execution and waiting for available worker","previousOperationId":"u9ighblsynv1vtb","timestamp":1675699276224,"id":"mcijaf8g7kqgyln"}
{"type":"operationStart","subtype":"render","name":"orders-main","previousOperationId":"u9ighblsynv1vtb","timestamp":1675699276255,"id":"h0z2dz4ci9qcmnk","previousEventId":"4fnen8hfa6050yl","operationId":"pieah476jfxzelh"}
{"type":"log","timestamp":1675699276255,"level":"info","message":"Starting rendering request 1","meta":{"rootId":"n8cdkvemg4xhyz4","id":"n8cdkvemg4xhyz4"},"id":"gplyvtgxnxuj2ud","previousOperationId":"pieah476jfxzelh"}
{"type":"log","timestamp":1675699276257,"level":"info","message":"Rendering template { name: orders-main, recipe: chrome-pdf, engine: handlebars, preview: true }","meta":{"rootId":"n8cdkvemg4xhyz4","id":"n8cdkvemg4xhyz4"},"id":"w83krpahts72j99","previousOperationId":"pieah476jfxzelh"}
{"type":"log","timestamp":1675699276260,"level":"debug","message":"Data item not defined for this template.","meta":{"rootId":"n8cdkvemg4xhyz4","id":"n8cdkvemg4xhyz4"},"id":"sr36abm9p2qjbf9","previousOperationId":"pieah476jfxzelh"}
{"type":"log","timestamp":1675699276268,"level":"debug","message":"Executing script orders-script (beforeRender)","meta":{"rootId":"n8cdkvemg4xhyz4","id":"n8cdkvemg4xhyz4"},"id":"izlds0gubjitx72","previousOperationId":"pieah476jfxzelh"}
{"type":"operationStart","subtype":"scriptsBeforeRender","name":"scripts beforeRender","timestamp":1675699276735,"id":"i1c6qxsych8gk96","previousEventId":"h0z2dz4ci9qcmnk","operationId":"4ox29rsxts4965f","previousOperationId":"pieah476jfxzelh"}
{"type":"operationStart","subtype":"script","name":"scripts orders-script","previousOperationId":"4ox29rsxts4965f","timestamp":1675699276735,"id":"h9ycdl7ofwp9k31","previousEventId":"i1c6qxsych8gk96","operationId":"ph7beawrb1vmeil"}
{"type":"log","timestamp":1675699278393,"level":"debug","message":"(console:log) [ 2, 4 ]","meta":{"userLevel":true,"rootId":"n8cdkvemg4xhyz4","id":"n8cdkvemg4xhyz4"},"id":"rhavyr3e3ujpg3w","previousOperationId":"ph7beawrb1vmeil"}
{"type":"operationEnd","operationId":"ph7beawrb1vmeil","timestamp":1675699278394,"id":"29snaz78q5lppbd","previousEventId":"h0z2dz4ci9qcmnk","previousOperationId":"pieah476jfxzelh"}
{"type":"operationEnd","operationId":"4ox29rsxts4965f","timestamp":1675699278394,"id":"n4s28cbsppfadqv","previousEventId":"29snaz78q5lppbd","previousOperationId":"pieah476jfxzelh"}
{"type":"log","timestamp":1675699278394,"level":"debug","message":"Base url not specified, skipping its injection.","meta":{"rootId":"n8cdkvemg4xhyz4","id":"n8cdkvemg4xhyz4"},"id":"ujf2gfzdo4px8ba","previousOperationId":"4ox29rsxts4965f"}
{"type":"operationStart","subtype":"engine","name":"handlebars","timestamp":1675699278395,"id":"8ampuoauqoc080c","previousEventId":"n4s28cbsppfadqv","operationId":"lrzj8m5780oyiiq","previousOperationId":"4ox29rsxts4965f"}
{"type":"log","timestamp":1675699278395,"level":"debug","message":"Rendering engine handlebars","meta":{"rootId":"n8cdkvemg4xhyz4","id":"n8cdkvemg4xhyz4"},"id":"i0323ehnr730ehk","previousOperationId":"lrzj8m5780oyiiq"}
{"type":"operationEnd","operationId":"lrzj8m5780oyiiq","timestamp":1675699278803,"id":"p8akxqf1h2dfe6l","previousEventId":"8ampuoauqoc080c","previousOperationId":"lrzj8m5780oyiiq"}
{"type":"operationStart","subtype":"recipe","name":"chrome-pdf","timestamp":1675699278804,"id":"jq9p3pao9swkfqs","previousEventId":"p8akxqf1h2dfe6l","operationId":"af47t1zjgl3ho8v","previousOperationId":"lrzj8m5780oyiiq"}
{"type":"log","timestamp":1675699278804,"level":"debug","message":"Executing recipe chrome-pdf","meta":{"rootId":"n8cdkvemg4xhyz4","id":"n8cdkvemg4xhyz4"},"id":"5q6koq3cxqq1nqr","previousOperationId":"af47t1zjgl3ho8v"}
{"type":"log","timestamp":1675699279880,"level":"debug","message":"Converting with chrome HeadlessChrome/105.0.5173.0 using chrome-pool strategy","meta":{"rootId":"n8cdkvemg4xhyz4","id":"n8cdkvemg4xhyz4"},"id":"qtgxp51h14sm8ol","previousOperationId":"af47t1zjgl3ho8v"}
{"type":"log","timestamp":1675699280529,"level":"debug","message":"Page request: GET (document) file:///C:/Users/pollo/AppData/Local/Temp/jsreport/autocleanup/357100d6-4185-4d2e-b52c-88f5a053477c-chrome-pdf.html","meta":{"rootId":"n8cdkvemg4xhyz4","id":"n8cdkvemg4xhyz4"},"id":"1o2wwgmf8iokdm4","previousOperationId":"af47t1zjgl3ho8v"}
{"type":"log","timestamp":1675699280550,"level":"debug","message":"Page request finished: GET (document) 200 file:///C:/Users/pollo/AppData/Local/Temp/jsreport/autocleanup/357100d6-4185-4d2e-b52c-88f5a053477c-chrome-pdf.html","meta":{"rootId":"n8cdkvemg4xhyz4","id":"n8cdkvemg4xhyz4"},"id":"hb4humcj3p658z6","previousOperationId":"af47t1zjgl3ho8v"}
{"type":"log","timestamp":1675699280550,"level":"debug","message":"Page request: GET (stylesheet) https://cdnjs.cloudflare.com/ajax/libs/metro/4.1.5/css/metro.min.css","meta":{"rootId":"n8cdkvemg4xhyz4","id":"n8cdkvemg4xhyz4"},"id":"ief3xn7m5wm1gbp","previousOperationId":"af47t1zjgl3ho8v"}
{"type":"log","timestamp":1675699280550,"level":"debug","message":"Page request: GET (script) https://cdn.jsdelivr.net/npm/chart.js","meta":{"rootId":"n8cdkvemg4xhyz4","id":"n8cdkvemg4xhyz4"},"id":"214ifatd711ottp","previousOperationId":"af47t1zjgl3ho8v"}
{"type":"log","timestamp":1675699283059,"level":"debug","message":"Page request finished: GET (stylesheet) 200 https://cdnjs.cloudflare.com/ajax/libs/metro/4.1.5/css/metro.min.css","meta":{"rootId":"n8cdkvemg4xhyz4","id":"n8cdkvemg4xhyz4"},"id":"s6agg9de65cq9x5","previousOperationId":"af47t1zjgl3ho8v"}
{"type":"log","timestamp":1675699283066,"level":"debug","message":"Page request finished: GET (script) 200 https://cdn.jsdelivr.net/npm/chart.js","meta":{"rootId":"n8cdkvemg4xhyz4","id":"n8cdkvemg4xhyz4"},"id":"c971f0j53yqfox8","previousOperationId":"af47t1zjgl3ho8v"}
{"type":"log","timestamp":1675699283219,"level":"debug","message":"Running chrome with params {\"printBackground\":true,\"marginTop\":\"4cm\",\"marginRight\":\"1.5cm\",\"marginBottom\":\"1.5cm\",\"marginLeft\":\"1.5cm\",\"waitForJS\":false,\"timeout\":57194,\"margin\":{\"top\":\"4cm\",\"right\":\"1.5cm\",\"bottom\":\"1.5cm\",\"left\":\"1.5cm\"}}","meta":{"rootId":"n8cdkvemg4xhyz4","id":"n8cdkvemg4xhyz4"},"id":"bqsyz456hbips3g","previousOperationId":"af47t1zjgl3ho8v"}
{"type":"operationEnd","operationId":"af47t1zjgl3ho8v","timestamp":1675699283303,"id":"3bewxirwu9kir7n","previousEventId":"jq9p3pao9swkfqs","previousOperationId":"af47t1zjgl3ho8v"}
{"type":"log","timestamp":1675699283303,"level":"info","message":"pdf-utils is starting pdf processing","meta":{"rootId":"n8cdkvemg4xhyz4","id":"n8cdkvemg4xhyz4"},"id":"4py9w5yx5trtial","previousOperationId":"af47t1zjgl3ho8v"}
{"type":"operationStart","subtype":"pdfUtils","name":"pdf utils","timestamp":1675699283628,"id":"yolrhksj03mlyld","previousEventId":"3bewxirwu9kir7n","operationId":"wc91sgfskeob5at","previousOperationId":"af47t1zjgl3ho8v"}
{"type":"log","timestamp":1675699283628,"level":"debug","message":"pdf-utils detected 1 pdf operation(s) to process","meta":{"rootId":"n8cdkvemg4xhyz4","id":"n8cdkvemg4xhyz4"},"id":"9bykat1tooh4xb5","previousOperationId":"wc91sgfskeob5at"}
{"type":"log","timestamp":1675699283864,"level":"debug","message":"pdf-utils running pdf operation merge","meta":{"rootId":"n8cdkvemg4xhyz4","id":"n8cdkvemg4xhyz4"},"id":"1yrjgmr2u8ipmju","previousOperationId":"wc91sgfskeob5at"}
{"type":"operationStart","subtype":"pdfUtilsMerge","name":"pdf utils merge","previousOperationId":"wc91sgfskeob5at","timestamp":1675699283864,"id":"cx9pdqyfucq7gv4","previousEventId":"yolrhksj03mlyld","operationId":"u564jpfqbqurd0k"}
{"type":"operationStart","subtype":"render","name":"orders-header","previousOperationId":"u564jpfqbqurd0k","timestamp":1675699283868,"id":"otf4v14uod246ym","previousEventId":"cx9pdqyfucq7gv4","operationId":"ot442qzcli9ncy3"}
{"type":"log","timestamp":1675699283868,"level":"info","message":"Starting rendering (child) request","meta":{"rootId":"n8cdkvemg4xhyz4","id":"hro4xn7oiqqaj0a"},"id":"vzj8xtz72rjdlue","previousOperationId":"ot442qzcli9ncy3"}
{"type":"log","timestamp":1675699283868,"level":"info","message":"Rendering template { name: orders-header, recipe: chrome-pdf, engine: handlebars, preview: true }","meta":{"rootId":"n8cdkvemg4xhyz4","id":"hro4xn7oiqqaj0a"},"id":"3pvzkrq36l17pd3","previousOperationId":"ot442qzcli9ncy3"}
{"type":"log","timestamp":1675699283873,"level":"debug","message":"Inline data specified.","meta":{"rootId":"n8cdkvemg4xhyz4","id":"hro4xn7oiqqaj0a"},"id":"v42ed0nlwu54txd","previousOperationId":"ot442qzcli9ncy3"}
{"type":"log","timestamp":1675699283876,"level":"debug","message":"Base url not specified, skipping its injection.","meta":{"rootId":"n8cdkvemg4xhyz4","id":"hro4xn7oiqqaj0a"},"id":"oxvkoiev289xjtd","previousOperationId":"ot442qzcli9ncy3"}
{"type":"operationStart","subtype":"engine","name":"handlebars","timestamp":1675699283877,"id":"u3ad4iuzadrzca4","previousEventId":"otf4v14uod246ym","operationId":"jtba3uxt7t5z17u","previousOperationId":"ot442qzcli9ncy3"}
{"type":"log","timestamp":1675699283877,"level":"debug","message":"Rendering engine handlebars","meta":{"rootId":"n8cdkvemg4xhyz4","id":"hro4xn7oiqqaj0a"},"id":"fbugt204nlnd19s","previousOperationId":"jtba3uxt7t5z17u"}
{"type":"operationEnd","operationId":"jtba3uxt7t5z17u","timestamp":1675699284002,"id":"q0fsfyoitnpk3jg","previousEventId":"u3ad4iuzadrzca4","previousOperationId":"jtba3uxt7t5z17u"}
{"type":"operationStart","subtype":"recipe","name":"chrome-pdf","timestamp":1675699284003,"id":"l0f3x69oqy7dmpc","previousEventId":"q0fsfyoitnpk3jg","operationId":"soyj6dsj1dgdkb2","previousOperationId":"jtba3uxt7t5z17u"}
{"type":"log","timestamp":1675699284003,"level":"debug","message":"Executing recipe chrome-pdf","meta":{"rootId":"n8cdkvemg4xhyz4","id":"hro4xn7oiqqaj0a"},"id":"dlywu2lvyxapoea","previousOperationId":"soyj6dsj1dgdkb2"}
{"type":"log","timestamp":1675699284005,"level":"debug","message":"Converting with chrome HeadlessChrome/105.0.5173.0 using chrome-pool strategy","meta":{"rootId":"n8cdkvemg4xhyz4","id":"hro4xn7oiqqaj0a"},"id":"zd2v9z7jiecv3nq","previousOperationId":"soyj6dsj1dgdkb2"}
{"type":"log","timestamp":1675699284096,"level":"debug","message":"Page request: GET (document) file:///C:/Users/pollo/AppData/Local/Temp/jsreport/autocleanup/1c5d4670-be6b-4546-94c2-ea8dd161c63b-chrome-pdf.html","meta":{"rootId":"n8cdkvemg4xhyz4","id":"hro4xn7oiqqaj0a"},"id":"dvwazzu6afar3ip","previousOperationId":"soyj6dsj1dgdkb2"}
{"type":"log","timestamp":1675699284118,"level":"debug","message":"Page request: GET (stylesheet) https://cdnjs.cloudflare.com/ajax/libs/metro/4.1.5/css/metro.min.css","meta":{"rootId":"n8cdkvemg4xhyz4","id":"hro4xn7oiqqaj0a"},"id":"is8zq5tjuqp25d2","previousOperationId":"soyj6dsj1dgdkb2"}
{"type":"log","timestamp":1675699284119,"level":"debug","message":"Page request finished: GET (document) 200 file:///C:/Users/pollo/AppData/Local/Temp/jsreport/autocleanup/1c5d4670-be6b-4546-94c2-ea8dd161c63b-chrome-pdf.html","meta":{"rootId":"n8cdkvemg4xhyz4","id":"hro4xn7oiqqaj0a"},"id":"gpmx9t2y9xptwnx","previousOperationId":"soyj6dsj1dgdkb2"}
{"type":"log","timestamp":1675699284142,"level":"debug","message":"Page request finished: GET (stylesheet) 200 https://cdnjs.cloudflare.com/ajax/libs/metro/4.1.5/css/metro.min.css","meta":{"rootId":"n8cdkvemg4xhyz4","id":"hro4xn7oiqqaj0a"},"id":"40g570dptrfryfn","previousOperationId":"soyj6dsj1dgdkb2"}
{"type":"log","timestamp":1675699284172,"level":"debug","message":"Running chrome with params {\"printBackground\":true,\"marginTop\":\"1.5cm\",\"marginRight\":\"1.5cm\",\"marginLeft\":\"1.cm\",\"timeout\":52218,\"margin\":{\"top\":\"1.5cm\",\"right\":\"1.5cm\",\"left\":\"1.cm\"}}","meta":{"rootId":"n8cdkvemg4xhyz4","id":"hro4xn7oiqqaj0a"},"id":"vppx28qzf2arzmn","previousOperationId":"soyj6dsj1dgdkb2"}
{"type":"operationEnd","operationId":"soyj6dsj1dgdkb2","timestamp":1675699284228,"id":"9yr2ox4nmigqa1f","previousEventId":"l0f3x69oqy7dmpc","previousOperationId":"soyj6dsj1dgdkb2"}
{"type":"log","timestamp":1675699284229,"level":"debug","message":"Skipping storing report.","meta":{"rootId":"n8cdkvemg4xhyz4","id":"hro4xn7oiqqaj0a"},"id":"ttdr44xto24xn5e","previousOperationId":"soyj6dsj1dgdkb2"}
{"type":"log","timestamp":1675699284229,"level":"info","message":"Rendering (child) request finished in 8007 ms","meta":{"rootId":"n8cdkvemg4xhyz4","id":"hro4xn7oiqqaj0a"},"id":"ne9dlqnqtohtw7g","previousOperationId":"soyj6dsj1dgdkb2"}
{"type":"operationEnd","subtype":"render","operationId":"ot442qzcli9ncy3","timestamp":1675699284229,"id":"oblvb6xebqmrdov","previousEventId":"9yr2ox4nmigqa1f","previousOperationId":"soyj6dsj1dgdkb2"}
{"type":"operationEnd","operationId":"u564jpfqbqurd0k","timestamp":1675699284252,"id":"5c9cd68rauvgmnf","previousEventId":"cx9pdqyfucq7gv4","previousOperationId":"u564jpfqbqurd0k"}
{"type":"log","timestamp":1675699284252,"level":"debug","message":"pdf-utils postproces start","meta":{"rootId":"n8cdkvemg4xhyz4","id":"n8cdkvemg4xhyz4"},"id":"mgtarqwg93fzkph","previousOperationId":"u564jpfqbqurd0k"}
{"type":"log","timestamp":1675699284265,"level":"debug","message":"pdf-utils postproces end","meta":{"rootId":"n8cdkvemg4xhyz4","id":"n8cdkvemg4xhyz4"},"id":"7yrynjs40wstitz","previousOperationId":"u564jpfqbqurd0k"}
{"type":"operationEnd","operationId":"wc91sgfskeob5at","timestamp":1675699284265,"id":"aev7kdbhpk4nrq8","previousEventId":"5c9cd68rauvgmnf","previousOperationId":"u564jpfqbqurd0k"}
{"type":"log","timestamp":1675699284265,"level":"info","message":"pdf-utils pdf processing was finished","meta":{"rootId":"n8cdkvemg4xhyz4","id":"n8cdkvemg4xhyz4"},"id":"c2tixw6f2vl2nnf","previousOperationId":"wc91sgfskeob5at"}
{"type":"log","timestamp":1675699284265,"level":"debug","message":"Skipping storing report.","meta":{"rootId":"n8cdkvemg4xhyz4","id":"n8cdkvemg4xhyz4"},"id":"b1h8dudzmhlmema","previousOperationId":"wc91sgfskeob5at"}
{"type":"log","timestamp":1675699284265,"level":"info","message":"Rendering request 1 finished in 8043 ms","meta":{"rootId":"n8cdkvemg4xhyz4","id":"n8cdkvemg4xhyz4"},"id":"140yz4ulzthzz0d","previousOperationId":"wc91sgfskeob5at"}
{"type":"operationEnd","subtype":"render","operationId":"pieah476jfxzelh","timestamp":1675699284265,"id":"57x0r14313vc9aq","previousEventId":"aev7kdbhpk4nrq8","previousOperationId":"wc91sgfskeob5at"}
{"type":"operationEnd","doDiffs":false,"previousEventId":"4fnen8hfa6050yl","previousOperationId":"u9ighblsynv1vtb","operationId":"u9ighblsynv1vtb","timestamp":1675699284273,"id":"hvk5ptz8h3r6ep4"}
