{"type":"operationStart","subtype":"profile","data":{"_id":"1Xs6oWTa0SdfkG6W","timestamp":"2023-02-05T19:30:15.648Z","state":"queued","mode":"standard","creationDate":"2023-02-05T19:30:15.650Z","modificationDate":"2023-02-05T19:30:15.650Z","shortid":"crhGYf_","$entitySet":"profiles"},"doDiffs":false,"timestamp":1675625415649,"id":"uei40vd0ye3dmu3","previousOperationId":null,"operationId":"u9fq94g5vdd6j5j"}
{"type":"log","level":"info","message":"Render request 4 queued for execution and waiting for available worker","previousOperationId":"u9fq94g5vdd6j5j","timestamp":1675625415650,"id":"hgvae899zhjioxi"}
{"type":"operationStart","subtype":"render","name":"orders-main","previousOperationId":"u9fq94g5vdd6j5j","timestamp":1675625415661,"id":"br6ruhn7p1imp54","previousEventId":"uei40vd0ye3dmu3","operationId":"689z8p74mags5sh"}
{"type":"log","timestamp":1675625415661,"level":"info","message":"Starting rendering request 4","meta":{"rootId":"naitdp9onp2pw6a","id":"naitdp9onp2pw6a"},"id":"fer4dithec4cimc","previousOperationId":"689z8p74mags5sh"}
{"type":"log","timestamp":1675625415661,"level":"info","message":"Rendering template { name: orders-main, recipe: chrome-pdf, engine: handlebars, preview: true }","meta":{"rootId":"naitdp9onp2pw6a","id":"naitdp9onp2pw6a"},"id":"li0l4n7gfujij5a","previousOperationId":"689z8p74mags5sh"}
{"type":"log","timestamp":1675625415662,"level":"debug","message":"Data item not defined for this template.","meta":{"rootId":"naitdp9onp2pw6a","id":"naitdp9onp2pw6a"},"id":"xhz6m4w7437h0ai","previousOperationId":"689z8p74mags5sh"}
{"type":"log","timestamp":1675625415665,"level":"debug","message":"Executing script orders-script (beforeRender)","meta":{"rootId":"naitdp9onp2pw6a","id":"naitdp9onp2pw6a"},"id":"aio3cmzt3s0fgkh","previousOperationId":"689z8p74mags5sh"}
{"type":"operationStart","subtype":"scriptsBeforeRender","name":"scripts beforeRender","timestamp":1675625415697,"id":"lkh3h60ve8fbwvx","previousEventId":"br6ruhn7p1imp54","operationId":"i7jns2kt69ak9mx","previousOperationId":"689z8p74mags5sh"}
{"type":"operationStart","subtype":"script","name":"scripts orders-script","previousOperationId":"i7jns2kt69ak9mx","timestamp":1675625415697,"id":"jbjng9xkzpuvij9","previousEventId":"lkh3h60ve8fbwvx","operationId":"y3y79te674na852"}
{"type":"log","timestamp":1675625415927,"level":"debug","message":"(console:log) [ 2, 4 ]","meta":{"userLevel":true,"rootId":"naitdp9onp2pw6a","id":"naitdp9onp2pw6a"},"id":"lhkshpx7op190x8","previousOperationId":"y3y79te674na852"}
{"type":"operationEnd","operationId":"y3y79te674na852","timestamp":1675625415928,"id":"16dy1n1t388dfth","previousEventId":"br6ruhn7p1imp54","previousOperationId":"689z8p74mags5sh"}
{"type":"operationEnd","operationId":"i7jns2kt69ak9mx","timestamp":1675625415928,"id":"thkjhyyd8c8zl09","previousEventId":"16dy1n1t388dfth","previousOperationId":"689z8p74mags5sh"}
{"type":"log","timestamp":1675625415928,"level":"debug","message":"Base url not specified, skipping its injection.","meta":{"rootId":"naitdp9onp2pw6a","id":"naitdp9onp2pw6a"},"id":"wcc31xms0vxc7nv","previousOperationId":"i7jns2kt69ak9mx"}
{"type":"operationStart","subtype":"engine","name":"handlebars","timestamp":1675625415928,"id":"mnc1mftc4xt2zw8","previousEventId":"thkjhyyd8c8zl09","operationId":"idy0gmpe5klbeeb","previousOperationId":"i7jns2kt69ak9mx"}
{"type":"log","timestamp":1675625415928,"level":"debug","message":"Rendering engine handlebars","meta":{"rootId":"naitdp9onp2pw6a","id":"naitdp9onp2pw6a"},"id":"axk5seiw7fyqpgm","previousOperationId":"idy0gmpe5klbeeb"}
{"type":"operationEnd","operationId":"idy0gmpe5klbeeb","timestamp":1675625415950,"id":"5ck1f1v17zb2mmg","previousEventId":"mnc1mftc4xt2zw8","previousOperationId":"idy0gmpe5klbeeb"}
{"type":"operationStart","subtype":"recipe","name":"chrome-pdf","timestamp":1675625415951,"id":"b27ulpffh6vfpd8","previousEventId":"5ck1f1v17zb2mmg","operationId":"q2isiv3o9y9ppum","previousOperationId":"idy0gmpe5klbeeb"}
{"type":"log","timestamp":1675625415951,"level":"debug","message":"Executing recipe chrome-pdf","meta":{"rootId":"naitdp9onp2pw6a","id":"naitdp9onp2pw6a"},"id":"uo3495wdr7j9o1k","previousOperationId":"q2isiv3o9y9ppum"}
{"type":"log","timestamp":1675625415954,"level":"debug","message":"Converting with chrome HeadlessChrome/105.0.5173.0 using chrome-pool strategy","meta":{"rootId":"naitdp9onp2pw6a","id":"naitdp9onp2pw6a"},"id":"rs3n1r1hbjasn4l","previousOperationId":"q2isiv3o9y9ppum"}
{"type":"log","timestamp":1675625416055,"level":"debug","message":"Page request: GET (document) file:///C:/Users/pollo/AppData/Local/Temp/jsreport/autocleanup/85e178b5-6774-4adf-ba74-9761fb9d601d-chrome-pdf.html","meta":{"rootId":"naitdp9onp2pw6a","id":"naitdp9onp2pw6a"},"id":"xwlmk8yjswbnsx6","previousOperationId":"q2isiv3o9y9ppum"}
{"type":"log","timestamp":1675625416078,"level":"debug","message":"Page request finished: GET (document) 200 file:///C:/Users/pollo/AppData/Local/Temp/jsreport/autocleanup/85e178b5-6774-4adf-ba74-9761fb9d601d-chrome-pdf.html","meta":{"rootId":"naitdp9onp2pw6a","id":"naitdp9onp2pw6a"},"id":"alfqab87sf1j095","previousOperationId":"q2isiv3o9y9ppum"}
{"type":"log","timestamp":1675625416078,"level":"debug","message":"Page request: GET (stylesheet) https://cdnjs.cloudflare.com/ajax/libs/metro/4.1.5/css/metro.min.css","meta":{"rootId":"naitdp9onp2pw6a","id":"naitdp9onp2pw6a"},"id":"8iv89wlxug0pfhj","previousOperationId":"q2isiv3o9y9ppum"}
{"type":"log","timestamp":1675625416078,"level":"debug","message":"Page request: GET (script) https://cdn.jsdelivr.net/npm/chart.js","meta":{"rootId":"naitdp9onp2pw6a","id":"naitdp9onp2pw6a"},"id":"6y1orp30ysw6qf1","previousOperationId":"q2isiv3o9y9ppum"}
{"type":"log","timestamp":1675625416085,"level":"debug","message":"Page request finished: GET (script) 200 https://cdn.jsdelivr.net/npm/chart.js","meta":{"rootId":"naitdp9onp2pw6a","id":"naitdp9onp2pw6a"},"id":"6jjg9mue4cn0jof","previousOperationId":"q2isiv3o9y9ppum"}
{"type":"log","timestamp":1675625416102,"level":"debug","message":"Page request finished: GET (stylesheet) 200 https://cdnjs.cloudflare.com/ajax/libs/metro/4.1.5/css/metro.min.css","meta":{"rootId":"naitdp9onp2pw6a","id":"naitdp9onp2pw6a"},"id":"9fdsmodyvyf3iei","previousOperationId":"q2isiv3o9y9ppum"}
{"type":"log","timestamp":1675625416108,"level":"warn","message":"Page error: SyntaxError: Unexpected token '&'","meta":{"rootId":"naitdp9onp2pw6a","id":"naitdp9onp2pw6a"},"id":"7qvoulsw7a6dkqq","previousOperationId":"q2isiv3o9y9ppum"}
{"type":"log","timestamp":1675625416137,"level":"debug","message":"Running chrome with params {\"printBackground\":true,\"marginTop\":\"4cm\",\"marginRight\":\"1.5cm\",\"marginBottom\":\"1.5cm\",\"marginLeft\":\"1.5cm\",\"waitForJS\":false,\"timeout\":59695,\"margin\":{\"top\":\"4cm\",\"right\":\"1.5cm\",\"bottom\":\"1.5cm\",\"left\":\"1.5cm\"}}","meta":{"rootId":"naitdp9onp2pw6a","id":"naitdp9onp2pw6a"},"id":"2y2qs6ur0333j9s","previousOperationId":"q2isiv3o9y9ppum"}
{"type":"operationEnd","operationId":"q2isiv3o9y9ppum","timestamp":1675625416223,"id":"7m86gybqzx1h9as","previousEventId":"b27ulpffh6vfpd8","previousOperationId":"q2isiv3o9y9ppum"}
{"type":"log","timestamp":1675625416223,"level":"info","message":"pdf-utils is starting pdf processing","meta":{"rootId":"naitdp9onp2pw6a","id":"naitdp9onp2pw6a"},"id":"widz0d0vflpja69","previousOperationId":"q2isiv3o9y9ppum"}
{"type":"operationStart","subtype":"pdfUtils","name":"pdf utils","timestamp":1675625416223,"id":"r1cwxuxyn4n8g1f","previousEventId":"7m86gybqzx1h9as","operationId":"a7nsvtfnanppzdu","previousOperationId":"q2isiv3o9y9ppum"}
{"type":"log","timestamp":1675625416223,"level":"debug","message":"pdf-utils detected 1 pdf operation(s) to process","meta":{"rootId":"naitdp9onp2pw6a","id":"naitdp9onp2pw6a"},"id":"gyzbccsacp6ethr","previousOperationId":"a7nsvtfnanppzdu"}
{"type":"log","timestamp":1675625416245,"level":"debug","message":"pdf-utils running pdf operation merge","meta":{"rootId":"naitdp9onp2pw6a","id":"naitdp9onp2pw6a"},"id":"ucu6cjdwy8atqb7","previousOperationId":"a7nsvtfnanppzdu"}
{"type":"operationStart","subtype":"pdfUtilsMerge","name":"pdf utils merge","previousOperationId":"a7nsvtfnanppzdu","timestamp":1675625416245,"id":"97xuzoel47y0gf9","previousEventId":"r1cwxuxyn4n8g1f","operationId":"2g3sx9klwm4g0wb"}
{"type":"operationStart","subtype":"render","name":"orders-header","previousOperationId":"2g3sx9klwm4g0wb","timestamp":1675625416247,"id":"5lw263ya0utnklc","previousEventId":"97xuzoel47y0gf9","operationId":"1etnqr6crzp64zo"}
{"type":"log","timestamp":1675625416248,"level":"info","message":"Starting rendering (child) request","meta":{"rootId":"naitdp9onp2pw6a","id":"k84x30s7ucri5l8"},"id":"ddp6lqppvulhdq4","previousOperationId":"1etnqr6crzp64zo"}
{"type":"log","timestamp":1675625416248,"level":"info","message":"Rendering template { name: orders-header, recipe: chrome-pdf, engine: handlebars, preview: true }","meta":{"rootId":"naitdp9onp2pw6a","id":"k84x30s7ucri5l8"},"id":"p1w8vleauvzmeah","previousOperationId":"1etnqr6crzp64zo"}
{"type":"log","timestamp":1675625416250,"level":"debug","message":"Inline data specified.","meta":{"rootId":"naitdp9onp2pw6a","id":"k84x30s7ucri5l8"},"id":"z53lmj4upchopxh","previousOperationId":"1etnqr6crzp64zo"}
{"type":"log","timestamp":1675625416253,"level":"debug","message":"Base url not specified, skipping its injection.","meta":{"rootId":"naitdp9onp2pw6a","id":"k84x30s7ucri5l8"},"id":"bzgefpg7mpp4gy5","previousOperationId":"1etnqr6crzp64zo"}
{"type":"operationStart","subtype":"engine","name":"handlebars","timestamp":1675625416254,"id":"95mxbs7ylbat9ik","previousEventId":"5lw263ya0utnklc","operationId":"f2sysmub56vedup","previousOperationId":"1etnqr6crzp64zo"}
{"type":"log","timestamp":1675625416254,"level":"debug","message":"Rendering engine handlebars","meta":{"rootId":"naitdp9onp2pw6a","id":"k84x30s7ucri5l8"},"id":"9j114c4qhfhcukv","previousOperationId":"f2sysmub56vedup"}
{"type":"operationEnd","operationId":"f2sysmub56vedup","timestamp":1675625416273,"id":"geou75hsxn7ew4q","previousEventId":"95mxbs7ylbat9ik","previousOperationId":"f2sysmub56vedup"}
{"type":"operationStart","subtype":"recipe","name":"chrome-pdf","timestamp":1675625416273,"id":"vli3hcuho6m0jiz","previousEventId":"geou75hsxn7ew4q","operationId":"rhru5ykabn1960x","previousOperationId":"f2sysmub56vedup"}
{"type":"log","timestamp":1675625416273,"level":"debug","message":"Executing recipe chrome-pdf","meta":{"rootId":"naitdp9onp2pw6a","id":"k84x30s7ucri5l8"},"id":"oz3rpk0lxhj2c1w","previousOperationId":"rhru5ykabn1960x"}
{"type":"log","timestamp":1675625416276,"level":"debug","message":"Converting with chrome HeadlessChrome/105.0.5173.0 using chrome-pool strategy","meta":{"rootId":"naitdp9onp2pw6a","id":"k84x30s7ucri5l8"},"id":"bwct3rjn52l75vo","previousOperationId":"rhru5ykabn1960x"}
{"type":"log","timestamp":1675625416384,"level":"debug","message":"Page request: GET (document) file:///C:/Users/pollo/AppData/Local/Temp/jsreport/autocleanup/3caf124e-15bb-43a4-8b52-81ef134b2e30-chrome-pdf.html","meta":{"rootId":"naitdp9onp2pw6a","id":"k84x30s7ucri5l8"},"id":"pje7xh2yc8ngv0x","previousOperationId":"rhru5ykabn1960x"}
{"type":"log","timestamp":1675625416395,"level":"debug","message":"Page request finished: GET (document) 200 file:///C:/Users/pollo/AppData/Local/Temp/jsreport/autocleanup/3caf124e-15bb-43a4-8b52-81ef134b2e30-chrome-pdf.html","meta":{"rootId":"naitdp9onp2pw6a","id":"k84x30s7ucri5l8"},"id":"pr5cepbe8oigeeh","previousOperationId":"rhru5ykabn1960x"}
{"type":"log","timestamp":1675625416395,"level":"debug","message":"Page request: GET (stylesheet) https://cdnjs.cloudflare.com/ajax/libs/metro/4.1.5/css/metro.min.css","meta":{"rootId":"naitdp9onp2pw6a","id":"k84x30s7ucri5l8"},"id":"iw4uxyj11dgcfvd","previousOperationId":"rhru5ykabn1960x"}
{"type":"log","timestamp":1675625416417,"level":"debug","message":"Page request finished: GET (stylesheet) 200 https://cdnjs.cloudflare.com/ajax/libs/metro/4.1.5/css/metro.min.css","meta":{"rootId":"naitdp9onp2pw6a","id":"k84x30s7ucri5l8"},"id":"b0w4p1xhkz9lqqi","previousOperationId":"rhru5ykabn1960x"}
{"type":"log","timestamp":1675625416437,"level":"debug","message":"Running chrome with params {\"printBackground\":true,\"marginTop\":\"1.5cm\",\"marginRight\":\"1.5cm\",\"marginLeft\":\"1.cm\",\"timeout\":59373,\"margin\":{\"top\":\"1.5cm\",\"right\":\"1.5cm\",\"left\":\"1.cm\"}}","meta":{"rootId":"naitdp9onp2pw6a","id":"k84x30s7ucri5l8"},"id":"fxec2wofilcu7ug","previousOperationId":"rhru5ykabn1960x"}
{"type":"operationEnd","operationId":"rhru5ykabn1960x","timestamp":1675625416495,"id":"0ncc4y71hk0eahu","previousEventId":"vli3hcuho6m0jiz","previousOperationId":"rhru5ykabn1960x"}
{"type":"log","timestamp":1675625416495,"level":"debug","message":"Skipping storing report.","meta":{"rootId":"naitdp9onp2pw6a","id":"k84x30s7ucri5l8"},"id":"f4z1m2w2aqtg06c","previousOperationId":"rhru5ykabn1960x"}
{"type":"log","timestamp":1675625416497,"level":"info","message":"Rendering (child) request finished in 849 ms","meta":{"rootId":"naitdp9onp2pw6a","id":"k84x30s7ucri5l8"},"id":"96hnbpcetp9nrmc","previousOperationId":"rhru5ykabn1960x"}
{"type":"operationEnd","subtype":"render","operationId":"1etnqr6crzp64zo","timestamp":1675625416498,"id":"14nrbi7obpebstz","previousEventId":"0ncc4y71hk0eahu","previousOperationId":"rhru5ykabn1960x"}
{"type":"operationEnd","operationId":"2g3sx9klwm4g0wb","timestamp":1675625416504,"id":"tlsxhaa4l7q4i56","previousEventId":"97xuzoel47y0gf9","previousOperationId":"2g3sx9klwm4g0wb"}
{"type":"log","timestamp":1675625416504,"level":"debug","message":"pdf-utils postproces start","meta":{"rootId":"naitdp9onp2pw6a","id":"naitdp9onp2pw6a"},"id":"d201am2ys9ajo0g","previousOperationId":"2g3sx9klwm4g0wb"}
{"type":"log","timestamp":1675625416511,"level":"debug","message":"pdf-utils postproces end","meta":{"rootId":"naitdp9onp2pw6a","id":"naitdp9onp2pw6a"},"id":"dj9um6s0htpfnko","previousOperationId":"2g3sx9klwm4g0wb"}
{"type":"operationEnd","operationId":"a7nsvtfnanppzdu","timestamp":1675625416511,"id":"u1zczjhinz4otf7","previousEventId":"tlsxhaa4l7q4i56","previousOperationId":"2g3sx9klwm4g0wb"}
{"type":"log","timestamp":1675625416511,"level":"info","message":"pdf-utils pdf processing was finished","meta":{"rootId":"naitdp9onp2pw6a","id":"naitdp9onp2pw6a"},"id":"r8n57zk9i2gmqot","previousOperationId":"a7nsvtfnanppzdu"}
{"type":"log","timestamp":1675625416511,"level":"debug","message":"Skipping storing report.","meta":{"rootId":"naitdp9onp2pw6a","id":"naitdp9onp2pw6a"},"id":"muz0v9nrbpw3z1b","previousOperationId":"a7nsvtfnanppzdu"}
{"type":"log","timestamp":1675625416511,"level":"info","message":"Rendering request 4 finished in 863 ms","meta":{"rootId":"naitdp9onp2pw6a","id":"naitdp9onp2pw6a"},"id":"khzji45g4nti0oj","previousOperationId":"a7nsvtfnanppzdu"}
{"type":"operationEnd","subtype":"render","operationId":"689z8p74mags5sh","timestamp":1675625416511,"id":"phydvz5q95wpxyt","previousEventId":"u1zczjhinz4otf7","previousOperationId":"a7nsvtfnanppzdu"}
{"type":"operationEnd","doDiffs":false,"previousEventId":"uei40vd0ye3dmu3","previousOperationId":"u9fq94g5vdd6j5j","operationId":"u9fq94g5vdd6j5j","timestamp":1675625416519,"id":"evng2iu37ya3tj6"}
