{"type":"operationStart","subtype":"profile","data":{"_id":"b6TQ2FqvebnuQXdh","timestamp":"2023-02-06T16:17:11.546Z","state":"queued","mode":"standard","creationDate":"2023-02-06T16:17:11.548Z","modificationDate":"2023-02-06T16:17:11.548Z","shortid":"wuEqqYC","$entitySet":"profiles"},"doDiffs":false,"timestamp":1675700231547,"id":"6n3z5c562vtl50a","previousOperationId":null,"operationId":"u7zixf9xw4ropf4"}
{"type":"log","level":"info","message":"Render request 3 queued for execution and waiting for available worker","previousOperationId":"u7zixf9xw4ropf4","timestamp":1675700231547,"id":"npu7dlk3bqe5iib"}
{"type":"operationStart","subtype":"render","name":"orders-main","previousOperationId":"u7zixf9xw4ropf4","timestamp":1675700231558,"id":"3sji3g97ub8y63o","previousEventId":"6n3z5c562vtl50a","operationId":"4t12crxtqv3b2uv"}
{"type":"log","timestamp":1675700231558,"level":"info","message":"Starting rendering request 3","meta":{"rootId":"npunmmpqln0tax9","id":"npunmmpqln0tax9"},"id":"qhrj6p6z3qmneos","previousOperationId":"4t12crxtqv3b2uv"}
{"type":"log","timestamp":1675700231559,"level":"info","message":"Rendering template { name: orders-main, recipe: chrome-pdf, engine: handlebars, preview: true }","meta":{"rootId":"npunmmpqln0tax9","id":"npunmmpqln0tax9"},"id":"ozf7tgn4kh1fopv","previousOperationId":"4t12crxtqv3b2uv"}
{"type":"log","timestamp":1675700231560,"level":"debug","message":"Data item not defined for this template.","meta":{"rootId":"npunmmpqln0tax9","id":"npunmmpqln0tax9"},"id":"35ve5vui2iewkzf","previousOperationId":"4t12crxtqv3b2uv"}
{"type":"log","timestamp":1675700231563,"level":"debug","message":"Executing script orders-script (beforeRender)","meta":{"rootId":"npunmmpqln0tax9","id":"npunmmpqln0tax9"},"id":"s159nv1uj87knxa","previousOperationId":"4t12crxtqv3b2uv"}
{"type":"operationStart","subtype":"scriptsBeforeRender","name":"scripts beforeRender","timestamp":1675700231598,"id":"7rtblvm423rv6fn","previousEventId":"3sji3g97ub8y63o","operationId":"lefauslnabjblhp","previousOperationId":"4t12crxtqv3b2uv"}
{"type":"operationStart","subtype":"script","name":"scripts orders-script","previousOperationId":"lefauslnabjblhp","timestamp":1675700231598,"id":"ez6z4v4pyj20mp5","previousEventId":"7rtblvm423rv6fn","operationId":"jmnbz0v6ea6gw7d"}
{"type":"log","timestamp":1675700231874,"level":"debug","message":"(console:log) [ 2, 4 ]","meta":{"userLevel":true,"rootId":"npunmmpqln0tax9","id":"npunmmpqln0tax9"},"id":"wtc36ravjaatons","previousOperationId":"jmnbz0v6ea6gw7d"}
{"type":"operationEnd","operationId":"jmnbz0v6ea6gw7d","timestamp":1675700231875,"id":"6hlqvqp1hd3v9ud","previousEventId":"3sji3g97ub8y63o","previousOperationId":"4t12crxtqv3b2uv"}
{"type":"operationEnd","operationId":"lefauslnabjblhp","timestamp":1675700231875,"id":"kvyf9vos8ywew9z","previousEventId":"6hlqvqp1hd3v9ud","previousOperationId":"4t12crxtqv3b2uv"}
{"type":"log","timestamp":1675700231875,"level":"debug","message":"Base url not specified, skipping its injection.","meta":{"rootId":"npunmmpqln0tax9","id":"npunmmpqln0tax9"},"id":"qqrrzixw3grmjqf","previousOperationId":"lefauslnabjblhp"}
{"type":"operationStart","subtype":"engine","name":"handlebars","timestamp":1675700231875,"id":"yifhjdq6m9nynwi","previousEventId":"kvyf9vos8ywew9z","operationId":"qebcd5de7ges3by","previousOperationId":"lefauslnabjblhp"}
{"type":"log","timestamp":1675700231875,"level":"debug","message":"Rendering engine handlebars","meta":{"rootId":"npunmmpqln0tax9","id":"npunmmpqln0tax9"},"id":"quouinruppgvy1d","previousOperationId":"qebcd5de7ges3by"}
{"type":"operationEnd","operationId":"qebcd5de7ges3by","timestamp":1675700231884,"id":"dpvsmr3tcl8g8cy","previousEventId":"yifhjdq6m9nynwi","previousOperationId":"qebcd5de7ges3by"}
{"type":"operationStart","subtype":"recipe","name":"chrome-pdf","timestamp":1675700231885,"id":"zw4yixu1jvvfji0","previousEventId":"dpvsmr3tcl8g8cy","operationId":"50xe0b10x0xs0sa","previousOperationId":"qebcd5de7ges3by"}
{"type":"log","timestamp":1675700231885,"level":"debug","message":"Executing recipe chrome-pdf","meta":{"rootId":"npunmmpqln0tax9","id":"npunmmpqln0tax9"},"id":"26vbivuqrtdxjx6","previousOperationId":"50xe0b10x0xs0sa"}
{"type":"log","timestamp":1675700231887,"level":"debug","message":"Converting with chrome HeadlessChrome/105.0.5173.0 using chrome-pool strategy","meta":{"rootId":"npunmmpqln0tax9","id":"npunmmpqln0tax9"},"id":"75m08hp1n31cw5m","previousOperationId":"50xe0b10x0xs0sa"}
{"type":"log","timestamp":1675700231994,"level":"debug","message":"Page request: GET (document) file:///C:/Users/pollo/AppData/Local/Temp/jsreport/autocleanup/2d651cb4-5e4d-4603-ad8f-153867f49684-chrome-pdf.html","meta":{"rootId":"npunmmpqln0tax9","id":"npunmmpqln0tax9"},"id":"n9hkjj38xw88m0e","previousOperationId":"50xe0b10x0xs0sa"}
{"type":"log","timestamp":1675700232005,"level":"debug","message":"Page request finished: GET (document) 200 file:///C:/Users/pollo/AppData/Local/Temp/jsreport/autocleanup/2d651cb4-5e4d-4603-ad8f-153867f49684-chrome-pdf.html","meta":{"rootId":"npunmmpqln0tax9","id":"npunmmpqln0tax9"},"id":"4ocgpmyi2hu5wba","previousOperationId":"50xe0b10x0xs0sa"}
{"type":"log","timestamp":1675700232006,"level":"debug","message":"Page request: GET (stylesheet) https://cdnjs.cloudflare.com/ajax/libs/metro/4.1.5/css/metro.min.css","meta":{"rootId":"npunmmpqln0tax9","id":"npunmmpqln0tax9"},"id":"bc5dbmhs09df9pt","previousOperationId":"50xe0b10x0xs0sa"}
{"type":"log","timestamp":1675700232006,"level":"debug","message":"Page request: GET (script) https://cdn.jsdelivr.net/npm/chart.js","meta":{"rootId":"npunmmpqln0tax9","id":"npunmmpqln0tax9"},"id":"virsm5xmpzfdluw","previousOperationId":"50xe0b10x0xs0sa"}
{"type":"log","timestamp":1675700232013,"level":"debug","message":"Page request finished: GET (script) 200 https://cdn.jsdelivr.net/npm/chart.js","meta":{"rootId":"npunmmpqln0tax9","id":"npunmmpqln0tax9"},"id":"p9al3iakpkftgxw","previousOperationId":"50xe0b10x0xs0sa"}
{"type":"log","timestamp":1675700232031,"level":"debug","message":"Page request finished: GET (stylesheet) 200 https://cdnjs.cloudflare.com/ajax/libs/metro/4.1.5/css/metro.min.css","meta":{"rootId":"npunmmpqln0tax9","id":"npunmmpqln0tax9"},"id":"2s02qahsyaqydxh","previousOperationId":"50xe0b10x0xs0sa"}
{"type":"log","timestamp":1675700232143,"level":"debug","message":"Running chrome with params {\"printBackground\":true,\"marginTop\":\"4cm\",\"marginRight\":\"1.5cm\",\"marginBottom\":\"1.5cm\",\"marginLeft\":\"1.5cm\",\"waitForJS\":false,\"timeout\":59660,\"margin\":{\"top\":\"4cm\",\"right\":\"1.5cm\",\"bottom\":\"1.5cm\",\"left\":\"1.5cm\"}}","meta":{"rootId":"npunmmpqln0tax9","id":"npunmmpqln0tax9"},"id":"b526euh339r5hg6","previousOperationId":"50xe0b10x0xs0sa"}
{"type":"operationEnd","operationId":"50xe0b10x0xs0sa","timestamp":1675700232235,"id":"mzsuin2ugzitenq","previousEventId":"zw4yixu1jvvfji0","previousOperationId":"50xe0b10x0xs0sa"}
{"type":"log","timestamp":1675700232235,"level":"info","message":"pdf-utils is starting pdf processing","meta":{"rootId":"npunmmpqln0tax9","id":"npunmmpqln0tax9"},"id":"492z9phrzb7w6uj","previousOperationId":"50xe0b10x0xs0sa"}
{"type":"operationStart","subtype":"pdfUtils","name":"pdf utils","timestamp":1675700232235,"id":"rw3cxjf2jdd63us","previousEventId":"mzsuin2ugzitenq","operationId":"0kgja7j7gzwvixi","previousOperationId":"50xe0b10x0xs0sa"}
{"type":"log","timestamp":1675700232235,"level":"debug","message":"pdf-utils detected 1 pdf operation(s) to process","meta":{"rootId":"npunmmpqln0tax9","id":"npunmmpqln0tax9"},"id":"i9344rvcz63cbw9","previousOperationId":"0kgja7j7gzwvixi"}
{"type":"log","timestamp":1675700232268,"level":"debug","message":"pdf-utils running pdf operation merge","meta":{"rootId":"npunmmpqln0tax9","id":"npunmmpqln0tax9"},"id":"9ojyo1bu6wk2aof","previousOperationId":"0kgja7j7gzwvixi"}
{"type":"operationStart","subtype":"pdfUtilsMerge","name":"pdf utils merge","previousOperationId":"0kgja7j7gzwvixi","timestamp":1675700232268,"id":"v1c0mfri3oaf4pt","previousEventId":"rw3cxjf2jdd63us","operationId":"z3v9j2vilst9qwo"}
{"type":"operationStart","subtype":"render","name":"orders-header","previousOperationId":"z3v9j2vilst9qwo","timestamp":1675700232269,"id":"r09caeb9yhd6y60","previousEventId":"v1c0mfri3oaf4pt","operationId":"9r4h7qzt6kgw8x0"}
{"type":"log","timestamp":1675700232269,"level":"info","message":"Starting rendering (child) request","meta":{"rootId":"npunmmpqln0tax9","id":"bzzuh0eswq82xsj"},"id":"8bcdzno6r2l6o8s","previousOperationId":"9r4h7qzt6kgw8x0"}
{"type":"log","timestamp":1675700232269,"level":"info","message":"Rendering template { name: orders-header, recipe: chrome-pdf, engine: handlebars, preview: true }","meta":{"rootId":"npunmmpqln0tax9","id":"bzzuh0eswq82xsj"},"id":"xkba8heeuoihzts","previousOperationId":"9r4h7qzt6kgw8x0"}
{"type":"log","timestamp":1675700232271,"level":"debug","message":"Inline data specified.","meta":{"rootId":"npunmmpqln0tax9","id":"bzzuh0eswq82xsj"},"id":"9rz7op24nhq6wb2","previousOperationId":"9r4h7qzt6kgw8x0"}
{"type":"log","timestamp":1675700232282,"level":"debug","message":"Base url not specified, skipping its injection.","meta":{"rootId":"npunmmpqln0tax9","id":"bzzuh0eswq82xsj"},"id":"jvibpmywdptuuj3","previousOperationId":"9r4h7qzt6kgw8x0"}
{"type":"operationStart","subtype":"engine","name":"handlebars","timestamp":1675700232282,"id":"79t091akraorraf","previousEventId":"r09caeb9yhd6y60","operationId":"nbai62fvcsxyg29","previousOperationId":"9r4h7qzt6kgw8x0"}
{"type":"log","timestamp":1675700232282,"level":"debug","message":"Rendering engine handlebars","meta":{"rootId":"npunmmpqln0tax9","id":"bzzuh0eswq82xsj"},"id":"at4a9we4k7tia01","previousOperationId":"nbai62fvcsxyg29"}
{"type":"operationEnd","operationId":"nbai62fvcsxyg29","timestamp":1675700232296,"id":"cmpbgdyrzeiwyrm","previousEventId":"79t091akraorraf","previousOperationId":"nbai62fvcsxyg29"}
{"type":"operationStart","subtype":"recipe","name":"chrome-pdf","timestamp":1675700232296,"id":"x20vitj0nyvvatv","previousEventId":"cmpbgdyrzeiwyrm","operationId":"1ogc1cda3pod2g8","previousOperationId":"nbai62fvcsxyg29"}
{"type":"log","timestamp":1675700232296,"level":"debug","message":"Executing recipe chrome-pdf","meta":{"rootId":"npunmmpqln0tax9","id":"bzzuh0eswq82xsj"},"id":"kzsvllmkwxldpve","previousOperationId":"1ogc1cda3pod2g8"}
{"type":"log","timestamp":1675700232299,"level":"debug","message":"Converting with chrome HeadlessChrome/105.0.5173.0 using chrome-pool strategy","meta":{"rootId":"npunmmpqln0tax9","id":"bzzuh0eswq82xsj"},"id":"f4buq528i8oiwuo","previousOperationId":"1ogc1cda3pod2g8"}
{"type":"log","timestamp":1675700232407,"level":"debug","message":"Page request: GET (document) file:///C:/Users/pollo/AppData/Local/Temp/jsreport/autocleanup/49a5ed03-3a1a-4687-bf9f-f4328e9ed05b-chrome-pdf.html","meta":{"rootId":"npunmmpqln0tax9","id":"bzzuh0eswq82xsj"},"id":"a9ioasjt2h0w8ip","previousOperationId":"1ogc1cda3pod2g8"}
{"type":"log","timestamp":1675700232419,"level":"debug","message":"Page request finished: GET (document) 200 file:///C:/Users/pollo/AppData/Local/Temp/jsreport/autocleanup/49a5ed03-3a1a-4687-bf9f-f4328e9ed05b-chrome-pdf.html","meta":{"rootId":"npunmmpqln0tax9","id":"bzzuh0eswq82xsj"},"id":"pf89aldz90anf5g","previousOperationId":"1ogc1cda3pod2g8"}
{"type":"log","timestamp":1675700232419,"level":"debug","message":"Page request: GET (stylesheet) https://cdnjs.cloudflare.com/ajax/libs/metro/4.1.5/css/metro.min.css","meta":{"rootId":"npunmmpqln0tax9","id":"bzzuh0eswq82xsj"},"id":"hcemcfs5249zknn","previousOperationId":"1ogc1cda3pod2g8"}
{"type":"log","timestamp":1675700232444,"level":"debug","message":"Page request finished: GET (stylesheet) 200 https://cdnjs.cloudflare.com/ajax/libs/metro/4.1.5/css/metro.min.css","meta":{"rootId":"npunmmpqln0tax9","id":"bzzuh0eswq82xsj"},"id":"fo04f9utgocqtrj","previousOperationId":"1ogc1cda3pod2g8"}
{"type":"log","timestamp":1675700232466,"level":"debug","message":"Running chrome with params {\"printBackground\":true,\"marginTop\":\"1.5cm\",\"marginRight\":\"1.5cm\",\"marginLeft\":\"1.cm\",\"timeout\":59248,\"margin\":{\"top\":\"1.5cm\",\"right\":\"1.5cm\",\"left\":\"1.cm\"}}","meta":{"rootId":"npunmmpqln0tax9","id":"bzzuh0eswq82xsj"},"id":"dl8m8zwrf672asy","previousOperationId":"1ogc1cda3pod2g8"}
{"type":"operationEnd","operationId":"1ogc1cda3pod2g8","timestamp":1675700232527,"id":"v6fn9mcq0e5azte","previousEventId":"x20vitj0nyvvatv","previousOperationId":"1ogc1cda3pod2g8"}
{"type":"log","timestamp":1675700232527,"level":"debug","message":"Skipping storing report.","meta":{"rootId":"npunmmpqln0tax9","id":"bzzuh0eswq82xsj"},"id":"dvyxfu5ffc6pomx","previousOperationId":"1ogc1cda3pod2g8"}
{"type":"log","timestamp":1675700232527,"level":"info","message":"Rendering (child) request finished in 981 ms","meta":{"rootId":"npunmmpqln0tax9","id":"bzzuh0eswq82xsj"},"id":"8f8rddlwg24n125","previousOperationId":"1ogc1cda3pod2g8"}
{"type":"operationEnd","subtype":"render","operationId":"9r4h7qzt6kgw8x0","timestamp":1675700232527,"id":"wsamg7hhinfl7e7","previousEventId":"v6fn9mcq0e5azte","previousOperationId":"1ogc1cda3pod2g8"}
{"type":"operationEnd","operationId":"z3v9j2vilst9qwo","timestamp":1675700232535,"id":"v5924c6vsz7ksdc","previousEventId":"v1c0mfri3oaf4pt","previousOperationId":"z3v9j2vilst9qwo"}
{"type":"log","timestamp":1675700232535,"level":"debug","message":"pdf-utils postproces start","meta":{"rootId":"npunmmpqln0tax9","id":"npunmmpqln0tax9"},"id":"plp5hzi70p72szm","previousOperationId":"z3v9j2vilst9qwo"}
{"type":"log","timestamp":1675700232543,"level":"debug","message":"pdf-utils postproces end","meta":{"rootId":"npunmmpqln0tax9","id":"npunmmpqln0tax9"},"id":"pqojgdsu0hnerxs","previousOperationId":"z3v9j2vilst9qwo"}
{"type":"operationEnd","operationId":"0kgja7j7gzwvixi","timestamp":1675700232543,"id":"4mq7gyv242x50xl","previousEventId":"v5924c6vsz7ksdc","previousOperationId":"z3v9j2vilst9qwo"}
{"type":"log","timestamp":1675700232544,"level":"info","message":"pdf-utils pdf processing was finished","meta":{"rootId":"npunmmpqln0tax9","id":"npunmmpqln0tax9"},"id":"gouse0nzpfgluqz","previousOperationId":"0kgja7j7gzwvixi"}
{"type":"log","timestamp":1675700232544,"level":"debug","message":"Skipping storing report.","meta":{"rootId":"npunmmpqln0tax9","id":"npunmmpqln0tax9"},"id":"bv1uwiavdkoxyok","previousOperationId":"0kgja7j7gzwvixi"}
{"type":"log","timestamp":1675700232544,"level":"info","message":"Rendering request 3 finished in 998 ms","meta":{"rootId":"npunmmpqln0tax9","id":"npunmmpqln0tax9"},"id":"06ftini7mgjfxw2","previousOperationId":"0kgja7j7gzwvixi"}
{"type":"operationEnd","subtype":"render","operationId":"4t12crxtqv3b2uv","timestamp":1675700232544,"id":"849tkgeqjn724xd","previousEventId":"4mq7gyv242x50xl","previousOperationId":"0kgja7j7gzwvixi"}
{"type":"operationEnd","doDiffs":false,"previousEventId":"6n3z5c562vtl50a","previousOperationId":"u7zixf9xw4ropf4","operationId":"u7zixf9xw4ropf4","timestamp":1675700232551,"id":"yzct21idcscovqk"}
