{"type":"operationStart","subtype":"profile","data":{"_id":"90JdEFiFSAcmIgRy","timestamp":"2023-02-01T17:07:17.979Z","state":"queued","mode":"standard","creationDate":"2023-02-01T17:07:17.981Z","modificationDate":"2023-02-01T17:07:17.981Z","shortid":"aAWQEBr","$entitySet":"profiles"},"doDiffs":false,"timestamp":1675271237980,"id":"5jac3ftzguqvr4p","previousOperationId":null,"operationId":"cr7yss7h8ivj7ax"}
{"type":"log","level":"info","message":"Render request 4 queued for execution and waiting for available worker","previousOperationId":"cr7yss7h8ivj7ax","timestamp":1675271237981,"id":"s5yk0dzy50ko0eh"}
{"type":"operationStart","subtype":"render","name":"orders-main","previousOperationId":"cr7yss7h8ivj7ax","timestamp":1675271237991,"id":"ryjtkc5xe529mmj","previousEventId":"5jac3ftzguqvr4p","operationId":"7owweqq5jh72zqu"}
{"type":"log","timestamp":1675271237991,"level":"info","message":"Starting rendering request 4","meta":{"rootId":"o0oi0x33osp9mam","id":"o0oi0x33osp9mam"},"id":"vbsxnzzkfbpkxrc","previousOperationId":"7owweqq5jh72zqu"}
{"type":"log","timestamp":1675271237992,"level":"info","message":"Rendering template { name: orders-main, recipe: chrome-pdf, engine: handlebars, preview: true }","meta":{"rootId":"o0oi0x33osp9mam","id":"o0oi0x33osp9mam"},"id":"gwz9m78rlqsjrni","previousOperationId":"7owweqq5jh72zqu"}
{"type":"log","timestamp":1675271237993,"level":"debug","message":"Data item not defined for this template.","meta":{"rootId":"o0oi0x33osp9mam","id":"o0oi0x33osp9mam"},"id":"0oosex48cigxahj","previousOperationId":"7owweqq5jh72zqu"}
{"type":"log","timestamp":1675271237999,"level":"debug","message":"Executing script orders-script (beforeRender)","meta":{"rootId":"o0oi0x33osp9mam","id":"o0oi0x33osp9mam"},"id":"aimsnixg6phcy3a","previousOperationId":"7owweqq5jh72zqu"}
{"type":"operationStart","subtype":"scriptsBeforeRender","name":"scripts beforeRender","timestamp":1675271238034,"id":"lhs1m9mbb42s7dp","previousEventId":"ryjtkc5xe529mmj","operationId":"93boqsrnrif10iu","previousOperationId":"7owweqq5jh72zqu"}
{"type":"operationStart","subtype":"script","name":"scripts orders-script","previousOperationId":"93boqsrnrif10iu","timestamp":1675271238034,"id":"jy3kwfxl9wtj3xj","previousEventId":"lhs1m9mbb42s7dp","operationId":"mwb8mmpxxem9njm"}
{"type":"log","timestamp":1675271238034,"level":"debug","message":"(console:log) AAAAAAAAAAAAAAAAAAAAAAA  undefined","meta":{"userLevel":true,"rootId":"o0oi0x33osp9mam","id":"o0oi0x33osp9mam"},"id":"rvucvdgzdhrwrcj","previousOperationId":"mwb8mmpxxem9njm"}
{"type":"log","timestamp":1675271238288,"level":"debug","message":"(console:log) {\n  data: [\n    {\n      id: 1,\n      name: 'Antonio',\n      description: 'Aclamado director de la Orquesta Filarmónica de Gran Canaria'\n    },\n    {\n      id: 3,\n      name: 'Juana de Armas',\n      description: 'Aclamada directora de la Orquesta Filarmónica de Gran Canaria'\n    }\n  ]\n}","meta":{"userLevel":true,"rootId":"o0oi0x33osp9mam","id":"o0oi0x33osp9mam"},"id":"87zbd3i1a5pe6al","previousOperationId":"mwb8mmpxxem9njm"}
{"type":"operationEnd","operationId":"mwb8mmpxxem9njm","timestamp":1675271238288,"id":"q714n8wwm5kuc6n","previousEventId":"ryjtkc5xe529mmj","previousOperationId":"7owweqq5jh72zqu"}
{"type":"operationEnd","operationId":"93boqsrnrif10iu","timestamp":1675271238289,"id":"3elj554i0mi5n0t","previousEventId":"q714n8wwm5kuc6n","previousOperationId":"7owweqq5jh72zqu"}
{"type":"log","timestamp":1675271238289,"level":"debug","message":"Base url not specified, skipping its injection.","meta":{"rootId":"o0oi0x33osp9mam","id":"o0oi0x33osp9mam"},"id":"39vs947z466x5y5","previousOperationId":"93boqsrnrif10iu"}
{"type":"operationStart","subtype":"engine","name":"handlebars","timestamp":1675271238289,"id":"8nt47scj76g5slg","previousEventId":"3elj554i0mi5n0t","operationId":"v2eh0lv09t6ftr9","previousOperationId":"93boqsrnrif10iu"}
{"type":"log","timestamp":1675271238289,"level":"debug","message":"Rendering engine handlebars","meta":{"rootId":"o0oi0x33osp9mam","id":"o0oi0x33osp9mam"},"id":"35ole71yxk48ebz","previousOperationId":"v2eh0lv09t6ftr9"}
{"type":"operationEnd","operationId":"v2eh0lv09t6ftr9","timestamp":1675271238303,"id":"zbcu9laxynn4bwi","previousEventId":"8nt47scj76g5slg","previousOperationId":"v2eh0lv09t6ftr9"}
{"type":"operationStart","subtype":"recipe","name":"chrome-pdf","timestamp":1675271238303,"id":"l1coeppmpls4eml","previousEventId":"zbcu9laxynn4bwi","operationId":"cjep032hg9n54ev","previousOperationId":"v2eh0lv09t6ftr9"}
{"type":"log","timestamp":1675271238303,"level":"debug","message":"Executing recipe chrome-pdf","meta":{"rootId":"o0oi0x33osp9mam","id":"o0oi0x33osp9mam"},"id":"pxe82cyengedzru","previousOperationId":"cjep032hg9n54ev"}
{"type":"log","timestamp":1675271238306,"level":"debug","message":"Converting with chrome HeadlessChrome/105.0.5173.0 using chrome-pool strategy","meta":{"rootId":"o0oi0x33osp9mam","id":"o0oi0x33osp9mam"},"id":"5ht1qektzph5tz6","previousOperationId":"cjep032hg9n54ev"}
{"type":"log","timestamp":1675271238410,"level":"debug","message":"Page request: GET (document) file:///C:/Users/pollo/AppData/Local/Temp/jsreport/autocleanup/813e8ca0-be01-4c6f-99f4-73213142b839-chrome-pdf.html","meta":{"rootId":"o0oi0x33osp9mam","id":"o0oi0x33osp9mam"},"id":"qy3fteks96ymnm4","previousOperationId":"cjep032hg9n54ev"}
{"type":"log","timestamp":1675271238419,"level":"debug","message":"Page request finished: GET (document) 200 file:///C:/Users/pollo/AppData/Local/Temp/jsreport/autocleanup/813e8ca0-be01-4c6f-99f4-73213142b839-chrome-pdf.html","meta":{"rootId":"o0oi0x33osp9mam","id":"o0oi0x33osp9mam"},"id":"8f7nlca0dn2mc5e","previousOperationId":"cjep032hg9n54ev"}
{"type":"log","timestamp":1675271238419,"level":"debug","message":"Page request: GET (stylesheet) https://cdnjs.cloudflare.com/ajax/libs/metro/4.1.5/css/metro.min.css","meta":{"rootId":"o0oi0x33osp9mam","id":"o0oi0x33osp9mam"},"id":"7cqugrk13pwnwci","previousOperationId":"cjep032hg9n54ev"}
{"type":"log","timestamp":1675271238420,"level":"debug","message":"Page request: GET (script) https://cdnjs.cloudflare.com/ajax/libs/Chart.js/2.7.2/Chart.min.js","meta":{"rootId":"o0oi0x33osp9mam","id":"o0oi0x33osp9mam"},"id":"p7rd54hun336je5","previousOperationId":"cjep032hg9n54ev"}
{"type":"log","timestamp":1675271238428,"level":"debug","message":"Page request finished: GET (script) 200 https://cdnjs.cloudflare.com/ajax/libs/Chart.js/2.7.2/Chart.min.js","meta":{"rootId":"o0oi0x33osp9mam","id":"o0oi0x33osp9mam"},"id":"lwz4h8iv01v21sz","previousOperationId":"cjep032hg9n54ev"}
{"type":"log","timestamp":1675271238445,"level":"debug","message":"Page request finished: GET (stylesheet) 200 https://cdnjs.cloudflare.com/ajax/libs/metro/4.1.5/css/metro.min.css","meta":{"rootId":"o0oi0x33osp9mam","id":"o0oi0x33osp9mam"},"id":"g8l1m6f73h32wc8","previousOperationId":"cjep032hg9n54ev"}
{"type":"log","timestamp":1675271238476,"level":"debug","message":"Running chrome with params {\"printBackground\":true,\"marginTop\":\"4cm\",\"marginRight\":\"1.5cm\",\"marginBottom\":\"1.5cm\",\"marginLeft\":\"1.5cm\",\"waitForJS\":false,\"timeout\":59674,\"margin\":{\"top\":\"4cm\",\"right\":\"1.5cm\",\"bottom\":\"1.5cm\",\"left\":\"1.5cm\"}}","meta":{"rootId":"o0oi0x33osp9mam","id":"o0oi0x33osp9mam"},"id":"sqx47y8s0l5c37h","previousOperationId":"cjep032hg9n54ev"}
{"type":"operationEnd","operationId":"cjep032hg9n54ev","timestamp":1675271238542,"id":"anhobt5zlzrvzd5","previousEventId":"l1coeppmpls4eml","previousOperationId":"cjep032hg9n54ev"}
{"type":"log","timestamp":1675271238542,"level":"info","message":"pdf-utils is starting pdf processing","meta":{"rootId":"o0oi0x33osp9mam","id":"o0oi0x33osp9mam"},"id":"3zqgpzusi3bs261","previousOperationId":"cjep032hg9n54ev"}
{"type":"operationStart","subtype":"pdfUtils","name":"pdf utils","timestamp":1675271238543,"id":"l1rl3zdj2c4lf4d","previousEventId":"anhobt5zlzrvzd5","operationId":"gl2cu0bzam6a584","previousOperationId":"cjep032hg9n54ev"}
{"type":"log","timestamp":1675271238543,"level":"debug","message":"pdf-utils detected 1 pdf operation(s) to process","meta":{"rootId":"o0oi0x33osp9mam","id":"o0oi0x33osp9mam"},"id":"i13bm28jwoohwzr","previousOperationId":"gl2cu0bzam6a584"}
{"type":"log","timestamp":1675271238563,"level":"debug","message":"pdf-utils running pdf operation merge","meta":{"rootId":"o0oi0x33osp9mam","id":"o0oi0x33osp9mam"},"id":"mlhi0h148qwxhqt","previousOperationId":"gl2cu0bzam6a584"}
{"type":"operationStart","subtype":"pdfUtilsMerge","name":"pdf utils merge","previousOperationId":"gl2cu0bzam6a584","timestamp":1675271238563,"id":"wzw7xmwytezjgt4","previousEventId":"l1rl3zdj2c4lf4d","operationId":"p7gz4qrzp1ab9gs"}
{"type":"operationStart","subtype":"render","name":"orders-header","previousOperationId":"p7gz4qrzp1ab9gs","timestamp":1675271238565,"id":"4mx10t4gylxr8hi","previousEventId":"wzw7xmwytezjgt4","operationId":"9zo4di0f25qh14r"}
{"type":"log","timestamp":1675271238565,"level":"info","message":"Starting rendering (child) request","meta":{"rootId":"o0oi0x33osp9mam","id":"7tagb5m2ktt1mvh"},"id":"gsh9tjclzb6qzdc","previousOperationId":"9zo4di0f25qh14r"}
{"type":"log","timestamp":1675271238566,"level":"info","message":"Rendering template { name: orders-header, recipe: chrome-pdf, engine: handlebars, preview: true }","meta":{"rootId":"o0oi0x33osp9mam","id":"7tagb5m2ktt1mvh"},"id":"e7xm20age2rutgq","previousOperationId":"9zo4di0f25qh14r"}
{"type":"log","timestamp":1675271238567,"level":"debug","message":"Inline data specified.","meta":{"rootId":"o0oi0x33osp9mam","id":"7tagb5m2ktt1mvh"},"id":"jfadhsi8xgwf57w","previousOperationId":"9zo4di0f25qh14r"}
{"type":"log","timestamp":1675271238570,"level":"debug","message":"Base url not specified, skipping its injection.","meta":{"rootId":"o0oi0x33osp9mam","id":"7tagb5m2ktt1mvh"},"id":"91qr7tavfpu9zdj","previousOperationId":"9zo4di0f25qh14r"}
{"type":"operationStart","subtype":"engine","name":"handlebars","timestamp":1675271238570,"id":"qam0taxr7t3pjzi","previousEventId":"4mx10t4gylxr8hi","operationId":"01tzwx8fi8ql812","previousOperationId":"9zo4di0f25qh14r"}
{"type":"log","timestamp":1675271238570,"level":"debug","message":"Rendering engine handlebars","meta":{"rootId":"o0oi0x33osp9mam","id":"7tagb5m2ktt1mvh"},"id":"5sf7kr4ono1ng8v","previousOperationId":"01tzwx8fi8ql812"}
{"type":"operationEnd","operationId":"01tzwx8fi8ql812","timestamp":1675271238598,"id":"e2rj5oou5lyoach","previousEventId":"qam0taxr7t3pjzi","previousOperationId":"01tzwx8fi8ql812"}
{"type":"operationStart","subtype":"recipe","name":"chrome-pdf","timestamp":1675271238599,"id":"mo6zy4g7kltyo8m","previousEventId":"e2rj5oou5lyoach","operationId":"xoe8ax6n3nxh194","previousOperationId":"01tzwx8fi8ql812"}
{"type":"log","timestamp":1675271238599,"level":"debug","message":"Executing recipe chrome-pdf","meta":{"rootId":"o0oi0x33osp9mam","id":"7tagb5m2ktt1mvh"},"id":"vswhrwdoaun0nh6","previousOperationId":"xoe8ax6n3nxh194"}
{"type":"log","timestamp":1675271238601,"level":"debug","message":"Converting with chrome HeadlessChrome/105.0.5173.0 using chrome-pool strategy","meta":{"rootId":"o0oi0x33osp9mam","id":"7tagb5m2ktt1mvh"},"id":"hzydvgauchog5bv","previousOperationId":"xoe8ax6n3nxh194"}
{"type":"log","timestamp":1675271238714,"level":"debug","message":"Page request: GET (document) file:///C:/Users/pollo/AppData/Local/Temp/jsreport/autocleanup/6b63947c-313c-411c-8c9d-a8ff2625466a-chrome-pdf.html","meta":{"rootId":"o0oi0x33osp9mam","id":"7tagb5m2ktt1mvh"},"id":"85bluka4kq6527r","previousOperationId":"xoe8ax6n3nxh194"}
{"type":"log","timestamp":1675271238723,"level":"debug","message":"Page request finished: GET (document) 200 file:///C:/Users/pollo/AppData/Local/Temp/jsreport/autocleanup/6b63947c-313c-411c-8c9d-a8ff2625466a-chrome-pdf.html","meta":{"rootId":"o0oi0x33osp9mam","id":"7tagb5m2ktt1mvh"},"id":"cypnfje2tftg7pi","previousOperationId":"xoe8ax6n3nxh194"}
{"type":"log","timestamp":1675271238724,"level":"debug","message":"Page request: GET (stylesheet) https://cdnjs.cloudflare.com/ajax/libs/metro/4.1.5/css/metro.min.css","meta":{"rootId":"o0oi0x33osp9mam","id":"7tagb5m2ktt1mvh"},"id":"tqe3848fx0x6k2n","previousOperationId":"xoe8ax6n3nxh194"}
{"type":"log","timestamp":1675271238752,"level":"debug","message":"Page request finished: GET (stylesheet) 200 https://cdnjs.cloudflare.com/ajax/libs/metro/4.1.5/css/metro.min.css","meta":{"rootId":"o0oi0x33osp9mam","id":"7tagb5m2ktt1mvh"},"id":"mq13xxnm498by2r","previousOperationId":"xoe8ax6n3nxh194"}
{"type":"log","timestamp":1675271238778,"level":"debug","message":"Running chrome with params {\"printBackground\":true,\"marginTop\":\"1.5cm\",\"marginRight\":\"1.5cm\",\"marginLeft\":\"1.cm\",\"timeout\":59379,\"margin\":{\"top\":\"1.5cm\",\"right\":\"1.5cm\",\"left\":\"1.cm\"}}","meta":{"rootId":"o0oi0x33osp9mam","id":"7tagb5m2ktt1mvh"},"id":"nlrxdgs97u68pv7","previousOperationId":"xoe8ax6n3nxh194"}
{"type":"operationEnd","operationId":"xoe8ax6n3nxh194","timestamp":1675271238835,"id":"1wjp39kt4tk9rfm","previousEventId":"mo6zy4g7kltyo8m","previousOperationId":"xoe8ax6n3nxh194"}
{"type":"log","timestamp":1675271238835,"level":"debug","message":"Skipping storing report.","meta":{"rootId":"o0oi0x33osp9mam","id":"7tagb5m2ktt1mvh"},"id":"gd8e4jeua8br3ky","previousOperationId":"xoe8ax6n3nxh194"}
{"type":"log","timestamp":1675271238835,"level":"info","message":"Rendering (child) request finished in 856 ms","meta":{"rootId":"o0oi0x33osp9mam","id":"7tagb5m2ktt1mvh"},"id":"qao8ybhacnvw9g0","previousOperationId":"xoe8ax6n3nxh194"}
{"type":"operationEnd","subtype":"render","operationId":"9zo4di0f25qh14r","timestamp":1675271238835,"id":"57gf71drvww2rk3","previousEventId":"1wjp39kt4tk9rfm","previousOperationId":"xoe8ax6n3nxh194"}
{"type":"operationEnd","operationId":"p7gz4qrzp1ab9gs","timestamp":1675271238843,"id":"3ekwkmyj3wcsdp8","previousEventId":"wzw7xmwytezjgt4","previousOperationId":"p7gz4qrzp1ab9gs"}
{"type":"log","timestamp":1675271238844,"level":"debug","message":"pdf-utils postproces start","meta":{"rootId":"o0oi0x33osp9mam","id":"o0oi0x33osp9mam"},"id":"fzu9nud6nnltxlx","previousOperationId":"p7gz4qrzp1ab9gs"}
{"type":"log","timestamp":1675271238849,"level":"debug","message":"pdf-utils postproces end","meta":{"rootId":"o0oi0x33osp9mam","id":"o0oi0x33osp9mam"},"id":"1drfjv7uz3lz6fg","previousOperationId":"p7gz4qrzp1ab9gs"}
{"type":"operationEnd","operationId":"gl2cu0bzam6a584","timestamp":1675271238849,"id":"hk87cu5rdqp7qhg","previousEventId":"3ekwkmyj3wcsdp8","previousOperationId":"p7gz4qrzp1ab9gs"}
{"type":"log","timestamp":1675271238849,"level":"info","message":"pdf-utils pdf processing was finished","meta":{"rootId":"o0oi0x33osp9mam","id":"o0oi0x33osp9mam"},"id":"y1rfbs8olhc842k","previousOperationId":"gl2cu0bzam6a584"}
{"type":"log","timestamp":1675271238849,"level":"debug","message":"Skipping storing report.","meta":{"rootId":"o0oi0x33osp9mam","id":"o0oi0x33osp9mam"},"id":"pudkzmb24xfbiov","previousOperationId":"gl2cu0bzam6a584"}
{"type":"log","timestamp":1675271238849,"level":"info","message":"Rendering request 4 finished in 870 ms","meta":{"rootId":"o0oi0x33osp9mam","id":"o0oi0x33osp9mam"},"id":"rc47z7jbysw9anl","previousOperationId":"gl2cu0bzam6a584"}
{"type":"operationEnd","subtype":"render","operationId":"7owweqq5jh72zqu","timestamp":1675271238849,"id":"2p812s2vm8zbqt7","previousEventId":"hk87cu5rdqp7qhg","previousOperationId":"gl2cu0bzam6a584"}
{"type":"operationEnd","doDiffs":false,"previousEventId":"5jac3ftzguqvr4p","previousOperationId":"cr7yss7h8ivj7ax","operationId":"cr7yss7h8ivj7ax","timestamp":1675271238864,"id":"n3pw6s4wjznt2nx"}
