{"type":"operationStart","subtype":"profile","data":{"_id":"3h4GhurGCKycGqUo","timestamp":"2023-02-01T17:14:55.524Z","state":"queued","mode":"standard","creationDate":"2023-02-01T17:14:55.527Z","modificationDate":"2023-02-01T17:14:55.527Z","shortid":"lDzjDZ-","$entitySet":"profiles"},"doDiffs":false,"timestamp":1675271695526,"id":"4uuxvja6z5juyeu","previousOperationId":null,"operationId":"u5i5rck8xusx9uk"}
{"type":"log","level":"info","message":"Render request 16 queued for execution and waiting for available worker","previousOperationId":"u5i5rck8xusx9uk","timestamp":1675271695526,"id":"xhse2pnbc6wylm0"}
{"type":"operationStart","subtype":"render","name":"orders-main","previousOperationId":"u5i5rck8xusx9uk","timestamp":1675271695537,"id":"n57njneis6bfk2v","previousEventId":"4uuxvja6z5juyeu","operationId":"d2nuzxw1wbmt6sd"}
{"type":"log","timestamp":1675271695537,"level":"info","message":"Starting rendering request 16","meta":{"rootId":"o17qpbb924dlwl0","id":"o17qpbb924dlwl0"},"id":"3q39dbzquiv9ch8","previousOperationId":"d2nuzxw1wbmt6sd"}
{"type":"log","timestamp":1675271695538,"level":"info","message":"Rendering template { name: orders-main, recipe: chrome-pdf, engine: handlebars, preview: true }","meta":{"rootId":"o17qpbb924dlwl0","id":"o17qpbb924dlwl0"},"id":"k47x62bsyubdr44","previousOperationId":"d2nuzxw1wbmt6sd"}
{"type":"log","timestamp":1675271695540,"level":"debug","message":"Data item not defined for this template.","meta":{"rootId":"o17qpbb924dlwl0","id":"o17qpbb924dlwl0"},"id":"i74xnlrmrb8vo8u","previousOperationId":"d2nuzxw1wbmt6sd"}
{"type":"log","timestamp":1675271695542,"level":"debug","message":"Executing script orders-script (beforeRender)","meta":{"rootId":"o17qpbb924dlwl0","id":"o17qpbb924dlwl0"},"id":"lr3h92zjc50s29r","previousOperationId":"d2nuzxw1wbmt6sd"}
{"type":"operationStart","subtype":"scriptsBeforeRender","name":"scripts beforeRender","timestamp":1675271695578,"id":"ewgu8phivlrqfxo","previousEventId":"n57njneis6bfk2v","operationId":"w25p2dcbnu806dg","previousOperationId":"d2nuzxw1wbmt6sd"}
{"type":"operationStart","subtype":"script","name":"scripts orders-script","previousOperationId":"w25p2dcbnu806dg","timestamp":1675271695578,"id":"g5ky3h13rgpi61e","previousEventId":"ewgu8phivlrqfxo","operationId":"g0vdfxypyrls0me"}
{"type":"log","timestamp":1675271695578,"level":"debug","message":"(console:log) AAAAAAAAAAAAAAAAAAAAAAA  undefined","meta":{"userLevel":true,"rootId":"o17qpbb924dlwl0","id":"o17qpbb924dlwl0"},"id":"utvxu6js2n2s3u2","previousOperationId":"g0vdfxypyrls0me"}
{"type":"log","timestamp":1675271695857,"level":"debug","message":"(console:log) [\n  {\n    id: 1,\n    name: 'Antonio',\n    description: 'Aclamado director de la Orquesta Filarmónica de Gran Canaria'\n  },\n  {\n    id: 3,\n    name: 'Juana de Armas',\n    description: 'Aclamada directora de la Orquesta Filarmónica de Gran Canaria'\n  }\n]","meta":{"userLevel":true,"rootId":"o17qpbb924dlwl0","id":"o17qpbb924dlwl0"},"id":"f6sxuuzu6xpxzng","previousOperationId":"g0vdfxypyrls0me"}
{"type":"operationEnd","operationId":"g0vdfxypyrls0me","timestamp":1675271695857,"id":"whf7qu6jjsnbzqd","previousEventId":"n57njneis6bfk2v","previousOperationId":"d2nuzxw1wbmt6sd"}
{"type":"operationEnd","operationId":"w25p2dcbnu806dg","timestamp":1675271695857,"id":"9r5p1djl45vi0rk","previousEventId":"whf7qu6jjsnbzqd","previousOperationId":"d2nuzxw1wbmt6sd"}
{"type":"log","timestamp":1675271695857,"level":"debug","message":"Base url not specified, skipping its injection.","meta":{"rootId":"o17qpbb924dlwl0","id":"o17qpbb924dlwl0"},"id":"73x4jj9g7m976rs","previousOperationId":"w25p2dcbnu806dg"}
{"type":"operationStart","subtype":"engine","name":"handlebars","timestamp":1675271695857,"id":"rqty09r51xxok5u","previousEventId":"9r5p1djl45vi0rk","operationId":"91rfp6lb2vfjoxp","previousOperationId":"w25p2dcbnu806dg"}
{"type":"log","timestamp":1675271695857,"level":"debug","message":"Rendering engine handlebars","meta":{"rootId":"o17qpbb924dlwl0","id":"o17qpbb924dlwl0"},"id":"4mzmw6cepk12ess","previousOperationId":"91rfp6lb2vfjoxp"}
{"type":"operationEnd","operationId":"91rfp6lb2vfjoxp","timestamp":1675271695872,"id":"1aih6hkz23kbtl5","previousEventId":"rqty09r51xxok5u","previousOperationId":"91rfp6lb2vfjoxp"}
{"type":"operationStart","subtype":"recipe","name":"chrome-pdf","timestamp":1675271695872,"id":"1c32s40d3fjloxk","previousEventId":"1aih6hkz23kbtl5","operationId":"bjzi4t2qgjwvqlj","previousOperationId":"91rfp6lb2vfjoxp"}
{"type":"log","timestamp":1675271695872,"level":"debug","message":"Executing recipe chrome-pdf","meta":{"rootId":"o17qpbb924dlwl0","id":"o17qpbb924dlwl0"},"id":"fwqxbzhp9eteylc","previousOperationId":"bjzi4t2qgjwvqlj"}
{"type":"log","timestamp":1675271695877,"level":"debug","message":"Converting with chrome HeadlessChrome/105.0.5173.0 using chrome-pool strategy","meta":{"rootId":"o17qpbb924dlwl0","id":"o17qpbb924dlwl0"},"id":"rch10ri4i3nrmsr","previousOperationId":"bjzi4t2qgjwvqlj"}
{"type":"log","timestamp":1675271695971,"level":"debug","message":"Page request: GET (document) file:///C:/Users/pollo/AppData/Local/Temp/jsreport/autocleanup/9cb8c805-bcbd-4db3-bd8e-8086a29f5f79-chrome-pdf.html","meta":{"rootId":"o17qpbb924dlwl0","id":"o17qpbb924dlwl0"},"id":"amceyijrwz5ulra","previousOperationId":"bjzi4t2qgjwvqlj"}
{"type":"log","timestamp":1675271695989,"level":"debug","message":"Page request: GET (stylesheet) https://cdnjs.cloudflare.com/ajax/libs/metro/4.1.5/css/metro.min.css","meta":{"rootId":"o17qpbb924dlwl0","id":"o17qpbb924dlwl0"},"id":"43w3so2ohiq1o88","previousOperationId":"bjzi4t2qgjwvqlj"}
{"type":"log","timestamp":1675271695989,"level":"debug","message":"Page request finished: GET (document) 200 file:///C:/Users/pollo/AppData/Local/Temp/jsreport/autocleanup/9cb8c805-bcbd-4db3-bd8e-8086a29f5f79-chrome-pdf.html","meta":{"rootId":"o17qpbb924dlwl0","id":"o17qpbb924dlwl0"},"id":"rtujhxtswzbclxn","previousOperationId":"bjzi4t2qgjwvqlj"}
{"type":"log","timestamp":1675271695989,"level":"debug","message":"Page request: GET (script) https://cdnjs.cloudflare.com/ajax/libs/Chart.js/2.7.2/Chart.min.js","meta":{"rootId":"o17qpbb924dlwl0","id":"o17qpbb924dlwl0"},"id":"vqmgyelny0o6115","previousOperationId":"bjzi4t2qgjwvqlj"}
{"type":"log","timestamp":1675271695996,"level":"debug","message":"Page request finished: GET (script) 200 https://cdnjs.cloudflare.com/ajax/libs/Chart.js/2.7.2/Chart.min.js","meta":{"rootId":"o17qpbb924dlwl0","id":"o17qpbb924dlwl0"},"id":"sry88cdncfjh511","previousOperationId":"bjzi4t2qgjwvqlj"}
{"type":"log","timestamp":1675271696013,"level":"debug","message":"Page request finished: GET (stylesheet) 200 https://cdnjs.cloudflare.com/ajax/libs/metro/4.1.5/css/metro.min.css","meta":{"rootId":"o17qpbb924dlwl0","id":"o17qpbb924dlwl0"},"id":"j6t0dox1hxcsszn","previousOperationId":"bjzi4t2qgjwvqlj"}
{"type":"log","timestamp":1675271696025,"level":"debug","message":"Running chrome with params {\"printBackground\":true,\"marginTop\":\"4cm\",\"marginRight\":\"1.5cm\",\"marginBottom\":\"1.5cm\",\"marginLeft\":\"1.5cm\",\"waitForJS\":false,\"timeout\":59648,\"margin\":{\"top\":\"4cm\",\"right\":\"1.5cm\",\"bottom\":\"1.5cm\",\"left\":\"1.5cm\"}}","meta":{"rootId":"o17qpbb924dlwl0","id":"o17qpbb924dlwl0"},"id":"cfz4ui3wsppxsu9","previousOperationId":"bjzi4t2qgjwvqlj"}
{"type":"operationEnd","operationId":"bjzi4t2qgjwvqlj","timestamp":1675271696056,"id":"7zizaay37m9uvqm","previousEventId":"1c32s40d3fjloxk","previousOperationId":"bjzi4t2qgjwvqlj"}
{"type":"log","timestamp":1675271696057,"level":"info","message":"pdf-utils is starting pdf processing","meta":{"rootId":"o17qpbb924dlwl0","id":"o17qpbb924dlwl0"},"id":"xsv8m4pfb4sn2ut","previousOperationId":"bjzi4t2qgjwvqlj"}
{"type":"operationStart","subtype":"pdfUtils","name":"pdf utils","timestamp":1675271696057,"id":"h05jitr0s8qa1cl","previousEventId":"7zizaay37m9uvqm","operationId":"2xe75pj74cqij10","previousOperationId":"bjzi4t2qgjwvqlj"}
{"type":"log","timestamp":1675271696057,"level":"debug","message":"pdf-utils detected 1 pdf operation(s) to process","meta":{"rootId":"o17qpbb924dlwl0","id":"o17qpbb924dlwl0"},"id":"3s3zik25o3eq82v","previousOperationId":"2xe75pj74cqij10"}
{"type":"log","timestamp":1675271696062,"level":"debug","message":"pdf-utils running pdf operation merge","meta":{"rootId":"o17qpbb924dlwl0","id":"o17qpbb924dlwl0"},"id":"z6b6lsmd2bjjlti","previousOperationId":"2xe75pj74cqij10"}
{"type":"operationStart","subtype":"pdfUtilsMerge","name":"pdf utils merge","previousOperationId":"2xe75pj74cqij10","timestamp":1675271696062,"id":"tu2avprpwteqvol","previousEventId":"h05jitr0s8qa1cl","operationId":"06myepbw5rauq86"}
{"type":"operationStart","subtype":"render","name":"orders-header","previousOperationId":"06myepbw5rauq86","timestamp":1675271696065,"id":"o7276fhmrffo9no","previousEventId":"tu2avprpwteqvol","operationId":"cachabutff5pn6r"}
{"type":"log","timestamp":1675271696065,"level":"info","message":"Starting rendering (child) request","meta":{"rootId":"o17qpbb924dlwl0","id":"rykn3nemqrjgum7"},"id":"cbm7ndah62lhflg","previousOperationId":"cachabutff5pn6r"}
{"type":"log","timestamp":1675271696065,"level":"info","message":"Rendering template { name: orders-header, recipe: chrome-pdf, engine: handlebars, preview: true }","meta":{"rootId":"o17qpbb924dlwl0","id":"rykn3nemqrjgum7"},"id":"csgdfa5jiv4t98s","previousOperationId":"cachabutff5pn6r"}
{"type":"log","timestamp":1675271696066,"level":"debug","message":"Inline data specified.","meta":{"rootId":"o17qpbb924dlwl0","id":"rykn3nemqrjgum7"},"id":"rs6j1suw6065yxd","previousOperationId":"cachabutff5pn6r"}
{"type":"log","timestamp":1675271696071,"level":"debug","message":"Base url not specified, skipping its injection.","meta":{"rootId":"o17qpbb924dlwl0","id":"rykn3nemqrjgum7"},"id":"mz9ktkki6g730r0","previousOperationId":"cachabutff5pn6r"}
{"type":"operationStart","subtype":"engine","name":"handlebars","timestamp":1675271696071,"id":"ktyx64e70hgznkq","previousEventId":"o7276fhmrffo9no","operationId":"hsycnt2y8wa6ikq","previousOperationId":"cachabutff5pn6r"}
{"type":"log","timestamp":1675271696071,"level":"debug","message":"Rendering engine handlebars","meta":{"rootId":"o17qpbb924dlwl0","id":"rykn3nemqrjgum7"},"id":"z8rjr2qr8dgebry","previousOperationId":"hsycnt2y8wa6ikq"}
{"type":"operationEnd","operationId":"hsycnt2y8wa6ikq","timestamp":1675271696089,"id":"33ow1s2x3c4sm21","previousEventId":"ktyx64e70hgznkq","previousOperationId":"hsycnt2y8wa6ikq"}
{"type":"operationStart","subtype":"recipe","name":"chrome-pdf","timestamp":1675271696089,"id":"zumhu1k053vnudd","previousEventId":"33ow1s2x3c4sm21","operationId":"i3iel131te03gvc","previousOperationId":"hsycnt2y8wa6ikq"}
{"type":"log","timestamp":1675271696089,"level":"debug","message":"Executing recipe chrome-pdf","meta":{"rootId":"o17qpbb924dlwl0","id":"rykn3nemqrjgum7"},"id":"p8zwsbuaspzlibw","previousOperationId":"i3iel131te03gvc"}
{"type":"log","timestamp":1675271696092,"level":"debug","message":"Converting with chrome HeadlessChrome/105.0.5173.0 using chrome-pool strategy","meta":{"rootId":"o17qpbb924dlwl0","id":"rykn3nemqrjgum7"},"id":"z0o8b90of5iuu0f","previousOperationId":"i3iel131te03gvc"}
{"type":"log","timestamp":1675271696194,"level":"debug","message":"Page request: GET (document) file:///C:/Users/pollo/AppData/Local/Temp/jsreport/autocleanup/623fa155-8946-4745-9b88-5ed2b39bea07-chrome-pdf.html","meta":{"rootId":"o17qpbb924dlwl0","id":"rykn3nemqrjgum7"},"id":"979zw3lp2fgfazp","previousOperationId":"i3iel131te03gvc"}
{"type":"log","timestamp":1675271696204,"level":"debug","message":"Page request finished: GET (document) 200 file:///C:/Users/pollo/AppData/Local/Temp/jsreport/autocleanup/623fa155-8946-4745-9b88-5ed2b39bea07-chrome-pdf.html","meta":{"rootId":"o17qpbb924dlwl0","id":"rykn3nemqrjgum7"},"id":"jr53l6tegcorql1","previousOperationId":"i3iel131te03gvc"}
{"type":"log","timestamp":1675271696204,"level":"debug","message":"Page request: GET (stylesheet) https://cdnjs.cloudflare.com/ajax/libs/metro/4.1.5/css/metro.min.css","meta":{"rootId":"o17qpbb924dlwl0","id":"rykn3nemqrjgum7"},"id":"cq911sm8ykjbuye","previousOperationId":"i3iel131te03gvc"}
{"type":"log","timestamp":1675271696227,"level":"debug","message":"Page request finished: GET (stylesheet) 200 https://cdnjs.cloudflare.com/ajax/libs/metro/4.1.5/css/metro.min.css","meta":{"rootId":"o17qpbb924dlwl0","id":"rykn3nemqrjgum7"},"id":"bhzl0jhqrvpnxir","previousOperationId":"i3iel131te03gvc"}
{"type":"log","timestamp":1675271696248,"level":"debug","message":"Running chrome with params {\"printBackground\":true,\"marginTop\":\"1.5cm\",\"marginRight\":\"1.5cm\",\"marginLeft\":\"1.cm\",\"timeout\":59433,\"margin\":{\"top\":\"1.5cm\",\"right\":\"1.5cm\",\"left\":\"1.cm\"}}","meta":{"rootId":"o17qpbb924dlwl0","id":"rykn3nemqrjgum7"},"id":"c6ntyrq9bn8usa9","previousOperationId":"i3iel131te03gvc"}
{"type":"operationEnd","operationId":"i3iel131te03gvc","timestamp":1675271696306,"id":"89lc9yv8mfz9b99","previousEventId":"zumhu1k053vnudd","previousOperationId":"i3iel131te03gvc"}
{"type":"log","timestamp":1675271696307,"level":"debug","message":"Skipping storing report.","meta":{"rootId":"o17qpbb924dlwl0","id":"rykn3nemqrjgum7"},"id":"l10gtnr4cs5gxg1","previousOperationId":"i3iel131te03gvc"}
{"type":"log","timestamp":1675271696307,"level":"info","message":"Rendering (child) request finished in 783 ms","meta":{"rootId":"o17qpbb924dlwl0","id":"rykn3nemqrjgum7"},"id":"knotd81kejuxh2t","previousOperationId":"i3iel131te03gvc"}
{"type":"operationEnd","subtype":"render","operationId":"cachabutff5pn6r","timestamp":1675271696307,"id":"9t84kvnx32mix6i","previousEventId":"89lc9yv8mfz9b99","previousOperationId":"i3iel131te03gvc"}
{"type":"operationEnd","operationId":"06myepbw5rauq86","timestamp":1675271696311,"id":"4h8lh63a6blfm67","previousEventId":"tu2avprpwteqvol","previousOperationId":"06myepbw5rauq86"}
{"type":"log","timestamp":1675271696311,"level":"debug","message":"pdf-utils postproces start","meta":{"rootId":"o17qpbb924dlwl0","id":"o17qpbb924dlwl0"},"id":"dzxj0yotwrchly8","previousOperationId":"06myepbw5rauq86"}
{"type":"log","timestamp":1675271696315,"level":"debug","message":"pdf-utils postproces end","meta":{"rootId":"o17qpbb924dlwl0","id":"o17qpbb924dlwl0"},"id":"woikv8uxslt2jmm","previousOperationId":"06myepbw5rauq86"}
{"type":"operationEnd","operationId":"2xe75pj74cqij10","timestamp":1675271696315,"id":"c1s5qgaj8tuklbt","previousEventId":"4h8lh63a6blfm67","previousOperationId":"06myepbw5rauq86"}
{"type":"log","timestamp":1675271696315,"level":"info","message":"pdf-utils pdf processing was finished","meta":{"rootId":"o17qpbb924dlwl0","id":"o17qpbb924dlwl0"},"id":"eds6vvctu7v4m8p","previousOperationId":"2xe75pj74cqij10"}
{"type":"log","timestamp":1675271696315,"level":"debug","message":"Skipping storing report.","meta":{"rootId":"o17qpbb924dlwl0","id":"o17qpbb924dlwl0"},"id":"7sql5zuomqdpr5y","previousOperationId":"2xe75pj74cqij10"}
{"type":"log","timestamp":1675271696315,"level":"info","message":"Rendering request 16 finished in 791 ms","meta":{"rootId":"o17qpbb924dlwl0","id":"o17qpbb924dlwl0"},"id":"5ng1cch4iqfrxf3","previousOperationId":"2xe75pj74cqij10"}
{"type":"operationEnd","subtype":"render","operationId":"d2nuzxw1wbmt6sd","timestamp":1675271696315,"id":"79oov6zduhyjadf","previousEventId":"c1s5qgaj8tuklbt","previousOperationId":"2xe75pj74cqij10"}
{"type":"operationEnd","doDiffs":false,"previousEventId":"4uuxvja6z5juyeu","previousOperationId":"u5i5rck8xusx9uk","operationId":"u5i5rck8xusx9uk","timestamp":1675271696325,"id":"0xt6d69amwakgev"}
