{"type":"operationStart","subtype":"profile","data":{"_id":"iauMLK7TwhTpvDES","timestamp":"2023-02-01T17:35:18.458Z","state":"queued","mode":"standard","creationDate":"2023-02-01T17:35:18.460Z","modificationDate":"2023-02-01T17:35:18.460Z","shortid":"2cMUktZ","$entitySet":"profiles"},"doDiffs":false,"timestamp":1675272918459,"id":"2zycspi6ciht792","previousOperationId":null,"operationId":"5oqjak7o2douwf0"}
{"type":"log","level":"info","message":"Render request 29 queued for execution and waiting for available worker","previousOperationId":"5oqjak7o2douwf0","timestamp":1675272918459,"id":"euy4z8dzo9266lc"}
{"type":"operationStart","subtype":"render","name":"orders-main","previousOperationId":"5oqjak7o2douwf0","timestamp":1675272918470,"id":"e45u6wtsqhn6uqv","previousEventId":"2zycspi6ciht792","operationId":"gipltsoift2z4yb"}
{"type":"log","timestamp":1675272918470,"level":"info","message":"Starting rendering request 29","meta":{"rootId":"o48o490yleu811u","id":"o48o490yleu811u"},"id":"bj6p2y3d1lpg2zq","previousOperationId":"gipltsoift2z4yb"}
{"type":"log","timestamp":1675272918470,"level":"info","message":"Rendering template { name: orders-main, recipe: chrome-pdf, engine: handlebars, preview: true }","meta":{"rootId":"o48o490yleu811u","id":"o48o490yleu811u"},"id":"4xzwxkzhwyarmf1","previousOperationId":"gipltsoift2z4yb"}
{"type":"log","timestamp":1675272918471,"level":"debug","message":"Data item not defined for this template.","meta":{"rootId":"o48o490yleu811u","id":"o48o490yleu811u"},"id":"kvg1mplrnxlv1hy","previousOperationId":"gipltsoift2z4yb"}
{"type":"log","timestamp":1675272918473,"level":"debug","message":"Executing script orders-script (beforeRender)","meta":{"rootId":"o48o490yleu811u","id":"o48o490yleu811u"},"id":"3zwqlt7hj0e6rp3","previousOperationId":"gipltsoift2z4yb"}
{"type":"operationStart","subtype":"scriptsBeforeRender","name":"scripts beforeRender","timestamp":1675272918503,"id":"7aqxw5shuojnnpf","previousEventId":"e45u6wtsqhn6uqv","operationId":"e7cqw0s047bp6hy","previousOperationId":"gipltsoift2z4yb"}
{"type":"operationStart","subtype":"script","name":"scripts orders-script","previousOperationId":"e7cqw0s047bp6hy","timestamp":1675272918503,"id":"uskjzdcggets5dw","previousEventId":"7aqxw5shuojnnpf","operationId":"k7ix2boylna0zcj"}
{"type":"log","timestamp":1675272918503,"level":"debug","message":"(console:log) AAAAAAAAAAAAAAAAAAAAAAA  undefined","meta":{"userLevel":true,"rootId":"o48o490yleu811u","id":"o48o490yleu811u"},"id":"sqrwqfibe0tlthv","previousOperationId":"k7ix2boylna0zcj"}
{"type":"log","timestamp":1675272918786,"level":"debug","message":"(console:log) Antonio","meta":{"userLevel":true,"rootId":"o48o490yleu811u","id":"o48o490yleu811u"},"id":"ujuyxuzjns7liek","previousOperationId":"k7ix2boylna0zcj"}
{"type":"operationEnd","operationId":"k7ix2boylna0zcj","timestamp":1675272918786,"id":"9pfi2p13icjccuz","previousEventId":"e45u6wtsqhn6uqv","previousOperationId":"gipltsoift2z4yb"}
{"type":"operationEnd","operationId":"e7cqw0s047bp6hy","timestamp":1675272918786,"id":"tyeckmm2431cutk","previousEventId":"9pfi2p13icjccuz","previousOperationId":"gipltsoift2z4yb"}
{"type":"log","timestamp":1675272918786,"level":"debug","message":"Base url not specified, skipping its injection.","meta":{"rootId":"o48o490yleu811u","id":"o48o490yleu811u"},"id":"ee0wyxylipm32h4","previousOperationId":"e7cqw0s047bp6hy"}
{"type":"operationStart","subtype":"engine","name":"handlebars","timestamp":1675272918786,"id":"4afm28sq8g6egbh","previousEventId":"tyeckmm2431cutk","operationId":"sshsji7hjxl14i0","previousOperationId":"e7cqw0s047bp6hy"}
{"type":"log","timestamp":1675272918786,"level":"debug","message":"Rendering engine handlebars","meta":{"rootId":"o48o490yleu811u","id":"o48o490yleu811u"},"id":"qhhpkbdr049fek4","previousOperationId":"sshsji7hjxl14i0"}
{"type":"operationEnd","operationId":"sshsji7hjxl14i0","timestamp":1675272918796,"id":"7eqkv3oq68qmddm","previousEventId":"4afm28sq8g6egbh","previousOperationId":"sshsji7hjxl14i0"}
{"type":"operationStart","subtype":"recipe","name":"chrome-pdf","timestamp":1675272918796,"id":"dzmxm4ir004b9nk","previousEventId":"7eqkv3oq68qmddm","operationId":"l996z7tfjfu1ljj","previousOperationId":"sshsji7hjxl14i0"}
{"type":"log","timestamp":1675272918796,"level":"debug","message":"Executing recipe chrome-pdf","meta":{"rootId":"o48o490yleu811u","id":"o48o490yleu811u"},"id":"cmj4ya4a8rij5s1","previousOperationId":"l996z7tfjfu1ljj"}
{"type":"log","timestamp":1675272918934,"level":"debug","message":"Converting with chrome HeadlessChrome/105.0.5173.0 using chrome-pool strategy","meta":{"rootId":"o48o490yleu811u","id":"o48o490yleu811u"},"id":"rc8v38dq22ki86q","previousOperationId":"l996z7tfjfu1ljj"}
{"type":"log","timestamp":1675272919107,"level":"debug","message":"Page request: GET (document) file:///C:/Users/pollo/AppData/Local/Temp/jsreport/autocleanup/408c3eee-ecbd-474f-abc1-a200e8ba59bc-chrome-pdf.html","meta":{"rootId":"o48o490yleu811u","id":"o48o490yleu811u"},"id":"27dmtas6zslsstm","previousOperationId":"l996z7tfjfu1ljj"}
{"type":"log","timestamp":1675272919122,"level":"debug","message":"Page request finished: GET (document) 200 file:///C:/Users/pollo/AppData/Local/Temp/jsreport/autocleanup/408c3eee-ecbd-474f-abc1-a200e8ba59bc-chrome-pdf.html","meta":{"rootId":"o48o490yleu811u","id":"o48o490yleu811u"},"id":"5j31xo3hflkeuxy","previousOperationId":"l996z7tfjfu1ljj"}
{"type":"log","timestamp":1675272919122,"level":"debug","message":"Page request: GET (stylesheet) https://cdnjs.cloudflare.com/ajax/libs/metro/4.1.5/css/metro.min.css","meta":{"rootId":"o48o490yleu811u","id":"o48o490yleu811u"},"id":"3vrrfo58el1j2cg","previousOperationId":"l996z7tfjfu1ljj"}
{"type":"log","timestamp":1675272919123,"level":"debug","message":"Page request: GET (script) https://cdnjs.cloudflare.com/ajax/libs/Chart.js/2.7.2/Chart.min.js","meta":{"rootId":"o48o490yleu811u","id":"o48o490yleu811u"},"id":"z1yj9xicqdrkryk","previousOperationId":"l996z7tfjfu1ljj"}
{"type":"log","timestamp":1675272921639,"level":"debug","message":"Page request finished: GET (stylesheet) 200 https://cdnjs.cloudflare.com/ajax/libs/metro/4.1.5/css/metro.min.css","meta":{"rootId":"o48o490yleu811u","id":"o48o490yleu811u"},"id":"olr3nk84cmpo82d","previousOperationId":"l996z7tfjfu1ljj"}
{"type":"log","timestamp":1675272921648,"level":"debug","message":"Page request finished: GET (script) 200 https://cdnjs.cloudflare.com/ajax/libs/Chart.js/2.7.2/Chart.min.js","meta":{"rootId":"o48o490yleu811u","id":"o48o490yleu811u"},"id":"789jadkw1hygbdn","previousOperationId":"l996z7tfjfu1ljj"}
{"type":"log","timestamp":1675272921677,"level":"debug","message":"Running chrome with params {\"printBackground\":true,\"marginTop\":\"4cm\",\"marginRight\":\"1.5cm\",\"marginBottom\":\"1.5cm\",\"marginLeft\":\"1.5cm\",\"waitForJS\":false,\"timeout\":59660,\"margin\":{\"top\":\"4cm\",\"right\":\"1.5cm\",\"bottom\":\"1.5cm\",\"left\":\"1.5cm\"}}","meta":{"rootId":"o48o490yleu811u","id":"o48o490yleu811u"},"id":"brmbhlfb2tr8ck2","previousOperationId":"l996z7tfjfu1ljj"}
{"type":"operationEnd","operationId":"l996z7tfjfu1ljj","timestamp":1675272921726,"id":"rqo9hp1979dh3q3","previousEventId":"dzmxm4ir004b9nk","previousOperationId":"l996z7tfjfu1ljj"}
{"type":"log","timestamp":1675272921727,"level":"info","message":"pdf-utils is starting pdf processing","meta":{"rootId":"o48o490yleu811u","id":"o48o490yleu811u"},"id":"f3cwgfbk9ma7zm4","previousOperationId":"l996z7tfjfu1ljj"}
{"type":"operationStart","subtype":"pdfUtils","name":"pdf utils","timestamp":1675272921727,"id":"dx15jt4rm9bguur","previousEventId":"rqo9hp1979dh3q3","operationId":"647kl2uvoqepkzs","previousOperationId":"l996z7tfjfu1ljj"}
{"type":"log","timestamp":1675272921727,"level":"debug","message":"pdf-utils detected 1 pdf operation(s) to process","meta":{"rootId":"o48o490yleu811u","id":"o48o490yleu811u"},"id":"uanuup9ya51v2mk","previousOperationId":"647kl2uvoqepkzs"}
{"type":"log","timestamp":1675272921739,"level":"debug","message":"pdf-utils running pdf operation merge","meta":{"rootId":"o48o490yleu811u","id":"o48o490yleu811u"},"id":"x7ejaklzvi5hzjk","previousOperationId":"647kl2uvoqepkzs"}
{"type":"operationStart","subtype":"pdfUtilsMerge","name":"pdf utils merge","previousOperationId":"647kl2uvoqepkzs","timestamp":1675272921740,"id":"20aavq4jloycbaj","previousEventId":"dx15jt4rm9bguur","operationId":"81bgf3xjv9z253x"}
{"type":"operationStart","subtype":"render","name":"orders-header","previousOperationId":"81bgf3xjv9z253x","timestamp":1675272921741,"id":"md11b01slv44s1b","previousEventId":"20aavq4jloycbaj","operationId":"igms6bru26leohh"}
{"type":"log","timestamp":1675272921741,"level":"info","message":"Starting rendering (child) request","meta":{"rootId":"o48o490yleu811u","id":"gq1aw6zmaw9jxli"},"id":"g3fpf2o1uve9r5b","previousOperationId":"igms6bru26leohh"}
{"type":"log","timestamp":1675272921741,"level":"info","message":"Rendering template { name: orders-header, recipe: chrome-pdf, engine: handlebars, preview: true }","meta":{"rootId":"o48o490yleu811u","id":"gq1aw6zmaw9jxli"},"id":"dtn1hwkvw9075eq","previousOperationId":"igms6bru26leohh"}
{"type":"log","timestamp":1675272921742,"level":"debug","message":"Inline data specified.","meta":{"rootId":"o48o490yleu811u","id":"gq1aw6zmaw9jxli"},"id":"m3l82wn0x88mbou","previousOperationId":"igms6bru26leohh"}
{"type":"log","timestamp":1675272921745,"level":"debug","message":"Base url not specified, skipping its injection.","meta":{"rootId":"o48o490yleu811u","id":"gq1aw6zmaw9jxli"},"id":"3w3i1r0h313berh","previousOperationId":"igms6bru26leohh"}
{"type":"operationStart","subtype":"engine","name":"handlebars","timestamp":1675272921745,"id":"abvwhi5n2tyztea","previousEventId":"md11b01slv44s1b","operationId":"mg8kst21h34o9u0","previousOperationId":"igms6bru26leohh"}
{"type":"log","timestamp":1675272921745,"level":"debug","message":"Rendering engine handlebars","meta":{"rootId":"o48o490yleu811u","id":"gq1aw6zmaw9jxli"},"id":"rs31f7e6oquh4pa","previousOperationId":"mg8kst21h34o9u0"}
{"type":"operationEnd","operationId":"mg8kst21h34o9u0","timestamp":1675272921759,"id":"v6e1u1hofa2rtfn","previousEventId":"abvwhi5n2tyztea","previousOperationId":"mg8kst21h34o9u0"}
{"type":"operationStart","subtype":"recipe","name":"chrome-pdf","timestamp":1675272921760,"id":"hv7jlpr79xnw7zt","previousEventId":"v6e1u1hofa2rtfn","operationId":"wddj1whdu3488pp","previousOperationId":"mg8kst21h34o9u0"}
{"type":"log","timestamp":1675272921760,"level":"debug","message":"Executing recipe chrome-pdf","meta":{"rootId":"o48o490yleu811u","id":"gq1aw6zmaw9jxli"},"id":"gytuhk0u9a498fw","previousOperationId":"wddj1whdu3488pp"}
{"type":"log","timestamp":1675272921762,"level":"debug","message":"Converting with chrome HeadlessChrome/105.0.5173.0 using chrome-pool strategy","meta":{"rootId":"o48o490yleu811u","id":"gq1aw6zmaw9jxli"},"id":"ug2kh45xhfaqqnx","previousOperationId":"wddj1whdu3488pp"}
{"type":"log","timestamp":1675272921852,"level":"debug","message":"Page request: GET (document) file:///C:/Users/pollo/AppData/Local/Temp/jsreport/autocleanup/d630d333-7f33-4827-b234-db9b47c751ea-chrome-pdf.html","meta":{"rootId":"o48o490yleu811u","id":"gq1aw6zmaw9jxli"},"id":"lqzw2ww52s6du3a","previousOperationId":"wddj1whdu3488pp"}
{"type":"log","timestamp":1675272921862,"level":"debug","message":"Page request finished: GET (document) 200 file:///C:/Users/pollo/AppData/Local/Temp/jsreport/autocleanup/d630d333-7f33-4827-b234-db9b47c751ea-chrome-pdf.html","meta":{"rootId":"o48o490yleu811u","id":"gq1aw6zmaw9jxli"},"id":"dh271o0wgdfhhec","previousOperationId":"wddj1whdu3488pp"}
{"type":"log","timestamp":1675272921862,"level":"debug","message":"Page request: GET (stylesheet) https://cdnjs.cloudflare.com/ajax/libs/metro/4.1.5/css/metro.min.css","meta":{"rootId":"o48o490yleu811u","id":"gq1aw6zmaw9jxli"},"id":"2vw4tqaktvlruwu","previousOperationId":"wddj1whdu3488pp"}
{"type":"log","timestamp":1675272921883,"level":"debug","message":"Page request finished: GET (stylesheet) 200 https://cdnjs.cloudflare.com/ajax/libs/metro/4.1.5/css/metro.min.css","meta":{"rootId":"o48o490yleu811u","id":"gq1aw6zmaw9jxli"},"id":"05j29zvi2u1w5p8","previousOperationId":"wddj1whdu3488pp"}
{"type":"log","timestamp":1675272921904,"level":"debug","message":"Running chrome with params {\"printBackground\":true,\"marginTop\":\"1.5cm\",\"marginRight\":\"1.5cm\",\"marginLeft\":\"1.cm\",\"timeout\":56697,\"margin\":{\"top\":\"1.5cm\",\"right\":\"1.5cm\",\"left\":\"1.cm\"}}","meta":{"rootId":"o48o490yleu811u","id":"gq1aw6zmaw9jxli"},"id":"fgd9v9sqqq9nozu","previousOperationId":"wddj1whdu3488pp"}
{"type":"operationEnd","operationId":"wddj1whdu3488pp","timestamp":1675272921959,"id":"gvnztnh87xrz32k","previousEventId":"hv7jlpr79xnw7zt","previousOperationId":"wddj1whdu3488pp"}
{"type":"log","timestamp":1675272921959,"level":"debug","message":"Skipping storing report.","meta":{"rootId":"o48o490yleu811u","id":"gq1aw6zmaw9jxli"},"id":"gopilndrq0qzgsr","previousOperationId":"wddj1whdu3488pp"}
{"type":"log","timestamp":1675272921960,"level":"info","message":"Rendering (child) request finished in 3502 ms","meta":{"rootId":"o48o490yleu811u","id":"gq1aw6zmaw9jxli"},"id":"u8yxp5pq1h9xvkl","previousOperationId":"wddj1whdu3488pp"}
{"type":"operationEnd","subtype":"render","operationId":"igms6bru26leohh","timestamp":1675272921960,"id":"pmu0ymz4rjnny7j","previousEventId":"gvnztnh87xrz32k","previousOperationId":"wddj1whdu3488pp"}
{"type":"operationEnd","operationId":"81bgf3xjv9z253x","timestamp":1675272921965,"id":"gjeq2zp5eiki230","previousEventId":"20aavq4jloycbaj","previousOperationId":"81bgf3xjv9z253x"}
{"type":"log","timestamp":1675272921965,"level":"debug","message":"pdf-utils postproces start","meta":{"rootId":"o48o490yleu811u","id":"o48o490yleu811u"},"id":"i56y7q6gb6ehx2l","previousOperationId":"81bgf3xjv9z253x"}
{"type":"log","timestamp":1675272921969,"level":"debug","message":"pdf-utils postproces end","meta":{"rootId":"o48o490yleu811u","id":"o48o490yleu811u"},"id":"4vq760cpmv6fi2f","previousOperationId":"81bgf3xjv9z253x"}
{"type":"operationEnd","operationId":"647kl2uvoqepkzs","timestamp":1675272921969,"id":"qwq2jgawn4jy2d8","previousEventId":"gjeq2zp5eiki230","previousOperationId":"81bgf3xjv9z253x"}
{"type":"log","timestamp":1675272921969,"level":"info","message":"pdf-utils pdf processing was finished","meta":{"rootId":"o48o490yleu811u","id":"o48o490yleu811u"},"id":"bnv6nq2cj4e4x17","previousOperationId":"647kl2uvoqepkzs"}
{"type":"log","timestamp":1675272921969,"level":"debug","message":"Skipping storing report.","meta":{"rootId":"o48o490yleu811u","id":"o48o490yleu811u"},"id":"ua4wmf3dl0oxvny","previousOperationId":"647kl2uvoqepkzs"}
{"type":"log","timestamp":1675272921969,"level":"info","message":"Rendering request 29 finished in 3511 ms","meta":{"rootId":"o48o490yleu811u","id":"o48o490yleu811u"},"id":"6ybthwh91057hzg","previousOperationId":"647kl2uvoqepkzs"}
{"type":"operationEnd","subtype":"render","operationId":"gipltsoift2z4yb","timestamp":1675272921969,"id":"9ezhz9vv947u3i0","previousEventId":"qwq2jgawn4jy2d8","previousOperationId":"647kl2uvoqepkzs"}
{"type":"operationEnd","doDiffs":false,"previousEventId":"2zycspi6ciht792","previousOperationId":"5oqjak7o2douwf0","operationId":"5oqjak7o2douwf0","timestamp":1675272921979,"id":"7o7lrg8ngu9el5t"}
