{"type":"operationStart","subtype":"profile","data":{"_id":"fGLXrZ723xkze0d7","timestamp":"2023-02-05T17:48:37.889Z","state":"queued","mode":"standard","creationDate":"2023-02-05T17:48:37.891Z","modificationDate":"2023-02-05T17:48:37.891Z","shortid":"dSgBp5v","$entitySet":"profiles"},"doDiffs":false,"timestamp":1675619317890,"id":"gy0xw64jpjimm1z","previousOperationId":null,"operationId":"dtuf5rt56zui77k"}
{"type":"log","level":"info","message":"Render request 13 queued for execution and waiting for available worker","previousOperationId":"dtuf5rt56zui77k","timestamp":1675619317890,"id":"bm80c28nzvo18gf"}
{"type":"operationStart","subtype":"render","name":"orders-main","previousOperationId":"dtuf5rt56zui77k","timestamp":1675619317901,"id":"ydknh58z9t43lwl","previousEventId":"gy0xw64jpjimm1z","operationId":"ca35i7dj63fx3re"}
{"type":"log","timestamp":1675619317901,"level":"info","message":"Starting rendering request 13","meta":{"rootId":"oa9t50g08jnb0x3","id":"oa9t50g08jnb0x3"},"id":"9ssit46z9jmltxp","previousOperationId":"ca35i7dj63fx3re"}
{"type":"log","timestamp":1675619317902,"level":"info","message":"Rendering template { name: orders-main, recipe: chrome-pdf, engine: handlebars, preview: true }","meta":{"rootId":"oa9t50g08jnb0x3","id":"oa9t50g08jnb0x3"},"id":"vpko2mgmhnjy72d","previousOperationId":"ca35i7dj63fx3re"}
{"type":"log","timestamp":1675619317903,"level":"debug","message":"Data item not defined for this template.","meta":{"rootId":"oa9t50g08jnb0x3","id":"oa9t50g08jnb0x3"},"id":"rg5qcw5ucw8r8n5","previousOperationId":"ca35i7dj63fx3re"}
{"type":"log","timestamp":1675619317908,"level":"debug","message":"Executing script orders-script (beforeRender)","meta":{"rootId":"oa9t50g08jnb0x3","id":"oa9t50g08jnb0x3"},"id":"zuy9xq1s0iyx5i9","previousOperationId":"ca35i7dj63fx3re"}
{"type":"operationStart","subtype":"scriptsBeforeRender","name":"scripts beforeRender","timestamp":1675619317943,"id":"2x4c7koj0ilhzop","previousEventId":"ydknh58z9t43lwl","operationId":"gcg93a66gljsi3h","previousOperationId":"ca35i7dj63fx3re"}
{"type":"operationStart","subtype":"script","name":"scripts orders-script","previousOperationId":"gcg93a66gljsi3h","timestamp":1675619317943,"id":"yv3961pwjmbs2hz","previousEventId":"2x4c7koj0ilhzop","operationId":"fymznypo4ifctqa"}
{"type":"log","timestamp":1675619318186,"level":"debug","message":"(console:log) {\n  data: [\n    {\n      id: 1,\n      name: 'Antonio',\n      description: 'Aclamado director de la Orquesta Filarmónica de Gran Canaria',\n      pieces: [Array],\n      count: 2\n    },\n    {\n      id: 3,\n      name: 'Juana de Armas',\n      description: 'Aclamada directora de la Orquesta Filarmónica de Gran Canaria',\n      pieces: [Array],\n      count: 4\n    }\n  ]\n}","meta":{"userLevel":true,"rootId":"oa9t50g08jnb0x3","id":"oa9t50g08jnb0x3"},"id":"ez4d4ol05cz0u0j","previousOperationId":"fymznypo4ifctqa"}
{"type":"operationEnd","operationId":"fymznypo4ifctqa","timestamp":1675619318186,"id":"rcrxkvi0ef9saus","previousEventId":"ydknh58z9t43lwl","previousOperationId":"ca35i7dj63fx3re"}
{"type":"operationEnd","operationId":"gcg93a66gljsi3h","timestamp":1675619318186,"id":"v55clvnpshm530h","previousEventId":"rcrxkvi0ef9saus","previousOperationId":"ca35i7dj63fx3re"}
{"type":"log","timestamp":1675619318186,"level":"debug","message":"Base url not specified, skipping its injection.","meta":{"rootId":"oa9t50g08jnb0x3","id":"oa9t50g08jnb0x3"},"id":"bf3h4v2x66rhuba","previousOperationId":"gcg93a66gljsi3h"}
{"type":"operationStart","subtype":"engine","name":"handlebars","timestamp":1675619318186,"id":"ryfnshtxhwauifk","previousEventId":"v55clvnpshm530h","operationId":"le4zdk2xnn30r1u","previousOperationId":"gcg93a66gljsi3h"}
{"type":"log","timestamp":1675619318186,"level":"debug","message":"Rendering engine handlebars","meta":{"rootId":"oa9t50g08jnb0x3","id":"oa9t50g08jnb0x3"},"id":"gb9hocfypjyi6xy","previousOperationId":"le4zdk2xnn30r1u"}
{"type":"operationEnd","operationId":"le4zdk2xnn30r1u","timestamp":1675619318201,"id":"i55mnqzwtnse6xs","previousEventId":"ryfnshtxhwauifk","previousOperationId":"le4zdk2xnn30r1u"}
{"type":"operationStart","subtype":"recipe","name":"chrome-pdf","timestamp":1675619318201,"id":"oxeju4x7gqnqfzv","previousEventId":"i55mnqzwtnse6xs","operationId":"hsay3h0jj7q98b7","previousOperationId":"le4zdk2xnn30r1u"}
{"type":"log","timestamp":1675619318201,"level":"debug","message":"Executing recipe chrome-pdf","meta":{"rootId":"oa9t50g08jnb0x3","id":"oa9t50g08jnb0x3"},"id":"o1y3bivyilaavvn","previousOperationId":"hsay3h0jj7q98b7"}
{"type":"log","timestamp":1675619318204,"level":"debug","message":"Converting with chrome HeadlessChrome/105.0.5173.0 using chrome-pool strategy","meta":{"rootId":"oa9t50g08jnb0x3","id":"oa9t50g08jnb0x3"},"id":"2a410hacdcdjeit","previousOperationId":"hsay3h0jj7q98b7"}
{"type":"log","timestamp":1675619318321,"level":"debug","message":"Page request: GET (document) file:///C:/Users/pollo/AppData/Local/Temp/jsreport/autocleanup/b9628e16-0035-4b76-944d-889f58421e52-chrome-pdf.html","meta":{"rootId":"oa9t50g08jnb0x3","id":"oa9t50g08jnb0x3"},"id":"vxnnkc0t4p56omw","previousOperationId":"hsay3h0jj7q98b7"}
{"type":"log","timestamp":1675619318346,"level":"debug","message":"Page request: GET (stylesheet) https://cdnjs.cloudflare.com/ajax/libs/metro/4.1.5/css/metro.min.css","meta":{"rootId":"oa9t50g08jnb0x3","id":"oa9t50g08jnb0x3"},"id":"mxw6iwxfkj2amy4","previousOperationId":"hsay3h0jj7q98b7"}
{"type":"log","timestamp":1675619318346,"level":"debug","message":"Page request finished: GET (document) 200 file:///C:/Users/pollo/AppData/Local/Temp/jsreport/autocleanup/b9628e16-0035-4b76-944d-889f58421e52-chrome-pdf.html","meta":{"rootId":"oa9t50g08jnb0x3","id":"oa9t50g08jnb0x3"},"id":"crorjeogby5rrml","previousOperationId":"hsay3h0jj7q98b7"}
{"type":"log","timestamp":1675619318346,"level":"debug","message":"Page request: GET (script) https://cdnjs.cloudflare.com/ajax/libs/Chart.js/2.7.2/Chart.min.js","meta":{"rootId":"oa9t50g08jnb0x3","id":"oa9t50g08jnb0x3"},"id":"gk5vs75n8bhhnut","previousOperationId":"hsay3h0jj7q98b7"}
{"type":"log","timestamp":1675619318352,"level":"debug","message":"Page request finished: GET (script) 200 https://cdnjs.cloudflare.com/ajax/libs/Chart.js/2.7.2/Chart.min.js","meta":{"rootId":"oa9t50g08jnb0x3","id":"oa9t50g08jnb0x3"},"id":"nm16ydygdnnfk84","previousOperationId":"hsay3h0jj7q98b7"}
{"type":"log","timestamp":1675619318369,"level":"debug","message":"Page request finished: GET (stylesheet) 200 https://cdnjs.cloudflare.com/ajax/libs/metro/4.1.5/css/metro.min.css","meta":{"rootId":"oa9t50g08jnb0x3","id":"oa9t50g08jnb0x3"},"id":"yowgrt4a01vifps","previousOperationId":"hsay3h0jj7q98b7"}
{"type":"log","timestamp":1675619318376,"level":"warn","message":"Page error: SyntaxError: \"undefined\" is not valid JSON\n    at JSON.parse (<anonymous>)\n    at file:///C:/Users/pollo/AppData/Local/Temp/jsreport/autocleanup/b9628e16-0035-4b76-944d-889f58421e52-chrome-pdf.html:50:29","meta":{"rootId":"oa9t50g08jnb0x3","id":"oa9t50g08jnb0x3"},"id":"xeei9ecu0k83c71","previousOperationId":"hsay3h0jj7q98b7"}
{"type":"log","timestamp":1675619318408,"level":"debug","message":"Running chrome with params {\"printBackground\":true,\"marginTop\":\"4cm\",\"marginRight\":\"1.5cm\",\"marginBottom\":\"1.5cm\",\"marginLeft\":\"1.5cm\",\"waitForJS\":false,\"timeout\":59686,\"margin\":{\"top\":\"4cm\",\"right\":\"1.5cm\",\"bottom\":\"1.5cm\",\"left\":\"1.5cm\"}}","meta":{"rootId":"oa9t50g08jnb0x3","id":"oa9t50g08jnb0x3"},"id":"pezc2o1xklblw5m","previousOperationId":"hsay3h0jj7q98b7"}
{"type":"operationEnd","operationId":"hsay3h0jj7q98b7","timestamp":1675619318489,"id":"3eu481d7ny2cntc","previousEventId":"oxeju4x7gqnqfzv","previousOperationId":"hsay3h0jj7q98b7"}
{"type":"log","timestamp":1675619318489,"level":"info","message":"pdf-utils is starting pdf processing","meta":{"rootId":"oa9t50g08jnb0x3","id":"oa9t50g08jnb0x3"},"id":"96mumr4nzcoydua","previousOperationId":"hsay3h0jj7q98b7"}
{"type":"operationStart","subtype":"pdfUtils","name":"pdf utils","timestamp":1675619318489,"id":"pg1k31zaqw5bm33","previousEventId":"3eu481d7ny2cntc","operationId":"4cjgfjczbyply8r","previousOperationId":"hsay3h0jj7q98b7"}
{"type":"log","timestamp":1675619318489,"level":"debug","message":"pdf-utils detected 1 pdf operation(s) to process","meta":{"rootId":"oa9t50g08jnb0x3","id":"oa9t50g08jnb0x3"},"id":"k5j4ng497wlpj9e","previousOperationId":"4cjgfjczbyply8r"}
{"type":"log","timestamp":1675619318512,"level":"debug","message":"pdf-utils running pdf operation merge","meta":{"rootId":"oa9t50g08jnb0x3","id":"oa9t50g08jnb0x3"},"id":"hyotfdmbuymrs44","previousOperationId":"4cjgfjczbyply8r"}
{"type":"operationStart","subtype":"pdfUtilsMerge","name":"pdf utils merge","previousOperationId":"4cjgfjczbyply8r","timestamp":1675619318512,"id":"ddbe7ecfzfhj3ci","previousEventId":"pg1k31zaqw5bm33","operationId":"vcs68fgzspm4f9w"}
{"type":"operationStart","subtype":"render","name":"orders-header","previousOperationId":"vcs68fgzspm4f9w","timestamp":1675619318513,"id":"tm1tdvpgp0iuz7g","previousEventId":"ddbe7ecfzfhj3ci","operationId":"nrsk39m6ujlnhlo"}
{"type":"log","timestamp":1675619318513,"level":"info","message":"Starting rendering (child) request","meta":{"rootId":"oa9t50g08jnb0x3","id":"tjaajg3a53hxfx0"},"id":"zz40l19gxzo4emw","previousOperationId":"nrsk39m6ujlnhlo"}
{"type":"log","timestamp":1675619318513,"level":"info","message":"Rendering template { name: orders-header, recipe: chrome-pdf, engine: handlebars, preview: true }","meta":{"rootId":"oa9t50g08jnb0x3","id":"tjaajg3a53hxfx0"},"id":"f3y7wr8fv6kybuo","previousOperationId":"nrsk39m6ujlnhlo"}
{"type":"log","timestamp":1675619318515,"level":"debug","message":"Inline data specified.","meta":{"rootId":"oa9t50g08jnb0x3","id":"tjaajg3a53hxfx0"},"id":"59hpx5dqw2fcvci","previousOperationId":"nrsk39m6ujlnhlo"}
{"type":"log","timestamp":1675619318519,"level":"debug","message":"Base url not specified, skipping its injection.","meta":{"rootId":"oa9t50g08jnb0x3","id":"tjaajg3a53hxfx0"},"id":"78ka4ltxc140a4u","previousOperationId":"nrsk39m6ujlnhlo"}
{"type":"operationStart","subtype":"engine","name":"handlebars","timestamp":1675619318519,"id":"nqx0unabx805u76","previousEventId":"tm1tdvpgp0iuz7g","operationId":"kifm1fwj1dlgr3g","previousOperationId":"nrsk39m6ujlnhlo"}
{"type":"log","timestamp":1675619318519,"level":"debug","message":"Rendering engine handlebars","meta":{"rootId":"oa9t50g08jnb0x3","id":"tjaajg3a53hxfx0"},"id":"jpi1pqagb6c7dnc","previousOperationId":"kifm1fwj1dlgr3g"}
{"type":"operationEnd","operationId":"kifm1fwj1dlgr3g","timestamp":1675619318539,"id":"29s8tucc42v3wk1","previousEventId":"nqx0unabx805u76","previousOperationId":"kifm1fwj1dlgr3g"}
{"type":"operationStart","subtype":"recipe","name":"chrome-pdf","timestamp":1675619318539,"id":"8birxovkb6ffbck","previousEventId":"29s8tucc42v3wk1","operationId":"bz9xu61fo2mrkq2","previousOperationId":"kifm1fwj1dlgr3g"}
{"type":"log","timestamp":1675619318539,"level":"debug","message":"Executing recipe chrome-pdf","meta":{"rootId":"oa9t50g08jnb0x3","id":"tjaajg3a53hxfx0"},"id":"dazw3d09xafwqid","previousOperationId":"bz9xu61fo2mrkq2"}
{"type":"log","timestamp":1675619318543,"level":"debug","message":"Converting with chrome HeadlessChrome/105.0.5173.0 using chrome-pool strategy","meta":{"rootId":"oa9t50g08jnb0x3","id":"tjaajg3a53hxfx0"},"id":"0sg4dwwhnlv1ps8","previousOperationId":"bz9xu61fo2mrkq2"}
{"type":"log","timestamp":1675619318653,"level":"debug","message":"Page request: GET (document) file:///C:/Users/pollo/AppData/Local/Temp/jsreport/autocleanup/c66dd178-9572-4c50-afce-157358ed0512-chrome-pdf.html","meta":{"rootId":"oa9t50g08jnb0x3","id":"tjaajg3a53hxfx0"},"id":"21gn2cqjvaecs6d","previousOperationId":"bz9xu61fo2mrkq2"}
{"type":"log","timestamp":1675619318665,"level":"debug","message":"Page request finished: GET (document) 200 file:///C:/Users/pollo/AppData/Local/Temp/jsreport/autocleanup/c66dd178-9572-4c50-afce-157358ed0512-chrome-pdf.html","meta":{"rootId":"oa9t50g08jnb0x3","id":"tjaajg3a53hxfx0"},"id":"y3taa9cpsmwkirn","previousOperationId":"bz9xu61fo2mrkq2"}
{"type":"log","timestamp":1675619318666,"level":"debug","message":"Page request: GET (stylesheet) https://cdnjs.cloudflare.com/ajax/libs/metro/4.1.5/css/metro.min.css","meta":{"rootId":"oa9t50g08jnb0x3","id":"tjaajg3a53hxfx0"},"id":"47xhzl4h6xl2y0p","previousOperationId":"bz9xu61fo2mrkq2"}
{"type":"log","timestamp":1675619318691,"level":"debug","message":"Page request finished: GET (stylesheet) 200 https://cdnjs.cloudflare.com/ajax/libs/metro/4.1.5/css/metro.min.css","meta":{"rootId":"oa9t50g08jnb0x3","id":"tjaajg3a53hxfx0"},"id":"sz4tnm5mb56q1tg","previousOperationId":"bz9xu61fo2mrkq2"}
{"type":"log","timestamp":1675619318713,"level":"debug","message":"Running chrome with params {\"printBackground\":true,\"marginTop\":\"1.5cm\",\"marginRight\":\"1.5cm\",\"marginLeft\":\"1.cm\",\"timeout\":59347,\"margin\":{\"top\":\"1.5cm\",\"right\":\"1.5cm\",\"left\":\"1.cm\"}}","meta":{"rootId":"oa9t50g08jnb0x3","id":"tjaajg3a53hxfx0"},"id":"gqsgvrl50ui2rem","previousOperationId":"bz9xu61fo2mrkq2"}
{"type":"operationEnd","operationId":"bz9xu61fo2mrkq2","timestamp":1675619318772,"id":"8e5ro8kzc1rgn17","previousEventId":"8birxovkb6ffbck","previousOperationId":"bz9xu61fo2mrkq2"}
{"type":"log","timestamp":1675619318772,"level":"debug","message":"Skipping storing report.","meta":{"rootId":"oa9t50g08jnb0x3","id":"tjaajg3a53hxfx0"},"id":"kkb2b0jgjg506fd","previousOperationId":"bz9xu61fo2mrkq2"}
{"type":"log","timestamp":1675619318773,"level":"info","message":"Rendering (child) request finished in 883 ms","meta":{"rootId":"oa9t50g08jnb0x3","id":"tjaajg3a53hxfx0"},"id":"5hlxye4henvh4is","previousOperationId":"bz9xu61fo2mrkq2"}
{"type":"operationEnd","subtype":"render","operationId":"nrsk39m6ujlnhlo","timestamp":1675619318773,"id":"kr9wi7t1yvo2p65","previousEventId":"8e5ro8kzc1rgn17","previousOperationId":"bz9xu61fo2mrkq2"}
{"type":"operationEnd","operationId":"vcs68fgzspm4f9w","timestamp":1675619318779,"id":"jm6zllb6qacye4p","previousEventId":"ddbe7ecfzfhj3ci","previousOperationId":"vcs68fgzspm4f9w"}
{"type":"log","timestamp":1675619318779,"level":"debug","message":"pdf-utils postproces start","meta":{"rootId":"oa9t50g08jnb0x3","id":"oa9t50g08jnb0x3"},"id":"btavj4cd7ptbx57","previousOperationId":"vcs68fgzspm4f9w"}
{"type":"log","timestamp":1675619318785,"level":"debug","message":"pdf-utils postproces end","meta":{"rootId":"oa9t50g08jnb0x3","id":"oa9t50g08jnb0x3"},"id":"jsne5lyg319r3h9","previousOperationId":"vcs68fgzspm4f9w"}
{"type":"operationEnd","operationId":"4cjgfjczbyply8r","timestamp":1675619318785,"id":"7uoylstdamdhsyg","previousEventId":"jm6zllb6qacye4p","previousOperationId":"vcs68fgzspm4f9w"}
{"type":"log","timestamp":1675619318785,"level":"info","message":"pdf-utils pdf processing was finished","meta":{"rootId":"oa9t50g08jnb0x3","id":"oa9t50g08jnb0x3"},"id":"hqorxxmjlkfmn4o","previousOperationId":"4cjgfjczbyply8r"}
{"type":"log","timestamp":1675619318785,"level":"debug","message":"Skipping storing report.","meta":{"rootId":"oa9t50g08jnb0x3","id":"oa9t50g08jnb0x3"},"id":"4t360q1yh05akyb","previousOperationId":"4cjgfjczbyply8r"}
{"type":"log","timestamp":1675619318785,"level":"info","message":"Rendering request 13 finished in 896 ms","meta":{"rootId":"oa9t50g08jnb0x3","id":"oa9t50g08jnb0x3"},"id":"jwz3n250jf5fwj7","previousOperationId":"4cjgfjczbyply8r"}
{"type":"operationEnd","subtype":"render","operationId":"ca35i7dj63fx3re","timestamp":1675619318785,"id":"ghsla037ah10qj0","previousEventId":"7uoylstdamdhsyg","previousOperationId":"4cjgfjczbyply8r"}
{"type":"operationEnd","doDiffs":false,"previousEventId":"gy0xw64jpjimm1z","previousOperationId":"dtuf5rt56zui77k","operationId":"dtuf5rt56zui77k","timestamp":1675619318793,"id":"s1pw5s7a49t5s0v"}
