{"type":"operationStart","subtype":"profile","data":{"_id":"fYtLJu2CENnSzvFR","timestamp":"2023-02-05T19:33:30.124Z","state":"queued","mode":"standard","creationDate":"2023-02-05T19:33:30.126Z","modificationDate":"2023-02-05T19:33:30.126Z","shortid":"nij0R_Y","$entitySet":"profiles"},"doDiffs":false,"timestamp":1675625610125,"id":"0lc50ux6qanmtw9","previousOperationId":null,"operationId":"644ww6fj3qxg9c0"}
{"type":"log","level":"info","message":"Render request 8 queued for execution and waiting for available worker","previousOperationId":"644ww6fj3qxg9c0","timestamp":1675625610125,"id":"sp68f6ceog3pwws"}
{"type":"operationStart","subtype":"render","name":"orders-main","previousOperationId":"644ww6fj3qxg9c0","timestamp":1675625610136,"id":"6q7ngd1bq14ylsi","previousEventId":"0lc50ux6qanmtw9","operationId":"4jz6lvblb4l015l"}
{"type":"log","timestamp":1675625610136,"level":"info","message":"Starting rendering request 8","meta":{"rootId":"or7hjtjedkdeqhx","id":"or7hjtjedkdeqhx"},"id":"jjizfc69dup19p9","previousOperationId":"4jz6lvblb4l015l"}
{"type":"log","timestamp":1675625610136,"level":"info","message":"Rendering template { name: orders-main, recipe: chrome-pdf, engine: handlebars, preview: true }","meta":{"rootId":"or7hjtjedkdeqhx","id":"or7hjtjedkdeqhx"},"id":"ff8zrvc2afd5u72","previousOperationId":"4jz6lvblb4l015l"}
{"type":"log","timestamp":1675625610137,"level":"debug","message":"Data item not defined for this template.","meta":{"rootId":"or7hjtjedkdeqhx","id":"or7hjtjedkdeqhx"},"id":"kdcgpaks2g8y3c3","previousOperationId":"4jz6lvblb4l015l"}
{"type":"log","timestamp":1675625610140,"level":"debug","message":"Executing script orders-script (beforeRender)","meta":{"rootId":"or7hjtjedkdeqhx","id":"or7hjtjedkdeqhx"},"id":"gayrpo19j20p5do","previousOperationId":"4jz6lvblb4l015l"}
{"type":"operationStart","subtype":"scriptsBeforeRender","name":"scripts beforeRender","timestamp":1675625610172,"id":"i0h8lrgaepnrl9x","previousEventId":"6q7ngd1bq14ylsi","operationId":"p7e8ab5tw59oc27","previousOperationId":"4jz6lvblb4l015l"}
{"type":"operationStart","subtype":"script","name":"scripts orders-script","previousOperationId":"p7e8ab5tw59oc27","timestamp":1675625610172,"id":"yta1dtb4zlgq2ia","previousEventId":"i0h8lrgaepnrl9x","operationId":"s2bw8ufmuj4nqet"}
{"type":"log","timestamp":1675625610422,"level":"debug","message":"(console:log) [ 2, 4 ]","meta":{"userLevel":true,"rootId":"or7hjtjedkdeqhx","id":"or7hjtjedkdeqhx"},"id":"wldqlpxtj7aifz5","previousOperationId":"s2bw8ufmuj4nqet"}
{"type":"operationEnd","operationId":"s2bw8ufmuj4nqet","timestamp":1675625610423,"id":"64eg7ykyhtv27gi","previousEventId":"6q7ngd1bq14ylsi","previousOperationId":"4jz6lvblb4l015l"}
{"type":"operationEnd","operationId":"p7e8ab5tw59oc27","timestamp":1675625610423,"id":"ylt4ay5n92ph7rg","previousEventId":"64eg7ykyhtv27gi","previousOperationId":"4jz6lvblb4l015l"}
{"type":"log","timestamp":1675625610423,"level":"debug","message":"Base url not specified, skipping its injection.","meta":{"rootId":"or7hjtjedkdeqhx","id":"or7hjtjedkdeqhx"},"id":"byy6tmub5051p7t","previousOperationId":"p7e8ab5tw59oc27"}
{"type":"operationStart","subtype":"engine","name":"handlebars","timestamp":1675625610423,"id":"0ldofxg1vhvdmll","previousEventId":"ylt4ay5n92ph7rg","operationId":"lhwzzcubqpbekns","previousOperationId":"p7e8ab5tw59oc27"}
{"type":"log","timestamp":1675625610423,"level":"debug","message":"Rendering engine handlebars","meta":{"rootId":"or7hjtjedkdeqhx","id":"or7hjtjedkdeqhx"},"id":"mjhceaq4digi5id","previousOperationId":"lhwzzcubqpbekns"}
{"type":"operationEnd","operationId":"lhwzzcubqpbekns","timestamp":1675625610447,"id":"3339ggaqjk1bm92","previousEventId":"0ldofxg1vhvdmll","previousOperationId":"lhwzzcubqpbekns"}
{"type":"operationStart","subtype":"recipe","name":"chrome-pdf","timestamp":1675625610448,"id":"bgbcq2y0k5couu4","previousEventId":"3339ggaqjk1bm92","operationId":"vb8u7d6xxv67cz4","previousOperationId":"lhwzzcubqpbekns"}
{"type":"log","timestamp":1675625610448,"level":"debug","message":"Executing recipe chrome-pdf","meta":{"rootId":"or7hjtjedkdeqhx","id":"or7hjtjedkdeqhx"},"id":"yaqdu60wl7aj9tm","previousOperationId":"vb8u7d6xxv67cz4"}
{"type":"log","timestamp":1675625610450,"level":"debug","message":"Converting with chrome HeadlessChrome/105.0.5173.0 using chrome-pool strategy","meta":{"rootId":"or7hjtjedkdeqhx","id":"or7hjtjedkdeqhx"},"id":"ii3qxw4f23ay8jk","previousOperationId":"vb8u7d6xxv67cz4"}
{"type":"log","timestamp":1675625610551,"level":"debug","message":"Page request: GET (document) file:///C:/Users/pollo/AppData/Local/Temp/jsreport/autocleanup/603e8e89-a70f-4ac7-b547-6926dc9f08af-chrome-pdf.html","meta":{"rootId":"or7hjtjedkdeqhx","id":"or7hjtjedkdeqhx"},"id":"i79z656z5wa6lr2","previousOperationId":"vb8u7d6xxv67cz4"}
{"type":"log","timestamp":1675625610574,"level":"debug","message":"Page request finished: GET (document) 200 file:///C:/Users/pollo/AppData/Local/Temp/jsreport/autocleanup/603e8e89-a70f-4ac7-b547-6926dc9f08af-chrome-pdf.html","meta":{"rootId":"or7hjtjedkdeqhx","id":"or7hjtjedkdeqhx"},"id":"gqngdhm7sqhg42c","previousOperationId":"vb8u7d6xxv67cz4"}
{"type":"log","timestamp":1675625610574,"level":"debug","message":"Page request: GET (stylesheet) https://cdnjs.cloudflare.com/ajax/libs/metro/4.1.5/css/metro.min.css","meta":{"rootId":"or7hjtjedkdeqhx","id":"or7hjtjedkdeqhx"},"id":"vdl5rs54d8gtn2o","previousOperationId":"vb8u7d6xxv67cz4"}
{"type":"log","timestamp":1675625610574,"level":"debug","message":"Page request: GET (script) https://cdn.jsdelivr.net/npm/chart.js","meta":{"rootId":"or7hjtjedkdeqhx","id":"or7hjtjedkdeqhx"},"id":"qxbeab7lg1yahcl","previousOperationId":"vb8u7d6xxv67cz4"}
{"type":"log","timestamp":1675625610581,"level":"debug","message":"Page request finished: GET (script) 200 https://cdn.jsdelivr.net/npm/chart.js","meta":{"rootId":"or7hjtjedkdeqhx","id":"or7hjtjedkdeqhx"},"id":"oq5zvbsse4d8rdo","previousOperationId":"vb8u7d6xxv67cz4"}
{"type":"log","timestamp":1675625610598,"level":"debug","message":"Page request finished: GET (stylesheet) 200 https://cdnjs.cloudflare.com/ajax/libs/metro/4.1.5/css/metro.min.css","meta":{"rootId":"or7hjtjedkdeqhx","id":"or7hjtjedkdeqhx"},"id":"a0qgylki76pupij","previousOperationId":"vb8u7d6xxv67cz4"}
{"type":"log","timestamp":1675625610698,"level":"debug","message":"Running chrome with params {\"printBackground\":true,\"marginTop\":\"4cm\",\"marginRight\":\"1.5cm\",\"marginBottom\":\"1.5cm\",\"marginLeft\":\"1.5cm\",\"waitForJS\":false,\"timeout\":59675,\"margin\":{\"top\":\"4cm\",\"right\":\"1.5cm\",\"bottom\":\"1.5cm\",\"left\":\"1.5cm\"}}","meta":{"rootId":"or7hjtjedkdeqhx","id":"or7hjtjedkdeqhx"},"id":"picsezv1g9is7jg","previousOperationId":"vb8u7d6xxv67cz4"}
{"type":"operationEnd","operationId":"vb8u7d6xxv67cz4","timestamp":1675625610788,"id":"6o4alyoam57dcpn","previousEventId":"bgbcq2y0k5couu4","previousOperationId":"vb8u7d6xxv67cz4"}
{"type":"log","timestamp":1675625610788,"level":"info","message":"pdf-utils is starting pdf processing","meta":{"rootId":"or7hjtjedkdeqhx","id":"or7hjtjedkdeqhx"},"id":"mlulxi8f93sg3z7","previousOperationId":"vb8u7d6xxv67cz4"}
{"type":"operationStart","subtype":"pdfUtils","name":"pdf utils","timestamp":1675625610788,"id":"xoqkxzjjuv2qimn","previousEventId":"6o4alyoam57dcpn","operationId":"1ur1ai58k9ir7ep","previousOperationId":"vb8u7d6xxv67cz4"}
{"type":"log","timestamp":1675625610788,"level":"debug","message":"pdf-utils detected 1 pdf operation(s) to process","meta":{"rootId":"or7hjtjedkdeqhx","id":"or7hjtjedkdeqhx"},"id":"upecpa1wt52pwy7","previousOperationId":"1ur1ai58k9ir7ep"}
{"type":"log","timestamp":1675625610810,"level":"debug","message":"pdf-utils running pdf operation merge","meta":{"rootId":"or7hjtjedkdeqhx","id":"or7hjtjedkdeqhx"},"id":"jyglbyky7mcvq7k","previousOperationId":"1ur1ai58k9ir7ep"}
{"type":"operationStart","subtype":"pdfUtilsMerge","name":"pdf utils merge","previousOperationId":"1ur1ai58k9ir7ep","timestamp":1675625610810,"id":"dwcv6y0oixod51f","previousEventId":"xoqkxzjjuv2qimn","operationId":"332ymosmjj2r381"}
{"type":"operationStart","subtype":"render","name":"orders-header","previousOperationId":"332ymosmjj2r381","timestamp":1675625610811,"id":"bc3l6xatzob7gyr","previousEventId":"dwcv6y0oixod51f","operationId":"izk3r6r7rh1p52a"}
{"type":"log","timestamp":1675625610812,"level":"info","message":"Starting rendering (child) request","meta":{"rootId":"or7hjtjedkdeqhx","id":"aequragky67gvwy"},"id":"bie0uh3pvxch0z4","previousOperationId":"izk3r6r7rh1p52a"}
{"type":"log","timestamp":1675625610812,"level":"info","message":"Rendering template { name: orders-header, recipe: chrome-pdf, engine: handlebars, preview: true }","meta":{"rootId":"or7hjtjedkdeqhx","id":"aequragky67gvwy"},"id":"88l3dk2xotky9ca","previousOperationId":"izk3r6r7rh1p52a"}
{"type":"log","timestamp":1675625610813,"level":"debug","message":"Inline data specified.","meta":{"rootId":"or7hjtjedkdeqhx","id":"aequragky67gvwy"},"id":"2opq0hc7zdm8ryr","previousOperationId":"izk3r6r7rh1p52a"}
{"type":"log","timestamp":1675625610815,"level":"debug","message":"Base url not specified, skipping its injection.","meta":{"rootId":"or7hjtjedkdeqhx","id":"aequragky67gvwy"},"id":"r8qk2oyeuar5oiu","previousOperationId":"izk3r6r7rh1p52a"}
{"type":"operationStart","subtype":"engine","name":"handlebars","timestamp":1675625610816,"id":"ckjyivo9p8fw265","previousEventId":"bc3l6xatzob7gyr","operationId":"3j69sjx5umvfg6a","previousOperationId":"izk3r6r7rh1p52a"}
{"type":"log","timestamp":1675625610816,"level":"debug","message":"Rendering engine handlebars","meta":{"rootId":"or7hjtjedkdeqhx","id":"aequragky67gvwy"},"id":"n3pm2gf09lqircd","previousOperationId":"3j69sjx5umvfg6a"}
{"type":"operationEnd","operationId":"3j69sjx5umvfg6a","timestamp":1675625610840,"id":"k2mmspnmfctbpnq","previousEventId":"ckjyivo9p8fw265","previousOperationId":"3j69sjx5umvfg6a"}
{"type":"operationStart","subtype":"recipe","name":"chrome-pdf","timestamp":1675625610841,"id":"2o73d66qwi8hfv1","previousEventId":"k2mmspnmfctbpnq","operationId":"lfzzahaa1frvn3w","previousOperationId":"3j69sjx5umvfg6a"}
{"type":"log","timestamp":1675625610841,"level":"debug","message":"Executing recipe chrome-pdf","meta":{"rootId":"or7hjtjedkdeqhx","id":"aequragky67gvwy"},"id":"bwe6h7708rgo6mw","previousOperationId":"lfzzahaa1frvn3w"}
{"type":"log","timestamp":1675625610843,"level":"debug","message":"Converting with chrome HeadlessChrome/105.0.5173.0 using chrome-pool strategy","meta":{"rootId":"or7hjtjedkdeqhx","id":"aequragky67gvwy"},"id":"0d7f9ciotl9k7c5","previousOperationId":"lfzzahaa1frvn3w"}
{"type":"log","timestamp":1675625610963,"level":"debug","message":"Page request: GET (document) file:///C:/Users/pollo/AppData/Local/Temp/jsreport/autocleanup/d6856076-025c-41ad-bf88-8eb082cc2c48-chrome-pdf.html","meta":{"rootId":"or7hjtjedkdeqhx","id":"aequragky67gvwy"},"id":"656njpagmg5pbkk","previousOperationId":"lfzzahaa1frvn3w"}
{"type":"log","timestamp":1675625610973,"level":"debug","message":"Page request finished: GET (document) 200 file:///C:/Users/pollo/AppData/Local/Temp/jsreport/autocleanup/d6856076-025c-41ad-bf88-8eb082cc2c48-chrome-pdf.html","meta":{"rootId":"or7hjtjedkdeqhx","id":"aequragky67gvwy"},"id":"ibslzhrfsyeulbh","previousOperationId":"lfzzahaa1frvn3w"}
{"type":"log","timestamp":1675625610974,"level":"debug","message":"Page request: GET (stylesheet) https://cdnjs.cloudflare.com/ajax/libs/metro/4.1.5/css/metro.min.css","meta":{"rootId":"or7hjtjedkdeqhx","id":"aequragky67gvwy"},"id":"ii8xkngyzz5ykp1","previousOperationId":"lfzzahaa1frvn3w"}
{"type":"log","timestamp":1675625610997,"level":"debug","message":"Page request finished: GET (stylesheet) 200 https://cdnjs.cloudflare.com/ajax/libs/metro/4.1.5/css/metro.min.css","meta":{"rootId":"or7hjtjedkdeqhx","id":"aequragky67gvwy"},"id":"xsy5vlc2hru9tvb","previousOperationId":"lfzzahaa1frvn3w"}
{"type":"log","timestamp":1675625611021,"level":"debug","message":"Running chrome with params {\"printBackground\":true,\"marginTop\":\"1.5cm\",\"marginRight\":\"1.5cm\",\"marginLeft\":\"1.cm\",\"timeout\":59282,\"margin\":{\"top\":\"1.5cm\",\"right\":\"1.5cm\",\"left\":\"1.cm\"}}","meta":{"rootId":"or7hjtjedkdeqhx","id":"aequragky67gvwy"},"id":"tm225fnzxdk8pbx","previousOperationId":"lfzzahaa1frvn3w"}
{"type":"operationEnd","operationId":"lfzzahaa1frvn3w","timestamp":1675625611083,"id":"17l6mjlw4mpacsj","previousEventId":"2o73d66qwi8hfv1","previousOperationId":"lfzzahaa1frvn3w"}
{"type":"log","timestamp":1675625611083,"level":"debug","message":"Skipping storing report.","meta":{"rootId":"or7hjtjedkdeqhx","id":"aequragky67gvwy"},"id":"4learhzqdv0i95g","previousOperationId":"lfzzahaa1frvn3w"}
{"type":"log","timestamp":1675625611084,"level":"info","message":"Rendering (child) request finished in 960 ms","meta":{"rootId":"or7hjtjedkdeqhx","id":"aequragky67gvwy"},"id":"y18ddw55w4p4mau","previousOperationId":"lfzzahaa1frvn3w"}
{"type":"operationEnd","subtype":"render","operationId":"izk3r6r7rh1p52a","timestamp":1675625611084,"id":"97dbt9yov3ympi8","previousEventId":"17l6mjlw4mpacsj","previousOperationId":"lfzzahaa1frvn3w"}
{"type":"operationEnd","operationId":"332ymosmjj2r381","timestamp":1675625611093,"id":"0pysdeeyed1k8xc","previousEventId":"dwcv6y0oixod51f","previousOperationId":"332ymosmjj2r381"}
{"type":"log","timestamp":1675625611093,"level":"debug","message":"pdf-utils postproces start","meta":{"rootId":"or7hjtjedkdeqhx","id":"or7hjtjedkdeqhx"},"id":"506maguysalk7ty","previousOperationId":"332ymosmjj2r381"}
{"type":"log","timestamp":1675625611099,"level":"debug","message":"pdf-utils postproces end","meta":{"rootId":"or7hjtjedkdeqhx","id":"or7hjtjedkdeqhx"},"id":"881v8jkhc5n9tbj","previousOperationId":"332ymosmjj2r381"}
{"type":"operationEnd","operationId":"1ur1ai58k9ir7ep","timestamp":1675625611099,"id":"ezwcf4axx5t25u8","previousEventId":"0pysdeeyed1k8xc","previousOperationId":"332ymosmjj2r381"}
{"type":"log","timestamp":1675625611099,"level":"info","message":"pdf-utils pdf processing was finished","meta":{"rootId":"or7hjtjedkdeqhx","id":"or7hjtjedkdeqhx"},"id":"3fpmknu96q309ew","previousOperationId":"1ur1ai58k9ir7ep"}
{"type":"log","timestamp":1675625611099,"level":"debug","message":"Skipping storing report.","meta":{"rootId":"or7hjtjedkdeqhx","id":"or7hjtjedkdeqhx"},"id":"aaveveryg1fx0d1","previousOperationId":"1ur1ai58k9ir7ep"}
{"type":"log","timestamp":1675625611100,"level":"info","message":"Rendering request 8 finished in 976 ms","meta":{"rootId":"or7hjtjedkdeqhx","id":"or7hjtjedkdeqhx"},"id":"gj80rlq8jtauol4","previousOperationId":"1ur1ai58k9ir7ep"}
{"type":"operationEnd","subtype":"render","operationId":"4jz6lvblb4l015l","timestamp":1675625611100,"id":"tx641yx0vyicock","previousEventId":"ezwcf4axx5t25u8","previousOperationId":"1ur1ai58k9ir7ep"}
{"type":"operationEnd","doDiffs":false,"previousEventId":"0lc50ux6qanmtw9","previousOperationId":"644ww6fj3qxg9c0","operationId":"644ww6fj3qxg9c0","timestamp":1675625611107,"id":"hp5cnhl8e0689qd"}
