{"type":"operationStart","subtype":"profile","data":{"_id":"ezCXcMfZO0hh05Ub","timestamp":"2023-02-03T18:55:59.517Z","state":"queued","mode":"standard","creationDate":"2023-02-03T18:55:59.519Z","modificationDate":"2023-02-03T18:55:59.519Z","shortid":"46N1JMD","$entitySet":"profiles"},"doDiffs":false,"timestamp":1675450559518,"id":"1k8tvsmb1ypwjk8","previousOperationId":null,"operationId":"xa1dakbgqd4x7v0"}
{"type":"log","level":"info","message":"Render request 19 queued for execution and waiting for available worker","previousOperationId":"xa1dakbgqd4x7v0","timestamp":1675450559518,"id":"x9qyohv7fev2mq4"}
{"type":"operationStart","subtype":"render","name":"orders-main","previousOperationId":"xa1dakbgqd4x7v0","timestamp":1675450559529,"id":"du8z3ro7zgx4j2i","previousEventId":"1k8tvsmb1ypwjk8","operationId":"08d9by8gw4sjnfz"}
{"type":"log","timestamp":1675450559529,"level":"info","message":"Starting rendering request 19","meta":{"rootId":"os4ebi18p8otc2t","id":"os4ebi18p8otc2t"},"id":"8y4o1y2atxrbldy","previousOperationId":"08d9by8gw4sjnfz"}
{"type":"log","timestamp":1675450559529,"level":"info","message":"Rendering template { name: orders-main, recipe: chrome-pdf, engine: handlebars, preview: true }","meta":{"rootId":"os4ebi18p8otc2t","id":"os4ebi18p8otc2t"},"id":"6u4pq6fgsxuxkcb","previousOperationId":"08d9by8gw4sjnfz"}
{"type":"log","timestamp":1675450559530,"level":"debug","message":"Data item not defined for this template.","meta":{"rootId":"os4ebi18p8otc2t","id":"os4ebi18p8otc2t"},"id":"cdej80lho2rhdtz","previousOperationId":"08d9by8gw4sjnfz"}
{"type":"log","timestamp":1675450559532,"level":"debug","message":"Executing script orders-script (beforeRender)","meta":{"rootId":"os4ebi18p8otc2t","id":"os4ebi18p8otc2t"},"id":"9qpj46e4l1fzrcw","previousOperationId":"08d9by8gw4sjnfz"}
{"type":"operationStart","subtype":"scriptsBeforeRender","name":"scripts beforeRender","timestamp":1675450559562,"id":"j0e7ancz5zys338","previousEventId":"du8z3ro7zgx4j2i","operationId":"dca2io3ne5a6pz2","previousOperationId":"08d9by8gw4sjnfz"}
{"type":"operationStart","subtype":"script","name":"scripts orders-script","previousOperationId":"dca2io3ne5a6pz2","timestamp":1675450559562,"id":"cgdkbr8m84ch34u","previousEventId":"j0e7ancz5zys338","operationId":"cfuz5vqkf6lqrd8"}
{"type":"log","timestamp":1675450559837,"level":"debug","message":"(console:log) {\n  data: [\n    {\n      id: 1,\n      name: 'Antonio',\n      description: 'Aclamado director de la Orquesta Filarmónica de Gran Canaria'\n    },\n    {\n      id: 3,\n      name: 'Juana de Armas',\n      description: 'Aclamada directora de la Orquesta Filarmónica de Gran Canaria'\n    }\n  ]\n}","meta":{"userLevel":true,"rootId":"os4ebi18p8otc2t","id":"os4ebi18p8otc2t"},"id":"ya7rh41z2x5t5dg","previousOperationId":"cfuz5vqkf6lqrd8"}
{"type":"operationEnd","operationId":"cfuz5vqkf6lqrd8","timestamp":1675450559837,"id":"enin8msqjlja3bs","previousEventId":"du8z3ro7zgx4j2i","previousOperationId":"08d9by8gw4sjnfz"}
{"type":"operationEnd","operationId":"dca2io3ne5a6pz2","timestamp":1675450559837,"id":"z91jum6e252or4o","previousEventId":"enin8msqjlja3bs","previousOperationId":"08d9by8gw4sjnfz"}
{"type":"log","timestamp":1675450559837,"level":"debug","message":"Base url not specified, skipping its injection.","meta":{"rootId":"os4ebi18p8otc2t","id":"os4ebi18p8otc2t"},"id":"q58cqtvu29covfb","previousOperationId":"dca2io3ne5a6pz2"}
{"type":"operationStart","subtype":"engine","name":"handlebars","timestamp":1675450559837,"id":"6wmosiksibni0ag","previousEventId":"z91jum6e252or4o","operationId":"vlle2rj4kibf4ij","previousOperationId":"dca2io3ne5a6pz2"}
{"type":"log","timestamp":1675450559837,"level":"debug","message":"Rendering engine handlebars","meta":{"rootId":"os4ebi18p8otc2t","id":"os4ebi18p8otc2t"},"id":"r1hbpjmumjsxadg","previousOperationId":"vlle2rj4kibf4ij"}
{"type":"operationEnd","operationId":"vlle2rj4kibf4ij","timestamp":1675450559850,"id":"ouctcvrqe3hyntq","previousEventId":"6wmosiksibni0ag","previousOperationId":"vlle2rj4kibf4ij"}
{"type":"operationStart","subtype":"recipe","name":"chrome-pdf","timestamp":1675450559850,"id":"sduuq6a0akfqp7b","previousEventId":"ouctcvrqe3hyntq","operationId":"gfblaf6cv7y1b97","previousOperationId":"vlle2rj4kibf4ij"}
{"type":"log","timestamp":1675450559850,"level":"debug","message":"Executing recipe chrome-pdf","meta":{"rootId":"os4ebi18p8otc2t","id":"os4ebi18p8otc2t"},"id":"9xhso9fmoc3eiiy","previousOperationId":"gfblaf6cv7y1b97"}
{"type":"log","timestamp":1675450559852,"level":"debug","message":"Converting with chrome HeadlessChrome/105.0.5173.0 using chrome-pool strategy","meta":{"rootId":"os4ebi18p8otc2t","id":"os4ebi18p8otc2t"},"id":"eftzbke6jglg6f0","previousOperationId":"gfblaf6cv7y1b97"}
{"type":"log","timestamp":1675450559950,"level":"debug","message":"Page request: GET (document) file:///C:/Users/pollo/AppData/Local/Temp/jsreport/autocleanup/2adde1ca-4d32-433b-966e-141fc4959815-chrome-pdf.html","meta":{"rootId":"os4ebi18p8otc2t","id":"os4ebi18p8otc2t"},"id":"kiu938kw69365k9","previousOperationId":"gfblaf6cv7y1b97"}
{"type":"log","timestamp":1675450559965,"level":"debug","message":"Page request: GET (stylesheet) https://cdnjs.cloudflare.com/ajax/libs/metro/4.1.5/css/metro.min.css","meta":{"rootId":"os4ebi18p8otc2t","id":"os4ebi18p8otc2t"},"id":"3jme6id3366yzzd","previousOperationId":"gfblaf6cv7y1b97"}
{"type":"log","timestamp":1675450559965,"level":"debug","message":"Page request: GET (script) https://cdnjs.cloudflare.com/ajax/libs/Chart.js/2.7.2/Chart.min.js","meta":{"rootId":"os4ebi18p8otc2t","id":"os4ebi18p8otc2t"},"id":"xnlwn5x1kd5u559","previousOperationId":"gfblaf6cv7y1b97"}
{"type":"log","timestamp":1675450559965,"level":"debug","message":"Page request finished: GET (document) 200 file:///C:/Users/pollo/AppData/Local/Temp/jsreport/autocleanup/2adde1ca-4d32-433b-966e-141fc4959815-chrome-pdf.html","meta":{"rootId":"os4ebi18p8otc2t","id":"os4ebi18p8otc2t"},"id":"myi9xa6vvu7kupm","previousOperationId":"gfblaf6cv7y1b97"}
{"type":"log","timestamp":1675450559971,"level":"debug","message":"Page request finished: GET (script) 200 https://cdnjs.cloudflare.com/ajax/libs/Chart.js/2.7.2/Chart.min.js","meta":{"rootId":"os4ebi18p8otc2t","id":"os4ebi18p8otc2t"},"id":"qfkiwiqgn1i91dp","previousOperationId":"gfblaf6cv7y1b97"}
{"type":"log","timestamp":1675450559987,"level":"debug","message":"Page request finished: GET (stylesheet) 200 https://cdnjs.cloudflare.com/ajax/libs/metro/4.1.5/css/metro.min.css","meta":{"rootId":"os4ebi18p8otc2t","id":"os4ebi18p8otc2t"},"id":"772a5nrbsdp8rax","previousOperationId":"gfblaf6cv7y1b97"}
{"type":"log","timestamp":1675450560022,"level":"debug","message":"Running chrome with params {\"printBackground\":true,\"marginTop\":\"4cm\",\"marginRight\":\"1.5cm\",\"marginBottom\":\"1.5cm\",\"marginLeft\":\"1.5cm\",\"waitForJS\":false,\"timeout\":59666,\"margin\":{\"top\":\"4cm\",\"right\":\"1.5cm\",\"bottom\":\"1.5cm\",\"left\":\"1.5cm\"}}","meta":{"rootId":"os4ebi18p8otc2t","id":"os4ebi18p8otc2t"},"id":"l1svyaezpnq9g4x","previousOperationId":"gfblaf6cv7y1b97"}
{"type":"operationEnd","operationId":"gfblaf6cv7y1b97","timestamp":1675450560098,"id":"lvc5r1c8fnnedex","previousEventId":"sduuq6a0akfqp7b","previousOperationId":"gfblaf6cv7y1b97"}
{"type":"log","timestamp":1675450560098,"level":"info","message":"pdf-utils is starting pdf processing","meta":{"rootId":"os4ebi18p8otc2t","id":"os4ebi18p8otc2t"},"id":"x0ytmqjsjygyjwg","previousOperationId":"gfblaf6cv7y1b97"}
{"type":"operationStart","subtype":"pdfUtils","name":"pdf utils","timestamp":1675450560098,"id":"6lp2b85xx8rghzw","previousEventId":"lvc5r1c8fnnedex","operationId":"31sfvasac723tlx","previousOperationId":"gfblaf6cv7y1b97"}
{"type":"log","timestamp":1675450560098,"level":"debug","message":"pdf-utils detected 1 pdf operation(s) to process","meta":{"rootId":"os4ebi18p8otc2t","id":"os4ebi18p8otc2t"},"id":"5hk2mb0buq2fnrt","previousOperationId":"31sfvasac723tlx"}
{"type":"log","timestamp":1675450560118,"level":"debug","message":"pdf-utils running pdf operation merge","meta":{"rootId":"os4ebi18p8otc2t","id":"os4ebi18p8otc2t"},"id":"h3dufdtd5xpyuu7","previousOperationId":"31sfvasac723tlx"}
{"type":"operationStart","subtype":"pdfUtilsMerge","name":"pdf utils merge","previousOperationId":"31sfvasac723tlx","timestamp":1675450560118,"id":"yquz80hx0xmobo3","previousEventId":"6lp2b85xx8rghzw","operationId":"08a787sig91t566"}
{"type":"operationStart","subtype":"render","name":"orders-header","previousOperationId":"08a787sig91t566","timestamp":1675450560119,"id":"qo329l2d1v74bd3","previousEventId":"yquz80hx0xmobo3","operationId":"ds7p6gsztqjnun4"}
{"type":"log","timestamp":1675450560119,"level":"info","message":"Starting rendering (child) request","meta":{"rootId":"os4ebi18p8otc2t","id":"8sf8i0kpucas37h"},"id":"ksjqhg9kmls6o8h","previousOperationId":"ds7p6gsztqjnun4"}
{"type":"log","timestamp":1675450560119,"level":"info","message":"Rendering template { name: orders-header, recipe: chrome-pdf, engine: handlebars, preview: true }","meta":{"rootId":"os4ebi18p8otc2t","id":"8sf8i0kpucas37h"},"id":"xqwzrjf83tj4sur","previousOperationId":"ds7p6gsztqjnun4"}
{"type":"log","timestamp":1675450560127,"level":"debug","message":"Inline data specified.","meta":{"rootId":"os4ebi18p8otc2t","id":"8sf8i0kpucas37h"},"id":"nld5o91vllsptrk","previousOperationId":"ds7p6gsztqjnun4"}
{"type":"log","timestamp":1675450560133,"level":"debug","message":"Base url not specified, skipping its injection.","meta":{"rootId":"os4ebi18p8otc2t","id":"8sf8i0kpucas37h"},"id":"1bxq1fxsacr0qge","previousOperationId":"ds7p6gsztqjnun4"}
{"type":"operationStart","subtype":"engine","name":"handlebars","timestamp":1675450560134,"id":"hgug089ioxskgxv","previousEventId":"qo329l2d1v74bd3","operationId":"23cy8xaer9d6dnf","previousOperationId":"ds7p6gsztqjnun4"}
{"type":"log","timestamp":1675450560134,"level":"debug","message":"Rendering engine handlebars","meta":{"rootId":"os4ebi18p8otc2t","id":"8sf8i0kpucas37h"},"id":"avinmfcbdc73v43","previousOperationId":"23cy8xaer9d6dnf"}
{"type":"operationEnd","operationId":"23cy8xaer9d6dnf","timestamp":1675450560153,"id":"yrlkhce2zjd4hzi","previousEventId":"hgug089ioxskgxv","previousOperationId":"23cy8xaer9d6dnf"}
{"type":"operationStart","subtype":"recipe","name":"chrome-pdf","timestamp":1675450560154,"id":"0ra0fvmalseoauw","previousEventId":"yrlkhce2zjd4hzi","operationId":"6r6xpv1cvjoudes","previousOperationId":"23cy8xaer9d6dnf"}
{"type":"log","timestamp":1675450560154,"level":"debug","message":"Executing recipe chrome-pdf","meta":{"rootId":"os4ebi18p8otc2t","id":"8sf8i0kpucas37h"},"id":"gk9w0aklfmzydz2","previousOperationId":"6r6xpv1cvjoudes"}
{"type":"log","timestamp":1675450560157,"level":"debug","message":"Converting with chrome HeadlessChrome/105.0.5173.0 using chrome-pool strategy","meta":{"rootId":"os4ebi18p8otc2t","id":"8sf8i0kpucas37h"},"id":"4r8d38vg5ddvzlh","previousOperationId":"6r6xpv1cvjoudes"}
{"type":"log","timestamp":1675450560266,"level":"debug","message":"Page request: GET (document) file:///C:/Users/pollo/AppData/Local/Temp/jsreport/autocleanup/8f39e167-c60e-4e34-a454-4a87177c463c-chrome-pdf.html","meta":{"rootId":"os4ebi18p8otc2t","id":"8sf8i0kpucas37h"},"id":"rxosc33ttzalul8","previousOperationId":"6r6xpv1cvjoudes"}
{"type":"log","timestamp":1675450560275,"level":"debug","message":"Page request finished: GET (document) 200 file:///C:/Users/pollo/AppData/Local/Temp/jsreport/autocleanup/8f39e167-c60e-4e34-a454-4a87177c463c-chrome-pdf.html","meta":{"rootId":"os4ebi18p8otc2t","id":"8sf8i0kpucas37h"},"id":"nh1al1dae6f6cr5","previousOperationId":"6r6xpv1cvjoudes"}
{"type":"log","timestamp":1675450560275,"level":"debug","message":"Page request: GET (stylesheet) https://cdnjs.cloudflare.com/ajax/libs/metro/4.1.5/css/metro.min.css","meta":{"rootId":"os4ebi18p8otc2t","id":"8sf8i0kpucas37h"},"id":"4gqt9q65remon37","previousOperationId":"6r6xpv1cvjoudes"}
{"type":"log","timestamp":1675450560297,"level":"debug","message":"Page request finished: GET (stylesheet) 200 https://cdnjs.cloudflare.com/ajax/libs/metro/4.1.5/css/metro.min.css","meta":{"rootId":"os4ebi18p8otc2t","id":"8sf8i0kpucas37h"},"id":"dohwnroi9kuzh4y","previousOperationId":"6r6xpv1cvjoudes"}
{"type":"log","timestamp":1675450560319,"level":"debug","message":"Running chrome with params {\"printBackground\":true,\"marginTop\":\"1.5cm\",\"marginRight\":\"1.5cm\",\"marginLeft\":\"1.cm\",\"timeout\":59362,\"margin\":{\"top\":\"1.5cm\",\"right\":\"1.5cm\",\"left\":\"1.cm\"}}","meta":{"rootId":"os4ebi18p8otc2t","id":"8sf8i0kpucas37h"},"id":"zlqofy31w6yjao0","previousOperationId":"6r6xpv1cvjoudes"}
{"type":"operationEnd","operationId":"6r6xpv1cvjoudes","timestamp":1675450560377,"id":"3nc90n94wb8r9me","previousEventId":"0ra0fvmalseoauw","previousOperationId":"6r6xpv1cvjoudes"}
{"type":"log","timestamp":1675450560377,"level":"debug","message":"Skipping storing report.","meta":{"rootId":"os4ebi18p8otc2t","id":"8sf8i0kpucas37h"},"id":"ijc9pr8mlrgrexo","previousOperationId":"6r6xpv1cvjoudes"}
{"type":"log","timestamp":1675450560377,"level":"info","message":"Rendering (child) request finished in 860 ms","meta":{"rootId":"os4ebi18p8otc2t","id":"8sf8i0kpucas37h"},"id":"d68qzv6up64ifgb","previousOperationId":"6r6xpv1cvjoudes"}
{"type":"operationEnd","subtype":"render","operationId":"ds7p6gsztqjnun4","timestamp":1675450560377,"id":"2ycw25ructxs8q2","previousEventId":"3nc90n94wb8r9me","previousOperationId":"6r6xpv1cvjoudes"}
{"type":"operationEnd","operationId":"08a787sig91t566","timestamp":1675450560383,"id":"0dr0wtbopupb7n7","previousEventId":"yquz80hx0xmobo3","previousOperationId":"08a787sig91t566"}
{"type":"log","timestamp":1675450560383,"level":"debug","message":"pdf-utils postproces start","meta":{"rootId":"os4ebi18p8otc2t","id":"os4ebi18p8otc2t"},"id":"rz41na5h3f0vdup","previousOperationId":"08a787sig91t566"}
{"type":"log","timestamp":1675450560388,"level":"debug","message":"pdf-utils postproces end","meta":{"rootId":"os4ebi18p8otc2t","id":"os4ebi18p8otc2t"},"id":"83vqns1xvs7ri2u","previousOperationId":"08a787sig91t566"}
{"type":"operationEnd","operationId":"31sfvasac723tlx","timestamp":1675450560388,"id":"5w0rrwrblc4p5nw","previousEventId":"0dr0wtbopupb7n7","previousOperationId":"08a787sig91t566"}
{"type":"log","timestamp":1675450560388,"level":"info","message":"pdf-utils pdf processing was finished","meta":{"rootId":"os4ebi18p8otc2t","id":"os4ebi18p8otc2t"},"id":"98w93hjuopy4kg4","previousOperationId":"31sfvasac723tlx"}
{"type":"log","timestamp":1675450560388,"level":"debug","message":"Skipping storing report.","meta":{"rootId":"os4ebi18p8otc2t","id":"os4ebi18p8otc2t"},"id":"0jaql14i9zwf15g","previousOperationId":"31sfvasac723tlx"}
{"type":"log","timestamp":1675450560388,"level":"info","message":"Rendering request 19 finished in 871 ms","meta":{"rootId":"os4ebi18p8otc2t","id":"os4ebi18p8otc2t"},"id":"6nytob009613qvy","previousOperationId":"31sfvasac723tlx"}
{"type":"operationEnd","subtype":"render","operationId":"08d9by8gw4sjnfz","timestamp":1675450560388,"id":"echxo63tcfaj8vb","previousEventId":"5w0rrwrblc4p5nw","previousOperationId":"31sfvasac723tlx"}
{"type":"operationEnd","doDiffs":false,"previousEventId":"1k8tvsmb1ypwjk8","previousOperationId":"xa1dakbgqd4x7v0","operationId":"xa1dakbgqd4x7v0","timestamp":1675450560396,"id":"86jps2z1by1qb22"}
