{"type":"operationStart","subtype":"profile","data":{"_id":"i9IJQ5kObjDmZqXx","timestamp":"2023-02-01T17:12:03.231Z","state":"queued","mode":"standard","creationDate":"2023-02-01T17:12:03.232Z","modificationDate":"2023-02-01T17:12:03.232Z","shortid":"Tji6glj","$entitySet":"profiles"},"doDiffs":false,"timestamp":1675271523232,"id":"qrczj90vqbfzuwp","previousOperationId":null,"operationId":"tofrxw6h66zr022"}
{"type":"log","level":"info","message":"Render request 12 queued for execution and waiting for available worker","previousOperationId":"tofrxw6h66zr022","timestamp":1675271523232,"id":"khigvby4i4t1w4p"}
{"type":"operationStart","subtype":"render","name":"orders-main","previousOperationId":"tofrxw6h66zr022","timestamp":1675271523241,"id":"kx1ovxo042yyjkr","previousEventId":"qrczj90vqbfzuwp","operationId":"4bv4h89ax6o1b1o"}
{"type":"log","timestamp":1675271523241,"level":"info","message":"Starting rendering request 12","meta":{"rootId":"oscvwemae50pnx7","id":"oscvwemae50pnx7"},"id":"xyyyisbqll3kwvn","previousOperationId":"4bv4h89ax6o1b1o"}
{"type":"log","timestamp":1675271523241,"level":"info","message":"Rendering template { name: orders-main, recipe: chrome-pdf, engine: handlebars, preview: true }","meta":{"rootId":"oscvwemae50pnx7","id":"oscvwemae50pnx7"},"id":"w4zmdjlnek1pfs5","previousOperationId":"4bv4h89ax6o1b1o"}
{"type":"log","timestamp":1675271523242,"level":"debug","message":"Data item not defined for this template.","meta":{"rootId":"oscvwemae50pnx7","id":"oscvwemae50pnx7"},"id":"w8hv93ro0jxos1o","previousOperationId":"4bv4h89ax6o1b1o"}
{"type":"log","timestamp":1675271523247,"level":"debug","message":"Executing script orders-script (beforeRender)","meta":{"rootId":"oscvwemae50pnx7","id":"oscvwemae50pnx7"},"id":"hfogogpda3omuge","previousOperationId":"4bv4h89ax6o1b1o"}
{"type":"operationStart","subtype":"scriptsBeforeRender","name":"scripts beforeRender","timestamp":1675271523279,"id":"erdhs8qn50i0kpy","previousEventId":"kx1ovxo042yyjkr","operationId":"xrw8sbuebsh623c","previousOperationId":"4bv4h89ax6o1b1o"}
{"type":"operationStart","subtype":"script","name":"scripts orders-script","previousOperationId":"xrw8sbuebsh623c","timestamp":1675271523279,"id":"laaf9vwcdjuw0rq","previousEventId":"erdhs8qn50i0kpy","operationId":"qae9e7kpeswl54l"}
{"type":"log","timestamp":1675271523279,"level":"debug","message":"(console:log) AAAAAAAAAAAAAAAAAAAAAAA  undefined","meta":{"userLevel":true,"rootId":"oscvwemae50pnx7","id":"oscvwemae50pnx7"},"id":"zofhixtsiu52rcf","previousOperationId":"qae9e7kpeswl54l"}
{"type":"log","timestamp":1675271523513,"level":"debug","message":"(console:log) [\n  {\n    id: 1,\n    name: 'Antonio',\n    description: 'Aclamado director de la Orquesta Filarmónica de Gran Canaria'\n  },\n  {\n    id: 3,\n    name: 'Juana de Armas',\n    description: 'Aclamada directora de la Orquesta Filarmónica de Gran Canaria'\n  }\n]","meta":{"userLevel":true,"rootId":"oscvwemae50pnx7","id":"oscvwemae50pnx7"},"id":"6yumflth8ldeg8n","previousOperationId":"qae9e7kpeswl54l"}
{"type":"operationEnd","operationId":"qae9e7kpeswl54l","timestamp":1675271523513,"id":"oynohr0u9wrqyka","previousEventId":"kx1ovxo042yyjkr","previousOperationId":"4bv4h89ax6o1b1o"}
{"type":"operationEnd","operationId":"xrw8sbuebsh623c","timestamp":1675271523514,"id":"cy7s4oxvm9rfee8","previousEventId":"oynohr0u9wrqyka","previousOperationId":"4bv4h89ax6o1b1o"}
{"type":"log","timestamp":1675271523514,"level":"debug","message":"Base url not specified, skipping its injection.","meta":{"rootId":"oscvwemae50pnx7","id":"oscvwemae50pnx7"},"id":"42fflg7nqsk6h5y","previousOperationId":"xrw8sbuebsh623c"}
{"type":"operationStart","subtype":"engine","name":"handlebars","timestamp":1675271523514,"id":"kd8duskjgpxe45v","previousEventId":"cy7s4oxvm9rfee8","operationId":"so45wd5ftza7ofd","previousOperationId":"xrw8sbuebsh623c"}
{"type":"log","timestamp":1675271523514,"level":"debug","message":"Rendering engine handlebars","meta":{"rootId":"oscvwemae50pnx7","id":"oscvwemae50pnx7"},"id":"o9od2n5zhphvz8p","previousOperationId":"so45wd5ftza7ofd"}
{"type":"operationEnd","operationId":"so45wd5ftza7ofd","timestamp":1675271523527,"id":"hd7tklyb8ta64y0","previousEventId":"kd8duskjgpxe45v","previousOperationId":"so45wd5ftza7ofd"}
{"type":"operationStart","subtype":"recipe","name":"chrome-pdf","timestamp":1675271523528,"id":"ub11fqfihn9spj4","previousEventId":"hd7tklyb8ta64y0","operationId":"cmedzttshrf3jqo","previousOperationId":"so45wd5ftza7ofd"}
{"type":"log","timestamp":1675271523528,"level":"debug","message":"Executing recipe chrome-pdf","meta":{"rootId":"oscvwemae50pnx7","id":"oscvwemae50pnx7"},"id":"kkl88hoea2qjj41","previousOperationId":"cmedzttshrf3jqo"}
{"type":"log","timestamp":1675271523530,"level":"debug","message":"Converting with chrome HeadlessChrome/105.0.5173.0 using chrome-pool strategy","meta":{"rootId":"oscvwemae50pnx7","id":"oscvwemae50pnx7"},"id":"tnd457cbikqdr0b","previousOperationId":"cmedzttshrf3jqo"}
{"type":"log","timestamp":1675271523625,"level":"debug","message":"Page request: GET (document) file:///C:/Users/pollo/AppData/Local/Temp/jsreport/autocleanup/d052f36b-b40e-49df-bbb0-4a15e7820dce-chrome-pdf.html","meta":{"rootId":"oscvwemae50pnx7","id":"oscvwemae50pnx7"},"id":"zwq8zkwjmy7gw5g","previousOperationId":"cmedzttshrf3jqo"}
{"type":"log","timestamp":1675271523637,"level":"debug","message":"Page request finished: GET (document) 200 file:///C:/Users/pollo/AppData/Local/Temp/jsreport/autocleanup/d052f36b-b40e-49df-bbb0-4a15e7820dce-chrome-pdf.html","meta":{"rootId":"oscvwemae50pnx7","id":"oscvwemae50pnx7"},"id":"jtfr16t16k57erc","previousOperationId":"cmedzttshrf3jqo"}
{"type":"log","timestamp":1675271523637,"level":"debug","message":"Page request: GET (stylesheet) https://cdnjs.cloudflare.com/ajax/libs/metro/4.1.5/css/metro.min.css","meta":{"rootId":"oscvwemae50pnx7","id":"oscvwemae50pnx7"},"id":"3fcmuaevvr6t4k5","previousOperationId":"cmedzttshrf3jqo"}
{"type":"log","timestamp":1675271523637,"level":"debug","message":"Page request: GET (script) https://cdnjs.cloudflare.com/ajax/libs/Chart.js/2.7.2/Chart.min.js","meta":{"rootId":"oscvwemae50pnx7","id":"oscvwemae50pnx7"},"id":"75b9ijshosmusbp","previousOperationId":"cmedzttshrf3jqo"}
{"type":"log","timestamp":1675271523646,"level":"debug","message":"Page request finished: GET (script) 200 https://cdnjs.cloudflare.com/ajax/libs/Chart.js/2.7.2/Chart.min.js","meta":{"rootId":"oscvwemae50pnx7","id":"oscvwemae50pnx7"},"id":"6bcl4amvo5futhq","previousOperationId":"cmedzttshrf3jqo"}
{"type":"log","timestamp":1675271523662,"level":"debug","message":"Page request finished: GET (stylesheet) 200 https://cdnjs.cloudflare.com/ajax/libs/metro/4.1.5/css/metro.min.css","meta":{"rootId":"oscvwemae50pnx7","id":"oscvwemae50pnx7"},"id":"a6h1j3rwnmszkhl","previousOperationId":"cmedzttshrf3jqo"}
{"type":"log","timestamp":1675271523674,"level":"debug","message":"Running chrome with params {\"printBackground\":true,\"marginTop\":\"4cm\",\"marginRight\":\"1.5cm\",\"marginBottom\":\"1.5cm\",\"marginLeft\":\"1.5cm\",\"waitForJS\":false,\"timeout\":59702,\"margin\":{\"top\":\"4cm\",\"right\":\"1.5cm\",\"bottom\":\"1.5cm\",\"left\":\"1.5cm\"}}","meta":{"rootId":"oscvwemae50pnx7","id":"oscvwemae50pnx7"},"id":"4ktt29drqisdrk7","previousOperationId":"cmedzttshrf3jqo"}
{"type":"operationEnd","operationId":"cmedzttshrf3jqo","timestamp":1675271523707,"id":"msqjjc0ry1ycprb","previousEventId":"ub11fqfihn9spj4","previousOperationId":"cmedzttshrf3jqo"}
{"type":"log","timestamp":1675271523707,"level":"info","message":"pdf-utils is starting pdf processing","meta":{"rootId":"oscvwemae50pnx7","id":"oscvwemae50pnx7"},"id":"2f2sof2egz2ll2z","previousOperationId":"cmedzttshrf3jqo"}
{"type":"operationStart","subtype":"pdfUtils","name":"pdf utils","timestamp":1675271523707,"id":"u9rqvoa4qhjrbm0","previousEventId":"msqjjc0ry1ycprb","operationId":"q5fafyn3sy04vls","previousOperationId":"cmedzttshrf3jqo"}
{"type":"log","timestamp":1675271523707,"level":"debug","message":"pdf-utils detected 1 pdf operation(s) to process","meta":{"rootId":"oscvwemae50pnx7","id":"oscvwemae50pnx7"},"id":"fz7ysgm49ts0dkn","previousOperationId":"q5fafyn3sy04vls"}
{"type":"log","timestamp":1675271523715,"level":"debug","message":"pdf-utils running pdf operation merge","meta":{"rootId":"oscvwemae50pnx7","id":"oscvwemae50pnx7"},"id":"fjybvphpqwkk1yh","previousOperationId":"q5fafyn3sy04vls"}
{"type":"operationStart","subtype":"pdfUtilsMerge","name":"pdf utils merge","previousOperationId":"q5fafyn3sy04vls","timestamp":1675271523715,"id":"56aa85qngcmb49o","previousEventId":"u9rqvoa4qhjrbm0","operationId":"bddo3am5ai09i6q"}
{"type":"operationStart","subtype":"render","name":"orders-header","previousOperationId":"bddo3am5ai09i6q","timestamp":1675271523716,"id":"ap7gretidhg9l1g","previousEventId":"56aa85qngcmb49o","operationId":"281n2drr908hu7c"}
{"type":"log","timestamp":1675271523716,"level":"info","message":"Starting rendering (child) request","meta":{"rootId":"oscvwemae50pnx7","id":"hiq1xathm3hwy8o"},"id":"m0hw83dtf2y26m1","previousOperationId":"281n2drr908hu7c"}
{"type":"log","timestamp":1675271523717,"level":"info","message":"Rendering template { name: orders-header, recipe: chrome-pdf, engine: handlebars, preview: true }","meta":{"rootId":"oscvwemae50pnx7","id":"hiq1xathm3hwy8o"},"id":"a1nw6zkis89tljw","previousOperationId":"281n2drr908hu7c"}
{"type":"log","timestamp":1675271523719,"level":"debug","message":"Inline data specified.","meta":{"rootId":"oscvwemae50pnx7","id":"hiq1xathm3hwy8o"},"id":"ucj877h5q9tkzat","previousOperationId":"281n2drr908hu7c"}
{"type":"log","timestamp":1675271523722,"level":"debug","message":"Base url not specified, skipping its injection.","meta":{"rootId":"oscvwemae50pnx7","id":"hiq1xathm3hwy8o"},"id":"acahx8p2bon3qom","previousOperationId":"281n2drr908hu7c"}
{"type":"operationStart","subtype":"engine","name":"handlebars","timestamp":1675271523722,"id":"ii29kh2uktong4t","previousEventId":"ap7gretidhg9l1g","operationId":"jdufvpsbna1a1xl","previousOperationId":"281n2drr908hu7c"}
{"type":"log","timestamp":1675271523722,"level":"debug","message":"Rendering engine handlebars","meta":{"rootId":"oscvwemae50pnx7","id":"hiq1xathm3hwy8o"},"id":"drq91xes22tdzje","previousOperationId":"jdufvpsbna1a1xl"}
{"type":"operationEnd","operationId":"jdufvpsbna1a1xl","timestamp":1675271523739,"id":"dwwxrv5lbi05opy","previousEventId":"ii29kh2uktong4t","previousOperationId":"jdufvpsbna1a1xl"}
{"type":"operationStart","subtype":"recipe","name":"chrome-pdf","timestamp":1675271523740,"id":"p9ltpnm3o3iwxpu","previousEventId":"dwwxrv5lbi05opy","operationId":"b3voceuzrv1cxpi","previousOperationId":"jdufvpsbna1a1xl"}
{"type":"log","timestamp":1675271523740,"level":"debug","message":"Executing recipe chrome-pdf","meta":{"rootId":"oscvwemae50pnx7","id":"hiq1xathm3hwy8o"},"id":"dhoqi07yuaanmz0","previousOperationId":"b3voceuzrv1cxpi"}
{"type":"log","timestamp":1675271523742,"level":"debug","message":"Converting with chrome HeadlessChrome/105.0.5173.0 using chrome-pool strategy","meta":{"rootId":"oscvwemae50pnx7","id":"hiq1xathm3hwy8o"},"id":"5i9ruslobmcjayd","previousOperationId":"b3voceuzrv1cxpi"}
{"type":"log","timestamp":1675271523843,"level":"debug","message":"Page request: GET (document) file:///C:/Users/pollo/AppData/Local/Temp/jsreport/autocleanup/b1b97b26-b10f-4154-90a5-fe24f1e5bd8e-chrome-pdf.html","meta":{"rootId":"oscvwemae50pnx7","id":"hiq1xathm3hwy8o"},"id":"8eakpfe4yeoatke","previousOperationId":"b3voceuzrv1cxpi"}
{"type":"log","timestamp":1675271523859,"level":"debug","message":"Page request finished: GET (document) 200 file:///C:/Users/pollo/AppData/Local/Temp/jsreport/autocleanup/b1b97b26-b10f-4154-90a5-fe24f1e5bd8e-chrome-pdf.html","meta":{"rootId":"oscvwemae50pnx7","id":"hiq1xathm3hwy8o"},"id":"zqsnit7k7edadw9","previousOperationId":"b3voceuzrv1cxpi"}
{"type":"log","timestamp":1675271523859,"level":"debug","message":"Page request: GET (stylesheet) https://cdnjs.cloudflare.com/ajax/libs/metro/4.1.5/css/metro.min.css","meta":{"rootId":"oscvwemae50pnx7","id":"hiq1xathm3hwy8o"},"id":"gb9bikcb6jo74cq","previousOperationId":"b3voceuzrv1cxpi"}
{"type":"log","timestamp":1675271523885,"level":"debug","message":"Page request finished: GET (stylesheet) 200 https://cdnjs.cloudflare.com/ajax/libs/metro/4.1.5/css/metro.min.css","meta":{"rootId":"oscvwemae50pnx7","id":"hiq1xathm3hwy8o"},"id":"mu0b6j1bqqyi9hc","previousOperationId":"b3voceuzrv1cxpi"}
{"type":"log","timestamp":1675271523908,"level":"debug","message":"Running chrome with params {\"printBackground\":true,\"marginTop\":\"1.5cm\",\"marginRight\":\"1.5cm\",\"marginLeft\":\"1.cm\",\"timeout\":59490,\"margin\":{\"top\":\"1.5cm\",\"right\":\"1.5cm\",\"left\":\"1.cm\"}}","meta":{"rootId":"oscvwemae50pnx7","id":"hiq1xathm3hwy8o"},"id":"4inbzrquf8tdo54","previousOperationId":"b3voceuzrv1cxpi"}
{"type":"operationEnd","operationId":"b3voceuzrv1cxpi","timestamp":1675271523976,"id":"fvo985mkipb9zef","previousEventId":"p9ltpnm3o3iwxpu","previousOperationId":"b3voceuzrv1cxpi"}
{"type":"log","timestamp":1675271523976,"level":"debug","message":"Skipping storing report.","meta":{"rootId":"oscvwemae50pnx7","id":"hiq1xathm3hwy8o"},"id":"0zu70k3nw5funyd","previousOperationId":"b3voceuzrv1cxpi"}
{"type":"log","timestamp":1675271523977,"level":"info","message":"Rendering (child) request finished in 746 ms","meta":{"rootId":"oscvwemae50pnx7","id":"hiq1xathm3hwy8o"},"id":"dky26zuh9d5rrjw","previousOperationId":"b3voceuzrv1cxpi"}
{"type":"operationEnd","subtype":"render","operationId":"281n2drr908hu7c","timestamp":1675271523977,"id":"9t7zj7cgv2fr5jo","previousEventId":"fvo985mkipb9zef","previousOperationId":"b3voceuzrv1cxpi"}
{"type":"operationEnd","operationId":"bddo3am5ai09i6q","timestamp":1675271523983,"id":"rtqv4rg7zest9y7","previousEventId":"56aa85qngcmb49o","previousOperationId":"bddo3am5ai09i6q"}
{"type":"log","timestamp":1675271523983,"level":"debug","message":"pdf-utils postproces start","meta":{"rootId":"oscvwemae50pnx7","id":"oscvwemae50pnx7"},"id":"hgh1w1lxxhr8xek","previousOperationId":"bddo3am5ai09i6q"}
{"type":"log","timestamp":1675271523988,"level":"debug","message":"pdf-utils postproces end","meta":{"rootId":"oscvwemae50pnx7","id":"oscvwemae50pnx7"},"id":"j6rwsgzunn39olj","previousOperationId":"bddo3am5ai09i6q"}
{"type":"operationEnd","operationId":"q5fafyn3sy04vls","timestamp":1675271523988,"id":"tfb4vtjutlbshpb","previousEventId":"rtqv4rg7zest9y7","previousOperationId":"bddo3am5ai09i6q"}
{"type":"log","timestamp":1675271523988,"level":"info","message":"pdf-utils pdf processing was finished","meta":{"rootId":"oscvwemae50pnx7","id":"oscvwemae50pnx7"},"id":"zug73fcyvgn2xpp","previousOperationId":"q5fafyn3sy04vls"}
{"type":"log","timestamp":1675271523988,"level":"debug","message":"Skipping storing report.","meta":{"rootId":"oscvwemae50pnx7","id":"oscvwemae50pnx7"},"id":"0l84dket4eywcdd","previousOperationId":"q5fafyn3sy04vls"}
{"type":"log","timestamp":1675271523988,"level":"info","message":"Rendering request 12 finished in 757 ms","meta":{"rootId":"oscvwemae50pnx7","id":"oscvwemae50pnx7"},"id":"ub867fzgsgvuxxf","previousOperationId":"q5fafyn3sy04vls"}
{"type":"operationEnd","subtype":"render","operationId":"4bv4h89ax6o1b1o","timestamp":1675271523988,"id":"ob5auy1n8oz2kbs","previousEventId":"tfb4vtjutlbshpb","previousOperationId":"q5fafyn3sy04vls"}
{"type":"operationEnd","doDiffs":false,"previousEventId":"qrczj90vqbfzuwp","previousOperationId":"tofrxw6h66zr022","operationId":"tofrxw6h66zr022","timestamp":1675271523996,"id":"mksedm09b5ob6lj"}
