{"type":"operationStart","subtype":"profile","data":{"_id":"rHKfxKOL5jnrHRax","timestamp":"2023-02-01T17:12:37.073Z","state":"queued","mode":"standard","creationDate":"2023-02-01T17:12:37.074Z","modificationDate":"2023-02-01T17:12:37.074Z","shortid":"Dfj6ORE","$entitySet":"profiles"},"doDiffs":false,"timestamp":1675271557074,"id":"79b16bfd7wzav46","previousOperationId":null,"operationId":"xgs0wfnu2rht4tw"}
{"type":"log","level":"info","message":"Render request 15 queued for execution and waiting for available worker","previousOperationId":"xgs0wfnu2rht4tw","timestamp":1675271557074,"id":"q7pp6ur18uf8wom"}
{"type":"operationStart","subtype":"render","name":"orders-main","previousOperationId":"xgs0wfnu2rht4tw","timestamp":1675271557084,"id":"cgndl7xbm5jnsut","previousEventId":"79b16bfd7wzav46","operationId":"jvgeyp0zvysavr0"}
{"type":"log","timestamp":1675271557085,"level":"info","message":"Starting rendering request 15","meta":{"rootId":"pjkljp00t79lj05","id":"pjkljp00t79lj05"},"id":"kud5bm93e510ica","previousOperationId":"jvgeyp0zvysavr0"}
{"type":"log","timestamp":1675271557085,"level":"info","message":"Rendering template { name: orders-main, recipe: chrome-pdf, engine: handlebars, preview: true }","meta":{"rootId":"pjkljp00t79lj05","id":"pjkljp00t79lj05"},"id":"hey95da0ej2p7oh","previousOperationId":"jvgeyp0zvysavr0"}
{"type":"log","timestamp":1675271557086,"level":"debug","message":"Data item not defined for this template.","meta":{"rootId":"pjkljp00t79lj05","id":"pjkljp00t79lj05"},"id":"gvk9p9dcfyzu6td","previousOperationId":"jvgeyp0zvysavr0"}
{"type":"log","timestamp":1675271557090,"level":"debug","message":"Executing script orders-script (beforeRender)","meta":{"rootId":"pjkljp00t79lj05","id":"pjkljp00t79lj05"},"id":"0f0g8rmuytin3e0","previousOperationId":"jvgeyp0zvysavr0"}
{"type":"operationStart","subtype":"scriptsBeforeRender","name":"scripts beforeRender","timestamp":1675271557124,"id":"kecox90njlkjbz6","previousEventId":"cgndl7xbm5jnsut","operationId":"kwncrznoubl0iai","previousOperationId":"jvgeyp0zvysavr0"}
{"type":"operationStart","subtype":"script","name":"scripts orders-script","previousOperationId":"kwncrznoubl0iai","timestamp":1675271557124,"id":"fz74rubidm6web0","previousEventId":"kecox90njlkjbz6","operationId":"6zgl6jnxx9fx85o"}
{"type":"log","timestamp":1675271557124,"level":"debug","message":"(console:log) AAAAAAAAAAAAAAAAAAAAAAA  undefined","meta":{"userLevel":true,"rootId":"pjkljp00t79lj05","id":"pjkljp00t79lj05"},"id":"ggszy4fasdnhaww","previousOperationId":"6zgl6jnxx9fx85o"}
{"type":"log","timestamp":1675271557335,"level":"debug","message":"(console:log) [\n  {\n    id: 1,\n    name: 'Antonio',\n    description: 'Aclamado director de la Orquesta Filarmónica de Gran Canaria'\n  },\n  {\n    id: 3,\n    name: 'Juana de Armas',\n    description: 'Aclamada directora de la Orquesta Filarmónica de Gran Canaria'\n  }\n]","meta":{"userLevel":true,"rootId":"pjkljp00t79lj05","id":"pjkljp00t79lj05"},"id":"91upt5qryzum1ah","previousOperationId":"6zgl6jnxx9fx85o"}
{"type":"operationEnd","operationId":"6zgl6jnxx9fx85o","timestamp":1675271557336,"id":"pcf7z1cr1zwbjd2","previousEventId":"cgndl7xbm5jnsut","previousOperationId":"jvgeyp0zvysavr0"}
{"type":"operationEnd","operationId":"kwncrznoubl0iai","timestamp":1675271557336,"id":"ixsce8vsmdnacnb","previousEventId":"pcf7z1cr1zwbjd2","previousOperationId":"jvgeyp0zvysavr0"}
{"type":"log","timestamp":1675271557336,"level":"debug","message":"Base url not specified, skipping its injection.","meta":{"rootId":"pjkljp00t79lj05","id":"pjkljp00t79lj05"},"id":"ag2vl2nuc6x3ohm","previousOperationId":"kwncrznoubl0iai"}
{"type":"operationStart","subtype":"engine","name":"handlebars","timestamp":1675271557336,"id":"oblvsi5fprqcu6a","previousEventId":"ixsce8vsmdnacnb","operationId":"0m2okfo7sxndjal","previousOperationId":"kwncrznoubl0iai"}
{"type":"log","timestamp":1675271557336,"level":"debug","message":"Rendering engine handlebars","meta":{"rootId":"pjkljp00t79lj05","id":"pjkljp00t79lj05"},"id":"3xgeijy7dhlzkc7","previousOperationId":"0m2okfo7sxndjal"}
{"type":"operationEnd","operationId":"0m2okfo7sxndjal","timestamp":1675271557347,"id":"zvusg4nlt6hid55","previousEventId":"oblvsi5fprqcu6a","previousOperationId":"0m2okfo7sxndjal"}
{"type":"operationStart","subtype":"recipe","name":"chrome-pdf","timestamp":1675271557347,"id":"btbr86kvxxole14","previousEventId":"zvusg4nlt6hid55","operationId":"8mploegkie2q3d0","previousOperationId":"0m2okfo7sxndjal"}
{"type":"log","timestamp":1675271557347,"level":"debug","message":"Executing recipe chrome-pdf","meta":{"rootId":"pjkljp00t79lj05","id":"pjkljp00t79lj05"},"id":"vfa1rhhv5xnizx5","previousOperationId":"8mploegkie2q3d0"}
{"type":"log","timestamp":1675271557350,"level":"debug","message":"Converting with chrome HeadlessChrome/105.0.5173.0 using chrome-pool strategy","meta":{"rootId":"pjkljp00t79lj05","id":"pjkljp00t79lj05"},"id":"r5ax5p9urllrbsz","previousOperationId":"8mploegkie2q3d0"}
{"type":"log","timestamp":1675271557452,"level":"debug","message":"Page request: GET (document) file:///C:/Users/pollo/AppData/Local/Temp/jsreport/autocleanup/a7c960cd-bbdc-48b7-9ca9-f86431f0d179-chrome-pdf.html","meta":{"rootId":"pjkljp00t79lj05","id":"pjkljp00t79lj05"},"id":"0gacbhzxf661mo3","previousOperationId":"8mploegkie2q3d0"}
{"type":"log","timestamp":1675271557462,"level":"debug","message":"Page request: GET (stylesheet) https://cdnjs.cloudflare.com/ajax/libs/metro/4.1.5/css/metro.min.css","meta":{"rootId":"pjkljp00t79lj05","id":"pjkljp00t79lj05"},"id":"n034euqjn97exvo","previousOperationId":"8mploegkie2q3d0"}
{"type":"log","timestamp":1675271557462,"level":"debug","message":"Page request: GET (script) https://cdnjs.cloudflare.com/ajax/libs/Chart.js/2.7.2/Chart.min.js","meta":{"rootId":"pjkljp00t79lj05","id":"pjkljp00t79lj05"},"id":"srp2zotoelblnje","previousOperationId":"8mploegkie2q3d0"}
{"type":"log","timestamp":1675271557462,"level":"debug","message":"Page request finished: GET (document) 200 file:///C:/Users/pollo/AppData/Local/Temp/jsreport/autocleanup/a7c960cd-bbdc-48b7-9ca9-f86431f0d179-chrome-pdf.html","meta":{"rootId":"pjkljp00t79lj05","id":"pjkljp00t79lj05"},"id":"veha6dnsbp6sxby","previousOperationId":"8mploegkie2q3d0"}
{"type":"log","timestamp":1675271557471,"level":"debug","message":"Page request finished: GET (script) 200 https://cdnjs.cloudflare.com/ajax/libs/Chart.js/2.7.2/Chart.min.js","meta":{"rootId":"pjkljp00t79lj05","id":"pjkljp00t79lj05"},"id":"7i91vncj4pz4yo5","previousOperationId":"8mploegkie2q3d0"}
{"type":"log","timestamp":1675271557487,"level":"debug","message":"Page request finished: GET (stylesheet) 200 https://cdnjs.cloudflare.com/ajax/libs/metro/4.1.5/css/metro.min.css","meta":{"rootId":"pjkljp00t79lj05","id":"pjkljp00t79lj05"},"id":"slygppl303isdwx","previousOperationId":"8mploegkie2q3d0"}
{"type":"log","timestamp":1675271557499,"level":"debug","message":"Running chrome with params {\"printBackground\":true,\"marginTop\":\"4cm\",\"marginRight\":\"1.5cm\",\"marginBottom\":\"1.5cm\",\"marginLeft\":\"1.5cm\",\"waitForJS\":false,\"timeout\":59724,\"margin\":{\"top\":\"4cm\",\"right\":\"1.5cm\",\"bottom\":\"1.5cm\",\"left\":\"1.5cm\"}}","meta":{"rootId":"pjkljp00t79lj05","id":"pjkljp00t79lj05"},"id":"z26vcx1rwx6f7l6","previousOperationId":"8mploegkie2q3d0"}
{"type":"operationEnd","operationId":"8mploegkie2q3d0","timestamp":1675271557537,"id":"83bvgco3akt5xzn","previousEventId":"btbr86kvxxole14","previousOperationId":"8mploegkie2q3d0"}
{"type":"log","timestamp":1675271557537,"level":"info","message":"pdf-utils is starting pdf processing","meta":{"rootId":"pjkljp00t79lj05","id":"pjkljp00t79lj05"},"id":"80a152hwcpm7w4e","previousOperationId":"8mploegkie2q3d0"}
{"type":"operationStart","subtype":"pdfUtils","name":"pdf utils","timestamp":1675271557537,"id":"cpbdi5lxhv8u7iw","previousEventId":"83bvgco3akt5xzn","operationId":"sztn0t75hzv9lri","previousOperationId":"8mploegkie2q3d0"}
{"type":"log","timestamp":1675271557538,"level":"debug","message":"pdf-utils detected 1 pdf operation(s) to process","meta":{"rootId":"pjkljp00t79lj05","id":"pjkljp00t79lj05"},"id":"jzw51a5o00td5e8","previousOperationId":"sztn0t75hzv9lri"}
{"type":"log","timestamp":1675271557544,"level":"debug","message":"pdf-utils running pdf operation merge","meta":{"rootId":"pjkljp00t79lj05","id":"pjkljp00t79lj05"},"id":"3lwo4i9ee2xhwqn","previousOperationId":"sztn0t75hzv9lri"}
{"type":"operationStart","subtype":"pdfUtilsMerge","name":"pdf utils merge","previousOperationId":"sztn0t75hzv9lri","timestamp":1675271557544,"id":"w3qluxggif9l4wa","previousEventId":"cpbdi5lxhv8u7iw","operationId":"uysj0k5b4gf3vow"}
{"type":"operationStart","subtype":"render","name":"orders-header","previousOperationId":"uysj0k5b4gf3vow","timestamp":1675271557545,"id":"h5i756e6nqq6gl8","previousEventId":"w3qluxggif9l4wa","operationId":"w52me868zyao1zp"}
{"type":"log","timestamp":1675271557545,"level":"info","message":"Starting rendering (child) request","meta":{"rootId":"pjkljp00t79lj05","id":"ewl54vqy7uvyotp"},"id":"pot3clmq7lnyl9d","previousOperationId":"w52me868zyao1zp"}
{"type":"log","timestamp":1675271557545,"level":"info","message":"Rendering template { name: orders-header, recipe: chrome-pdf, engine: handlebars, preview: true }","meta":{"rootId":"pjkljp00t79lj05","id":"ewl54vqy7uvyotp"},"id":"ftjgjif0kbvdf2y","previousOperationId":"w52me868zyao1zp"}
{"type":"log","timestamp":1675271557547,"level":"debug","message":"Inline data specified.","meta":{"rootId":"pjkljp00t79lj05","id":"ewl54vqy7uvyotp"},"id":"ia9yr4aezl747ue","previousOperationId":"w52me868zyao1zp"}
{"type":"log","timestamp":1675271557550,"level":"debug","message":"Base url not specified, skipping its injection.","meta":{"rootId":"pjkljp00t79lj05","id":"ewl54vqy7uvyotp"},"id":"rq4rsoka41gccsz","previousOperationId":"w52me868zyao1zp"}
{"type":"operationStart","subtype":"engine","name":"handlebars","timestamp":1675271557550,"id":"p129juntct21y0t","previousEventId":"h5i756e6nqq6gl8","operationId":"p1aa0636te2mdx4","previousOperationId":"w52me868zyao1zp"}
{"type":"log","timestamp":1675271557551,"level":"debug","message":"Rendering engine handlebars","meta":{"rootId":"pjkljp00t79lj05","id":"ewl54vqy7uvyotp"},"id":"9pc07mtxxln48x5","previousOperationId":"p1aa0636te2mdx4"}
{"type":"operationEnd","operationId":"p1aa0636te2mdx4","timestamp":1675271557573,"id":"7rx04rwgejpp3zf","previousEventId":"p129juntct21y0t","previousOperationId":"p1aa0636te2mdx4"}
{"type":"operationStart","subtype":"recipe","name":"chrome-pdf","timestamp":1675271557574,"id":"x50aijosfwunx7e","previousEventId":"7rx04rwgejpp3zf","operationId":"runrxwakwe3rexk","previousOperationId":"p1aa0636te2mdx4"}
{"type":"log","timestamp":1675271557574,"level":"debug","message":"Executing recipe chrome-pdf","meta":{"rootId":"pjkljp00t79lj05","id":"ewl54vqy7uvyotp"},"id":"kg6yj2td6be3h36","previousOperationId":"runrxwakwe3rexk"}
{"type":"log","timestamp":1675271557576,"level":"debug","message":"Converting with chrome HeadlessChrome/105.0.5173.0 using chrome-pool strategy","meta":{"rootId":"pjkljp00t79lj05","id":"ewl54vqy7uvyotp"},"id":"peklkivbbssvaft","previousOperationId":"runrxwakwe3rexk"}
{"type":"log","timestamp":1675271557675,"level":"debug","message":"Page request: GET (document) file:///C:/Users/pollo/AppData/Local/Temp/jsreport/autocleanup/9a896599-45e2-4055-954a-db3b96185756-chrome-pdf.html","meta":{"rootId":"pjkljp00t79lj05","id":"ewl54vqy7uvyotp"},"id":"096onzy8ssownyc","previousOperationId":"runrxwakwe3rexk"}
{"type":"log","timestamp":1675271557685,"level":"debug","message":"Page request finished: GET (document) 200 file:///C:/Users/pollo/AppData/Local/Temp/jsreport/autocleanup/9a896599-45e2-4055-954a-db3b96185756-chrome-pdf.html","meta":{"rootId":"pjkljp00t79lj05","id":"ewl54vqy7uvyotp"},"id":"yyr7ipp2h0abr2u","previousOperationId":"runrxwakwe3rexk"}
{"type":"log","timestamp":1675271557685,"level":"debug","message":"Page request: GET (stylesheet) https://cdnjs.cloudflare.com/ajax/libs/metro/4.1.5/css/metro.min.css","meta":{"rootId":"pjkljp00t79lj05","id":"ewl54vqy7uvyotp"},"id":"bxua00q5xsqlchl","previousOperationId":"runrxwakwe3rexk"}
{"type":"log","timestamp":1675271557706,"level":"debug","message":"Page request finished: GET (stylesheet) 200 https://cdnjs.cloudflare.com/ajax/libs/metro/4.1.5/css/metro.min.css","meta":{"rootId":"pjkljp00t79lj05","id":"ewl54vqy7uvyotp"},"id":"8frvoudinmy9ewz","previousOperationId":"runrxwakwe3rexk"}
{"type":"log","timestamp":1675271557729,"level":"debug","message":"Running chrome with params {\"printBackground\":true,\"marginTop\":\"1.5cm\",\"marginRight\":\"1.5cm\",\"marginLeft\":\"1.cm\",\"timeout\":59498,\"margin\":{\"top\":\"1.5cm\",\"right\":\"1.5cm\",\"left\":\"1.cm\"}}","meta":{"rootId":"pjkljp00t79lj05","id":"ewl54vqy7uvyotp"},"id":"2xdzj5yuy4gelof","previousOperationId":"runrxwakwe3rexk"}
{"type":"operationEnd","operationId":"runrxwakwe3rexk","timestamp":1675271557790,"id":"f1m8i3yzhd3pl2g","previousEventId":"x50aijosfwunx7e","previousOperationId":"runrxwakwe3rexk"}
{"type":"log","timestamp":1675271557790,"level":"debug","message":"Skipping storing report.","meta":{"rootId":"pjkljp00t79lj05","id":"ewl54vqy7uvyotp"},"id":"ba4i09xskmuhlyn","previousOperationId":"runrxwakwe3rexk"}
{"type":"log","timestamp":1675271557790,"level":"info","message":"Rendering (child) request finished in 717 ms","meta":{"rootId":"pjkljp00t79lj05","id":"ewl54vqy7uvyotp"},"id":"06aamovl3jocpag","previousOperationId":"runrxwakwe3rexk"}
{"type":"operationEnd","subtype":"render","operationId":"w52me868zyao1zp","timestamp":1675271557790,"id":"0zq1k21s00i7d4t","previousEventId":"f1m8i3yzhd3pl2g","previousOperationId":"runrxwakwe3rexk"}
{"type":"operationEnd","operationId":"uysj0k5b4gf3vow","timestamp":1675271557794,"id":"lj4ct0qp3j24fdw","previousEventId":"w3qluxggif9l4wa","previousOperationId":"uysj0k5b4gf3vow"}
{"type":"log","timestamp":1675271557794,"level":"debug","message":"pdf-utils postproces start","meta":{"rootId":"pjkljp00t79lj05","id":"pjkljp00t79lj05"},"id":"6bmhbyqk9caku0p","previousOperationId":"uysj0k5b4gf3vow"}
{"type":"log","timestamp":1675271557797,"level":"debug","message":"pdf-utils postproces end","meta":{"rootId":"pjkljp00t79lj05","id":"pjkljp00t79lj05"},"id":"1syogn3c7pwhg3j","previousOperationId":"uysj0k5b4gf3vow"}
{"type":"operationEnd","operationId":"sztn0t75hzv9lri","timestamp":1675271557797,"id":"qzbs5wuz07m7rhe","previousEventId":"lj4ct0qp3j24fdw","previousOperationId":"uysj0k5b4gf3vow"}
{"type":"log","timestamp":1675271557797,"level":"info","message":"pdf-utils pdf processing was finished","meta":{"rootId":"pjkljp00t79lj05","id":"pjkljp00t79lj05"},"id":"7wu5rsl2py60a7d","previousOperationId":"sztn0t75hzv9lri"}
{"type":"log","timestamp":1675271557797,"level":"debug","message":"Skipping storing report.","meta":{"rootId":"pjkljp00t79lj05","id":"pjkljp00t79lj05"},"id":"9j3x8bcmp1hc63z","previousOperationId":"sztn0t75hzv9lri"}
{"type":"log","timestamp":1675271557797,"level":"info","message":"Rendering request 15 finished in 724 ms","meta":{"rootId":"pjkljp00t79lj05","id":"pjkljp00t79lj05"},"id":"qcbwvov6aahdkty","previousOperationId":"sztn0t75hzv9lri"}
{"type":"operationEnd","subtype":"render","operationId":"jvgeyp0zvysavr0","timestamp":1675271557797,"id":"uo72p8r0uqqddtz","previousEventId":"qzbs5wuz07m7rhe","previousOperationId":"sztn0t75hzv9lri"}
{"type":"operationEnd","doDiffs":false,"previousEventId":"79b16bfd7wzav46","previousOperationId":"xgs0wfnu2rht4tw","operationId":"xgs0wfnu2rht4tw","timestamp":1675271557807,"id":"5ri5gmq43ec854h"}
