{"type":"operationStart","subtype":"profile","data":{"_id":"an07zSTVuJM5WufM","timestamp":"2023-02-03T18:44:04.058Z","state":"queued","mode":"standard","creationDate":"2023-02-03T18:44:04.061Z","modificationDate":"2023-02-03T18:44:04.061Z","shortid":"WF7NS-Z","$entitySet":"profiles"},"doDiffs":false,"timestamp":1675449844059,"id":"swnsmdbe6hywg05","previousOperationId":null,"operationId":"l9okx8mafhyk3tu"}
{"type":"log","level":"info","message":"Render request 16 queued for execution and waiting for available worker","previousOperationId":"l9okx8mafhyk3tu","timestamp":1675449844060,"id":"maq6ibhvub9wmom"}
{"type":"operationStart","subtype":"render","name":"orders-main","previousOperationId":"l9okx8mafhyk3tu","timestamp":1675449844071,"id":"lhzlyipg833edjj","previousEventId":"swnsmdbe6hywg05","operationId":"wc5yybj4nafkvsp"}
{"type":"log","timestamp":1675449844071,"level":"info","message":"Starting rendering request 16","meta":{"rootId":"pu0qayxbnydcqgb","id":"pu0qayxbnydcqgb"},"id":"fzluxi9vfmxw1qn","previousOperationId":"wc5yybj4nafkvsp"}
{"type":"log","timestamp":1675449844071,"level":"info","message":"Rendering template { name: orders-main, recipe: chrome-pdf, engine: handlebars, preview: true }","meta":{"rootId":"pu0qayxbnydcqgb","id":"pu0qayxbnydcqgb"},"id":"0s58qmhahbyoaa8","previousOperationId":"wc5yybj4nafkvsp"}
{"type":"log","timestamp":1675449844072,"level":"debug","message":"Data item not defined for this template.","meta":{"rootId":"pu0qayxbnydcqgb","id":"pu0qayxbnydcqgb"},"id":"ke3uq4iyofng4kn","previousOperationId":"wc5yybj4nafkvsp"}
{"type":"log","timestamp":1675449844075,"level":"debug","message":"Executing script orders-script (beforeRender)","meta":{"rootId":"pu0qayxbnydcqgb","id":"pu0qayxbnydcqgb"},"id":"3cfl8wnt6e83jk4","previousOperationId":"wc5yybj4nafkvsp"}
{"type":"operationStart","subtype":"scriptsBeforeRender","name":"scripts beforeRender","timestamp":1675449844101,"id":"lbvy8ol6dq62sq4","previousEventId":"lhzlyipg833edjj","operationId":"83823aa4s8harz5","previousOperationId":"wc5yybj4nafkvsp"}
{"type":"operationStart","subtype":"script","name":"scripts orders-script","previousOperationId":"83823aa4s8harz5","timestamp":1675449844101,"id":"zg5q12xremdpg8h","previousEventId":"lbvy8ol6dq62sq4","operationId":"wtkreoay3lowdil"}
{"type":"log","timestamp":1675449844307,"level":"debug","message":"(console:log) {\n  data: [\n    {\n      id: 1,\n      name: 'Antonio',\n      description: 'Aclamado director de la Orquesta Filarmónica de Gran Canaria'\n    },\n    {\n      id: 3,\n      name: 'Juana de Armas',\n      description: 'Aclamada directora de la Orquesta Filarmónica de Gran Canaria'\n    }\n  ]\n}","meta":{"userLevel":true,"rootId":"pu0qayxbnydcqgb","id":"pu0qayxbnydcqgb"},"id":"rlmglq3tfh98svd","previousOperationId":"wtkreoay3lowdil"}
{"type":"operationEnd","operationId":"wtkreoay3lowdil","timestamp":1675449844307,"id":"fcxrlu9x60dg932","previousEventId":"lhzlyipg833edjj","previousOperationId":"wc5yybj4nafkvsp"}
{"type":"operationEnd","operationId":"83823aa4s8harz5","timestamp":1675449844307,"id":"r57svj0s6dn2mvd","previousEventId":"fcxrlu9x60dg932","previousOperationId":"wc5yybj4nafkvsp"}
{"type":"log","timestamp":1675449844307,"level":"debug","message":"Base url not specified, skipping its injection.","meta":{"rootId":"pu0qayxbnydcqgb","id":"pu0qayxbnydcqgb"},"id":"sk0miqi7hpba6ih","previousOperationId":"83823aa4s8harz5"}
{"type":"operationStart","subtype":"engine","name":"handlebars","timestamp":1675449844307,"id":"enazr5ae9ece090","previousEventId":"r57svj0s6dn2mvd","operationId":"f359rrd35w59u98","previousOperationId":"83823aa4s8harz5"}
{"type":"log","timestamp":1675449844307,"level":"debug","message":"Rendering engine handlebars","meta":{"rootId":"pu0qayxbnydcqgb","id":"pu0qayxbnydcqgb"},"id":"n3tnuw3p879el8e","previousOperationId":"f359rrd35w59u98"}
{"type":"operationEnd","operationId":"f359rrd35w59u98","timestamp":1675449844321,"id":"q9sppab10b7paw0","previousEventId":"enazr5ae9ece090","previousOperationId":"f359rrd35w59u98"}
{"type":"operationStart","subtype":"recipe","name":"chrome-pdf","timestamp":1675449844321,"id":"wr51iuo40blxaa2","previousEventId":"q9sppab10b7paw0","operationId":"zgu23rhmge530bp","previousOperationId":"f359rrd35w59u98"}
{"type":"log","timestamp":1675449844321,"level":"debug","message":"Executing recipe chrome-pdf","meta":{"rootId":"pu0qayxbnydcqgb","id":"pu0qayxbnydcqgb"},"id":"lmflaiq3a0liyuc","previousOperationId":"zgu23rhmge530bp"}
{"type":"log","timestamp":1675449844324,"level":"debug","message":"Converting with chrome HeadlessChrome/105.0.5173.0 using chrome-pool strategy","meta":{"rootId":"pu0qayxbnydcqgb","id":"pu0qayxbnydcqgb"},"id":"j05w2d81ofyxbq4","previousOperationId":"zgu23rhmge530bp"}
{"type":"log","timestamp":1675449844417,"level":"debug","message":"Page request: GET (document) file:///C:/Users/pollo/AppData/Local/Temp/jsreport/autocleanup/5bed3402-10f1-4573-a2ba-61e48b5ebe15-chrome-pdf.html","meta":{"rootId":"pu0qayxbnydcqgb","id":"pu0qayxbnydcqgb"},"id":"z5h6eirp3kwslp3","previousOperationId":"zgu23rhmge530bp"}
{"type":"log","timestamp":1675449844431,"level":"debug","message":"Page request finished: GET (document) 200 file:///C:/Users/pollo/AppData/Local/Temp/jsreport/autocleanup/5bed3402-10f1-4573-a2ba-61e48b5ebe15-chrome-pdf.html","meta":{"rootId":"pu0qayxbnydcqgb","id":"pu0qayxbnydcqgb"},"id":"wnoomgx26ipyjtw","previousOperationId":"zgu23rhmge530bp"}
{"type":"log","timestamp":1675449844431,"level":"debug","message":"Page request: GET (stylesheet) https://cdnjs.cloudflare.com/ajax/libs/metro/4.1.5/css/metro.min.css","meta":{"rootId":"pu0qayxbnydcqgb","id":"pu0qayxbnydcqgb"},"id":"q4y16ujvwntevps","previousOperationId":"zgu23rhmge530bp"}
{"type":"log","timestamp":1675449844431,"level":"debug","message":"Page request: GET (script) https://cdnjs.cloudflare.com/ajax/libs/Chart.js/2.7.2/Chart.min.js","meta":{"rootId":"pu0qayxbnydcqgb","id":"pu0qayxbnydcqgb"},"id":"htrzy0bx2nj8pkf","previousOperationId":"zgu23rhmge530bp"}
{"type":"log","timestamp":1675449844437,"level":"debug","message":"Page request finished: GET (script) 200 https://cdnjs.cloudflare.com/ajax/libs/Chart.js/2.7.2/Chart.min.js","meta":{"rootId":"pu0qayxbnydcqgb","id":"pu0qayxbnydcqgb"},"id":"lj47b7fai9lv46b","previousOperationId":"zgu23rhmge530bp"}
{"type":"log","timestamp":1675449844453,"level":"debug","message":"Page request finished: GET (stylesheet) 200 https://cdnjs.cloudflare.com/ajax/libs/metro/4.1.5/css/metro.min.css","meta":{"rootId":"pu0qayxbnydcqgb","id":"pu0qayxbnydcqgb"},"id":"jvqtx01ltq0o0xz","previousOperationId":"zgu23rhmge530bp"}
{"type":"log","timestamp":1675449844485,"level":"debug","message":"Running chrome with params {\"printBackground\":true,\"marginTop\":\"4cm\",\"marginRight\":\"1.5cm\",\"marginBottom\":\"1.5cm\",\"marginLeft\":\"1.5cm\",\"waitForJS\":false,\"timeout\":59735,\"margin\":{\"top\":\"4cm\",\"right\":\"1.5cm\",\"bottom\":\"1.5cm\",\"left\":\"1.5cm\"}}","meta":{"rootId":"pu0qayxbnydcqgb","id":"pu0qayxbnydcqgb"},"id":"s1x7goz40e80g1g","previousOperationId":"zgu23rhmge530bp"}
{"type":"operationEnd","operationId":"zgu23rhmge530bp","timestamp":1675449844563,"id":"xc1g6ovexf3fho9","previousEventId":"wr51iuo40blxaa2","previousOperationId":"zgu23rhmge530bp"}
{"type":"log","timestamp":1675449844563,"level":"info","message":"pdf-utils is starting pdf processing","meta":{"rootId":"pu0qayxbnydcqgb","id":"pu0qayxbnydcqgb"},"id":"ka53czfdauibjv1","previousOperationId":"zgu23rhmge530bp"}
{"type":"operationStart","subtype":"pdfUtils","name":"pdf utils","timestamp":1675449844563,"id":"dd7kdle3zq9lmv9","previousEventId":"xc1g6ovexf3fho9","operationId":"9lanj9j133l1ca2","previousOperationId":"zgu23rhmge530bp"}
{"type":"log","timestamp":1675449844563,"level":"debug","message":"pdf-utils detected 1 pdf operation(s) to process","meta":{"rootId":"pu0qayxbnydcqgb","id":"pu0qayxbnydcqgb"},"id":"78mbd6hq6r47nrl","previousOperationId":"9lanj9j133l1ca2"}
{"type":"log","timestamp":1675449844584,"level":"debug","message":"pdf-utils running pdf operation merge","meta":{"rootId":"pu0qayxbnydcqgb","id":"pu0qayxbnydcqgb"},"id":"aryc4o0ik6or75w","previousOperationId":"9lanj9j133l1ca2"}
{"type":"operationStart","subtype":"pdfUtilsMerge","name":"pdf utils merge","previousOperationId":"9lanj9j133l1ca2","timestamp":1675449844584,"id":"ed28e8kd8ta4lth","previousEventId":"dd7kdle3zq9lmv9","operationId":"vm26bp4t4t3jig6"}
{"type":"operationStart","subtype":"render","name":"orders-header","previousOperationId":"vm26bp4t4t3jig6","timestamp":1675449844585,"id":"x094xukinui4xfe","previousEventId":"ed28e8kd8ta4lth","operationId":"vavy7pve1isjvie"}
{"type":"log","timestamp":1675449844586,"level":"info","message":"Starting rendering (child) request","meta":{"rootId":"pu0qayxbnydcqgb","id":"b5pfqy69tgn1vpb"},"id":"z63gjoeirmebpd4","previousOperationId":"vavy7pve1isjvie"}
{"type":"log","timestamp":1675449844586,"level":"info","message":"Rendering template { name: orders-header, recipe: chrome-pdf, engine: handlebars, preview: true }","meta":{"rootId":"pu0qayxbnydcqgb","id":"b5pfqy69tgn1vpb"},"id":"2hdg6bi5thmwcij","previousOperationId":"vavy7pve1isjvie"}
{"type":"log","timestamp":1675449844587,"level":"debug","message":"Inline data specified.","meta":{"rootId":"pu0qayxbnydcqgb","id":"b5pfqy69tgn1vpb"},"id":"tl6wkq10qysxytd","previousOperationId":"vavy7pve1isjvie"}
{"type":"log","timestamp":1675449844590,"level":"debug","message":"Base url not specified, skipping its injection.","meta":{"rootId":"pu0qayxbnydcqgb","id":"b5pfqy69tgn1vpb"},"id":"rxzi38ei7pxe0d0","previousOperationId":"vavy7pve1isjvie"}
{"type":"operationStart","subtype":"engine","name":"handlebars","timestamp":1675449844590,"id":"zh3w7hztdip36a4","previousEventId":"x094xukinui4xfe","operationId":"rxrav4a1g2feu6j","previousOperationId":"vavy7pve1isjvie"}
{"type":"log","timestamp":1675449844590,"level":"debug","message":"Rendering engine handlebars","meta":{"rootId":"pu0qayxbnydcqgb","id":"b5pfqy69tgn1vpb"},"id":"eegxn81s0iam1vh","previousOperationId":"rxrav4a1g2feu6j"}
{"type":"operationEnd","operationId":"rxrav4a1g2feu6j","timestamp":1675449844604,"id":"b1nw3m7ch4xvimo","previousEventId":"zh3w7hztdip36a4","previousOperationId":"rxrav4a1g2feu6j"}
{"type":"operationStart","subtype":"recipe","name":"chrome-pdf","timestamp":1675449844605,"id":"oo3fr8aufj8nqlj","previousEventId":"b1nw3m7ch4xvimo","operationId":"ad9eglld6j08ss6","previousOperationId":"rxrav4a1g2feu6j"}
{"type":"log","timestamp":1675449844605,"level":"debug","message":"Executing recipe chrome-pdf","meta":{"rootId":"pu0qayxbnydcqgb","id":"b5pfqy69tgn1vpb"},"id":"64ntvzyj6qlzxee","previousOperationId":"ad9eglld6j08ss6"}
{"type":"log","timestamp":1675449844607,"level":"debug","message":"Converting with chrome HeadlessChrome/105.0.5173.0 using chrome-pool strategy","meta":{"rootId":"pu0qayxbnydcqgb","id":"b5pfqy69tgn1vpb"},"id":"2fpbcn402s445bp","previousOperationId":"ad9eglld6j08ss6"}
{"type":"log","timestamp":1675449844703,"level":"debug","message":"Page request: GET (document) file:///C:/Users/pollo/AppData/Local/Temp/jsreport/autocleanup/9da75e6a-322e-435b-bd2e-323792d02384-chrome-pdf.html","meta":{"rootId":"pu0qayxbnydcqgb","id":"b5pfqy69tgn1vpb"},"id":"wfeo3uqxhb3r20g","previousOperationId":"ad9eglld6j08ss6"}
{"type":"log","timestamp":1675449844711,"level":"debug","message":"Page request finished: GET (document) 200 file:///C:/Users/pollo/AppData/Local/Temp/jsreport/autocleanup/9da75e6a-322e-435b-bd2e-323792d02384-chrome-pdf.html","meta":{"rootId":"pu0qayxbnydcqgb","id":"b5pfqy69tgn1vpb"},"id":"rf87qwhn8j2nrqi","previousOperationId":"ad9eglld6j08ss6"}
{"type":"log","timestamp":1675449844711,"level":"debug","message":"Page request: GET (stylesheet) https://cdnjs.cloudflare.com/ajax/libs/metro/4.1.5/css/metro.min.css","meta":{"rootId":"pu0qayxbnydcqgb","id":"b5pfqy69tgn1vpb"},"id":"s3q0u5lctz13wgk","previousOperationId":"ad9eglld6j08ss6"}
{"type":"log","timestamp":1675449844732,"level":"debug","message":"Page request finished: GET (stylesheet) 200 https://cdnjs.cloudflare.com/ajax/libs/metro/4.1.5/css/metro.min.css","meta":{"rootId":"pu0qayxbnydcqgb","id":"b5pfqy69tgn1vpb"},"id":"hac2wae5ovbpkg3","previousOperationId":"ad9eglld6j08ss6"}
{"type":"log","timestamp":1675449844755,"level":"debug","message":"Running chrome with params {\"printBackground\":true,\"marginTop\":\"1.5cm\",\"marginRight\":\"1.5cm\",\"marginLeft\":\"1.cm\",\"timeout\":59452,\"margin\":{\"top\":\"1.5cm\",\"right\":\"1.5cm\",\"left\":\"1.cm\"}}","meta":{"rootId":"pu0qayxbnydcqgb","id":"b5pfqy69tgn1vpb"},"id":"pj50ypo1rp5g2pp","previousOperationId":"ad9eglld6j08ss6"}
{"type":"operationEnd","operationId":"ad9eglld6j08ss6","timestamp":1675449844820,"id":"ibvrzrdn0xl257x","previousEventId":"oo3fr8aufj8nqlj","previousOperationId":"ad9eglld6j08ss6"}
{"type":"log","timestamp":1675449844820,"level":"debug","message":"Skipping storing report.","meta":{"rootId":"pu0qayxbnydcqgb","id":"b5pfqy69tgn1vpb"},"id":"o7ojwyayk1s92mo","previousOperationId":"ad9eglld6j08ss6"}
{"type":"log","timestamp":1675449844820,"level":"info","message":"Rendering (child) request finished in 762 ms","meta":{"rootId":"pu0qayxbnydcqgb","id":"b5pfqy69tgn1vpb"},"id":"mjjuh3ui0vwr34w","previousOperationId":"ad9eglld6j08ss6"}
{"type":"operationEnd","subtype":"render","operationId":"vavy7pve1isjvie","timestamp":1675449844820,"id":"1dmlwjmpnfrcd1a","previousEventId":"ibvrzrdn0xl257x","previousOperationId":"ad9eglld6j08ss6"}
{"type":"operationEnd","operationId":"vm26bp4t4t3jig6","timestamp":1675449844828,"id":"zemht4ritxgin1s","previousEventId":"ed28e8kd8ta4lth","previousOperationId":"vm26bp4t4t3jig6"}
{"type":"log","timestamp":1675449844828,"level":"debug","message":"pdf-utils postproces start","meta":{"rootId":"pu0qayxbnydcqgb","id":"pu0qayxbnydcqgb"},"id":"qmvc6klqo8c6l97","previousOperationId":"vm26bp4t4t3jig6"}
{"type":"log","timestamp":1675449844836,"level":"debug","message":"pdf-utils postproces end","meta":{"rootId":"pu0qayxbnydcqgb","id":"pu0qayxbnydcqgb"},"id":"38lh2k1i3d9b226","previousOperationId":"vm26bp4t4t3jig6"}
{"type":"operationEnd","operationId":"9lanj9j133l1ca2","timestamp":1675449844836,"id":"l6flhfhne8jl3ap","previousEventId":"zemht4ritxgin1s","previousOperationId":"vm26bp4t4t3jig6"}
{"type":"log","timestamp":1675449844836,"level":"info","message":"pdf-utils pdf processing was finished","meta":{"rootId":"pu0qayxbnydcqgb","id":"pu0qayxbnydcqgb"},"id":"7f0kud9o8bfrq3k","previousOperationId":"9lanj9j133l1ca2"}
{"type":"log","timestamp":1675449844836,"level":"debug","message":"Skipping storing report.","meta":{"rootId":"pu0qayxbnydcqgb","id":"pu0qayxbnydcqgb"},"id":"qhydb3vntqdhehq","previousOperationId":"9lanj9j133l1ca2"}
{"type":"log","timestamp":1675449844836,"level":"info","message":"Rendering request 16 finished in 778 ms","meta":{"rootId":"pu0qayxbnydcqgb","id":"pu0qayxbnydcqgb"},"id":"hdvujzvjvjocgn5","previousOperationId":"9lanj9j133l1ca2"}
{"type":"operationEnd","subtype":"render","operationId":"wc5yybj4nafkvsp","timestamp":1675449844836,"id":"50nk1506cjsmrie","previousEventId":"l6flhfhne8jl3ap","previousOperationId":"9lanj9j133l1ca2"}
{"type":"operationEnd","doDiffs":false,"previousEventId":"swnsmdbe6hywg05","previousOperationId":"l9okx8mafhyk3tu","operationId":"l9okx8mafhyk3tu","timestamp":1675449844845,"id":"318srivqo3w5oet"}
