{"type":"operationStart","subtype":"profile","data":{"_id":"mEEMbdquFHaoYhKR","timestamp":"2023-02-03T18:42:29.156Z","state":"queued","mode":"standard","creationDate":"2023-02-03T18:42:29.158Z","modificationDate":"2023-02-03T18:42:29.158Z","shortid":"cLw1cL6","$entitySet":"profiles"},"doDiffs":false,"timestamp":1675449749157,"id":"6qlmclju7lm6xmx","previousOperationId":null,"operationId":"owchtvzkn9zhdc0"}
{"type":"log","level":"info","message":"Render request 14 queued for execution and waiting for available worker","previousOperationId":"owchtvzkn9zhdc0","timestamp":1675449749157,"id":"kkv2nw9p08b86y4"}
{"type":"operationStart","subtype":"render","name":"orders-main","previousOperationId":"owchtvzkn9zhdc0","timestamp":1675449749168,"id":"wo9ove2h48l2a7m","previousEventId":"6qlmclju7lm6xmx","operationId":"pvxo5w3r9v3ol9d"}
{"type":"log","timestamp":1675449749168,"level":"info","message":"Starting rendering request 14","meta":{"rootId":"pxmxd5ofh0rcfud","id":"pxmxd5ofh0rcfud"},"id":"zsnxsj16oy5z5sv","previousOperationId":"pvxo5w3r9v3ol9d"}
{"type":"log","timestamp":1675449749168,"level":"info","message":"Rendering template { name: orders-main, recipe: chrome-pdf, engine: handlebars, preview: true }","meta":{"rootId":"pxmxd5ofh0rcfud","id":"pxmxd5ofh0rcfud"},"id":"oo5nt5sn1jeos4c","previousOperationId":"pvxo5w3r9v3ol9d"}
{"type":"log","timestamp":1675449749170,"level":"debug","message":"Data item not defined for this template.","meta":{"rootId":"pxmxd5ofh0rcfud","id":"pxmxd5ofh0rcfud"},"id":"agqrfm4kz6jpsm0","previousOperationId":"pvxo5w3r9v3ol9d"}
{"type":"log","timestamp":1675449749172,"level":"debug","message":"Executing script orders-script (beforeRender)","meta":{"rootId":"pxmxd5ofh0rcfud","id":"pxmxd5ofh0rcfud"},"id":"xmaz1fo66224pad","previousOperationId":"pvxo5w3r9v3ol9d"}
{"type":"operationStart","subtype":"scriptsBeforeRender","name":"scripts beforeRender","timestamp":1675449749199,"id":"qdfi2sfzaccspr5","previousEventId":"wo9ove2h48l2a7m","operationId":"b3ylrzp6pj9pjhc","previousOperationId":"pvxo5w3r9v3ol9d"}
{"type":"operationStart","subtype":"script","name":"scripts orders-script","previousOperationId":"b3ylrzp6pj9pjhc","timestamp":1675449749199,"id":"nzkrfcgwjo5jgbj","previousEventId":"qdfi2sfzaccspr5","operationId":"dvncdjb4x3ytynb"}
{"type":"log","timestamp":1675449749408,"level":"debug","message":"(console:log) {\n  data: [\n    {\n      id: 1,\n      name: 'Antonio',\n      description: 'Aclamado director de la Orquesta Filarmónica de Gran Canaria'\n    },\n    {\n      id: 3,\n      name: 'Juana de Armas',\n      description: 'Aclamada directora de la Orquesta Filarmónica de Gran Canaria'\n    }\n  ]\n}","meta":{"userLevel":true,"rootId":"pxmxd5ofh0rcfud","id":"pxmxd5ofh0rcfud"},"id":"3m88bxx18m83pih","previousOperationId":"dvncdjb4x3ytynb"}
{"type":"operationEnd","operationId":"dvncdjb4x3ytynb","timestamp":1675449749409,"id":"5ar47ciep54vnch","previousEventId":"wo9ove2h48l2a7m","previousOperationId":"pvxo5w3r9v3ol9d"}
{"type":"operationEnd","operationId":"b3ylrzp6pj9pjhc","timestamp":1675449749409,"id":"ovhjxbgvfp5soqx","previousEventId":"5ar47ciep54vnch","previousOperationId":"pvxo5w3r9v3ol9d"}
{"type":"log","timestamp":1675449749409,"level":"debug","message":"Base url not specified, skipping its injection.","meta":{"rootId":"pxmxd5ofh0rcfud","id":"pxmxd5ofh0rcfud"},"id":"fh22yx453yqwq1u","previousOperationId":"b3ylrzp6pj9pjhc"}
{"type":"operationStart","subtype":"engine","name":"handlebars","timestamp":1675449749409,"id":"ackk6jqydv9uhxp","previousEventId":"ovhjxbgvfp5soqx","operationId":"l2iykrrqjfnavi9","previousOperationId":"b3ylrzp6pj9pjhc"}
{"type":"log","timestamp":1675449749409,"level":"debug","message":"Rendering engine handlebars","meta":{"rootId":"pxmxd5ofh0rcfud","id":"pxmxd5ofh0rcfud"},"id":"0e1mkfg37ukzmju","previousOperationId":"l2iykrrqjfnavi9"}
{"type":"operationEnd","operationId":"l2iykrrqjfnavi9","timestamp":1675449749424,"id":"w5324bclww32tvi","previousEventId":"ackk6jqydv9uhxp","previousOperationId":"l2iykrrqjfnavi9"}
{"type":"operationStart","subtype":"recipe","name":"chrome-pdf","timestamp":1675449749424,"id":"thn5ueh5jj02o7f","previousEventId":"w5324bclww32tvi","operationId":"d162169z3fd5qcp","previousOperationId":"l2iykrrqjfnavi9"}
{"type":"log","timestamp":1675449749424,"level":"debug","message":"Executing recipe chrome-pdf","meta":{"rootId":"pxmxd5ofh0rcfud","id":"pxmxd5ofh0rcfud"},"id":"suofnzyqthhgkl7","previousOperationId":"d162169z3fd5qcp"}
{"type":"log","timestamp":1675449749428,"level":"debug","message":"Converting with chrome HeadlessChrome/105.0.5173.0 using chrome-pool strategy","meta":{"rootId":"pxmxd5ofh0rcfud","id":"pxmxd5ofh0rcfud"},"id":"14qr4haqlkebps8","previousOperationId":"d162169z3fd5qcp"}
{"type":"log","timestamp":1675449749533,"level":"debug","message":"Page request: GET (document) file:///C:/Users/pollo/AppData/Local/Temp/jsreport/autocleanup/40cce249-a694-4632-9c48-974daf2ef282-chrome-pdf.html","meta":{"rootId":"pxmxd5ofh0rcfud","id":"pxmxd5ofh0rcfud"},"id":"d5vcmg0t5uazinb","previousOperationId":"d162169z3fd5qcp"}
{"type":"log","timestamp":1675449749547,"level":"debug","message":"Page request finished: GET (document) 200 file:///C:/Users/pollo/AppData/Local/Temp/jsreport/autocleanup/40cce249-a694-4632-9c48-974daf2ef282-chrome-pdf.html","meta":{"rootId":"pxmxd5ofh0rcfud","id":"pxmxd5ofh0rcfud"},"id":"7qmtv0y0ywrpy18","previousOperationId":"d162169z3fd5qcp"}
{"type":"log","timestamp":1675449749547,"level":"debug","message":"Page request: GET (stylesheet) https://cdnjs.cloudflare.com/ajax/libs/metro/4.1.5/css/metro.min.css","meta":{"rootId":"pxmxd5ofh0rcfud","id":"pxmxd5ofh0rcfud"},"id":"xopvkcmh63vt9m9","previousOperationId":"d162169z3fd5qcp"}
{"type":"log","timestamp":1675449749547,"level":"debug","message":"Page request: GET (script) https://cdnjs.cloudflare.com/ajax/libs/Chart.js/2.7.2/Chart.min.js","meta":{"rootId":"pxmxd5ofh0rcfud","id":"pxmxd5ofh0rcfud"},"id":"mo918p99rvbtl2i","previousOperationId":"d162169z3fd5qcp"}
{"type":"log","timestamp":1675449749571,"level":"debug","message":"Page request finished: GET (stylesheet) 200 https://cdnjs.cloudflare.com/ajax/libs/metro/4.1.5/css/metro.min.css","meta":{"rootId":"pxmxd5ofh0rcfud","id":"pxmxd5ofh0rcfud"},"id":"ujud2c1scoczkxu","previousOperationId":"d162169z3fd5qcp"}
{"type":"log","timestamp":1675449749571,"level":"debug","message":"Page request finished: GET (script) 200 https://cdnjs.cloudflare.com/ajax/libs/Chart.js/2.7.2/Chart.min.js","meta":{"rootId":"pxmxd5ofh0rcfud","id":"pxmxd5ofh0rcfud"},"id":"w570w910l456bwq","previousOperationId":"d162169z3fd5qcp"}
{"type":"log","timestamp":1675449749608,"level":"debug","message":"Running chrome with params {\"printBackground\":true,\"marginTop\":\"4cm\",\"marginRight\":\"1.5cm\",\"marginBottom\":\"1.5cm\",\"marginLeft\":\"1.5cm\",\"waitForJS\":false,\"timeout\":59730,\"margin\":{\"top\":\"4cm\",\"right\":\"1.5cm\",\"bottom\":\"1.5cm\",\"left\":\"1.5cm\"}}","meta":{"rootId":"pxmxd5ofh0rcfud","id":"pxmxd5ofh0rcfud"},"id":"pws7ngcb1681d71","previousOperationId":"d162169z3fd5qcp"}
{"type":"operationEnd","operationId":"d162169z3fd5qcp","timestamp":1675449749675,"id":"turd6fzbt1rmhxy","previousEventId":"thn5ueh5jj02o7f","previousOperationId":"d162169z3fd5qcp"}
{"type":"log","timestamp":1675449749675,"level":"info","message":"pdf-utils is starting pdf processing","meta":{"rootId":"pxmxd5ofh0rcfud","id":"pxmxd5ofh0rcfud"},"id":"ujcw6b3mpzmcink","previousOperationId":"d162169z3fd5qcp"}
{"type":"operationStart","subtype":"pdfUtils","name":"pdf utils","timestamp":1675449749675,"id":"syck1kedtok2i4o","previousEventId":"turd6fzbt1rmhxy","operationId":"1mhlc42grqdx8qs","previousOperationId":"d162169z3fd5qcp"}
{"type":"log","timestamp":1675449749675,"level":"debug","message":"pdf-utils detected 1 pdf operation(s) to process","meta":{"rootId":"pxmxd5ofh0rcfud","id":"pxmxd5ofh0rcfud"},"id":"ijoiin5dfksodk7","previousOperationId":"1mhlc42grqdx8qs"}
{"type":"log","timestamp":1675449749693,"level":"debug","message":"pdf-utils running pdf operation merge","meta":{"rootId":"pxmxd5ofh0rcfud","id":"pxmxd5ofh0rcfud"},"id":"49mhj0ab91opkox","previousOperationId":"1mhlc42grqdx8qs"}
{"type":"operationStart","subtype":"pdfUtilsMerge","name":"pdf utils merge","previousOperationId":"1mhlc42grqdx8qs","timestamp":1675449749693,"id":"ntkp2i6kgieh7bi","previousEventId":"syck1kedtok2i4o","operationId":"1ho2q6pjonb4yc6"}
{"type":"operationStart","subtype":"render","name":"orders-header","previousOperationId":"1ho2q6pjonb4yc6","timestamp":1675449749694,"id":"rk6ghvm15vzzpf0","previousEventId":"ntkp2i6kgieh7bi","operationId":"sjhllniyrbvs18f"}
{"type":"log","timestamp":1675449749694,"level":"info","message":"Starting rendering (child) request","meta":{"rootId":"pxmxd5ofh0rcfud","id":"kl45f3obxi4ayka"},"id":"xv01j9wdlezfqg0","previousOperationId":"sjhllniyrbvs18f"}
{"type":"log","timestamp":1675449749694,"level":"info","message":"Rendering template { name: orders-header, recipe: chrome-pdf, engine: handlebars, preview: true }","meta":{"rootId":"pxmxd5ofh0rcfud","id":"kl45f3obxi4ayka"},"id":"6oc39ff89jwppjs","previousOperationId":"sjhllniyrbvs18f"}
{"type":"log","timestamp":1675449749695,"level":"debug","message":"Inline data specified.","meta":{"rootId":"pxmxd5ofh0rcfud","id":"kl45f3obxi4ayka"},"id":"gao1ecdnr3auvpm","previousOperationId":"sjhllniyrbvs18f"}
{"type":"log","timestamp":1675449749698,"level":"debug","message":"Base url not specified, skipping its injection.","meta":{"rootId":"pxmxd5ofh0rcfud","id":"kl45f3obxi4ayka"},"id":"t3nxlc0lbrb8390","previousOperationId":"sjhllniyrbvs18f"}
{"type":"operationStart","subtype":"engine","name":"handlebars","timestamp":1675449749698,"id":"1tybdvvyrsm2yap","previousEventId":"rk6ghvm15vzzpf0","operationId":"vmpaa0gmd9nie3j","previousOperationId":"sjhllniyrbvs18f"}
{"type":"log","timestamp":1675449749698,"level":"debug","message":"Rendering engine handlebars","meta":{"rootId":"pxmxd5ofh0rcfud","id":"kl45f3obxi4ayka"},"id":"e56p8abk3066sxq","previousOperationId":"vmpaa0gmd9nie3j"}
{"type":"operationEnd","operationId":"vmpaa0gmd9nie3j","timestamp":1675449749717,"id":"whdjk1puxk8tw4b","previousEventId":"1tybdvvyrsm2yap","previousOperationId":"vmpaa0gmd9nie3j"}
{"type":"operationStart","subtype":"recipe","name":"chrome-pdf","timestamp":1675449749718,"id":"w4cmmm2f3occg60","previousEventId":"whdjk1puxk8tw4b","operationId":"umnk7t9h153v4vv","previousOperationId":"vmpaa0gmd9nie3j"}
{"type":"log","timestamp":1675449749718,"level":"debug","message":"Executing recipe chrome-pdf","meta":{"rootId":"pxmxd5ofh0rcfud","id":"kl45f3obxi4ayka"},"id":"fgen08j9bf7i0cw","previousOperationId":"umnk7t9h153v4vv"}
{"type":"log","timestamp":1675449749720,"level":"debug","message":"Converting with chrome HeadlessChrome/105.0.5173.0 using chrome-pool strategy","meta":{"rootId":"pxmxd5ofh0rcfud","id":"kl45f3obxi4ayka"},"id":"tqvs46v7lr1tlgo","previousOperationId":"umnk7t9h153v4vv"}
{"type":"log","timestamp":1675449749816,"level":"debug","message":"Page request: GET (document) file:///C:/Users/pollo/AppData/Local/Temp/jsreport/autocleanup/e9d6ecd0-40b3-434a-afe1-f630f31570a9-chrome-pdf.html","meta":{"rootId":"pxmxd5ofh0rcfud","id":"kl45f3obxi4ayka"},"id":"59q8ltdxlkkkz1x","previousOperationId":"umnk7t9h153v4vv"}
{"type":"log","timestamp":1675449749825,"level":"debug","message":"Page request finished: GET (document) 200 file:///C:/Users/pollo/AppData/Local/Temp/jsreport/autocleanup/e9d6ecd0-40b3-434a-afe1-f630f31570a9-chrome-pdf.html","meta":{"rootId":"pxmxd5ofh0rcfud","id":"kl45f3obxi4ayka"},"id":"7n1r2np0e3ef671","previousOperationId":"umnk7t9h153v4vv"}
{"type":"log","timestamp":1675449749825,"level":"debug","message":"Page request: GET (stylesheet) https://cdnjs.cloudflare.com/ajax/libs/metro/4.1.5/css/metro.min.css","meta":{"rootId":"pxmxd5ofh0rcfud","id":"kl45f3obxi4ayka"},"id":"9rhh567gvpzcno2","previousOperationId":"umnk7t9h153v4vv"}
{"type":"log","timestamp":1675449749846,"level":"debug","message":"Page request finished: GET (stylesheet) 200 https://cdnjs.cloudflare.com/ajax/libs/metro/4.1.5/css/metro.min.css","meta":{"rootId":"pxmxd5ofh0rcfud","id":"kl45f3obxi4ayka"},"id":"av760q49ompvtqd","previousOperationId":"umnk7t9h153v4vv"}
{"type":"log","timestamp":1675449749867,"level":"debug","message":"Running chrome with params {\"printBackground\":true,\"marginTop\":\"1.5cm\",\"marginRight\":\"1.5cm\",\"marginLeft\":\"1.cm\",\"timeout\":59436,\"margin\":{\"top\":\"1.5cm\",\"right\":\"1.5cm\",\"left\":\"1.cm\"}}","meta":{"rootId":"pxmxd5ofh0rcfud","id":"kl45f3obxi4ayka"},"id":"2s3fyx9tc78h131","previousOperationId":"umnk7t9h153v4vv"}
{"type":"operationEnd","operationId":"umnk7t9h153v4vv","timestamp":1675449749923,"id":"zpou8bgq3z1hurx","previousEventId":"w4cmmm2f3occg60","previousOperationId":"umnk7t9h153v4vv"}
{"type":"log","timestamp":1675449749923,"level":"debug","message":"Skipping storing report.","meta":{"rootId":"pxmxd5ofh0rcfud","id":"kl45f3obxi4ayka"},"id":"c5zbchz9aqnxt6c","previousOperationId":"umnk7t9h153v4vv"}
{"type":"log","timestamp":1675449749923,"level":"info","message":"Rendering (child) request finished in 767 ms","meta":{"rootId":"pxmxd5ofh0rcfud","id":"kl45f3obxi4ayka"},"id":"bqp7vb0f5luv8gg","previousOperationId":"umnk7t9h153v4vv"}
{"type":"operationEnd","subtype":"render","operationId":"sjhllniyrbvs18f","timestamp":1675449749923,"id":"stupuuuafv2gy0n","previousEventId":"zpou8bgq3z1hurx","previousOperationId":"umnk7t9h153v4vv"}
{"type":"operationEnd","operationId":"1ho2q6pjonb4yc6","timestamp":1675449749928,"id":"isriph7qynu9ell","previousEventId":"ntkp2i6kgieh7bi","previousOperationId":"1ho2q6pjonb4yc6"}
{"type":"log","timestamp":1675449749928,"level":"debug","message":"pdf-utils postproces start","meta":{"rootId":"pxmxd5ofh0rcfud","id":"pxmxd5ofh0rcfud"},"id":"e50p5ek14fmrk6u","previousOperationId":"1ho2q6pjonb4yc6"}
{"type":"log","timestamp":1675449749935,"level":"debug","message":"pdf-utils postproces end","meta":{"rootId":"pxmxd5ofh0rcfud","id":"pxmxd5ofh0rcfud"},"id":"4p1pbd85w0e4fb8","previousOperationId":"1ho2q6pjonb4yc6"}
{"type":"operationEnd","operationId":"1mhlc42grqdx8qs","timestamp":1675449749935,"id":"h4cdzazbm74frzz","previousEventId":"isriph7qynu9ell","previousOperationId":"1ho2q6pjonb4yc6"}
{"type":"log","timestamp":1675449749935,"level":"info","message":"pdf-utils pdf processing was finished","meta":{"rootId":"pxmxd5ofh0rcfud","id":"pxmxd5ofh0rcfud"},"id":"5h2pzslt6qrmjrt","previousOperationId":"1mhlc42grqdx8qs"}
{"type":"log","timestamp":1675449749936,"level":"debug","message":"Skipping storing report.","meta":{"rootId":"pxmxd5ofh0rcfud","id":"pxmxd5ofh0rcfud"},"id":"c0zsgmaxvpe31kd","previousOperationId":"1mhlc42grqdx8qs"}
{"type":"log","timestamp":1675449749936,"level":"info","message":"Rendering request 14 finished in 780 ms","meta":{"rootId":"pxmxd5ofh0rcfud","id":"pxmxd5ofh0rcfud"},"id":"6akxhq6d4txgc7i","previousOperationId":"1mhlc42grqdx8qs"}
{"type":"operationEnd","subtype":"render","operationId":"pvxo5w3r9v3ol9d","timestamp":1675449749936,"id":"zeheptmr4pzb1vf","previousEventId":"h4cdzazbm74frzz","previousOperationId":"1mhlc42grqdx8qs"}
{"type":"operationEnd","doDiffs":false,"previousEventId":"6qlmclju7lm6xmx","previousOperationId":"owchtvzkn9zhdc0","operationId":"owchtvzkn9zhdc0","timestamp":1675449749943,"id":"656becqwagfwozx"}
