{"type":"operationStart","subtype":"profile","data":{"_id":"mVERxShbNHJpckfC","timestamp":"2023-02-01T17:25:23.877Z","state":"queued","mode":"standard","creationDate":"2023-02-01T17:25:23.879Z","modificationDate":"2023-02-01T17:25:23.879Z","shortid":"4J748Uy","$entitySet":"profiles"},"doDiffs":false,"timestamp":1675272323878,"id":"okvxahrtdi6woid","previousOperationId":null,"operationId":"om2l9gs6u2ya8p3"}
{"type":"log","level":"info","message":"Render request 23 queued for execution and waiting for available worker","previousOperationId":"om2l9gs6u2ya8p3","timestamp":1675272323878,"id":"52n68ztn9x3z6e0"}
{"type":"operationStart","subtype":"render","name":"orders-main","previousOperationId":"om2l9gs6u2ya8p3","timestamp":1675272323888,"id":"r525vhzotzoaykv","previousEventId":"okvxahrtdi6woid","operationId":"1z6zt6lr3645q12"}
{"type":"log","timestamp":1675272323889,"level":"info","message":"Starting rendering request 23","meta":{"rootId":"pyovwqr4welycgu","id":"pyovwqr4welycgu"},"id":"w94qbgbii34ejf0","previousOperationId":"1z6zt6lr3645q12"}
{"type":"log","timestamp":1675272323889,"level":"info","message":"Rendering template { name: orders-main, recipe: chrome-pdf, engine: handlebars, preview: true }","meta":{"rootId":"pyovwqr4welycgu","id":"pyovwqr4welycgu"},"id":"4c7g2zhp2v5z5d9","previousOperationId":"1z6zt6lr3645q12"}
{"type":"log","timestamp":1675272323890,"level":"debug","message":"Data item not defined for this template.","meta":{"rootId":"pyovwqr4welycgu","id":"pyovwqr4welycgu"},"id":"t2zp08n20uo4pgk","previousOperationId":"1z6zt6lr3645q12"}
{"type":"log","timestamp":1675272323895,"level":"debug","message":"Executing script orders-script (beforeRender)","meta":{"rootId":"pyovwqr4welycgu","id":"pyovwqr4welycgu"},"id":"4i0pdroi7kozk1v","previousOperationId":"1z6zt6lr3645q12"}
{"type":"operationStart","subtype":"scriptsBeforeRender","name":"scripts beforeRender","timestamp":1675272323928,"id":"vxclwc2azt49t1l","previousEventId":"r525vhzotzoaykv","operationId":"lcryqhkw266vg3h","previousOperationId":"1z6zt6lr3645q12"}
{"type":"operationStart","subtype":"script","name":"scripts orders-script","previousOperationId":"lcryqhkw266vg3h","timestamp":1675272323928,"id":"0qj84kqxvrnndik","previousEventId":"vxclwc2azt49t1l","operationId":"ie85snbu2famkzy"}
{"type":"log","timestamp":1675272323928,"level":"debug","message":"(console:log) AAAAAAAAAAAAAAAAAAAAAAA  undefined","meta":{"userLevel":true,"rootId":"pyovwqr4welycgu","id":"pyovwqr4welycgu"},"id":"utsjqlu5v45ax3p","previousOperationId":"ie85snbu2famkzy"}
{"type":"log","timestamp":1675272324206,"level":"debug","message":"(console:log) {\n  id: 1,\n  name: 'Antonio',\n  description: 'Aclamado director de la Orquesta Filarmónica de Gran Canaria'\n}","meta":{"userLevel":true,"rootId":"pyovwqr4welycgu","id":"pyovwqr4welycgu"},"id":"vmwr1vtrofjt800","previousOperationId":"ie85snbu2famkzy"}
{"type":"operationEnd","operationId":"ie85snbu2famkzy","timestamp":1675272324206,"id":"8ahf6eyqsvh6y8x","previousEventId":"r525vhzotzoaykv","previousOperationId":"1z6zt6lr3645q12"}
{"type":"operationEnd","operationId":"lcryqhkw266vg3h","timestamp":1675272324206,"id":"pn8azczav3sf8wt","previousEventId":"8ahf6eyqsvh6y8x","previousOperationId":"1z6zt6lr3645q12"}
{"type":"log","timestamp":1675272324206,"level":"debug","message":"Base url not specified, skipping its injection.","meta":{"rootId":"pyovwqr4welycgu","id":"pyovwqr4welycgu"},"id":"vvnbb25ueewi9op","previousOperationId":"lcryqhkw266vg3h"}
{"type":"operationStart","subtype":"engine","name":"handlebars","timestamp":1675272324207,"id":"vn2pelgns402rov","previousEventId":"pn8azczav3sf8wt","operationId":"k72usdrpr9l8pga","previousOperationId":"lcryqhkw266vg3h"}
{"type":"log","timestamp":1675272324207,"level":"debug","message":"Rendering engine handlebars","meta":{"rootId":"pyovwqr4welycgu","id":"pyovwqr4welycgu"},"id":"ja065qro65zqey4","previousOperationId":"k72usdrpr9l8pga"}
{"type":"operationEnd","operationId":"k72usdrpr9l8pga","timestamp":1675272324217,"id":"ibufpcg4dqaztfa","previousEventId":"vn2pelgns402rov","previousOperationId":"k72usdrpr9l8pga"}
{"type":"operationStart","subtype":"recipe","name":"chrome-pdf","timestamp":1675272324217,"id":"xfm0u4l7ek0bcuq","previousEventId":"ibufpcg4dqaztfa","operationId":"8jj12trsvgftuox","previousOperationId":"k72usdrpr9l8pga"}
{"type":"log","timestamp":1675272324217,"level":"debug","message":"Executing recipe chrome-pdf","meta":{"rootId":"pyovwqr4welycgu","id":"pyovwqr4welycgu"},"id":"7e5r55fojypdcqu","previousOperationId":"8jj12trsvgftuox"}
{"type":"log","timestamp":1675272324219,"level":"debug","message":"Converting with chrome HeadlessChrome/105.0.5173.0 using chrome-pool strategy","meta":{"rootId":"pyovwqr4welycgu","id":"pyovwqr4welycgu"},"id":"67xc7ykv29yuqti","previousOperationId":"8jj12trsvgftuox"}
{"type":"log","timestamp":1675272324311,"level":"debug","message":"Page request: GET (document) file:///C:/Users/pollo/AppData/Local/Temp/jsreport/autocleanup/ffc765c7-5429-4d2e-97ed-ecc33887438e-chrome-pdf.html","meta":{"rootId":"pyovwqr4welycgu","id":"pyovwqr4welycgu"},"id":"d818fx7wiflfaiq","previousOperationId":"8jj12trsvgftuox"}
{"type":"log","timestamp":1675272324320,"level":"debug","message":"Page request finished: GET (document) 200 file:///C:/Users/pollo/AppData/Local/Temp/jsreport/autocleanup/ffc765c7-5429-4d2e-97ed-ecc33887438e-chrome-pdf.html","meta":{"rootId":"pyovwqr4welycgu","id":"pyovwqr4welycgu"},"id":"yde9d8ssmhvnnv6","previousOperationId":"8jj12trsvgftuox"}
{"type":"log","timestamp":1675272324320,"level":"debug","message":"Page request: GET (stylesheet) https://cdnjs.cloudflare.com/ajax/libs/metro/4.1.5/css/metro.min.css","meta":{"rootId":"pyovwqr4welycgu","id":"pyovwqr4welycgu"},"id":"5yahm4mn0b1ropl","previousOperationId":"8jj12trsvgftuox"}
{"type":"log","timestamp":1675272324321,"level":"debug","message":"Page request: GET (script) https://cdnjs.cloudflare.com/ajax/libs/Chart.js/2.7.2/Chart.min.js","meta":{"rootId":"pyovwqr4welycgu","id":"pyovwqr4welycgu"},"id":"p2rvvp2h7zfrzne","previousOperationId":"8jj12trsvgftuox"}
{"type":"log","timestamp":1675272324329,"level":"debug","message":"Page request finished: GET (script) 200 https://cdnjs.cloudflare.com/ajax/libs/Chart.js/2.7.2/Chart.min.js","meta":{"rootId":"pyovwqr4welycgu","id":"pyovwqr4welycgu"},"id":"6h4lobm5sjd29t9","previousOperationId":"8jj12trsvgftuox"}
{"type":"log","timestamp":1675272324344,"level":"debug","message":"Page request finished: GET (stylesheet) 200 https://cdnjs.cloudflare.com/ajax/libs/metro/4.1.5/css/metro.min.css","meta":{"rootId":"pyovwqr4welycgu","id":"pyovwqr4welycgu"},"id":"dgo4xs6vhu87b7w","previousOperationId":"8jj12trsvgftuox"}
{"type":"log","timestamp":1675272324355,"level":"debug","message":"Running chrome with params {\"printBackground\":true,\"marginTop\":\"4cm\",\"marginRight\":\"1.5cm\",\"marginBottom\":\"1.5cm\",\"marginLeft\":\"1.5cm\",\"waitForJS\":false,\"timeout\":59659,\"margin\":{\"top\":\"4cm\",\"right\":\"1.5cm\",\"bottom\":\"1.5cm\",\"left\":\"1.5cm\"}}","meta":{"rootId":"pyovwqr4welycgu","id":"pyovwqr4welycgu"},"id":"chfj94b2ulwmhg8","previousOperationId":"8jj12trsvgftuox"}
{"type":"operationEnd","operationId":"8jj12trsvgftuox","timestamp":1675272324389,"id":"wbd0pl23h5bg7nz","previousEventId":"xfm0u4l7ek0bcuq","previousOperationId":"8jj12trsvgftuox"}
{"type":"log","timestamp":1675272324389,"level":"info","message":"pdf-utils is starting pdf processing","meta":{"rootId":"pyovwqr4welycgu","id":"pyovwqr4welycgu"},"id":"11wdjb61f5uhrp8","previousOperationId":"8jj12trsvgftuox"}
{"type":"operationStart","subtype":"pdfUtils","name":"pdf utils","timestamp":1675272324389,"id":"ywh5a30qzg7hzbs","previousEventId":"wbd0pl23h5bg7nz","operationId":"47uhzlppw68ik7u","previousOperationId":"8jj12trsvgftuox"}
{"type":"log","timestamp":1675272324389,"level":"debug","message":"pdf-utils detected 1 pdf operation(s) to process","meta":{"rootId":"pyovwqr4welycgu","id":"pyovwqr4welycgu"},"id":"hyfpxxca206kja8","previousOperationId":"47uhzlppw68ik7u"}
{"type":"log","timestamp":1675272324395,"level":"debug","message":"pdf-utils running pdf operation merge","meta":{"rootId":"pyovwqr4welycgu","id":"pyovwqr4welycgu"},"id":"7usf6wdzxbmk3w3","previousOperationId":"47uhzlppw68ik7u"}
{"type":"operationStart","subtype":"pdfUtilsMerge","name":"pdf utils merge","previousOperationId":"47uhzlppw68ik7u","timestamp":1675272324395,"id":"zg276gmnmyl2an0","previousEventId":"ywh5a30qzg7hzbs","operationId":"2hhs3y6wc7kjw93"}
{"type":"operationStart","subtype":"render","name":"orders-header","previousOperationId":"2hhs3y6wc7kjw93","timestamp":1675272324396,"id":"7xmwyqmo9nqhnml","previousEventId":"zg276gmnmyl2an0","operationId":"x7017gpdaokahvh"}
{"type":"log","timestamp":1675272324396,"level":"info","message":"Starting rendering (child) request","meta":{"rootId":"pyovwqr4welycgu","id":"g1r64d8gy72002t"},"id":"p1vlmewpkzi6xo9","previousOperationId":"x7017gpdaokahvh"}
{"type":"log","timestamp":1675272324396,"level":"info","message":"Rendering template { name: orders-header, recipe: chrome-pdf, engine: handlebars, preview: true }","meta":{"rootId":"pyovwqr4welycgu","id":"g1r64d8gy72002t"},"id":"648f7k5as8kkmr5","previousOperationId":"x7017gpdaokahvh"}
{"type":"log","timestamp":1675272324397,"level":"debug","message":"Inline data specified.","meta":{"rootId":"pyovwqr4welycgu","id":"g1r64d8gy72002t"},"id":"kcxce0esvaywdq8","previousOperationId":"x7017gpdaokahvh"}
{"type":"log","timestamp":1675272324399,"level":"debug","message":"Base url not specified, skipping its injection.","meta":{"rootId":"pyovwqr4welycgu","id":"g1r64d8gy72002t"},"id":"p7v8yefs1fq3ppc","previousOperationId":"x7017gpdaokahvh"}
{"type":"operationStart","subtype":"engine","name":"handlebars","timestamp":1675272324400,"id":"174rpjbp7x1ml27","previousEventId":"7xmwyqmo9nqhnml","operationId":"unlvg8qudi0yis7","previousOperationId":"x7017gpdaokahvh"}
{"type":"log","timestamp":1675272324400,"level":"debug","message":"Rendering engine handlebars","meta":{"rootId":"pyovwqr4welycgu","id":"g1r64d8gy72002t"},"id":"fv676lxcmqyagvs","previousOperationId":"unlvg8qudi0yis7"}
{"type":"operationEnd","operationId":"unlvg8qudi0yis7","timestamp":1675272324420,"id":"73ieofcp98ofv8p","previousEventId":"174rpjbp7x1ml27","previousOperationId":"unlvg8qudi0yis7"}
{"type":"operationStart","subtype":"recipe","name":"chrome-pdf","timestamp":1675272324420,"id":"ohqz2jzwrzudxv5","previousEventId":"73ieofcp98ofv8p","operationId":"k3a7vtr7qmf75mm","previousOperationId":"unlvg8qudi0yis7"}
{"type":"log","timestamp":1675272324420,"level":"debug","message":"Executing recipe chrome-pdf","meta":{"rootId":"pyovwqr4welycgu","id":"g1r64d8gy72002t"},"id":"76b7yx4keee4xvz","previousOperationId":"k3a7vtr7qmf75mm"}
{"type":"log","timestamp":1675272324422,"level":"debug","message":"Converting with chrome HeadlessChrome/105.0.5173.0 using chrome-pool strategy","meta":{"rootId":"pyovwqr4welycgu","id":"g1r64d8gy72002t"},"id":"dmm6l3yxs2rqise","previousOperationId":"k3a7vtr7qmf75mm"}
{"type":"log","timestamp":1675272324519,"level":"debug","message":"Page request: GET (document) file:///C:/Users/pollo/AppData/Local/Temp/jsreport/autocleanup/b2336e72-0a36-4dc9-8a2c-988e97a3b84f-chrome-pdf.html","meta":{"rootId":"pyovwqr4welycgu","id":"g1r64d8gy72002t"},"id":"nx4a6efkr7w4ajq","previousOperationId":"k3a7vtr7qmf75mm"}
{"type":"log","timestamp":1675272324529,"level":"debug","message":"Page request finished: GET (document) 200 file:///C:/Users/pollo/AppData/Local/Temp/jsreport/autocleanup/b2336e72-0a36-4dc9-8a2c-988e97a3b84f-chrome-pdf.html","meta":{"rootId":"pyovwqr4welycgu","id":"g1r64d8gy72002t"},"id":"e9twxug3b6dj9ii","previousOperationId":"k3a7vtr7qmf75mm"}
{"type":"log","timestamp":1675272324529,"level":"debug","message":"Page request: GET (stylesheet) https://cdnjs.cloudflare.com/ajax/libs/metro/4.1.5/css/metro.min.css","meta":{"rootId":"pyovwqr4welycgu","id":"g1r64d8gy72002t"},"id":"a5r547jb4opwl4u","previousOperationId":"k3a7vtr7qmf75mm"}
{"type":"log","timestamp":1675272324551,"level":"debug","message":"Page request finished: GET (stylesheet) 200 https://cdnjs.cloudflare.com/ajax/libs/metro/4.1.5/css/metro.min.css","meta":{"rootId":"pyovwqr4welycgu","id":"g1r64d8gy72002t"},"id":"apjhiuj7laebmf0","previousOperationId":"k3a7vtr7qmf75mm"}
{"type":"log","timestamp":1675272324572,"level":"debug","message":"Running chrome with params {\"printBackground\":true,\"marginTop\":\"1.5cm\",\"marginRight\":\"1.5cm\",\"marginLeft\":\"1.cm\",\"timeout\":59456,\"margin\":{\"top\":\"1.5cm\",\"right\":\"1.5cm\",\"left\":\"1.cm\"}}","meta":{"rootId":"pyovwqr4welycgu","id":"g1r64d8gy72002t"},"id":"enp0tjjp3twdz7e","previousOperationId":"k3a7vtr7qmf75mm"}
{"type":"operationEnd","operationId":"k3a7vtr7qmf75mm","timestamp":1675272324631,"id":"4x90zvx8t2n1v2y","previousEventId":"ohqz2jzwrzudxv5","previousOperationId":"k3a7vtr7qmf75mm"}
{"type":"log","timestamp":1675272324631,"level":"debug","message":"Skipping storing report.","meta":{"rootId":"pyovwqr4welycgu","id":"g1r64d8gy72002t"},"id":"zi4a3h504x3zqjk","previousOperationId":"k3a7vtr7qmf75mm"}
{"type":"log","timestamp":1675272324632,"level":"info","message":"Rendering (child) request finished in 755 ms","meta":{"rootId":"pyovwqr4welycgu","id":"g1r64d8gy72002t"},"id":"wyb6gojun2l9juc","previousOperationId":"k3a7vtr7qmf75mm"}
{"type":"operationEnd","subtype":"render","operationId":"x7017gpdaokahvh","timestamp":1675272324632,"id":"6f9ocgwmkqp37jr","previousEventId":"4x90zvx8t2n1v2y","previousOperationId":"k3a7vtr7qmf75mm"}
{"type":"operationEnd","operationId":"2hhs3y6wc7kjw93","timestamp":1675272324635,"id":"ef1s07yuxppoqrl","previousEventId":"zg276gmnmyl2an0","previousOperationId":"2hhs3y6wc7kjw93"}
{"type":"log","timestamp":1675272324635,"level":"debug","message":"pdf-utils postproces start","meta":{"rootId":"pyovwqr4welycgu","id":"pyovwqr4welycgu"},"id":"4fq4z0dze0x5ndb","previousOperationId":"2hhs3y6wc7kjw93"}
{"type":"log","timestamp":1675272324640,"level":"debug","message":"pdf-utils postproces end","meta":{"rootId":"pyovwqr4welycgu","id":"pyovwqr4welycgu"},"id":"410vobh8yx7eoq5","previousOperationId":"2hhs3y6wc7kjw93"}
{"type":"operationEnd","operationId":"47uhzlppw68ik7u","timestamp":1675272324640,"id":"2ejhnb8a4e1xfl2","previousEventId":"ef1s07yuxppoqrl","previousOperationId":"2hhs3y6wc7kjw93"}
{"type":"log","timestamp":1675272324640,"level":"info","message":"pdf-utils pdf processing was finished","meta":{"rootId":"pyovwqr4welycgu","id":"pyovwqr4welycgu"},"id":"rmfvocbgk37sud5","previousOperationId":"47uhzlppw68ik7u"}
{"type":"log","timestamp":1675272324640,"level":"debug","message":"Skipping storing report.","meta":{"rootId":"pyovwqr4welycgu","id":"pyovwqr4welycgu"},"id":"m7exghtg34xgnzb","previousOperationId":"47uhzlppw68ik7u"}
{"type":"log","timestamp":1675272324640,"level":"info","message":"Rendering request 23 finished in 763 ms","meta":{"rootId":"pyovwqr4welycgu","id":"pyovwqr4welycgu"},"id":"39jbi60v7hhvbov","previousOperationId":"47uhzlppw68ik7u"}
{"type":"operationEnd","subtype":"render","operationId":"1z6zt6lr3645q12","timestamp":1675272324640,"id":"lbpion2k1hp6mq2","previousEventId":"2ejhnb8a4e1xfl2","previousOperationId":"47uhzlppw68ik7u"}
{"type":"operationEnd","doDiffs":false,"previousEventId":"okvxahrtdi6woid","previousOperationId":"om2l9gs6u2ya8p3","operationId":"om2l9gs6u2ya8p3","timestamp":1675272324649,"id":"lupdj6fq5xblayp"}
