{"type":"operationStart","subtype":"profile","data":{"_id":"WM6sWxnMzHMpdypi","timestamp":"2023-02-05T19:17:07.371Z","state":"queued","mode":"standard","creationDate":"2023-02-05T19:17:07.373Z","modificationDate":"2023-02-05T19:17:07.373Z","shortid":"A49-YXr","$entitySet":"profiles"},"doDiffs":false,"timestamp":1675624627372,"id":"4sp4n1ltz95ebm6","previousOperationId":null,"operationId":"m2tavszq8bsqlyy"}
{"type":"log","level":"info","message":"Render request 50 queued for execution and waiting for available worker","previousOperationId":"m2tavszq8bsqlyy","timestamp":1675624627372,"id":"s6jqkpn5yex5y16"}
{"type":"operationStart","subtype":"render","name":"orders-main","previousOperationId":"m2tavszq8bsqlyy","timestamp":1675624627383,"id":"8d19hxe7w76phco","previousEventId":"4sp4n1ltz95ebm6","operationId":"umjo2imd6pniya6"}
{"type":"log","timestamp":1675624627383,"level":"info","message":"Starting rendering request 50","meta":{"rootId":"qd6ycwm2l1bxnsk","id":"qd6ycwm2l1bxnsk"},"id":"8xoihco0sviro27","previousOperationId":"umjo2imd6pniya6"}
{"type":"log","timestamp":1675624627383,"level":"info","message":"Rendering template { name: orders-main, recipe: chrome-pdf, engine: handlebars, preview: true }","meta":{"rootId":"qd6ycwm2l1bxnsk","id":"qd6ycwm2l1bxnsk"},"id":"qhr45njpwqs1kzb","previousOperationId":"umjo2imd6pniya6"}
{"type":"log","timestamp":1675624627384,"level":"debug","message":"Data item not defined for this template.","meta":{"rootId":"qd6ycwm2l1bxnsk","id":"qd6ycwm2l1bxnsk"},"id":"u8by89po8g69cvq","previousOperationId":"umjo2imd6pniya6"}
{"type":"log","timestamp":1675624627387,"level":"debug","message":"Executing script orders-script (beforeRender)","meta":{"rootId":"qd6ycwm2l1bxnsk","id":"qd6ycwm2l1bxnsk"},"id":"e3eoist1xknwnrj","previousOperationId":"umjo2imd6pniya6"}
{"type":"operationStart","subtype":"scriptsBeforeRender","name":"scripts beforeRender","timestamp":1675624627425,"id":"2mlnegmoxr0m8dw","previousEventId":"8d19hxe7w76phco","operationId":"dcfs8p0y26zdnb0","previousOperationId":"umjo2imd6pniya6"}
{"type":"operationStart","subtype":"script","name":"scripts orders-script","previousOperationId":"dcfs8p0y26zdnb0","timestamp":1675624627425,"id":"zaqudsezyisizs2","previousEventId":"2mlnegmoxr0m8dw","operationId":"b12tl24f2ftkt53"}
{"type":"log","timestamp":1675624627730,"level":"debug","message":"(console:log) [ 2, 4 ]","meta":{"userLevel":true,"rootId":"qd6ycwm2l1bxnsk","id":"qd6ycwm2l1bxnsk"},"id":"163407qt7dgwfwc","previousOperationId":"b12tl24f2ftkt53"}
{"type":"operationEnd","operationId":"b12tl24f2ftkt53","timestamp":1675624627730,"id":"3hxm4jm1mwbu31d","previousEventId":"8d19hxe7w76phco","previousOperationId":"umjo2imd6pniya6"}
{"type":"operationEnd","operationId":"dcfs8p0y26zdnb0","timestamp":1675624627730,"id":"ceoe80n26gkjnop","previousEventId":"3hxm4jm1mwbu31d","previousOperationId":"umjo2imd6pniya6"}
{"type":"log","timestamp":1675624627730,"level":"debug","message":"Base url not specified, skipping its injection.","meta":{"rootId":"qd6ycwm2l1bxnsk","id":"qd6ycwm2l1bxnsk"},"id":"t86t0ov3zewqitb","previousOperationId":"dcfs8p0y26zdnb0"}
{"type":"operationStart","subtype":"engine","name":"handlebars","timestamp":1675624627731,"id":"olyj4o4s3q9gv6p","previousEventId":"ceoe80n26gkjnop","operationId":"nc7sh8ti1275i08","previousOperationId":"dcfs8p0y26zdnb0"}
{"type":"log","timestamp":1675624627731,"level":"debug","message":"Rendering engine handlebars","meta":{"rootId":"qd6ycwm2l1bxnsk","id":"qd6ycwm2l1bxnsk"},"id":"wr6qz0ct51955kh","previousOperationId":"nc7sh8ti1275i08"}
{"type":"operationEnd","operationId":"nc7sh8ti1275i08","timestamp":1675624627741,"id":"6pyg3rbq6e6y8ip","previousEventId":"olyj4o4s3q9gv6p","previousOperationId":"nc7sh8ti1275i08"}
{"type":"operationStart","subtype":"recipe","name":"chrome-pdf","timestamp":1675624627741,"id":"jieqey22h48w23o","previousEventId":"6pyg3rbq6e6y8ip","operationId":"r3ea056hwir9e7f","previousOperationId":"nc7sh8ti1275i08"}
{"type":"log","timestamp":1675624627741,"level":"debug","message":"Executing recipe chrome-pdf","meta":{"rootId":"qd6ycwm2l1bxnsk","id":"qd6ycwm2l1bxnsk"},"id":"yy3g8wwu139cgjt","previousOperationId":"r3ea056hwir9e7f"}
{"type":"log","timestamp":1675624627743,"level":"debug","message":"Converting with chrome HeadlessChrome/105.0.5173.0 using chrome-pool strategy","meta":{"rootId":"qd6ycwm2l1bxnsk","id":"qd6ycwm2l1bxnsk"},"id":"vpsjgospaqiwh73","previousOperationId":"r3ea056hwir9e7f"}
{"type":"log","timestamp":1675624627853,"level":"debug","message":"Page request: GET (document) file:///C:/Users/pollo/AppData/Local/Temp/jsreport/autocleanup/94bddcd8-af9d-47b9-8d71-2723b806af1e-chrome-pdf.html","meta":{"rootId":"qd6ycwm2l1bxnsk","id":"qd6ycwm2l1bxnsk"},"id":"9pthq51x8cin5lt","previousOperationId":"r3ea056hwir9e7f"}
{"type":"log","timestamp":1675624627863,"level":"debug","message":"Page request finished: GET (document) 200 file:///C:/Users/pollo/AppData/Local/Temp/jsreport/autocleanup/94bddcd8-af9d-47b9-8d71-2723b806af1e-chrome-pdf.html","meta":{"rootId":"qd6ycwm2l1bxnsk","id":"qd6ycwm2l1bxnsk"},"id":"0ecrdlh09zo750i","previousOperationId":"r3ea056hwir9e7f"}
{"type":"log","timestamp":1675624627863,"level":"debug","message":"Page request: GET (stylesheet) https://cdnjs.cloudflare.com/ajax/libs/metro/4.1.5/css/metro.min.css","meta":{"rootId":"qd6ycwm2l1bxnsk","id":"qd6ycwm2l1bxnsk"},"id":"iyc7xbzk7zjokiu","previousOperationId":"r3ea056hwir9e7f"}
{"type":"log","timestamp":1675624627864,"level":"debug","message":"Page request: GET (script) https://cdn.jsdelivr.net/npm/chart.js","meta":{"rootId":"qd6ycwm2l1bxnsk","id":"qd6ycwm2l1bxnsk"},"id":"5rkuyjxi20m5zco","previousOperationId":"r3ea056hwir9e7f"}
{"type":"log","timestamp":1675624627870,"level":"debug","message":"Page request finished: GET (script) 200 https://cdn.jsdelivr.net/npm/chart.js","meta":{"rootId":"qd6ycwm2l1bxnsk","id":"qd6ycwm2l1bxnsk"},"id":"c1h5fgcw1grp0bp","previousOperationId":"r3ea056hwir9e7f"}
{"type":"log","timestamp":1675624627887,"level":"debug","message":"Page request finished: GET (stylesheet) 200 https://cdnjs.cloudflare.com/ajax/libs/metro/4.1.5/css/metro.min.css","meta":{"rootId":"qd6ycwm2l1bxnsk","id":"qd6ycwm2l1bxnsk"},"id":"zu4l7n2t21l1oz4","previousOperationId":"r3ea056hwir9e7f"}
{"type":"log","timestamp":1675624627892,"level":"warn","message":"Page error: SyntaxError: Unexpected identifier","meta":{"rootId":"qd6ycwm2l1bxnsk","id":"qd6ycwm2l1bxnsk"},"id":"rpg5dwgr5dje33m","previousOperationId":"r3ea056hwir9e7f"}
{"type":"log","timestamp":1675624627924,"level":"debug","message":"Running chrome with params {\"printBackground\":true,\"marginTop\":\"4cm\",\"marginRight\":\"1.5cm\",\"marginBottom\":\"1.5cm\",\"marginLeft\":\"1.5cm\",\"waitForJS\":false,\"timeout\":59629,\"margin\":{\"top\":\"4cm\",\"right\":\"1.5cm\",\"bottom\":\"1.5cm\",\"left\":\"1.5cm\"}}","meta":{"rootId":"qd6ycwm2l1bxnsk","id":"qd6ycwm2l1bxnsk"},"id":"eg27u8renttiyp6","previousOperationId":"r3ea056hwir9e7f"}
{"type":"operationEnd","operationId":"r3ea056hwir9e7f","timestamp":1675624628003,"id":"wsf5x8hfp9ym7fs","previousEventId":"jieqey22h48w23o","previousOperationId":"r3ea056hwir9e7f"}
{"type":"log","timestamp":1675624628003,"level":"info","message":"pdf-utils is starting pdf processing","meta":{"rootId":"qd6ycwm2l1bxnsk","id":"qd6ycwm2l1bxnsk"},"id":"ejwofg4upi8jf5j","previousOperationId":"r3ea056hwir9e7f"}
{"type":"operationStart","subtype":"pdfUtils","name":"pdf utils","timestamp":1675624628003,"id":"7tofr52ntgmvdln","previousEventId":"wsf5x8hfp9ym7fs","operationId":"lhxj12m2soj8tjs","previousOperationId":"r3ea056hwir9e7f"}
{"type":"log","timestamp":1675624628003,"level":"debug","message":"pdf-utils detected 1 pdf operation(s) to process","meta":{"rootId":"qd6ycwm2l1bxnsk","id":"qd6ycwm2l1bxnsk"},"id":"jnsl1gn3lh4miin","previousOperationId":"lhxj12m2soj8tjs"}
{"type":"log","timestamp":1675624628024,"level":"debug","message":"pdf-utils running pdf operation merge","meta":{"rootId":"qd6ycwm2l1bxnsk","id":"qd6ycwm2l1bxnsk"},"id":"699sxum8664seo1","previousOperationId":"lhxj12m2soj8tjs"}
{"type":"operationStart","subtype":"pdfUtilsMerge","name":"pdf utils merge","previousOperationId":"lhxj12m2soj8tjs","timestamp":1675624628024,"id":"nj0d62xbf594f3r","previousEventId":"7tofr52ntgmvdln","operationId":"8kdw0bcgvfbewbz"}
{"type":"operationStart","subtype":"render","name":"orders-header","previousOperationId":"8kdw0bcgvfbewbz","timestamp":1675624628026,"id":"297dl2ik5g3er2y","previousEventId":"nj0d62xbf594f3r","operationId":"79rh8ygp0bgn9og"}
{"type":"log","timestamp":1675624628026,"level":"info","message":"Starting rendering (child) request","meta":{"rootId":"qd6ycwm2l1bxnsk","id":"6kjt405tbr5pzjd"},"id":"wgfmg6qp0qy4k0q","previousOperationId":"79rh8ygp0bgn9og"}
{"type":"log","timestamp":1675624628026,"level":"info","message":"Rendering template { name: orders-header, recipe: chrome-pdf, engine: handlebars, preview: true }","meta":{"rootId":"qd6ycwm2l1bxnsk","id":"6kjt405tbr5pzjd"},"id":"o46vx4xi2bglefw","previousOperationId":"79rh8ygp0bgn9og"}
{"type":"log","timestamp":1675624628027,"level":"debug","message":"Inline data specified.","meta":{"rootId":"qd6ycwm2l1bxnsk","id":"6kjt405tbr5pzjd"},"id":"wnfqurvcjnoh5da","previousOperationId":"79rh8ygp0bgn9og"}
{"type":"log","timestamp":1675624628029,"level":"debug","message":"Base url not specified, skipping its injection.","meta":{"rootId":"qd6ycwm2l1bxnsk","id":"6kjt405tbr5pzjd"},"id":"l3avwdikacra2tz","previousOperationId":"79rh8ygp0bgn9og"}
{"type":"operationStart","subtype":"engine","name":"handlebars","timestamp":1675624628029,"id":"ujetul7z2owjv91","previousEventId":"297dl2ik5g3er2y","operationId":"2w2a4559y8hz6mz","previousOperationId":"79rh8ygp0bgn9og"}
{"type":"log","timestamp":1675624628029,"level":"debug","message":"Rendering engine handlebars","meta":{"rootId":"qd6ycwm2l1bxnsk","id":"6kjt405tbr5pzjd"},"id":"9qihr38c30f987s","previousOperationId":"2w2a4559y8hz6mz"}
{"type":"operationEnd","operationId":"2w2a4559y8hz6mz","timestamp":1675624628044,"id":"myxwns0dbo37zkg","previousEventId":"ujetul7z2owjv91","previousOperationId":"2w2a4559y8hz6mz"}
{"type":"operationStart","subtype":"recipe","name":"chrome-pdf","timestamp":1675624628044,"id":"ho9yz505ojelea4","previousEventId":"myxwns0dbo37zkg","operationId":"9ryzpsjni7gtir8","previousOperationId":"2w2a4559y8hz6mz"}
{"type":"log","timestamp":1675624628044,"level":"debug","message":"Executing recipe chrome-pdf","meta":{"rootId":"qd6ycwm2l1bxnsk","id":"6kjt405tbr5pzjd"},"id":"02p78u60q18gp62","previousOperationId":"9ryzpsjni7gtir8"}
{"type":"log","timestamp":1675624628048,"level":"debug","message":"Converting with chrome HeadlessChrome/105.0.5173.0 using chrome-pool strategy","meta":{"rootId":"qd6ycwm2l1bxnsk","id":"6kjt405tbr5pzjd"},"id":"gf7fvvci7m795uf","previousOperationId":"9ryzpsjni7gtir8"}
{"type":"log","timestamp":1675624628142,"level":"debug","message":"Page request: GET (document) file:///C:/Users/pollo/AppData/Local/Temp/jsreport/autocleanup/daf645a2-f2b6-4309-b5a5-d0fe77bd0557-chrome-pdf.html","meta":{"rootId":"qd6ycwm2l1bxnsk","id":"6kjt405tbr5pzjd"},"id":"cztwsr4wabl8efh","previousOperationId":"9ryzpsjni7gtir8"}
{"type":"log","timestamp":1675624628153,"level":"debug","message":"Page request finished: GET (document) 200 file:///C:/Users/pollo/AppData/Local/Temp/jsreport/autocleanup/daf645a2-f2b6-4309-b5a5-d0fe77bd0557-chrome-pdf.html","meta":{"rootId":"qd6ycwm2l1bxnsk","id":"6kjt405tbr5pzjd"},"id":"dxbjp770svyc2lj","previousOperationId":"9ryzpsjni7gtir8"}
{"type":"log","timestamp":1675624628153,"level":"debug","message":"Page request: GET (stylesheet) https://cdnjs.cloudflare.com/ajax/libs/metro/4.1.5/css/metro.min.css","meta":{"rootId":"qd6ycwm2l1bxnsk","id":"6kjt405tbr5pzjd"},"id":"ijzmyg07aastdf9","previousOperationId":"9ryzpsjni7gtir8"}
{"type":"log","timestamp":1675624628177,"level":"debug","message":"Page request finished: GET (stylesheet) 200 https://cdnjs.cloudflare.com/ajax/libs/metro/4.1.5/css/metro.min.css","meta":{"rootId":"qd6ycwm2l1bxnsk","id":"6kjt405tbr5pzjd"},"id":"j6hbwhazghsvp7n","previousOperationId":"9ryzpsjni7gtir8"}
{"type":"log","timestamp":1675624628200,"level":"debug","message":"Running chrome with params {\"printBackground\":true,\"marginTop\":\"1.5cm\",\"marginRight\":\"1.5cm\",\"marginLeft\":\"1.cm\",\"timeout\":59325,\"margin\":{\"top\":\"1.5cm\",\"right\":\"1.5cm\",\"left\":\"1.cm\"}}","meta":{"rootId":"qd6ycwm2l1bxnsk","id":"6kjt405tbr5pzjd"},"id":"9d4ixpmwlknv5s1","previousOperationId":"9ryzpsjni7gtir8"}
{"type":"operationEnd","operationId":"9ryzpsjni7gtir8","timestamp":1675624628261,"id":"7tpy0ha1uyudcod","previousEventId":"ho9yz505ojelea4","previousOperationId":"9ryzpsjni7gtir8"}
{"type":"log","timestamp":1675624628261,"level":"debug","message":"Skipping storing report.","meta":{"rootId":"qd6ycwm2l1bxnsk","id":"6kjt405tbr5pzjd"},"id":"c87d2h0cjj6r72x","previousOperationId":"9ryzpsjni7gtir8"}
{"type":"log","timestamp":1675624628261,"level":"info","message":"Rendering (child) request finished in 890 ms","meta":{"rootId":"qd6ycwm2l1bxnsk","id":"6kjt405tbr5pzjd"},"id":"v6qgajfwkqlivah","previousOperationId":"9ryzpsjni7gtir8"}
{"type":"operationEnd","subtype":"render","operationId":"79rh8ygp0bgn9og","timestamp":1675624628261,"id":"fzm4st8farxnzvw","previousEventId":"7tpy0ha1uyudcod","previousOperationId":"9ryzpsjni7gtir8"}
{"type":"operationEnd","operationId":"8kdw0bcgvfbewbz","timestamp":1675624628266,"id":"3xswt5povj74bqi","previousEventId":"nj0d62xbf594f3r","previousOperationId":"8kdw0bcgvfbewbz"}
{"type":"log","timestamp":1675624628266,"level":"debug","message":"pdf-utils postproces start","meta":{"rootId":"qd6ycwm2l1bxnsk","id":"qd6ycwm2l1bxnsk"},"id":"8ikjvrrdn8sm431","previousOperationId":"8kdw0bcgvfbewbz"}
{"type":"log","timestamp":1675624628273,"level":"debug","message":"pdf-utils postproces end","meta":{"rootId":"qd6ycwm2l1bxnsk","id":"qd6ycwm2l1bxnsk"},"id":"5fj8r2zebb3e57r","previousOperationId":"8kdw0bcgvfbewbz"}
{"type":"operationEnd","operationId":"lhxj12m2soj8tjs","timestamp":1675624628273,"id":"4bg3rrfl2kbfhwk","previousEventId":"3xswt5povj74bqi","previousOperationId":"8kdw0bcgvfbewbz"}
{"type":"log","timestamp":1675624628273,"level":"info","message":"pdf-utils pdf processing was finished","meta":{"rootId":"qd6ycwm2l1bxnsk","id":"qd6ycwm2l1bxnsk"},"id":"aiim209rzo0hbe8","previousOperationId":"lhxj12m2soj8tjs"}
{"type":"log","timestamp":1675624628273,"level":"debug","message":"Skipping storing report.","meta":{"rootId":"qd6ycwm2l1bxnsk","id":"qd6ycwm2l1bxnsk"},"id":"b7646ksu5dderap","previousOperationId":"lhxj12m2soj8tjs"}
{"type":"log","timestamp":1675624628273,"level":"info","message":"Rendering request 50 finished in 902 ms","meta":{"rootId":"qd6ycwm2l1bxnsk","id":"qd6ycwm2l1bxnsk"},"id":"mxgawpjyrhsm3fs","previousOperationId":"lhxj12m2soj8tjs"}
{"type":"operationEnd","subtype":"render","operationId":"umjo2imd6pniya6","timestamp":1675624628273,"id":"gsyotoiw055vgm7","previousEventId":"4bg3rrfl2kbfhwk","previousOperationId":"lhxj12m2soj8tjs"}
{"type":"operationEnd","doDiffs":false,"previousEventId":"4sp4n1ltz95ebm6","previousOperationId":"m2tavszq8bsqlyy","operationId":"m2tavszq8bsqlyy","timestamp":1675624628279,"id":"tghbpqtwh2pxecr"}
