{"type":"operationStart","subtype":"profile","data":{"_id":"xDmQJoclS0A4Ee6d","timestamp":"2023-02-05T17:21:31.191Z","state":"queued","mode":"standard","creationDate":"2023-02-05T17:21:31.195Z","modificationDate":"2023-02-05T17:21:31.195Z","shortid":"gbmg1M1","$entitySet":"profiles"},"doDiffs":false,"timestamp":1675617691193,"id":"5d3kkudqz6zqcer","previousOperationId":null,"operationId":"l0dtwa8lwpwxc5u"}
{"type":"log","level":"info","message":"Render request 1 queued for execution and waiting for available worker","previousOperationId":"l0dtwa8lwpwxc5u","timestamp":1675617691194,"id":"k402hny37nt0kkx"}
{"type":"operationStart","subtype":"render","name":"orders-main","previousOperationId":"l0dtwa8lwpwxc5u","timestamp":1675617691223,"id":"b4v3jqczqkak8mf","previousEventId":"5d3kkudqz6zqcer","operationId":"ien2mu98n7greny"}
{"type":"log","timestamp":1675617691224,"level":"info","message":"Starting rendering request 1","meta":{"rootId":"rks7i3a4a02obzm","id":"rks7i3a4a02obzm"},"id":"9z3rlqycdvpco7n","previousOperationId":"ien2mu98n7greny"}
{"type":"log","timestamp":1675617691225,"level":"info","message":"Rendering template { name: orders-main, recipe: chrome-pdf, engine: handlebars, preview: true }","meta":{"rootId":"rks7i3a4a02obzm","id":"rks7i3a4a02obzm"},"id":"3adzrc47tuxlw3w","previousOperationId":"ien2mu98n7greny"}
{"type":"log","timestamp":1675617691229,"level":"debug","message":"Data item not defined for this template.","meta":{"rootId":"rks7i3a4a02obzm","id":"rks7i3a4a02obzm"},"id":"qqg6tmhb46200pa","previousOperationId":"ien2mu98n7greny"}
{"type":"log","timestamp":1675617691235,"level":"debug","message":"Executing script orders-script (beforeRender)","meta":{"rootId":"rks7i3a4a02obzm","id":"rks7i3a4a02obzm"},"id":"ri9qiwsjup473vc","previousOperationId":"ien2mu98n7greny"}
{"type":"operationStart","subtype":"scriptsBeforeRender","name":"scripts beforeRender","timestamp":1675617691739,"id":"qwr2b6zfyhst3b4","previousEventId":"b4v3jqczqkak8mf","operationId":"5u2f36vm0anuw9a","previousOperationId":"ien2mu98n7greny"}
{"type":"operationStart","subtype":"script","name":"scripts orders-script","previousOperationId":"5u2f36vm0anuw9a","timestamp":1675617691739,"id":"xmpunw7j4qpoc1f","previousEventId":"qwr2b6zfyhst3b4","operationId":"lty96y4cl0zpn9w"}
{"type":"log","timestamp":1675617693475,"level":"debug","message":"(console:log) {\n  data: [\n    {\n      id: 1,\n      name: 'Antonio',\n      description: 'Aclamado director de la Orquesta Filarmónica de Gran Canaria'\n    },\n    {\n      id: 3,\n      name: 'Juana de Armas',\n      description: 'Aclamada directora de la Orquesta Filarmónica de Gran Canaria'\n    }\n  ]\n}","meta":{"userLevel":true,"rootId":"rks7i3a4a02obzm","id":"rks7i3a4a02obzm"},"id":"wti14ijgs5e95j0","previousOperationId":"lty96y4cl0zpn9w"}
{"type":"operationEnd","operationId":"lty96y4cl0zpn9w","timestamp":1675617693476,"id":"3cpibprn0gqfpb5","previousEventId":"b4v3jqczqkak8mf","previousOperationId":"ien2mu98n7greny"}
{"type":"operationEnd","operationId":"5u2f36vm0anuw9a","timestamp":1675617693476,"id":"dbhdz6abyuc4p79","previousEventId":"3cpibprn0gqfpb5","previousOperationId":"ien2mu98n7greny"}
{"type":"log","timestamp":1675617693476,"level":"debug","message":"Base url not specified, skipping its injection.","meta":{"rootId":"rks7i3a4a02obzm","id":"rks7i3a4a02obzm"},"id":"eb4b1dwii7cy1mo","previousOperationId":"5u2f36vm0anuw9a"}
{"type":"operationStart","subtype":"engine","name":"handlebars","timestamp":1675617693477,"id":"0w45avf2wakcmt5","previousEventId":"dbhdz6abyuc4p79","operationId":"10z28thtwc1omwh","previousOperationId":"5u2f36vm0anuw9a"}
{"type":"log","timestamp":1675617693477,"level":"debug","message":"Rendering engine handlebars","meta":{"rootId":"rks7i3a4a02obzm","id":"rks7i3a4a02obzm"},"id":"ptgpz9xz0dv1f2s","previousOperationId":"10z28thtwc1omwh"}
{"type":"operationEnd","operationId":"10z28thtwc1omwh","timestamp":1675617693905,"id":"zcvy32mg80rb9fi","previousEventId":"0w45avf2wakcmt5","previousOperationId":"10z28thtwc1omwh"}
{"type":"operationStart","subtype":"recipe","name":"chrome-pdf","timestamp":1675617693906,"id":"3odev1qc5ufpnru","previousEventId":"zcvy32mg80rb9fi","operationId":"2j9zlnb8wwbw5r1","previousOperationId":"10z28thtwc1omwh"}
{"type":"log","timestamp":1675617693906,"level":"debug","message":"Executing recipe chrome-pdf","meta":{"rootId":"rks7i3a4a02obzm","id":"rks7i3a4a02obzm"},"id":"u2ybb22wbzsatmv","previousOperationId":"2j9zlnb8wwbw5r1"}
{"type":"log","timestamp":1675617695034,"level":"debug","message":"Converting with chrome HeadlessChrome/105.0.5173.0 using chrome-pool strategy","meta":{"rootId":"rks7i3a4a02obzm","id":"rks7i3a4a02obzm"},"id":"fypf5xcp49npeiv","previousOperationId":"2j9zlnb8wwbw5r1"}
{"type":"log","timestamp":1675617695735,"level":"debug","message":"Page request: GET (document) file:///C:/Users/pollo/AppData/Local/Temp/jsreport/autocleanup/5e27f98a-8147-4f1a-84ef-9005e0da099c-chrome-pdf.html","meta":{"rootId":"rks7i3a4a02obzm","id":"rks7i3a4a02obzm"},"id":"49dd4rfezmkjdhf","previousOperationId":"2j9zlnb8wwbw5r1"}
{"type":"log","timestamp":1675617695755,"level":"debug","message":"Page request finished: GET (document) 200 file:///C:/Users/pollo/AppData/Local/Temp/jsreport/autocleanup/5e27f98a-8147-4f1a-84ef-9005e0da099c-chrome-pdf.html","meta":{"rootId":"rks7i3a4a02obzm","id":"rks7i3a4a02obzm"},"id":"954eizdnh2cmi9a","previousOperationId":"2j9zlnb8wwbw5r1"}
{"type":"log","timestamp":1675617695756,"level":"debug","message":"Page request: GET (stylesheet) https://cdnjs.cloudflare.com/ajax/libs/metro/4.1.5/css/metro.min.css","meta":{"rootId":"rks7i3a4a02obzm","id":"rks7i3a4a02obzm"},"id":"tvzhe5nrxepzu16","previousOperationId":"2j9zlnb8wwbw5r1"}
{"type":"log","timestamp":1675617695757,"level":"debug","message":"Page request: GET (script) https://cdnjs.cloudflare.com/ajax/libs/Chart.js/2.7.2/Chart.min.js","meta":{"rootId":"rks7i3a4a02obzm","id":"rks7i3a4a02obzm"},"id":"0rz6hpcwkp4vjb4","previousOperationId":"2j9zlnb8wwbw5r1"}
{"type":"log","timestamp":1675617698345,"level":"debug","message":"Page request finished: GET (script) 200 https://cdnjs.cloudflare.com/ajax/libs/Chart.js/2.7.2/Chart.min.js","meta":{"rootId":"rks7i3a4a02obzm","id":"rks7i3a4a02obzm"},"id":"5oz130n1hpsh113","previousOperationId":"2j9zlnb8wwbw5r1"}
{"type":"log","timestamp":1675617698657,"level":"debug","message":"Page request finished: GET (stylesheet) 200 https://cdnjs.cloudflare.com/ajax/libs/metro/4.1.5/css/metro.min.css","meta":{"rootId":"rks7i3a4a02obzm","id":"rks7i3a4a02obzm"},"id":"hzl7fe688xgqaj4","previousOperationId":"2j9zlnb8wwbw5r1"}
{"type":"log","timestamp":1675617698705,"level":"debug","message":"Running chrome with params {\"printBackground\":true,\"marginTop\":\"4cm\",\"marginRight\":\"1.5cm\",\"marginBottom\":\"1.5cm\",\"marginLeft\":\"1.5cm\",\"waitForJS\":false,\"timeout\":57048,\"margin\":{\"top\":\"4cm\",\"right\":\"1.5cm\",\"bottom\":\"1.5cm\",\"left\":\"1.5cm\"}}","meta":{"rootId":"rks7i3a4a02obzm","id":"rks7i3a4a02obzm"},"id":"r90vekofe4przzw","previousOperationId":"2j9zlnb8wwbw5r1"}
{"type":"operationEnd","operationId":"2j9zlnb8wwbw5r1","timestamp":1675617698791,"id":"7ndrbgn35vflqdl","previousEventId":"3odev1qc5ufpnru","previousOperationId":"2j9zlnb8wwbw5r1"}
{"type":"log","timestamp":1675617698791,"level":"info","message":"pdf-utils is starting pdf processing","meta":{"rootId":"rks7i3a4a02obzm","id":"rks7i3a4a02obzm"},"id":"1il6azbudbaxnoz","previousOperationId":"2j9zlnb8wwbw5r1"}
{"type":"operationStart","subtype":"pdfUtils","name":"pdf utils","timestamp":1675617699157,"id":"9qcbbynao6e010y","previousEventId":"7ndrbgn35vflqdl","operationId":"bgsrpo5w52ccic6","previousOperationId":"2j9zlnb8wwbw5r1"}
{"type":"log","timestamp":1675617699157,"level":"debug","message":"pdf-utils detected 1 pdf operation(s) to process","meta":{"rootId":"rks7i3a4a02obzm","id":"rks7i3a4a02obzm"},"id":"oxcslhgnltw9aum","previousOperationId":"bgsrpo5w52ccic6"}
{"type":"log","timestamp":1675617699401,"level":"debug","message":"pdf-utils running pdf operation merge","meta":{"rootId":"rks7i3a4a02obzm","id":"rks7i3a4a02obzm"},"id":"pompzc5ijw5lgjy","previousOperationId":"bgsrpo5w52ccic6"}
{"type":"operationStart","subtype":"pdfUtilsMerge","name":"pdf utils merge","previousOperationId":"bgsrpo5w52ccic6","timestamp":1675617699401,"id":"1r105198rtp7x1k","previousEventId":"9qcbbynao6e010y","operationId":"chubevlrxy3v2v6"}
{"type":"operationStart","subtype":"render","name":"orders-header","previousOperationId":"chubevlrxy3v2v6","timestamp":1675617699402,"id":"bx8zx671ppfglye","previousEventId":"1r105198rtp7x1k","operationId":"2gmc4oz44brxww5"}
{"type":"log","timestamp":1675617699402,"level":"info","message":"Starting rendering (child) request","meta":{"rootId":"rks7i3a4a02obzm","id":"t87gw9r82c8t6c7"},"id":"yjtu5hfey8jcrbq","previousOperationId":"2gmc4oz44brxww5"}
{"type":"log","timestamp":1675617699402,"level":"info","message":"Rendering template { name: orders-header, recipe: chrome-pdf, engine: handlebars, preview: true }","meta":{"rootId":"rks7i3a4a02obzm","id":"t87gw9r82c8t6c7"},"id":"4n7wkwqb5t2mzxs","previousOperationId":"2gmc4oz44brxww5"}
{"type":"log","timestamp":1675617699408,"level":"debug","message":"Inline data specified.","meta":{"rootId":"rks7i3a4a02obzm","id":"t87gw9r82c8t6c7"},"id":"bmrh4fcbx6lprn1","previousOperationId":"2gmc4oz44brxww5"}
{"type":"log","timestamp":1675617699411,"level":"debug","message":"Base url not specified, skipping its injection.","meta":{"rootId":"rks7i3a4a02obzm","id":"t87gw9r82c8t6c7"},"id":"mw85d0rapis9yva","previousOperationId":"2gmc4oz44brxww5"}
{"type":"operationStart","subtype":"engine","name":"handlebars","timestamp":1675617699412,"id":"pcjn51wbid5khdi","previousEventId":"bx8zx671ppfglye","operationId":"tnsktaau09kz6l0","previousOperationId":"2gmc4oz44brxww5"}
{"type":"log","timestamp":1675617699412,"level":"debug","message":"Rendering engine handlebars","meta":{"rootId":"rks7i3a4a02obzm","id":"t87gw9r82c8t6c7"},"id":"srutxypom4mhhxf","previousOperationId":"tnsktaau09kz6l0"}
{"type":"operationEnd","operationId":"tnsktaau09kz6l0","timestamp":1675617699518,"id":"1jf05n5gp1y1xlf","previousEventId":"pcjn51wbid5khdi","previousOperationId":"tnsktaau09kz6l0"}
{"type":"operationStart","subtype":"recipe","name":"chrome-pdf","timestamp":1675617699518,"id":"yhgztkrpp6rjkfb","previousEventId":"1jf05n5gp1y1xlf","operationId":"wq8zfn4px21l32a","previousOperationId":"tnsktaau09kz6l0"}
{"type":"log","timestamp":1675617699518,"level":"debug","message":"Executing recipe chrome-pdf","meta":{"rootId":"rks7i3a4a02obzm","id":"t87gw9r82c8t6c7"},"id":"qugi0zz7gszn2es","previousOperationId":"wq8zfn4px21l32a"}
{"type":"log","timestamp":1675617699521,"level":"debug","message":"Converting with chrome HeadlessChrome/105.0.5173.0 using chrome-pool strategy","meta":{"rootId":"rks7i3a4a02obzm","id":"t87gw9r82c8t6c7"},"id":"hufenhwv5mqpd97","previousOperationId":"wq8zfn4px21l32a"}
{"type":"log","timestamp":1675617699632,"level":"debug","message":"Page request: GET (document) file:///C:/Users/pollo/AppData/Local/Temp/jsreport/autocleanup/161890ac-8bf8-4174-b83d-e9a66e580c5d-chrome-pdf.html","meta":{"rootId":"rks7i3a4a02obzm","id":"t87gw9r82c8t6c7"},"id":"4e6uhr4tikbc1st","previousOperationId":"wq8zfn4px21l32a"}
{"type":"log","timestamp":1675617699665,"level":"debug","message":"Page request finished: GET (document) 200 file:///C:/Users/pollo/AppData/Local/Temp/jsreport/autocleanup/161890ac-8bf8-4174-b83d-e9a66e580c5d-chrome-pdf.html","meta":{"rootId":"rks7i3a4a02obzm","id":"t87gw9r82c8t6c7"},"id":"chxnsev7y2kazzu","previousOperationId":"wq8zfn4px21l32a"}
{"type":"log","timestamp":1675617699665,"level":"debug","message":"Page request: GET (stylesheet) https://cdnjs.cloudflare.com/ajax/libs/metro/4.1.5/css/metro.min.css","meta":{"rootId":"rks7i3a4a02obzm","id":"t87gw9r82c8t6c7"},"id":"14tqgeer275vdmc","previousOperationId":"wq8zfn4px21l32a"}
{"type":"log","timestamp":1675617699692,"level":"debug","message":"Page request finished: GET (stylesheet) 200 https://cdnjs.cloudflare.com/ajax/libs/metro/4.1.5/css/metro.min.css","meta":{"rootId":"rks7i3a4a02obzm","id":"t87gw9r82c8t6c7"},"id":"qqvbrj0rp0hqp28","previousOperationId":"wq8zfn4px21l32a"}
{"type":"log","timestamp":1675617699717,"level":"debug","message":"Running chrome with params {\"printBackground\":true,\"marginTop\":\"1.5cm\",\"marginRight\":\"1.5cm\",\"marginLeft\":\"1.cm\",\"timeout\":51671,\"margin\":{\"top\":\"1.5cm\",\"right\":\"1.5cm\",\"left\":\"1.cm\"}}","meta":{"rootId":"rks7i3a4a02obzm","id":"t87gw9r82c8t6c7"},"id":"0aziz39j9e8mxlj","previousOperationId":"wq8zfn4px21l32a"}
{"type":"operationEnd","operationId":"wq8zfn4px21l32a","timestamp":1675617699784,"id":"6a925ugz1gzcyg0","previousEventId":"yhgztkrpp6rjkfb","previousOperationId":"wq8zfn4px21l32a"}
{"type":"log","timestamp":1675617699784,"level":"debug","message":"Skipping storing report.","meta":{"rootId":"rks7i3a4a02obzm","id":"t87gw9r82c8t6c7"},"id":"1a57lmu4g0mrxuv","previousOperationId":"wq8zfn4px21l32a"}
{"type":"log","timestamp":1675617699785,"level":"info","message":"Rendering (child) request finished in 8594 ms","meta":{"rootId":"rks7i3a4a02obzm","id":"t87gw9r82c8t6c7"},"id":"yva9x4fl9ar1wej","previousOperationId":"wq8zfn4px21l32a"}
{"type":"operationEnd","subtype":"render","operationId":"2gmc4oz44brxww5","timestamp":1675617699785,"id":"6tun6qiesdy68n2","previousEventId":"6a925ugz1gzcyg0","previousOperationId":"wq8zfn4px21l32a"}
{"type":"operationEnd","operationId":"chubevlrxy3v2v6","timestamp":1675617699808,"id":"qbmoal74vwaq4xb","previousEventId":"1r105198rtp7x1k","previousOperationId":"chubevlrxy3v2v6"}
{"type":"log","timestamp":1675617699808,"level":"debug","message":"pdf-utils postproces start","meta":{"rootId":"rks7i3a4a02obzm","id":"rks7i3a4a02obzm"},"id":"z68z5s1zfe7w9k0","previousOperationId":"chubevlrxy3v2v6"}
{"type":"log","timestamp":1675617699821,"level":"debug","message":"pdf-utils postproces end","meta":{"rootId":"rks7i3a4a02obzm","id":"rks7i3a4a02obzm"},"id":"2x1345lv0ge61zf","previousOperationId":"chubevlrxy3v2v6"}
{"type":"operationEnd","operationId":"bgsrpo5w52ccic6","timestamp":1675617699821,"id":"eq0er3304bw2k2e","previousEventId":"qbmoal74vwaq4xb","previousOperationId":"chubevlrxy3v2v6"}
{"type":"log","timestamp":1675617699821,"level":"info","message":"pdf-utils pdf processing was finished","meta":{"rootId":"rks7i3a4a02obzm","id":"rks7i3a4a02obzm"},"id":"c69zj8dtqfccsiv","previousOperationId":"bgsrpo5w52ccic6"}
{"type":"log","timestamp":1675617699821,"level":"debug","message":"Skipping storing report.","meta":{"rootId":"rks7i3a4a02obzm","id":"rks7i3a4a02obzm"},"id":"5hfb1u64kqcurpu","previousOperationId":"bgsrpo5w52ccic6"}
{"type":"log","timestamp":1675617699822,"level":"info","message":"Rendering request 1 finished in 8631 ms","meta":{"rootId":"rks7i3a4a02obzm","id":"rks7i3a4a02obzm"},"id":"yqaqugocxawcxxv","previousOperationId":"bgsrpo5w52ccic6"}
{"type":"operationEnd","subtype":"render","operationId":"ien2mu98n7greny","timestamp":1675617699822,"id":"3sy5fu9w4ehuqgb","previousEventId":"eq0er3304bw2k2e","previousOperationId":"bgsrpo5w52ccic6"}
{"type":"operationEnd","doDiffs":false,"previousEventId":"5d3kkudqz6zqcer","previousOperationId":"l0dtwa8lwpwxc5u","operationId":"l0dtwa8lwpwxc5u","timestamp":1675617699834,"id":"smapqaonksnvjni"}
