{"type":"operationStart","subtype":"profile","data":{"_id":"j5EZ5fOBtuJ8wdEp","timestamp":"2023-02-01T17:16:21.966Z","state":"queued","mode":"standard","creationDate":"2023-02-01T17:16:21.968Z","modificationDate":"2023-02-01T17:16:21.968Z","shortid":"VJgaW8f","$entitySet":"profiles"},"doDiffs":false,"timestamp":1675271781967,"id":"6b3899yjhd1ue9i","previousOperationId":null,"operationId":"0tdiuydco6jyfec"}
{"type":"log","level":"info","message":"Render request 17 queued for execution and waiting for available worker","previousOperationId":"0tdiuydco6jyfec","timestamp":1675271781967,"id":"gncaa54xbuct10c"}
{"type":"operationStart","subtype":"render","name":"orders-main","previousOperationId":"0tdiuydco6jyfec","timestamp":1675271781977,"id":"kgldxxf03dxf5e2","previousEventId":"6b3899yjhd1ue9i","operationId":"l5xm3k3dpnxedgs"}
{"type":"log","timestamp":1675271781977,"level":"info","message":"Starting rendering request 17","meta":{"rootId":"rmf1k8pdwhhicay","id":"rmf1k8pdwhhicay"},"id":"f7yheuccscv9gkn","previousOperationId":"l5xm3k3dpnxedgs"}
{"type":"log","timestamp":1675271781977,"level":"info","message":"Rendering template { name: orders-main, recipe: chrome-pdf, engine: handlebars, preview: true }","meta":{"rootId":"rmf1k8pdwhhicay","id":"rmf1k8pdwhhicay"},"id":"lcinve4zyyzjd07","previousOperationId":"l5xm3k3dpnxedgs"}
{"type":"log","timestamp":1675271781978,"level":"debug","message":"Data item not defined for this template.","meta":{"rootId":"rmf1k8pdwhhicay","id":"rmf1k8pdwhhicay"},"id":"c2rgdwdo9soqa9p","previousOperationId":"l5xm3k3dpnxedgs"}
{"type":"log","timestamp":1675271781981,"level":"debug","message":"Executing script orders-script (beforeRender)","meta":{"rootId":"rmf1k8pdwhhicay","id":"rmf1k8pdwhhicay"},"id":"f1kq1dz39ux7cj3","previousOperationId":"l5xm3k3dpnxedgs"}
{"type":"operationStart","subtype":"scriptsBeforeRender","name":"scripts beforeRender","timestamp":1675271782011,"id":"vd073zpl614epu3","previousEventId":"kgldxxf03dxf5e2","operationId":"jhclp7nrrfjvj6r","previousOperationId":"l5xm3k3dpnxedgs"}
{"type":"operationStart","subtype":"script","name":"scripts orders-script","previousOperationId":"jhclp7nrrfjvj6r","timestamp":1675271782011,"id":"mhhota39j57unpp","previousEventId":"vd073zpl614epu3","operationId":"h42t2yfj2jxej2s"}
{"type":"log","timestamp":1675271782011,"level":"debug","message":"(console:log) AAAAAAAAAAAAAAAAAAAAAAA  undefined","meta":{"userLevel":true,"rootId":"rmf1k8pdwhhicay","id":"rmf1k8pdwhhicay"},"id":"bg51tcro56stxj6","previousOperationId":"h42t2yfj2jxej2s"}
{"type":"log","timestamp":1675271782291,"level":"debug","message":"(console:log) [\n  {\n    id: 1,\n    name: 'Antonio',\n    description: 'Aclamado director de la Orquesta Filarmónica de Gran Canaria'\n  },\n  {\n    id: 3,\n    name: 'Juana de Armas',\n    description: 'Aclamada directora de la Orquesta Filarmónica de Gran Canaria'\n  }\n]","meta":{"userLevel":true,"rootId":"rmf1k8pdwhhicay","id":"rmf1k8pdwhhicay"},"id":"9p6trzoq56bxpld","previousOperationId":"h42t2yfj2jxej2s"}
{"type":"operationEnd","operationId":"h42t2yfj2jxej2s","timestamp":1675271782292,"id":"y8k0xiyqrqlw7v4","previousEventId":"kgldxxf03dxf5e2","previousOperationId":"l5xm3k3dpnxedgs"}
{"type":"operationEnd","operationId":"jhclp7nrrfjvj6r","timestamp":1675271782292,"id":"ct2yr6j7e8jvjsk","previousEventId":"y8k0xiyqrqlw7v4","previousOperationId":"l5xm3k3dpnxedgs"}
{"type":"log","timestamp":1675271782292,"level":"debug","message":"Base url not specified, skipping its injection.","meta":{"rootId":"rmf1k8pdwhhicay","id":"rmf1k8pdwhhicay"},"id":"yz5btufsfqwy7c1","previousOperationId":"jhclp7nrrfjvj6r"}
{"type":"operationStart","subtype":"engine","name":"handlebars","timestamp":1675271782292,"id":"0idsvh8ci6daddw","previousEventId":"ct2yr6j7e8jvjsk","operationId":"mqtv7olx4at286d","previousOperationId":"jhclp7nrrfjvj6r"}
{"type":"log","timestamp":1675271782292,"level":"debug","message":"Rendering engine handlebars","meta":{"rootId":"rmf1k8pdwhhicay","id":"rmf1k8pdwhhicay"},"id":"qs29ahv3ysnlgcx","previousOperationId":"mqtv7olx4at286d"}
{"type":"operationEnd","operationId":"mqtv7olx4at286d","timestamp":1675271782302,"id":"4rnv325ehlzokt5","previousEventId":"0idsvh8ci6daddw","previousOperationId":"mqtv7olx4at286d"}
{"type":"operationStart","subtype":"recipe","name":"chrome-pdf","timestamp":1675271782302,"id":"wa6cd54cox189nz","previousEventId":"4rnv325ehlzokt5","operationId":"ysah9lmehhw241s","previousOperationId":"mqtv7olx4at286d"}
{"type":"log","timestamp":1675271782302,"level":"debug","message":"Executing recipe chrome-pdf","meta":{"rootId":"rmf1k8pdwhhicay","id":"rmf1k8pdwhhicay"},"id":"uzj91909nm4mvkr","previousOperationId":"ysah9lmehhw241s"}
{"type":"log","timestamp":1675271782304,"level":"debug","message":"Converting with chrome HeadlessChrome/105.0.5173.0 using chrome-pool strategy","meta":{"rootId":"rmf1k8pdwhhicay","id":"rmf1k8pdwhhicay"},"id":"dq9949fcv89aoti","previousOperationId":"ysah9lmehhw241s"}
{"type":"log","timestamp":1675271782396,"level":"debug","message":"Page request: GET (document) file:///C:/Users/pollo/AppData/Local/Temp/jsreport/autocleanup/37a6a6fb-2df1-48e0-92d1-27aaffa44cc3-chrome-pdf.html","meta":{"rootId":"rmf1k8pdwhhicay","id":"rmf1k8pdwhhicay"},"id":"se06p2sxiwyit1k","previousOperationId":"ysah9lmehhw241s"}
{"type":"log","timestamp":1675271782406,"level":"debug","message":"Page request finished: GET (document) 200 file:///C:/Users/pollo/AppData/Local/Temp/jsreport/autocleanup/37a6a6fb-2df1-48e0-92d1-27aaffa44cc3-chrome-pdf.html","meta":{"rootId":"rmf1k8pdwhhicay","id":"rmf1k8pdwhhicay"},"id":"o35enphhcpzgqq0","previousOperationId":"ysah9lmehhw241s"}
{"type":"log","timestamp":1675271782407,"level":"debug","message":"Page request: GET (stylesheet) https://cdnjs.cloudflare.com/ajax/libs/metro/4.1.5/css/metro.min.css","meta":{"rootId":"rmf1k8pdwhhicay","id":"rmf1k8pdwhhicay"},"id":"6l5yp4gu48uewsd","previousOperationId":"ysah9lmehhw241s"}
{"type":"log","timestamp":1675271782407,"level":"debug","message":"Page request: GET (script) https://cdnjs.cloudflare.com/ajax/libs/Chart.js/2.7.2/Chart.min.js","meta":{"rootId":"rmf1k8pdwhhicay","id":"rmf1k8pdwhhicay"},"id":"j36850kjkt1za8k","previousOperationId":"ysah9lmehhw241s"}
{"type":"log","timestamp":1675271782414,"level":"debug","message":"Page request finished: GET (script) 200 https://cdnjs.cloudflare.com/ajax/libs/Chart.js/2.7.2/Chart.min.js","meta":{"rootId":"rmf1k8pdwhhicay","id":"rmf1k8pdwhhicay"},"id":"be6s9qrqb0kiorc","previousOperationId":"ysah9lmehhw241s"}
{"type":"log","timestamp":1675271782432,"level":"debug","message":"Page request finished: GET (stylesheet) 200 https://cdnjs.cloudflare.com/ajax/libs/metro/4.1.5/css/metro.min.css","meta":{"rootId":"rmf1k8pdwhhicay","id":"rmf1k8pdwhhicay"},"id":"j01aatfb1bonbmr","previousOperationId":"ysah9lmehhw241s"}
{"type":"log","timestamp":1675271782444,"level":"debug","message":"Running chrome with params {\"printBackground\":true,\"marginTop\":\"4cm\",\"marginRight\":\"1.5cm\",\"marginBottom\":\"1.5cm\",\"marginLeft\":\"1.5cm\",\"waitForJS\":false,\"timeout\":59663,\"margin\":{\"top\":\"4cm\",\"right\":\"1.5cm\",\"bottom\":\"1.5cm\",\"left\":\"1.5cm\"}}","meta":{"rootId":"rmf1k8pdwhhicay","id":"rmf1k8pdwhhicay"},"id":"awfjqifd7ygbv9l","previousOperationId":"ysah9lmehhw241s"}
{"type":"operationEnd","operationId":"ysah9lmehhw241s","timestamp":1675271782476,"id":"u9fckxcfxox7w5b","previousEventId":"wa6cd54cox189nz","previousOperationId":"ysah9lmehhw241s"}
{"type":"log","timestamp":1675271782476,"level":"info","message":"pdf-utils is starting pdf processing","meta":{"rootId":"rmf1k8pdwhhicay","id":"rmf1k8pdwhhicay"},"id":"v4u5pyb3ppdgc8a","previousOperationId":"ysah9lmehhw241s"}
{"type":"operationStart","subtype":"pdfUtils","name":"pdf utils","timestamp":1675271782476,"id":"30jrmkwrvn5q0ot","previousEventId":"u9fckxcfxox7w5b","operationId":"iijo4ox3xq7rhqf","previousOperationId":"ysah9lmehhw241s"}
{"type":"log","timestamp":1675271782476,"level":"debug","message":"pdf-utils detected 1 pdf operation(s) to process","meta":{"rootId":"rmf1k8pdwhhicay","id":"rmf1k8pdwhhicay"},"id":"6t4vhvufpaxhffx","previousOperationId":"iijo4ox3xq7rhqf"}
{"type":"log","timestamp":1675271782481,"level":"debug","message":"pdf-utils running pdf operation merge","meta":{"rootId":"rmf1k8pdwhhicay","id":"rmf1k8pdwhhicay"},"id":"fe6gplyvcdgbhhs","previousOperationId":"iijo4ox3xq7rhqf"}
{"type":"operationStart","subtype":"pdfUtilsMerge","name":"pdf utils merge","previousOperationId":"iijo4ox3xq7rhqf","timestamp":1675271782481,"id":"afgw0q2ivsgp8h1","previousEventId":"30jrmkwrvn5q0ot","operationId":"0la8u6bnx81qt7c"}
{"type":"operationStart","subtype":"render","name":"orders-header","previousOperationId":"0la8u6bnx81qt7c","timestamp":1675271782482,"id":"1vcsn3oftwpzu54","previousEventId":"afgw0q2ivsgp8h1","operationId":"oc5oj50kavm3v8t"}
{"type":"log","timestamp":1675271782482,"level":"info","message":"Starting rendering (child) request","meta":{"rootId":"rmf1k8pdwhhicay","id":"81dieuwmnp2s5sz"},"id":"iswpsnjvhh2scyt","previousOperationId":"oc5oj50kavm3v8t"}
{"type":"log","timestamp":1675271782482,"level":"info","message":"Rendering template { name: orders-header, recipe: chrome-pdf, engine: handlebars, preview: true }","meta":{"rootId":"rmf1k8pdwhhicay","id":"81dieuwmnp2s5sz"},"id":"ze65cyml8l79w4c","previousOperationId":"oc5oj50kavm3v8t"}
{"type":"log","timestamp":1675271782483,"level":"debug","message":"Inline data specified.","meta":{"rootId":"rmf1k8pdwhhicay","id":"81dieuwmnp2s5sz"},"id":"oev7p3njtjtqhpr","previousOperationId":"oc5oj50kavm3v8t"}
{"type":"log","timestamp":1675271782485,"level":"debug","message":"Base url not specified, skipping its injection.","meta":{"rootId":"rmf1k8pdwhhicay","id":"81dieuwmnp2s5sz"},"id":"6yx2bvtkr75lhy0","previousOperationId":"oc5oj50kavm3v8t"}
{"type":"operationStart","subtype":"engine","name":"handlebars","timestamp":1675271782485,"id":"3qks3j2h8qnfyai","previousEventId":"1vcsn3oftwpzu54","operationId":"mkjrwgvkb7b99zw","previousOperationId":"oc5oj50kavm3v8t"}
{"type":"log","timestamp":1675271782485,"level":"debug","message":"Rendering engine handlebars","meta":{"rootId":"rmf1k8pdwhhicay","id":"81dieuwmnp2s5sz"},"id":"7n15ozfgpkq9052","previousOperationId":"mkjrwgvkb7b99zw"}
{"type":"operationEnd","operationId":"mkjrwgvkb7b99zw","timestamp":1675271782504,"id":"bf9kqflrhn0ab1b","previousEventId":"3qks3j2h8qnfyai","previousOperationId":"mkjrwgvkb7b99zw"}
{"type":"operationStart","subtype":"recipe","name":"chrome-pdf","timestamp":1675271782505,"id":"opmlegoqdpa1jdl","previousEventId":"bf9kqflrhn0ab1b","operationId":"gyt7tzek5d81054","previousOperationId":"mkjrwgvkb7b99zw"}
{"type":"log","timestamp":1675271782505,"level":"debug","message":"Executing recipe chrome-pdf","meta":{"rootId":"rmf1k8pdwhhicay","id":"81dieuwmnp2s5sz"},"id":"cs432scgovjf8vx","previousOperationId":"gyt7tzek5d81054"}
{"type":"log","timestamp":1675271782508,"level":"debug","message":"Converting with chrome HeadlessChrome/105.0.5173.0 using chrome-pool strategy","meta":{"rootId":"rmf1k8pdwhhicay","id":"81dieuwmnp2s5sz"},"id":"rgmpb9w8it93iqo","previousOperationId":"gyt7tzek5d81054"}
{"type":"log","timestamp":1675271782595,"level":"debug","message":"Page request: GET (document) file:///C:/Users/pollo/AppData/Local/Temp/jsreport/autocleanup/2915c6d7-e4df-4827-80a6-dcf753013421-chrome-pdf.html","meta":{"rootId":"rmf1k8pdwhhicay","id":"81dieuwmnp2s5sz"},"id":"2rmt41v6tnbug44","previousOperationId":"gyt7tzek5d81054"}
{"type":"log","timestamp":1675271782604,"level":"debug","message":"Page request finished: GET (document) 200 file:///C:/Users/pollo/AppData/Local/Temp/jsreport/autocleanup/2915c6d7-e4df-4827-80a6-dcf753013421-chrome-pdf.html","meta":{"rootId":"rmf1k8pdwhhicay","id":"81dieuwmnp2s5sz"},"id":"33tbetk3xajk7od","previousOperationId":"gyt7tzek5d81054"}
{"type":"log","timestamp":1675271782604,"level":"debug","message":"Page request: GET (stylesheet) https://cdnjs.cloudflare.com/ajax/libs/metro/4.1.5/css/metro.min.css","meta":{"rootId":"rmf1k8pdwhhicay","id":"81dieuwmnp2s5sz"},"id":"v7r82b3kcajigl7","previousOperationId":"gyt7tzek5d81054"}
{"type":"log","timestamp":1675271782626,"level":"debug","message":"Page request finished: GET (stylesheet) 200 https://cdnjs.cloudflare.com/ajax/libs/metro/4.1.5/css/metro.min.css","meta":{"rootId":"rmf1k8pdwhhicay","id":"81dieuwmnp2s5sz"},"id":"rwyskncfqab5rnu","previousOperationId":"gyt7tzek5d81054"}
{"type":"log","timestamp":1675271782648,"level":"debug","message":"Running chrome with params {\"printBackground\":true,\"marginTop\":\"1.5cm\",\"marginRight\":\"1.5cm\",\"marginLeft\":\"1.cm\",\"timeout\":59459,\"margin\":{\"top\":\"1.5cm\",\"right\":\"1.5cm\",\"left\":\"1.cm\"}}","meta":{"rootId":"rmf1k8pdwhhicay","id":"81dieuwmnp2s5sz"},"id":"h0n0gl5xpk0gy6j","previousOperationId":"gyt7tzek5d81054"}
{"type":"operationEnd","operationId":"gyt7tzek5d81054","timestamp":1675271782703,"id":"q6a9dtcpcchk47t","previousEventId":"opmlegoqdpa1jdl","previousOperationId":"gyt7tzek5d81054"}
{"type":"log","timestamp":1675271782703,"level":"debug","message":"Skipping storing report.","meta":{"rootId":"rmf1k8pdwhhicay","id":"81dieuwmnp2s5sz"},"id":"o58f46cqqhxuiyj","previousOperationId":"gyt7tzek5d81054"}
{"type":"log","timestamp":1675271782703,"level":"info","message":"Rendering (child) request finished in 737 ms","meta":{"rootId":"rmf1k8pdwhhicay","id":"81dieuwmnp2s5sz"},"id":"l2heolow324rr9h","previousOperationId":"gyt7tzek5d81054"}
{"type":"operationEnd","subtype":"render","operationId":"oc5oj50kavm3v8t","timestamp":1675271782703,"id":"oeuhemd7je2hwy9","previousEventId":"q6a9dtcpcchk47t","previousOperationId":"gyt7tzek5d81054"}
{"type":"operationEnd","operationId":"0la8u6bnx81qt7c","timestamp":1675271782708,"id":"5p13phzeg8lm9q1","previousEventId":"afgw0q2ivsgp8h1","previousOperationId":"0la8u6bnx81qt7c"}
{"type":"log","timestamp":1675271782708,"level":"debug","message":"pdf-utils postproces start","meta":{"rootId":"rmf1k8pdwhhicay","id":"rmf1k8pdwhhicay"},"id":"oe8di16pnr2syim","previousOperationId":"0la8u6bnx81qt7c"}
{"type":"log","timestamp":1675271782712,"level":"debug","message":"pdf-utils postproces end","meta":{"rootId":"rmf1k8pdwhhicay","id":"rmf1k8pdwhhicay"},"id":"xzryzvq07v6z5f3","previousOperationId":"0la8u6bnx81qt7c"}
{"type":"operationEnd","operationId":"iijo4ox3xq7rhqf","timestamp":1675271782712,"id":"6kfg8zktcbvowou","previousEventId":"5p13phzeg8lm9q1","previousOperationId":"0la8u6bnx81qt7c"}
{"type":"log","timestamp":1675271782712,"level":"info","message":"pdf-utils pdf processing was finished","meta":{"rootId":"rmf1k8pdwhhicay","id":"rmf1k8pdwhhicay"},"id":"2bm9zafyxgaf1du","previousOperationId":"iijo4ox3xq7rhqf"}
{"type":"log","timestamp":1675271782712,"level":"debug","message":"Skipping storing report.","meta":{"rootId":"rmf1k8pdwhhicay","id":"rmf1k8pdwhhicay"},"id":"4il4c46pz5pe1lw","previousOperationId":"iijo4ox3xq7rhqf"}
{"type":"log","timestamp":1675271782712,"level":"info","message":"Rendering request 17 finished in 746 ms","meta":{"rootId":"rmf1k8pdwhhicay","id":"rmf1k8pdwhhicay"},"id":"yw30f8uhrpt8lfj","previousOperationId":"iijo4ox3xq7rhqf"}
{"type":"operationEnd","subtype":"render","operationId":"l5xm3k3dpnxedgs","timestamp":1675271782712,"id":"hs2p3lfr3omp34j","previousEventId":"6kfg8zktcbvowou","previousOperationId":"iijo4ox3xq7rhqf"}
{"type":"operationEnd","doDiffs":false,"previousEventId":"6b3899yjhd1ue9i","previousOperationId":"0tdiuydco6jyfec","operationId":"0tdiuydco6jyfec","timestamp":1675271782721,"id":"c8tsjys81roidxq"}
