{"type":"operationStart","subtype":"profile","data":{"_id":"y6nElcrtkvhdBeWz","timestamp":"2023-02-05T19:15:40.530Z","state":"queued","mode":"standard","creationDate":"2023-02-05T19:15:40.532Z","modificationDate":"2023-02-05T19:15:40.532Z","shortid":"VIWuGBz","$entitySet":"profiles"},"doDiffs":false,"timestamp":1675624540531,"id":"qia6d16apio972f","previousOperationId":null,"operationId":"ze4y51q810wxjz0"}
{"type":"log","level":"info","message":"Render request 49 queued for execution and waiting for available worker","previousOperationId":"ze4y51q810wxjz0","timestamp":1675624540531,"id":"6v44ji4c3yi85gy"}
{"type":"operationStart","subtype":"render","name":"orders-main","previousOperationId":"ze4y51q810wxjz0","timestamp":1675624540542,"id":"e64w6ph1a9jsv6w","previousEventId":"qia6d16apio972f","operationId":"591zjihua928yrv"}
{"type":"log","timestamp":1675624540542,"level":"info","message":"Starting rendering request 49","meta":{"rootId":"ry1v207240bab7r","id":"ry1v207240bab7r"},"id":"ue6tioxg6bcwoev","previousOperationId":"591zjihua928yrv"}
{"type":"log","timestamp":1675624540542,"level":"info","message":"Rendering template { name: orders-main, recipe: chrome-pdf, engine: handlebars, preview: true }","meta":{"rootId":"ry1v207240bab7r","id":"ry1v207240bab7r"},"id":"rmt1ov24grx5tl5","previousOperationId":"591zjihua928yrv"}
{"type":"log","timestamp":1675624540544,"level":"debug","message":"Data item not defined for this template.","meta":{"rootId":"ry1v207240bab7r","id":"ry1v207240bab7r"},"id":"rhbkupv8sh0re47","previousOperationId":"591zjihua928yrv"}
{"type":"log","timestamp":1675624540546,"level":"debug","message":"Executing script orders-script (beforeRender)","meta":{"rootId":"ry1v207240bab7r","id":"ry1v207240bab7r"},"id":"uv0eef47rj083yg","previousOperationId":"591zjihua928yrv"}
{"type":"operationStart","subtype":"scriptsBeforeRender","name":"scripts beforeRender","timestamp":1675624540577,"id":"hcddsi6tg9yjvmo","previousEventId":"e64w6ph1a9jsv6w","operationId":"1hdlxua000vbo7y","previousOperationId":"591zjihua928yrv"}
{"type":"operationStart","subtype":"script","name":"scripts orders-script","previousOperationId":"1hdlxua000vbo7y","timestamp":1675624540577,"id":"ziyfteklqrtoupi","previousEventId":"hcddsi6tg9yjvmo","operationId":"yk82imr28z64hkb"}
{"type":"operationEnd","operationId":"yk82imr28z64hkb","timestamp":1675624540826,"id":"6iv1hg7zdocxg2l","previousEventId":"e64w6ph1a9jsv6w","previousOperationId":"591zjihua928yrv"}
{"type":"operationEnd","operationId":"1hdlxua000vbo7y","timestamp":1675624540826,"id":"vtj9yvx6jidkm3b","previousEventId":"6iv1hg7zdocxg2l","previousOperationId":"591zjihua928yrv"}
{"type":"log","timestamp":1675624540826,"level":"debug","message":"Base url not specified, skipping its injection.","meta":{"rootId":"ry1v207240bab7r","id":"ry1v207240bab7r"},"id":"08mgzkbev1f8251","previousOperationId":"1hdlxua000vbo7y"}
{"type":"operationStart","subtype":"engine","name":"handlebars","timestamp":1675624540827,"id":"eu7p3eoshgdznkb","previousEventId":"vtj9yvx6jidkm3b","operationId":"19rarifpbvvwuwq","previousOperationId":"1hdlxua000vbo7y"}
{"type":"log","timestamp":1675624540827,"level":"debug","message":"Rendering engine handlebars","meta":{"rootId":"ry1v207240bab7r","id":"ry1v207240bab7r"},"id":"pkzm5guojd56qsj","previousOperationId":"19rarifpbvvwuwq"}
{"type":"operationEnd","operationId":"19rarifpbvvwuwq","timestamp":1675624540842,"id":"xqo1z673mfv7qyg","previousEventId":"eu7p3eoshgdznkb","previousOperationId":"19rarifpbvvwuwq"}
{"type":"operationStart","subtype":"recipe","name":"chrome-pdf","timestamp":1675624540843,"id":"i0b98gwx11jga1n","previousEventId":"xqo1z673mfv7qyg","operationId":"ddznqu4upnbzn8n","previousOperationId":"19rarifpbvvwuwq"}
{"type":"log","timestamp":1675624540843,"level":"debug","message":"Executing recipe chrome-pdf","meta":{"rootId":"ry1v207240bab7r","id":"ry1v207240bab7r"},"id":"dpr3kgzafmor4t7","previousOperationId":"ddznqu4upnbzn8n"}
{"type":"log","timestamp":1675624540845,"level":"debug","message":"Converting with chrome HeadlessChrome/105.0.5173.0 using chrome-pool strategy","meta":{"rootId":"ry1v207240bab7r","id":"ry1v207240bab7r"},"id":"cajdxl3zop0beti","previousOperationId":"ddznqu4upnbzn8n"}
{"type":"log","timestamp":1675624540959,"level":"debug","message":"Page request: GET (document) file:///C:/Users/pollo/AppData/Local/Temp/jsreport/autocleanup/38342219-1f91-470b-a9d1-bf67db00d64e-chrome-pdf.html","meta":{"rootId":"ry1v207240bab7r","id":"ry1v207240bab7r"},"id":"5cbwspo32p5ks1j","previousOperationId":"ddznqu4upnbzn8n"}
{"type":"log","timestamp":1675624540979,"level":"debug","message":"Page request finished: GET (document) 200 file:///C:/Users/pollo/AppData/Local/Temp/jsreport/autocleanup/38342219-1f91-470b-a9d1-bf67db00d64e-chrome-pdf.html","meta":{"rootId":"ry1v207240bab7r","id":"ry1v207240bab7r"},"id":"nq8cvg3um5n07a3","previousOperationId":"ddznqu4upnbzn8n"}
{"type":"log","timestamp":1675624540979,"level":"debug","message":"Page request: GET (stylesheet) https://cdnjs.cloudflare.com/ajax/libs/metro/4.1.5/css/metro.min.css","meta":{"rootId":"ry1v207240bab7r","id":"ry1v207240bab7r"},"id":"jb9klt3ndb9kubh","previousOperationId":"ddznqu4upnbzn8n"}
{"type":"log","timestamp":1675624540980,"level":"debug","message":"Page request: GET (script) https://cdn.jsdelivr.net/npm/chart.js","meta":{"rootId":"ry1v207240bab7r","id":"ry1v207240bab7r"},"id":"fjuqky2zz9mf47a","previousOperationId":"ddznqu4upnbzn8n"}
{"type":"log","timestamp":1675624540986,"level":"debug","message":"Page request finished: GET (script) 200 https://cdn.jsdelivr.net/npm/chart.js","meta":{"rootId":"ry1v207240bab7r","id":"ry1v207240bab7r"},"id":"8k2xqabve37ttm7","previousOperationId":"ddznqu4upnbzn8n"}
{"type":"log","timestamp":1675624541004,"level":"debug","message":"Page request finished: GET (stylesheet) 200 https://cdnjs.cloudflare.com/ajax/libs/metro/4.1.5/css/metro.min.css","meta":{"rootId":"ry1v207240bab7r","id":"ry1v207240bab7r"},"id":"lu53j3qwyysrw62","previousOperationId":"ddznqu4upnbzn8n"}
{"type":"log","timestamp":1675624541009,"level":"warn","message":"Page error: SyntaxError: Unexpected identifier","meta":{"rootId":"ry1v207240bab7r","id":"ry1v207240bab7r"},"id":"on90x8h6cnaxhql","previousOperationId":"ddznqu4upnbzn8n"}
{"type":"log","timestamp":1675624541043,"level":"debug","message":"Running chrome with params {\"printBackground\":true,\"marginTop\":\"4cm\",\"marginRight\":\"1.5cm\",\"marginBottom\":\"1.5cm\",\"marginLeft\":\"1.5cm\",\"waitForJS\":false,\"timeout\":59686,\"margin\":{\"top\":\"4cm\",\"right\":\"1.5cm\",\"bottom\":\"1.5cm\",\"left\":\"1.5cm\"}}","meta":{"rootId":"ry1v207240bab7r","id":"ry1v207240bab7r"},"id":"qvvwm3i0o89bgez","previousOperationId":"ddznqu4upnbzn8n"}
{"type":"operationEnd","operationId":"ddznqu4upnbzn8n","timestamp":1675624541125,"id":"xfqocabl0negwd4","previousEventId":"i0b98gwx11jga1n","previousOperationId":"ddznqu4upnbzn8n"}
{"type":"log","timestamp":1675624541125,"level":"info","message":"pdf-utils is starting pdf processing","meta":{"rootId":"ry1v207240bab7r","id":"ry1v207240bab7r"},"id":"rtyfqmuro537umo","previousOperationId":"ddznqu4upnbzn8n"}
{"type":"operationStart","subtype":"pdfUtils","name":"pdf utils","timestamp":1675624541125,"id":"oqkmzf5v8fz3s2p","previousEventId":"xfqocabl0negwd4","operationId":"lezkww3tti216yf","previousOperationId":"ddznqu4upnbzn8n"}
{"type":"log","timestamp":1675624541125,"level":"debug","message":"pdf-utils detected 1 pdf operation(s) to process","meta":{"rootId":"ry1v207240bab7r","id":"ry1v207240bab7r"},"id":"c15uz7x28lscq8i","previousOperationId":"lezkww3tti216yf"}
{"type":"log","timestamp":1675624541140,"level":"debug","message":"pdf-utils running pdf operation merge","meta":{"rootId":"ry1v207240bab7r","id":"ry1v207240bab7r"},"id":"4m27h4iejpnmp0b","previousOperationId":"lezkww3tti216yf"}
{"type":"operationStart","subtype":"pdfUtilsMerge","name":"pdf utils merge","previousOperationId":"lezkww3tti216yf","timestamp":1675624541140,"id":"onibqzv5j0zp4li","previousEventId":"oqkmzf5v8fz3s2p","operationId":"luepfeaqcwazbcb"}
{"type":"operationStart","subtype":"render","name":"orders-header","previousOperationId":"luepfeaqcwazbcb","timestamp":1675624541141,"id":"cby63oy0shlltru","previousEventId":"onibqzv5j0zp4li","operationId":"biizok2u1trycqk"}
{"type":"log","timestamp":1675624541141,"level":"info","message":"Starting rendering (child) request","meta":{"rootId":"ry1v207240bab7r","id":"qjjly1fd45cig7d"},"id":"z756iqre229uhyu","previousOperationId":"biizok2u1trycqk"}
{"type":"log","timestamp":1675624541142,"level":"info","message":"Rendering template { name: orders-header, recipe: chrome-pdf, engine: handlebars, preview: true }","meta":{"rootId":"ry1v207240bab7r","id":"qjjly1fd45cig7d"},"id":"m828gkn1gsyvuwn","previousOperationId":"biizok2u1trycqk"}
{"type":"log","timestamp":1675624541147,"level":"debug","message":"Inline data specified.","meta":{"rootId":"ry1v207240bab7r","id":"qjjly1fd45cig7d"},"id":"8l795enk2h28uii","previousOperationId":"biizok2u1trycqk"}
{"type":"log","timestamp":1675624541150,"level":"debug","message":"Base url not specified, skipping its injection.","meta":{"rootId":"ry1v207240bab7r","id":"qjjly1fd45cig7d"},"id":"03sn7ehh5658eah","previousOperationId":"biizok2u1trycqk"}
{"type":"operationStart","subtype":"engine","name":"handlebars","timestamp":1675624541150,"id":"zghavw78fttk8k3","previousEventId":"cby63oy0shlltru","operationId":"jtfzu1a0v8cdcx8","previousOperationId":"biizok2u1trycqk"}
{"type":"log","timestamp":1675624541150,"level":"debug","message":"Rendering engine handlebars","meta":{"rootId":"ry1v207240bab7r","id":"qjjly1fd45cig7d"},"id":"mavbi086em8dcrq","previousOperationId":"jtfzu1a0v8cdcx8"}
{"type":"operationEnd","operationId":"jtfzu1a0v8cdcx8","timestamp":1675624541163,"id":"i5d643rcxye8xqc","previousEventId":"zghavw78fttk8k3","previousOperationId":"jtfzu1a0v8cdcx8"}
{"type":"operationStart","subtype":"recipe","name":"chrome-pdf","timestamp":1675624541163,"id":"uc30eszvzge5yro","previousEventId":"i5d643rcxye8xqc","operationId":"xo98lbsg7ijhh3d","previousOperationId":"jtfzu1a0v8cdcx8"}
{"type":"log","timestamp":1675624541163,"level":"debug","message":"Executing recipe chrome-pdf","meta":{"rootId":"ry1v207240bab7r","id":"qjjly1fd45cig7d"},"id":"4m5bdawp08ecm08","previousOperationId":"xo98lbsg7ijhh3d"}
{"type":"log","timestamp":1675624541165,"level":"debug","message":"Converting with chrome HeadlessChrome/105.0.5173.0 using chrome-pool strategy","meta":{"rootId":"ry1v207240bab7r","id":"qjjly1fd45cig7d"},"id":"i4nmu2o5tqg512u","previousOperationId":"xo98lbsg7ijhh3d"}
{"type":"log","timestamp":1675624541270,"level":"debug","message":"Page request: GET (document) file:///C:/Users/pollo/AppData/Local/Temp/jsreport/autocleanup/d8ea8d8b-302c-484a-a6f6-afcee8e3cb8b-chrome-pdf.html","meta":{"rootId":"ry1v207240bab7r","id":"qjjly1fd45cig7d"},"id":"0489dl2yvbufq5z","previousOperationId":"xo98lbsg7ijhh3d"}
{"type":"log","timestamp":1675624541283,"level":"debug","message":"Page request finished: GET (document) 200 file:///C:/Users/pollo/AppData/Local/Temp/jsreport/autocleanup/d8ea8d8b-302c-484a-a6f6-afcee8e3cb8b-chrome-pdf.html","meta":{"rootId":"ry1v207240bab7r","id":"qjjly1fd45cig7d"},"id":"tg81pnzjj4hi7m1","previousOperationId":"xo98lbsg7ijhh3d"}
{"type":"log","timestamp":1675624541283,"level":"debug","message":"Page request: GET (stylesheet) https://cdnjs.cloudflare.com/ajax/libs/metro/4.1.5/css/metro.min.css","meta":{"rootId":"ry1v207240bab7r","id":"qjjly1fd45cig7d"},"id":"77fa5wnyovl0wes","previousOperationId":"xo98lbsg7ijhh3d"}
{"type":"log","timestamp":1675624541306,"level":"debug","message":"Page request finished: GET (stylesheet) 200 https://cdnjs.cloudflare.com/ajax/libs/metro/4.1.5/css/metro.min.css","meta":{"rootId":"ry1v207240bab7r","id":"qjjly1fd45cig7d"},"id":"j7tf73ofx8qkmmy","previousOperationId":"xo98lbsg7ijhh3d"}
{"type":"log","timestamp":1675624541328,"level":"debug","message":"Running chrome with params {\"printBackground\":true,\"marginTop\":\"1.5cm\",\"marginRight\":\"1.5cm\",\"marginLeft\":\"1.cm\",\"timeout\":59366,\"margin\":{\"top\":\"1.5cm\",\"right\":\"1.5cm\",\"left\":\"1.cm\"}}","meta":{"rootId":"ry1v207240bab7r","id":"qjjly1fd45cig7d"},"id":"i11nexds8dph490","previousOperationId":"xo98lbsg7ijhh3d"}
{"type":"operationEnd","operationId":"xo98lbsg7ijhh3d","timestamp":1675624541386,"id":"6grqprirq20jkfa","previousEventId":"uc30eszvzge5yro","previousOperationId":"xo98lbsg7ijhh3d"}
{"type":"log","timestamp":1675624541386,"level":"debug","message":"Skipping storing report.","meta":{"rootId":"ry1v207240bab7r","id":"qjjly1fd45cig7d"},"id":"2iase6jtrmxpg5c","previousOperationId":"xo98lbsg7ijhh3d"}
{"type":"log","timestamp":1675624541387,"level":"info","message":"Rendering (child) request finished in 857 ms","meta":{"rootId":"ry1v207240bab7r","id":"qjjly1fd45cig7d"},"id":"upqrph6ymolwojp","previousOperationId":"xo98lbsg7ijhh3d"}
{"type":"operationEnd","subtype":"render","operationId":"biizok2u1trycqk","timestamp":1675624541387,"id":"sbqbs8g5pp6qhgi","previousEventId":"6grqprirq20jkfa","previousOperationId":"xo98lbsg7ijhh3d"}
{"type":"operationEnd","operationId":"luepfeaqcwazbcb","timestamp":1675624541394,"id":"804fiv4yn74spi4","previousEventId":"onibqzv5j0zp4li","previousOperationId":"luepfeaqcwazbcb"}
{"type":"log","timestamp":1675624541394,"level":"debug","message":"pdf-utils postproces start","meta":{"rootId":"ry1v207240bab7r","id":"ry1v207240bab7r"},"id":"8zk15ythw41kcxp","previousOperationId":"luepfeaqcwazbcb"}
{"type":"log","timestamp":1675624541400,"level":"debug","message":"pdf-utils postproces end","meta":{"rootId":"ry1v207240bab7r","id":"ry1v207240bab7r"},"id":"dlsqwha8gs7soot","previousOperationId":"luepfeaqcwazbcb"}
{"type":"operationEnd","operationId":"lezkww3tti216yf","timestamp":1675624541400,"id":"ye9r8bz9t237zl0","previousEventId":"804fiv4yn74spi4","previousOperationId":"luepfeaqcwazbcb"}
{"type":"log","timestamp":1675624541400,"level":"info","message":"pdf-utils pdf processing was finished","meta":{"rootId":"ry1v207240bab7r","id":"ry1v207240bab7r"},"id":"uidx1345v3w6skm","previousOperationId":"lezkww3tti216yf"}
{"type":"log","timestamp":1675624541400,"level":"debug","message":"Skipping storing report.","meta":{"rootId":"ry1v207240bab7r","id":"ry1v207240bab7r"},"id":"gyybj97fna0yk18","previousOperationId":"lezkww3tti216yf"}
{"type":"log","timestamp":1675624541400,"level":"info","message":"Rendering request 49 finished in 870 ms","meta":{"rootId":"ry1v207240bab7r","id":"ry1v207240bab7r"},"id":"ll16jrkqienhof9","previousOperationId":"lezkww3tti216yf"}
{"type":"operationEnd","subtype":"render","operationId":"591zjihua928yrv","timestamp":1675624541400,"id":"q20xs8gmhdewbhh","previousEventId":"ye9r8bz9t237zl0","previousOperationId":"lezkww3tti216yf"}
{"type":"operationEnd","doDiffs":false,"previousEventId":"qia6d16apio972f","previousOperationId":"ze4y51q810wxjz0","operationId":"ze4y51q810wxjz0","timestamp":1675624541406,"id":"o6gxk9ajcrdyy39"}
