{"type":"operationStart","subtype":"profile","data":{"_id":"32F0kJDWZGm8CVyZ","timestamp":"2023-02-05T18:19:20.639Z","state":"queued","mode":"standard","creationDate":"2023-02-05T18:19:20.642Z","modificationDate":"2023-02-05T18:19:20.642Z","shortid":"vub-m6l","$entitySet":"profiles"},"doDiffs":false,"timestamp":1675621160641,"id":"s0dnyjikxknhqdi","previousOperationId":null,"operationId":"bg6devltnrzm9hp"}
{"type":"log","level":"info","message":"Render request 30 queued for execution and waiting for available worker","previousOperationId":"bg6devltnrzm9hp","timestamp":1675621160641,"id":"ojcvgsbcsrhy03b"}
{"type":"operationStart","subtype":"render","name":"orders-main","previousOperationId":"bg6devltnrzm9hp","timestamp":1675621160652,"id":"kk49npd08sv34o2","previousEventId":"s0dnyjikxknhqdi","operationId":"jvuv8m9vcw7i9ij"}
{"type":"log","timestamp":1675621160652,"level":"info","message":"Starting rendering request 30","meta":{"rootId":"s6spau7es2ijibr","id":"s6spau7es2ijibr"},"id":"7tsd9yiv23p1b41","previousOperationId":"jvuv8m9vcw7i9ij"}
{"type":"log","timestamp":1675621160652,"level":"info","message":"Rendering template { name: orders-main, recipe: chrome-pdf, engine: handlebars, preview: true }","meta":{"rootId":"s6spau7es2ijibr","id":"s6spau7es2ijibr"},"id":"ixiblu04nxeqlkj","previousOperationId":"jvuv8m9vcw7i9ij"}
{"type":"log","timestamp":1675621160653,"level":"debug","message":"Data item not defined for this template.","meta":{"rootId":"s6spau7es2ijibr","id":"s6spau7es2ijibr"},"id":"sv1sulerqvjn8cf","previousOperationId":"jvuv8m9vcw7i9ij"}
{"type":"log","timestamp":1675621160656,"level":"debug","message":"Executing script orders-script (beforeRender)","meta":{"rootId":"s6spau7es2ijibr","id":"s6spau7es2ijibr"},"id":"tn3p8brjixq07ki","previousOperationId":"jvuv8m9vcw7i9ij"}
{"type":"operationStart","subtype":"scriptsBeforeRender","name":"scripts beforeRender","timestamp":1675621160688,"id":"n7yufzp045dlhzg","previousEventId":"kk49npd08sv34o2","operationId":"dlkqk6xcugrks1v","previousOperationId":"jvuv8m9vcw7i9ij"}
{"type":"operationStart","subtype":"script","name":"scripts orders-script","previousOperationId":"dlkqk6xcugrks1v","timestamp":1675621160688,"id":"g82rb8ocogwp9s8","previousEventId":"n7yufzp045dlhzg","operationId":"s7xfpe2gqvs8um7"}
{"type":"operationEnd","operationId":"s7xfpe2gqvs8um7","timestamp":1675621160980,"id":"42pb05baz9weq0v","previousEventId":"kk49npd08sv34o2","previousOperationId":"jvuv8m9vcw7i9ij"}
{"type":"operationEnd","operationId":"dlkqk6xcugrks1v","timestamp":1675621160980,"id":"rztv2yzlalh40bf","previousEventId":"42pb05baz9weq0v","previousOperationId":"jvuv8m9vcw7i9ij"}
{"type":"log","timestamp":1675621160980,"level":"debug","message":"Base url not specified, skipping its injection.","meta":{"rootId":"s6spau7es2ijibr","id":"s6spau7es2ijibr"},"id":"e8b22guacrthfjz","previousOperationId":"dlkqk6xcugrks1v"}
{"type":"operationStart","subtype":"engine","name":"handlebars","timestamp":1675621160980,"id":"ehq5ec4csvd6i8o","previousEventId":"rztv2yzlalh40bf","operationId":"ien6n19bhu5hf9o","previousOperationId":"dlkqk6xcugrks1v"}
{"type":"log","timestamp":1675621160980,"level":"debug","message":"Rendering engine handlebars","meta":{"rootId":"s6spau7es2ijibr","id":"s6spau7es2ijibr"},"id":"776rsoe8fxymmr3","previousOperationId":"ien6n19bhu5hf9o"}
{"type":"operationEnd","operationId":"ien6n19bhu5hf9o","timestamp":1675621160991,"id":"hefpeng9hbf2f7v","previousEventId":"ehq5ec4csvd6i8o","previousOperationId":"ien6n19bhu5hf9o"}
{"type":"operationStart","subtype":"recipe","name":"chrome-pdf","timestamp":1675621160992,"id":"yv0vtkbzbk1ijga","previousEventId":"hefpeng9hbf2f7v","operationId":"2blwrr233d3a7nb","previousOperationId":"ien6n19bhu5hf9o"}
{"type":"log","timestamp":1675621160992,"level":"debug","message":"Executing recipe chrome-pdf","meta":{"rootId":"s6spau7es2ijibr","id":"s6spau7es2ijibr"},"id":"pepeou1grodmxp9","previousOperationId":"2blwrr233d3a7nb"}
{"type":"log","timestamp":1675621160995,"level":"debug","message":"Converting with chrome HeadlessChrome/105.0.5173.0 using chrome-pool strategy","meta":{"rootId":"s6spau7es2ijibr","id":"s6spau7es2ijibr"},"id":"jctkqhiunqftv45","previousOperationId":"2blwrr233d3a7nb"}
{"type":"log","timestamp":1675621161094,"level":"debug","message":"Page request: GET (document) file:///C:/Users/pollo/AppData/Local/Temp/jsreport/autocleanup/6745af0a-553c-4c35-8342-bbae5a0f29cd-chrome-pdf.html","meta":{"rootId":"s6spau7es2ijibr","id":"s6spau7es2ijibr"},"id":"htwe5d0i2xn972l","previousOperationId":"2blwrr233d3a7nb"}
{"type":"log","timestamp":1675621161112,"level":"debug","message":"Page request finished: GET (document) 200 file:///C:/Users/pollo/AppData/Local/Temp/jsreport/autocleanup/6745af0a-553c-4c35-8342-bbae5a0f29cd-chrome-pdf.html","meta":{"rootId":"s6spau7es2ijibr","id":"s6spau7es2ijibr"},"id":"o5m6nu3012itzdq","previousOperationId":"2blwrr233d3a7nb"}
{"type":"log","timestamp":1675621161112,"level":"debug","message":"Page request: GET (stylesheet) https://cdnjs.cloudflare.com/ajax/libs/metro/4.1.5/css/metro.min.css","meta":{"rootId":"s6spau7es2ijibr","id":"s6spau7es2ijibr"},"id":"oqaty0tz44hr0dt","previousOperationId":"2blwrr233d3a7nb"}
{"type":"log","timestamp":1675621161112,"level":"debug","message":"Page request: GET (script) https://cdn.jsdelivr.net/npm/chart.js","meta":{"rootId":"s6spau7es2ijibr","id":"s6spau7es2ijibr"},"id":"y4go2tub33l1294","previousOperationId":"2blwrr233d3a7nb"}
{"type":"log","timestamp":1675621161138,"level":"debug","message":"Page request finished: GET (stylesheet) 200 https://cdnjs.cloudflare.com/ajax/libs/metro/4.1.5/css/metro.min.css","meta":{"rootId":"s6spau7es2ijibr","id":"s6spau7es2ijibr"},"id":"3unh571ko65neq2","previousOperationId":"2blwrr233d3a7nb"}
{"type":"log","timestamp":1675621161138,"level":"debug","message":"Page request finished: GET (script) 200 https://cdn.jsdelivr.net/npm/chart.js","meta":{"rootId":"s6spau7es2ijibr","id":"s6spau7es2ijibr"},"id":"vsn02rw6zz6n9ft","previousOperationId":"2blwrr233d3a7nb"}
{"type":"log","timestamp":1675621161278,"level":"debug","message":"Running chrome with params {\"printBackground\":true,\"marginTop\":\"4cm\",\"marginRight\":\"1.5cm\",\"marginBottom\":\"1.5cm\",\"marginLeft\":\"1.5cm\",\"waitForJS\":false,\"timeout\":59645,\"margin\":{\"top\":\"4cm\",\"right\":\"1.5cm\",\"bottom\":\"1.5cm\",\"left\":\"1.5cm\"}}","meta":{"rootId":"s6spau7es2ijibr","id":"s6spau7es2ijibr"},"id":"2tli1adt0zfl8s4","previousOperationId":"2blwrr233d3a7nb"}
{"type":"operationEnd","operationId":"2blwrr233d3a7nb","timestamp":1675621161376,"id":"ih5iiethzky8hww","previousEventId":"yv0vtkbzbk1ijga","previousOperationId":"2blwrr233d3a7nb"}
{"type":"log","timestamp":1675621161376,"level":"info","message":"pdf-utils is starting pdf processing","meta":{"rootId":"s6spau7es2ijibr","id":"s6spau7es2ijibr"},"id":"pv7d2vsx6vvwdix","previousOperationId":"2blwrr233d3a7nb"}
{"type":"operationStart","subtype":"pdfUtils","name":"pdf utils","timestamp":1675621161376,"id":"rk1nfg3pfc5bka3","previousEventId":"ih5iiethzky8hww","operationId":"8u2blt3ex0vymp6","previousOperationId":"2blwrr233d3a7nb"}
{"type":"log","timestamp":1675621161376,"level":"debug","message":"pdf-utils detected 1 pdf operation(s) to process","meta":{"rootId":"s6spau7es2ijibr","id":"s6spau7es2ijibr"},"id":"1f3pibmuyxzazkh","previousOperationId":"8u2blt3ex0vymp6"}
{"type":"log","timestamp":1675621161394,"level":"debug","message":"pdf-utils running pdf operation merge","meta":{"rootId":"s6spau7es2ijibr","id":"s6spau7es2ijibr"},"id":"k6tr8z2oo1ijcse","previousOperationId":"8u2blt3ex0vymp6"}
{"type":"operationStart","subtype":"pdfUtilsMerge","name":"pdf utils merge","previousOperationId":"8u2blt3ex0vymp6","timestamp":1675621161394,"id":"lx28wfq21egskug","previousEventId":"rk1nfg3pfc5bka3","operationId":"wxlg40rnmauni92"}
{"type":"operationStart","subtype":"render","name":"orders-header","previousOperationId":"wxlg40rnmauni92","timestamp":1675621161395,"id":"vdwkrkru8toazts","previousEventId":"lx28wfq21egskug","operationId":"q2jykiurq6dxkyx"}
{"type":"log","timestamp":1675621161395,"level":"info","message":"Starting rendering (child) request","meta":{"rootId":"s6spau7es2ijibr","id":"4nnnsr8sci5lmna"},"id":"c1hgpn5gku1di2t","previousOperationId":"q2jykiurq6dxkyx"}
{"type":"log","timestamp":1675621161396,"level":"info","message":"Rendering template { name: orders-header, recipe: chrome-pdf, engine: handlebars, preview: true }","meta":{"rootId":"s6spau7es2ijibr","id":"4nnnsr8sci5lmna"},"id":"cf2jhedcijhcxwc","previousOperationId":"q2jykiurq6dxkyx"}
{"type":"log","timestamp":1675621161396,"level":"debug","message":"Inline data specified.","meta":{"rootId":"s6spau7es2ijibr","id":"4nnnsr8sci5lmna"},"id":"s2o6q7i09w7mb1e","previousOperationId":"q2jykiurq6dxkyx"}
{"type":"log","timestamp":1675621161399,"level":"debug","message":"Base url not specified, skipping its injection.","meta":{"rootId":"s6spau7es2ijibr","id":"4nnnsr8sci5lmna"},"id":"802o52wdirywgze","previousOperationId":"q2jykiurq6dxkyx"}
{"type":"operationStart","subtype":"engine","name":"handlebars","timestamp":1675621161399,"id":"4o23zqhktcfglj1","previousEventId":"vdwkrkru8toazts","operationId":"vyqwy5aou6z35yk","previousOperationId":"q2jykiurq6dxkyx"}
{"type":"log","timestamp":1675621161399,"level":"debug","message":"Rendering engine handlebars","meta":{"rootId":"s6spau7es2ijibr","id":"4nnnsr8sci5lmna"},"id":"wwzefo4d3uxb6hn","previousOperationId":"vyqwy5aou6z35yk"}
{"type":"operationEnd","operationId":"vyqwy5aou6z35yk","timestamp":1675621161421,"id":"ymjfxmmqqbfmoul","previousEventId":"4o23zqhktcfglj1","previousOperationId":"vyqwy5aou6z35yk"}
{"type":"operationStart","subtype":"recipe","name":"chrome-pdf","timestamp":1675621161422,"id":"wlquygj3e3zzumj","previousEventId":"ymjfxmmqqbfmoul","operationId":"qvyt72smmtcwng0","previousOperationId":"vyqwy5aou6z35yk"}
{"type":"log","timestamp":1675621161422,"level":"debug","message":"Executing recipe chrome-pdf","meta":{"rootId":"s6spau7es2ijibr","id":"4nnnsr8sci5lmna"},"id":"gtdlvxwgcrds0y3","previousOperationId":"qvyt72smmtcwng0"}
{"type":"log","timestamp":1675621161425,"level":"debug","message":"Converting with chrome HeadlessChrome/105.0.5173.0 using chrome-pool strategy","meta":{"rootId":"s6spau7es2ijibr","id":"4nnnsr8sci5lmna"},"id":"pwvsy3ixiqawzet","previousOperationId":"qvyt72smmtcwng0"}
{"type":"log","timestamp":1675621161529,"level":"debug","message":"Page request: GET (document) file:///C:/Users/pollo/AppData/Local/Temp/jsreport/autocleanup/e9556eb7-0e43-4caf-9ca5-4ed0c709416e-chrome-pdf.html","meta":{"rootId":"s6spau7es2ijibr","id":"4nnnsr8sci5lmna"},"id":"rhies0y2m1gspt1","previousOperationId":"qvyt72smmtcwng0"}
{"type":"log","timestamp":1675621161542,"level":"debug","message":"Page request finished: GET (document) 200 file:///C:/Users/pollo/AppData/Local/Temp/jsreport/autocleanup/e9556eb7-0e43-4caf-9ca5-4ed0c709416e-chrome-pdf.html","meta":{"rootId":"s6spau7es2ijibr","id":"4nnnsr8sci5lmna"},"id":"oekvg3t2n62jz6d","previousOperationId":"qvyt72smmtcwng0"}
{"type":"log","timestamp":1675621161542,"level":"debug","message":"Page request: GET (stylesheet) https://cdnjs.cloudflare.com/ajax/libs/metro/4.1.5/css/metro.min.css","meta":{"rootId":"s6spau7es2ijibr","id":"4nnnsr8sci5lmna"},"id":"kthohg2yzcp2egy","previousOperationId":"qvyt72smmtcwng0"}
{"type":"log","timestamp":1675621161576,"level":"debug","message":"Page request finished: GET (stylesheet) 200 https://cdnjs.cloudflare.com/ajax/libs/metro/4.1.5/css/metro.min.css","meta":{"rootId":"s6spau7es2ijibr","id":"4nnnsr8sci5lmna"},"id":"s8xbpk0129uxflz","previousOperationId":"qvyt72smmtcwng0"}
{"type":"log","timestamp":1675621161598,"level":"debug","message":"Running chrome with params {\"printBackground\":true,\"marginTop\":\"1.5cm\",\"marginRight\":\"1.5cm\",\"marginLeft\":\"1.cm\",\"timeout\":59215,\"margin\":{\"top\":\"1.5cm\",\"right\":\"1.5cm\",\"left\":\"1.cm\"}}","meta":{"rootId":"s6spau7es2ijibr","id":"4nnnsr8sci5lmna"},"id":"e6zrg9xfrg4l3we","previousOperationId":"qvyt72smmtcwng0"}
{"type":"operationEnd","operationId":"qvyt72smmtcwng0","timestamp":1675621161676,"id":"vugaji16dgfebgl","previousEventId":"wlquygj3e3zzumj","previousOperationId":"qvyt72smmtcwng0"}
{"type":"log","timestamp":1675621161676,"level":"debug","message":"Skipping storing report.","meta":{"rootId":"s6spau7es2ijibr","id":"4nnnsr8sci5lmna"},"id":"9pl244y6ge27086","previousOperationId":"qvyt72smmtcwng0"}
{"type":"log","timestamp":1675621161677,"level":"info","message":"Rendering (child) request finished in 1038 ms","meta":{"rootId":"s6spau7es2ijibr","id":"4nnnsr8sci5lmna"},"id":"p0ej71yr2guzmyt","previousOperationId":"qvyt72smmtcwng0"}
{"type":"operationEnd","subtype":"render","operationId":"q2jykiurq6dxkyx","timestamp":1675621161677,"id":"afrj9a26bnmiyoa","previousEventId":"vugaji16dgfebgl","previousOperationId":"qvyt72smmtcwng0"}
{"type":"operationEnd","operationId":"wxlg40rnmauni92","timestamp":1675621161688,"id":"ejpf6h8fh6tw8km","previousEventId":"lx28wfq21egskug","previousOperationId":"wxlg40rnmauni92"}
{"type":"log","timestamp":1675621161688,"level":"debug","message":"pdf-utils postproces start","meta":{"rootId":"s6spau7es2ijibr","id":"s6spau7es2ijibr"},"id":"wqttspzeq6q4laf","previousOperationId":"wxlg40rnmauni92"}
{"type":"log","timestamp":1675621161695,"level":"debug","message":"pdf-utils postproces end","meta":{"rootId":"s6spau7es2ijibr","id":"s6spau7es2ijibr"},"id":"a345dnx4keqc3xh","previousOperationId":"wxlg40rnmauni92"}
{"type":"operationEnd","operationId":"8u2blt3ex0vymp6","timestamp":1675621161695,"id":"ez9kk0hwsypr4ms","previousEventId":"ejpf6h8fh6tw8km","previousOperationId":"wxlg40rnmauni92"}
{"type":"log","timestamp":1675621161695,"level":"info","message":"pdf-utils pdf processing was finished","meta":{"rootId":"s6spau7es2ijibr","id":"s6spau7es2ijibr"},"id":"wmxgbw815kg8c76","previousOperationId":"8u2blt3ex0vymp6"}
{"type":"log","timestamp":1675621161695,"level":"debug","message":"Skipping storing report.","meta":{"rootId":"s6spau7es2ijibr","id":"s6spau7es2ijibr"},"id":"ux4upz6x19pna8y","previousOperationId":"8u2blt3ex0vymp6"}
{"type":"log","timestamp":1675621161696,"level":"info","message":"Rendering request 30 finished in 1057 ms","meta":{"rootId":"s6spau7es2ijibr","id":"s6spau7es2ijibr"},"id":"tfxqt7wepc46fkr","previousOperationId":"8u2blt3ex0vymp6"}
{"type":"operationEnd","subtype":"render","operationId":"jvuv8m9vcw7i9ij","timestamp":1675621161696,"id":"t0o8skui5ujnigf","previousEventId":"ez9kk0hwsypr4ms","previousOperationId":"8u2blt3ex0vymp6"}
{"type":"operationEnd","doDiffs":false,"previousEventId":"s0dnyjikxknhqdi","previousOperationId":"bg6devltnrzm9hp","operationId":"bg6devltnrzm9hp","timestamp":1675621161703,"id":"o0cfhrt5gyi98kw"}
