{"type":"operationStart","subtype":"profile","data":{"_id":"IdZwvQ155mfDuRSR","timestamp":"2023-02-05T17:49:03.042Z","state":"queued","mode":"standard","creationDate":"2023-02-05T17:49:03.044Z","modificationDate":"2023-02-05T17:49:03.044Z","shortid":"YDlHWfo","$entitySet":"profiles"},"doDiffs":false,"timestamp":1675619343043,"id":"pvy0xy46mcp4ipf","previousOperationId":null,"operationId":"8zvd3qwlvm24150"}
{"type":"log","level":"info","message":"Render request 14 queued for execution and waiting for available worker","previousOperationId":"8zvd3qwlvm24150","timestamp":1675619343043,"id":"lwnwec5ifdheuzz"}
{"type":"operationStart","subtype":"render","name":"orders-main","previousOperationId":"8zvd3qwlvm24150","timestamp":1675619343057,"id":"abc207glm8gqj89","previousEventId":"pvy0xy46mcp4ipf","operationId":"rxrc52ahpt7vuyo"}
{"type":"log","timestamp":1675619343057,"level":"info","message":"Starting rendering request 14","meta":{"rootId":"snw457hx2n9fii0","id":"snw457hx2n9fii0"},"id":"wx7pm7qzuvllxqa","previousOperationId":"rxrc52ahpt7vuyo"}
{"type":"log","timestamp":1675619343058,"level":"info","message":"Rendering template { name: orders-main, recipe: chrome-pdf, engine: handlebars, preview: true }","meta":{"rootId":"snw457hx2n9fii0","id":"snw457hx2n9fii0"},"id":"w66c5bnf8ig63nx","previousOperationId":"rxrc52ahpt7vuyo"}
{"type":"log","timestamp":1675619343063,"level":"debug","message":"Data item not defined for this template.","meta":{"rootId":"snw457hx2n9fii0","id":"snw457hx2n9fii0"},"id":"6qsjbcc6nt6qmhj","previousOperationId":"rxrc52ahpt7vuyo"}
{"type":"log","timestamp":1675619343067,"level":"debug","message":"Executing script orders-script (beforeRender)","meta":{"rootId":"snw457hx2n9fii0","id":"snw457hx2n9fii0"},"id":"a3gqrqf5tf2jxns","previousOperationId":"rxrc52ahpt7vuyo"}
{"type":"operationStart","subtype":"scriptsBeforeRender","name":"scripts beforeRender","timestamp":1675619343106,"id":"tudo7kfj2fbmhit","previousEventId":"abc207glm8gqj89","operationId":"mltdbuqy1469jkt","previousOperationId":"rxrc52ahpt7vuyo"}
{"type":"operationStart","subtype":"script","name":"scripts orders-script","previousOperationId":"mltdbuqy1469jkt","timestamp":1675619343106,"id":"o0nnjhjzbltb38o","previousEventId":"tudo7kfj2fbmhit","operationId":"6yhl2ctzg4pfmfg"}
{"type":"log","timestamp":1675619343398,"level":"debug","message":"(console:log) {\n  data: [\n    {\n      id: 1,\n      name: 'Antonio',\n      description: 'Aclamado director de la Orquesta Filarmónica de Gran Canaria',\n      pieces: [Array],\n      count: 2\n    },\n    {\n      id: 3,\n      name: 'Juana de Armas',\n      description: 'Aclamada directora de la Orquesta Filarmónica de Gran Canaria',\n      pieces: [Array],\n      count: 4\n    }\n  ]\n}","meta":{"userLevel":true,"rootId":"snw457hx2n9fii0","id":"snw457hx2n9fii0"},"id":"fcqzvswvh83t2tc","previousOperationId":"6yhl2ctzg4pfmfg"}
{"type":"operationEnd","operationId":"6yhl2ctzg4pfmfg","timestamp":1675619343399,"id":"di5gi2f920vuo0q","previousEventId":"abc207glm8gqj89","previousOperationId":"rxrc52ahpt7vuyo"}
{"type":"operationEnd","operationId":"mltdbuqy1469jkt","timestamp":1675619343399,"id":"ms5ymqu5enazoo2","previousEventId":"di5gi2f920vuo0q","previousOperationId":"rxrc52ahpt7vuyo"}
{"type":"log","timestamp":1675619343400,"level":"debug","message":"Base url not specified, skipping its injection.","meta":{"rootId":"snw457hx2n9fii0","id":"snw457hx2n9fii0"},"id":"nrli9u6u2yzj5jw","previousOperationId":"mltdbuqy1469jkt"}
{"type":"operationStart","subtype":"engine","name":"handlebars","timestamp":1675619343400,"id":"cdx4z1vybzff3qh","previousEventId":"ms5ymqu5enazoo2","operationId":"qobvuiplh9bz7gg","previousOperationId":"mltdbuqy1469jkt"}
{"type":"log","timestamp":1675619343400,"level":"debug","message":"Rendering engine handlebars","meta":{"rootId":"snw457hx2n9fii0","id":"snw457hx2n9fii0"},"id":"h416whznxz2no7r","previousOperationId":"qobvuiplh9bz7gg"}
{"type":"operationEnd","operationId":"qobvuiplh9bz7gg","timestamp":1675619343413,"id":"z4o1f7j6t72f1pd","previousEventId":"cdx4z1vybzff3qh","previousOperationId":"qobvuiplh9bz7gg"}
{"type":"operationStart","subtype":"recipe","name":"chrome-pdf","timestamp":1675619343414,"id":"llu1d130ymqi4vz","previousEventId":"z4o1f7j6t72f1pd","operationId":"ls1rrh3uupb7kv7","previousOperationId":"qobvuiplh9bz7gg"}
{"type":"log","timestamp":1675619343414,"level":"debug","message":"Executing recipe chrome-pdf","meta":{"rootId":"snw457hx2n9fii0","id":"snw457hx2n9fii0"},"id":"r7ok38ye5478sln","previousOperationId":"ls1rrh3uupb7kv7"}
{"type":"log","timestamp":1675619343416,"level":"debug","message":"Converting with chrome HeadlessChrome/105.0.5173.0 using chrome-pool strategy","meta":{"rootId":"snw457hx2n9fii0","id":"snw457hx2n9fii0"},"id":"zuiws0m230iu8hk","previousOperationId":"ls1rrh3uupb7kv7"}
{"type":"log","timestamp":1675619343533,"level":"debug","message":"Page request: GET (document) file:///C:/Users/pollo/AppData/Local/Temp/jsreport/autocleanup/76b92f69-ffd5-41a1-8cfe-028af48ce8d1-chrome-pdf.html","meta":{"rootId":"snw457hx2n9fii0","id":"snw457hx2n9fii0"},"id":"vudph3msssjnd1l","previousOperationId":"ls1rrh3uupb7kv7"}
{"type":"log","timestamp":1675619343562,"level":"debug","message":"Page request finished: GET (document) 200 file:///C:/Users/pollo/AppData/Local/Temp/jsreport/autocleanup/76b92f69-ffd5-41a1-8cfe-028af48ce8d1-chrome-pdf.html","meta":{"rootId":"snw457hx2n9fii0","id":"snw457hx2n9fii0"},"id":"molhqxe85cg3azr","previousOperationId":"ls1rrh3uupb7kv7"}
{"type":"log","timestamp":1675619343562,"level":"debug","message":"Page request: GET (stylesheet) https://cdnjs.cloudflare.com/ajax/libs/metro/4.1.5/css/metro.min.css","meta":{"rootId":"snw457hx2n9fii0","id":"snw457hx2n9fii0"},"id":"uf8flwbwnm9g593","previousOperationId":"ls1rrh3uupb7kv7"}
{"type":"log","timestamp":1675619343563,"level":"debug","message":"Page request: GET (script) https://cdnjs.cloudflare.com/ajax/libs/Chart.js/2.7.2/Chart.min.js","meta":{"rootId":"snw457hx2n9fii0","id":"snw457hx2n9fii0"},"id":"pjvfu655iughmdt","previousOperationId":"ls1rrh3uupb7kv7"}
{"type":"log","timestamp":1675619343570,"level":"debug","message":"Page request finished: GET (script) 200 https://cdnjs.cloudflare.com/ajax/libs/Chart.js/2.7.2/Chart.min.js","meta":{"rootId":"snw457hx2n9fii0","id":"snw457hx2n9fii0"},"id":"03j9vn29zcb1e5g","previousOperationId":"ls1rrh3uupb7kv7"}
{"type":"log","timestamp":1675619343587,"level":"debug","message":"Page request finished: GET (stylesheet) 200 https://cdnjs.cloudflare.com/ajax/libs/metro/4.1.5/css/metro.min.css","meta":{"rootId":"snw457hx2n9fii0","id":"snw457hx2n9fii0"},"id":"7xz6t7tcvd2qfwu","previousOperationId":"ls1rrh3uupb7kv7"}
{"type":"log","timestamp":1675619343593,"level":"warn","message":"Page error: SyntaxError: Unexpected identifier","meta":{"rootId":"snw457hx2n9fii0","id":"snw457hx2n9fii0"},"id":"ta0w2sg3cb29f4x","previousOperationId":"ls1rrh3uupb7kv7"}
{"type":"log","timestamp":1675619343623,"level":"debug","message":"Running chrome with params {\"printBackground\":true,\"marginTop\":\"4cm\",\"marginRight\":\"1.5cm\",\"marginBottom\":\"1.5cm\",\"marginLeft\":\"1.5cm\",\"waitForJS\":false,\"timeout\":59627,\"margin\":{\"top\":\"4cm\",\"right\":\"1.5cm\",\"bottom\":\"1.5cm\",\"left\":\"1.5cm\"}}","meta":{"rootId":"snw457hx2n9fii0","id":"snw457hx2n9fii0"},"id":"bkhjqml8qyest5t","previousOperationId":"ls1rrh3uupb7kv7"}
{"type":"operationEnd","operationId":"ls1rrh3uupb7kv7","timestamp":1675619343706,"id":"mnka7gsy84j9rng","previousEventId":"llu1d130ymqi4vz","previousOperationId":"ls1rrh3uupb7kv7"}
{"type":"log","timestamp":1675619343706,"level":"info","message":"pdf-utils is starting pdf processing","meta":{"rootId":"snw457hx2n9fii0","id":"snw457hx2n9fii0"},"id":"v76u0q7kzqnnn2b","previousOperationId":"ls1rrh3uupb7kv7"}
{"type":"operationStart","subtype":"pdfUtils","name":"pdf utils","timestamp":1675619343707,"id":"ba2mjxvli4y4lnp","previousEventId":"mnka7gsy84j9rng","operationId":"yja7c93oj3dsxtz","previousOperationId":"ls1rrh3uupb7kv7"}
{"type":"log","timestamp":1675619343707,"level":"debug","message":"pdf-utils detected 1 pdf operation(s) to process","meta":{"rootId":"snw457hx2n9fii0","id":"snw457hx2n9fii0"},"id":"6ouo43kiyygc0mz","previousOperationId":"yja7c93oj3dsxtz"}
{"type":"log","timestamp":1675619343730,"level":"debug","message":"pdf-utils running pdf operation merge","meta":{"rootId":"snw457hx2n9fii0","id":"snw457hx2n9fii0"},"id":"jwzqmfqn84wpt58","previousOperationId":"yja7c93oj3dsxtz"}
{"type":"operationStart","subtype":"pdfUtilsMerge","name":"pdf utils merge","previousOperationId":"yja7c93oj3dsxtz","timestamp":1675619343730,"id":"nlxslzs0a1c9jvh","previousEventId":"ba2mjxvli4y4lnp","operationId":"e5q45y5tmcdjgyw"}
{"type":"operationStart","subtype":"render","name":"orders-header","previousOperationId":"e5q45y5tmcdjgyw","timestamp":1675619343731,"id":"ry39xqwzdky5yzr","previousEventId":"nlxslzs0a1c9jvh","operationId":"hb7v7e831czbfbz"}
{"type":"log","timestamp":1675619343731,"level":"info","message":"Starting rendering (child) request","meta":{"rootId":"snw457hx2n9fii0","id":"8pnppxmzvm1p2hp"},"id":"h5pj9z61vcfkif7","previousOperationId":"hb7v7e831czbfbz"}
{"type":"log","timestamp":1675619343731,"level":"info","message":"Rendering template { name: orders-header, recipe: chrome-pdf, engine: handlebars, preview: true }","meta":{"rootId":"snw457hx2n9fii0","id":"8pnppxmzvm1p2hp"},"id":"lm7ijefl52opevu","previousOperationId":"hb7v7e831czbfbz"}
{"type":"log","timestamp":1675619343732,"level":"debug","message":"Inline data specified.","meta":{"rootId":"snw457hx2n9fii0","id":"8pnppxmzvm1p2hp"},"id":"t79wvb7wez0go5o","previousOperationId":"hb7v7e831czbfbz"}
{"type":"log","timestamp":1675619343734,"level":"debug","message":"Base url not specified, skipping its injection.","meta":{"rootId":"snw457hx2n9fii0","id":"8pnppxmzvm1p2hp"},"id":"1q8dapcqam4osd0","previousOperationId":"hb7v7e831czbfbz"}
{"type":"operationStart","subtype":"engine","name":"handlebars","timestamp":1675619343734,"id":"o02dpt2d8lnf5dv","previousEventId":"ry39xqwzdky5yzr","operationId":"ysmatwja2yzw5no","previousOperationId":"hb7v7e831czbfbz"}
{"type":"log","timestamp":1675619343734,"level":"debug","message":"Rendering engine handlebars","meta":{"rootId":"snw457hx2n9fii0","id":"8pnppxmzvm1p2hp"},"id":"wcxtclzb4bxssy5","previousOperationId":"ysmatwja2yzw5no"}
{"type":"operationEnd","operationId":"ysmatwja2yzw5no","timestamp":1675619343753,"id":"0yse71jvu3wmybv","previousEventId":"o02dpt2d8lnf5dv","previousOperationId":"ysmatwja2yzw5no"}
{"type":"operationStart","subtype":"recipe","name":"chrome-pdf","timestamp":1675619343753,"id":"nb83b17ce5hdiq3","previousEventId":"0yse71jvu3wmybv","operationId":"fjoeemfnxixkk46","previousOperationId":"ysmatwja2yzw5no"}
{"type":"log","timestamp":1675619343753,"level":"debug","message":"Executing recipe chrome-pdf","meta":{"rootId":"snw457hx2n9fii0","id":"8pnppxmzvm1p2hp"},"id":"84iq2iw4bd9haqp","previousOperationId":"fjoeemfnxixkk46"}
{"type":"log","timestamp":1675619343756,"level":"debug","message":"Converting with chrome HeadlessChrome/105.0.5173.0 using chrome-pool strategy","meta":{"rootId":"snw457hx2n9fii0","id":"8pnppxmzvm1p2hp"},"id":"vq7n6h569vd7fbb","previousOperationId":"fjoeemfnxixkk46"}
{"type":"log","timestamp":1675619343868,"level":"debug","message":"Page request: GET (document) file:///C:/Users/pollo/AppData/Local/Temp/jsreport/autocleanup/ad67009b-9170-48df-acba-ba020ba05204-chrome-pdf.html","meta":{"rootId":"snw457hx2n9fii0","id":"8pnppxmzvm1p2hp"},"id":"xskr2qfkfy1ausb","previousOperationId":"fjoeemfnxixkk46"}
{"type":"log","timestamp":1675619343879,"level":"debug","message":"Page request finished: GET (document) 200 file:///C:/Users/pollo/AppData/Local/Temp/jsreport/autocleanup/ad67009b-9170-48df-acba-ba020ba05204-chrome-pdf.html","meta":{"rootId":"snw457hx2n9fii0","id":"8pnppxmzvm1p2hp"},"id":"lacrr44leyzlmi7","previousOperationId":"fjoeemfnxixkk46"}
{"type":"log","timestamp":1675619343879,"level":"debug","message":"Page request: GET (stylesheet) https://cdnjs.cloudflare.com/ajax/libs/metro/4.1.5/css/metro.min.css","meta":{"rootId":"snw457hx2n9fii0","id":"8pnppxmzvm1p2hp"},"id":"s4f0ij6setx3vnv","previousOperationId":"fjoeemfnxixkk46"}
{"type":"log","timestamp":1675619343900,"level":"debug","message":"Page request finished: GET (stylesheet) 200 https://cdnjs.cloudflare.com/ajax/libs/metro/4.1.5/css/metro.min.css","meta":{"rootId":"snw457hx2n9fii0","id":"8pnppxmzvm1p2hp"},"id":"y59t0koavd69sgs","previousOperationId":"fjoeemfnxixkk46"}
{"type":"log","timestamp":1675619343922,"level":"debug","message":"Running chrome with params {\"printBackground\":true,\"marginTop\":\"1.5cm\",\"marginRight\":\"1.5cm\",\"marginLeft\":\"1.cm\",\"timeout\":59287,\"margin\":{\"top\":\"1.5cm\",\"right\":\"1.5cm\",\"left\":\"1.cm\"}}","meta":{"rootId":"snw457hx2n9fii0","id":"8pnppxmzvm1p2hp"},"id":"8h83ht4e2envmiz","previousOperationId":"fjoeemfnxixkk46"}
{"type":"operationEnd","operationId":"fjoeemfnxixkk46","timestamp":1675619343983,"id":"90d5ceyus8ge5u2","previousEventId":"nb83b17ce5hdiq3","previousOperationId":"fjoeemfnxixkk46"}
{"type":"log","timestamp":1675619343983,"level":"debug","message":"Skipping storing report.","meta":{"rootId":"snw457hx2n9fii0","id":"8pnppxmzvm1p2hp"},"id":"mmgn6sgn9qn94kr","previousOperationId":"fjoeemfnxixkk46"}
{"type":"log","timestamp":1675619343983,"level":"info","message":"Rendering (child) request finished in 941 ms","meta":{"rootId":"snw457hx2n9fii0","id":"8pnppxmzvm1p2hp"},"id":"hxg46awmhfneenj","previousOperationId":"fjoeemfnxixkk46"}
{"type":"operationEnd","subtype":"render","operationId":"hb7v7e831czbfbz","timestamp":1675619343983,"id":"l7swtdt0c5in9d2","previousEventId":"90d5ceyus8ge5u2","previousOperationId":"fjoeemfnxixkk46"}
{"type":"operationEnd","operationId":"e5q45y5tmcdjgyw","timestamp":1675619343991,"id":"ic6uq7p6cce1pwn","previousEventId":"nlxslzs0a1c9jvh","previousOperationId":"e5q45y5tmcdjgyw"}
{"type":"log","timestamp":1675619343991,"level":"debug","message":"pdf-utils postproces start","meta":{"rootId":"snw457hx2n9fii0","id":"snw457hx2n9fii0"},"id":"7cj44dt1addeyx7","previousOperationId":"e5q45y5tmcdjgyw"}
{"type":"log","timestamp":1675619344002,"level":"debug","message":"pdf-utils postproces end","meta":{"rootId":"snw457hx2n9fii0","id":"snw457hx2n9fii0"},"id":"rsqwoth14a5x3z8","previousOperationId":"e5q45y5tmcdjgyw"}
{"type":"operationEnd","operationId":"yja7c93oj3dsxtz","timestamp":1675619344002,"id":"gym2au2gumshqlg","previousEventId":"ic6uq7p6cce1pwn","previousOperationId":"e5q45y5tmcdjgyw"}
{"type":"log","timestamp":1675619344002,"level":"info","message":"pdf-utils pdf processing was finished","meta":{"rootId":"snw457hx2n9fii0","id":"snw457hx2n9fii0"},"id":"wxo66836nka00cs","previousOperationId":"yja7c93oj3dsxtz"}
{"type":"log","timestamp":1675619344003,"level":"debug","message":"Skipping storing report.","meta":{"rootId":"snw457hx2n9fii0","id":"snw457hx2n9fii0"},"id":"03gsgx95mn3vh5a","previousOperationId":"yja7c93oj3dsxtz"}
{"type":"log","timestamp":1675619344003,"level":"info","message":"Rendering request 14 finished in 961 ms","meta":{"rootId":"snw457hx2n9fii0","id":"snw457hx2n9fii0"},"id":"rs5oeo2osm9w0mk","previousOperationId":"yja7c93oj3dsxtz"}
{"type":"operationEnd","subtype":"render","operationId":"rxrc52ahpt7vuyo","timestamp":1675619344003,"id":"zlmfz4un1dv5kmn","previousEventId":"gym2au2gumshqlg","previousOperationId":"yja7c93oj3dsxtz"}
{"type":"operationEnd","doDiffs":false,"previousEventId":"pvy0xy46mcp4ipf","previousOperationId":"8zvd3qwlvm24150","operationId":"8zvd3qwlvm24150","timestamp":1675619344011,"id":"rlenn0cgq9p4ua3"}
