{"type":"operationStart","subtype":"profile","data":{"_id":"a7BPJfnbJyBCsQmf","timestamp":"2023-02-05T19:23:07.496Z","state":"queued","mode":"standard","creationDate":"2023-02-05T19:23:07.501Z","modificationDate":"2023-02-05T19:23:07.501Z","shortid":"xWV4dJ-","$entitySet":"profiles"},"doDiffs":false,"timestamp":1675624987497,"id":"o60rtwgmx5a7zds","previousOperationId":null,"operationId":"20bta6qvir8y7r2"}
{"type":"log","level":"info","message":"Render request 1 queued for execution and waiting for available worker","previousOperationId":"20bta6qvir8y7r2","timestamp":1675624987498,"id":"541uamgf2hd8k8n"}
{"type":"operationStart","subtype":"render","name":"orders-main","previousOperationId":"20bta6qvir8y7r2","timestamp":1675624987533,"id":"wfl0ozg5doa8ecl","previousEventId":"o60rtwgmx5a7zds","operationId":"asqk4t7tuecdmdf"}
{"type":"log","timestamp":1675624987534,"level":"info","message":"Starting rendering request 1","meta":{"rootId":"t8tihj9qj0mzulb","id":"t8tihj9qj0mzulb"},"id":"qi2t1vxfltxv1cd","previousOperationId":"asqk4t7tuecdmdf"}
{"type":"log","timestamp":1675624987536,"level":"info","message":"Rendering template { name: orders-main, recipe: chrome-pdf, engine: handlebars, preview: true }","meta":{"rootId":"t8tihj9qj0mzulb","id":"t8tihj9qj0mzulb"},"id":"rys0nwj4t0gzm2q","previousOperationId":"asqk4t7tuecdmdf"}
{"type":"log","timestamp":1675624987539,"level":"debug","message":"Data item not defined for this template.","meta":{"rootId":"t8tihj9qj0mzulb","id":"t8tihj9qj0mzulb"},"id":"rt45r8w9nx4xy3t","previousOperationId":"asqk4t7tuecdmdf"}
{"type":"log","timestamp":1675624987548,"level":"debug","message":"Executing script orders-script (beforeRender)","meta":{"rootId":"t8tihj9qj0mzulb","id":"t8tihj9qj0mzulb"},"id":"adn13las03dx4lh","previousOperationId":"asqk4t7tuecdmdf"}
{"type":"operationStart","subtype":"scriptsBeforeRender","name":"scripts beforeRender","timestamp":1675624987984,"id":"6vhyq4ob6cpm8ld","previousEventId":"wfl0ozg5doa8ecl","operationId":"mpz6up08j8mmf1k","previousOperationId":"asqk4t7tuecdmdf"}
{"type":"operationStart","subtype":"script","name":"scripts orders-script","previousOperationId":"mpz6up08j8mmf1k","timestamp":1675624987984,"id":"wh5z1s1bn50xm40","previousEventId":"6vhyq4ob6cpm8ld","operationId":"hykuo40m3fas8vs"}
{"type":"log","timestamp":1675624988296,"level":"debug","message":"(console:log) [ 2, 4 ]","meta":{"userLevel":true,"rootId":"t8tihj9qj0mzulb","id":"t8tihj9qj0mzulb"},"id":"kefhst536thu8j1","previousOperationId":"hykuo40m3fas8vs"}
{"type":"operationEnd","operationId":"hykuo40m3fas8vs","timestamp":1675624988297,"id":"jmblom9hc3kfcb5","previousEventId":"wfl0ozg5doa8ecl","previousOperationId":"asqk4t7tuecdmdf"}
{"type":"operationEnd","operationId":"mpz6up08j8mmf1k","timestamp":1675624988297,"id":"77v7cfre3e1tcl0","previousEventId":"jmblom9hc3kfcb5","previousOperationId":"asqk4t7tuecdmdf"}
{"type":"log","timestamp":1675624988297,"level":"debug","message":"Base url not specified, skipping its injection.","meta":{"rootId":"t8tihj9qj0mzulb","id":"t8tihj9qj0mzulb"},"id":"532vi9843912t2m","previousOperationId":"mpz6up08j8mmf1k"}
{"type":"operationStart","subtype":"engine","name":"handlebars","timestamp":1675624988298,"id":"7etj8zagzahqi43","previousEventId":"77v7cfre3e1tcl0","operationId":"8u8a2uesja9yk2t","previousOperationId":"mpz6up08j8mmf1k"}
{"type":"log","timestamp":1675624988298,"level":"debug","message":"Rendering engine handlebars","meta":{"rootId":"t8tihj9qj0mzulb","id":"t8tihj9qj0mzulb"},"id":"5spcl0ql5p7gduc","previousOperationId":"8u8a2uesja9yk2t"}
{"type":"operationEnd","operationId":"8u8a2uesja9yk2t","timestamp":1675624988657,"id":"3jdrcl6qqn5h1eh","previousEventId":"7etj8zagzahqi43","previousOperationId":"8u8a2uesja9yk2t"}
{"type":"operationStart","subtype":"recipe","name":"chrome-pdf","timestamp":1675624988658,"id":"iraxie2ipdmzrrw","previousEventId":"3jdrcl6qqn5h1eh","operationId":"hph0dhy5rwaxn92","previousOperationId":"8u8a2uesja9yk2t"}
{"type":"log","timestamp":1675624988658,"level":"debug","message":"Executing recipe chrome-pdf","meta":{"rootId":"t8tihj9qj0mzulb","id":"t8tihj9qj0mzulb"},"id":"iwet9eu416w5nn0","previousOperationId":"hph0dhy5rwaxn92"}
{"type":"log","timestamp":1675624989058,"level":"debug","message":"Converting with chrome HeadlessChrome/105.0.5173.0 using chrome-pool strategy","meta":{"rootId":"t8tihj9qj0mzulb","id":"t8tihj9qj0mzulb"},"id":"ro0lm2iyhq5poqq","previousOperationId":"hph0dhy5rwaxn92"}
{"type":"log","timestamp":1675624989265,"level":"debug","message":"Page request: GET (document) file:///C:/Users/pollo/AppData/Local/Temp/jsreport/autocleanup/82661deb-eba2-4369-bc49-ded85688eff2-chrome-pdf.html","meta":{"rootId":"t8tihj9qj0mzulb","id":"t8tihj9qj0mzulb"},"id":"5qnbjm00i3t2whf","previousOperationId":"hph0dhy5rwaxn92"}
{"type":"log","timestamp":1675624989278,"level":"debug","message":"Page request finished: GET (document) 200 file:///C:/Users/pollo/AppData/Local/Temp/jsreport/autocleanup/82661deb-eba2-4369-bc49-ded85688eff2-chrome-pdf.html","meta":{"rootId":"t8tihj9qj0mzulb","id":"t8tihj9qj0mzulb"},"id":"zwt6r4vcihm6y0e","previousOperationId":"hph0dhy5rwaxn92"}
{"type":"log","timestamp":1675624989278,"level":"debug","message":"Page request: GET (stylesheet) https://cdnjs.cloudflare.com/ajax/libs/metro/4.1.5/css/metro.min.css","meta":{"rootId":"t8tihj9qj0mzulb","id":"t8tihj9qj0mzulb"},"id":"itplq9bzzes06dk","previousOperationId":"hph0dhy5rwaxn92"}
{"type":"log","timestamp":1675624989278,"level":"debug","message":"Page request: GET (script) https://cdn.jsdelivr.net/npm/chart.js","meta":{"rootId":"t8tihj9qj0mzulb","id":"t8tihj9qj0mzulb"},"id":"lejt3988auu1mlu","previousOperationId":"hph0dhy5rwaxn92"}
{"type":"log","timestamp":1675624991840,"level":"debug","message":"Page request finished: GET (script) 200 https://cdn.jsdelivr.net/npm/chart.js","meta":{"rootId":"t8tihj9qj0mzulb","id":"t8tihj9qj0mzulb"},"id":"8k57jkanwkkm19j","previousOperationId":"hph0dhy5rwaxn92"}
{"type":"log","timestamp":1675624992307,"level":"debug","message":"Page request finished: GET (stylesheet) 200 https://cdnjs.cloudflare.com/ajax/libs/metro/4.1.5/css/metro.min.css","meta":{"rootId":"t8tihj9qj0mzulb","id":"t8tihj9qj0mzulb"},"id":"0znx5wt8nmf4wzr","previousOperationId":"hph0dhy5rwaxn92"}
{"type":"log","timestamp":1675624992313,"level":"warn","message":"Page error: SyntaxError: Unexpected identifier","meta":{"rootId":"t8tihj9qj0mzulb","id":"t8tihj9qj0mzulb"},"id":"orouclffyvywxzb","previousOperationId":"hph0dhy5rwaxn92"}
{"type":"log","timestamp":1675624992344,"level":"debug","message":"Running chrome with params {\"printBackground\":true,\"marginTop\":\"4cm\",\"marginRight\":\"1.5cm\",\"marginBottom\":\"1.5cm\",\"marginLeft\":\"1.5cm\",\"waitForJS\":false,\"timeout\":58614,\"margin\":{\"top\":\"4cm\",\"right\":\"1.5cm\",\"bottom\":\"1.5cm\",\"left\":\"1.5cm\"}}","meta":{"rootId":"t8tihj9qj0mzulb","id":"t8tihj9qj0mzulb"},"id":"v0zttxuldc3z13g","previousOperationId":"hph0dhy5rwaxn92"}
{"type":"operationEnd","operationId":"hph0dhy5rwaxn92","timestamp":1675624992428,"id":"c7uz8m0mma74s7l","previousEventId":"iraxie2ipdmzrrw","previousOperationId":"hph0dhy5rwaxn92"}
{"type":"log","timestamp":1675624992428,"level":"info","message":"pdf-utils is starting pdf processing","meta":{"rootId":"t8tihj9qj0mzulb","id":"t8tihj9qj0mzulb"},"id":"n0irk3qzw4gzgrp","previousOperationId":"hph0dhy5rwaxn92"}
{"type":"operationStart","subtype":"pdfUtils","name":"pdf utils","timestamp":1675624992678,"id":"yc1qmk3g55u1p2w","previousEventId":"c7uz8m0mma74s7l","operationId":"muurfd2pgc31d4w","previousOperationId":"hph0dhy5rwaxn92"}
{"type":"log","timestamp":1675624992678,"level":"debug","message":"pdf-utils detected 1 pdf operation(s) to process","meta":{"rootId":"t8tihj9qj0mzulb","id":"t8tihj9qj0mzulb"},"id":"vwdk5oeogld5ofa","previousOperationId":"muurfd2pgc31d4w"}
{"type":"log","timestamp":1675624992899,"level":"debug","message":"pdf-utils running pdf operation merge","meta":{"rootId":"t8tihj9qj0mzulb","id":"t8tihj9qj0mzulb"},"id":"26l5s0hyne3zyx2","previousOperationId":"muurfd2pgc31d4w"}
{"type":"operationStart","subtype":"pdfUtilsMerge","name":"pdf utils merge","previousOperationId":"muurfd2pgc31d4w","timestamp":1675624992899,"id":"whzanlfyna7sm6c","previousEventId":"yc1qmk3g55u1p2w","operationId":"s65nn7r2l8oa6yi"}
{"type":"operationStart","subtype":"render","name":"orders-header","previousOperationId":"s65nn7r2l8oa6yi","timestamp":1675624992904,"id":"3sx22l4dpfy87mo","previousEventId":"whzanlfyna7sm6c","operationId":"p3pilak8g04sucp"}
{"type":"log","timestamp":1675624992904,"level":"info","message":"Starting rendering (child) request","meta":{"rootId":"t8tihj9qj0mzulb","id":"lgdunh4orqjn4x2"},"id":"knil86094v0qjcz","previousOperationId":"p3pilak8g04sucp"}
{"type":"log","timestamp":1675624992904,"level":"info","message":"Rendering template { name: orders-header, recipe: chrome-pdf, engine: handlebars, preview: true }","meta":{"rootId":"t8tihj9qj0mzulb","id":"lgdunh4orqjn4x2"},"id":"fmg5ng6no34rms0","previousOperationId":"p3pilak8g04sucp"}
{"type":"log","timestamp":1675624992911,"level":"debug","message":"Inline data specified.","meta":{"rootId":"t8tihj9qj0mzulb","id":"lgdunh4orqjn4x2"},"id":"7dqrk9kxrz6ulke","previousOperationId":"p3pilak8g04sucp"}
{"type":"log","timestamp":1675624992914,"level":"debug","message":"Base url not specified, skipping its injection.","meta":{"rootId":"t8tihj9qj0mzulb","id":"lgdunh4orqjn4x2"},"id":"v42jxaxncdn05j4","previousOperationId":"p3pilak8g04sucp"}
{"type":"operationStart","subtype":"engine","name":"handlebars","timestamp":1675624992915,"id":"gw85aewls2st4d9","previousEventId":"3sx22l4dpfy87mo","operationId":"4ve8ypvqsevg7rq","previousOperationId":"p3pilak8g04sucp"}
{"type":"log","timestamp":1675624992915,"level":"debug","message":"Rendering engine handlebars","meta":{"rootId":"t8tihj9qj0mzulb","id":"lgdunh4orqjn4x2"},"id":"v7hlqdgl35p741x","previousOperationId":"4ve8ypvqsevg7rq"}
{"type":"operationEnd","operationId":"4ve8ypvqsevg7rq","timestamp":1675624992971,"id":"70j38f6bj22b6is","previousEventId":"gw85aewls2st4d9","previousOperationId":"4ve8ypvqsevg7rq"}
{"type":"operationStart","subtype":"recipe","name":"chrome-pdf","timestamp":1675624992971,"id":"4abn36wbk08irpg","previousEventId":"70j38f6bj22b6is","operationId":"8ds07mwgo6kdvxe","previousOperationId":"4ve8ypvqsevg7rq"}
{"type":"log","timestamp":1675624992971,"level":"debug","message":"Executing recipe chrome-pdf","meta":{"rootId":"t8tihj9qj0mzulb","id":"lgdunh4orqjn4x2"},"id":"92p5vfv1d6q0wws","previousOperationId":"8ds07mwgo6kdvxe"}
{"type":"log","timestamp":1675624992975,"level":"debug","message":"Converting with chrome HeadlessChrome/105.0.5173.0 using chrome-pool strategy","meta":{"rootId":"t8tihj9qj0mzulb","id":"lgdunh4orqjn4x2"},"id":"c99u795u8oq4bwv","previousOperationId":"8ds07mwgo6kdvxe"}
{"type":"log","timestamp":1675624993087,"level":"debug","message":"Page request: GET (document) file:///C:/Users/pollo/AppData/Local/Temp/jsreport/autocleanup/75d4cdd7-e2b1-4348-9757-b983aa7dbccd-chrome-pdf.html","meta":{"rootId":"t8tihj9qj0mzulb","id":"lgdunh4orqjn4x2"},"id":"nt9646xi0tqg6lz","previousOperationId":"8ds07mwgo6kdvxe"}
{"type":"log","timestamp":1675624993096,"level":"debug","message":"Page request finished: GET (document) 200 file:///C:/Users/pollo/AppData/Local/Temp/jsreport/autocleanup/75d4cdd7-e2b1-4348-9757-b983aa7dbccd-chrome-pdf.html","meta":{"rootId":"t8tihj9qj0mzulb","id":"lgdunh4orqjn4x2"},"id":"coy3jbznhq9t70h","previousOperationId":"8ds07mwgo6kdvxe"}
{"type":"log","timestamp":1675624993096,"level":"debug","message":"Page request: GET (stylesheet) https://cdnjs.cloudflare.com/ajax/libs/metro/4.1.5/css/metro.min.css","meta":{"rootId":"t8tihj9qj0mzulb","id":"lgdunh4orqjn4x2"},"id":"wfjr6grphis86wr","previousOperationId":"8ds07mwgo6kdvxe"}
{"type":"log","timestamp":1675624993119,"level":"debug","message":"Page request finished: GET (stylesheet) 200 https://cdnjs.cloudflare.com/ajax/libs/metro/4.1.5/css/metro.min.css","meta":{"rootId":"t8tihj9qj0mzulb","id":"lgdunh4orqjn4x2"},"id":"z052l0wp8qa81lc","previousOperationId":"8ds07mwgo6kdvxe"}
{"type":"log","timestamp":1675624993144,"level":"debug","message":"Running chrome with params {\"printBackground\":true,\"marginTop\":\"1.5cm\",\"marginRight\":\"1.5cm\",\"marginLeft\":\"1.cm\",\"timeout\":54522,\"margin\":{\"top\":\"1.5cm\",\"right\":\"1.5cm\",\"left\":\"1.cm\"}}","meta":{"rootId":"t8tihj9qj0mzulb","id":"lgdunh4orqjn4x2"},"id":"wxu4q8w48oym5lf","previousOperationId":"8ds07mwgo6kdvxe"}
{"type":"operationEnd","operationId":"8ds07mwgo6kdvxe","timestamp":1675624993212,"id":"rzx04njfc3uvux5","previousEventId":"4abn36wbk08irpg","previousOperationId":"8ds07mwgo6kdvxe"}
{"type":"log","timestamp":1675624993213,"level":"debug","message":"Skipping storing report.","meta":{"rootId":"t8tihj9qj0mzulb","id":"lgdunh4orqjn4x2"},"id":"bpem0c27oluauor","previousOperationId":"8ds07mwgo6kdvxe"}
{"type":"log","timestamp":1675624993214,"level":"info","message":"Rendering (child) request finished in 5719 ms","meta":{"rootId":"t8tihj9qj0mzulb","id":"lgdunh4orqjn4x2"},"id":"6ncdxemg0dzsrt5","previousOperationId":"8ds07mwgo6kdvxe"}
{"type":"operationEnd","subtype":"render","operationId":"p3pilak8g04sucp","timestamp":1675624993214,"id":"sz89hgqxjkbp3oa","previousEventId":"rzx04njfc3uvux5","previousOperationId":"8ds07mwgo6kdvxe"}
{"type":"operationEnd","operationId":"s65nn7r2l8oa6yi","timestamp":1675624993231,"id":"q5cruushp0bzikc","previousEventId":"whzanlfyna7sm6c","previousOperationId":"s65nn7r2l8oa6yi"}
{"type":"log","timestamp":1675624993231,"level":"debug","message":"pdf-utils postproces start","meta":{"rootId":"t8tihj9qj0mzulb","id":"t8tihj9qj0mzulb"},"id":"pqrmor9z6f0eakf","previousOperationId":"s65nn7r2l8oa6yi"}
{"type":"log","timestamp":1675624993246,"level":"debug","message":"pdf-utils postproces end","meta":{"rootId":"t8tihj9qj0mzulb","id":"t8tihj9qj0mzulb"},"id":"pe62hwnal9qc0xe","previousOperationId":"s65nn7r2l8oa6yi"}
{"type":"operationEnd","operationId":"muurfd2pgc31d4w","timestamp":1675624993246,"id":"rgpvfapwtyc298i","previousEventId":"q5cruushp0bzikc","previousOperationId":"s65nn7r2l8oa6yi"}
{"type":"log","timestamp":1675624993246,"level":"info","message":"pdf-utils pdf processing was finished","meta":{"rootId":"t8tihj9qj0mzulb","id":"t8tihj9qj0mzulb"},"id":"e1yekup2hyzprgt","previousOperationId":"muurfd2pgc31d4w"}
{"type":"log","timestamp":1675624993246,"level":"debug","message":"Skipping storing report.","meta":{"rootId":"t8tihj9qj0mzulb","id":"t8tihj9qj0mzulb"},"id":"lr6udzjef4nscu6","previousOperationId":"muurfd2pgc31d4w"}
{"type":"log","timestamp":1675624993247,"level":"info","message":"Rendering request 1 finished in 5752 ms","meta":{"rootId":"t8tihj9qj0mzulb","id":"t8tihj9qj0mzulb"},"id":"jib8fvbysjzybtw","previousOperationId":"muurfd2pgc31d4w"}
{"type":"operationEnd","subtype":"render","operationId":"asqk4t7tuecdmdf","timestamp":1675624993247,"id":"1igv1xaoyznfcme","previousEventId":"rgpvfapwtyc298i","previousOperationId":"muurfd2pgc31d4w"}
{"type":"operationEnd","doDiffs":false,"previousEventId":"o60rtwgmx5a7zds","previousOperationId":"20bta6qvir8y7r2","operationId":"20bta6qvir8y7r2","timestamp":1675624993261,"id":"3j9y1kzresxatvy"}
