{"type":"operationStart","subtype":"profile","data":{"_id":"HT9R21aWjHoapsZd","timestamp":"2023-02-03T17:47:04.188Z","state":"queued","mode":"standard","creationDate":"2023-02-03T17:47:04.190Z","modificationDate":"2023-02-03T17:47:04.190Z","shortid":"VV4geTQ","$entitySet":"profiles"},"doDiffs":false,"timestamp":1675446424189,"id":"w23vvck4np1hrwp","previousOperationId":null,"operationId":"lk8h8jn4cabtw9k"}
{"type":"log","level":"info","message":"Render request 10 queued for execution and waiting for available worker","previousOperationId":"lk8h8jn4cabtw9k","timestamp":1675446424189,"id":"vmudma1e6rmfx9k"}
{"type":"operationStart","subtype":"render","name":"orders-main","previousOperationId":"lk8h8jn4cabtw9k","timestamp":1675446424200,"id":"dslonul04ou0rpf","previousEventId":"w23vvck4np1hrwp","operationId":"kv13kz756jflw7p"}
{"type":"log","timestamp":1675446424200,"level":"info","message":"Starting rendering request 10","meta":{"rootId":"tnu14ddl5j7lst3","id":"tnu14ddl5j7lst3"},"id":"30fezitcujmpao7","previousOperationId":"kv13kz756jflw7p"}
{"type":"log","timestamp":1675446424200,"level":"info","message":"Rendering template { name: orders-main, recipe: chrome-pdf, engine: handlebars, preview: true }","meta":{"rootId":"tnu14ddl5j7lst3","id":"tnu14ddl5j7lst3"},"id":"ygptaz09w61uzvr","previousOperationId":"kv13kz756jflw7p"}
{"type":"log","timestamp":1675446424201,"level":"debug","message":"Data item not defined for this template.","meta":{"rootId":"tnu14ddl5j7lst3","id":"tnu14ddl5j7lst3"},"id":"0wyljnn7a1b28ca","previousOperationId":"kv13kz756jflw7p"}
{"type":"log","timestamp":1675446424205,"level":"debug","message":"Executing script orders-script (beforeRender)","meta":{"rootId":"tnu14ddl5j7lst3","id":"tnu14ddl5j7lst3"},"id":"kmxyhlq1tpoq8xq","previousOperationId":"kv13kz756jflw7p"}
{"type":"operationStart","subtype":"scriptsBeforeRender","name":"scripts beforeRender","timestamp":1675446424237,"id":"nwukipkcvswfjak","previousEventId":"dslonul04ou0rpf","operationId":"ufhz9j4ojbuplje","previousOperationId":"kv13kz756jflw7p"}
{"type":"operationStart","subtype":"script","name":"scripts orders-script","previousOperationId":"ufhz9j4ojbuplje","timestamp":1675446424237,"id":"28cyguvo7o4g1x3","previousEventId":"nwukipkcvswfjak","operationId":"hqr7r1fiji2k99l"}
{"type":"log","timestamp":1675446424483,"level":"debug","message":"(console:log) {\n  data: [\n    {\n      id: 1,\n      name: 'Antonio',\n      description: 'Aclamado director de la Orquesta Filarmónica de Gran Canaria'\n    },\n    {\n      id: 3,\n      name: 'Juana de Armas',\n      description: 'Aclamada directora de la Orquesta Filarmónica de Gran Canaria'\n    }\n  ]\n}","meta":{"userLevel":true,"rootId":"tnu14ddl5j7lst3","id":"tnu14ddl5j7lst3"},"id":"trxe45m472fwdxo","previousOperationId":"hqr7r1fiji2k99l"}
{"type":"operationEnd","operationId":"hqr7r1fiji2k99l","timestamp":1675446424484,"id":"zkg6by0x01gywzf","previousEventId":"dslonul04ou0rpf","previousOperationId":"kv13kz756jflw7p"}
{"type":"operationEnd","operationId":"ufhz9j4ojbuplje","timestamp":1675446424484,"id":"gqc4f3k549og51i","previousEventId":"zkg6by0x01gywzf","previousOperationId":"kv13kz756jflw7p"}
{"type":"log","timestamp":1675446424484,"level":"debug","message":"Base url not specified, skipping its injection.","meta":{"rootId":"tnu14ddl5j7lst3","id":"tnu14ddl5j7lst3"},"id":"52tzid6vdz8ufzl","previousOperationId":"ufhz9j4ojbuplje"}
{"type":"operationStart","subtype":"engine","name":"handlebars","timestamp":1675446424484,"id":"n23mjtp819xq7uq","previousEventId":"gqc4f3k549og51i","operationId":"mlxgsz5qmhg2hv6","previousOperationId":"ufhz9j4ojbuplje"}
{"type":"log","timestamp":1675446424484,"level":"debug","message":"Rendering engine handlebars","meta":{"rootId":"tnu14ddl5j7lst3","id":"tnu14ddl5j7lst3"},"id":"3r54am8vovqksvl","previousOperationId":"mlxgsz5qmhg2hv6"}
{"type":"operationEnd","operationId":"mlxgsz5qmhg2hv6","timestamp":1675446424496,"id":"vs65df65282ftih","previousEventId":"n23mjtp819xq7uq","previousOperationId":"mlxgsz5qmhg2hv6"}
{"type":"operationStart","subtype":"recipe","name":"chrome-pdf","timestamp":1675446424497,"id":"wual53eifcjkjxs","previousEventId":"vs65df65282ftih","operationId":"29i4yuu4kfhrn5p","previousOperationId":"mlxgsz5qmhg2hv6"}
{"type":"log","timestamp":1675446424497,"level":"debug","message":"Executing recipe chrome-pdf","meta":{"rootId":"tnu14ddl5j7lst3","id":"tnu14ddl5j7lst3"},"id":"89e7ix67q93j9aa","previousOperationId":"29i4yuu4kfhrn5p"}
{"type":"log","timestamp":1675446424499,"level":"debug","message":"Converting with chrome HeadlessChrome/105.0.5173.0 using chrome-pool strategy","meta":{"rootId":"tnu14ddl5j7lst3","id":"tnu14ddl5j7lst3"},"id":"9z5x270jw5yp7wj","previousOperationId":"29i4yuu4kfhrn5p"}
{"type":"log","timestamp":1675446424597,"level":"debug","message":"Page request: GET (document) file:///C:/Users/pollo/AppData/Local/Temp/jsreport/autocleanup/27530b24-c8e0-4077-a297-082785a8f40b-chrome-pdf.html","meta":{"rootId":"tnu14ddl5j7lst3","id":"tnu14ddl5j7lst3"},"id":"zxjvufzfus5p4ld","previousOperationId":"29i4yuu4kfhrn5p"}
{"type":"log","timestamp":1675446424607,"level":"debug","message":"Page request finished: GET (document) 200 file:///C:/Users/pollo/AppData/Local/Temp/jsreport/autocleanup/27530b24-c8e0-4077-a297-082785a8f40b-chrome-pdf.html","meta":{"rootId":"tnu14ddl5j7lst3","id":"tnu14ddl5j7lst3"},"id":"eezxw58pa9e2b4t","previousOperationId":"29i4yuu4kfhrn5p"}
{"type":"log","timestamp":1675446424607,"level":"debug","message":"Page request: GET (stylesheet) https://cdnjs.cloudflare.com/ajax/libs/metro/4.1.5/css/metro.min.css","meta":{"rootId":"tnu14ddl5j7lst3","id":"tnu14ddl5j7lst3"},"id":"phb58nhwo6z7mhf","previousOperationId":"29i4yuu4kfhrn5p"}
{"type":"log","timestamp":1675446424608,"level":"debug","message":"Page request: GET (script) https://cdnjs.cloudflare.com/ajax/libs/Chart.js/2.7.2/Chart.min.js","meta":{"rootId":"tnu14ddl5j7lst3","id":"tnu14ddl5j7lst3"},"id":"911nlwgdzk8djli","previousOperationId":"29i4yuu4kfhrn5p"}
{"type":"log","timestamp":1675446424614,"level":"debug","message":"Page request finished: GET (script) 200 https://cdnjs.cloudflare.com/ajax/libs/Chart.js/2.7.2/Chart.min.js","meta":{"rootId":"tnu14ddl5j7lst3","id":"tnu14ddl5j7lst3"},"id":"gqguiz5ra0ebzei","previousOperationId":"29i4yuu4kfhrn5p"}
{"type":"log","timestamp":1675446424631,"level":"debug","message":"Page request finished: GET (stylesheet) 200 https://cdnjs.cloudflare.com/ajax/libs/metro/4.1.5/css/metro.min.css","meta":{"rootId":"tnu14ddl5j7lst3","id":"tnu14ddl5j7lst3"},"id":"lcibu2rwbkzikh3","previousOperationId":"29i4yuu4kfhrn5p"}
{"type":"log","timestamp":1675446424658,"level":"debug","message":"Running chrome with params {\"printBackground\":true,\"marginTop\":\"4cm\",\"marginRight\":\"1.5cm\",\"marginBottom\":\"1.5cm\",\"marginLeft\":\"1.5cm\",\"waitForJS\":false,\"timeout\":59690,\"margin\":{\"top\":\"4cm\",\"right\":\"1.5cm\",\"bottom\":\"1.5cm\",\"left\":\"1.5cm\"}}","meta":{"rootId":"tnu14ddl5j7lst3","id":"tnu14ddl5j7lst3"},"id":"44dhdx74oertbw4","previousOperationId":"29i4yuu4kfhrn5p"}
{"type":"operationEnd","operationId":"29i4yuu4kfhrn5p","timestamp":1675446424716,"id":"rro24axv5obtsh7","previousEventId":"wual53eifcjkjxs","previousOperationId":"29i4yuu4kfhrn5p"}
{"type":"log","timestamp":1675446424716,"level":"info","message":"pdf-utils is starting pdf processing","meta":{"rootId":"tnu14ddl5j7lst3","id":"tnu14ddl5j7lst3"},"id":"kz2zubtmds33bst","previousOperationId":"29i4yuu4kfhrn5p"}
{"type":"operationStart","subtype":"pdfUtils","name":"pdf utils","timestamp":1675446424716,"id":"lf5oqq8x9sdnq8u","previousEventId":"rro24axv5obtsh7","operationId":"ecmy4rzydepxyko","previousOperationId":"29i4yuu4kfhrn5p"}
{"type":"log","timestamp":1675446424716,"level":"debug","message":"pdf-utils detected 1 pdf operation(s) to process","meta":{"rootId":"tnu14ddl5j7lst3","id":"tnu14ddl5j7lst3"},"id":"3go0k7l77zpyj14","previousOperationId":"ecmy4rzydepxyko"}
{"type":"log","timestamp":1675446424732,"level":"debug","message":"pdf-utils running pdf operation merge","meta":{"rootId":"tnu14ddl5j7lst3","id":"tnu14ddl5j7lst3"},"id":"apz7xj4279cgv8t","previousOperationId":"ecmy4rzydepxyko"}
{"type":"operationStart","subtype":"pdfUtilsMerge","name":"pdf utils merge","previousOperationId":"ecmy4rzydepxyko","timestamp":1675446424732,"id":"ywemmzdcgny3edm","previousEventId":"lf5oqq8x9sdnq8u","operationId":"kabgylv27uq57wq"}
{"type":"operationStart","subtype":"render","name":"orders-header","previousOperationId":"kabgylv27uq57wq","timestamp":1675446424734,"id":"v78ipqmu6zsh5cf","previousEventId":"ywemmzdcgny3edm","operationId":"t4smwrahem7oaoh"}
{"type":"log","timestamp":1675446424734,"level":"info","message":"Starting rendering (child) request","meta":{"rootId":"tnu14ddl5j7lst3","id":"r1cd2ykxql40674"},"id":"6wcb7p5h72j0x0g","previousOperationId":"t4smwrahem7oaoh"}
{"type":"log","timestamp":1675446424734,"level":"info","message":"Rendering template { name: orders-header, recipe: chrome-pdf, engine: handlebars, preview: true }","meta":{"rootId":"tnu14ddl5j7lst3","id":"r1cd2ykxql40674"},"id":"8gorxhlzrbnabi8","previousOperationId":"t4smwrahem7oaoh"}
{"type":"log","timestamp":1675446424735,"level":"debug","message":"Inline data specified.","meta":{"rootId":"tnu14ddl5j7lst3","id":"r1cd2ykxql40674"},"id":"tmtahy3cibcxfj0","previousOperationId":"t4smwrahem7oaoh"}
{"type":"log","timestamp":1675446424739,"level":"debug","message":"Base url not specified, skipping its injection.","meta":{"rootId":"tnu14ddl5j7lst3","id":"r1cd2ykxql40674"},"id":"05393odrvljuupu","previousOperationId":"t4smwrahem7oaoh"}
{"type":"operationStart","subtype":"engine","name":"handlebars","timestamp":1675446424739,"id":"bawtxj8tlbev8e9","previousEventId":"v78ipqmu6zsh5cf","operationId":"ljr2iuq5v4w5lyg","previousOperationId":"t4smwrahem7oaoh"}
{"type":"log","timestamp":1675446424739,"level":"debug","message":"Rendering engine handlebars","meta":{"rootId":"tnu14ddl5j7lst3","id":"r1cd2ykxql40674"},"id":"e53lu1e5f4vzfhj","previousOperationId":"ljr2iuq5v4w5lyg"}
{"type":"operationEnd","operationId":"ljr2iuq5v4w5lyg","timestamp":1675446424756,"id":"nsk9603463s0bl7","previousEventId":"bawtxj8tlbev8e9","previousOperationId":"ljr2iuq5v4w5lyg"}
{"type":"operationStart","subtype":"recipe","name":"chrome-pdf","timestamp":1675446424756,"id":"y1nzcn6rno5iqbv","previousEventId":"nsk9603463s0bl7","operationId":"jqez4zm40ol99n6","previousOperationId":"ljr2iuq5v4w5lyg"}
{"type":"log","timestamp":1675446424756,"level":"debug","message":"Executing recipe chrome-pdf","meta":{"rootId":"tnu14ddl5j7lst3","id":"r1cd2ykxql40674"},"id":"5jkjc6mbz1i46lh","previousOperationId":"jqez4zm40ol99n6"}
{"type":"log","timestamp":1675446424758,"level":"debug","message":"Converting with chrome HeadlessChrome/105.0.5173.0 using chrome-pool strategy","meta":{"rootId":"tnu14ddl5j7lst3","id":"r1cd2ykxql40674"},"id":"6qs25vqu8eqxcel","previousOperationId":"jqez4zm40ol99n6"}
{"type":"log","timestamp":1675446424857,"level":"debug","message":"Page request: GET (document) file:///C:/Users/pollo/AppData/Local/Temp/jsreport/autocleanup/3a5b1729-e55b-44f4-9d28-6b19ca907861-chrome-pdf.html","meta":{"rootId":"tnu14ddl5j7lst3","id":"r1cd2ykxql40674"},"id":"gi78m1t8gme3wox","previousOperationId":"jqez4zm40ol99n6"}
{"type":"log","timestamp":1675446424867,"level":"debug","message":"Page request finished: GET (document) 200 file:///C:/Users/pollo/AppData/Local/Temp/jsreport/autocleanup/3a5b1729-e55b-44f4-9d28-6b19ca907861-chrome-pdf.html","meta":{"rootId":"tnu14ddl5j7lst3","id":"r1cd2ykxql40674"},"id":"08p1ogx8roceuog","previousOperationId":"jqez4zm40ol99n6"}
{"type":"log","timestamp":1675446424867,"level":"debug","message":"Page request: GET (stylesheet) https://cdnjs.cloudflare.com/ajax/libs/metro/4.1.5/css/metro.min.css","meta":{"rootId":"tnu14ddl5j7lst3","id":"r1cd2ykxql40674"},"id":"7jq0xhhdtclb4gd","previousOperationId":"jqez4zm40ol99n6"}
{"type":"log","timestamp":1675446424889,"level":"debug","message":"Page request finished: GET (stylesheet) 200 https://cdnjs.cloudflare.com/ajax/libs/metro/4.1.5/css/metro.min.css","meta":{"rootId":"tnu14ddl5j7lst3","id":"r1cd2ykxql40674"},"id":"rv7pzk9te30s2ux","previousOperationId":"jqez4zm40ol99n6"}
{"type":"log","timestamp":1675446424909,"level":"debug","message":"Running chrome with params {\"printBackground\":true,\"marginTop\":\"1.5cm\",\"marginRight\":\"1.5cm\",\"marginLeft\":\"1.cm\",\"timeout\":59430,\"margin\":{\"top\":\"1.5cm\",\"right\":\"1.5cm\",\"left\":\"1.cm\"}}","meta":{"rootId":"tnu14ddl5j7lst3","id":"r1cd2ykxql40674"},"id":"2v31u526geo8755","previousOperationId":"jqez4zm40ol99n6"}
{"type":"operationEnd","operationId":"jqez4zm40ol99n6","timestamp":1675446424971,"id":"7sm6ffj7jm3uovq","previousEventId":"y1nzcn6rno5iqbv","previousOperationId":"jqez4zm40ol99n6"}
{"type":"log","timestamp":1675446424971,"level":"debug","message":"Skipping storing report.","meta":{"rootId":"tnu14ddl5j7lst3","id":"r1cd2ykxql40674"},"id":"4uq2j1icl0ujlg6","previousOperationId":"jqez4zm40ol99n6"}
{"type":"log","timestamp":1675446424971,"level":"info","message":"Rendering (child) request finished in 783 ms","meta":{"rootId":"tnu14ddl5j7lst3","id":"r1cd2ykxql40674"},"id":"magscodusyji19j","previousOperationId":"jqez4zm40ol99n6"}
{"type":"operationEnd","subtype":"render","operationId":"t4smwrahem7oaoh","timestamp":1675446424972,"id":"l4v82hocs8jdpnj","previousEventId":"7sm6ffj7jm3uovq","previousOperationId":"jqez4zm40ol99n6"}
{"type":"operationEnd","operationId":"kabgylv27uq57wq","timestamp":1675446424976,"id":"2av4tmwl6wxpgcf","previousEventId":"ywemmzdcgny3edm","previousOperationId":"kabgylv27uq57wq"}
{"type":"log","timestamp":1675446424976,"level":"debug","message":"pdf-utils postproces start","meta":{"rootId":"tnu14ddl5j7lst3","id":"tnu14ddl5j7lst3"},"id":"b6z2iz9mja53r52","previousOperationId":"kabgylv27uq57wq"}
{"type":"log","timestamp":1675446424983,"level":"debug","message":"pdf-utils postproces end","meta":{"rootId":"tnu14ddl5j7lst3","id":"tnu14ddl5j7lst3"},"id":"rou197hc8fatgfo","previousOperationId":"kabgylv27uq57wq"}
{"type":"operationEnd","operationId":"ecmy4rzydepxyko","timestamp":1675446424983,"id":"91a4h2hmrno1k2e","previousEventId":"2av4tmwl6wxpgcf","previousOperationId":"kabgylv27uq57wq"}
{"type":"log","timestamp":1675446424984,"level":"info","message":"pdf-utils pdf processing was finished","meta":{"rootId":"tnu14ddl5j7lst3","id":"tnu14ddl5j7lst3"},"id":"fpn2bzjae56cqol","previousOperationId":"ecmy4rzydepxyko"}
{"type":"log","timestamp":1675446424984,"level":"debug","message":"Skipping storing report.","meta":{"rootId":"tnu14ddl5j7lst3","id":"tnu14ddl5j7lst3"},"id":"rxa6ryx27eqcbcz","previousOperationId":"ecmy4rzydepxyko"}
{"type":"log","timestamp":1675446424984,"level":"info","message":"Rendering request 10 finished in 796 ms","meta":{"rootId":"tnu14ddl5j7lst3","id":"tnu14ddl5j7lst3"},"id":"r0ocnyhqlnv626y","previousOperationId":"ecmy4rzydepxyko"}
{"type":"operationEnd","subtype":"render","operationId":"kv13kz756jflw7p","timestamp":1675446424984,"id":"l0xznawigfboabi","previousEventId":"91a4h2hmrno1k2e","previousOperationId":"ecmy4rzydepxyko"}
{"type":"operationEnd","doDiffs":false,"previousEventId":"w23vvck4np1hrwp","previousOperationId":"lk8h8jn4cabtw9k","operationId":"lk8h8jn4cabtw9k","timestamp":1675446424994,"id":"ssf34czkwjd5x47"}
