{"type":"operationStart","subtype":"profile","data":{"_id":"TxKEYwU3OW5Pd0if","timestamp":"2023-02-03T18:42:52.890Z","state":"queued","mode":"standard","creationDate":"2023-02-03T18:42:52.892Z","modificationDate":"2023-02-03T18:42:52.892Z","shortid":"u8WuHKp","$entitySet":"profiles"},"doDiffs":false,"timestamp":1675449772891,"id":"exd35219zi1lsru","previousOperationId":null,"operationId":"c7i7nvtw1cqlfoz"}
{"type":"log","level":"info","message":"Render request 15 queued for execution and waiting for available worker","previousOperationId":"c7i7nvtw1cqlfoz","timestamp":1675449772891,"id":"vrsfuztzdbo8bzx"}
{"type":"operationStart","subtype":"render","name":"orders-main","previousOperationId":"c7i7nvtw1cqlfoz","timestamp":1675449772901,"id":"gz4178uiwpoi2qp","previousEventId":"exd35219zi1lsru","operationId":"ts7qijet5upm1xa"}
{"type":"log","timestamp":1675449772901,"level":"info","message":"Starting rendering request 15","meta":{"rootId":"u1scf02i4903l17","id":"u1scf02i4903l17"},"id":"6netz673r3nzal0","previousOperationId":"ts7qijet5upm1xa"}
{"type":"log","timestamp":1675449772901,"level":"info","message":"Rendering template { name: orders-main, recipe: chrome-pdf, engine: handlebars, preview: true }","meta":{"rootId":"u1scf02i4903l17","id":"u1scf02i4903l17"},"id":"bd9fo9dxnhbzilv","previousOperationId":"ts7qijet5upm1xa"}
{"type":"log","timestamp":1675449772902,"level":"debug","message":"Data item not defined for this template.","meta":{"rootId":"u1scf02i4903l17","id":"u1scf02i4903l17"},"id":"2y237qw7nfzt7is","previousOperationId":"ts7qijet5upm1xa"}
{"type":"log","timestamp":1675449772904,"level":"debug","message":"Executing script orders-script (beforeRender)","meta":{"rootId":"u1scf02i4903l17","id":"u1scf02i4903l17"},"id":"fgzhy9t7nweeax6","previousOperationId":"ts7qijet5upm1xa"}
{"type":"operationStart","subtype":"scriptsBeforeRender","name":"scripts beforeRender","timestamp":1675449772931,"id":"unvo9xmuwtuno7v","previousEventId":"gz4178uiwpoi2qp","operationId":"ox0pte7703ptf4r","previousOperationId":"ts7qijet5upm1xa"}
{"type":"operationStart","subtype":"script","name":"scripts orders-script","previousOperationId":"ox0pte7703ptf4r","timestamp":1675449772931,"id":"dydp7xhr9dvfycc","previousEventId":"unvo9xmuwtuno7v","operationId":"5gv2ok0nkzmtmpt"}
{"type":"log","timestamp":1675449773182,"level":"debug","message":"(console:log) {\n  data: [\n    {\n      id: 1,\n      name: 'Antonio',\n      description: 'Aclamado director de la Orquesta Filarmónica de Gran Canaria'\n    },\n    {\n      id: 3,\n      name: 'Juana de Armas',\n      description: 'Aclamada directora de la Orquesta Filarmónica de Gran Canaria'\n    }\n  ]\n}","meta":{"userLevel":true,"rootId":"u1scf02i4903l17","id":"u1scf02i4903l17"},"id":"szmg0e1wnkfm9s0","previousOperationId":"5gv2ok0nkzmtmpt"}
{"type":"operationEnd","operationId":"5gv2ok0nkzmtmpt","timestamp":1675449773182,"id":"349k0lok4we0rwb","previousEventId":"gz4178uiwpoi2qp","previousOperationId":"ts7qijet5upm1xa"}
{"type":"operationEnd","operationId":"ox0pte7703ptf4r","timestamp":1675449773182,"id":"lchn15eb3sdz3zk","previousEventId":"349k0lok4we0rwb","previousOperationId":"ts7qijet5upm1xa"}
{"type":"log","timestamp":1675449773182,"level":"debug","message":"Base url not specified, skipping its injection.","meta":{"rootId":"u1scf02i4903l17","id":"u1scf02i4903l17"},"id":"zm0458x4vzkm741","previousOperationId":"ox0pte7703ptf4r"}
{"type":"operationStart","subtype":"engine","name":"handlebars","timestamp":1675449773182,"id":"9nu9dh9heg8a6z9","previousEventId":"lchn15eb3sdz3zk","operationId":"qdcivggzt5nj5en","previousOperationId":"ox0pte7703ptf4r"}
{"type":"log","timestamp":1675449773182,"level":"debug","message":"Rendering engine handlebars","meta":{"rootId":"u1scf02i4903l17","id":"u1scf02i4903l17"},"id":"pp57xpdly7zf1ju","previousOperationId":"qdcivggzt5nj5en"}
{"type":"operationEnd","operationId":"qdcivggzt5nj5en","timestamp":1675449773198,"id":"fk7m7i60dj3i6xu","previousEventId":"9nu9dh9heg8a6z9","previousOperationId":"qdcivggzt5nj5en"}
{"type":"operationStart","subtype":"recipe","name":"chrome-pdf","timestamp":1675449773199,"id":"aslx6483apdnkuq","previousEventId":"fk7m7i60dj3i6xu","operationId":"n6gojoovtnvib9w","previousOperationId":"qdcivggzt5nj5en"}
{"type":"log","timestamp":1675449773199,"level":"debug","message":"Executing recipe chrome-pdf","meta":{"rootId":"u1scf02i4903l17","id":"u1scf02i4903l17"},"id":"gsu2nxfy58kdkzt","previousOperationId":"n6gojoovtnvib9w"}
{"type":"log","timestamp":1675449773202,"level":"debug","message":"Converting with chrome HeadlessChrome/105.0.5173.0 using chrome-pool strategy","meta":{"rootId":"u1scf02i4903l17","id":"u1scf02i4903l17"},"id":"u28olbghpav7p65","previousOperationId":"n6gojoovtnvib9w"}
{"type":"log","timestamp":1675449773306,"level":"debug","message":"Page request: GET (document) file:///C:/Users/pollo/AppData/Local/Temp/jsreport/autocleanup/99fbfc29-708e-4d46-8677-73bf3d35a324-chrome-pdf.html","meta":{"rootId":"u1scf02i4903l17","id":"u1scf02i4903l17"},"id":"lhmjlj6f9qv6u47","previousOperationId":"n6gojoovtnvib9w"}
{"type":"log","timestamp":1675449773322,"level":"debug","message":"Page request finished: GET (document) 200 file:///C:/Users/pollo/AppData/Local/Temp/jsreport/autocleanup/99fbfc29-708e-4d46-8677-73bf3d35a324-chrome-pdf.html","meta":{"rootId":"u1scf02i4903l17","id":"u1scf02i4903l17"},"id":"kr849u0st4zimj8","previousOperationId":"n6gojoovtnvib9w"}
{"type":"log","timestamp":1675449773323,"level":"debug","message":"Page request: GET (stylesheet) https://cdnjs.cloudflare.com/ajax/libs/metro/4.1.5/css/metro.min.css","meta":{"rootId":"u1scf02i4903l17","id":"u1scf02i4903l17"},"id":"jbf2spu2pmbivvj","previousOperationId":"n6gojoovtnvib9w"}
{"type":"log","timestamp":1675449773323,"level":"debug","message":"Page request: GET (script) https://cdnjs.cloudflare.com/ajax/libs/Chart.js/2.7.2/Chart.min.js","meta":{"rootId":"u1scf02i4903l17","id":"u1scf02i4903l17"},"id":"hiajdx9mn0c995h","previousOperationId":"n6gojoovtnvib9w"}
{"type":"log","timestamp":1675449773330,"level":"debug","message":"Page request finished: GET (script) 200 https://cdnjs.cloudflare.com/ajax/libs/Chart.js/2.7.2/Chart.min.js","meta":{"rootId":"u1scf02i4903l17","id":"u1scf02i4903l17"},"id":"itltadqvggbqdx8","previousOperationId":"n6gojoovtnvib9w"}
{"type":"log","timestamp":1675449773345,"level":"debug","message":"Page request finished: GET (stylesheet) 200 https://cdnjs.cloudflare.com/ajax/libs/metro/4.1.5/css/metro.min.css","meta":{"rootId":"u1scf02i4903l17","id":"u1scf02i4903l17"},"id":"n2h3iywd52qof6m","previousOperationId":"n6gojoovtnvib9w"}
{"type":"log","timestamp":1675449773385,"level":"debug","message":"Running chrome with params {\"printBackground\":true,\"marginTop\":\"4cm\",\"marginRight\":\"1.5cm\",\"marginBottom\":\"1.5cm\",\"marginLeft\":\"1.5cm\",\"waitForJS\":false,\"timeout\":59689,\"margin\":{\"top\":\"4cm\",\"right\":\"1.5cm\",\"bottom\":\"1.5cm\",\"left\":\"1.5cm\"}}","meta":{"rootId":"u1scf02i4903l17","id":"u1scf02i4903l17"},"id":"a450prbuoqwi9vh","previousOperationId":"n6gojoovtnvib9w"}
{"type":"operationEnd","operationId":"n6gojoovtnvib9w","timestamp":1675449773465,"id":"fl5l1xyczxidm8v","previousEventId":"aslx6483apdnkuq","previousOperationId":"n6gojoovtnvib9w"}
{"type":"log","timestamp":1675449773465,"level":"info","message":"pdf-utils is starting pdf processing","meta":{"rootId":"u1scf02i4903l17","id":"u1scf02i4903l17"},"id":"pc24rbx7tovj5ts","previousOperationId":"n6gojoovtnvib9w"}
{"type":"operationStart","subtype":"pdfUtils","name":"pdf utils","timestamp":1675449773465,"id":"076i9sx67ryxa03","previousEventId":"fl5l1xyczxidm8v","operationId":"8vhtqwp512dauth","previousOperationId":"n6gojoovtnvib9w"}
{"type":"log","timestamp":1675449773465,"level":"debug","message":"pdf-utils detected 1 pdf operation(s) to process","meta":{"rootId":"u1scf02i4903l17","id":"u1scf02i4903l17"},"id":"6b7bc4auxo8xhpf","previousOperationId":"8vhtqwp512dauth"}
{"type":"log","timestamp":1675449773489,"level":"debug","message":"pdf-utils running pdf operation merge","meta":{"rootId":"u1scf02i4903l17","id":"u1scf02i4903l17"},"id":"31xqo7n10o8m0qe","previousOperationId":"8vhtqwp512dauth"}
{"type":"operationStart","subtype":"pdfUtilsMerge","name":"pdf utils merge","previousOperationId":"8vhtqwp512dauth","timestamp":1675449773489,"id":"d2h2hqlbvjqiqlq","previousEventId":"076i9sx67ryxa03","operationId":"6lufzz1cuweqrx1"}
{"type":"operationStart","subtype":"render","name":"orders-header","previousOperationId":"6lufzz1cuweqrx1","timestamp":1675449773491,"id":"gvmqxlygbm0fbuy","previousEventId":"d2h2hqlbvjqiqlq","operationId":"p7o547sr392j2de"}
{"type":"log","timestamp":1675449773491,"level":"info","message":"Starting rendering (child) request","meta":{"rootId":"u1scf02i4903l17","id":"w7wqiqv87fahnkc"},"id":"bcadc0f2no6wyna","previousOperationId":"p7o547sr392j2de"}
{"type":"log","timestamp":1675449773491,"level":"info","message":"Rendering template { name: orders-header, recipe: chrome-pdf, engine: handlebars, preview: true }","meta":{"rootId":"u1scf02i4903l17","id":"w7wqiqv87fahnkc"},"id":"qg39qevzceznl40","previousOperationId":"p7o547sr392j2de"}
{"type":"log","timestamp":1675449773493,"level":"debug","message":"Inline data specified.","meta":{"rootId":"u1scf02i4903l17","id":"w7wqiqv87fahnkc"},"id":"w4py9o0m5trq7vc","previousOperationId":"p7o547sr392j2de"}
{"type":"log","timestamp":1675449773496,"level":"debug","message":"Base url not specified, skipping its injection.","meta":{"rootId":"u1scf02i4903l17","id":"w7wqiqv87fahnkc"},"id":"9ke00q7l3g478sl","previousOperationId":"p7o547sr392j2de"}
{"type":"operationStart","subtype":"engine","name":"handlebars","timestamp":1675449773496,"id":"reb70af0jqfm3e7","previousEventId":"gvmqxlygbm0fbuy","operationId":"wbxkd7lhthbxdrq","previousOperationId":"p7o547sr392j2de"}
{"type":"log","timestamp":1675449773496,"level":"debug","message":"Rendering engine handlebars","meta":{"rootId":"u1scf02i4903l17","id":"w7wqiqv87fahnkc"},"id":"a2pdwtoy11ubmi6","previousOperationId":"wbxkd7lhthbxdrq"}
{"type":"operationEnd","operationId":"wbxkd7lhthbxdrq","timestamp":1675449773515,"id":"dhco9ylmd6ltrqr","previousEventId":"reb70af0jqfm3e7","previousOperationId":"wbxkd7lhthbxdrq"}
{"type":"operationStart","subtype":"recipe","name":"chrome-pdf","timestamp":1675449773515,"id":"5fpi7n64s62ywdc","previousEventId":"dhco9ylmd6ltrqr","operationId":"sysdfqc6rmjtill","previousOperationId":"wbxkd7lhthbxdrq"}
{"type":"log","timestamp":1675449773515,"level":"debug","message":"Executing recipe chrome-pdf","meta":{"rootId":"u1scf02i4903l17","id":"w7wqiqv87fahnkc"},"id":"4l12i0eenca3m0s","previousOperationId":"sysdfqc6rmjtill"}
{"type":"log","timestamp":1675449773518,"level":"debug","message":"Converting with chrome HeadlessChrome/105.0.5173.0 using chrome-pool strategy","meta":{"rootId":"u1scf02i4903l17","id":"w7wqiqv87fahnkc"},"id":"9efws0m3zwvh4u5","previousOperationId":"sysdfqc6rmjtill"}
{"type":"log","timestamp":1675449773616,"level":"debug","message":"Page request: GET (document) file:///C:/Users/pollo/AppData/Local/Temp/jsreport/autocleanup/4220b83e-cfa0-48c5-a108-c2c54c220fe7-chrome-pdf.html","meta":{"rootId":"u1scf02i4903l17","id":"w7wqiqv87fahnkc"},"id":"6yi2utlpwf7p2xd","previousOperationId":"sysdfqc6rmjtill"}
{"type":"log","timestamp":1675449773630,"level":"debug","message":"Page request finished: GET (document) 200 file:///C:/Users/pollo/AppData/Local/Temp/jsreport/autocleanup/4220b83e-cfa0-48c5-a108-c2c54c220fe7-chrome-pdf.html","meta":{"rootId":"u1scf02i4903l17","id":"w7wqiqv87fahnkc"},"id":"woju1f1jd2cy6oj","previousOperationId":"sysdfqc6rmjtill"}
{"type":"log","timestamp":1675449773630,"level":"debug","message":"Page request: GET (stylesheet) https://cdnjs.cloudflare.com/ajax/libs/metro/4.1.5/css/metro.min.css","meta":{"rootId":"u1scf02i4903l17","id":"w7wqiqv87fahnkc"},"id":"fcf44t2ukydla1x","previousOperationId":"sysdfqc6rmjtill"}
{"type":"log","timestamp":1675449773660,"level":"debug","message":"Page request finished: GET (stylesheet) 200 https://cdnjs.cloudflare.com/ajax/libs/metro/4.1.5/css/metro.min.css","meta":{"rootId":"u1scf02i4903l17","id":"w7wqiqv87fahnkc"},"id":"rphaq9z0eoxzcgz","previousOperationId":"sysdfqc6rmjtill"}
{"type":"log","timestamp":1675449773682,"level":"debug","message":"Running chrome with params {\"printBackground\":true,\"marginTop\":\"1.5cm\",\"marginRight\":\"1.5cm\",\"marginLeft\":\"1.cm\",\"timeout\":59373,\"margin\":{\"top\":\"1.5cm\",\"right\":\"1.5cm\",\"left\":\"1.cm\"}}","meta":{"rootId":"u1scf02i4903l17","id":"w7wqiqv87fahnkc"},"id":"r57gl9yzlifjbhl","previousOperationId":"sysdfqc6rmjtill"}
{"type":"operationEnd","operationId":"sysdfqc6rmjtill","timestamp":1675449773738,"id":"g1bj848u59xhng6","previousEventId":"5fpi7n64s62ywdc","previousOperationId":"sysdfqc6rmjtill"}
{"type":"log","timestamp":1675449773738,"level":"debug","message":"Skipping storing report.","meta":{"rootId":"u1scf02i4903l17","id":"w7wqiqv87fahnkc"},"id":"ui918dym0u5bwzk","previousOperationId":"sysdfqc6rmjtill"}
{"type":"log","timestamp":1675449773738,"level":"info","message":"Rendering (child) request finished in 848 ms","meta":{"rootId":"u1scf02i4903l17","id":"w7wqiqv87fahnkc"},"id":"71s5oj7ojvpkmh9","previousOperationId":"sysdfqc6rmjtill"}
{"type":"operationEnd","subtype":"render","operationId":"p7o547sr392j2de","timestamp":1675449773738,"id":"rf07nfa7svimj53","previousEventId":"g1bj848u59xhng6","previousOperationId":"sysdfqc6rmjtill"}
{"type":"operationEnd","operationId":"6lufzz1cuweqrx1","timestamp":1675449773747,"id":"4vogp61wzktz99s","previousEventId":"d2h2hqlbvjqiqlq","previousOperationId":"6lufzz1cuweqrx1"}
{"type":"log","timestamp":1675449773747,"level":"debug","message":"pdf-utils postproces start","meta":{"rootId":"u1scf02i4903l17","id":"u1scf02i4903l17"},"id":"2etmf0f3z3in37t","previousOperationId":"6lufzz1cuweqrx1"}
{"type":"log","timestamp":1675449773756,"level":"debug","message":"pdf-utils postproces end","meta":{"rootId":"u1scf02i4903l17","id":"u1scf02i4903l17"},"id":"wzd69n81nsgdaei","previousOperationId":"6lufzz1cuweqrx1"}
{"type":"operationEnd","operationId":"8vhtqwp512dauth","timestamp":1675449773756,"id":"qvlqf5wjz33jiqv","previousEventId":"4vogp61wzktz99s","previousOperationId":"6lufzz1cuweqrx1"}
{"type":"log","timestamp":1675449773756,"level":"info","message":"pdf-utils pdf processing was finished","meta":{"rootId":"u1scf02i4903l17","id":"u1scf02i4903l17"},"id":"pabk1a1qqp17yhx","previousOperationId":"8vhtqwp512dauth"}
{"type":"log","timestamp":1675449773757,"level":"debug","message":"Skipping storing report.","meta":{"rootId":"u1scf02i4903l17","id":"u1scf02i4903l17"},"id":"g6477vqlnwqs1ch","previousOperationId":"8vhtqwp512dauth"}
{"type":"log","timestamp":1675449773757,"level":"info","message":"Rendering request 15 finished in 867 ms","meta":{"rootId":"u1scf02i4903l17","id":"u1scf02i4903l17"},"id":"cl1pmlk5y106hbg","previousOperationId":"8vhtqwp512dauth"}
{"type":"operationEnd","subtype":"render","operationId":"ts7qijet5upm1xa","timestamp":1675449773757,"id":"tlcbx6efpvdehv3","previousEventId":"qvlqf5wjz33jiqv","previousOperationId":"8vhtqwp512dauth"}
{"type":"operationEnd","doDiffs":false,"previousEventId":"exd35219zi1lsru","previousOperationId":"c7i7nvtw1cqlfoz","operationId":"c7i7nvtw1cqlfoz","timestamp":1675449773767,"id":"xkcjxyr1eq7r9nb"}
