{"type":"operationStart","subtype":"profile","data":{"_id":"fWhkP4bGFbHhYNKx","timestamp":"2023-02-03T17:19:38.511Z","state":"queued","mode":"standard","creationDate":"2023-02-03T17:19:38.515Z","modificationDate":"2023-02-03T17:19:38.515Z","shortid":"0n1At9B","$entitySet":"profiles"},"doDiffs":false,"timestamp":1675444778513,"id":"qc25oyye8m7jkeh","previousOperationId":null,"operationId":"t32knik2izp37iq"}
{"type":"log","level":"info","message":"Render request 1 queued for execution and waiting for available worker","previousOperationId":"t32knik2izp37iq","timestamp":1675444778513,"id":"5e5env9ivj1plvs"}
{"type":"operationStart","subtype":"render","name":"orders-main","previousOperationId":"t32knik2izp37iq","timestamp":1675444778542,"id":"xl1kxn1ggsyxz34","previousEventId":"qc25oyye8m7jkeh","operationId":"yjs2kff53prsri5"}
{"type":"log","timestamp":1675444778542,"level":"info","message":"Starting rendering request 1","meta":{"rootId":"u8etvgg2hbfthgu","id":"u8etvgg2hbfthgu"},"id":"37na6s7lmplyv8r","previousOperationId":"yjs2kff53prsri5"}
{"type":"log","timestamp":1675444778544,"level":"info","message":"Rendering template { name: orders-main, recipe: chrome-pdf, engine: handlebars, preview: true }","meta":{"rootId":"u8etvgg2hbfthgu","id":"u8etvgg2hbfthgu"},"id":"qkfr0z49q6nunch","previousOperationId":"yjs2kff53prsri5"}
{"type":"log","timestamp":1675444778547,"level":"debug","message":"Data item not defined for this template.","meta":{"rootId":"u8etvgg2hbfthgu","id":"u8etvgg2hbfthgu"},"id":"j1funvkxncrujkx","previousOperationId":"yjs2kff53prsri5"}
{"type":"log","timestamp":1675444778559,"level":"debug","message":"Executing script orders-script (beforeRender)","meta":{"rootId":"u8etvgg2hbfthgu","id":"u8etvgg2hbfthgu"},"id":"kgehtnsjt5ulpzj","previousOperationId":"yjs2kff53prsri5"}
{"type":"operationStart","subtype":"scriptsBeforeRender","name":"scripts beforeRender","timestamp":1675444779043,"id":"60tfk3pnclpm3ie","previousEventId":"xl1kxn1ggsyxz34","operationId":"cm33uubf0qzh9v9","previousOperationId":"yjs2kff53prsri5"}
{"type":"operationStart","subtype":"script","name":"scripts orders-script","previousOperationId":"cm33uubf0qzh9v9","timestamp":1675444779043,"id":"g7gbmkz41eveqav","previousEventId":"60tfk3pnclpm3ie","operationId":"ib33zfz3x6tw2ah"}
{"type":"log","timestamp":1675444779044,"level":"debug","message":"(console:log) AAAAAAAAAAAAAAAAAAAAAAA  undefined","meta":{"userLevel":true,"rootId":"u8etvgg2hbfthgu","id":"u8etvgg2hbfthgu"},"id":"4nmdwd82lqvqk94","previousOperationId":"ib33zfz3x6tw2ah"}
{"type":"log","timestamp":1675444780680,"level":"debug","message":"(console:log) undefined","meta":{"userLevel":true,"rootId":"u8etvgg2hbfthgu","id":"u8etvgg2hbfthgu"},"id":"73kjfuw0ejlxx2j","previousOperationId":"ib33zfz3x6tw2ah"}
{"type":"log","timestamp":1675444780681,"level":"debug","message":"(console:log) Antonio","meta":{"userLevel":true,"rootId":"u8etvgg2hbfthgu","id":"u8etvgg2hbfthgu"},"id":"4wdrdbl7ujw67ob","previousOperationId":"ib33zfz3x6tw2ah"}
{"type":"operationEnd","operationId":"ib33zfz3x6tw2ah","timestamp":1675444780682,"id":"hoh3k4mws6v65g6","previousEventId":"xl1kxn1ggsyxz34","previousOperationId":"yjs2kff53prsri5"}
{"type":"operationEnd","operationId":"cm33uubf0qzh9v9","timestamp":1675444780682,"id":"3w2l1ydb6ogp28e","previousEventId":"hoh3k4mws6v65g6","previousOperationId":"yjs2kff53prsri5"}
{"type":"log","timestamp":1675444780682,"level":"debug","message":"Base url not specified, skipping its injection.","meta":{"rootId":"u8etvgg2hbfthgu","id":"u8etvgg2hbfthgu"},"id":"6l18nzjp2fsybma","previousOperationId":"cm33uubf0qzh9v9"}
{"type":"operationStart","subtype":"engine","name":"handlebars","timestamp":1675444780682,"id":"cgpf61o9zag1t0z","previousEventId":"3w2l1ydb6ogp28e","operationId":"etnfw93fhd8iehn","previousOperationId":"cm33uubf0qzh9v9"}
{"type":"log","timestamp":1675444780683,"level":"debug","message":"Rendering engine handlebars","meta":{"rootId":"u8etvgg2hbfthgu","id":"u8etvgg2hbfthgu"},"id":"j3isn00avfk78w1","previousOperationId":"etnfw93fhd8iehn"}
{"type":"operationEnd","operationId":"etnfw93fhd8iehn","timestamp":1675444781063,"id":"is8lrd2te7vnfk9","previousEventId":"cgpf61o9zag1t0z","previousOperationId":"etnfw93fhd8iehn"}
{"type":"operationStart","subtype":"recipe","name":"chrome-pdf","timestamp":1675444781064,"id":"7gbq4zpzwdsn2ln","previousEventId":"is8lrd2te7vnfk9","operationId":"xb5vm1uo6vf2y0g","previousOperationId":"etnfw93fhd8iehn"}
{"type":"log","timestamp":1675444781064,"level":"debug","message":"Executing recipe chrome-pdf","meta":{"rootId":"u8etvgg2hbfthgu","id":"u8etvgg2hbfthgu"},"id":"jd5aalgg6lmw1qh","previousOperationId":"xb5vm1uo6vf2y0g"}
{"type":"log","timestamp":1675444782167,"level":"debug","message":"Converting with chrome HeadlessChrome/105.0.5173.0 using chrome-pool strategy","meta":{"rootId":"u8etvgg2hbfthgu","id":"u8etvgg2hbfthgu"},"id":"2utabed51wly3w0","previousOperationId":"xb5vm1uo6vf2y0g"}
{"type":"log","timestamp":1675444782819,"level":"debug","message":"Page request: GET (document) file:///C:/Users/pollo/AppData/Local/Temp/jsreport/autocleanup/050afdc3-318f-4621-80ef-015ee39571b9-chrome-pdf.html","meta":{"rootId":"u8etvgg2hbfthgu","id":"u8etvgg2hbfthgu"},"id":"kntysyoja1im1lo","previousOperationId":"xb5vm1uo6vf2y0g"}
{"type":"log","timestamp":1675444782836,"level":"debug","message":"Page request finished: GET (document) 200 file:///C:/Users/pollo/AppData/Local/Temp/jsreport/autocleanup/050afdc3-318f-4621-80ef-015ee39571b9-chrome-pdf.html","meta":{"rootId":"u8etvgg2hbfthgu","id":"u8etvgg2hbfthgu"},"id":"oi0ditv3vvmlx11","previousOperationId":"xb5vm1uo6vf2y0g"}
{"type":"log","timestamp":1675444782837,"level":"debug","message":"Page request: GET (stylesheet) https://cdnjs.cloudflare.com/ajax/libs/metro/4.1.5/css/metro.min.css","meta":{"rootId":"u8etvgg2hbfthgu","id":"u8etvgg2hbfthgu"},"id":"09z3gs0xjduamy6","previousOperationId":"xb5vm1uo6vf2y0g"}
{"type":"log","timestamp":1675444782838,"level":"debug","message":"Page request: GET (script) https://cdnjs.cloudflare.com/ajax/libs/Chart.js/2.7.2/Chart.min.js","meta":{"rootId":"u8etvgg2hbfthgu","id":"u8etvgg2hbfthgu"},"id":"tzxki3ykvk8yvir","previousOperationId":"xb5vm1uo6vf2y0g"}
{"type":"log","timestamp":1675444785323,"level":"debug","message":"Page request finished: GET (script) 200 https://cdnjs.cloudflare.com/ajax/libs/Chart.js/2.7.2/Chart.min.js","meta":{"rootId":"u8etvgg2hbfthgu","id":"u8etvgg2hbfthgu"},"id":"edk59q5wg9nb4fh","previousOperationId":"xb5vm1uo6vf2y0g"}
{"type":"log","timestamp":1675444785445,"level":"debug","message":"Page request finished: GET (stylesheet) 200 https://cdnjs.cloudflare.com/ajax/libs/metro/4.1.5/css/metro.min.css","meta":{"rootId":"u8etvgg2hbfthgu","id":"u8etvgg2hbfthgu"},"id":"colwfbig72wx4mi","previousOperationId":"xb5vm1uo6vf2y0g"}
{"type":"log","timestamp":1675444785465,"level":"debug","message":"Running chrome with params {\"printBackground\":true,\"marginTop\":\"4cm\",\"marginRight\":\"1.5cm\",\"marginBottom\":\"1.5cm\",\"marginLeft\":\"1.5cm\",\"waitForJS\":false,\"timeout\":57222,\"margin\":{\"top\":\"4cm\",\"right\":\"1.5cm\",\"bottom\":\"1.5cm\",\"left\":\"1.5cm\"}}","meta":{"rootId":"u8etvgg2hbfthgu","id":"u8etvgg2hbfthgu"},"id":"fi9m99aap8k8a2o","previousOperationId":"xb5vm1uo6vf2y0g"}
{"type":"operationEnd","operationId":"xb5vm1uo6vf2y0g","timestamp":1675444785508,"id":"k6crkyva0mnf3nx","previousEventId":"7gbq4zpzwdsn2ln","previousOperationId":"xb5vm1uo6vf2y0g"}
{"type":"log","timestamp":1675444785509,"level":"info","message":"pdf-utils is starting pdf processing","meta":{"rootId":"u8etvgg2hbfthgu","id":"u8etvgg2hbfthgu"},"id":"ce2o1wqmfu7kzou","previousOperationId":"xb5vm1uo6vf2y0g"}
{"type":"operationStart","subtype":"pdfUtils","name":"pdf utils","timestamp":1675444785886,"id":"44p1tlaybfue9sq","previousEventId":"k6crkyva0mnf3nx","operationId":"l4w1jr96e1fougg","previousOperationId":"xb5vm1uo6vf2y0g"}
{"type":"log","timestamp":1675444785887,"level":"debug","message":"pdf-utils detected 1 pdf operation(s) to process","meta":{"rootId":"u8etvgg2hbfthgu","id":"u8etvgg2hbfthgu"},"id":"te4qs3c3cc8f3j6","previousOperationId":"l4w1jr96e1fougg"}
{"type":"log","timestamp":1675444786083,"level":"debug","message":"pdf-utils running pdf operation merge","meta":{"rootId":"u8etvgg2hbfthgu","id":"u8etvgg2hbfthgu"},"id":"33vedlpik3x4k0z","previousOperationId":"l4w1jr96e1fougg"}
{"type":"operationStart","subtype":"pdfUtilsMerge","name":"pdf utils merge","previousOperationId":"l4w1jr96e1fougg","timestamp":1675444786083,"id":"8a94txlep8ffr8w","previousEventId":"44p1tlaybfue9sq","operationId":"e3d4b9e8lpjow9y"}
{"type":"operationStart","subtype":"render","name":"orders-header","previousOperationId":"e3d4b9e8lpjow9y","timestamp":1675444786088,"id":"ppzmsnua24934aa","previousEventId":"8a94txlep8ffr8w","operationId":"sd59ufktutl4846"}
{"type":"log","timestamp":1675444786088,"level":"info","message":"Starting rendering (child) request","meta":{"rootId":"u8etvgg2hbfthgu","id":"tz4mut8qa1wvyld"},"id":"u2tfrrkve0icb95","previousOperationId":"sd59ufktutl4846"}
{"type":"log","timestamp":1675444786089,"level":"info","message":"Rendering template { name: orders-header, recipe: chrome-pdf, engine: handlebars, preview: true }","meta":{"rootId":"u8etvgg2hbfthgu","id":"tz4mut8qa1wvyld"},"id":"evpgead89dffj50","previousOperationId":"sd59ufktutl4846"}
{"type":"log","timestamp":1675444786096,"level":"debug","message":"Inline data specified.","meta":{"rootId":"u8etvgg2hbfthgu","id":"tz4mut8qa1wvyld"},"id":"djykeim8qns0vdr","previousOperationId":"sd59ufktutl4846"}
{"type":"log","timestamp":1675444786099,"level":"debug","message":"Base url not specified, skipping its injection.","meta":{"rootId":"u8etvgg2hbfthgu","id":"tz4mut8qa1wvyld"},"id":"j63nlm2b8n19di4","previousOperationId":"sd59ufktutl4846"}
{"type":"operationStart","subtype":"engine","name":"handlebars","timestamp":1675444786099,"id":"xlv0nkswo69qyhn","previousEventId":"ppzmsnua24934aa","operationId":"icvtlkoozbjbhi3","previousOperationId":"sd59ufktutl4846"}
{"type":"log","timestamp":1675444786099,"level":"debug","message":"Rendering engine handlebars","meta":{"rootId":"u8etvgg2hbfthgu","id":"tz4mut8qa1wvyld"},"id":"48407ts77vp9cs7","previousOperationId":"icvtlkoozbjbhi3"}
{"type":"operationEnd","operationId":"icvtlkoozbjbhi3","timestamp":1675444786212,"id":"03y06rfxhugpmou","previousEventId":"xlv0nkswo69qyhn","previousOperationId":"icvtlkoozbjbhi3"}
{"type":"operationStart","subtype":"recipe","name":"chrome-pdf","timestamp":1675444786212,"id":"tl01jzp8i7k1km9","previousEventId":"03y06rfxhugpmou","operationId":"ljv0vtzdl1dvxqf","previousOperationId":"icvtlkoozbjbhi3"}
{"type":"log","timestamp":1675444786212,"level":"debug","message":"Executing recipe chrome-pdf","meta":{"rootId":"u8etvgg2hbfthgu","id":"tz4mut8qa1wvyld"},"id":"610p09e5sautfhw","previousOperationId":"ljv0vtzdl1dvxqf"}
{"type":"log","timestamp":1675444786215,"level":"debug","message":"Converting with chrome HeadlessChrome/105.0.5173.0 using chrome-pool strategy","meta":{"rootId":"u8etvgg2hbfthgu","id":"tz4mut8qa1wvyld"},"id":"pqconnvrkt68x2y","previousOperationId":"ljv0vtzdl1dvxqf"}
{"type":"log","timestamp":1675444786318,"level":"debug","message":"Page request: GET (document) file:///C:/Users/pollo/AppData/Local/Temp/jsreport/autocleanup/4b6a2cc3-3c74-4258-a077-48b3931d1eea-chrome-pdf.html","meta":{"rootId":"u8etvgg2hbfthgu","id":"tz4mut8qa1wvyld"},"id":"y0igy5y17yngt2m","previousOperationId":"ljv0vtzdl1dvxqf"}
{"type":"log","timestamp":1675444786348,"level":"debug","message":"Page request finished: GET (document) 200 file:///C:/Users/pollo/AppData/Local/Temp/jsreport/autocleanup/4b6a2cc3-3c74-4258-a077-48b3931d1eea-chrome-pdf.html","meta":{"rootId":"u8etvgg2hbfthgu","id":"tz4mut8qa1wvyld"},"id":"1lakz637gxkuf3q","previousOperationId":"ljv0vtzdl1dvxqf"}
{"type":"log","timestamp":1675444786349,"level":"debug","message":"Page request: GET (stylesheet) https://cdnjs.cloudflare.com/ajax/libs/metro/4.1.5/css/metro.min.css","meta":{"rootId":"u8etvgg2hbfthgu","id":"tz4mut8qa1wvyld"},"id":"iriu5e4n1t2xf7l","previousOperationId":"ljv0vtzdl1dvxqf"}
{"type":"log","timestamp":1675444786377,"level":"debug","message":"Page request finished: GET (stylesheet) 200 https://cdnjs.cloudflare.com/ajax/libs/metro/4.1.5/css/metro.min.css","meta":{"rootId":"u8etvgg2hbfthgu","id":"tz4mut8qa1wvyld"},"id":"brs2cd9nb2gje4k","previousOperationId":"ljv0vtzdl1dvxqf"}
{"type":"log","timestamp":1675444786400,"level":"debug","message":"Running chrome with params {\"printBackground\":true,\"marginTop\":\"1.5cm\",\"marginRight\":\"1.5cm\",\"marginLeft\":\"1.cm\",\"timeout\":52297,\"margin\":{\"top\":\"1.5cm\",\"right\":\"1.5cm\",\"left\":\"1.cm\"}}","meta":{"rootId":"u8etvgg2hbfthgu","id":"tz4mut8qa1wvyld"},"id":"dqq9ck2cdyuz2ie","previousOperationId":"ljv0vtzdl1dvxqf"}
{"type":"operationEnd","operationId":"ljv0vtzdl1dvxqf","timestamp":1675444786467,"id":"9lkhd35f61bekcf","previousEventId":"tl01jzp8i7k1km9","previousOperationId":"ljv0vtzdl1dvxqf"}
{"type":"log","timestamp":1675444786468,"level":"debug","message":"Skipping storing report.","meta":{"rootId":"u8etvgg2hbfthgu","id":"tz4mut8qa1wvyld"},"id":"cu45crjctrpcg2b","previousOperationId":"ljv0vtzdl1dvxqf"}
{"type":"log","timestamp":1675444786468,"level":"info","message":"Rendering (child) request finished in 7957 ms","meta":{"rootId":"u8etvgg2hbfthgu","id":"tz4mut8qa1wvyld"},"id":"rvglb8kbfopeqk4","previousOperationId":"ljv0vtzdl1dvxqf"}
{"type":"operationEnd","subtype":"render","operationId":"sd59ufktutl4846","timestamp":1675444786469,"id":"fd1iunc6d62w3xq","previousEventId":"9lkhd35f61bekcf","previousOperationId":"ljv0vtzdl1dvxqf"}
{"type":"operationEnd","operationId":"e3d4b9e8lpjow9y","timestamp":1675444786499,"id":"dll9urueb9j3ace","previousEventId":"8a94txlep8ffr8w","previousOperationId":"e3d4b9e8lpjow9y"}
{"type":"log","timestamp":1675444786499,"level":"debug","message":"pdf-utils postproces start","meta":{"rootId":"u8etvgg2hbfthgu","id":"u8etvgg2hbfthgu"},"id":"ipxvojzk97dg5hy","previousOperationId":"e3d4b9e8lpjow9y"}
{"type":"log","timestamp":1675444786509,"level":"debug","message":"pdf-utils postproces end","meta":{"rootId":"u8etvgg2hbfthgu","id":"u8etvgg2hbfthgu"},"id":"634bxm5lwf80s1o","previousOperationId":"e3d4b9e8lpjow9y"}
{"type":"operationEnd","operationId":"l4w1jr96e1fougg","timestamp":1675444786509,"id":"js0ry1rppm5w5cc","previousEventId":"dll9urueb9j3ace","previousOperationId":"e3d4b9e8lpjow9y"}
{"type":"log","timestamp":1675444786509,"level":"info","message":"pdf-utils pdf processing was finished","meta":{"rootId":"u8etvgg2hbfthgu","id":"u8etvgg2hbfthgu"},"id":"64env55indt8t9w","previousOperationId":"l4w1jr96e1fougg"}
{"type":"log","timestamp":1675444786509,"level":"debug","message":"Skipping storing report.","meta":{"rootId":"u8etvgg2hbfthgu","id":"u8etvgg2hbfthgu"},"id":"tchw97wefqa2pjf","previousOperationId":"l4w1jr96e1fougg"}
{"type":"log","timestamp":1675444786510,"level":"info","message":"Rendering request 1 finished in 7999 ms","meta":{"rootId":"u8etvgg2hbfthgu","id":"u8etvgg2hbfthgu"},"id":"8p0fkyqewfzpcpu","previousOperationId":"l4w1jr96e1fougg"}
{"type":"operationEnd","subtype":"render","operationId":"yjs2kff53prsri5","timestamp":1675444786510,"id":"t8f3xw78wpx2c7y","previousEventId":"js0ry1rppm5w5cc","previousOperationId":"l4w1jr96e1fougg"}
{"type":"operationEnd","doDiffs":false,"previousEventId":"qc25oyye8m7jkeh","previousOperationId":"t32knik2izp37iq","operationId":"t32knik2izp37iq","timestamp":1675444786518,"id":"zjdhc36eljxickw"}
