{"type":"operationStart","subtype":"profile","data":{"_id":"Aw996UNo1c71qD0x","timestamp":"2023-01-28T19:48:21.477Z","state":"queued","mode":"standard","creationDate":"2023-01-28T19:48:21.479Z","modificationDate":"2023-01-28T19:48:21.479Z","shortid":"aEvj-6I","$entitySet":"profiles"},"doDiffs":false,"timestamp":1674935301478,"id":"lsn1ua7rlgaxsn8","previousOperationId":null,"operationId":"vrjg02y410ieyxt"}
{"type":"log","level":"info","message":"Render request 3 queued for execution and waiting for available worker","previousOperationId":"vrjg02y410ieyxt","timestamp":1674935301478,"id":"vp5qkukm4nmic4r"}
{"type":"operationStart","subtype":"render","name":"orders-main","previousOperationId":"vrjg02y410ieyxt","timestamp":1674935301495,"id":"9epboe2w06vb4m0","previousEventId":"lsn1ua7rlgaxsn8","operationId":"s7dfgg4ew3xfnle"}
{"type":"log","timestamp":1674935301496,"level":"info","message":"Starting rendering request 3","meta":{"rootId":"ud6ozv3lrrj29hf","id":"ud6ozv3lrrj29hf"},"id":"yiswodd632wnfpd","previousOperationId":"s7dfgg4ew3xfnle"}
{"type":"log","timestamp":1674935301496,"level":"info","message":"Rendering template { name: orders-main, recipe: chrome-pdf, engine: handlebars, preview: true }","meta":{"rootId":"ud6ozv3lrrj29hf","id":"ud6ozv3lrrj29hf"},"id":"f35b0vz8wmw64w1","previousOperationId":"s7dfgg4ew3xfnle"}
{"type":"log","timestamp":1674935301498,"level":"debug","message":"Data item not defined for this template.","meta":{"rootId":"ud6ozv3lrrj29hf","id":"ud6ozv3lrrj29hf"},"id":"y9l1tocf413dt3k","previousOperationId":"s7dfgg4ew3xfnle"}
{"type":"log","timestamp":1674935301504,"level":"debug","message":"Executing script orders-script (beforeRender)","meta":{"rootId":"ud6ozv3lrrj29hf","id":"ud6ozv3lrrj29hf"},"id":"8hmgsdajbnnr2qr","previousOperationId":"s7dfgg4ew3xfnle"}
{"type":"operationStart","subtype":"scriptsBeforeRender","name":"scripts beforeRender","timestamp":1674935301557,"id":"pxm71dp9ys545fo","previousEventId":"9epboe2w06vb4m0","operationId":"853wgkrwg8hjr8b","previousOperationId":"s7dfgg4ew3xfnle"}
{"type":"operationStart","subtype":"script","name":"scripts orders-script","previousOperationId":"853wgkrwg8hjr8b","timestamp":1674935301557,"id":"9kgwwe5ztxb7ka8","previousEventId":"pxm71dp9ys545fo","operationId":"tcpd9c3haixev65"}
{"type":"operationEnd","operationId":"tcpd9c3haixev65","timestamp":1674935303233,"id":"h4exq11wqljztl2","previousEventId":"9epboe2w06vb4m0","previousOperationId":"s7dfgg4ew3xfnle"}
{"type":"operationEnd","operationId":"853wgkrwg8hjr8b","timestamp":1674935303234,"id":"8xo521a3yfvbkk7","previousEventId":"h4exq11wqljztl2","previousOperationId":"s7dfgg4ew3xfnle"}
{"type":"log","timestamp":1674935303234,"level":"debug","message":"Base url not specified, skipping its injection.","meta":{"rootId":"ud6ozv3lrrj29hf","id":"ud6ozv3lrrj29hf"},"id":"0evnwfxu9hmnvr7","previousOperationId":"853wgkrwg8hjr8b"}
{"type":"operationStart","subtype":"engine","name":"handlebars","timestamp":1674935303234,"id":"1w51otchzgmo6bt","previousEventId":"8xo521a3yfvbkk7","operationId":"1je84rxpblmhmhw","previousOperationId":"853wgkrwg8hjr8b"}
{"type":"log","timestamp":1674935303234,"level":"debug","message":"Rendering engine handlebars","meta":{"rootId":"ud6ozv3lrrj29hf","id":"ud6ozv3lrrj29hf"},"id":"30emgv98qlmvwm4","previousOperationId":"1je84rxpblmhmhw"}
{"type":"log","timestamp":1674935303264,"level":"debug","message":"(console:log) Pdf utils adding group field, value: \"France\"","meta":{"userLevel":true,"rootId":"ud6ozv3lrrj29hf","id":"ud6ozv3lrrj29hf"},"id":"961prm676ml9jyg","previousOperationId":"1je84rxpblmhmhw"}
{"type":"log","timestamp":1674935303266,"level":"debug","message":"(console:log) Pdf utils adding group field, value: \"Germany\"","meta":{"userLevel":true,"rootId":"ud6ozv3lrrj29hf","id":"ud6ozv3lrrj29hf"},"id":"nwqnxqzqsppobq5","previousOperationId":"1je84rxpblmhmhw"}
{"type":"operationEnd","operationId":"1je84rxpblmhmhw","timestamp":1674935303268,"id":"omvxj0gvohs50oo","previousEventId":"1w51otchzgmo6bt","previousOperationId":"1je84rxpblmhmhw"}
{"type":"operationStart","subtype":"recipe","name":"chrome-pdf","timestamp":1674935303269,"id":"7zraxs4ggsaqcvd","previousEventId":"omvxj0gvohs50oo","operationId":"tgxnu7cbojofr25","previousOperationId":"1je84rxpblmhmhw"}
{"type":"log","timestamp":1674935303270,"level":"debug","message":"Executing recipe chrome-pdf","meta":{"rootId":"ud6ozv3lrrj29hf","id":"ud6ozv3lrrj29hf"},"id":"20x1g7j4ex68hw9","previousOperationId":"tgxnu7cbojofr25"}
{"type":"log","timestamp":1674935303273,"level":"debug","message":"Converting with chrome HeadlessChrome/105.0.5173.0 using chrome-pool strategy","meta":{"rootId":"ud6ozv3lrrj29hf","id":"ud6ozv3lrrj29hf"},"id":"zdesuxf18bhkmlg","previousOperationId":"tgxnu7cbojofr25"}
{"type":"log","timestamp":1674935303424,"level":"debug","message":"Page request: GET (document) file:///C:/Users/pollo/AppData/Local/Temp/jsreport/autocleanup/dfec5ae2-f1b3-4d00-b390-2a9a1f5f38ac-chrome-pdf.html","meta":{"rootId":"ud6ozv3lrrj29hf","id":"ud6ozv3lrrj29hf"},"id":"u4bf3iax6ynekp5","previousOperationId":"tgxnu7cbojofr25"}
{"type":"log","timestamp":1674935303492,"level":"debug","message":"Page request finished: GET (document) 200 file:///C:/Users/pollo/AppData/Local/Temp/jsreport/autocleanup/dfec5ae2-f1b3-4d00-b390-2a9a1f5f38ac-chrome-pdf.html","meta":{"rootId":"ud6ozv3lrrj29hf","id":"ud6ozv3lrrj29hf"},"id":"a7zivct2b2kjnec","previousOperationId":"tgxnu7cbojofr25"}
{"type":"log","timestamp":1674935303493,"level":"debug","message":"Page request: GET (stylesheet) https://cdnjs.cloudflare.com/ajax/libs/metro/4.1.5/css/metro.min.css","meta":{"rootId":"ud6ozv3lrrj29hf","id":"ud6ozv3lrrj29hf"},"id":"8iae6spp2k0qz0f","previousOperationId":"tgxnu7cbojofr25"}
{"type":"log","timestamp":1674935303493,"level":"debug","message":"Page request: GET (script) https://cdnjs.cloudflare.com/ajax/libs/Chart.js/2.7.2/Chart.min.js","meta":{"rootId":"ud6ozv3lrrj29hf","id":"ud6ozv3lrrj29hf"},"id":"iao5g914kohmtqy","previousOperationId":"tgxnu7cbojofr25"}
{"type":"log","timestamp":1674935306086,"level":"debug","message":"Page request finished: GET (script) 200 https://cdnjs.cloudflare.com/ajax/libs/Chart.js/2.7.2/Chart.min.js","meta":{"rootId":"ud6ozv3lrrj29hf","id":"ud6ozv3lrrj29hf"},"id":"wc9gjo85gz4m6ws","previousOperationId":"tgxnu7cbojofr25"}
{"type":"log","timestamp":1674935306218,"level":"debug","message":"Page request finished: GET (stylesheet) 200 https://cdnjs.cloudflare.com/ajax/libs/metro/4.1.5/css/metro.min.css","meta":{"rootId":"ud6ozv3lrrj29hf","id":"ud6ozv3lrrj29hf"},"id":"ey66yujg51n7gs2","previousOperationId":"tgxnu7cbojofr25"}
{"type":"log","timestamp":1674935306378,"level":"debug","message":"Running chrome with params {\"printBackground\":true,\"marginTop\":\"4cm\",\"marginRight\":\"1.5cm\",\"marginBottom\":\"1.5cm\",\"marginLeft\":\"1.5cm\",\"waitForJS\":false,\"timeout\":58205,\"margin\":{\"top\":\"4cm\",\"right\":\"1.5cm\",\"bottom\":\"1.5cm\",\"left\":\"1.5cm\"}}","meta":{"rootId":"ud6ozv3lrrj29hf","id":"ud6ozv3lrrj29hf"},"id":"ldsuqt7x9gmi3jg","previousOperationId":"tgxnu7cbojofr25"}
{"type":"operationEnd","operationId":"tgxnu7cbojofr25","timestamp":1674935306667,"id":"eprid408rursavz","previousEventId":"7zraxs4ggsaqcvd","previousOperationId":"tgxnu7cbojofr25"}
{"type":"log","timestamp":1674935306667,"level":"info","message":"pdf-utils is starting pdf processing","meta":{"rootId":"ud6ozv3lrrj29hf","id":"ud6ozv3lrrj29hf"},"id":"etnbqpdnv8mtt4u","previousOperationId":"tgxnu7cbojofr25"}
{"type":"operationStart","subtype":"pdfUtils","name":"pdf utils","timestamp":1674935307095,"id":"fc11vltl0obch2h","previousEventId":"eprid408rursavz","operationId":"heyoegum6moc92e","previousOperationId":"tgxnu7cbojofr25"}
{"type":"log","timestamp":1674935307096,"level":"debug","message":"pdf-utils detected 1 pdf operation(s) to process","meta":{"rootId":"ud6ozv3lrrj29hf","id":"ud6ozv3lrrj29hf"},"id":"6nupx9jcc1ietxa","previousOperationId":"heyoegum6moc92e"}
{"type":"log","timestamp":1674935307684,"level":"debug","message":"pdf-utils running pdf operation merge","meta":{"rootId":"ud6ozv3lrrj29hf","id":"ud6ozv3lrrj29hf"},"id":"oepflj3kfvq6gkx","previousOperationId":"heyoegum6moc92e"}
{"type":"operationStart","subtype":"pdfUtilsMerge","name":"pdf utils merge","previousOperationId":"heyoegum6moc92e","timestamp":1674935307684,"id":"uz2d1lv2os9r2wo","previousEventId":"fc11vltl0obch2h","operationId":"rv80kf32qyiada1"}
{"type":"operationStart","subtype":"render","name":"orders-header","previousOperationId":"rv80kf32qyiada1","timestamp":1674935307689,"id":"7s4tjrrw5yrcf98","previousEventId":"uz2d1lv2os9r2wo","operationId":"jhzdd0g11b2xjbl"}
{"type":"log","timestamp":1674935307689,"level":"info","message":"Starting rendering (child) request","meta":{"rootId":"ud6ozv3lrrj29hf","id":"l7c1ncqwb1aixaa"},"id":"9a3o0zngq4xxu0b","previousOperationId":"jhzdd0g11b2xjbl"}
{"type":"log","timestamp":1674935307690,"level":"info","message":"Rendering template { name: orders-header, recipe: chrome-pdf, engine: handlebars, preview: true }","meta":{"rootId":"ud6ozv3lrrj29hf","id":"l7c1ncqwb1aixaa"},"id":"obzbzsy3mxwksvs","previousOperationId":"jhzdd0g11b2xjbl"}
{"type":"log","timestamp":1674935307703,"level":"debug","message":"Inline data specified.","meta":{"rootId":"ud6ozv3lrrj29hf","id":"l7c1ncqwb1aixaa"},"id":"uzudicf1fisyb56","previousOperationId":"jhzdd0g11b2xjbl"}
{"type":"log","timestamp":1674935307706,"level":"debug","message":"Base url not specified, skipping its injection.","meta":{"rootId":"ud6ozv3lrrj29hf","id":"l7c1ncqwb1aixaa"},"id":"j48eoqqs0k2i21o","previousOperationId":"jhzdd0g11b2xjbl"}
{"type":"operationStart","subtype":"engine","name":"handlebars","timestamp":1674935307707,"id":"rfrc98caq5ro9u6","previousEventId":"7s4tjrrw5yrcf98","operationId":"828vm984mnz3jeg","previousOperationId":"jhzdd0g11b2xjbl"}
{"type":"log","timestamp":1674935307707,"level":"debug","message":"Rendering engine handlebars","meta":{"rootId":"ud6ozv3lrrj29hf","id":"l7c1ncqwb1aixaa"},"id":"zczylhgm41j4p3b","previousOperationId":"828vm984mnz3jeg"}
{"type":"operationEnd","operationId":"828vm984mnz3jeg","timestamp":1674935307754,"id":"n754b4ysuumzjrq","previousEventId":"rfrc98caq5ro9u6","previousOperationId":"828vm984mnz3jeg"}
{"type":"operationStart","subtype":"recipe","name":"chrome-pdf","timestamp":1674935307755,"id":"7iz51ku0cozsjhh","previousEventId":"n754b4ysuumzjrq","operationId":"rp0kbs4rvsexle6","previousOperationId":"828vm984mnz3jeg"}
{"type":"log","timestamp":1674935307755,"level":"debug","message":"Executing recipe chrome-pdf","meta":{"rootId":"ud6ozv3lrrj29hf","id":"l7c1ncqwb1aixaa"},"id":"uo1tjw4wkkkojqk","previousOperationId":"rp0kbs4rvsexle6"}
{"type":"log","timestamp":1674935307761,"level":"debug","message":"Converting with chrome HeadlessChrome/105.0.5173.0 using chrome-pool strategy","meta":{"rootId":"ud6ozv3lrrj29hf","id":"l7c1ncqwb1aixaa"},"id":"i5o8gw66l7me1ic","previousOperationId":"rp0kbs4rvsexle6"}
{"type":"log","timestamp":1674935307941,"level":"debug","message":"Page request: GET (document) file:///C:/Users/pollo/AppData/Local/Temp/jsreport/autocleanup/71c94cdd-8381-4417-837e-4dc407f8e268-chrome-pdf.html","meta":{"rootId":"ud6ozv3lrrj29hf","id":"l7c1ncqwb1aixaa"},"id":"ykvb3z1gkgcl55s","previousOperationId":"rp0kbs4rvsexle6"}
{"type":"log","timestamp":1674935307965,"level":"debug","message":"Page request finished: GET (document) 200 file:///C:/Users/pollo/AppData/Local/Temp/jsreport/autocleanup/71c94cdd-8381-4417-837e-4dc407f8e268-chrome-pdf.html","meta":{"rootId":"ud6ozv3lrrj29hf","id":"l7c1ncqwb1aixaa"},"id":"smr3ojhb5esqf5i","previousOperationId":"rp0kbs4rvsexle6"}
{"type":"log","timestamp":1674935307966,"level":"debug","message":"Page request: GET (stylesheet) https://cdnjs.cloudflare.com/ajax/libs/metro/4.1.5/css/metro.min.css","meta":{"rootId":"ud6ozv3lrrj29hf","id":"l7c1ncqwb1aixaa"},"id":"65lyvnophdp7tg4","previousOperationId":"rp0kbs4rvsexle6"}
{"type":"log","timestamp":1674935308003,"level":"debug","message":"Page request finished: GET (stylesheet) 200 https://cdnjs.cloudflare.com/ajax/libs/metro/4.1.5/css/metro.min.css","meta":{"rootId":"ud6ozv3lrrj29hf","id":"l7c1ncqwb1aixaa"},"id":"kv9owifeclf5sk8","previousOperationId":"rp0kbs4rvsexle6"}
{"type":"log","timestamp":1674935308046,"level":"debug","message":"Running chrome with params {\"printBackground\":true,\"marginTop\":\"1.5cm\",\"marginRight\":\"1.5cm\",\"marginLeft\":\"1.cm\",\"timeout\":53718,\"margin\":{\"top\":\"1.5cm\",\"right\":\"1.5cm\",\"left\":\"1.cm\"}}","meta":{"rootId":"ud6ozv3lrrj29hf","id":"l7c1ncqwb1aixaa"},"id":"p6etr7h5zxt6y7l","previousOperationId":"rp0kbs4rvsexle6"}
{"type":"operationEnd","operationId":"rp0kbs4rvsexle6","timestamp":1674935308162,"id":"nqrzx1t9gzln9m0","previousEventId":"7iz51ku0cozsjhh","previousOperationId":"rp0kbs4rvsexle6"}
{"type":"log","timestamp":1674935308163,"level":"debug","message":"Skipping storing report.","meta":{"rootId":"ud6ozv3lrrj29hf","id":"l7c1ncqwb1aixaa"},"id":"awidemk4zbpnw3i","previousOperationId":"rp0kbs4rvsexle6"}
{"type":"log","timestamp":1674935308163,"level":"info","message":"Rendering (child) request finished in 6686 ms","meta":{"rootId":"ud6ozv3lrrj29hf","id":"l7c1ncqwb1aixaa"},"id":"9pehllwi8ook1s1","previousOperationId":"rp0kbs4rvsexle6"}
{"type":"operationEnd","subtype":"render","operationId":"jhzdd0g11b2xjbl","timestamp":1674935308163,"id":"fuz4d5vnofupmjd","previousEventId":"nqrzx1t9gzln9m0","previousOperationId":"rp0kbs4rvsexle6"}
{"type":"operationEnd","operationId":"rv80kf32qyiada1","timestamp":1674935308231,"id":"tpbdjmx2rxj12dg","previousEventId":"uz2d1lv2os9r2wo","previousOperationId":"rv80kf32qyiada1"}
{"type":"log","timestamp":1674935308231,"level":"debug","message":"pdf-utils postproces start","meta":{"rootId":"ud6ozv3lrrj29hf","id":"ud6ozv3lrrj29hf"},"id":"e0e7cjmgmutj7mh","previousOperationId":"rv80kf32qyiada1"}
{"type":"log","timestamp":1674935308296,"level":"debug","message":"pdf-utils postproces end","meta":{"rootId":"ud6ozv3lrrj29hf","id":"ud6ozv3lrrj29hf"},"id":"ldaqwct6q7fmnty","previousOperationId":"rv80kf32qyiada1"}
{"type":"operationEnd","operationId":"heyoegum6moc92e","timestamp":1674935308296,"id":"gc7d8qijjl4ercp","previousEventId":"tpbdjmx2rxj12dg","previousOperationId":"rv80kf32qyiada1"}
{"type":"log","timestamp":1674935308297,"level":"info","message":"pdf-utils pdf processing was finished","meta":{"rootId":"ud6ozv3lrrj29hf","id":"ud6ozv3lrrj29hf"},"id":"kwey0qnpfjcbtb7","previousOperationId":"heyoegum6moc92e"}
{"type":"log","timestamp":1674935308297,"level":"debug","message":"Skipping storing report.","meta":{"rootId":"ud6ozv3lrrj29hf","id":"ud6ozv3lrrj29hf"},"id":"hdl037ru9qgsr9q","previousOperationId":"heyoegum6moc92e"}
{"type":"log","timestamp":1674935308297,"level":"info","message":"Rendering request 3 finished in 6820 ms","meta":{"rootId":"ud6ozv3lrrj29hf","id":"ud6ozv3lrrj29hf"},"id":"t5fn3c8bbw61v3h","previousOperationId":"heyoegum6moc92e"}
{"type":"operationEnd","subtype":"render","operationId":"s7dfgg4ew3xfnle","timestamp":1674935308297,"id":"rtdrs0t3yvgrpsn","previousEventId":"gc7d8qijjl4ercp","previousOperationId":"heyoegum6moc92e"}
{"type":"operationEnd","doDiffs":false,"previousEventId":"lsn1ua7rlgaxsn8","previousOperationId":"vrjg02y410ieyxt","operationId":"vrjg02y410ieyxt","timestamp":1674935308310,"id":"itzqrngy4rf2kzn"}
