{"type":"operationStart","subtype":"profile","data":{"_id":"pSHu1S2PeehQsPLy","timestamp":"2023-02-03T17:44:10.292Z","state":"queued","mode":"standard","creationDate":"2023-02-03T17:44:10.295Z","modificationDate":"2023-02-03T17:44:10.295Z","shortid":"AUofmK5","$entitySet":"profiles"},"doDiffs":false,"timestamp":1675446250293,"id":"1uqi484jjccnc2a","previousOperationId":null,"operationId":"h0sp982dyjlaoy6"}
{"type":"log","level":"info","message":"Render request 7 queued for execution and waiting for available worker","previousOperationId":"h0sp982dyjlaoy6","timestamp":1675446250294,"id":"l1sk2iv2dgf02nm"}
{"type":"operationStart","subtype":"render","name":"orders-main","previousOperationId":"h0sp982dyjlaoy6","timestamp":1675446250304,"id":"4melfswitu5byju","previousEventId":"1uqi484jjccnc2a","operationId":"8hz4zmccz1k6sub"}
{"type":"log","timestamp":1675446250304,"level":"info","message":"Starting rendering request 7","meta":{"rootId":"uj4wmj1848xr499","id":"uj4wmj1848xr499"},"id":"wu0twlt4unjoc3i","previousOperationId":"8hz4zmccz1k6sub"}
{"type":"log","timestamp":1675446250304,"level":"info","message":"Rendering template { name: orders-main, recipe: chrome-pdf, engine: handlebars, preview: true }","meta":{"rootId":"uj4wmj1848xr499","id":"uj4wmj1848xr499"},"id":"iihj5j4ywlr6h1r","previousOperationId":"8hz4zmccz1k6sub"}
{"type":"log","timestamp":1675446250305,"level":"debug","message":"Data item not defined for this template.","meta":{"rootId":"uj4wmj1848xr499","id":"uj4wmj1848xr499"},"id":"tewk1q5hhnzk2mm","previousOperationId":"8hz4zmccz1k6sub"}
{"type":"log","timestamp":1675446250308,"level":"debug","message":"Executing script orders-script (beforeRender)","meta":{"rootId":"uj4wmj1848xr499","id":"uj4wmj1848xr499"},"id":"ynto5fgavjjh1j3","previousOperationId":"8hz4zmccz1k6sub"}
{"type":"operationStart","subtype":"scriptsBeforeRender","name":"scripts beforeRender","timestamp":1675446250336,"id":"dgfnhwg5ps97a7w","previousEventId":"4melfswitu5byju","operationId":"8jfqsnz4ymw9d08","previousOperationId":"8hz4zmccz1k6sub"}
{"type":"operationStart","subtype":"script","name":"scripts orders-script","previousOperationId":"8jfqsnz4ymw9d08","timestamp":1675446250336,"id":"c4wwfaz59pohcso","previousEventId":"dgfnhwg5ps97a7w","operationId":"ineb7jb5mgfrtss"}
{"type":"log","timestamp":1675446250542,"level":"debug","message":"(console:log) {\n  data: [\n    {\n      id: 1,\n      name: 'Antonio',\n      description: 'Aclamado director de la Orquesta Filarmónica de Gran Canaria'\n    },\n    {\n      id: 3,\n      name: 'Juana de Armas',\n      description: 'Aclamada directora de la Orquesta Filarmónica de Gran Canaria'\n    }\n  ]\n}","meta":{"userLevel":true,"rootId":"uj4wmj1848xr499","id":"uj4wmj1848xr499"},"id":"1sgi9sn8gvihtr3","previousOperationId":"ineb7jb5mgfrtss"}
{"type":"operationEnd","operationId":"ineb7jb5mgfrtss","timestamp":1675446250542,"id":"4ni9ne7ja2p06x9","previousEventId":"4melfswitu5byju","previousOperationId":"8hz4zmccz1k6sub"}
{"type":"operationEnd","operationId":"8jfqsnz4ymw9d08","timestamp":1675446250543,"id":"is1y7eyljoc3ew7","previousEventId":"4ni9ne7ja2p06x9","previousOperationId":"8hz4zmccz1k6sub"}
{"type":"log","timestamp":1675446250543,"level":"debug","message":"Base url not specified, skipping its injection.","meta":{"rootId":"uj4wmj1848xr499","id":"uj4wmj1848xr499"},"id":"2x6ippr8j9w6jvw","previousOperationId":"8jfqsnz4ymw9d08"}
{"type":"operationStart","subtype":"engine","name":"handlebars","timestamp":1675446250543,"id":"xh19aqkkshszeig","previousEventId":"is1y7eyljoc3ew7","operationId":"pa7ewxvmnhsdfbs","previousOperationId":"8jfqsnz4ymw9d08"}
{"type":"log","timestamp":1675446250543,"level":"debug","message":"Rendering engine handlebars","meta":{"rootId":"uj4wmj1848xr499","id":"uj4wmj1848xr499"},"id":"7kk8zslrh4q8nq9","previousOperationId":"pa7ewxvmnhsdfbs"}
{"type":"operationEnd","operationId":"pa7ewxvmnhsdfbs","timestamp":1675446250559,"id":"va2e4drsuazxny2","previousEventId":"xh19aqkkshszeig","previousOperationId":"pa7ewxvmnhsdfbs"}
{"type":"operationStart","subtype":"recipe","name":"chrome-pdf","timestamp":1675446250559,"id":"j4uzriac1xtb8qa","previousEventId":"va2e4drsuazxny2","operationId":"4sw8ss8lxmkfl9k","previousOperationId":"pa7ewxvmnhsdfbs"}
{"type":"log","timestamp":1675446250559,"level":"debug","message":"Executing recipe chrome-pdf","meta":{"rootId":"uj4wmj1848xr499","id":"uj4wmj1848xr499"},"id":"wcgttxbro8wa1ag","previousOperationId":"4sw8ss8lxmkfl9k"}
{"type":"log","timestamp":1675446250562,"level":"debug","message":"Converting with chrome HeadlessChrome/105.0.5173.0 using chrome-pool strategy","meta":{"rootId":"uj4wmj1848xr499","id":"uj4wmj1848xr499"},"id":"3fpaavx8hr02wqx","previousOperationId":"4sw8ss8lxmkfl9k"}
{"type":"log","timestamp":1675446250662,"level":"debug","message":"Page request: GET (document) file:///C:/Users/pollo/AppData/Local/Temp/jsreport/autocleanup/5a4e8fa6-af47-4e3e-9fd6-0805485fd0bc-chrome-pdf.html","meta":{"rootId":"uj4wmj1848xr499","id":"uj4wmj1848xr499"},"id":"8j5e1i3qvucemhe","previousOperationId":"4sw8ss8lxmkfl9k"}
{"type":"log","timestamp":1675446250673,"level":"debug","message":"Page request finished: GET (document) 200 file:///C:/Users/pollo/AppData/Local/Temp/jsreport/autocleanup/5a4e8fa6-af47-4e3e-9fd6-0805485fd0bc-chrome-pdf.html","meta":{"rootId":"uj4wmj1848xr499","id":"uj4wmj1848xr499"},"id":"m9qll7siylw93u9","previousOperationId":"4sw8ss8lxmkfl9k"}
{"type":"log","timestamp":1675446250673,"level":"debug","message":"Page request: GET (stylesheet) https://cdnjs.cloudflare.com/ajax/libs/metro/4.1.5/css/metro.min.css","meta":{"rootId":"uj4wmj1848xr499","id":"uj4wmj1848xr499"},"id":"jedkqayl2v1tceh","previousOperationId":"4sw8ss8lxmkfl9k"}
{"type":"log","timestamp":1675446250673,"level":"debug","message":"Page request: GET (script) https://cdnjs.cloudflare.com/ajax/libs/Chart.js/2.7.2/Chart.min.js","meta":{"rootId":"uj4wmj1848xr499","id":"uj4wmj1848xr499"},"id":"zg7k17zimmmybae","previousOperationId":"4sw8ss8lxmkfl9k"}
{"type":"log","timestamp":1675446250680,"level":"debug","message":"Page request finished: GET (script) 200 https://cdnjs.cloudflare.com/ajax/libs/Chart.js/2.7.2/Chart.min.js","meta":{"rootId":"uj4wmj1848xr499","id":"uj4wmj1848xr499"},"id":"p8gbtddq1zmx1f7","previousOperationId":"4sw8ss8lxmkfl9k"}
{"type":"log","timestamp":1675446250698,"level":"debug","message":"Page request finished: GET (stylesheet) 200 https://cdnjs.cloudflare.com/ajax/libs/metro/4.1.5/css/metro.min.css","meta":{"rootId":"uj4wmj1848xr499","id":"uj4wmj1848xr499"},"id":"n6lwnyma0j8om9j","previousOperationId":"4sw8ss8lxmkfl9k"}
{"type":"log","timestamp":1675446250709,"level":"debug","message":"Running chrome with params {\"printBackground\":true,\"marginTop\":\"4cm\",\"marginRight\":\"1.5cm\",\"marginBottom\":\"1.5cm\",\"marginLeft\":\"1.5cm\",\"waitForJS\":false,\"timeout\":59731,\"margin\":{\"top\":\"4cm\",\"right\":\"1.5cm\",\"bottom\":\"1.5cm\",\"left\":\"1.5cm\"}}","meta":{"rootId":"uj4wmj1848xr499","id":"uj4wmj1848xr499"},"id":"vr7bu9j6uc0k9gi","previousOperationId":"4sw8ss8lxmkfl9k"}
{"type":"operationEnd","operationId":"4sw8ss8lxmkfl9k","timestamp":1675446250740,"id":"fjb45b3qb0wh860","previousEventId":"j4uzriac1xtb8qa","previousOperationId":"4sw8ss8lxmkfl9k"}
{"type":"log","timestamp":1675446250740,"level":"info","message":"pdf-utils is starting pdf processing","meta":{"rootId":"uj4wmj1848xr499","id":"uj4wmj1848xr499"},"id":"kpn4ru00c93ye10","previousOperationId":"4sw8ss8lxmkfl9k"}
{"type":"operationStart","subtype":"pdfUtils","name":"pdf utils","timestamp":1675446250740,"id":"fi5iyg4vslpo42w","previousEventId":"fjb45b3qb0wh860","operationId":"39wo73w2pmkm3yx","previousOperationId":"4sw8ss8lxmkfl9k"}
{"type":"log","timestamp":1675446250740,"level":"debug","message":"pdf-utils detected 1 pdf operation(s) to process","meta":{"rootId":"uj4wmj1848xr499","id":"uj4wmj1848xr499"},"id":"o3wcvzwyxfya44x","previousOperationId":"39wo73w2pmkm3yx"}
{"type":"log","timestamp":1675446250745,"level":"debug","message":"pdf-utils running pdf operation merge","meta":{"rootId":"uj4wmj1848xr499","id":"uj4wmj1848xr499"},"id":"wjym0t09q617a35","previousOperationId":"39wo73w2pmkm3yx"}
{"type":"operationStart","subtype":"pdfUtilsMerge","name":"pdf utils merge","previousOperationId":"39wo73w2pmkm3yx","timestamp":1675446250745,"id":"4fy4r65shd0vz39","previousEventId":"fi5iyg4vslpo42w","operationId":"kpcudupd62hex1g"}
{"type":"operationStart","subtype":"render","name":"orders-header","previousOperationId":"kpcudupd62hex1g","timestamp":1675446250746,"id":"y0sb263z86uckar","previousEventId":"4fy4r65shd0vz39","operationId":"4dgpa1qe2dfiy31"}
{"type":"log","timestamp":1675446250746,"level":"info","message":"Starting rendering (child) request","meta":{"rootId":"uj4wmj1848xr499","id":"p6vm9l5za1dplun"},"id":"oqzywgsk5mixyru","previousOperationId":"4dgpa1qe2dfiy31"}
{"type":"log","timestamp":1675446250746,"level":"info","message":"Rendering template { name: orders-header, recipe: chrome-pdf, engine: handlebars, preview: true }","meta":{"rootId":"uj4wmj1848xr499","id":"p6vm9l5za1dplun"},"id":"vikrmu4mrm34zrb","previousOperationId":"4dgpa1qe2dfiy31"}
{"type":"log","timestamp":1675446250747,"level":"debug","message":"Inline data specified.","meta":{"rootId":"uj4wmj1848xr499","id":"p6vm9l5za1dplun"},"id":"cun7he7hadroovy","previousOperationId":"4dgpa1qe2dfiy31"}
{"type":"log","timestamp":1675446250765,"level":"debug","message":"Base url not specified, skipping its injection.","meta":{"rootId":"uj4wmj1848xr499","id":"p6vm9l5za1dplun"},"id":"06pwbll6oq6ioz6","previousOperationId":"4dgpa1qe2dfiy31"}
{"type":"operationStart","subtype":"engine","name":"handlebars","timestamp":1675446250765,"id":"hfc4hqdsik70z4x","previousEventId":"y0sb263z86uckar","operationId":"i2nhd74awcw062q","previousOperationId":"4dgpa1qe2dfiy31"}
{"type":"log","timestamp":1675446250765,"level":"debug","message":"Rendering engine handlebars","meta":{"rootId":"uj4wmj1848xr499","id":"p6vm9l5za1dplun"},"id":"uk7t1x5c1ty7m47","previousOperationId":"i2nhd74awcw062q"}
{"type":"operationEnd","operationId":"i2nhd74awcw062q","timestamp":1675446250775,"id":"0tcssc3g9d5dcyl","previousEventId":"hfc4hqdsik70z4x","previousOperationId":"i2nhd74awcw062q"}
{"type":"operationStart","subtype":"recipe","name":"chrome-pdf","timestamp":1675446250775,"id":"4w13h4wvyp5au48","previousEventId":"0tcssc3g9d5dcyl","operationId":"ij0bwvy30l1fk6j","previousOperationId":"i2nhd74awcw062q"}
{"type":"log","timestamp":1675446250775,"level":"debug","message":"Executing recipe chrome-pdf","meta":{"rootId":"uj4wmj1848xr499","id":"p6vm9l5za1dplun"},"id":"j5qbal4o0qbx4sc","previousOperationId":"ij0bwvy30l1fk6j"}
{"type":"log","timestamp":1675446250778,"level":"debug","message":"Converting with chrome HeadlessChrome/105.0.5173.0 using chrome-pool strategy","meta":{"rootId":"uj4wmj1848xr499","id":"p6vm9l5za1dplun"},"id":"fummwfzekplbcd6","previousOperationId":"ij0bwvy30l1fk6j"}
{"type":"log","timestamp":1675446250875,"level":"debug","message":"Page request: GET (document) file:///C:/Users/pollo/AppData/Local/Temp/jsreport/autocleanup/0f17dafb-13a4-47aa-a887-fd1e42bfcf6b-chrome-pdf.html","meta":{"rootId":"uj4wmj1848xr499","id":"p6vm9l5za1dplun"},"id":"ov52povjxkzcp7a","previousOperationId":"ij0bwvy30l1fk6j"}
{"type":"log","timestamp":1675446250885,"level":"debug","message":"Page request: GET (stylesheet) https://cdnjs.cloudflare.com/ajax/libs/metro/4.1.5/css/metro.min.css","meta":{"rootId":"uj4wmj1848xr499","id":"p6vm9l5za1dplun"},"id":"mjq85doklkpy9c5","previousOperationId":"ij0bwvy30l1fk6j"}
{"type":"log","timestamp":1675446250886,"level":"debug","message":"Page request finished: GET (document) 200 file:///C:/Users/pollo/AppData/Local/Temp/jsreport/autocleanup/0f17dafb-13a4-47aa-a887-fd1e42bfcf6b-chrome-pdf.html","meta":{"rootId":"uj4wmj1848xr499","id":"p6vm9l5za1dplun"},"id":"zbiikpf37tw2uvb","previousOperationId":"ij0bwvy30l1fk6j"}
{"type":"log","timestamp":1675446250906,"level":"debug","message":"Page request finished: GET (stylesheet) 200 https://cdnjs.cloudflare.com/ajax/libs/metro/4.1.5/css/metro.min.css","meta":{"rootId":"uj4wmj1848xr499","id":"p6vm9l5za1dplun"},"id":"a5o9vbjskvv3wn2","previousOperationId":"ij0bwvy30l1fk6j"}
{"type":"log","timestamp":1675446250929,"level":"debug","message":"Running chrome with params {\"printBackground\":true,\"marginTop\":\"1.5cm\",\"marginRight\":\"1.5cm\",\"marginLeft\":\"1.cm\",\"timeout\":59516,\"margin\":{\"top\":\"1.5cm\",\"right\":\"1.5cm\",\"left\":\"1.cm\"}}","meta":{"rootId":"uj4wmj1848xr499","id":"p6vm9l5za1dplun"},"id":"4a2lpk8e5ffijya","previousOperationId":"ij0bwvy30l1fk6j"}
{"type":"operationEnd","operationId":"ij0bwvy30l1fk6j","timestamp":1675446250984,"id":"rdnhitmwsvw73uc","previousEventId":"4w13h4wvyp5au48","previousOperationId":"ij0bwvy30l1fk6j"}
{"type":"log","timestamp":1675446250984,"level":"debug","message":"Skipping storing report.","meta":{"rootId":"uj4wmj1848xr499","id":"p6vm9l5za1dplun"},"id":"ak4vm8tvjre89mt","previousOperationId":"ij0bwvy30l1fk6j"}
{"type":"log","timestamp":1675446250984,"level":"info","message":"Rendering (child) request finished in 692 ms","meta":{"rootId":"uj4wmj1848xr499","id":"p6vm9l5za1dplun"},"id":"spyjnyxasxgl78m","previousOperationId":"ij0bwvy30l1fk6j"}
{"type":"operationEnd","subtype":"render","operationId":"4dgpa1qe2dfiy31","timestamp":1675446250985,"id":"xuwi6kg7xuw2wd9","previousEventId":"rdnhitmwsvw73uc","previousOperationId":"ij0bwvy30l1fk6j"}
{"type":"operationEnd","operationId":"kpcudupd62hex1g","timestamp":1675446250990,"id":"o5x5zya5iv0l2r6","previousEventId":"4fy4r65shd0vz39","previousOperationId":"kpcudupd62hex1g"}
{"type":"log","timestamp":1675446250990,"level":"debug","message":"pdf-utils postproces start","meta":{"rootId":"uj4wmj1848xr499","id":"uj4wmj1848xr499"},"id":"38e7m8uvo17dpa5","previousOperationId":"kpcudupd62hex1g"}
{"type":"log","timestamp":1675446250996,"level":"debug","message":"pdf-utils postproces end","meta":{"rootId":"uj4wmj1848xr499","id":"uj4wmj1848xr499"},"id":"68oyvi6lrfpid0g","previousOperationId":"kpcudupd62hex1g"}
{"type":"operationEnd","operationId":"39wo73w2pmkm3yx","timestamp":1675446250996,"id":"fyrkyve5i0g6dwm","previousEventId":"o5x5zya5iv0l2r6","previousOperationId":"kpcudupd62hex1g"}
{"type":"log","timestamp":1675446250996,"level":"info","message":"pdf-utils pdf processing was finished","meta":{"rootId":"uj4wmj1848xr499","id":"uj4wmj1848xr499"},"id":"rui8boen6s2zgys","previousOperationId":"39wo73w2pmkm3yx"}
{"type":"log","timestamp":1675446250996,"level":"debug","message":"Skipping storing report.","meta":{"rootId":"uj4wmj1848xr499","id":"uj4wmj1848xr499"},"id":"alozmwgqa0117bi","previousOperationId":"39wo73w2pmkm3yx"}
{"type":"log","timestamp":1675446250996,"level":"info","message":"Rendering request 7 finished in 704 ms","meta":{"rootId":"uj4wmj1848xr499","id":"uj4wmj1848xr499"},"id":"7fhquhiggujnnr7","previousOperationId":"39wo73w2pmkm3yx"}
{"type":"operationEnd","subtype":"render","operationId":"8hz4zmccz1k6sub","timestamp":1675446250996,"id":"ewfy2ci1ms2z3rf","previousEventId":"fyrkyve5i0g6dwm","previousOperationId":"39wo73w2pmkm3yx"}
{"type":"operationEnd","doDiffs":false,"previousEventId":"1uqi484jjccnc2a","previousOperationId":"h0sp982dyjlaoy6","operationId":"h0sp982dyjlaoy6","timestamp":1675446251005,"id":"q1tpe2dt8qkbrg8"}
