{"type":"operationStart","subtype":"profile","data":{"_id":"0KosOXZxCdHLIwhA","timestamp":"2023-02-05T17:33:07.304Z","state":"queued","mode":"standard","creationDate":"2023-02-05T17:33:07.305Z","modificationDate":"2023-02-05T17:33:07.305Z","shortid":"VVmJcLn","$entitySet":"profiles"},"doDiffs":false,"timestamp":1675618387305,"id":"seqdsowybbf8gs5","previousOperationId":null,"operationId":"nzadjzag2wswtyx"}
{"type":"log","level":"info","message":"Render request 6 queued for execution and waiting for available worker","previousOperationId":"nzadjzag2wswtyx","timestamp":1675618387305,"id":"soxvlxgu8va7aav"}
{"type":"operationStart","subtype":"render","name":"orders-main","previousOperationId":"nzadjzag2wswtyx","timestamp":1675618387315,"id":"keqs09rnkvtnn8v","previousEventId":"seqdsowybbf8gs5","operationId":"ukks988c39brpxu"}
{"type":"log","timestamp":1675618387315,"level":"info","message":"Starting rendering request 6","meta":{"rootId":"uskr4h6l4d2rj4h","id":"uskr4h6l4d2rj4h"},"id":"not6dkwypqut3xo","previousOperationId":"ukks988c39brpxu"}
{"type":"log","timestamp":1675618387315,"level":"info","message":"Rendering template { name: orders-main, recipe: chrome-pdf, engine: handlebars, preview: true }","meta":{"rootId":"uskr4h6l4d2rj4h","id":"uskr4h6l4d2rj4h"},"id":"5tr7vdau8vfeqe6","previousOperationId":"ukks988c39brpxu"}
{"type":"log","timestamp":1675618387316,"level":"debug","message":"Data item not defined for this template.","meta":{"rootId":"uskr4h6l4d2rj4h","id":"uskr4h6l4d2rj4h"},"id":"5esw59cz5qyntt1","previousOperationId":"ukks988c39brpxu"}
{"type":"log","timestamp":1675618387320,"level":"debug","message":"Executing script orders-script (beforeRender)","meta":{"rootId":"uskr4h6l4d2rj4h","id":"uskr4h6l4d2rj4h"},"id":"sgwbzaou762qqsa","previousOperationId":"ukks988c39brpxu"}
{"type":"operationStart","subtype":"scriptsBeforeRender","name":"scripts beforeRender","timestamp":1675618387358,"id":"98y57flwtx1pdjx","previousEventId":"keqs09rnkvtnn8v","operationId":"j1uio8qgb4cz89g","previousOperationId":"ukks988c39brpxu"}
{"type":"operationStart","subtype":"script","name":"scripts orders-script","previousOperationId":"j1uio8qgb4cz89g","timestamp":1675618387358,"id":"0rhj0cl495h5qc5","previousEventId":"98y57flwtx1pdjx","operationId":"7kyv9t3k47zptgq"}
{"type":"log","timestamp":1675618387597,"level":"debug","message":"(console:log) {\n  data: [\n    {\n      id: 1,\n      name: 'Antonio',\n      description: 'Aclamado director de la Orquesta Filarmónica de Gran Canaria',\n      pieces: [Array],\n      count: 2\n    },\n    {\n      id: 3,\n      name: 'Juana de Armas',\n      description: 'Aclamada directora de la Orquesta Filarmónica de Gran Canaria',\n      pieces: [Array],\n      count: 4\n    }\n  ]\n}","meta":{"userLevel":true,"rootId":"uskr4h6l4d2rj4h","id":"uskr4h6l4d2rj4h"},"id":"sz95sz4bb2865kt","previousOperationId":"7kyv9t3k47zptgq"}
{"type":"operationEnd","operationId":"7kyv9t3k47zptgq","timestamp":1675618387597,"id":"spk956dsqfxkdtt","previousEventId":"keqs09rnkvtnn8v","previousOperationId":"ukks988c39brpxu"}
{"type":"operationEnd","operationId":"j1uio8qgb4cz89g","timestamp":1675618387597,"id":"forys8r1ywtstk0","previousEventId":"spk956dsqfxkdtt","previousOperationId":"ukks988c39brpxu"}
{"type":"log","timestamp":1675618387597,"level":"debug","message":"Base url not specified, skipping its injection.","meta":{"rootId":"uskr4h6l4d2rj4h","id":"uskr4h6l4d2rj4h"},"id":"nohjyan2iuty9cv","previousOperationId":"j1uio8qgb4cz89g"}
{"type":"operationStart","subtype":"engine","name":"handlebars","timestamp":1675618387597,"id":"5l3jz56sd6dmdva","previousEventId":"forys8r1ywtstk0","operationId":"bnylzuhyqudvdqx","previousOperationId":"j1uio8qgb4cz89g"}
{"type":"log","timestamp":1675618387597,"level":"debug","message":"Rendering engine handlebars","meta":{"rootId":"uskr4h6l4d2rj4h","id":"uskr4h6l4d2rj4h"},"id":"7i0q1hix9cvypr2","previousOperationId":"bnylzuhyqudvdqx"}
{"type":"operationEnd","operationId":"bnylzuhyqudvdqx","timestamp":1675618387615,"id":"sfb0m2pb5bi0205","previousEventId":"5l3jz56sd6dmdva","previousOperationId":"bnylzuhyqudvdqx"}
{"type":"operationStart","subtype":"recipe","name":"chrome-pdf","timestamp":1675618387616,"id":"7hmpdb8qp9i3npy","previousEventId":"sfb0m2pb5bi0205","operationId":"ll9z96ermjq7mg1","previousOperationId":"bnylzuhyqudvdqx"}
{"type":"log","timestamp":1675618387616,"level":"debug","message":"Executing recipe chrome-pdf","meta":{"rootId":"uskr4h6l4d2rj4h","id":"uskr4h6l4d2rj4h"},"id":"0mn07adapitjqk8","previousOperationId":"ll9z96ermjq7mg1"}
{"type":"log","timestamp":1675618387620,"level":"debug","message":"Converting with chrome HeadlessChrome/105.0.5173.0 using chrome-pool strategy","meta":{"rootId":"uskr4h6l4d2rj4h","id":"uskr4h6l4d2rj4h"},"id":"msw4sags23g8lqe","previousOperationId":"ll9z96ermjq7mg1"}
{"type":"log","timestamp":1675618387740,"level":"debug","message":"Page request: GET (document) file:///C:/Users/pollo/AppData/Local/Temp/jsreport/autocleanup/4618b87e-6e6f-4c54-8274-68f166c0701e-chrome-pdf.html","meta":{"rootId":"uskr4h6l4d2rj4h","id":"uskr4h6l4d2rj4h"},"id":"8se48nzmsob8s0m","previousOperationId":"ll9z96ermjq7mg1"}
{"type":"log","timestamp":1675618387755,"level":"debug","message":"Page request finished: GET (document) 200 file:///C:/Users/pollo/AppData/Local/Temp/jsreport/autocleanup/4618b87e-6e6f-4c54-8274-68f166c0701e-chrome-pdf.html","meta":{"rootId":"uskr4h6l4d2rj4h","id":"uskr4h6l4d2rj4h"},"id":"98mjtexcm10h6gj","previousOperationId":"ll9z96ermjq7mg1"}
{"type":"log","timestamp":1675618387755,"level":"debug","message":"Page request: GET (stylesheet) https://cdnjs.cloudflare.com/ajax/libs/metro/4.1.5/css/metro.min.css","meta":{"rootId":"uskr4h6l4d2rj4h","id":"uskr4h6l4d2rj4h"},"id":"r0rdbuc3s85hxu9","previousOperationId":"ll9z96ermjq7mg1"}
{"type":"log","timestamp":1675618387756,"level":"debug","message":"Page request: GET (script) https://cdnjs.cloudflare.com/ajax/libs/Chart.js/2.7.2/Chart.min.js","meta":{"rootId":"uskr4h6l4d2rj4h","id":"uskr4h6l4d2rj4h"},"id":"kohysfh3e18byk0","previousOperationId":"ll9z96ermjq7mg1"}
{"type":"log","timestamp":1675618387764,"level":"debug","message":"Page request finished: GET (script) 200 https://cdnjs.cloudflare.com/ajax/libs/Chart.js/2.7.2/Chart.min.js","meta":{"rootId":"uskr4h6l4d2rj4h","id":"uskr4h6l4d2rj4h"},"id":"15bqyrflfdzha8l","previousOperationId":"ll9z96ermjq7mg1"}
{"type":"log","timestamp":1675618387782,"level":"debug","message":"Page request finished: GET (stylesheet) 200 https://cdnjs.cloudflare.com/ajax/libs/metro/4.1.5/css/metro.min.css","meta":{"rootId":"uskr4h6l4d2rj4h","id":"uskr4h6l4d2rj4h"},"id":"p74shgxsuai5eus","previousOperationId":"ll9z96ermjq7mg1"}
{"type":"log","timestamp":1675618387815,"level":"debug","message":"Running chrome with params {\"printBackground\":true,\"marginTop\":\"4cm\",\"marginRight\":\"1.5cm\",\"marginBottom\":\"1.5cm\",\"marginLeft\":\"1.5cm\",\"waitForJS\":false,\"timeout\":59685,\"margin\":{\"top\":\"4cm\",\"right\":\"1.5cm\",\"bottom\":\"1.5cm\",\"left\":\"1.5cm\"}}","meta":{"rootId":"uskr4h6l4d2rj4h","id":"uskr4h6l4d2rj4h"},"id":"coiq8vf8m42t0fm","previousOperationId":"ll9z96ermjq7mg1"}
{"type":"operationEnd","operationId":"ll9z96ermjq7mg1","timestamp":1675618387895,"id":"x11o0vks9mmeovn","previousEventId":"7hmpdb8qp9i3npy","previousOperationId":"ll9z96ermjq7mg1"}
{"type":"log","timestamp":1675618387895,"level":"info","message":"pdf-utils is starting pdf processing","meta":{"rootId":"uskr4h6l4d2rj4h","id":"uskr4h6l4d2rj4h"},"id":"hvh7xqo2sw33t08","previousOperationId":"ll9z96ermjq7mg1"}
{"type":"operationStart","subtype":"pdfUtils","name":"pdf utils","timestamp":1675618387895,"id":"zvexqx1xtic2yxb","previousEventId":"x11o0vks9mmeovn","operationId":"pcli8txl714adq7","previousOperationId":"ll9z96ermjq7mg1"}
{"type":"log","timestamp":1675618387895,"level":"debug","message":"pdf-utils detected 1 pdf operation(s) to process","meta":{"rootId":"uskr4h6l4d2rj4h","id":"uskr4h6l4d2rj4h"},"id":"f3wc7t0fww7bl85","previousOperationId":"pcli8txl714adq7"}
{"type":"log","timestamp":1675618387920,"level":"debug","message":"pdf-utils running pdf operation merge","meta":{"rootId":"uskr4h6l4d2rj4h","id":"uskr4h6l4d2rj4h"},"id":"9hsspj7jhwdnuub","previousOperationId":"pcli8txl714adq7"}
{"type":"operationStart","subtype":"pdfUtilsMerge","name":"pdf utils merge","previousOperationId":"pcli8txl714adq7","timestamp":1675618387920,"id":"twmd29qydxjo2z5","previousEventId":"zvexqx1xtic2yxb","operationId":"fqghtg3t7o3gd56"}
{"type":"operationStart","subtype":"render","name":"orders-header","previousOperationId":"fqghtg3t7o3gd56","timestamp":1675618387921,"id":"3p8grvaakcoeomt","previousEventId":"twmd29qydxjo2z5","operationId":"dw4xq4u6ufil7bi"}
{"type":"log","timestamp":1675618387921,"level":"info","message":"Starting rendering (child) request","meta":{"rootId":"uskr4h6l4d2rj4h","id":"svda3egrozxvn2n"},"id":"tgrjvf56aezszkm","previousOperationId":"dw4xq4u6ufil7bi"}
{"type":"log","timestamp":1675618387921,"level":"info","message":"Rendering template { name: orders-header, recipe: chrome-pdf, engine: handlebars, preview: true }","meta":{"rootId":"uskr4h6l4d2rj4h","id":"svda3egrozxvn2n"},"id":"1vibjg6wjeufejv","previousOperationId":"dw4xq4u6ufil7bi"}
{"type":"log","timestamp":1675618387922,"level":"debug","message":"Inline data specified.","meta":{"rootId":"uskr4h6l4d2rj4h","id":"svda3egrozxvn2n"},"id":"ssh1c57q802ekfo","previousOperationId":"dw4xq4u6ufil7bi"}
{"type":"log","timestamp":1675618387925,"level":"debug","message":"Base url not specified, skipping its injection.","meta":{"rootId":"uskr4h6l4d2rj4h","id":"svda3egrozxvn2n"},"id":"n8jcxrh36a84agb","previousOperationId":"dw4xq4u6ufil7bi"}
{"type":"operationStart","subtype":"engine","name":"handlebars","timestamp":1675618387926,"id":"vslfuvi3x83xvp7","previousEventId":"3p8grvaakcoeomt","operationId":"o6jg6qxng5az66i","previousOperationId":"dw4xq4u6ufil7bi"}
{"type":"log","timestamp":1675618387926,"level":"debug","message":"Rendering engine handlebars","meta":{"rootId":"uskr4h6l4d2rj4h","id":"svda3egrozxvn2n"},"id":"f5s1ni3hqfcrl2o","previousOperationId":"o6jg6qxng5az66i"}
{"type":"operationEnd","operationId":"o6jg6qxng5az66i","timestamp":1675618387950,"id":"kwvandj9cta47pp","previousEventId":"vslfuvi3x83xvp7","previousOperationId":"o6jg6qxng5az66i"}
{"type":"operationStart","subtype":"recipe","name":"chrome-pdf","timestamp":1675618387951,"id":"cypgme2kvk3k7hx","previousEventId":"kwvandj9cta47pp","operationId":"alin1hkafdx6ewt","previousOperationId":"o6jg6qxng5az66i"}
{"type":"log","timestamp":1675618387951,"level":"debug","message":"Executing recipe chrome-pdf","meta":{"rootId":"uskr4h6l4d2rj4h","id":"svda3egrozxvn2n"},"id":"5lfbt0viaba1ujd","previousOperationId":"alin1hkafdx6ewt"}
{"type":"log","timestamp":1675618387955,"level":"debug","message":"Converting with chrome HeadlessChrome/105.0.5173.0 using chrome-pool strategy","meta":{"rootId":"uskr4h6l4d2rj4h","id":"svda3egrozxvn2n"},"id":"tga3k8eyjr7ler1","previousOperationId":"alin1hkafdx6ewt"}
{"type":"log","timestamp":1675618388063,"level":"debug","message":"Page request: GET (document) file:///C:/Users/pollo/AppData/Local/Temp/jsreport/autocleanup/e3b8e694-77f7-4840-87dd-87ea44b81b4e-chrome-pdf.html","meta":{"rootId":"uskr4h6l4d2rj4h","id":"svda3egrozxvn2n"},"id":"gve6n7q92cx4pyk","previousOperationId":"alin1hkafdx6ewt"}
{"type":"log","timestamp":1675618388078,"level":"debug","message":"Page request finished: GET (document) 200 file:///C:/Users/pollo/AppData/Local/Temp/jsreport/autocleanup/e3b8e694-77f7-4840-87dd-87ea44b81b4e-chrome-pdf.html","meta":{"rootId":"uskr4h6l4d2rj4h","id":"svda3egrozxvn2n"},"id":"e7hzrksf2le4tb4","previousOperationId":"alin1hkafdx6ewt"}
{"type":"log","timestamp":1675618388079,"level":"debug","message":"Page request: GET (stylesheet) https://cdnjs.cloudflare.com/ajax/libs/metro/4.1.5/css/metro.min.css","meta":{"rootId":"uskr4h6l4d2rj4h","id":"svda3egrozxvn2n"},"id":"ouvd72omiubda1i","previousOperationId":"alin1hkafdx6ewt"}
{"type":"log","timestamp":1675618388103,"level":"debug","message":"Page request finished: GET (stylesheet) 200 https://cdnjs.cloudflare.com/ajax/libs/metro/4.1.5/css/metro.min.css","meta":{"rootId":"uskr4h6l4d2rj4h","id":"svda3egrozxvn2n"},"id":"gp54xajphunm7hv","previousOperationId":"alin1hkafdx6ewt"}
{"type":"log","timestamp":1675618388124,"level":"debug","message":"Running chrome with params {\"printBackground\":true,\"marginTop\":\"1.5cm\",\"marginRight\":\"1.5cm\",\"marginLeft\":\"1.cm\",\"timeout\":59351,\"margin\":{\"top\":\"1.5cm\",\"right\":\"1.5cm\",\"left\":\"1.cm\"}}","meta":{"rootId":"uskr4h6l4d2rj4h","id":"svda3egrozxvn2n"},"id":"v5baaghznodkqot","previousOperationId":"alin1hkafdx6ewt"}
{"type":"operationEnd","operationId":"alin1hkafdx6ewt","timestamp":1675618388182,"id":"feit60vkegoi58b","previousEventId":"cypgme2kvk3k7hx","previousOperationId":"alin1hkafdx6ewt"}
{"type":"log","timestamp":1675618388182,"level":"debug","message":"Skipping storing report.","meta":{"rootId":"uskr4h6l4d2rj4h","id":"svda3egrozxvn2n"},"id":"sm91q1u3fbc72ow","previousOperationId":"alin1hkafdx6ewt"}
{"type":"log","timestamp":1675618388182,"level":"info","message":"Rendering (child) request finished in 878 ms","meta":{"rootId":"uskr4h6l4d2rj4h","id":"svda3egrozxvn2n"},"id":"qqjbps9jwglpknl","previousOperationId":"alin1hkafdx6ewt"}
{"type":"operationEnd","subtype":"render","operationId":"dw4xq4u6ufil7bi","timestamp":1675618388182,"id":"hay5623cc8wnl6s","previousEventId":"feit60vkegoi58b","previousOperationId":"alin1hkafdx6ewt"}
{"type":"operationEnd","operationId":"fqghtg3t7o3gd56","timestamp":1675618388191,"id":"tp1frkff5yu8ehp","previousEventId":"twmd29qydxjo2z5","previousOperationId":"fqghtg3t7o3gd56"}
{"type":"log","timestamp":1675618388191,"level":"debug","message":"pdf-utils postproces start","meta":{"rootId":"uskr4h6l4d2rj4h","id":"uskr4h6l4d2rj4h"},"id":"5c1wgha54ypg4kl","previousOperationId":"fqghtg3t7o3gd56"}
{"type":"log","timestamp":1675618388198,"level":"debug","message":"pdf-utils postproces end","meta":{"rootId":"uskr4h6l4d2rj4h","id":"uskr4h6l4d2rj4h"},"id":"5epb3jmwgkmjcen","previousOperationId":"fqghtg3t7o3gd56"}
{"type":"operationEnd","operationId":"pcli8txl714adq7","timestamp":1675618388198,"id":"vulubfkn6i17ud2","previousEventId":"tp1frkff5yu8ehp","previousOperationId":"fqghtg3t7o3gd56"}
{"type":"log","timestamp":1675618388198,"level":"info","message":"pdf-utils pdf processing was finished","meta":{"rootId":"uskr4h6l4d2rj4h","id":"uskr4h6l4d2rj4h"},"id":"mnbaele0b6hd7r7","previousOperationId":"pcli8txl714adq7"}
{"type":"log","timestamp":1675618388198,"level":"debug","message":"Skipping storing report.","meta":{"rootId":"uskr4h6l4d2rj4h","id":"uskr4h6l4d2rj4h"},"id":"mq9ppuwylsz29ys","previousOperationId":"pcli8txl714adq7"}
{"type":"log","timestamp":1675618388198,"level":"info","message":"Rendering request 6 finished in 894 ms","meta":{"rootId":"uskr4h6l4d2rj4h","id":"uskr4h6l4d2rj4h"},"id":"rbpx4m5524m02nz","previousOperationId":"pcli8txl714adq7"}
{"type":"operationEnd","subtype":"render","operationId":"ukks988c39brpxu","timestamp":1675618388198,"id":"m8gznq9yyrh1fcn","previousEventId":"vulubfkn6i17ud2","previousOperationId":"pcli8txl714adq7"}
{"type":"operationEnd","doDiffs":false,"previousEventId":"seqdsowybbf8gs5","previousOperationId":"nzadjzag2wswtyx","operationId":"nzadjzag2wswtyx","timestamp":1675618388205,"id":"w99m6z16ywk6qfw"}
