{"type":"operationStart","subtype":"profile","data":{"_id":"VZRyDgP8XtiRF8vF","timestamp":"2023-02-05T19:18:17.926Z","state":"queued","mode":"standard","creationDate":"2023-02-05T19:18:17.928Z","modificationDate":"2023-02-05T19:18:17.928Z","shortid":"j0Blyc8","$entitySet":"profiles"},"doDiffs":false,"timestamp":1675624697927,"id":"wujtuiogt7knrps","previousOperationId":null,"operationId":"y8hvzs8ihei2adm"}
{"type":"log","level":"info","message":"Render request 51 queued for execution and waiting for available worker","previousOperationId":"y8hvzs8ihei2adm","timestamp":1675624697927,"id":"h6q1njlbjpbth6t"}
{"type":"operationStart","subtype":"render","name":"orders-main","previousOperationId":"y8hvzs8ihei2adm","timestamp":1675624697937,"id":"5a256j806pwpqqn","previousEventId":"wujtuiogt7knrps","operationId":"65rfsz45ggm80ir"}
{"type":"log","timestamp":1675624697938,"level":"info","message":"Starting rendering request 51","meta":{"rootId":"uwz2brqjdos6zeq","id":"uwz2brqjdos6zeq"},"id":"cgpqjd0uvqqizgc","previousOperationId":"65rfsz45ggm80ir"}
{"type":"log","timestamp":1675624697938,"level":"info","message":"Rendering template { name: orders-main, recipe: chrome-pdf, engine: handlebars, preview: true }","meta":{"rootId":"uwz2brqjdos6zeq","id":"uwz2brqjdos6zeq"},"id":"mf0bzktcsz55w9b","previousOperationId":"65rfsz45ggm80ir"}
{"type":"log","timestamp":1675624697940,"level":"debug","message":"Data item not defined for this template.","meta":{"rootId":"uwz2brqjdos6zeq","id":"uwz2brqjdos6zeq"},"id":"a6gc1lmjwt95sqi","previousOperationId":"65rfsz45ggm80ir"}
{"type":"log","timestamp":1675624697944,"level":"debug","message":"Executing script orders-script (beforeRender)","meta":{"rootId":"uwz2brqjdos6zeq","id":"uwz2brqjdos6zeq"},"id":"x1mfwahdvnqbt82","previousOperationId":"65rfsz45ggm80ir"}
{"type":"operationStart","subtype":"scriptsBeforeRender","name":"scripts beforeRender","timestamp":1675624697970,"id":"d1xny5l33jdj1l5","previousEventId":"5a256j806pwpqqn","operationId":"weulrrtjc8afqbc","previousOperationId":"65rfsz45ggm80ir"}
{"type":"operationStart","subtype":"script","name":"scripts orders-script","previousOperationId":"weulrrtjc8afqbc","timestamp":1675624697970,"id":"ue1ejof8zb36shi","previousEventId":"d1xny5l33jdj1l5","operationId":"ddmv28ytjuxzwvc"}
{"type":"log","timestamp":1675624698258,"level":"debug","message":"(console:log) [ 2, 4 ]","meta":{"userLevel":true,"rootId":"uwz2brqjdos6zeq","id":"uwz2brqjdos6zeq"},"id":"u6opnuyisbgfird","previousOperationId":"ddmv28ytjuxzwvc"}
{"type":"operationEnd","operationId":"ddmv28ytjuxzwvc","timestamp":1675624698259,"id":"hchzjwykcngq7ry","previousEventId":"5a256j806pwpqqn","previousOperationId":"65rfsz45ggm80ir"}
{"type":"operationEnd","operationId":"weulrrtjc8afqbc","timestamp":1675624698259,"id":"s1jcutjngs5erpz","previousEventId":"hchzjwykcngq7ry","previousOperationId":"65rfsz45ggm80ir"}
{"type":"log","timestamp":1675624698259,"level":"debug","message":"Base url not specified, skipping its injection.","meta":{"rootId":"uwz2brqjdos6zeq","id":"uwz2brqjdos6zeq"},"id":"wwq9m25gbuf0s9v","previousOperationId":"weulrrtjc8afqbc"}
{"type":"operationStart","subtype":"engine","name":"handlebars","timestamp":1675624698259,"id":"tmgl5zjy2d7k1uf","previousEventId":"s1jcutjngs5erpz","operationId":"qmlyqrx7ie19tv9","previousOperationId":"weulrrtjc8afqbc"}
{"type":"log","timestamp":1675624698259,"level":"debug","message":"Rendering engine handlebars","meta":{"rootId":"uwz2brqjdos6zeq","id":"uwz2brqjdos6zeq"},"id":"hu1zlrbifarcm9z","previousOperationId":"qmlyqrx7ie19tv9"}
{"type":"operationEnd","operationId":"qmlyqrx7ie19tv9","timestamp":1675624698273,"id":"s6sf1jv239z58dy","previousEventId":"tmgl5zjy2d7k1uf","previousOperationId":"qmlyqrx7ie19tv9"}
{"type":"operationStart","subtype":"recipe","name":"chrome-pdf","timestamp":1675624698273,"id":"hdh4zhsikd7zrng","previousEventId":"s6sf1jv239z58dy","operationId":"esgvsojwd61qpbm","previousOperationId":"qmlyqrx7ie19tv9"}
{"type":"log","timestamp":1675624698273,"level":"debug","message":"Executing recipe chrome-pdf","meta":{"rootId":"uwz2brqjdos6zeq","id":"uwz2brqjdos6zeq"},"id":"6smf154169y1wez","previousOperationId":"esgvsojwd61qpbm"}
{"type":"log","timestamp":1675624698276,"level":"debug","message":"Converting with chrome HeadlessChrome/105.0.5173.0 using chrome-pool strategy","meta":{"rootId":"uwz2brqjdos6zeq","id":"uwz2brqjdos6zeq"},"id":"n4axvi37nbnd4sh","previousOperationId":"esgvsojwd61qpbm"}
{"type":"log","timestamp":1675624698380,"level":"debug","message":"Page request: GET (document) file:///C:/Users/pollo/AppData/Local/Temp/jsreport/autocleanup/f60ffb3c-2131-44db-9612-b2200b74d8c5-chrome-pdf.html","meta":{"rootId":"uwz2brqjdos6zeq","id":"uwz2brqjdos6zeq"},"id":"w9910rts907rv14","previousOperationId":"esgvsojwd61qpbm"}
{"type":"log","timestamp":1675624698403,"level":"debug","message":"Page request finished: GET (document) 200 file:///C:/Users/pollo/AppData/Local/Temp/jsreport/autocleanup/f60ffb3c-2131-44db-9612-b2200b74d8c5-chrome-pdf.html","meta":{"rootId":"uwz2brqjdos6zeq","id":"uwz2brqjdos6zeq"},"id":"r63k9j0ilahd3zm","previousOperationId":"esgvsojwd61qpbm"}
{"type":"log","timestamp":1675624698403,"level":"debug","message":"Page request: GET (stylesheet) https://cdnjs.cloudflare.com/ajax/libs/metro/4.1.5/css/metro.min.css","meta":{"rootId":"uwz2brqjdos6zeq","id":"uwz2brqjdos6zeq"},"id":"dd5jguirew86ar4","previousOperationId":"esgvsojwd61qpbm"}
{"type":"log","timestamp":1675624698404,"level":"debug","message":"Page request: GET (script) https://cdn.jsdelivr.net/npm/chart.js","meta":{"rootId":"uwz2brqjdos6zeq","id":"uwz2brqjdos6zeq"},"id":"8xkxl9ft04u3yd6","previousOperationId":"esgvsojwd61qpbm"}
{"type":"log","timestamp":1675624698411,"level":"debug","message":"Page request finished: GET (script) 200 https://cdn.jsdelivr.net/npm/chart.js","meta":{"rootId":"uwz2brqjdos6zeq","id":"uwz2brqjdos6zeq"},"id":"gyl5itjioa7l6yv","previousOperationId":"esgvsojwd61qpbm"}
{"type":"log","timestamp":1675624698428,"level":"debug","message":"Page request finished: GET (stylesheet) 200 https://cdnjs.cloudflare.com/ajax/libs/metro/4.1.5/css/metro.min.css","meta":{"rootId":"uwz2brqjdos6zeq","id":"uwz2brqjdos6zeq"},"id":"w56hh28snpg6bf1","previousOperationId":"esgvsojwd61qpbm"}
{"type":"log","timestamp":1675624698433,"level":"warn","message":"Page error: SyntaxError: Unexpected identifier","meta":{"rootId":"uwz2brqjdos6zeq","id":"uwz2brqjdos6zeq"},"id":"79o6mir7ed36wfh","previousOperationId":"esgvsojwd61qpbm"}
{"type":"log","timestamp":1675624698461,"level":"debug","message":"Running chrome with params {\"printBackground\":true,\"marginTop\":\"4cm\",\"marginRight\":\"1.5cm\",\"marginBottom\":\"1.5cm\",\"marginLeft\":\"1.5cm\",\"waitForJS\":false,\"timeout\":59651,\"margin\":{\"top\":\"4cm\",\"right\":\"1.5cm\",\"bottom\":\"1.5cm\",\"left\":\"1.5cm\"}}","meta":{"rootId":"uwz2brqjdos6zeq","id":"uwz2brqjdos6zeq"},"id":"jx947galxks3h22","previousOperationId":"esgvsojwd61qpbm"}
{"type":"operationEnd","operationId":"esgvsojwd61qpbm","timestamp":1675624698538,"id":"p2vjph178mrv64e","previousEventId":"hdh4zhsikd7zrng","previousOperationId":"esgvsojwd61qpbm"}
{"type":"log","timestamp":1675624698538,"level":"info","message":"pdf-utils is starting pdf processing","meta":{"rootId":"uwz2brqjdos6zeq","id":"uwz2brqjdos6zeq"},"id":"27isend848nfk5s","previousOperationId":"esgvsojwd61qpbm"}
{"type":"operationStart","subtype":"pdfUtils","name":"pdf utils","timestamp":1675624698538,"id":"7kzfrjhaupkw9a3","previousEventId":"p2vjph178mrv64e","operationId":"bfk5mlnqqzamb1q","previousOperationId":"esgvsojwd61qpbm"}
{"type":"log","timestamp":1675624698538,"level":"debug","message":"pdf-utils detected 1 pdf operation(s) to process","meta":{"rootId":"uwz2brqjdos6zeq","id":"uwz2brqjdos6zeq"},"id":"79jur39j71ihwna","previousOperationId":"bfk5mlnqqzamb1q"}
{"type":"log","timestamp":1675624698553,"level":"debug","message":"pdf-utils running pdf operation merge","meta":{"rootId":"uwz2brqjdos6zeq","id":"uwz2brqjdos6zeq"},"id":"tm0qxlv9oei4fq1","previousOperationId":"bfk5mlnqqzamb1q"}
{"type":"operationStart","subtype":"pdfUtilsMerge","name":"pdf utils merge","previousOperationId":"bfk5mlnqqzamb1q","timestamp":1675624698553,"id":"sfsxlc8z1feaq7x","previousEventId":"7kzfrjhaupkw9a3","operationId":"nwpkus25hsieu2d"}
{"type":"operationStart","subtype":"render","name":"orders-header","previousOperationId":"nwpkus25hsieu2d","timestamp":1675624698554,"id":"cpf97at58ujykvh","previousEventId":"sfsxlc8z1feaq7x","operationId":"z4rk79jqojqsxbb"}
{"type":"log","timestamp":1675624698554,"level":"info","message":"Starting rendering (child) request","meta":{"rootId":"uwz2brqjdos6zeq","id":"wjitx3n5sh5j5i5"},"id":"s4epi7mkw2jfrli","previousOperationId":"z4rk79jqojqsxbb"}
{"type":"log","timestamp":1675624698554,"level":"info","message":"Rendering template { name: orders-header, recipe: chrome-pdf, engine: handlebars, preview: true }","meta":{"rootId":"uwz2brqjdos6zeq","id":"wjitx3n5sh5j5i5"},"id":"9k8ebvm5vhdf8ye","previousOperationId":"z4rk79jqojqsxbb"}
{"type":"log","timestamp":1675624698555,"level":"debug","message":"Inline data specified.","meta":{"rootId":"uwz2brqjdos6zeq","id":"wjitx3n5sh5j5i5"},"id":"lkobgswe18fbbax","previousOperationId":"z4rk79jqojqsxbb"}
{"type":"log","timestamp":1675624698558,"level":"debug","message":"Base url not specified, skipping its injection.","meta":{"rootId":"uwz2brqjdos6zeq","id":"wjitx3n5sh5j5i5"},"id":"r3as21b39yoq42y","previousOperationId":"z4rk79jqojqsxbb"}
{"type":"operationStart","subtype":"engine","name":"handlebars","timestamp":1675624698559,"id":"4ihab16p1n0cq6t","previousEventId":"cpf97at58ujykvh","operationId":"d2ynhljgj4657uj","previousOperationId":"z4rk79jqojqsxbb"}
{"type":"log","timestamp":1675624698559,"level":"debug","message":"Rendering engine handlebars","meta":{"rootId":"uwz2brqjdos6zeq","id":"wjitx3n5sh5j5i5"},"id":"88knk3ld8bbzczu","previousOperationId":"d2ynhljgj4657uj"}
{"type":"operationEnd","operationId":"d2ynhljgj4657uj","timestamp":1675624698574,"id":"1usrxhc546cwxrr","previousEventId":"4ihab16p1n0cq6t","previousOperationId":"d2ynhljgj4657uj"}
{"type":"operationStart","subtype":"recipe","name":"chrome-pdf","timestamp":1675624698574,"id":"fqlxn4dq4oc5o4v","previousEventId":"1usrxhc546cwxrr","operationId":"u7vfzit7a4ecy74","previousOperationId":"d2ynhljgj4657uj"}
{"type":"log","timestamp":1675624698574,"level":"debug","message":"Executing recipe chrome-pdf","meta":{"rootId":"uwz2brqjdos6zeq","id":"wjitx3n5sh5j5i5"},"id":"cjels3lv00vzbx4","previousOperationId":"u7vfzit7a4ecy74"}
{"type":"log","timestamp":1675624698577,"level":"debug","message":"Converting with chrome HeadlessChrome/105.0.5173.0 using chrome-pool strategy","meta":{"rootId":"uwz2brqjdos6zeq","id":"wjitx3n5sh5j5i5"},"id":"0y3v3id59funfn1","previousOperationId":"u7vfzit7a4ecy74"}
{"type":"log","timestamp":1675624698691,"level":"debug","message":"Page request: GET (document) file:///C:/Users/pollo/AppData/Local/Temp/jsreport/autocleanup/b0198c7b-7361-40a0-954e-c3257045f7a6-chrome-pdf.html","meta":{"rootId":"uwz2brqjdos6zeq","id":"wjitx3n5sh5j5i5"},"id":"891dxgcjv93wdyl","previousOperationId":"u7vfzit7a4ecy74"}
{"type":"log","timestamp":1675624698707,"level":"debug","message":"Page request: GET (stylesheet) https://cdnjs.cloudflare.com/ajax/libs/metro/4.1.5/css/metro.min.css","meta":{"rootId":"uwz2brqjdos6zeq","id":"wjitx3n5sh5j5i5"},"id":"xz62gf6dpzxzw10","previousOperationId":"u7vfzit7a4ecy74"}
{"type":"log","timestamp":1675624698708,"level":"debug","message":"Page request finished: GET (document) 200 file:///C:/Users/pollo/AppData/Local/Temp/jsreport/autocleanup/b0198c7b-7361-40a0-954e-c3257045f7a6-chrome-pdf.html","meta":{"rootId":"uwz2brqjdos6zeq","id":"wjitx3n5sh5j5i5"},"id":"ce94b2t5te166k1","previousOperationId":"u7vfzit7a4ecy74"}
{"type":"log","timestamp":1675624698733,"level":"debug","message":"Page request finished: GET (stylesheet) 200 https://cdnjs.cloudflare.com/ajax/libs/metro/4.1.5/css/metro.min.css","meta":{"rootId":"uwz2brqjdos6zeq","id":"wjitx3n5sh5j5i5"},"id":"nskw1485txlrl44","previousOperationId":"u7vfzit7a4ecy74"}
{"type":"log","timestamp":1675624698758,"level":"debug","message":"Running chrome with params {\"printBackground\":true,\"marginTop\":\"1.5cm\",\"marginRight\":\"1.5cm\",\"marginLeft\":\"1.cm\",\"timeout\":59350,\"margin\":{\"top\":\"1.5cm\",\"right\":\"1.5cm\",\"left\":\"1.cm\"}}","meta":{"rootId":"uwz2brqjdos6zeq","id":"wjitx3n5sh5j5i5"},"id":"terx8mdbdn1mqmm","previousOperationId":"u7vfzit7a4ecy74"}
{"type":"operationEnd","operationId":"u7vfzit7a4ecy74","timestamp":1675624698819,"id":"7chyhopbx8zv77b","previousEventId":"fqlxn4dq4oc5o4v","previousOperationId":"u7vfzit7a4ecy74"}
{"type":"log","timestamp":1675624698819,"level":"debug","message":"Skipping storing report.","meta":{"rootId":"uwz2brqjdos6zeq","id":"wjitx3n5sh5j5i5"},"id":"b1cct0yp4ip3q3m","previousOperationId":"u7vfzit7a4ecy74"}
{"type":"log","timestamp":1675624698819,"level":"info","message":"Rendering (child) request finished in 893 ms","meta":{"rootId":"uwz2brqjdos6zeq","id":"wjitx3n5sh5j5i5"},"id":"z610gg4753i6oxy","previousOperationId":"u7vfzit7a4ecy74"}
{"type":"operationEnd","subtype":"render","operationId":"z4rk79jqojqsxbb","timestamp":1675624698819,"id":"xj0s90rropqtgit","previousEventId":"7chyhopbx8zv77b","previousOperationId":"u7vfzit7a4ecy74"}
{"type":"operationEnd","operationId":"nwpkus25hsieu2d","timestamp":1675624698826,"id":"t5j6w89alf1xs32","previousEventId":"sfsxlc8z1feaq7x","previousOperationId":"nwpkus25hsieu2d"}
{"type":"log","timestamp":1675624698826,"level":"debug","message":"pdf-utils postproces start","meta":{"rootId":"uwz2brqjdos6zeq","id":"uwz2brqjdos6zeq"},"id":"118h6dv43n9aups","previousOperationId":"nwpkus25hsieu2d"}
{"type":"log","timestamp":1675624698833,"level":"debug","message":"pdf-utils postproces end","meta":{"rootId":"uwz2brqjdos6zeq","id":"uwz2brqjdos6zeq"},"id":"juow4ioeqrn4dib","previousOperationId":"nwpkus25hsieu2d"}
{"type":"operationEnd","operationId":"bfk5mlnqqzamb1q","timestamp":1675624698833,"id":"sn5iog2bsqmoubz","previousEventId":"t5j6w89alf1xs32","previousOperationId":"nwpkus25hsieu2d"}
{"type":"log","timestamp":1675624698833,"level":"info","message":"pdf-utils pdf processing was finished","meta":{"rootId":"uwz2brqjdos6zeq","id":"uwz2brqjdos6zeq"},"id":"q82vw7kawudoo8h","previousOperationId":"bfk5mlnqqzamb1q"}
{"type":"log","timestamp":1675624698833,"level":"debug","message":"Skipping storing report.","meta":{"rootId":"uwz2brqjdos6zeq","id":"uwz2brqjdos6zeq"},"id":"7ws6i9q88v8h67w","previousOperationId":"bfk5mlnqqzamb1q"}
{"type":"log","timestamp":1675624698833,"level":"info","message":"Rendering request 51 finished in 907 ms","meta":{"rootId":"uwz2brqjdos6zeq","id":"uwz2brqjdos6zeq"},"id":"ir5tvr21v9r57cv","previousOperationId":"bfk5mlnqqzamb1q"}
{"type":"operationEnd","subtype":"render","operationId":"65rfsz45ggm80ir","timestamp":1675624698833,"id":"o6gff6onfrpxzhy","previousEventId":"sn5iog2bsqmoubz","previousOperationId":"bfk5mlnqqzamb1q"}
{"type":"operationEnd","doDiffs":false,"previousEventId":"wujtuiogt7knrps","previousOperationId":"y8hvzs8ihei2adm","operationId":"y8hvzs8ihei2adm","timestamp":1675624698838,"id":"nn3vahmpq25dse7"}
