{"type":"operationStart","subtype":"profile","data":{"_id":"6BpxHVmRALHah140","timestamp":"2023-02-01T17:16:27.076Z","state":"queued","mode":"standard","creationDate":"2023-02-01T17:16:27.078Z","modificationDate":"2023-02-01T17:16:27.078Z","shortid":"FzI1a2y","$entitySet":"profiles"},"doDiffs":false,"timestamp":1675271787077,"id":"67g283q4rw5xtef","previousOperationId":null,"operationId":"u87d12odewafmou"}
{"type":"log","level":"info","message":"Render request 18 queued for execution and waiting for available worker","previousOperationId":"u87d12odewafmou","timestamp":1675271787077,"id":"cl7njxkm9db909u"}
{"type":"operationStart","subtype":"render","name":"orders-main","previousOperationId":"u87d12odewafmou","timestamp":1675271787086,"id":"f3sgknyi59jc7ib","previousEventId":"67g283q4rw5xtef","operationId":"j36qvvtwdtjgn8a"}
{"type":"log","timestamp":1675271787086,"level":"info","message":"Starting rendering request 18","meta":{"rootId":"v5ai9v9swo9875x","id":"v5ai9v9swo9875x"},"id":"pqc5r7uf6toxwf8","previousOperationId":"j36qvvtwdtjgn8a"}
{"type":"log","timestamp":1675271787086,"level":"info","message":"Rendering template { name: orders-main, recipe: chrome-pdf, engine: handlebars, preview: true }","meta":{"rootId":"v5ai9v9swo9875x","id":"v5ai9v9swo9875x"},"id":"oe17twxlw9dv8bu","previousOperationId":"j36qvvtwdtjgn8a"}
{"type":"log","timestamp":1675271787088,"level":"debug","message":"Data item not defined for this template.","meta":{"rootId":"v5ai9v9swo9875x","id":"v5ai9v9swo9875x"},"id":"dznb2mjeyigr0og","previousOperationId":"j36qvvtwdtjgn8a"}
{"type":"log","timestamp":1675271787093,"level":"debug","message":"Executing script orders-script (beforeRender)","meta":{"rootId":"v5ai9v9swo9875x","id":"v5ai9v9swo9875x"},"id":"n7tixa7a8jzo4t3","previousOperationId":"j36qvvtwdtjgn8a"}
{"type":"operationStart","subtype":"scriptsBeforeRender","name":"scripts beforeRender","timestamp":1675271787120,"id":"oejtcxhj3ynx118","previousEventId":"f3sgknyi59jc7ib","operationId":"oqlnthgsavagvhu","previousOperationId":"j36qvvtwdtjgn8a"}
{"type":"operationStart","subtype":"script","name":"scripts orders-script","previousOperationId":"oqlnthgsavagvhu","timestamp":1675271787120,"id":"m7w7m7372hb6zus","previousEventId":"oejtcxhj3ynx118","operationId":"2spwwjjrmsevimj"}
{"type":"log","timestamp":1675271787120,"level":"debug","message":"(console:log) AAAAAAAAAAAAAAAAAAAAAAA  undefined","meta":{"userLevel":true,"rootId":"v5ai9v9swo9875x","id":"v5ai9v9swo9875x"},"id":"dk0fqmu3mj4cwur","previousOperationId":"2spwwjjrmsevimj"}
{"type":"log","timestamp":1675271787384,"level":"debug","message":"(console:log) [\n  {\n    id: 1,\n    name: 'Antonio',\n    description: 'Aclamado director de la Orquesta Filarmónica de Gran Canaria'\n  },\n  {\n    id: 3,\n    name: 'Juana de Armas',\n    description: 'Aclamada directora de la Orquesta Filarmónica de Gran Canaria'\n  }\n]","meta":{"userLevel":true,"rootId":"v5ai9v9swo9875x","id":"v5ai9v9swo9875x"},"id":"hcmi2spo5r6dj8u","previousOperationId":"2spwwjjrmsevimj"}
{"type":"operationEnd","operationId":"2spwwjjrmsevimj","timestamp":1675271787385,"id":"pnk441fwaouwq8r","previousEventId":"f3sgknyi59jc7ib","previousOperationId":"j36qvvtwdtjgn8a"}
{"type":"operationEnd","operationId":"oqlnthgsavagvhu","timestamp":1675271787385,"id":"c0mgy4lz0enpq7h","previousEventId":"pnk441fwaouwq8r","previousOperationId":"j36qvvtwdtjgn8a"}
{"type":"log","timestamp":1675271787385,"level":"debug","message":"Base url not specified, skipping its injection.","meta":{"rootId":"v5ai9v9swo9875x","id":"v5ai9v9swo9875x"},"id":"j7h4s2g1kdd90uo","previousOperationId":"oqlnthgsavagvhu"}
{"type":"operationStart","subtype":"engine","name":"handlebars","timestamp":1675271787385,"id":"a2gen3ttalpk554","previousEventId":"c0mgy4lz0enpq7h","operationId":"6ic1r9saj3eann1","previousOperationId":"oqlnthgsavagvhu"}
{"type":"log","timestamp":1675271787385,"level":"debug","message":"Rendering engine handlebars","meta":{"rootId":"v5ai9v9swo9875x","id":"v5ai9v9swo9875x"},"id":"kfmhmjzjqj6g606","previousOperationId":"6ic1r9saj3eann1"}
{"type":"operationEnd","operationId":"6ic1r9saj3eann1","timestamp":1675271787396,"id":"n1uze4ux8utby0h","previousEventId":"a2gen3ttalpk554","previousOperationId":"6ic1r9saj3eann1"}
{"type":"operationStart","subtype":"recipe","name":"chrome-pdf","timestamp":1675271787396,"id":"9kur57bx8wfhyje","previousEventId":"n1uze4ux8utby0h","operationId":"kb67qp6gbvbmu17","previousOperationId":"6ic1r9saj3eann1"}
{"type":"log","timestamp":1675271787396,"level":"debug","message":"Executing recipe chrome-pdf","meta":{"rootId":"v5ai9v9swo9875x","id":"v5ai9v9swo9875x"},"id":"i30fg59f3u1e4gd","previousOperationId":"kb67qp6gbvbmu17"}
{"type":"log","timestamp":1675271787398,"level":"debug","message":"Converting with chrome HeadlessChrome/105.0.5173.0 using chrome-pool strategy","meta":{"rootId":"v5ai9v9swo9875x","id":"v5ai9v9swo9875x"},"id":"xyn7jyybp0oddc9","previousOperationId":"kb67qp6gbvbmu17"}
{"type":"log","timestamp":1675271787485,"level":"debug","message":"Page request: GET (document) file:///C:/Users/pollo/AppData/Local/Temp/jsreport/autocleanup/6a01e7f1-8e12-4742-9c61-888d4e5cb968-chrome-pdf.html","meta":{"rootId":"v5ai9v9swo9875x","id":"v5ai9v9swo9875x"},"id":"orata5ncwebfxdt","previousOperationId":"kb67qp6gbvbmu17"}
{"type":"log","timestamp":1675271787496,"level":"debug","message":"Page request: GET (stylesheet) https://cdnjs.cloudflare.com/ajax/libs/metro/4.1.5/css/metro.min.css","meta":{"rootId":"v5ai9v9swo9875x","id":"v5ai9v9swo9875x"},"id":"th0auyi9qxvy7i5","previousOperationId":"kb67qp6gbvbmu17"}
{"type":"log","timestamp":1675271787496,"level":"debug","message":"Page request: GET (script) https://cdnjs.cloudflare.com/ajax/libs/Chart.js/2.7.2/Chart.min.js","meta":{"rootId":"v5ai9v9swo9875x","id":"v5ai9v9swo9875x"},"id":"rb3t2chdohr8myr","previousOperationId":"kb67qp6gbvbmu17"}
{"type":"log","timestamp":1675271787496,"level":"debug","message":"Page request finished: GET (document) 200 file:///C:/Users/pollo/AppData/Local/Temp/jsreport/autocleanup/6a01e7f1-8e12-4742-9c61-888d4e5cb968-chrome-pdf.html","meta":{"rootId":"v5ai9v9swo9875x","id":"v5ai9v9swo9875x"},"id":"btypgwzh52uvb4p","previousOperationId":"kb67qp6gbvbmu17"}
{"type":"log","timestamp":1675271787502,"level":"debug","message":"Page request finished: GET (script) 200 https://cdnjs.cloudflare.com/ajax/libs/Chart.js/2.7.2/Chart.min.js","meta":{"rootId":"v5ai9v9swo9875x","id":"v5ai9v9swo9875x"},"id":"nj5aqe3gr2yncyz","previousOperationId":"kb67qp6gbvbmu17"}
{"type":"log","timestamp":1675271787519,"level":"debug","message":"Page request finished: GET (stylesheet) 200 https://cdnjs.cloudflare.com/ajax/libs/metro/4.1.5/css/metro.min.css","meta":{"rootId":"v5ai9v9swo9875x","id":"v5ai9v9swo9875x"},"id":"mvhp8ytqw6ia8iv","previousOperationId":"kb67qp6gbvbmu17"}
{"type":"log","timestamp":1675271787531,"level":"debug","message":"Running chrome with params {\"printBackground\":true,\"marginTop\":\"4cm\",\"marginRight\":\"1.5cm\",\"marginBottom\":\"1.5cm\",\"marginLeft\":\"1.5cm\",\"waitForJS\":false,\"timeout\":59679,\"margin\":{\"top\":\"4cm\",\"right\":\"1.5cm\",\"bottom\":\"1.5cm\",\"left\":\"1.5cm\"}}","meta":{"rootId":"v5ai9v9swo9875x","id":"v5ai9v9swo9875x"},"id":"kj2pvbitqrrn0qd","previousOperationId":"kb67qp6gbvbmu17"}
{"type":"operationEnd","operationId":"kb67qp6gbvbmu17","timestamp":1675271787561,"id":"o96cx602h1ebgoy","previousEventId":"9kur57bx8wfhyje","previousOperationId":"kb67qp6gbvbmu17"}
{"type":"log","timestamp":1675271787561,"level":"info","message":"pdf-utils is starting pdf processing","meta":{"rootId":"v5ai9v9swo9875x","id":"v5ai9v9swo9875x"},"id":"m6d9vbk3vugrs7s","previousOperationId":"kb67qp6gbvbmu17"}
{"type":"operationStart","subtype":"pdfUtils","name":"pdf utils","timestamp":1675271787561,"id":"pisx8qq13mam2eo","previousEventId":"o96cx602h1ebgoy","operationId":"dol6997ww7ftd3m","previousOperationId":"kb67qp6gbvbmu17"}
{"type":"log","timestamp":1675271787561,"level":"debug","message":"pdf-utils detected 1 pdf operation(s) to process","meta":{"rootId":"v5ai9v9swo9875x","id":"v5ai9v9swo9875x"},"id":"x6iyp1s8rbvmu4u","previousOperationId":"dol6997ww7ftd3m"}
{"type":"log","timestamp":1675271787564,"level":"debug","message":"pdf-utils running pdf operation merge","meta":{"rootId":"v5ai9v9swo9875x","id":"v5ai9v9swo9875x"},"id":"y5ckvuzox7ii4nv","previousOperationId":"dol6997ww7ftd3m"}
{"type":"operationStart","subtype":"pdfUtilsMerge","name":"pdf utils merge","previousOperationId":"dol6997ww7ftd3m","timestamp":1675271787564,"id":"q70epkbd9rg28bh","previousEventId":"pisx8qq13mam2eo","operationId":"ayblqjc352bg950"}
{"type":"operationStart","subtype":"render","name":"orders-header","previousOperationId":"ayblqjc352bg950","timestamp":1675271787565,"id":"jmyqz987p4lrpnn","previousEventId":"q70epkbd9rg28bh","operationId":"i8tkhm5klmqw5x9"}
{"type":"log","timestamp":1675271787565,"level":"info","message":"Starting rendering (child) request","meta":{"rootId":"v5ai9v9swo9875x","id":"4d9fkqmbw8h0zx9"},"id":"mntii414q0tlvxf","previousOperationId":"i8tkhm5klmqw5x9"}
{"type":"log","timestamp":1675271787565,"level":"info","message":"Rendering template { name: orders-header, recipe: chrome-pdf, engine: handlebars, preview: true }","meta":{"rootId":"v5ai9v9swo9875x","id":"4d9fkqmbw8h0zx9"},"id":"5tgnlzfxvntzm35","previousOperationId":"i8tkhm5klmqw5x9"}
{"type":"log","timestamp":1675271787566,"level":"debug","message":"Inline data specified.","meta":{"rootId":"v5ai9v9swo9875x","id":"4d9fkqmbw8h0zx9"},"id":"tsjqca0q06iht7r","previousOperationId":"i8tkhm5klmqw5x9"}
{"type":"log","timestamp":1675271787568,"level":"debug","message":"Base url not specified, skipping its injection.","meta":{"rootId":"v5ai9v9swo9875x","id":"4d9fkqmbw8h0zx9"},"id":"28wmolrzuc8so97","previousOperationId":"i8tkhm5klmqw5x9"}
{"type":"operationStart","subtype":"engine","name":"handlebars","timestamp":1675271787568,"id":"u5lbt6k2tromae8","previousEventId":"jmyqz987p4lrpnn","operationId":"0naq6h6vnqo29el","previousOperationId":"i8tkhm5klmqw5x9"}
{"type":"log","timestamp":1675271787568,"level":"debug","message":"Rendering engine handlebars","meta":{"rootId":"v5ai9v9swo9875x","id":"4d9fkqmbw8h0zx9"},"id":"5dgmgwc21g337oz","previousOperationId":"0naq6h6vnqo29el"}
{"type":"operationEnd","operationId":"0naq6h6vnqo29el","timestamp":1675271787587,"id":"zvh3p6mvwxrx8x4","previousEventId":"u5lbt6k2tromae8","previousOperationId":"0naq6h6vnqo29el"}
{"type":"operationStart","subtype":"recipe","name":"chrome-pdf","timestamp":1675271787588,"id":"g5ctr7d7pgmdhs8","previousEventId":"zvh3p6mvwxrx8x4","operationId":"4o7p1daqq0n7bqa","previousOperationId":"0naq6h6vnqo29el"}
{"type":"log","timestamp":1675271787588,"level":"debug","message":"Executing recipe chrome-pdf","meta":{"rootId":"v5ai9v9swo9875x","id":"4d9fkqmbw8h0zx9"},"id":"wsadt3z0ze3ezaq","previousOperationId":"4o7p1daqq0n7bqa"}
{"type":"log","timestamp":1675271787591,"level":"debug","message":"Converting with chrome HeadlessChrome/105.0.5173.0 using chrome-pool strategy","meta":{"rootId":"v5ai9v9swo9875x","id":"4d9fkqmbw8h0zx9"},"id":"1fukfnkm020t3h9","previousOperationId":"4o7p1daqq0n7bqa"}
{"type":"log","timestamp":1675271787678,"level":"debug","message":"Page request: GET (document) file:///C:/Users/pollo/AppData/Local/Temp/jsreport/autocleanup/2e1357a3-2179-4071-85c5-57c21d4eaab3-chrome-pdf.html","meta":{"rootId":"v5ai9v9swo9875x","id":"4d9fkqmbw8h0zx9"},"id":"1skzzquzhgewc3f","previousOperationId":"4o7p1daqq0n7bqa"}
{"type":"log","timestamp":1675271787688,"level":"debug","message":"Page request finished: GET (document) 200 file:///C:/Users/pollo/AppData/Local/Temp/jsreport/autocleanup/2e1357a3-2179-4071-85c5-57c21d4eaab3-chrome-pdf.html","meta":{"rootId":"v5ai9v9swo9875x","id":"4d9fkqmbw8h0zx9"},"id":"m42i1nkuji5d9y6","previousOperationId":"4o7p1daqq0n7bqa"}
{"type":"log","timestamp":1675271787689,"level":"debug","message":"Page request: GET (stylesheet) https://cdnjs.cloudflare.com/ajax/libs/metro/4.1.5/css/metro.min.css","meta":{"rootId":"v5ai9v9swo9875x","id":"4d9fkqmbw8h0zx9"},"id":"z4gmso8fa8xhcuj","previousOperationId":"4o7p1daqq0n7bqa"}
{"type":"log","timestamp":1675271787710,"level":"debug","message":"Page request finished: GET (stylesheet) 200 https://cdnjs.cloudflare.com/ajax/libs/metro/4.1.5/css/metro.min.css","meta":{"rootId":"v5ai9v9swo9875x","id":"4d9fkqmbw8h0zx9"},"id":"qm5elpxzbuif195","previousOperationId":"4o7p1daqq0n7bqa"}
{"type":"log","timestamp":1675271787731,"level":"debug","message":"Running chrome with params {\"printBackground\":true,\"marginTop\":\"1.5cm\",\"marginRight\":\"1.5cm\",\"marginLeft\":\"1.cm\",\"timeout\":59486,\"margin\":{\"top\":\"1.5cm\",\"right\":\"1.5cm\",\"left\":\"1.cm\"}}","meta":{"rootId":"v5ai9v9swo9875x","id":"4d9fkqmbw8h0zx9"},"id":"3t1b7swqnzvlx8o","previousOperationId":"4o7p1daqq0n7bqa"}
{"type":"operationEnd","operationId":"4o7p1daqq0n7bqa","timestamp":1675271787785,"id":"06guuf43whhp17q","previousEventId":"g5ctr7d7pgmdhs8","previousOperationId":"4o7p1daqq0n7bqa"}
{"type":"log","timestamp":1675271787785,"level":"debug","message":"Skipping storing report.","meta":{"rootId":"v5ai9v9swo9875x","id":"4d9fkqmbw8h0zx9"},"id":"5u0npyrb89v5eok","previousOperationId":"4o7p1daqq0n7bqa"}
{"type":"log","timestamp":1675271787785,"level":"info","message":"Rendering (child) request finished in 709 ms","meta":{"rootId":"v5ai9v9swo9875x","id":"4d9fkqmbw8h0zx9"},"id":"tvhf5og6uoscyr2","previousOperationId":"4o7p1daqq0n7bqa"}
{"type":"operationEnd","subtype":"render","operationId":"i8tkhm5klmqw5x9","timestamp":1675271787785,"id":"p5ifhtg4jz3bdsp","previousEventId":"06guuf43whhp17q","previousOperationId":"4o7p1daqq0n7bqa"}
{"type":"operationEnd","operationId":"ayblqjc352bg950","timestamp":1675271787793,"id":"czdbdo16b5sshaj","previousEventId":"q70epkbd9rg28bh","previousOperationId":"ayblqjc352bg950"}
{"type":"log","timestamp":1675271787793,"level":"debug","message":"pdf-utils postproces start","meta":{"rootId":"v5ai9v9swo9875x","id":"v5ai9v9swo9875x"},"id":"tr9riit46uh6uiw","previousOperationId":"ayblqjc352bg950"}
{"type":"log","timestamp":1675271787797,"level":"debug","message":"pdf-utils postproces end","meta":{"rootId":"v5ai9v9swo9875x","id":"v5ai9v9swo9875x"},"id":"18nwbrn0plkh6hu","previousOperationId":"ayblqjc352bg950"}
{"type":"operationEnd","operationId":"dol6997ww7ftd3m","timestamp":1675271787797,"id":"9opxgtypbybj0js","previousEventId":"czdbdo16b5sshaj","previousOperationId":"ayblqjc352bg950"}
{"type":"log","timestamp":1675271787797,"level":"info","message":"pdf-utils pdf processing was finished","meta":{"rootId":"v5ai9v9swo9875x","id":"v5ai9v9swo9875x"},"id":"4jbs376ioi58lzv","previousOperationId":"dol6997ww7ftd3m"}
{"type":"log","timestamp":1675271787797,"level":"debug","message":"Skipping storing report.","meta":{"rootId":"v5ai9v9swo9875x","id":"v5ai9v9swo9875x"},"id":"lmspr1k0xgalvg7","previousOperationId":"dol6997ww7ftd3m"}
{"type":"log","timestamp":1675271787798,"level":"info","message":"Rendering request 18 finished in 722 ms","meta":{"rootId":"v5ai9v9swo9875x","id":"v5ai9v9swo9875x"},"id":"0v8wr0x8boq3sed","previousOperationId":"dol6997ww7ftd3m"}
{"type":"operationEnd","subtype":"render","operationId":"j36qvvtwdtjgn8a","timestamp":1675271787798,"id":"dhvgxwoc6brm2e8","previousEventId":"9opxgtypbybj0js","previousOperationId":"dol6997ww7ftd3m"}
{"type":"operationEnd","doDiffs":false,"previousEventId":"67g283q4rw5xtef","previousOperationId":"u87d12odewafmou","operationId":"u87d12odewafmou","timestamp":1675271787802,"id":"ygvuw559dhojqon"}
