{"type":"operationStart","subtype":"profile","data":{"_id":"1lL6Qhg926Ib0TTL","timestamp":"2023-02-05T19:19:38.198Z","state":"queued","mode":"standard","creationDate":"2023-02-05T19:19:38.200Z","modificationDate":"2023-02-05T19:19:38.200Z","shortid":"-BoZ9X1","$entitySet":"profiles"},"doDiffs":false,"timestamp":1675624778199,"id":"gmg6idrjvp0gjr1","previousOperationId":null,"operationId":"c5hjqp1uod5sh0r"}
{"type":"log","level":"info","message":"Render request 53 queued for execution and waiting for available worker","previousOperationId":"c5hjqp1uod5sh0r","timestamp":1675624778199,"id":"qyf174hz5v5l5mu"}
{"type":"operationStart","subtype":"render","name":"orders-main","previousOperationId":"c5hjqp1uod5sh0r","timestamp":1675624778209,"id":"4owydk6ywus8k6v","previousEventId":"gmg6idrjvp0gjr1","operationId":"fo1xgvo4ce39y6b"}
{"type":"log","timestamp":1675624778209,"level":"info","message":"Starting rendering request 53","meta":{"rootId":"vrjzha1gkjr17ab","id":"vrjzha1gkjr17ab"},"id":"dyqgvkox0xs9p97","previousOperationId":"fo1xgvo4ce39y6b"}
{"type":"log","timestamp":1675624778209,"level":"info","message":"Rendering template { name: orders-main, recipe: chrome-pdf, engine: handlebars, preview: true }","meta":{"rootId":"vrjzha1gkjr17ab","id":"vrjzha1gkjr17ab"},"id":"3ceo9kz9euqe2mj","previousOperationId":"fo1xgvo4ce39y6b"}
{"type":"log","timestamp":1675624778212,"level":"debug","message":"Data item not defined for this template.","meta":{"rootId":"vrjzha1gkjr17ab","id":"vrjzha1gkjr17ab"},"id":"3839oa4t2yem71l","previousOperationId":"fo1xgvo4ce39y6b"}
{"type":"log","timestamp":1675624778215,"level":"debug","message":"Executing script orders-script (beforeRender)","meta":{"rootId":"vrjzha1gkjr17ab","id":"vrjzha1gkjr17ab"},"id":"hxp2icxfgsykqvx","previousOperationId":"fo1xgvo4ce39y6b"}
{"type":"operationStart","subtype":"scriptsBeforeRender","name":"scripts beforeRender","timestamp":1675624778253,"id":"bmwp7qr1dwj2x1u","previousEventId":"4owydk6ywus8k6v","operationId":"ayeajbi7hah8mxi","previousOperationId":"fo1xgvo4ce39y6b"}
{"type":"operationStart","subtype":"script","name":"scripts orders-script","previousOperationId":"ayeajbi7hah8mxi","timestamp":1675624778254,"id":"xawmbwplnkpm4nq","previousEventId":"bmwp7qr1dwj2x1u","operationId":"93rupy5ipp1tew2"}
{"type":"log","timestamp":1675624778534,"level":"debug","message":"(console:log) [ 2, 4 ]","meta":{"userLevel":true,"rootId":"vrjzha1gkjr17ab","id":"vrjzha1gkjr17ab"},"id":"1hq6l1tog1exv8a","previousOperationId":"93rupy5ipp1tew2"}
{"type":"operationEnd","operationId":"93rupy5ipp1tew2","timestamp":1675624778534,"id":"kkmidd5swz4xsbs","previousEventId":"4owydk6ywus8k6v","previousOperationId":"fo1xgvo4ce39y6b"}
{"type":"operationEnd","operationId":"ayeajbi7hah8mxi","timestamp":1675624778534,"id":"e1n96flvi5h1c5s","previousEventId":"kkmidd5swz4xsbs","previousOperationId":"fo1xgvo4ce39y6b"}
{"type":"log","timestamp":1675624778534,"level":"debug","message":"Base url not specified, skipping its injection.","meta":{"rootId":"vrjzha1gkjr17ab","id":"vrjzha1gkjr17ab"},"id":"p8jqpo6airjafr2","previousOperationId":"ayeajbi7hah8mxi"}
{"type":"operationStart","subtype":"engine","name":"handlebars","timestamp":1675624778535,"id":"mfgfizsu0jbo902","previousEventId":"e1n96flvi5h1c5s","operationId":"aezbujw0p01vu04","previousOperationId":"ayeajbi7hah8mxi"}
{"type":"log","timestamp":1675624778535,"level":"debug","message":"Rendering engine handlebars","meta":{"rootId":"vrjzha1gkjr17ab","id":"vrjzha1gkjr17ab"},"id":"a24mmacxuwmnwjp","previousOperationId":"aezbujw0p01vu04"}
{"type":"operationEnd","operationId":"aezbujw0p01vu04","timestamp":1675624778547,"id":"m9ikbbzqedly441","previousEventId":"mfgfizsu0jbo902","previousOperationId":"aezbujw0p01vu04"}
{"type":"operationStart","subtype":"recipe","name":"chrome-pdf","timestamp":1675624778547,"id":"ukntacuzjl6az10","previousEventId":"m9ikbbzqedly441","operationId":"1m0jya5x8obgvri","previousOperationId":"aezbujw0p01vu04"}
{"type":"log","timestamp":1675624778547,"level":"debug","message":"Executing recipe chrome-pdf","meta":{"rootId":"vrjzha1gkjr17ab","id":"vrjzha1gkjr17ab"},"id":"k1rn8bwy5rhugl2","previousOperationId":"1m0jya5x8obgvri"}
{"type":"log","timestamp":1675624778549,"level":"debug","message":"Converting with chrome HeadlessChrome/105.0.5173.0 using chrome-pool strategy","meta":{"rootId":"vrjzha1gkjr17ab","id":"vrjzha1gkjr17ab"},"id":"ikylvjvtubw27y6","previousOperationId":"1m0jya5x8obgvri"}
{"type":"log","timestamp":1675624778671,"level":"debug","message":"Page request: GET (document) file:///C:/Users/pollo/AppData/Local/Temp/jsreport/autocleanup/151d48af-353a-445b-99cd-4cd81ddd310f-chrome-pdf.html","meta":{"rootId":"vrjzha1gkjr17ab","id":"vrjzha1gkjr17ab"},"id":"cgfws4crulzzgwv","previousOperationId":"1m0jya5x8obgvri"}
{"type":"log","timestamp":1675624778681,"level":"debug","message":"Page request finished: GET (document) 200 file:///C:/Users/pollo/AppData/Local/Temp/jsreport/autocleanup/151d48af-353a-445b-99cd-4cd81ddd310f-chrome-pdf.html","meta":{"rootId":"vrjzha1gkjr17ab","id":"vrjzha1gkjr17ab"},"id":"4a21algkux32lq2","previousOperationId":"1m0jya5x8obgvri"}
{"type":"log","timestamp":1675624778681,"level":"debug","message":"Page request: GET (stylesheet) https://cdnjs.cloudflare.com/ajax/libs/metro/4.1.5/css/metro.min.css","meta":{"rootId":"vrjzha1gkjr17ab","id":"vrjzha1gkjr17ab"},"id":"xqoshifx87sc5sm","previousOperationId":"1m0jya5x8obgvri"}
{"type":"log","timestamp":1675624778681,"level":"debug","message":"Page request: GET (script) https://cdn.jsdelivr.net/npm/chart.js","meta":{"rootId":"vrjzha1gkjr17ab","id":"vrjzha1gkjr17ab"},"id":"b2opwd405ahlooq","previousOperationId":"1m0jya5x8obgvri"}
{"type":"log","timestamp":1675624778720,"level":"debug","message":"Page request finished: GET (stylesheet) 200 https://cdnjs.cloudflare.com/ajax/libs/metro/4.1.5/css/metro.min.css","meta":{"rootId":"vrjzha1gkjr17ab","id":"vrjzha1gkjr17ab"},"id":"o0axui0vf8a0xib","previousOperationId":"1m0jya5x8obgvri"}
{"type":"log","timestamp":1675624778720,"level":"debug","message":"Page request finished: GET (script) 200 https://cdn.jsdelivr.net/npm/chart.js","meta":{"rootId":"vrjzha1gkjr17ab","id":"vrjzha1gkjr17ab"},"id":"siu8ervbqlf4bcv","previousOperationId":"1m0jya5x8obgvri"}
{"type":"log","timestamp":1675624778724,"level":"warn","message":"Page error: SyntaxError: Unexpected identifier","meta":{"rootId":"vrjzha1gkjr17ab","id":"vrjzha1gkjr17ab"},"id":"ojo2qzp933qsx0e","previousOperationId":"1m0jya5x8obgvri"}
{"type":"log","timestamp":1675624778755,"level":"debug","message":"Running chrome with params {\"printBackground\":true,\"marginTop\":\"4cm\",\"marginRight\":\"1.5cm\",\"marginBottom\":\"1.5cm\",\"marginLeft\":\"1.5cm\",\"waitForJS\":false,\"timeout\":59650,\"margin\":{\"top\":\"4cm\",\"right\":\"1.5cm\",\"bottom\":\"1.5cm\",\"left\":\"1.5cm\"}}","meta":{"rootId":"vrjzha1gkjr17ab","id":"vrjzha1gkjr17ab"},"id":"wbo1fqzhz794bio","previousOperationId":"1m0jya5x8obgvri"}
{"type":"operationEnd","operationId":"1m0jya5x8obgvri","timestamp":1675624778832,"id":"3mmvcw10flqv2gt","previousEventId":"ukntacuzjl6az10","previousOperationId":"1m0jya5x8obgvri"}
{"type":"log","timestamp":1675624778832,"level":"info","message":"pdf-utils is starting pdf processing","meta":{"rootId":"vrjzha1gkjr17ab","id":"vrjzha1gkjr17ab"},"id":"z53e41cewy7ybq9","previousOperationId":"1m0jya5x8obgvri"}
{"type":"operationStart","subtype":"pdfUtils","name":"pdf utils","timestamp":1675624778832,"id":"9ik3wozw8izdsi9","previousEventId":"3mmvcw10flqv2gt","operationId":"f2l3mxuumodd67g","previousOperationId":"1m0jya5x8obgvri"}
{"type":"log","timestamp":1675624778833,"level":"debug","message":"pdf-utils detected 1 pdf operation(s) to process","meta":{"rootId":"vrjzha1gkjr17ab","id":"vrjzha1gkjr17ab"},"id":"n5bcl01b4kmyp9s","previousOperationId":"f2l3mxuumodd67g"}
{"type":"log","timestamp":1675624778845,"level":"debug","message":"pdf-utils running pdf operation merge","meta":{"rootId":"vrjzha1gkjr17ab","id":"vrjzha1gkjr17ab"},"id":"bce5s3soi7cxh73","previousOperationId":"f2l3mxuumodd67g"}
{"type":"operationStart","subtype":"pdfUtilsMerge","name":"pdf utils merge","previousOperationId":"f2l3mxuumodd67g","timestamp":1675624778845,"id":"p8jju2921thnrxd","previousEventId":"9ik3wozw8izdsi9","operationId":"mrwvdja7ztcj48i"}
{"type":"operationStart","subtype":"render","name":"orders-header","previousOperationId":"mrwvdja7ztcj48i","timestamp":1675624778846,"id":"lhtwgxckfd8gjv9","previousEventId":"p8jju2921thnrxd","operationId":"11p7r6aiqt566c0"}
{"type":"log","timestamp":1675624778846,"level":"info","message":"Starting rendering (child) request","meta":{"rootId":"vrjzha1gkjr17ab","id":"nptgt62z7zmnyi3"},"id":"vpsx45h7s7xypmx","previousOperationId":"11p7r6aiqt566c0"}
{"type":"log","timestamp":1675624778846,"level":"info","message":"Rendering template { name: orders-header, recipe: chrome-pdf, engine: handlebars, preview: true }","meta":{"rootId":"vrjzha1gkjr17ab","id":"nptgt62z7zmnyi3"},"id":"s24caknfn13hk14","previousOperationId":"11p7r6aiqt566c0"}
{"type":"log","timestamp":1675624778847,"level":"debug","message":"Inline data specified.","meta":{"rootId":"vrjzha1gkjr17ab","id":"nptgt62z7zmnyi3"},"id":"jjtky0rso4nl6fb","previousOperationId":"11p7r6aiqt566c0"}
{"type":"log","timestamp":1675624778850,"level":"debug","message":"Base url not specified, skipping its injection.","meta":{"rootId":"vrjzha1gkjr17ab","id":"nptgt62z7zmnyi3"},"id":"ap31us0f85gpexh","previousOperationId":"11p7r6aiqt566c0"}
{"type":"operationStart","subtype":"engine","name":"handlebars","timestamp":1675624778850,"id":"woxxuojqrv98fmq","previousEventId":"lhtwgxckfd8gjv9","operationId":"s7ebta6d7g9m6jn","previousOperationId":"11p7r6aiqt566c0"}
{"type":"log","timestamp":1675624778850,"level":"debug","message":"Rendering engine handlebars","meta":{"rootId":"vrjzha1gkjr17ab","id":"nptgt62z7zmnyi3"},"id":"q35chhkl43mgujw","previousOperationId":"s7ebta6d7g9m6jn"}
{"type":"operationEnd","operationId":"s7ebta6d7g9m6jn","timestamp":1675624778870,"id":"4ve9tnbd10677gw","previousEventId":"woxxuojqrv98fmq","previousOperationId":"s7ebta6d7g9m6jn"}
{"type":"operationStart","subtype":"recipe","name":"chrome-pdf","timestamp":1675624778870,"id":"w2xlru5bd86mz60","previousEventId":"4ve9tnbd10677gw","operationId":"v7rkgo1taqr8imb","previousOperationId":"s7ebta6d7g9m6jn"}
{"type":"log","timestamp":1675624778870,"level":"debug","message":"Executing recipe chrome-pdf","meta":{"rootId":"vrjzha1gkjr17ab","id":"nptgt62z7zmnyi3"},"id":"v8s87qxge0kl1v3","previousOperationId":"v7rkgo1taqr8imb"}
{"type":"log","timestamp":1675624778872,"level":"debug","message":"Converting with chrome HeadlessChrome/105.0.5173.0 using chrome-pool strategy","meta":{"rootId":"vrjzha1gkjr17ab","id":"nptgt62z7zmnyi3"},"id":"zbl7qnyu9xqgfby","previousOperationId":"v7rkgo1taqr8imb"}
{"type":"log","timestamp":1675624778975,"level":"debug","message":"Page request: GET (document) file:///C:/Users/pollo/AppData/Local/Temp/jsreport/autocleanup/b759dadd-d35a-48d8-949d-ea079976c547-chrome-pdf.html","meta":{"rootId":"vrjzha1gkjr17ab","id":"nptgt62z7zmnyi3"},"id":"c1m6v2rxe1dd41u","previousOperationId":"v7rkgo1taqr8imb"}
{"type":"log","timestamp":1675624778988,"level":"debug","message":"Page request finished: GET (document) 200 file:///C:/Users/pollo/AppData/Local/Temp/jsreport/autocleanup/b759dadd-d35a-48d8-949d-ea079976c547-chrome-pdf.html","meta":{"rootId":"vrjzha1gkjr17ab","id":"nptgt62z7zmnyi3"},"id":"b6dhu40s1q01o2y","previousOperationId":"v7rkgo1taqr8imb"}
{"type":"log","timestamp":1675624778988,"level":"debug","message":"Page request: GET (stylesheet) https://cdnjs.cloudflare.com/ajax/libs/metro/4.1.5/css/metro.min.css","meta":{"rootId":"vrjzha1gkjr17ab","id":"nptgt62z7zmnyi3"},"id":"uzlwsraq0iktx0e","previousOperationId":"v7rkgo1taqr8imb"}
{"type":"log","timestamp":1675624779023,"level":"debug","message":"Page request finished: GET (stylesheet) 200 https://cdnjs.cloudflare.com/ajax/libs/metro/4.1.5/css/metro.min.css","meta":{"rootId":"vrjzha1gkjr17ab","id":"nptgt62z7zmnyi3"},"id":"3zxxbtrfqwj8o8k","previousOperationId":"v7rkgo1taqr8imb"}
{"type":"log","timestamp":1675624779050,"level":"debug","message":"Running chrome with params {\"printBackground\":true,\"marginTop\":\"1.5cm\",\"marginRight\":\"1.5cm\",\"marginLeft\":\"1.cm\",\"timeout\":59326,\"margin\":{\"top\":\"1.5cm\",\"right\":\"1.5cm\",\"left\":\"1.cm\"}}","meta":{"rootId":"vrjzha1gkjr17ab","id":"nptgt62z7zmnyi3"},"id":"wlbpblzfomrjdo1","previousOperationId":"v7rkgo1taqr8imb"}
{"type":"operationEnd","operationId":"v7rkgo1taqr8imb","timestamp":1675624779116,"id":"duk2bg9cq5w3117","previousEventId":"w2xlru5bd86mz60","previousOperationId":"v7rkgo1taqr8imb"}
{"type":"log","timestamp":1675624779117,"level":"debug","message":"Skipping storing report.","meta":{"rootId":"vrjzha1gkjr17ab","id":"nptgt62z7zmnyi3"},"id":"lfbxnaoyw8or9aa","previousOperationId":"v7rkgo1taqr8imb"}
{"type":"log","timestamp":1675624779117,"level":"info","message":"Rendering (child) request finished in 919 ms","meta":{"rootId":"vrjzha1gkjr17ab","id":"nptgt62z7zmnyi3"},"id":"ts7lurlhpzxnjpr","previousOperationId":"v7rkgo1taqr8imb"}
{"type":"operationEnd","subtype":"render","operationId":"11p7r6aiqt566c0","timestamp":1675624779117,"id":"n1r1mahih1pawui","previousEventId":"duk2bg9cq5w3117","previousOperationId":"v7rkgo1taqr8imb"}
{"type":"operationEnd","operationId":"mrwvdja7ztcj48i","timestamp":1675624779123,"id":"nlc6lvwem7z0wjf","previousEventId":"p8jju2921thnrxd","previousOperationId":"mrwvdja7ztcj48i"}
{"type":"log","timestamp":1675624779123,"level":"debug","message":"pdf-utils postproces start","meta":{"rootId":"vrjzha1gkjr17ab","id":"vrjzha1gkjr17ab"},"id":"1hnsbwpcnhav96p","previousOperationId":"mrwvdja7ztcj48i"}
{"type":"log","timestamp":1675624779128,"level":"debug","message":"pdf-utils postproces end","meta":{"rootId":"vrjzha1gkjr17ab","id":"vrjzha1gkjr17ab"},"id":"n9v20tzhkunu9p6","previousOperationId":"mrwvdja7ztcj48i"}
{"type":"operationEnd","operationId":"f2l3mxuumodd67g","timestamp":1675624779128,"id":"88zhc9casqd6nvh","previousEventId":"nlc6lvwem7z0wjf","previousOperationId":"mrwvdja7ztcj48i"}
{"type":"log","timestamp":1675624779128,"level":"info","message":"pdf-utils pdf processing was finished","meta":{"rootId":"vrjzha1gkjr17ab","id":"vrjzha1gkjr17ab"},"id":"tk46g04oz8x62f2","previousOperationId":"f2l3mxuumodd67g"}
{"type":"log","timestamp":1675624779128,"level":"debug","message":"Skipping storing report.","meta":{"rootId":"vrjzha1gkjr17ab","id":"vrjzha1gkjr17ab"},"id":"ewo8hisc55iy13j","previousOperationId":"f2l3mxuumodd67g"}
{"type":"log","timestamp":1675624779128,"level":"info","message":"Rendering request 53 finished in 930 ms","meta":{"rootId":"vrjzha1gkjr17ab","id":"vrjzha1gkjr17ab"},"id":"lx7dqpzyjy7g1vr","previousOperationId":"f2l3mxuumodd67g"}
{"type":"operationEnd","subtype":"render","operationId":"fo1xgvo4ce39y6b","timestamp":1675624779128,"id":"nfv43rojouvfo5e","previousEventId":"88zhc9casqd6nvh","previousOperationId":"f2l3mxuumodd67g"}
{"type":"operationEnd","doDiffs":false,"previousEventId":"gmg6idrjvp0gjr1","previousOperationId":"c5hjqp1uod5sh0r","operationId":"c5hjqp1uod5sh0r","timestamp":1675624779135,"id":"jsbk5c1ptdlmeee"}
