{"type":"operationStart","subtype":"profile","data":{"_id":"zyEL27x1T9sYUWmv","timestamp":"2023-02-03T17:38:56.617Z","state":"queued","mode":"standard","creationDate":"2023-02-03T17:38:56.619Z","modificationDate":"2023-02-03T17:38:56.619Z","shortid":"SLX20on","$entitySet":"profiles"},"doDiffs":false,"timestamp":1675445936618,"id":"8blazsf9t9pphmf","previousOperationId":null,"operationId":"cq2apk6z3bogruv"}
{"type":"log","level":"info","message":"Render request 9 queued for execution and waiting for available worker","previousOperationId":"cq2apk6z3bogruv","timestamp":1675445936619,"id":"8qi1x65jdevb80h"}
{"type":"operationStart","subtype":"render","name":"orders-main","previousOperationId":"cq2apk6z3bogruv","timestamp":1675445936629,"id":"yabkx27yqpne36f","previousEventId":"8blazsf9t9pphmf","operationId":"2pki9ojprwmb9aw"}
{"type":"log","timestamp":1675445936629,"level":"info","message":"Starting rendering request 9","meta":{"rootId":"vs5r15xjx3qa1u9","id":"vs5r15xjx3qa1u9"},"id":"li0uu4koddg9c66","previousOperationId":"2pki9ojprwmb9aw"}
{"type":"log","timestamp":1675445936630,"level":"info","message":"Rendering template { name: orders-main, recipe: chrome-pdf, engine: handlebars, preview: true }","meta":{"rootId":"vs5r15xjx3qa1u9","id":"vs5r15xjx3qa1u9"},"id":"voiwsxzpghe7q6k","previousOperationId":"2pki9ojprwmb9aw"}
{"type":"log","timestamp":1675445936630,"level":"debug","message":"Data item not defined for this template.","meta":{"rootId":"vs5r15xjx3qa1u9","id":"vs5r15xjx3qa1u9"},"id":"h59h9lvogy2x4u8","previousOperationId":"2pki9ojprwmb9aw"}
{"type":"log","timestamp":1675445936634,"level":"debug","message":"Executing script orders-script (beforeRender)","meta":{"rootId":"vs5r15xjx3qa1u9","id":"vs5r15xjx3qa1u9"},"id":"ynl3x274wukwdqb","previousOperationId":"2pki9ojprwmb9aw"}
{"type":"operationStart","subtype":"scriptsBeforeRender","name":"scripts beforeRender","timestamp":1675445936667,"id":"3u2f7n0h6nb053a","previousEventId":"yabkx27yqpne36f","operationId":"agquc9242ya2koq","previousOperationId":"2pki9ojprwmb9aw"}
{"type":"operationStart","subtype":"script","name":"scripts orders-script","previousOperationId":"agquc9242ya2koq","timestamp":1675445936667,"id":"snjxswnuacf66fz","previousEventId":"3u2f7n0h6nb053a","operationId":"899umnx545pcnkk"}
{"type":"operationEnd","operationId":"899umnx545pcnkk","timestamp":1675445936892,"id":"27p0pqo6ko5euo8","previousEventId":"yabkx27yqpne36f","previousOperationId":"2pki9ojprwmb9aw"}
{"type":"operationEnd","operationId":"agquc9242ya2koq","timestamp":1675445936892,"id":"86wm1yqj6hcs4ua","previousEventId":"27p0pqo6ko5euo8","previousOperationId":"2pki9ojprwmb9aw"}
{"type":"log","timestamp":1675445936892,"level":"debug","message":"Base url not specified, skipping its injection.","meta":{"rootId":"vs5r15xjx3qa1u9","id":"vs5r15xjx3qa1u9"},"id":"apyxha7y40qgwdo","previousOperationId":"agquc9242ya2koq"}
{"type":"operationStart","subtype":"engine","name":"handlebars","timestamp":1675445936892,"id":"uu0jj4kvp54ljly","previousEventId":"86wm1yqj6hcs4ua","operationId":"2p0t9cfr1bg8wmz","previousOperationId":"agquc9242ya2koq"}
{"type":"log","timestamp":1675445936892,"level":"debug","message":"Rendering engine handlebars","meta":{"rootId":"vs5r15xjx3qa1u9","id":"vs5r15xjx3qa1u9"},"id":"4pk0x62u9k6uo5i","previousOperationId":"2p0t9cfr1bg8wmz"}
{"type":"operationEnd","operationId":"2p0t9cfr1bg8wmz","timestamp":1675445936900,"id":"snz3ebuqqm7fmlw","previousEventId":"uu0jj4kvp54ljly","previousOperationId":"2p0t9cfr1bg8wmz"}
{"type":"operationStart","subtype":"recipe","name":"chrome-pdf","timestamp":1675445936900,"id":"dplirbhco8ul244","previousEventId":"snz3ebuqqm7fmlw","operationId":"aj6hokd0lqxxj46","previousOperationId":"2p0t9cfr1bg8wmz"}
{"type":"log","timestamp":1675445936900,"level":"debug","message":"Executing recipe chrome-pdf","meta":{"rootId":"vs5r15xjx3qa1u9","id":"vs5r15xjx3qa1u9"},"id":"i2w17zjxmgovoq0","previousOperationId":"aj6hokd0lqxxj46"}
{"type":"log","timestamp":1675445936903,"level":"debug","message":"Converting with chrome HeadlessChrome/105.0.5173.0 using chrome-pool strategy","meta":{"rootId":"vs5r15xjx3qa1u9","id":"vs5r15xjx3qa1u9"},"id":"sr24wjrwnpfaui4","previousOperationId":"aj6hokd0lqxxj46"}
{"type":"log","timestamp":1675445937007,"level":"debug","message":"Page request: GET (document) file:///C:/Users/pollo/AppData/Local/Temp/jsreport/autocleanup/72583ee7-e215-4f0a-b4a3-dc5a10c39f6f-chrome-pdf.html","meta":{"rootId":"vs5r15xjx3qa1u9","id":"vs5r15xjx3qa1u9"},"id":"d9w1ihp146ldkiw","previousOperationId":"aj6hokd0lqxxj46"}
{"type":"log","timestamp":1675445937018,"level":"debug","message":"Page request finished: GET (document) 200 file:///C:/Users/pollo/AppData/Local/Temp/jsreport/autocleanup/72583ee7-e215-4f0a-b4a3-dc5a10c39f6f-chrome-pdf.html","meta":{"rootId":"vs5r15xjx3qa1u9","id":"vs5r15xjx3qa1u9"},"id":"dm3sh7l2okgmull","previousOperationId":"aj6hokd0lqxxj46"}
{"type":"log","timestamp":1675445937019,"level":"debug","message":"Page request: GET (stylesheet) https://cdnjs.cloudflare.com/ajax/libs/metro/4.1.5/css/metro.min.css","meta":{"rootId":"vs5r15xjx3qa1u9","id":"vs5r15xjx3qa1u9"},"id":"kclupc3eki59nuj","previousOperationId":"aj6hokd0lqxxj46"}
{"type":"log","timestamp":1675445937019,"level":"debug","message":"Page request: GET (script) https://cdnjs.cloudflare.com/ajax/libs/Chart.js/2.7.2/Chart.min.js","meta":{"rootId":"vs5r15xjx3qa1u9","id":"vs5r15xjx3qa1u9"},"id":"wymggt3id28ubuz","previousOperationId":"aj6hokd0lqxxj46"}
{"type":"log","timestamp":1675445937026,"level":"debug","message":"Page request finished: GET (script) 200 https://cdnjs.cloudflare.com/ajax/libs/Chart.js/2.7.2/Chart.min.js","meta":{"rootId":"vs5r15xjx3qa1u9","id":"vs5r15xjx3qa1u9"},"id":"m0gscfn3w96dp9n","previousOperationId":"aj6hokd0lqxxj46"}
{"type":"log","timestamp":1675445937042,"level":"debug","message":"Page request finished: GET (stylesheet) 200 https://cdnjs.cloudflare.com/ajax/libs/metro/4.1.5/css/metro.min.css","meta":{"rootId":"vs5r15xjx3qa1u9","id":"vs5r15xjx3qa1u9"},"id":"hiilxws6jxapai7","previousOperationId":"aj6hokd0lqxxj46"}
{"type":"log","timestamp":1675445937056,"level":"debug","message":"Running chrome with params {\"printBackground\":true,\"marginTop\":\"4cm\",\"marginRight\":\"1.5cm\",\"marginBottom\":\"1.5cm\",\"marginLeft\":\"1.5cm\",\"waitForJS\":false,\"timeout\":59715,\"margin\":{\"top\":\"4cm\",\"right\":\"1.5cm\",\"bottom\":\"1.5cm\",\"left\":\"1.5cm\"}}","meta":{"rootId":"vs5r15xjx3qa1u9","id":"vs5r15xjx3qa1u9"},"id":"y8dqjcgdhtkt7vh","previousOperationId":"aj6hokd0lqxxj46"}
{"type":"operationEnd","operationId":"aj6hokd0lqxxj46","timestamp":1675445937089,"id":"2vnyabgwb90xa0m","previousEventId":"dplirbhco8ul244","previousOperationId":"aj6hokd0lqxxj46"}
{"type":"log","timestamp":1675445937089,"level":"info","message":"pdf-utils is starting pdf processing","meta":{"rootId":"vs5r15xjx3qa1u9","id":"vs5r15xjx3qa1u9"},"id":"j55md2d9cpr2wim","previousOperationId":"aj6hokd0lqxxj46"}
{"type":"operationStart","subtype":"pdfUtils","name":"pdf utils","timestamp":1675445937089,"id":"sp534gyda5tb532","previousEventId":"2vnyabgwb90xa0m","operationId":"3u7fz6kkwkaft65","previousOperationId":"aj6hokd0lqxxj46"}
{"type":"log","timestamp":1675445937090,"level":"debug","message":"pdf-utils detected 1 pdf operation(s) to process","meta":{"rootId":"vs5r15xjx3qa1u9","id":"vs5r15xjx3qa1u9"},"id":"qyjkl7z40wde3tn","previousOperationId":"3u7fz6kkwkaft65"}
{"type":"log","timestamp":1675445937095,"level":"debug","message":"pdf-utils running pdf operation merge","meta":{"rootId":"vs5r15xjx3qa1u9","id":"vs5r15xjx3qa1u9"},"id":"al12zygsumgev7o","previousOperationId":"3u7fz6kkwkaft65"}
{"type":"operationStart","subtype":"pdfUtilsMerge","name":"pdf utils merge","previousOperationId":"3u7fz6kkwkaft65","timestamp":1675445937095,"id":"4vv4fk3a5k9z8x9","previousEventId":"sp534gyda5tb532","operationId":"d9jo47ceb7j16sm"}
{"type":"operationStart","subtype":"render","name":"orders-header","previousOperationId":"d9jo47ceb7j16sm","timestamp":1675445937096,"id":"u3x4hw13xfyt7dn","previousEventId":"4vv4fk3a5k9z8x9","operationId":"y14naz7qmiqfgab"}
{"type":"log","timestamp":1675445937096,"level":"info","message":"Starting rendering (child) request","meta":{"rootId":"vs5r15xjx3qa1u9","id":"wvculxuo0y3nsqf"},"id":"ltxfb8bman7mp5a","previousOperationId":"y14naz7qmiqfgab"}
{"type":"log","timestamp":1675445937096,"level":"info","message":"Rendering template { name: orders-header, recipe: chrome-pdf, engine: handlebars, preview: true }","meta":{"rootId":"vs5r15xjx3qa1u9","id":"wvculxuo0y3nsqf"},"id":"j14mowrxaojgz5v","previousOperationId":"y14naz7qmiqfgab"}
{"type":"log","timestamp":1675445937097,"level":"debug","message":"Inline data specified.","meta":{"rootId":"vs5r15xjx3qa1u9","id":"wvculxuo0y3nsqf"},"id":"drb57unhhb7hv8g","previousOperationId":"y14naz7qmiqfgab"}
{"type":"log","timestamp":1675445937100,"level":"debug","message":"Base url not specified, skipping its injection.","meta":{"rootId":"vs5r15xjx3qa1u9","id":"wvculxuo0y3nsqf"},"id":"wn8i554hrf8pwhu","previousOperationId":"y14naz7qmiqfgab"}
{"type":"operationStart","subtype":"engine","name":"handlebars","timestamp":1675445937101,"id":"o9olerjr95id9ac","previousEventId":"u3x4hw13xfyt7dn","operationId":"in7zrjyp0n4gwz7","previousOperationId":"y14naz7qmiqfgab"}
{"type":"log","timestamp":1675445937101,"level":"debug","message":"Rendering engine handlebars","meta":{"rootId":"vs5r15xjx3qa1u9","id":"wvculxuo0y3nsqf"},"id":"f3sp16c3rcs9goj","previousOperationId":"in7zrjyp0n4gwz7"}
{"type":"operationEnd","operationId":"in7zrjyp0n4gwz7","timestamp":1675445937121,"id":"67c34dv18xr33jx","previousEventId":"o9olerjr95id9ac","previousOperationId":"in7zrjyp0n4gwz7"}
{"type":"operationStart","subtype":"recipe","name":"chrome-pdf","timestamp":1675445937121,"id":"xk7vgdus2812taj","previousEventId":"67c34dv18xr33jx","operationId":"3bjmzxgbramuqi7","previousOperationId":"in7zrjyp0n4gwz7"}
{"type":"log","timestamp":1675445937121,"level":"debug","message":"Executing recipe chrome-pdf","meta":{"rootId":"vs5r15xjx3qa1u9","id":"wvculxuo0y3nsqf"},"id":"id0ze22pj12m846","previousOperationId":"3bjmzxgbramuqi7"}
{"type":"log","timestamp":1675445937124,"level":"debug","message":"Converting with chrome HeadlessChrome/105.0.5173.0 using chrome-pool strategy","meta":{"rootId":"vs5r15xjx3qa1u9","id":"wvculxuo0y3nsqf"},"id":"5uf7ui4p6b6c6sr","previousOperationId":"3bjmzxgbramuqi7"}
{"type":"log","timestamp":1675445937238,"level":"debug","message":"Page request: GET (document) file:///C:/Users/pollo/AppData/Local/Temp/jsreport/autocleanup/13e07679-eb13-4b86-b75d-16719f0c4914-chrome-pdf.html","meta":{"rootId":"vs5r15xjx3qa1u9","id":"wvculxuo0y3nsqf"},"id":"5pgt62lnqpl0ya1","previousOperationId":"3bjmzxgbramuqi7"}
{"type":"log","timestamp":1675445937252,"level":"debug","message":"Page request finished: GET (document) 200 file:///C:/Users/pollo/AppData/Local/Temp/jsreport/autocleanup/13e07679-eb13-4b86-b75d-16719f0c4914-chrome-pdf.html","meta":{"rootId":"vs5r15xjx3qa1u9","id":"wvculxuo0y3nsqf"},"id":"figl1fxn7ai56vv","previousOperationId":"3bjmzxgbramuqi7"}
{"type":"log","timestamp":1675445937252,"level":"debug","message":"Page request: GET (stylesheet) https://cdnjs.cloudflare.com/ajax/libs/metro/4.1.5/css/metro.min.css","meta":{"rootId":"vs5r15xjx3qa1u9","id":"wvculxuo0y3nsqf"},"id":"fo5eo2dnvv856z1","previousOperationId":"3bjmzxgbramuqi7"}
{"type":"log","timestamp":1675445937276,"level":"debug","message":"Page request finished: GET (stylesheet) 200 https://cdnjs.cloudflare.com/ajax/libs/metro/4.1.5/css/metro.min.css","meta":{"rootId":"vs5r15xjx3qa1u9","id":"wvculxuo0y3nsqf"},"id":"voz44rfekd64ghm","previousOperationId":"3bjmzxgbramuqi7"}
{"type":"log","timestamp":1675445937298,"level":"debug","message":"Running chrome with params {\"printBackground\":true,\"marginTop\":\"1.5cm\",\"marginRight\":\"1.5cm\",\"marginLeft\":\"1.cm\",\"timeout\":59494,\"margin\":{\"top\":\"1.5cm\",\"right\":\"1.5cm\",\"left\":\"1.cm\"}}","meta":{"rootId":"vs5r15xjx3qa1u9","id":"wvculxuo0y3nsqf"},"id":"ivz10f21icrh8lk","previousOperationId":"3bjmzxgbramuqi7"}
{"type":"operationEnd","operationId":"3bjmzxgbramuqi7","timestamp":1675445937362,"id":"yfukebqv3cqfcty","previousEventId":"xk7vgdus2812taj","previousOperationId":"3bjmzxgbramuqi7"}
{"type":"log","timestamp":1675445937362,"level":"debug","message":"Skipping storing report.","meta":{"rootId":"vs5r15xjx3qa1u9","id":"wvculxuo0y3nsqf"},"id":"rcuajhw37k4izhp","previousOperationId":"3bjmzxgbramuqi7"}
{"type":"log","timestamp":1675445937362,"level":"info","message":"Rendering (child) request finished in 745 ms","meta":{"rootId":"vs5r15xjx3qa1u9","id":"wvculxuo0y3nsqf"},"id":"yitr0a7xtg3itmk","previousOperationId":"3bjmzxgbramuqi7"}
{"type":"operationEnd","subtype":"render","operationId":"y14naz7qmiqfgab","timestamp":1675445937362,"id":"0f3rx1jl6qkckyz","previousEventId":"yfukebqv3cqfcty","previousOperationId":"3bjmzxgbramuqi7"}
{"type":"operationEnd","operationId":"d9jo47ceb7j16sm","timestamp":1675445937367,"id":"39yt3lyl4kr6y1m","previousEventId":"4vv4fk3a5k9z8x9","previousOperationId":"d9jo47ceb7j16sm"}
{"type":"log","timestamp":1675445937367,"level":"debug","message":"pdf-utils postproces start","meta":{"rootId":"vs5r15xjx3qa1u9","id":"vs5r15xjx3qa1u9"},"id":"mvulm4mogyvpzdm","previousOperationId":"d9jo47ceb7j16sm"}
{"type":"log","timestamp":1675445937372,"level":"debug","message":"pdf-utils postproces end","meta":{"rootId":"vs5r15xjx3qa1u9","id":"vs5r15xjx3qa1u9"},"id":"ss3ron87mduw5qq","previousOperationId":"d9jo47ceb7j16sm"}
{"type":"operationEnd","operationId":"3u7fz6kkwkaft65","timestamp":1675445937372,"id":"fbysq4zgex0wyye","previousEventId":"39yt3lyl4kr6y1m","previousOperationId":"d9jo47ceb7j16sm"}
{"type":"log","timestamp":1675445937372,"level":"info","message":"pdf-utils pdf processing was finished","meta":{"rootId":"vs5r15xjx3qa1u9","id":"vs5r15xjx3qa1u9"},"id":"x473ukhat432yyx","previousOperationId":"3u7fz6kkwkaft65"}
{"type":"log","timestamp":1675445937372,"level":"debug","message":"Skipping storing report.","meta":{"rootId":"vs5r15xjx3qa1u9","id":"vs5r15xjx3qa1u9"},"id":"5g2krgq6ajrpipy","previousOperationId":"3u7fz6kkwkaft65"}
{"type":"log","timestamp":1675445937372,"level":"info","message":"Rendering request 9 finished in 755 ms","meta":{"rootId":"vs5r15xjx3qa1u9","id":"vs5r15xjx3qa1u9"},"id":"xfno5olx8xig528","previousOperationId":"3u7fz6kkwkaft65"}
{"type":"operationEnd","subtype":"render","operationId":"2pki9ojprwmb9aw","timestamp":1675445937372,"id":"o9hzwkj6zfbuv9k","previousEventId":"fbysq4zgex0wyye","previousOperationId":"3u7fz6kkwkaft65"}
{"type":"operationEnd","doDiffs":false,"previousEventId":"8blazsf9t9pphmf","previousOperationId":"cq2apk6z3bogruv","operationId":"cq2apk6z3bogruv","timestamp":1675445937379,"id":"o5k8f8hluqhremi"}
