{"type":"operationStart","subtype":"profile","data":{"_id":"ZLex5AcptUGRmPoS","timestamp":"2023-02-05T17:55:41.375Z","state":"queued","mode":"standard","creationDate":"2023-02-05T17:55:41.378Z","modificationDate":"2023-02-05T17:55:41.378Z","shortid":"AmIPpuV","$entitySet":"profiles"},"doDiffs":false,"timestamp":1675619741376,"id":"gzqi29k1bj1m576","previousOperationId":null,"operationId":"cl3edeyioqu7l2l"}
{"type":"log","level":"info","message":"Render request 17 queued for execution and waiting for available worker","previousOperationId":"cl3edeyioqu7l2l","timestamp":1675619741377,"id":"84e8irkef9jw0f6"}
{"type":"operationStart","subtype":"render","name":"orders-main","previousOperationId":"cl3edeyioqu7l2l","timestamp":1675619741388,"id":"wr8u0knjdm8s5jp","previousEventId":"gzqi29k1bj1m576","operationId":"lbwd7mu643aft9i"}
{"type":"log","timestamp":1675619741389,"level":"info","message":"Starting rendering request 17","meta":{"rootId":"vvbkevmfalef8n4","id":"vvbkevmfalef8n4"},"id":"6d1lt5j7ccndsav","previousOperationId":"lbwd7mu643aft9i"}
{"type":"log","timestamp":1675619741389,"level":"info","message":"Rendering template { name: orders-main, recipe: chrome-pdf, engine: handlebars, preview: true }","meta":{"rootId":"vvbkevmfalef8n4","id":"vvbkevmfalef8n4"},"id":"kldwtjhuhayw2e9","previousOperationId":"lbwd7mu643aft9i"}
{"type":"log","timestamp":1675619741390,"level":"debug","message":"Data item not defined for this template.","meta":{"rootId":"vvbkevmfalef8n4","id":"vvbkevmfalef8n4"},"id":"wmb1o2zbzfqw1t1","previousOperationId":"lbwd7mu643aft9i"}
{"type":"log","timestamp":1675619741392,"level":"debug","message":"Executing script orders-script (beforeRender)","meta":{"rootId":"vvbkevmfalef8n4","id":"vvbkevmfalef8n4"},"id":"3nvu9h438bhk6j0","previousOperationId":"lbwd7mu643aft9i"}
{"type":"operationStart","subtype":"scriptsBeforeRender","name":"scripts beforeRender","timestamp":1675619741426,"id":"0yiaesk42hbx1cb","previousEventId":"wr8u0knjdm8s5jp","operationId":"34wnou1znduagzg","previousOperationId":"lbwd7mu643aft9i"}
{"type":"operationStart","subtype":"script","name":"scripts orders-script","previousOperationId":"34wnou1znduagzg","timestamp":1675619741426,"id":"83085iylmgetqs1","previousEventId":"0yiaesk42hbx1cb","operationId":"outfsbtx4nmrmao"}
{"type":"log","timestamp":1675619741732,"level":"debug","message":"(console:log) {\n  data: [\n    {\n      id: 1,\n      name: 'Antonio',\n      description: 'Aclamado director de la Orquesta Filarmónica de Gran Canaria',\n      pieces: [Array],\n      count: 2\n    },\n    {\n      id: 3,\n      name: 'Juana de Armas',\n      description: 'Aclamada directora de la Orquesta Filarmónica de Gran Canaria',\n      pieces: [Array],\n      count: 4\n    }\n  ]\n}","meta":{"userLevel":true,"rootId":"vvbkevmfalef8n4","id":"vvbkevmfalef8n4"},"id":"61nrdpmc7hwhs8u","previousOperationId":"outfsbtx4nmrmao"}
{"type":"operationEnd","operationId":"outfsbtx4nmrmao","timestamp":1675619741732,"id":"t21rg2nkm1umk3s","previousEventId":"wr8u0knjdm8s5jp","previousOperationId":"lbwd7mu643aft9i"}
{"type":"operationEnd","operationId":"34wnou1znduagzg","timestamp":1675619741732,"id":"9ed84dw4854gep4","previousEventId":"t21rg2nkm1umk3s","previousOperationId":"lbwd7mu643aft9i"}
{"type":"log","timestamp":1675619741732,"level":"debug","message":"Base url not specified, skipping its injection.","meta":{"rootId":"vvbkevmfalef8n4","id":"vvbkevmfalef8n4"},"id":"4e4zaze8pnr89h8","previousOperationId":"34wnou1znduagzg"}
{"type":"operationStart","subtype":"engine","name":"handlebars","timestamp":1675619741733,"id":"0d6445qfi56gmep","previousEventId":"9ed84dw4854gep4","operationId":"nc10i0sjn9db50c","previousOperationId":"34wnou1znduagzg"}
{"type":"log","timestamp":1675619741733,"level":"debug","message":"Rendering engine handlebars","meta":{"rootId":"vvbkevmfalef8n4","id":"vvbkevmfalef8n4"},"id":"0j2vh7xkcxiduh1","previousOperationId":"nc10i0sjn9db50c"}
{"type":"operationEnd","operationId":"nc10i0sjn9db50c","timestamp":1675619741754,"id":"e9tso1z1xk4m4ho","previousEventId":"0d6445qfi56gmep","previousOperationId":"nc10i0sjn9db50c"}
{"type":"operationStart","subtype":"recipe","name":"chrome-pdf","timestamp":1675619741754,"id":"1rf8ua6jv4omb73","previousEventId":"e9tso1z1xk4m4ho","operationId":"m5xc1joti8i0v97","previousOperationId":"nc10i0sjn9db50c"}
{"type":"log","timestamp":1675619741754,"level":"debug","message":"Executing recipe chrome-pdf","meta":{"rootId":"vvbkevmfalef8n4","id":"vvbkevmfalef8n4"},"id":"88z9wixo1qs5thq","previousOperationId":"m5xc1joti8i0v97"}
{"type":"log","timestamp":1675619741758,"level":"debug","message":"Converting with chrome HeadlessChrome/105.0.5173.0 using chrome-pool strategy","meta":{"rootId":"vvbkevmfalef8n4","id":"vvbkevmfalef8n4"},"id":"lny2qoek6erijrv","previousOperationId":"m5xc1joti8i0v97"}
{"type":"log","timestamp":1675619741867,"level":"debug","message":"Page request: GET (document) file:///C:/Users/pollo/AppData/Local/Temp/jsreport/autocleanup/2d5bf313-959a-47df-88d9-3a8a7be3dba3-chrome-pdf.html","meta":{"rootId":"vvbkevmfalef8n4","id":"vvbkevmfalef8n4"},"id":"e0fvcs4jw3ayolz","previousOperationId":"m5xc1joti8i0v97"}
{"type":"log","timestamp":1675619741889,"level":"debug","message":"Page request finished: GET (document) 200 file:///C:/Users/pollo/AppData/Local/Temp/jsreport/autocleanup/2d5bf313-959a-47df-88d9-3a8a7be3dba3-chrome-pdf.html","meta":{"rootId":"vvbkevmfalef8n4","id":"vvbkevmfalef8n4"},"id":"jxjwtbybdix8rb2","previousOperationId":"m5xc1joti8i0v97"}
{"type":"log","timestamp":1675619741889,"level":"debug","message":"Page request: GET (stylesheet) https://cdnjs.cloudflare.com/ajax/libs/metro/4.1.5/css/metro.min.css","meta":{"rootId":"vvbkevmfalef8n4","id":"vvbkevmfalef8n4"},"id":"0ox1hi09aa6jmy6","previousOperationId":"m5xc1joti8i0v97"}
{"type":"log","timestamp":1675619741889,"level":"debug","message":"Page request: GET (script) https://cdnjs.cloudflare.com/ajax/libs/Chart.js/2.7.2/Chart.min.js","meta":{"rootId":"vvbkevmfalef8n4","id":"vvbkevmfalef8n4"},"id":"l2ol86qnp0c0u00","previousOperationId":"m5xc1joti8i0v97"}
{"type":"log","timestamp":1675619741897,"level":"debug","message":"Page request finished: GET (script) 200 https://cdnjs.cloudflare.com/ajax/libs/Chart.js/2.7.2/Chart.min.js","meta":{"rootId":"vvbkevmfalef8n4","id":"vvbkevmfalef8n4"},"id":"ctkdaarolc33d3m","previousOperationId":"m5xc1joti8i0v97"}
{"type":"log","timestamp":1675619741915,"level":"debug","message":"Page request finished: GET (stylesheet) 200 https://cdnjs.cloudflare.com/ajax/libs/metro/4.1.5/css/metro.min.css","meta":{"rootId":"vvbkevmfalef8n4","id":"vvbkevmfalef8n4"},"id":"cvagscvk2m1a0uq","previousOperationId":"m5xc1joti8i0v97"}
{"type":"log","timestamp":1675619741920,"level":"warn","message":"Page error: SyntaxError: Unexpected token '&'","meta":{"rootId":"vvbkevmfalef8n4","id":"vvbkevmfalef8n4"},"id":"we9aj86k6jh76nc","previousOperationId":"m5xc1joti8i0v97"}
{"type":"log","timestamp":1675619741951,"level":"debug","message":"Running chrome with params {\"printBackground\":true,\"marginTop\":\"4cm\",\"marginRight\":\"1.5cm\",\"marginBottom\":\"1.5cm\",\"marginLeft\":\"1.5cm\",\"waitForJS\":false,\"timeout\":59618,\"margin\":{\"top\":\"4cm\",\"right\":\"1.5cm\",\"bottom\":\"1.5cm\",\"left\":\"1.5cm\"}}","meta":{"rootId":"vvbkevmfalef8n4","id":"vvbkevmfalef8n4"},"id":"480vpenapa3tiqf","previousOperationId":"m5xc1joti8i0v97"}
{"type":"operationEnd","operationId":"m5xc1joti8i0v97","timestamp":1675619742033,"id":"q64ywl5tuqaj7w2","previousEventId":"1rf8ua6jv4omb73","previousOperationId":"m5xc1joti8i0v97"}
{"type":"log","timestamp":1675619742033,"level":"info","message":"pdf-utils is starting pdf processing","meta":{"rootId":"vvbkevmfalef8n4","id":"vvbkevmfalef8n4"},"id":"tg2jfn250pez05g","previousOperationId":"m5xc1joti8i0v97"}
{"type":"operationStart","subtype":"pdfUtils","name":"pdf utils","timestamp":1675619742033,"id":"xadq6s20u6qwpq2","previousEventId":"q64ywl5tuqaj7w2","operationId":"pw64l29skhq1xpn","previousOperationId":"m5xc1joti8i0v97"}
{"type":"log","timestamp":1675619742033,"level":"debug","message":"pdf-utils detected 1 pdf operation(s) to process","meta":{"rootId":"vvbkevmfalef8n4","id":"vvbkevmfalef8n4"},"id":"2m53o0hqpbxhhja","previousOperationId":"pw64l29skhq1xpn"}
{"type":"log","timestamp":1675619742050,"level":"debug","message":"pdf-utils running pdf operation merge","meta":{"rootId":"vvbkevmfalef8n4","id":"vvbkevmfalef8n4"},"id":"3w6sau97x6veynz","previousOperationId":"pw64l29skhq1xpn"}
{"type":"operationStart","subtype":"pdfUtilsMerge","name":"pdf utils merge","previousOperationId":"pw64l29skhq1xpn","timestamp":1675619742051,"id":"hljjsfh4uks7pvq","previousEventId":"xadq6s20u6qwpq2","operationId":"gswg31rt2qihl4w"}
{"type":"operationStart","subtype":"render","name":"orders-header","previousOperationId":"gswg31rt2qihl4w","timestamp":1675619742051,"id":"pcfjfvqw2xlw0wf","previousEventId":"hljjsfh4uks7pvq","operationId":"700hg52ns6yxro3"}
{"type":"log","timestamp":1675619742051,"level":"info","message":"Starting rendering (child) request","meta":{"rootId":"vvbkevmfalef8n4","id":"ezkl1591i02q8ky"},"id":"5abzq0ktgdjvhje","previousOperationId":"700hg52ns6yxro3"}
{"type":"log","timestamp":1675619742052,"level":"info","message":"Rendering template { name: orders-header, recipe: chrome-pdf, engine: handlebars, preview: true }","meta":{"rootId":"vvbkevmfalef8n4","id":"ezkl1591i02q8ky"},"id":"aa08glkfzikba9g","previousOperationId":"700hg52ns6yxro3"}
{"type":"log","timestamp":1675619742052,"level":"debug","message":"Inline data specified.","meta":{"rootId":"vvbkevmfalef8n4","id":"ezkl1591i02q8ky"},"id":"akf0w5oby45tqen","previousOperationId":"700hg52ns6yxro3"}
{"type":"log","timestamp":1675619742056,"level":"debug","message":"Base url not specified, skipping its injection.","meta":{"rootId":"vvbkevmfalef8n4","id":"ezkl1591i02q8ky"},"id":"7e76erayojk30cs","previousOperationId":"700hg52ns6yxro3"}
{"type":"operationStart","subtype":"engine","name":"handlebars","timestamp":1675619742056,"id":"cp64ll0hd1kvel3","previousEventId":"pcfjfvqw2xlw0wf","operationId":"9sbh900o9mo27r1","previousOperationId":"700hg52ns6yxro3"}
{"type":"log","timestamp":1675619742056,"level":"debug","message":"Rendering engine handlebars","meta":{"rootId":"vvbkevmfalef8n4","id":"ezkl1591i02q8ky"},"id":"k2qyv05e8repwmk","previousOperationId":"9sbh900o9mo27r1"}
{"type":"operationEnd","operationId":"9sbh900o9mo27r1","timestamp":1675619742076,"id":"70vt16lt49s8821","previousEventId":"cp64ll0hd1kvel3","previousOperationId":"9sbh900o9mo27r1"}
{"type":"operationStart","subtype":"recipe","name":"chrome-pdf","timestamp":1675619742076,"id":"g37oabn813rz7bs","previousEventId":"70vt16lt49s8821","operationId":"c8r09s7swtrbuyi","previousOperationId":"9sbh900o9mo27r1"}
{"type":"log","timestamp":1675619742076,"level":"debug","message":"Executing recipe chrome-pdf","meta":{"rootId":"vvbkevmfalef8n4","id":"ezkl1591i02q8ky"},"id":"b5ezm041bq55j7f","previousOperationId":"c8r09s7swtrbuyi"}
{"type":"log","timestamp":1675619742080,"level":"debug","message":"Converting with chrome HeadlessChrome/105.0.5173.0 using chrome-pool strategy","meta":{"rootId":"vvbkevmfalef8n4","id":"ezkl1591i02q8ky"},"id":"2ekeqs8ec1d8nib","previousOperationId":"c8r09s7swtrbuyi"}
{"type":"log","timestamp":1675619742193,"level":"debug","message":"Page request: GET (document) file:///C:/Users/pollo/AppData/Local/Temp/jsreport/autocleanup/b033f2e7-32a8-4d3f-b76c-4f4be94fbb15-chrome-pdf.html","meta":{"rootId":"vvbkevmfalef8n4","id":"ezkl1591i02q8ky"},"id":"fnovp5e7poqvwsr","previousOperationId":"c8r09s7swtrbuyi"}
{"type":"log","timestamp":1675619742205,"level":"debug","message":"Page request finished: GET (document) 200 file:///C:/Users/pollo/AppData/Local/Temp/jsreport/autocleanup/b033f2e7-32a8-4d3f-b76c-4f4be94fbb15-chrome-pdf.html","meta":{"rootId":"vvbkevmfalef8n4","id":"ezkl1591i02q8ky"},"id":"ufg6g7adrs1npfz","previousOperationId":"c8r09s7swtrbuyi"}
{"type":"log","timestamp":1675619742205,"level":"debug","message":"Page request: GET (stylesheet) https://cdnjs.cloudflare.com/ajax/libs/metro/4.1.5/css/metro.min.css","meta":{"rootId":"vvbkevmfalef8n4","id":"ezkl1591i02q8ky"},"id":"bh31gv9gktudtjf","previousOperationId":"c8r09s7swtrbuyi"}
{"type":"log","timestamp":1675619742226,"level":"debug","message":"Page request finished: GET (stylesheet) 200 https://cdnjs.cloudflare.com/ajax/libs/metro/4.1.5/css/metro.min.css","meta":{"rootId":"vvbkevmfalef8n4","id":"ezkl1591i02q8ky"},"id":"cfe0cx417tjw62r","previousOperationId":"c8r09s7swtrbuyi"}
{"type":"log","timestamp":1675619742250,"level":"debug","message":"Running chrome with params {\"printBackground\":true,\"marginTop\":\"1.5cm\",\"marginRight\":\"1.5cm\",\"marginLeft\":\"1.cm\",\"timeout\":59296,\"margin\":{\"top\":\"1.5cm\",\"right\":\"1.5cm\",\"left\":\"1.cm\"}}","meta":{"rootId":"vvbkevmfalef8n4","id":"ezkl1591i02q8ky"},"id":"w3jqeq3jjlmjzwi","previousOperationId":"c8r09s7swtrbuyi"}
{"type":"operationEnd","operationId":"c8r09s7swtrbuyi","timestamp":1675619742323,"id":"8j3h3ptjf3l87jz","previousEventId":"g37oabn813rz7bs","previousOperationId":"c8r09s7swtrbuyi"}
{"type":"log","timestamp":1675619742323,"level":"debug","message":"Skipping storing report.","meta":{"rootId":"vvbkevmfalef8n4","id":"ezkl1591i02q8ky"},"id":"ikqxlifrzxxeu6q","previousOperationId":"c8r09s7swtrbuyi"}
{"type":"log","timestamp":1675619742324,"level":"info","message":"Rendering (child) request finished in 949 ms","meta":{"rootId":"vvbkevmfalef8n4","id":"ezkl1591i02q8ky"},"id":"mnxm4wi0r5r6k8f","previousOperationId":"c8r09s7swtrbuyi"}
{"type":"operationEnd","subtype":"render","operationId":"700hg52ns6yxro3","timestamp":1675619742324,"id":"z5glf97vkpv8oz7","previousEventId":"8j3h3ptjf3l87jz","previousOperationId":"c8r09s7swtrbuyi"}
{"type":"operationEnd","operationId":"gswg31rt2qihl4w","timestamp":1675619742331,"id":"j0royc8t4u6k6k0","previousEventId":"hljjsfh4uks7pvq","previousOperationId":"gswg31rt2qihl4w"}
{"type":"log","timestamp":1675619742331,"level":"debug","message":"pdf-utils postproces start","meta":{"rootId":"vvbkevmfalef8n4","id":"vvbkevmfalef8n4"},"id":"lmnratl2an30oxu","previousOperationId":"gswg31rt2qihl4w"}
{"type":"log","timestamp":1675619742339,"level":"debug","message":"pdf-utils postproces end","meta":{"rootId":"vvbkevmfalef8n4","id":"vvbkevmfalef8n4"},"id":"o7nxa0vomlzwu63","previousOperationId":"gswg31rt2qihl4w"}
{"type":"operationEnd","operationId":"pw64l29skhq1xpn","timestamp":1675619742339,"id":"iro3vzdvqpd1ys3","previousEventId":"j0royc8t4u6k6k0","previousOperationId":"gswg31rt2qihl4w"}
{"type":"log","timestamp":1675619742339,"level":"info","message":"pdf-utils pdf processing was finished","meta":{"rootId":"vvbkevmfalef8n4","id":"vvbkevmfalef8n4"},"id":"lv8qi9ax6j52xf3","previousOperationId":"pw64l29skhq1xpn"}
{"type":"log","timestamp":1675619742339,"level":"debug","message":"Skipping storing report.","meta":{"rootId":"vvbkevmfalef8n4","id":"vvbkevmfalef8n4"},"id":"kn3x4cva4id5y2g","previousOperationId":"pw64l29skhq1xpn"}
{"type":"log","timestamp":1675619742340,"level":"info","message":"Rendering request 17 finished in 965 ms","meta":{"rootId":"vvbkevmfalef8n4","id":"vvbkevmfalef8n4"},"id":"d6ng8kpzdg1yorm","previousOperationId":"pw64l29skhq1xpn"}
{"type":"operationEnd","subtype":"render","operationId":"lbwd7mu643aft9i","timestamp":1675619742340,"id":"ltomclq0f8pzqon","previousEventId":"iro3vzdvqpd1ys3","previousOperationId":"pw64l29skhq1xpn"}
{"type":"operationEnd","doDiffs":false,"previousEventId":"gzqi29k1bj1m576","previousOperationId":"cl3edeyioqu7l2l","operationId":"cl3edeyioqu7l2l","timestamp":1675619742356,"id":"fuamcwfnl0cpelk"}
