{"type":"operationStart","subtype":"profile","data":{"_id":"Dz3vq9LTiieNyfx2","timestamp":"2023-02-05T19:19:23.276Z","state":"queued","mode":"standard","creationDate":"2023-02-05T19:19:23.278Z","modificationDate":"2023-02-05T19:19:23.278Z","shortid":"b_1BH5T","$entitySet":"profiles"},"doDiffs":false,"timestamp":1675624763277,"id":"mlptasnnok05g4p","previousOperationId":null,"operationId":"gqufphsutahokaj"}
{"type":"log","level":"info","message":"Render request 52 queued for execution and waiting for available worker","previousOperationId":"gqufphsutahokaj","timestamp":1675624763277,"id":"diwejznea13qorn"}
{"type":"operationStart","subtype":"render","name":"orders-main","previousOperationId":"gqufphsutahokaj","timestamp":1675624763288,"id":"vuex07zp6bcz2rg","previousEventId":"mlptasnnok05g4p","operationId":"ea5yne269mqv0a8"}
{"type":"log","timestamp":1675624763288,"level":"info","message":"Starting rendering request 52","meta":{"rootId":"w56xn3d2w78tp0f","id":"w56xn3d2w78tp0f"},"id":"4xox83j1hbhiqr3","previousOperationId":"ea5yne269mqv0a8"}
{"type":"log","timestamp":1675624763288,"level":"info","message":"Rendering template { name: orders-main, recipe: chrome-pdf, engine: handlebars, preview: true }","meta":{"rootId":"w56xn3d2w78tp0f","id":"w56xn3d2w78tp0f"},"id":"27e88okbfm9uky2","previousOperationId":"ea5yne269mqv0a8"}
{"type":"log","timestamp":1675624763289,"level":"debug","message":"Data item not defined for this template.","meta":{"rootId":"w56xn3d2w78tp0f","id":"w56xn3d2w78tp0f"},"id":"6bhglpiciz1zrlx","previousOperationId":"ea5yne269mqv0a8"}
{"type":"log","timestamp":1675624763292,"level":"debug","message":"Executing script orders-script (beforeRender)","meta":{"rootId":"w56xn3d2w78tp0f","id":"w56xn3d2w78tp0f"},"id":"6sb5isznm7qgq4y","previousOperationId":"ea5yne269mqv0a8"}
{"type":"operationStart","subtype":"scriptsBeforeRender","name":"scripts beforeRender","timestamp":1675624763321,"id":"0u0vqwvc5tn6hry","previousEventId":"vuex07zp6bcz2rg","operationId":"db5n2v6k87kfjbz","previousOperationId":"ea5yne269mqv0a8"}
{"type":"operationStart","subtype":"script","name":"scripts orders-script","previousOperationId":"db5n2v6k87kfjbz","timestamp":1675624763321,"id":"mih60at0wy8cutd","previousEventId":"0u0vqwvc5tn6hry","operationId":"0870aag3pyvofqt"}
{"type":"log","timestamp":1675624763600,"level":"debug","message":"(console:log) [ 2, 4 ]","meta":{"userLevel":true,"rootId":"w56xn3d2w78tp0f","id":"w56xn3d2w78tp0f"},"id":"r3xi8p48oozm0by","previousOperationId":"0870aag3pyvofqt"}
{"type":"operationEnd","operationId":"0870aag3pyvofqt","timestamp":1675624763600,"id":"aaqt5gocwvoa2pu","previousEventId":"vuex07zp6bcz2rg","previousOperationId":"ea5yne269mqv0a8"}
{"type":"operationEnd","operationId":"db5n2v6k87kfjbz","timestamp":1675624763600,"id":"ir737gr7ozovtij","previousEventId":"aaqt5gocwvoa2pu","previousOperationId":"ea5yne269mqv0a8"}
{"type":"log","timestamp":1675624763600,"level":"debug","message":"Base url not specified, skipping its injection.","meta":{"rootId":"w56xn3d2w78tp0f","id":"w56xn3d2w78tp0f"},"id":"8gowr9vb4qgtf6c","previousOperationId":"db5n2v6k87kfjbz"}
{"type":"operationStart","subtype":"engine","name":"handlebars","timestamp":1675624763601,"id":"2qbyibdhesp0wrg","previousEventId":"ir737gr7ozovtij","operationId":"zwsw1c1lhly9ex4","previousOperationId":"db5n2v6k87kfjbz"}
{"type":"log","timestamp":1675624763601,"level":"debug","message":"Rendering engine handlebars","meta":{"rootId":"w56xn3d2w78tp0f","id":"w56xn3d2w78tp0f"},"id":"w1qj5zu44xmp12y","previousOperationId":"zwsw1c1lhly9ex4"}
{"type":"operationEnd","operationId":"zwsw1c1lhly9ex4","timestamp":1675624763613,"id":"sqv24c14y70y8n9","previousEventId":"2qbyibdhesp0wrg","previousOperationId":"zwsw1c1lhly9ex4"}
{"type":"operationStart","subtype":"recipe","name":"chrome-pdf","timestamp":1675624763614,"id":"605vwmc42rpa6wq","previousEventId":"sqv24c14y70y8n9","operationId":"mmk89w89fplixn3","previousOperationId":"zwsw1c1lhly9ex4"}
{"type":"log","timestamp":1675624763614,"level":"debug","message":"Executing recipe chrome-pdf","meta":{"rootId":"w56xn3d2w78tp0f","id":"w56xn3d2w78tp0f"},"id":"10vk72fakn7pv5f","previousOperationId":"mmk89w89fplixn3"}
{"type":"log","timestamp":1675624763617,"level":"debug","message":"Converting with chrome HeadlessChrome/105.0.5173.0 using chrome-pool strategy","meta":{"rootId":"w56xn3d2w78tp0f","id":"w56xn3d2w78tp0f"},"id":"gu4k9y46g0p0erh","previousOperationId":"mmk89w89fplixn3"}
{"type":"log","timestamp":1675624763721,"level":"debug","message":"Page request: GET (document) file:///C:/Users/pollo/AppData/Local/Temp/jsreport/autocleanup/3d7409fd-cd7f-4c45-a766-1ea5b7940051-chrome-pdf.html","meta":{"rootId":"w56xn3d2w78tp0f","id":"w56xn3d2w78tp0f"},"id":"ujyh6ohaf94hb61","previousOperationId":"mmk89w89fplixn3"}
{"type":"log","timestamp":1675624763741,"level":"debug","message":"Page request finished: GET (document) 200 file:///C:/Users/pollo/AppData/Local/Temp/jsreport/autocleanup/3d7409fd-cd7f-4c45-a766-1ea5b7940051-chrome-pdf.html","meta":{"rootId":"w56xn3d2w78tp0f","id":"w56xn3d2w78tp0f"},"id":"85b5a8y9xnegd7g","previousOperationId":"mmk89w89fplixn3"}
{"type":"log","timestamp":1675624763741,"level":"debug","message":"Page request: GET (stylesheet) https://cdnjs.cloudflare.com/ajax/libs/metro/4.1.5/css/metro.min.css","meta":{"rootId":"w56xn3d2w78tp0f","id":"w56xn3d2w78tp0f"},"id":"jkkik33rtgi0lm9","previousOperationId":"mmk89w89fplixn3"}
{"type":"log","timestamp":1675624763741,"level":"debug","message":"Page request: GET (script) https://cdn.jsdelivr.net/npm/chart.js","meta":{"rootId":"w56xn3d2w78tp0f","id":"w56xn3d2w78tp0f"},"id":"nl1nfpyjhqfdok1","previousOperationId":"mmk89w89fplixn3"}
{"type":"log","timestamp":1675624763747,"level":"debug","message":"Page request finished: GET (script) 200 https://cdn.jsdelivr.net/npm/chart.js","meta":{"rootId":"w56xn3d2w78tp0f","id":"w56xn3d2w78tp0f"},"id":"nu4jmjj2duoskrz","previousOperationId":"mmk89w89fplixn3"}
{"type":"log","timestamp":1675624763764,"level":"debug","message":"Page request finished: GET (stylesheet) 200 https://cdnjs.cloudflare.com/ajax/libs/metro/4.1.5/css/metro.min.css","meta":{"rootId":"w56xn3d2w78tp0f","id":"w56xn3d2w78tp0f"},"id":"xcbd3lb0o728298","previousOperationId":"mmk89w89fplixn3"}
{"type":"log","timestamp":1675624763768,"level":"warn","message":"Page error: SyntaxError: Unexpected identifier","meta":{"rootId":"w56xn3d2w78tp0f","id":"w56xn3d2w78tp0f"},"id":"y3dnog02rk2f8yj","previousOperationId":"mmk89w89fplixn3"}
{"type":"log","timestamp":1675624763797,"level":"debug","message":"Running chrome with params {\"printBackground\":true,\"marginTop\":\"4cm\",\"marginRight\":\"1.5cm\",\"marginBottom\":\"1.5cm\",\"marginLeft\":\"1.5cm\",\"waitForJS\":false,\"timeout\":59660,\"margin\":{\"top\":\"4cm\",\"right\":\"1.5cm\",\"bottom\":\"1.5cm\",\"left\":\"1.5cm\"}}","meta":{"rootId":"w56xn3d2w78tp0f","id":"w56xn3d2w78tp0f"},"id":"9bip27gdim96sft","previousOperationId":"mmk89w89fplixn3"}
{"type":"operationEnd","operationId":"mmk89w89fplixn3","timestamp":1675624763876,"id":"66jnheoir7h2ch8","previousEventId":"605vwmc42rpa6wq","previousOperationId":"mmk89w89fplixn3"}
{"type":"log","timestamp":1675624763876,"level":"info","message":"pdf-utils is starting pdf processing","meta":{"rootId":"w56xn3d2w78tp0f","id":"w56xn3d2w78tp0f"},"id":"hqwt7viihgw3qb1","previousOperationId":"mmk89w89fplixn3"}
{"type":"operationStart","subtype":"pdfUtils","name":"pdf utils","timestamp":1675624763876,"id":"vkm35h03315ok43","previousEventId":"66jnheoir7h2ch8","operationId":"ikt8wn0do1srpu3","previousOperationId":"mmk89w89fplixn3"}
{"type":"log","timestamp":1675624763876,"level":"debug","message":"pdf-utils detected 1 pdf operation(s) to process","meta":{"rootId":"w56xn3d2w78tp0f","id":"w56xn3d2w78tp0f"},"id":"8bz9q4zyg4x36pl","previousOperationId":"ikt8wn0do1srpu3"}
{"type":"log","timestamp":1675624763889,"level":"debug","message":"pdf-utils running pdf operation merge","meta":{"rootId":"w56xn3d2w78tp0f","id":"w56xn3d2w78tp0f"},"id":"6kld0azu5llpa38","previousOperationId":"ikt8wn0do1srpu3"}
{"type":"operationStart","subtype":"pdfUtilsMerge","name":"pdf utils merge","previousOperationId":"ikt8wn0do1srpu3","timestamp":1675624763889,"id":"4ltxoiu24z8ke54","previousEventId":"vkm35h03315ok43","operationId":"6foni5v02mg109l"}
{"type":"operationStart","subtype":"render","name":"orders-header","previousOperationId":"6foni5v02mg109l","timestamp":1675624763890,"id":"nllz8m9h91gskes","previousEventId":"4ltxoiu24z8ke54","operationId":"ll92db5ej6kqija"}
{"type":"log","timestamp":1675624763890,"level":"info","message":"Starting rendering (child) request","meta":{"rootId":"w56xn3d2w78tp0f","id":"raw6rokjl6nb39n"},"id":"5t3bbfvkgp6h6m0","previousOperationId":"ll92db5ej6kqija"}
{"type":"log","timestamp":1675624763890,"level":"info","message":"Rendering template { name: orders-header, recipe: chrome-pdf, engine: handlebars, preview: true }","meta":{"rootId":"w56xn3d2w78tp0f","id":"raw6rokjl6nb39n"},"id":"p2xiftrbngb1vcp","previousOperationId":"ll92db5ej6kqija"}
{"type":"log","timestamp":1675624763892,"level":"debug","message":"Inline data specified.","meta":{"rootId":"w56xn3d2w78tp0f","id":"raw6rokjl6nb39n"},"id":"hr9d747jrydhp48","previousOperationId":"ll92db5ej6kqija"}
{"type":"log","timestamp":1675624763895,"level":"debug","message":"Base url not specified, skipping its injection.","meta":{"rootId":"w56xn3d2w78tp0f","id":"raw6rokjl6nb39n"},"id":"us1xl3vn7l0zwu9","previousOperationId":"ll92db5ej6kqija"}
{"type":"operationStart","subtype":"engine","name":"handlebars","timestamp":1675624763895,"id":"m3xq5rj9l1xe30a","previousEventId":"nllz8m9h91gskes","operationId":"2hot6v9e9cln1um","previousOperationId":"ll92db5ej6kqija"}
{"type":"log","timestamp":1675624763895,"level":"debug","message":"Rendering engine handlebars","meta":{"rootId":"w56xn3d2w78tp0f","id":"raw6rokjl6nb39n"},"id":"iw2r1y0gpkcen97","previousOperationId":"2hot6v9e9cln1um"}
{"type":"operationEnd","operationId":"2hot6v9e9cln1um","timestamp":1675624763911,"id":"sp7ekyfztqn7o32","previousEventId":"m3xq5rj9l1xe30a","previousOperationId":"2hot6v9e9cln1um"}
{"type":"operationStart","subtype":"recipe","name":"chrome-pdf","timestamp":1675624763911,"id":"5aqy6hakwbzyxkz","previousEventId":"sp7ekyfztqn7o32","operationId":"vkidr6rlz0jrgnr","previousOperationId":"2hot6v9e9cln1um"}
{"type":"log","timestamp":1675624763911,"level":"debug","message":"Executing recipe chrome-pdf","meta":{"rootId":"w56xn3d2w78tp0f","id":"raw6rokjl6nb39n"},"id":"ef9p6ev790ivbys","previousOperationId":"vkidr6rlz0jrgnr"}
{"type":"log","timestamp":1675624763914,"level":"debug","message":"Converting with chrome HeadlessChrome/105.0.5173.0 using chrome-pool strategy","meta":{"rootId":"w56xn3d2w78tp0f","id":"raw6rokjl6nb39n"},"id":"najbjjijymhqrs2","previousOperationId":"vkidr6rlz0jrgnr"}
{"type":"log","timestamp":1675624764015,"level":"debug","message":"Page request: GET (document) file:///C:/Users/pollo/AppData/Local/Temp/jsreport/autocleanup/197b3137-36be-4dbe-82e7-735f8f27f1ed-chrome-pdf.html","meta":{"rootId":"w56xn3d2w78tp0f","id":"raw6rokjl6nb39n"},"id":"0krukfp6d83ua93","previousOperationId":"vkidr6rlz0jrgnr"}
{"type":"log","timestamp":1675624764028,"level":"debug","message":"Page request finished: GET (document) 200 file:///C:/Users/pollo/AppData/Local/Temp/jsreport/autocleanup/197b3137-36be-4dbe-82e7-735f8f27f1ed-chrome-pdf.html","meta":{"rootId":"w56xn3d2w78tp0f","id":"raw6rokjl6nb39n"},"id":"rrv6axh6c31qs6v","previousOperationId":"vkidr6rlz0jrgnr"}
{"type":"log","timestamp":1675624764029,"level":"debug","message":"Page request: GET (stylesheet) https://cdnjs.cloudflare.com/ajax/libs/metro/4.1.5/css/metro.min.css","meta":{"rootId":"w56xn3d2w78tp0f","id":"raw6rokjl6nb39n"},"id":"salwyoykjpqq5fk","previousOperationId":"vkidr6rlz0jrgnr"}
{"type":"log","timestamp":1675624764055,"level":"debug","message":"Page request finished: GET (stylesheet) 200 https://cdnjs.cloudflare.com/ajax/libs/metro/4.1.5/css/metro.min.css","meta":{"rootId":"w56xn3d2w78tp0f","id":"raw6rokjl6nb39n"},"id":"hu6nuevdz6njupz","previousOperationId":"vkidr6rlz0jrgnr"}
{"type":"log","timestamp":1675624764079,"level":"debug","message":"Running chrome with params {\"printBackground\":true,\"marginTop\":\"1.5cm\",\"marginRight\":\"1.5cm\",\"marginLeft\":\"1.cm\",\"timeout\":59363,\"margin\":{\"top\":\"1.5cm\",\"right\":\"1.5cm\",\"left\":\"1.cm\"}}","meta":{"rootId":"w56xn3d2w78tp0f","id":"raw6rokjl6nb39n"},"id":"dwt1ls6mw1ml3f4","previousOperationId":"vkidr6rlz0jrgnr"}
{"type":"operationEnd","operationId":"vkidr6rlz0jrgnr","timestamp":1675624764170,"id":"v7zmme71ad14x5i","previousEventId":"5aqy6hakwbzyxkz","previousOperationId":"vkidr6rlz0jrgnr"}
{"type":"log","timestamp":1675624764170,"level":"debug","message":"Skipping storing report.","meta":{"rootId":"w56xn3d2w78tp0f","id":"raw6rokjl6nb39n"},"id":"p33bv03rsqvvg5p","previousOperationId":"vkidr6rlz0jrgnr"}
{"type":"log","timestamp":1675624764170,"level":"info","message":"Rendering (child) request finished in 894 ms","meta":{"rootId":"w56xn3d2w78tp0f","id":"raw6rokjl6nb39n"},"id":"8lwyg04mvo38s36","previousOperationId":"vkidr6rlz0jrgnr"}
{"type":"operationEnd","subtype":"render","operationId":"ll92db5ej6kqija","timestamp":1675624764171,"id":"ymvcvn2qs78uosl","previousEventId":"v7zmme71ad14x5i","previousOperationId":"vkidr6rlz0jrgnr"}
{"type":"operationEnd","operationId":"6foni5v02mg109l","timestamp":1675624764180,"id":"zmvxvldxoeczlev","previousEventId":"4ltxoiu24z8ke54","previousOperationId":"6foni5v02mg109l"}
{"type":"log","timestamp":1675624764180,"level":"debug","message":"pdf-utils postproces start","meta":{"rootId":"w56xn3d2w78tp0f","id":"w56xn3d2w78tp0f"},"id":"mrnaet9824ate5i","previousOperationId":"6foni5v02mg109l"}
{"type":"log","timestamp":1675624764189,"level":"debug","message":"pdf-utils postproces end","meta":{"rootId":"w56xn3d2w78tp0f","id":"w56xn3d2w78tp0f"},"id":"qekllbtgrcbzgv4","previousOperationId":"6foni5v02mg109l"}
{"type":"operationEnd","operationId":"ikt8wn0do1srpu3","timestamp":1675624764189,"id":"7wxs9kax951pdol","previousEventId":"zmvxvldxoeczlev","previousOperationId":"6foni5v02mg109l"}
{"type":"log","timestamp":1675624764189,"level":"info","message":"pdf-utils pdf processing was finished","meta":{"rootId":"w56xn3d2w78tp0f","id":"w56xn3d2w78tp0f"},"id":"zp3izwrbbpu037o","previousOperationId":"ikt8wn0do1srpu3"}
{"type":"log","timestamp":1675624764189,"level":"debug","message":"Skipping storing report.","meta":{"rootId":"w56xn3d2w78tp0f","id":"w56xn3d2w78tp0f"},"id":"fy7re04o413f98u","previousOperationId":"ikt8wn0do1srpu3"}
{"type":"log","timestamp":1675624764189,"level":"info","message":"Rendering request 52 finished in 913 ms","meta":{"rootId":"w56xn3d2w78tp0f","id":"w56xn3d2w78tp0f"},"id":"qt1andc924pxe1g","previousOperationId":"ikt8wn0do1srpu3"}
{"type":"operationEnd","subtype":"render","operationId":"ea5yne269mqv0a8","timestamp":1675624764189,"id":"lp8j2ry1vzurzza","previousEventId":"7wxs9kax951pdol","previousOperationId":"ikt8wn0do1srpu3"}
{"type":"operationEnd","doDiffs":false,"previousEventId":"mlptasnnok05g4p","previousOperationId":"gqufphsutahokaj","operationId":"gqufphsutahokaj","timestamp":1675624764202,"id":"us2u7vppde5z96x"}
