{"type":"operationStart","subtype":"profile","data":{"_id":"gOjukQuVCRaxxJ4P","timestamp":"2023-02-03T17:33:38.965Z","state":"queued","mode":"standard","creationDate":"2023-02-03T17:33:38.967Z","modificationDate":"2023-02-03T17:33:38.967Z","shortid":"9crs4dw","$entitySet":"profiles"},"doDiffs":false,"timestamp":1675445618966,"id":"wni1lta31wveepo","previousOperationId":null,"operationId":"texjb5o14cn6fvn"}
{"type":"log","level":"info","message":"Render request 3 queued for execution and waiting for available worker","previousOperationId":"texjb5o14cn6fvn","timestamp":1675445618966,"id":"58s5p6hsvoen2su"}
{"type":"operationStart","subtype":"render","name":"orders-main","previousOperationId":"texjb5o14cn6fvn","timestamp":1675445618978,"id":"a4on1s2l7im05kv","previousEventId":"wni1lta31wveepo","operationId":"lp4ero8db983ayf"}
{"type":"log","timestamp":1675445618978,"level":"info","message":"Starting rendering request 3","meta":{"rootId":"w9r8gjqi21f2qhk","id":"w9r8gjqi21f2qhk"},"id":"uaokrodnp9cj3ee","previousOperationId":"lp4ero8db983ayf"}
{"type":"log","timestamp":1675445618978,"level":"info","message":"Rendering template { name: orders-main, recipe: chrome-pdf, engine: handlebars, preview: true }","meta":{"rootId":"w9r8gjqi21f2qhk","id":"w9r8gjqi21f2qhk"},"id":"l2avqx3hzg68mg5","previousOperationId":"lp4ero8db983ayf"}
{"type":"log","timestamp":1675445618980,"level":"debug","message":"Data item not defined for this template.","meta":{"rootId":"w9r8gjqi21f2qhk","id":"w9r8gjqi21f2qhk"},"id":"4yhhnnv8g5gl7sm","previousOperationId":"lp4ero8db983ayf"}
{"type":"log","timestamp":1675445618982,"level":"debug","message":"Executing script orders-script (beforeRender)","meta":{"rootId":"w9r8gjqi21f2qhk","id":"w9r8gjqi21f2qhk"},"id":"xxxzsrfgmph0mtb","previousOperationId":"lp4ero8db983ayf"}
{"type":"operationStart","subtype":"scriptsBeforeRender","name":"scripts beforeRender","timestamp":1675445619018,"id":"l8lyenromm7z1c1","previousEventId":"a4on1s2l7im05kv","operationId":"47sv9g5nuxn9voc","previousOperationId":"lp4ero8db983ayf"}
{"type":"operationStart","subtype":"script","name":"scripts orders-script","previousOperationId":"47sv9g5nuxn9voc","timestamp":1675445619018,"id":"nghfs6ej17n1q3g","previousEventId":"l8lyenromm7z1c1","operationId":"2epcrdqqkmvlg2o"}
{"type":"log","timestamp":1675445619291,"level":"debug","message":"(console:log) Antonio","meta":{"userLevel":true,"rootId":"w9r8gjqi21f2qhk","id":"w9r8gjqi21f2qhk"},"id":"w2rji6f067tezfr","previousOperationId":"2epcrdqqkmvlg2o"}
{"type":"operationEnd","operationId":"2epcrdqqkmvlg2o","timestamp":1675445619291,"id":"xr4wuxnlkn0o9wn","previousEventId":"a4on1s2l7im05kv","previousOperationId":"lp4ero8db983ayf"}
{"type":"operationEnd","operationId":"47sv9g5nuxn9voc","timestamp":1675445619291,"id":"8n8ogtdy736if6z","previousEventId":"xr4wuxnlkn0o9wn","previousOperationId":"lp4ero8db983ayf"}
{"type":"log","timestamp":1675445619291,"level":"debug","message":"Base url not specified, skipping its injection.","meta":{"rootId":"w9r8gjqi21f2qhk","id":"w9r8gjqi21f2qhk"},"id":"a6gztnpzxs4ffiw","previousOperationId":"47sv9g5nuxn9voc"}
{"type":"operationStart","subtype":"engine","name":"handlebars","timestamp":1675445619291,"id":"9xlje6a9v3x6e73","previousEventId":"8n8ogtdy736if6z","operationId":"4s2xlsqine06fwr","previousOperationId":"47sv9g5nuxn9voc"}
{"type":"log","timestamp":1675445619291,"level":"debug","message":"Rendering engine handlebars","meta":{"rootId":"w9r8gjqi21f2qhk","id":"w9r8gjqi21f2qhk"},"id":"9ks559udp6lprt1","previousOperationId":"4s2xlsqine06fwr"}
{"type":"operationEnd","operationId":"4s2xlsqine06fwr","timestamp":1675445619303,"id":"m9x07mhtvfigvfo","previousEventId":"9xlje6a9v3x6e73","previousOperationId":"4s2xlsqine06fwr"}
{"type":"operationStart","subtype":"recipe","name":"chrome-pdf","timestamp":1675445619303,"id":"dn8zbhvkf3yz6l2","previousEventId":"m9x07mhtvfigvfo","operationId":"5ikokerppit6wem","previousOperationId":"4s2xlsqine06fwr"}
{"type":"log","timestamp":1675445619303,"level":"debug","message":"Executing recipe chrome-pdf","meta":{"rootId":"w9r8gjqi21f2qhk","id":"w9r8gjqi21f2qhk"},"id":"juady5wq52e24ky","previousOperationId":"5ikokerppit6wem"}
{"type":"log","timestamp":1675445619305,"level":"debug","message":"Converting with chrome HeadlessChrome/105.0.5173.0 using chrome-pool strategy","meta":{"rootId":"w9r8gjqi21f2qhk","id":"w9r8gjqi21f2qhk"},"id":"fulv7md7gxlq2jn","previousOperationId":"5ikokerppit6wem"}
{"type":"log","timestamp":1675445619427,"level":"debug","message":"Page request: GET (document) file:///C:/Users/pollo/AppData/Local/Temp/jsreport/autocleanup/281b609f-c48e-4ea3-a67a-3d8427232825-chrome-pdf.html","meta":{"rootId":"w9r8gjqi21f2qhk","id":"w9r8gjqi21f2qhk"},"id":"bfvc1pstb954v1n","previousOperationId":"5ikokerppit6wem"}
{"type":"log","timestamp":1675445619436,"level":"debug","message":"Page request finished: GET (document) 200 file:///C:/Users/pollo/AppData/Local/Temp/jsreport/autocleanup/281b609f-c48e-4ea3-a67a-3d8427232825-chrome-pdf.html","meta":{"rootId":"w9r8gjqi21f2qhk","id":"w9r8gjqi21f2qhk"},"id":"9i5x7w8nnsdk3rw","previousOperationId":"5ikokerppit6wem"}
{"type":"log","timestamp":1675445619436,"level":"debug","message":"Page request: GET (stylesheet) https://cdnjs.cloudflare.com/ajax/libs/metro/4.1.5/css/metro.min.css","meta":{"rootId":"w9r8gjqi21f2qhk","id":"w9r8gjqi21f2qhk"},"id":"pfyip2r4hflxc6y","previousOperationId":"5ikokerppit6wem"}
{"type":"log","timestamp":1675445619436,"level":"debug","message":"Page request: GET (script) https://cdnjs.cloudflare.com/ajax/libs/Chart.js/2.7.2/Chart.min.js","meta":{"rootId":"w9r8gjqi21f2qhk","id":"w9r8gjqi21f2qhk"},"id":"14uwvwrygoq99tu","previousOperationId":"5ikokerppit6wem"}
{"type":"log","timestamp":1675445619444,"level":"debug","message":"Page request finished: GET (script) 200 https://cdnjs.cloudflare.com/ajax/libs/Chart.js/2.7.2/Chart.min.js","meta":{"rootId":"w9r8gjqi21f2qhk","id":"w9r8gjqi21f2qhk"},"id":"vrl6u302nu7zrda","previousOperationId":"5ikokerppit6wem"}
{"type":"log","timestamp":1675445619461,"level":"debug","message":"Page request finished: GET (stylesheet) 200 https://cdnjs.cloudflare.com/ajax/libs/metro/4.1.5/css/metro.min.css","meta":{"rootId":"w9r8gjqi21f2qhk","id":"w9r8gjqi21f2qhk"},"id":"4ejh61lp3cww605","previousOperationId":"5ikokerppit6wem"}
{"type":"log","timestamp":1675445619486,"level":"debug","message":"Running chrome with params {\"printBackground\":true,\"marginTop\":\"4cm\",\"marginRight\":\"1.5cm\",\"marginBottom\":\"1.5cm\",\"marginLeft\":\"1.5cm\",\"waitForJS\":false,\"timeout\":59660,\"margin\":{\"top\":\"4cm\",\"right\":\"1.5cm\",\"bottom\":\"1.5cm\",\"left\":\"1.5cm\"}}","meta":{"rootId":"w9r8gjqi21f2qhk","id":"w9r8gjqi21f2qhk"},"id":"mmnkkuxacwh17cl","previousOperationId":"5ikokerppit6wem"}
{"type":"operationEnd","operationId":"5ikokerppit6wem","timestamp":1675445619539,"id":"e92hnk6akk6hcqm","previousEventId":"dn8zbhvkf3yz6l2","previousOperationId":"5ikokerppit6wem"}
{"type":"log","timestamp":1675445619539,"level":"info","message":"pdf-utils is starting pdf processing","meta":{"rootId":"w9r8gjqi21f2qhk","id":"w9r8gjqi21f2qhk"},"id":"62etlgirxtlw5z0","previousOperationId":"5ikokerppit6wem"}
{"type":"operationStart","subtype":"pdfUtils","name":"pdf utils","timestamp":1675445619539,"id":"91z2pfmcfvcugj6","previousEventId":"e92hnk6akk6hcqm","operationId":"r0av82qhscb7baf","previousOperationId":"5ikokerppit6wem"}
{"type":"log","timestamp":1675445619539,"level":"debug","message":"pdf-utils detected 1 pdf operation(s) to process","meta":{"rootId":"w9r8gjqi21f2qhk","id":"w9r8gjqi21f2qhk"},"id":"3dcndocloff33s4","previousOperationId":"r0av82qhscb7baf"}
{"type":"log","timestamp":1675445619556,"level":"debug","message":"pdf-utils running pdf operation merge","meta":{"rootId":"w9r8gjqi21f2qhk","id":"w9r8gjqi21f2qhk"},"id":"z9yshmy2zlb6vip","previousOperationId":"r0av82qhscb7baf"}
{"type":"operationStart","subtype":"pdfUtilsMerge","name":"pdf utils merge","previousOperationId":"r0av82qhscb7baf","timestamp":1675445619556,"id":"6uzkjnvc30ltyyn","previousEventId":"91z2pfmcfvcugj6","operationId":"re1h21gyjvbwina"}
{"type":"operationStart","subtype":"render","name":"orders-header","previousOperationId":"re1h21gyjvbwina","timestamp":1675445619558,"id":"7bzyejzvgiiwsmw","previousEventId":"6uzkjnvc30ltyyn","operationId":"g6avq92my2ie0kb"}
{"type":"log","timestamp":1675445619558,"level":"info","message":"Starting rendering (child) request","meta":{"rootId":"w9r8gjqi21f2qhk","id":"dkzgdql48l27ett"},"id":"60xt30m88on22ky","previousOperationId":"g6avq92my2ie0kb"}
{"type":"log","timestamp":1675445619558,"level":"info","message":"Rendering template { name: orders-header, recipe: chrome-pdf, engine: handlebars, preview: true }","meta":{"rootId":"w9r8gjqi21f2qhk","id":"dkzgdql48l27ett"},"id":"ot1lj6dg5g5cg1a","previousOperationId":"g6avq92my2ie0kb"}
{"type":"log","timestamp":1675445619566,"level":"debug","message":"Inline data specified.","meta":{"rootId":"w9r8gjqi21f2qhk","id":"dkzgdql48l27ett"},"id":"vgvq257rt7n4xuj","previousOperationId":"g6avq92my2ie0kb"}
{"type":"log","timestamp":1675445619569,"level":"debug","message":"Base url not specified, skipping its injection.","meta":{"rootId":"w9r8gjqi21f2qhk","id":"dkzgdql48l27ett"},"id":"lt4gfqd51qu8krf","previousOperationId":"g6avq92my2ie0kb"}
{"type":"operationStart","subtype":"engine","name":"handlebars","timestamp":1675445619570,"id":"9058r6btv1xwwf5","previousEventId":"7bzyejzvgiiwsmw","operationId":"mff0jnldhtu6fvn","previousOperationId":"g6avq92my2ie0kb"}
{"type":"log","timestamp":1675445619570,"level":"debug","message":"Rendering engine handlebars","meta":{"rootId":"w9r8gjqi21f2qhk","id":"dkzgdql48l27ett"},"id":"enpna380g0p200b","previousOperationId":"mff0jnldhtu6fvn"}
{"type":"operationEnd","operationId":"mff0jnldhtu6fvn","timestamp":1675445619585,"id":"q4p4f2z1mvqesl8","previousEventId":"9058r6btv1xwwf5","previousOperationId":"mff0jnldhtu6fvn"}
{"type":"operationStart","subtype":"recipe","name":"chrome-pdf","timestamp":1675445619585,"id":"bvk3b8lbi009y3c","previousEventId":"q4p4f2z1mvqesl8","operationId":"1p6sn4qu0s6caf8","previousOperationId":"mff0jnldhtu6fvn"}
{"type":"log","timestamp":1675445619585,"level":"debug","message":"Executing recipe chrome-pdf","meta":{"rootId":"w9r8gjqi21f2qhk","id":"dkzgdql48l27ett"},"id":"irlud17l7xgv2pk","previousOperationId":"1p6sn4qu0s6caf8"}
{"type":"log","timestamp":1675445619588,"level":"debug","message":"Converting with chrome HeadlessChrome/105.0.5173.0 using chrome-pool strategy","meta":{"rootId":"w9r8gjqi21f2qhk","id":"dkzgdql48l27ett"},"id":"0ti2cci2soyt3bt","previousOperationId":"1p6sn4qu0s6caf8"}
{"type":"log","timestamp":1675445619706,"level":"debug","message":"Page request: GET (document) file:///C:/Users/pollo/AppData/Local/Temp/jsreport/autocleanup/9434888c-b304-4d1f-9167-e66e00eb032f-chrome-pdf.html","meta":{"rootId":"w9r8gjqi21f2qhk","id":"dkzgdql48l27ett"},"id":"p99lpld240bgihe","previousOperationId":"1p6sn4qu0s6caf8"}
{"type":"log","timestamp":1675445619717,"level":"debug","message":"Page request finished: GET (document) 200 file:///C:/Users/pollo/AppData/Local/Temp/jsreport/autocleanup/9434888c-b304-4d1f-9167-e66e00eb032f-chrome-pdf.html","meta":{"rootId":"w9r8gjqi21f2qhk","id":"dkzgdql48l27ett"},"id":"zkcaxuwu07xomy4","previousOperationId":"1p6sn4qu0s6caf8"}
{"type":"log","timestamp":1675445619717,"level":"debug","message":"Page request: GET (stylesheet) https://cdnjs.cloudflare.com/ajax/libs/metro/4.1.5/css/metro.min.css","meta":{"rootId":"w9r8gjqi21f2qhk","id":"dkzgdql48l27ett"},"id":"wt00kn8kddaf833","previousOperationId":"1p6sn4qu0s6caf8"}
{"type":"log","timestamp":1675445619741,"level":"debug","message":"Page request finished: GET (stylesheet) 200 https://cdnjs.cloudflare.com/ajax/libs/metro/4.1.5/css/metro.min.css","meta":{"rootId":"w9r8gjqi21f2qhk","id":"dkzgdql48l27ett"},"id":"3mwynuhtpaazgdu","previousOperationId":"1p6sn4qu0s6caf8"}
{"type":"log","timestamp":1675445619764,"level":"debug","message":"Running chrome with params {\"printBackground\":true,\"marginTop\":\"1.5cm\",\"marginRight\":\"1.5cm\",\"marginLeft\":\"1.cm\",\"timeout\":59377,\"margin\":{\"top\":\"1.5cm\",\"right\":\"1.5cm\",\"left\":\"1.cm\"}}","meta":{"rootId":"w9r8gjqi21f2qhk","id":"dkzgdql48l27ett"},"id":"hi8e4bfvmgxrsd4","previousOperationId":"1p6sn4qu0s6caf8"}
{"type":"operationEnd","operationId":"1p6sn4qu0s6caf8","timestamp":1675445619824,"id":"ahoqf1vbi6q4e6k","previousEventId":"bvk3b8lbi009y3c","previousOperationId":"1p6sn4qu0s6caf8"}
{"type":"log","timestamp":1675445619824,"level":"debug","message":"Skipping storing report.","meta":{"rootId":"w9r8gjqi21f2qhk","id":"dkzgdql48l27ett"},"id":"1ktf13u1bblj2jj","previousOperationId":"1p6sn4qu0s6caf8"}
{"type":"log","timestamp":1675445619824,"level":"info","message":"Rendering (child) request finished in 860 ms","meta":{"rootId":"w9r8gjqi21f2qhk","id":"dkzgdql48l27ett"},"id":"l92ddqaclz47ysi","previousOperationId":"1p6sn4qu0s6caf8"}
{"type":"operationEnd","subtype":"render","operationId":"g6avq92my2ie0kb","timestamp":1675445619824,"id":"y9ax22zyr80akt0","previousEventId":"ahoqf1vbi6q4e6k","previousOperationId":"1p6sn4qu0s6caf8"}
{"type":"operationEnd","operationId":"re1h21gyjvbwina","timestamp":1675445619832,"id":"hi3clult8y5pxlv","previousEventId":"6uzkjnvc30ltyyn","previousOperationId":"re1h21gyjvbwina"}
{"type":"log","timestamp":1675445619832,"level":"debug","message":"pdf-utils postproces start","meta":{"rootId":"w9r8gjqi21f2qhk","id":"w9r8gjqi21f2qhk"},"id":"xcs5mukhntnhi8n","previousOperationId":"re1h21gyjvbwina"}
{"type":"log","timestamp":1675445619837,"level":"debug","message":"pdf-utils postproces end","meta":{"rootId":"w9r8gjqi21f2qhk","id":"w9r8gjqi21f2qhk"},"id":"vtcwxn1uo87kpsg","previousOperationId":"re1h21gyjvbwina"}
{"type":"operationEnd","operationId":"r0av82qhscb7baf","timestamp":1675445619837,"id":"13vzpi4iw8qnbll","previousEventId":"hi3clult8y5pxlv","previousOperationId":"re1h21gyjvbwina"}
{"type":"log","timestamp":1675445619837,"level":"info","message":"pdf-utils pdf processing was finished","meta":{"rootId":"w9r8gjqi21f2qhk","id":"w9r8gjqi21f2qhk"},"id":"nvofh8pvxnuk0i0","previousOperationId":"r0av82qhscb7baf"}
{"type":"log","timestamp":1675445619837,"level":"debug","message":"Skipping storing report.","meta":{"rootId":"w9r8gjqi21f2qhk","id":"w9r8gjqi21f2qhk"},"id":"p20m20azt7uduol","previousOperationId":"r0av82qhscb7baf"}
{"type":"log","timestamp":1675445619837,"level":"info","message":"Rendering request 3 finished in 873 ms","meta":{"rootId":"w9r8gjqi21f2qhk","id":"w9r8gjqi21f2qhk"},"id":"9f3bt48l1um4epg","previousOperationId":"r0av82qhscb7baf"}
{"type":"operationEnd","subtype":"render","operationId":"lp4ero8db983ayf","timestamp":1675445619837,"id":"ukysy7mhznwxm7i","previousEventId":"13vzpi4iw8qnbll","previousOperationId":"r0av82qhscb7baf"}
{"type":"operationEnd","doDiffs":false,"previousEventId":"wni1lta31wveepo","previousOperationId":"texjb5o14cn6fvn","operationId":"texjb5o14cn6fvn","timestamp":1675445619847,"id":"3agumbfjo3wyykf"}
