{"type":"operationStart","subtype":"profile","data":{"_id":"DVK1Xu6QDF2e9DCO","timestamp":"2023-02-05T18:28:41.038Z","state":"queued","mode":"standard","creationDate":"2023-02-05T18:28:41.039Z","modificationDate":"2023-02-05T18:28:41.039Z","shortid":"tWY84sb","$entitySet":"profiles"},"doDiffs":false,"timestamp":1675621721039,"id":"jkiuaku5vulrxjl","previousOperationId":null,"operationId":"2r9imdxp58zfpjn"}
{"type":"log","level":"info","message":"Render request 37 queued for execution and waiting for available worker","previousOperationId":"2r9imdxp58zfpjn","timestamp":1675621721039,"id":"t737mperkq4npap"}
{"type":"operationStart","subtype":"render","name":"orders-main","previousOperationId":"2r9imdxp58zfpjn","timestamp":1675621721048,"id":"01uujjuattej3eu","previousEventId":"jkiuaku5vulrxjl","operationId":"wmixsuaghsj8iw9"}
{"type":"log","timestamp":1675621721048,"level":"info","message":"Starting rendering request 37","meta":{"rootId":"x1i2qkq7gzspizu","id":"x1i2qkq7gzspizu"},"id":"2vstw53upua3yv9","previousOperationId":"wmixsuaghsj8iw9"}
{"type":"log","timestamp":1675621721049,"level":"info","message":"Rendering template { name: orders-main, recipe: chrome-pdf, engine: handlebars, preview: true }","meta":{"rootId":"x1i2qkq7gzspizu","id":"x1i2qkq7gzspizu"},"id":"uzdrpcvkv2plzgg","previousOperationId":"wmixsuaghsj8iw9"}
{"type":"log","timestamp":1675621721051,"level":"debug","message":"Data item not defined for this template.","meta":{"rootId":"x1i2qkq7gzspizu","id":"x1i2qkq7gzspizu"},"id":"oogr97eac9meex4","previousOperationId":"wmixsuaghsj8iw9"}
{"type":"log","timestamp":1675621721054,"level":"debug","message":"Executing script orders-script (beforeRender)","meta":{"rootId":"x1i2qkq7gzspizu","id":"x1i2qkq7gzspizu"},"id":"o4iobvvzztrk86c","previousOperationId":"wmixsuaghsj8iw9"}
{"type":"operationStart","subtype":"scriptsBeforeRender","name":"scripts beforeRender","timestamp":1675621721093,"id":"02dlvqnuvvv48gp","previousEventId":"01uujjuattej3eu","operationId":"t2xhfnz2z74kny2","previousOperationId":"wmixsuaghsj8iw9"}
{"type":"operationStart","subtype":"script","name":"scripts orders-script","previousOperationId":"t2xhfnz2z74kny2","timestamp":1675621721093,"id":"301w1bgdwzwoi1y","previousEventId":"02dlvqnuvvv48gp","operationId":"iakn8j9vt8c70p4"}
{"type":"log","timestamp":1675621721344,"level":"debug","message":"(console:log) [ 'Antonio', 'Juana de Armas' ]","meta":{"userLevel":true,"rootId":"x1i2qkq7gzspizu","id":"x1i2qkq7gzspizu"},"id":"5733wynv6r5ccaq","previousOperationId":"iakn8j9vt8c70p4"}
{"type":"operationEnd","operationId":"iakn8j9vt8c70p4","timestamp":1675621721345,"id":"fmshyyvwkpbdlc9","previousEventId":"01uujjuattej3eu","previousOperationId":"wmixsuaghsj8iw9"}
{"type":"operationEnd","operationId":"t2xhfnz2z74kny2","timestamp":1675621721345,"id":"yc8g0dag8bpa1er","previousEventId":"fmshyyvwkpbdlc9","previousOperationId":"wmixsuaghsj8iw9"}
{"type":"log","timestamp":1675621721345,"level":"debug","message":"Base url not specified, skipping its injection.","meta":{"rootId":"x1i2qkq7gzspizu","id":"x1i2qkq7gzspizu"},"id":"amwt8g1iokyqxr8","previousOperationId":"t2xhfnz2z74kny2"}
{"type":"operationStart","subtype":"engine","name":"handlebars","timestamp":1675621721345,"id":"tqk775gkkxzwwgh","previousEventId":"yc8g0dag8bpa1er","operationId":"f2v37habqx8ihbp","previousOperationId":"t2xhfnz2z74kny2"}
{"type":"log","timestamp":1675621721345,"level":"debug","message":"Rendering engine handlebars","meta":{"rootId":"x1i2qkq7gzspizu","id":"x1i2qkq7gzspizu"},"id":"63npszk4jf2tjvs","previousOperationId":"f2v37habqx8ihbp"}
{"type":"operationEnd","operationId":"f2v37habqx8ihbp","timestamp":1675621721372,"id":"urt6e5janqlonka","previousEventId":"tqk775gkkxzwwgh","previousOperationId":"f2v37habqx8ihbp"}
{"type":"operationStart","subtype":"recipe","name":"chrome-pdf","timestamp":1675621721373,"id":"mwkeodrwoinmtgn","previousEventId":"urt6e5janqlonka","operationId":"gakn1o18jci4i5k","previousOperationId":"f2v37habqx8ihbp"}
{"type":"log","timestamp":1675621721373,"level":"debug","message":"Executing recipe chrome-pdf","meta":{"rootId":"x1i2qkq7gzspizu","id":"x1i2qkq7gzspizu"},"id":"ubtcre0ep45a317","previousOperationId":"gakn1o18jci4i5k"}
{"type":"log","timestamp":1675621721390,"level":"debug","message":"Converting with chrome HeadlessChrome/105.0.5173.0 using chrome-pool strategy","meta":{"rootId":"x1i2qkq7gzspizu","id":"x1i2qkq7gzspizu"},"id":"g3zsz978ff8gmrf","previousOperationId":"gakn1o18jci4i5k"}
{"type":"log","timestamp":1675621721487,"level":"debug","message":"Page request: GET (document) file:///C:/Users/pollo/AppData/Local/Temp/jsreport/autocleanup/1abeacf4-1736-455e-b20a-f81c18c19f63-chrome-pdf.html","meta":{"rootId":"x1i2qkq7gzspizu","id":"x1i2qkq7gzspizu"},"id":"32uxw5adbb90x6c","previousOperationId":"gakn1o18jci4i5k"}
{"type":"log","timestamp":1675621721510,"level":"debug","message":"Page request: GET (stylesheet) https://cdnjs.cloudflare.com/ajax/libs/metro/4.1.5/css/metro.min.css","meta":{"rootId":"x1i2qkq7gzspizu","id":"x1i2qkq7gzspizu"},"id":"qa6hu9mtqz7oc1g","previousOperationId":"gakn1o18jci4i5k"}
{"type":"log","timestamp":1675621721510,"level":"debug","message":"Page request: GET (script) https://cdn.jsdelivr.net/npm/chart.js","meta":{"rootId":"x1i2qkq7gzspizu","id":"x1i2qkq7gzspizu"},"id":"qos34dw6nafnxny","previousOperationId":"gakn1o18jci4i5k"}
{"type":"log","timestamp":1675621721510,"level":"debug","message":"Page request finished: GET (document) 200 file:///C:/Users/pollo/AppData/Local/Temp/jsreport/autocleanup/1abeacf4-1736-455e-b20a-f81c18c19f63-chrome-pdf.html","meta":{"rootId":"x1i2qkq7gzspizu","id":"x1i2qkq7gzspizu"},"id":"mxrvcn7er22d3ii","previousOperationId":"gakn1o18jci4i5k"}
{"type":"log","timestamp":1675621721516,"level":"debug","message":"Page request finished: GET (script) 200 https://cdn.jsdelivr.net/npm/chart.js","meta":{"rootId":"x1i2qkq7gzspizu","id":"x1i2qkq7gzspizu"},"id":"b23oa41d4bhi20k","previousOperationId":"gakn1o18jci4i5k"}
{"type":"log","timestamp":1675621721534,"level":"debug","message":"Page request finished: GET (stylesheet) 200 https://cdnjs.cloudflare.com/ajax/libs/metro/4.1.5/css/metro.min.css","meta":{"rootId":"x1i2qkq7gzspizu","id":"x1i2qkq7gzspizu"},"id":"05xunmlzuxjjmb9","previousOperationId":"gakn1o18jci4i5k"}
{"type":"log","timestamp":1675621721539,"level":"warn","message":"Page error: SyntaxError: Unexpected token ','","meta":{"rootId":"x1i2qkq7gzspizu","id":"x1i2qkq7gzspizu"},"id":"ti77s0g2obrb2bq","previousOperationId":"gakn1o18jci4i5k"}
{"type":"log","timestamp":1675621721565,"level":"debug","message":"Running chrome with params {\"printBackground\":true,\"marginTop\":\"4cm\",\"marginRight\":\"1.5cm\",\"marginBottom\":\"1.5cm\",\"marginLeft\":\"1.5cm\",\"waitForJS\":false,\"timeout\":59664,\"margin\":{\"top\":\"4cm\",\"right\":\"1.5cm\",\"bottom\":\"1.5cm\",\"left\":\"1.5cm\"}}","meta":{"rootId":"x1i2qkq7gzspizu","id":"x1i2qkq7gzspizu"},"id":"actlc0yekwo77q6","previousOperationId":"gakn1o18jci4i5k"}
{"type":"operationEnd","operationId":"gakn1o18jci4i5k","timestamp":1675621721633,"id":"mo8j0m124c9hhli","previousEventId":"mwkeodrwoinmtgn","previousOperationId":"gakn1o18jci4i5k"}
{"type":"log","timestamp":1675621721633,"level":"info","message":"pdf-utils is starting pdf processing","meta":{"rootId":"x1i2qkq7gzspizu","id":"x1i2qkq7gzspizu"},"id":"y67qz6dcoc8mlg9","previousOperationId":"gakn1o18jci4i5k"}
{"type":"operationStart","subtype":"pdfUtils","name":"pdf utils","timestamp":1675621721633,"id":"k9wxha5dfekun26","previousEventId":"mo8j0m124c9hhli","operationId":"hozucjygwj057qv","previousOperationId":"gakn1o18jci4i5k"}
{"type":"log","timestamp":1675621721633,"level":"debug","message":"pdf-utils detected 1 pdf operation(s) to process","meta":{"rootId":"x1i2qkq7gzspizu","id":"x1i2qkq7gzspizu"},"id":"r60fnx2lrhsepr8","previousOperationId":"hozucjygwj057qv"}
{"type":"log","timestamp":1675621721640,"level":"debug","message":"pdf-utils running pdf operation merge","meta":{"rootId":"x1i2qkq7gzspizu","id":"x1i2qkq7gzspizu"},"id":"08x9nh61898k47t","previousOperationId":"hozucjygwj057qv"}
{"type":"operationStart","subtype":"pdfUtilsMerge","name":"pdf utils merge","previousOperationId":"hozucjygwj057qv","timestamp":1675621721640,"id":"jw7lojgepccfl2i","previousEventId":"k9wxha5dfekun26","operationId":"8pcuqsl3i4p2nac"}
{"type":"operationStart","subtype":"render","name":"orders-header","previousOperationId":"8pcuqsl3i4p2nac","timestamp":1675621721641,"id":"hzqa6bma46a907x","previousEventId":"jw7lojgepccfl2i","operationId":"80mb73cxis1lkfj"}
{"type":"log","timestamp":1675621721641,"level":"info","message":"Starting rendering (child) request","meta":{"rootId":"x1i2qkq7gzspizu","id":"e9yf0olw4qjgv5n"},"id":"7csj6sqqoqcuk4h","previousOperationId":"80mb73cxis1lkfj"}
{"type":"log","timestamp":1675621721641,"level":"info","message":"Rendering template { name: orders-header, recipe: chrome-pdf, engine: handlebars, preview: true }","meta":{"rootId":"x1i2qkq7gzspizu","id":"e9yf0olw4qjgv5n"},"id":"a720zhjjg1toeht","previousOperationId":"80mb73cxis1lkfj"}
{"type":"log","timestamp":1675621721643,"level":"debug","message":"Inline data specified.","meta":{"rootId":"x1i2qkq7gzspizu","id":"e9yf0olw4qjgv5n"},"id":"duaz8u9nkk5i73o","previousOperationId":"80mb73cxis1lkfj"}
{"type":"log","timestamp":1675621721646,"level":"debug","message":"Base url not specified, skipping its injection.","meta":{"rootId":"x1i2qkq7gzspizu","id":"e9yf0olw4qjgv5n"},"id":"46fauv6c0aq5hgi","previousOperationId":"80mb73cxis1lkfj"}
{"type":"operationStart","subtype":"engine","name":"handlebars","timestamp":1675621721646,"id":"i4n63yhu11gu4tn","previousEventId":"hzqa6bma46a907x","operationId":"p3x1vktkqt6lie0","previousOperationId":"80mb73cxis1lkfj"}
{"type":"log","timestamp":1675621721646,"level":"debug","message":"Rendering engine handlebars","meta":{"rootId":"x1i2qkq7gzspizu","id":"e9yf0olw4qjgv5n"},"id":"oe256k7d1z6srbp","previousOperationId":"p3x1vktkqt6lie0"}
{"type":"operationEnd","operationId":"p3x1vktkqt6lie0","timestamp":1675621721661,"id":"nkopg1kv1srac38","previousEventId":"i4n63yhu11gu4tn","previousOperationId":"p3x1vktkqt6lie0"}
{"type":"operationStart","subtype":"recipe","name":"chrome-pdf","timestamp":1675621721661,"id":"5t77njm33c830rm","previousEventId":"nkopg1kv1srac38","operationId":"55micyak4h9mah6","previousOperationId":"p3x1vktkqt6lie0"}
{"type":"log","timestamp":1675621721661,"level":"debug","message":"Executing recipe chrome-pdf","meta":{"rootId":"x1i2qkq7gzspizu","id":"e9yf0olw4qjgv5n"},"id":"y8a17e06bng493c","previousOperationId":"55micyak4h9mah6"}
{"type":"log","timestamp":1675621721663,"level":"debug","message":"Converting with chrome HeadlessChrome/105.0.5173.0 using chrome-pool strategy","meta":{"rootId":"x1i2qkq7gzspizu","id":"e9yf0olw4qjgv5n"},"id":"0l3u2liom5j16cg","previousOperationId":"55micyak4h9mah6"}
{"type":"log","timestamp":1675621721772,"level":"debug","message":"Page request: GET (document) file:///C:/Users/pollo/AppData/Local/Temp/jsreport/autocleanup/fd5718cb-2d1f-42d3-b112-e310c1adf8f1-chrome-pdf.html","meta":{"rootId":"x1i2qkq7gzspizu","id":"e9yf0olw4qjgv5n"},"id":"n3nzkozk22knxi8","previousOperationId":"55micyak4h9mah6"}
{"type":"log","timestamp":1675621721784,"level":"debug","message":"Page request: GET (stylesheet) https://cdnjs.cloudflare.com/ajax/libs/metro/4.1.5/css/metro.min.css","meta":{"rootId":"x1i2qkq7gzspizu","id":"e9yf0olw4qjgv5n"},"id":"m2p3dnrtl0u88ol","previousOperationId":"55micyak4h9mah6"}
{"type":"log","timestamp":1675621721785,"level":"debug","message":"Page request finished: GET (document) 200 file:///C:/Users/pollo/AppData/Local/Temp/jsreport/autocleanup/fd5718cb-2d1f-42d3-b112-e310c1adf8f1-chrome-pdf.html","meta":{"rootId":"x1i2qkq7gzspizu","id":"e9yf0olw4qjgv5n"},"id":"jwpytps95hrjavd","previousOperationId":"55micyak4h9mah6"}
{"type":"log","timestamp":1675621721807,"level":"debug","message":"Page request finished: GET (stylesheet) 200 https://cdnjs.cloudflare.com/ajax/libs/metro/4.1.5/css/metro.min.css","meta":{"rootId":"x1i2qkq7gzspizu","id":"e9yf0olw4qjgv5n"},"id":"bx0fxqm3prihlqo","previousOperationId":"55micyak4h9mah6"}
{"type":"log","timestamp":1675621721830,"level":"debug","message":"Running chrome with params {\"printBackground\":true,\"marginTop\":\"1.5cm\",\"marginRight\":\"1.5cm\",\"marginLeft\":\"1.cm\",\"timeout\":59376,\"margin\":{\"top\":\"1.5cm\",\"right\":\"1.5cm\",\"left\":\"1.cm\"}}","meta":{"rootId":"x1i2qkq7gzspizu","id":"e9yf0olw4qjgv5n"},"id":"sr5hn7ygl2mz91t","previousOperationId":"55micyak4h9mah6"}
{"type":"operationEnd","operationId":"55micyak4h9mah6","timestamp":1675621721902,"id":"ci45bkql1fziyu0","previousEventId":"5t77njm33c830rm","previousOperationId":"55micyak4h9mah6"}
{"type":"log","timestamp":1675621721902,"level":"debug","message":"Skipping storing report.","meta":{"rootId":"x1i2qkq7gzspizu","id":"e9yf0olw4qjgv5n"},"id":"kvtn3afk9cpnyjx","previousOperationId":"55micyak4h9mah6"}
{"type":"log","timestamp":1675621721902,"level":"info","message":"Rendering (child) request finished in 864 ms","meta":{"rootId":"x1i2qkq7gzspizu","id":"e9yf0olw4qjgv5n"},"id":"ps1cpvmtcr8h8vt","previousOperationId":"55micyak4h9mah6"}
{"type":"operationEnd","subtype":"render","operationId":"80mb73cxis1lkfj","timestamp":1675621721902,"id":"qka08bcvjx7baed","previousEventId":"ci45bkql1fziyu0","previousOperationId":"55micyak4h9mah6"}
{"type":"operationEnd","operationId":"8pcuqsl3i4p2nac","timestamp":1675621721908,"id":"tadvq0rhnny2fgq","previousEventId":"jw7lojgepccfl2i","previousOperationId":"8pcuqsl3i4p2nac"}
{"type":"log","timestamp":1675621721908,"level":"debug","message":"pdf-utils postproces start","meta":{"rootId":"x1i2qkq7gzspizu","id":"x1i2qkq7gzspizu"},"id":"hsyqxypcmi4wvs5","previousOperationId":"8pcuqsl3i4p2nac"}
{"type":"log","timestamp":1675621721914,"level":"debug","message":"pdf-utils postproces end","meta":{"rootId":"x1i2qkq7gzspizu","id":"x1i2qkq7gzspizu"},"id":"msz5licfeiqzzh2","previousOperationId":"8pcuqsl3i4p2nac"}
{"type":"operationEnd","operationId":"hozucjygwj057qv","timestamp":1675621721914,"id":"ef0idffl8gg9v38","previousEventId":"tadvq0rhnny2fgq","previousOperationId":"8pcuqsl3i4p2nac"}
{"type":"log","timestamp":1675621721914,"level":"info","message":"pdf-utils pdf processing was finished","meta":{"rootId":"x1i2qkq7gzspizu","id":"x1i2qkq7gzspizu"},"id":"45aamqxqv9xmgqx","previousOperationId":"hozucjygwj057qv"}
{"type":"log","timestamp":1675621721914,"level":"debug","message":"Skipping storing report.","meta":{"rootId":"x1i2qkq7gzspizu","id":"x1i2qkq7gzspizu"},"id":"qg22vy38aganpzq","previousOperationId":"hozucjygwj057qv"}
{"type":"log","timestamp":1675621721914,"level":"info","message":"Rendering request 37 finished in 876 ms","meta":{"rootId":"x1i2qkq7gzspizu","id":"x1i2qkq7gzspizu"},"id":"f3pb2nlislncpa1","previousOperationId":"hozucjygwj057qv"}
{"type":"operationEnd","subtype":"render","operationId":"wmixsuaghsj8iw9","timestamp":1675621721914,"id":"9xwgq9lv58mhdlv","previousEventId":"ef0idffl8gg9v38","previousOperationId":"hozucjygwj057qv"}
{"type":"operationEnd","doDiffs":false,"previousEventId":"jkiuaku5vulrxjl","previousOperationId":"2r9imdxp58zfpjn","operationId":"2r9imdxp58zfpjn","timestamp":1675621721921,"id":"ehsnbz6h2hidztt"}
