{"type":"operationStart","subtype":"profile","data":{"_id":"FcgEEkPNvoCBCyZL","timestamp":"2023-02-05T19:29:58.090Z","state":"queued","mode":"standard","creationDate":"2023-02-05T19:29:58.092Z","modificationDate":"2023-02-05T19:29:58.092Z","shortid":"gw4I-97","$entitySet":"profiles"},"doDiffs":false,"timestamp":1675625398091,"id":"tyfv81cwx0vhq07","previousOperationId":null,"operationId":"5bbc9z47smh92bc"}
{"type":"log","level":"info","message":"Render request 3 queued for execution and waiting for available worker","previousOperationId":"5bbc9z47smh92bc","timestamp":1675625398091,"id":"wny0txzrr5nq15v"}
{"type":"operationStart","subtype":"render","name":"orders-main","previousOperationId":"5bbc9z47smh92bc","timestamp":1675625398102,"id":"9g7qfkuhydf6467","previousEventId":"tyfv81cwx0vhq07","operationId":"lembbubib40jo4b"}
{"type":"log","timestamp":1675625398102,"level":"info","message":"Starting rendering request 3","meta":{"rootId":"x291vwljx880mdt","id":"x291vwljx880mdt"},"id":"9acpykhaxgn32zb","previousOperationId":"lembbubib40jo4b"}
{"type":"log","timestamp":1675625398102,"level":"info","message":"Rendering template { name: orders-main, recipe: chrome-pdf, engine: handlebars, preview: true }","meta":{"rootId":"x291vwljx880mdt","id":"x291vwljx880mdt"},"id":"7hn8uhtu50n07j7","previousOperationId":"lembbubib40jo4b"}
{"type":"log","timestamp":1675625398105,"level":"debug","message":"Data item not defined for this template.","meta":{"rootId":"x291vwljx880mdt","id":"x291vwljx880mdt"},"id":"5kj3xj9a5eueavq","previousOperationId":"lembbubib40jo4b"}
{"type":"log","timestamp":1675625398108,"level":"debug","message":"Executing script orders-script (beforeRender)","meta":{"rootId":"x291vwljx880mdt","id":"x291vwljx880mdt"},"id":"j8ewfy3y2g9qs0q","previousOperationId":"lembbubib40jo4b"}
{"type":"operationStart","subtype":"scriptsBeforeRender","name":"scripts beforeRender","timestamp":1675625398139,"id":"gijb860q8qhtrsk","previousEventId":"9g7qfkuhydf6467","operationId":"wfh0f3ot9ihwasi","previousOperationId":"lembbubib40jo4b"}
{"type":"operationStart","subtype":"script","name":"scripts orders-script","previousOperationId":"wfh0f3ot9ihwasi","timestamp":1675625398139,"id":"lxmaxdi3jok5gth","previousEventId":"gijb860q8qhtrsk","operationId":"ejmhhy2to0oqtg7"}
{"type":"log","timestamp":1675625398415,"level":"debug","message":"(console:log) [ 2, 4 ]","meta":{"userLevel":true,"rootId":"x291vwljx880mdt","id":"x291vwljx880mdt"},"id":"ochsqmo6qu6fovd","previousOperationId":"ejmhhy2to0oqtg7"}
{"type":"operationEnd","operationId":"ejmhhy2to0oqtg7","timestamp":1675625398415,"id":"xy1kd37xnekixzm","previousEventId":"9g7qfkuhydf6467","previousOperationId":"lembbubib40jo4b"}
{"type":"operationEnd","operationId":"wfh0f3ot9ihwasi","timestamp":1675625398415,"id":"97mjd5chklftl2u","previousEventId":"xy1kd37xnekixzm","previousOperationId":"lembbubib40jo4b"}
{"type":"log","timestamp":1675625398415,"level":"debug","message":"Base url not specified, skipping its injection.","meta":{"rootId":"x291vwljx880mdt","id":"x291vwljx880mdt"},"id":"y7uez9bjzr1shz7","previousOperationId":"wfh0f3ot9ihwasi"}
{"type":"operationStart","subtype":"engine","name":"handlebars","timestamp":1675625398415,"id":"fng4noxafrvr9vm","previousEventId":"97mjd5chklftl2u","operationId":"u27i6muuah6tuns","previousOperationId":"wfh0f3ot9ihwasi"}
{"type":"log","timestamp":1675625398415,"level":"debug","message":"Rendering engine handlebars","meta":{"rootId":"x291vwljx880mdt","id":"x291vwljx880mdt"},"id":"1rzn3ugc20yyl4i","previousOperationId":"u27i6muuah6tuns"}
{"type":"operationEnd","operationId":"u27i6muuah6tuns","timestamp":1675625398432,"id":"n0pw9r1m02oais2","previousEventId":"fng4noxafrvr9vm","previousOperationId":"u27i6muuah6tuns"}
{"type":"operationStart","subtype":"recipe","name":"chrome-pdf","timestamp":1675625398432,"id":"0qkl8bmb49xvbyr","previousEventId":"n0pw9r1m02oais2","operationId":"44sy31rmsbo49bw","previousOperationId":"u27i6muuah6tuns"}
{"type":"log","timestamp":1675625398432,"level":"debug","message":"Executing recipe chrome-pdf","meta":{"rootId":"x291vwljx880mdt","id":"x291vwljx880mdt"},"id":"w72ueekmtat1f9b","previousOperationId":"44sy31rmsbo49bw"}
{"type":"log","timestamp":1675625398435,"level":"debug","message":"Converting with chrome HeadlessChrome/105.0.5173.0 using chrome-pool strategy","meta":{"rootId":"x291vwljx880mdt","id":"x291vwljx880mdt"},"id":"j226ou2t5pj94vp","previousOperationId":"44sy31rmsbo49bw"}
{"type":"log","timestamp":1675625398533,"level":"debug","message":"Page request: GET (document) file:///C:/Users/pollo/AppData/Local/Temp/jsreport/autocleanup/497bc9b5-2f39-4be4-a7cd-ca45a69e7727-chrome-pdf.html","meta":{"rootId":"x291vwljx880mdt","id":"x291vwljx880mdt"},"id":"4zyj7u2yp88zfrz","previousOperationId":"44sy31rmsbo49bw"}
{"type":"log","timestamp":1675625398554,"level":"debug","message":"Page request finished: GET (document) 200 file:///C:/Users/pollo/AppData/Local/Temp/jsreport/autocleanup/497bc9b5-2f39-4be4-a7cd-ca45a69e7727-chrome-pdf.html","meta":{"rootId":"x291vwljx880mdt","id":"x291vwljx880mdt"},"id":"m2vp8zvds29vr72","previousOperationId":"44sy31rmsbo49bw"}
{"type":"log","timestamp":1675625398554,"level":"debug","message":"Page request: GET (stylesheet) https://cdnjs.cloudflare.com/ajax/libs/metro/4.1.5/css/metro.min.css","meta":{"rootId":"x291vwljx880mdt","id":"x291vwljx880mdt"},"id":"qx4s2ejv2l26945","previousOperationId":"44sy31rmsbo49bw"}
{"type":"log","timestamp":1675625398555,"level":"debug","message":"Page request: GET (script) https://cdn.jsdelivr.net/npm/chart.js","meta":{"rootId":"x291vwljx880mdt","id":"x291vwljx880mdt"},"id":"ih0dojc09z2cu8z","previousOperationId":"44sy31rmsbo49bw"}
{"type":"log","timestamp":1675625398560,"level":"debug","message":"Page request finished: GET (script) 200 https://cdn.jsdelivr.net/npm/chart.js","meta":{"rootId":"x291vwljx880mdt","id":"x291vwljx880mdt"},"id":"t7wgra6j07nf50f","previousOperationId":"44sy31rmsbo49bw"}
{"type":"log","timestamp":1675625398577,"level":"debug","message":"Page request finished: GET (stylesheet) 200 https://cdnjs.cloudflare.com/ajax/libs/metro/4.1.5/css/metro.min.css","meta":{"rootId":"x291vwljx880mdt","id":"x291vwljx880mdt"},"id":"ecsndu8r60yrtnu","previousOperationId":"44sy31rmsbo49bw"}
{"type":"log","timestamp":1675625398674,"level":"debug","message":"Running chrome with params {\"printBackground\":true,\"marginTop\":\"4cm\",\"marginRight\":\"1.5cm\",\"marginBottom\":\"1.5cm\",\"marginLeft\":\"1.5cm\",\"waitForJS\":false,\"timeout\":59656,\"margin\":{\"top\":\"4cm\",\"right\":\"1.5cm\",\"bottom\":\"1.5cm\",\"left\":\"1.5cm\"}}","meta":{"rootId":"x291vwljx880mdt","id":"x291vwljx880mdt"},"id":"rmk81w55zprjn2f","previousOperationId":"44sy31rmsbo49bw"}
{"type":"operationEnd","operationId":"44sy31rmsbo49bw","timestamp":1675625398756,"id":"fna6tk0ssn3ysxs","previousEventId":"0qkl8bmb49xvbyr","previousOperationId":"44sy31rmsbo49bw"}
{"type":"log","timestamp":1675625398756,"level":"info","message":"pdf-utils is starting pdf processing","meta":{"rootId":"x291vwljx880mdt","id":"x291vwljx880mdt"},"id":"qq4jmu01oi0purf","previousOperationId":"44sy31rmsbo49bw"}
{"type":"operationStart","subtype":"pdfUtils","name":"pdf utils","timestamp":1675625398756,"id":"0vwyinrsre7qw4n","previousEventId":"fna6tk0ssn3ysxs","operationId":"nf6xpnnc0pp5dfs","previousOperationId":"44sy31rmsbo49bw"}
{"type":"log","timestamp":1675625398756,"level":"debug","message":"pdf-utils detected 1 pdf operation(s) to process","meta":{"rootId":"x291vwljx880mdt","id":"x291vwljx880mdt"},"id":"5qhevk50hig7a7f","previousOperationId":"nf6xpnnc0pp5dfs"}
{"type":"log","timestamp":1675625398782,"level":"debug","message":"pdf-utils running pdf operation merge","meta":{"rootId":"x291vwljx880mdt","id":"x291vwljx880mdt"},"id":"fg2o04kun1fyfsw","previousOperationId":"nf6xpnnc0pp5dfs"}
{"type":"operationStart","subtype":"pdfUtilsMerge","name":"pdf utils merge","previousOperationId":"nf6xpnnc0pp5dfs","timestamp":1675625398782,"id":"i9cokgkv1ycbzqh","previousEventId":"0vwyinrsre7qw4n","operationId":"hg0pk9i7hepi519"}
{"type":"operationStart","subtype":"render","name":"orders-header","previousOperationId":"hg0pk9i7hepi519","timestamp":1675625398783,"id":"z6ub6dr60fxwutw","previousEventId":"i9cokgkv1ycbzqh","operationId":"95yzdv4irzscc9x"}
{"type":"log","timestamp":1675625398783,"level":"info","message":"Starting rendering (child) request","meta":{"rootId":"x291vwljx880mdt","id":"mkmsxgzg5w8c8ol"},"id":"sk36xjiv45vj352","previousOperationId":"95yzdv4irzscc9x"}
{"type":"log","timestamp":1675625398783,"level":"info","message":"Rendering template { name: orders-header, recipe: chrome-pdf, engine: handlebars, preview: true }","meta":{"rootId":"x291vwljx880mdt","id":"mkmsxgzg5w8c8ol"},"id":"rjbffrqa68w4vgv","previousOperationId":"95yzdv4irzscc9x"}
{"type":"log","timestamp":1675625398785,"level":"debug","message":"Inline data specified.","meta":{"rootId":"x291vwljx880mdt","id":"mkmsxgzg5w8c8ol"},"id":"gazvkhfi2uxcnoy","previousOperationId":"95yzdv4irzscc9x"}
{"type":"log","timestamp":1675625398791,"level":"debug","message":"Base url not specified, skipping its injection.","meta":{"rootId":"x291vwljx880mdt","id":"mkmsxgzg5w8c8ol"},"id":"f9tgwvxvalndbhq","previousOperationId":"95yzdv4irzscc9x"}
{"type":"operationStart","subtype":"engine","name":"handlebars","timestamp":1675625398791,"id":"u6aq2lvv40z51xk","previousEventId":"z6ub6dr60fxwutw","operationId":"6i2zz6cknxo00q0","previousOperationId":"95yzdv4irzscc9x"}
{"type":"log","timestamp":1675625398791,"level":"debug","message":"Rendering engine handlebars","meta":{"rootId":"x291vwljx880mdt","id":"mkmsxgzg5w8c8ol"},"id":"26g8zx7l9a9gms4","previousOperationId":"6i2zz6cknxo00q0"}
{"type":"operationEnd","operationId":"6i2zz6cknxo00q0","timestamp":1675625398811,"id":"c35th1pqg5w8qqv","previousEventId":"u6aq2lvv40z51xk","previousOperationId":"6i2zz6cknxo00q0"}
{"type":"operationStart","subtype":"recipe","name":"chrome-pdf","timestamp":1675625398812,"id":"tij5uhhaz486s3z","previousEventId":"c35th1pqg5w8qqv","operationId":"guwmxj1m2wbkaup","previousOperationId":"6i2zz6cknxo00q0"}
{"type":"log","timestamp":1675625398812,"level":"debug","message":"Executing recipe chrome-pdf","meta":{"rootId":"x291vwljx880mdt","id":"mkmsxgzg5w8c8ol"},"id":"0mc9fvwl37n45ve","previousOperationId":"guwmxj1m2wbkaup"}
{"type":"log","timestamp":1675625398814,"level":"debug","message":"Converting with chrome HeadlessChrome/105.0.5173.0 using chrome-pool strategy","meta":{"rootId":"x291vwljx880mdt","id":"mkmsxgzg5w8c8ol"},"id":"3egmxp4yxbshit8","previousOperationId":"guwmxj1m2wbkaup"}
{"type":"log","timestamp":1675625398922,"level":"debug","message":"Page request: GET (document) file:///C:/Users/pollo/AppData/Local/Temp/jsreport/autocleanup/97828a73-65ec-4ee5-8582-e7d9479f0d92-chrome-pdf.html","meta":{"rootId":"x291vwljx880mdt","id":"mkmsxgzg5w8c8ol"},"id":"t3rvi12x9hxv2ap","previousOperationId":"guwmxj1m2wbkaup"}
{"type":"log","timestamp":1675625398931,"level":"debug","message":"Page request finished: GET (document) 200 file:///C:/Users/pollo/AppData/Local/Temp/jsreport/autocleanup/97828a73-65ec-4ee5-8582-e7d9479f0d92-chrome-pdf.html","meta":{"rootId":"x291vwljx880mdt","id":"mkmsxgzg5w8c8ol"},"id":"pjuqz7wxdnrykhs","previousOperationId":"guwmxj1m2wbkaup"}
{"type":"log","timestamp":1675625398931,"level":"debug","message":"Page request: GET (stylesheet) https://cdnjs.cloudflare.com/ajax/libs/metro/4.1.5/css/metro.min.css","meta":{"rootId":"x291vwljx880mdt","id":"mkmsxgzg5w8c8ol"},"id":"w0k6k46j71wk3yr","previousOperationId":"guwmxj1m2wbkaup"}
{"type":"log","timestamp":1675625398953,"level":"debug","message":"Page request finished: GET (stylesheet) 200 https://cdnjs.cloudflare.com/ajax/libs/metro/4.1.5/css/metro.min.css","meta":{"rootId":"x291vwljx880mdt","id":"mkmsxgzg5w8c8ol"},"id":"y5c3lwevxinfeb3","previousOperationId":"guwmxj1m2wbkaup"}
{"type":"log","timestamp":1675625398976,"level":"debug","message":"Running chrome with params {\"printBackground\":true,\"marginTop\":\"1.5cm\",\"marginRight\":\"1.5cm\",\"marginLeft\":\"1.cm\",\"timeout\":59277,\"margin\":{\"top\":\"1.5cm\",\"right\":\"1.5cm\",\"left\":\"1.cm\"}}","meta":{"rootId":"x291vwljx880mdt","id":"mkmsxgzg5w8c8ol"},"id":"ndcpoqssvvvlgh8","previousOperationId":"guwmxj1m2wbkaup"}
{"type":"operationEnd","operationId":"guwmxj1m2wbkaup","timestamp":1675625399034,"id":"6mu2zdwgceli2vn","previousEventId":"tij5uhhaz486s3z","previousOperationId":"guwmxj1m2wbkaup"}
{"type":"log","timestamp":1675625399034,"level":"debug","message":"Skipping storing report.","meta":{"rootId":"x291vwljx880mdt","id":"mkmsxgzg5w8c8ol"},"id":"51iox6d7pf922u7","previousOperationId":"guwmxj1m2wbkaup"}
{"type":"log","timestamp":1675625399034,"level":"info","message":"Rendering (child) request finished in 944 ms","meta":{"rootId":"x291vwljx880mdt","id":"mkmsxgzg5w8c8ol"},"id":"m3blqqoqtfxi8gq","previousOperationId":"guwmxj1m2wbkaup"}
{"type":"operationEnd","subtype":"render","operationId":"95yzdv4irzscc9x","timestamp":1675625399034,"id":"6r58pfbtoww2qel","previousEventId":"6mu2zdwgceli2vn","previousOperationId":"guwmxj1m2wbkaup"}
{"type":"operationEnd","operationId":"hg0pk9i7hepi519","timestamp":1675625399042,"id":"d6l9bb3igsl6d09","previousEventId":"i9cokgkv1ycbzqh","previousOperationId":"hg0pk9i7hepi519"}
{"type":"log","timestamp":1675625399042,"level":"debug","message":"pdf-utils postproces start","meta":{"rootId":"x291vwljx880mdt","id":"x291vwljx880mdt"},"id":"wf12obv26qj1cb9","previousOperationId":"hg0pk9i7hepi519"}
{"type":"log","timestamp":1675625399048,"level":"debug","message":"pdf-utils postproces end","meta":{"rootId":"x291vwljx880mdt","id":"x291vwljx880mdt"},"id":"af0vkz3z6crilzo","previousOperationId":"hg0pk9i7hepi519"}
{"type":"operationEnd","operationId":"nf6xpnnc0pp5dfs","timestamp":1675625399048,"id":"1yjjlt9pf9kvpjr","previousEventId":"d6l9bb3igsl6d09","previousOperationId":"hg0pk9i7hepi519"}
{"type":"log","timestamp":1675625399048,"level":"info","message":"pdf-utils pdf processing was finished","meta":{"rootId":"x291vwljx880mdt","id":"x291vwljx880mdt"},"id":"vve9c6surjpd55m","previousOperationId":"nf6xpnnc0pp5dfs"}
{"type":"log","timestamp":1675625399049,"level":"debug","message":"Skipping storing report.","meta":{"rootId":"x291vwljx880mdt","id":"x291vwljx880mdt"},"id":"2fu6kv0njf6n7t4","previousOperationId":"nf6xpnnc0pp5dfs"}
{"type":"log","timestamp":1675625399049,"level":"info","message":"Rendering request 3 finished in 959 ms","meta":{"rootId":"x291vwljx880mdt","id":"x291vwljx880mdt"},"id":"xhdzez0oevg7fgy","previousOperationId":"nf6xpnnc0pp5dfs"}
{"type":"operationEnd","subtype":"render","operationId":"lembbubib40jo4b","timestamp":1675625399049,"id":"lof3crz86b0i6br","previousEventId":"1yjjlt9pf9kvpjr","previousOperationId":"nf6xpnnc0pp5dfs"}
{"type":"operationEnd","doDiffs":false,"previousEventId":"tyfv81cwx0vhq07","previousOperationId":"5bbc9z47smh92bc","operationId":"5bbc9z47smh92bc","timestamp":1675625399059,"id":"x2q30gwgelgmwny"}
