{"type":"operationStart","subtype":"profile","data":{"_id":"FM5EnZkpaDtErHkq","timestamp":"2023-02-01T17:17:22.587Z","state":"queued","mode":"standard","creationDate":"2023-02-01T17:17:22.589Z","modificationDate":"2023-02-01T17:17:22.589Z","shortid":"JVF_bLK","$entitySet":"profiles"},"doDiffs":false,"timestamp":1675271842588,"id":"2m4fh80ec1jacfd","previousOperationId":null,"operationId":"4lviwffwgwol76x"}
{"type":"log","level":"info","message":"Render request 20 queued for execution and waiting for available worker","previousOperationId":"4lviwffwgwol76x","timestamp":1675271842588,"id":"fzljayuximwnx7q"}
{"type":"operationStart","subtype":"render","name":"orders-main","previousOperationId":"4lviwffwgwol76x","timestamp":1675271842597,"id":"clb2wg50uyhcyqp","previousEventId":"2m4fh80ec1jacfd","operationId":"sgkn0zudweynioc"}
{"type":"log","timestamp":1675271842597,"level":"info","message":"Starting rendering request 20","meta":{"rootId":"x3l5sl1xfxf01ya","id":"x3l5sl1xfxf01ya"},"id":"w2bq6kvi8ofwqcl","previousOperationId":"sgkn0zudweynioc"}
{"type":"log","timestamp":1675271842597,"level":"info","message":"Rendering template { name: orders-main, recipe: chrome-pdf, engine: handlebars, preview: true }","meta":{"rootId":"x3l5sl1xfxf01ya","id":"x3l5sl1xfxf01ya"},"id":"7hdlpqm3kawv5vy","previousOperationId":"sgkn0zudweynioc"}
{"type":"log","timestamp":1675271842598,"level":"debug","message":"Data item not defined for this template.","meta":{"rootId":"x3l5sl1xfxf01ya","id":"x3l5sl1xfxf01ya"},"id":"nb2hy2p4dfsid20","previousOperationId":"sgkn0zudweynioc"}
{"type":"log","timestamp":1675271842601,"level":"debug","message":"Executing script orders-script (beforeRender)","meta":{"rootId":"x3l5sl1xfxf01ya","id":"x3l5sl1xfxf01ya"},"id":"w68irrppqchk785","previousOperationId":"sgkn0zudweynioc"}
{"type":"operationStart","subtype":"scriptsBeforeRender","name":"scripts beforeRender","timestamp":1675271842640,"id":"hv1ngpgmzm5xyxj","previousEventId":"clb2wg50uyhcyqp","operationId":"s3clc6udnc7anyp","previousOperationId":"sgkn0zudweynioc"}
{"type":"operationStart","subtype":"script","name":"scripts orders-script","previousOperationId":"s3clc6udnc7anyp","timestamp":1675271842641,"id":"zbb17wyqn3pglel","previousEventId":"hv1ngpgmzm5xyxj","operationId":"zvb6h37g6jibor9"}
{"type":"log","timestamp":1675271842641,"level":"debug","message":"(console:log) AAAAAAAAAAAAAAAAAAAAAAA  undefined","meta":{"userLevel":true,"rootId":"x3l5sl1xfxf01ya","id":"x3l5sl1xfxf01ya"},"id":"6kb51c5mhc7r7ji","previousOperationId":"zvb6h37g6jibor9"}
{"type":"log","timestamp":1675271842858,"level":"debug","message":"(console:log) [\n  {\n    id: 1,\n    name: 'Antonio',\n    description: 'Aclamado director de la Orquesta Filarmónica de Gran Canaria'\n  },\n  {\n    id: 3,\n    name: 'Juana de Armas',\n    description: 'Aclamada directora de la Orquesta Filarmónica de Gran Canaria'\n  }\n]","meta":{"userLevel":true,"rootId":"x3l5sl1xfxf01ya","id":"x3l5sl1xfxf01ya"},"id":"jk82goustadhski","previousOperationId":"zvb6h37g6jibor9"}
{"type":"operationEnd","operationId":"zvb6h37g6jibor9","timestamp":1675271842858,"id":"o6kov1an3sg2uqd","previousEventId":"clb2wg50uyhcyqp","previousOperationId":"sgkn0zudweynioc"}
{"type":"operationEnd","operationId":"s3clc6udnc7anyp","timestamp":1675271842858,"id":"k7475udq3akemw2","previousEventId":"o6kov1an3sg2uqd","previousOperationId":"sgkn0zudweynioc"}
{"type":"log","timestamp":1675271842858,"level":"debug","message":"Base url not specified, skipping its injection.","meta":{"rootId":"x3l5sl1xfxf01ya","id":"x3l5sl1xfxf01ya"},"id":"p450amzfh0xcte3","previousOperationId":"s3clc6udnc7anyp"}
{"type":"operationStart","subtype":"engine","name":"handlebars","timestamp":1675271842858,"id":"ko3vwtk0bpka5wz","previousEventId":"k7475udq3akemw2","operationId":"mg8d6pm5t4kak3s","previousOperationId":"s3clc6udnc7anyp"}
{"type":"log","timestamp":1675271842858,"level":"debug","message":"Rendering engine handlebars","meta":{"rootId":"x3l5sl1xfxf01ya","id":"x3l5sl1xfxf01ya"},"id":"cgkt7j6ddt87pjs","previousOperationId":"mg8d6pm5t4kak3s"}
{"type":"operationEnd","operationId":"mg8d6pm5t4kak3s","timestamp":1675271842868,"id":"sw4vji3e4n8eh44","previousEventId":"ko3vwtk0bpka5wz","previousOperationId":"mg8d6pm5t4kak3s"}
{"type":"operationStart","subtype":"recipe","name":"chrome-pdf","timestamp":1675271842869,"id":"52x2d26sovotxbv","previousEventId":"sw4vji3e4n8eh44","operationId":"pqershddk5tublk","previousOperationId":"mg8d6pm5t4kak3s"}
{"type":"log","timestamp":1675271842869,"level":"debug","message":"Executing recipe chrome-pdf","meta":{"rootId":"x3l5sl1xfxf01ya","id":"x3l5sl1xfxf01ya"},"id":"u6iap1f2m6p4qbp","previousOperationId":"pqershddk5tublk"}
{"type":"log","timestamp":1675271842872,"level":"debug","message":"Converting with chrome HeadlessChrome/105.0.5173.0 using chrome-pool strategy","meta":{"rootId":"x3l5sl1xfxf01ya","id":"x3l5sl1xfxf01ya"},"id":"8k2zpla7p6ilsb4","previousOperationId":"pqershddk5tublk"}
{"type":"log","timestamp":1675271842964,"level":"debug","message":"Page request: GET (document) file:///C:/Users/pollo/AppData/Local/Temp/jsreport/autocleanup/ee20cfa1-e0c5-4cfa-be4a-91cc2548ab31-chrome-pdf.html","meta":{"rootId":"x3l5sl1xfxf01ya","id":"x3l5sl1xfxf01ya"},"id":"htlz9msm8024j7y","previousOperationId":"pqershddk5tublk"}
{"type":"log","timestamp":1675271842975,"level":"debug","message":"Page request finished: GET (document) 200 file:///C:/Users/pollo/AppData/Local/Temp/jsreport/autocleanup/ee20cfa1-e0c5-4cfa-be4a-91cc2548ab31-chrome-pdf.html","meta":{"rootId":"x3l5sl1xfxf01ya","id":"x3l5sl1xfxf01ya"},"id":"k4zldsp3rnc151k","previousOperationId":"pqershddk5tublk"}
{"type":"log","timestamp":1675271842975,"level":"debug","message":"Page request: GET (stylesheet) https://cdnjs.cloudflare.com/ajax/libs/metro/4.1.5/css/metro.min.css","meta":{"rootId":"x3l5sl1xfxf01ya","id":"x3l5sl1xfxf01ya"},"id":"lp4acocdz8gyzii","previousOperationId":"pqershddk5tublk"}
{"type":"log","timestamp":1675271842975,"level":"debug","message":"Page request: GET (script) https://cdnjs.cloudflare.com/ajax/libs/Chart.js/2.7.2/Chart.min.js","meta":{"rootId":"x3l5sl1xfxf01ya","id":"x3l5sl1xfxf01ya"},"id":"7zkbywiyji27sfu","previousOperationId":"pqershddk5tublk"}
{"type":"log","timestamp":1675271842982,"level":"debug","message":"Page request finished: GET (script) 200 https://cdnjs.cloudflare.com/ajax/libs/Chart.js/2.7.2/Chart.min.js","meta":{"rootId":"x3l5sl1xfxf01ya","id":"x3l5sl1xfxf01ya"},"id":"b5jf9pfbbtnhxx1","previousOperationId":"pqershddk5tublk"}
{"type":"log","timestamp":1675271842999,"level":"debug","message":"Page request finished: GET (stylesheet) 200 https://cdnjs.cloudflare.com/ajax/libs/metro/4.1.5/css/metro.min.css","meta":{"rootId":"x3l5sl1xfxf01ya","id":"x3l5sl1xfxf01ya"},"id":"lxkew7wjbjq5vfs","previousOperationId":"pqershddk5tublk"}
{"type":"log","timestamp":1675271843012,"level":"debug","message":"Running chrome with params {\"printBackground\":true,\"marginTop\":\"4cm\",\"marginRight\":\"1.5cm\",\"marginBottom\":\"1.5cm\",\"marginLeft\":\"1.5cm\",\"waitForJS\":false,\"timeout\":59716,\"margin\":{\"top\":\"4cm\",\"right\":\"1.5cm\",\"bottom\":\"1.5cm\",\"left\":\"1.5cm\"}}","meta":{"rootId":"x3l5sl1xfxf01ya","id":"x3l5sl1xfxf01ya"},"id":"eqei0ia4s1ttku2","previousOperationId":"pqershddk5tublk"}
{"type":"operationEnd","operationId":"pqershddk5tublk","timestamp":1675271843043,"id":"99a7jl2s5c716va","previousEventId":"52x2d26sovotxbv","previousOperationId":"pqershddk5tublk"}
{"type":"log","timestamp":1675271843043,"level":"info","message":"pdf-utils is starting pdf processing","meta":{"rootId":"x3l5sl1xfxf01ya","id":"x3l5sl1xfxf01ya"},"id":"v4mlgssp5i772im","previousOperationId":"pqershddk5tublk"}
{"type":"operationStart","subtype":"pdfUtils","name":"pdf utils","timestamp":1675271843043,"id":"4lht3pughr8b8j3","previousEventId":"99a7jl2s5c716va","operationId":"hurlpr8mi2x9dee","previousOperationId":"pqershddk5tublk"}
{"type":"log","timestamp":1675271843043,"level":"debug","message":"pdf-utils detected 1 pdf operation(s) to process","meta":{"rootId":"x3l5sl1xfxf01ya","id":"x3l5sl1xfxf01ya"},"id":"atiqfycbnl3fbxu","previousOperationId":"hurlpr8mi2x9dee"}
{"type":"log","timestamp":1675271843047,"level":"debug","message":"pdf-utils running pdf operation merge","meta":{"rootId":"x3l5sl1xfxf01ya","id":"x3l5sl1xfxf01ya"},"id":"y3ffjh3fb51rt5z","previousOperationId":"hurlpr8mi2x9dee"}
{"type":"operationStart","subtype":"pdfUtilsMerge","name":"pdf utils merge","previousOperationId":"hurlpr8mi2x9dee","timestamp":1675271843047,"id":"2zlvs65osk0kqcx","previousEventId":"4lht3pughr8b8j3","operationId":"atdp4mffp4ftnrq"}
{"type":"operationStart","subtype":"render","name":"orders-header","previousOperationId":"atdp4mffp4ftnrq","timestamp":1675271843048,"id":"n9icb0ctx0jg21w","previousEventId":"2zlvs65osk0kqcx","operationId":"f6vx2wbduxtrkpa"}
{"type":"log","timestamp":1675271843048,"level":"info","message":"Starting rendering (child) request","meta":{"rootId":"x3l5sl1xfxf01ya","id":"gtfb5wtpbwjmlpz"},"id":"60tbxmo17lstyya","previousOperationId":"f6vx2wbduxtrkpa"}
{"type":"log","timestamp":1675271843048,"level":"info","message":"Rendering template { name: orders-header, recipe: chrome-pdf, engine: handlebars, preview: true }","meta":{"rootId":"x3l5sl1xfxf01ya","id":"gtfb5wtpbwjmlpz"},"id":"d7dwm6dftieqp1t","previousOperationId":"f6vx2wbduxtrkpa"}
{"type":"log","timestamp":1675271843049,"level":"debug","message":"Inline data specified.","meta":{"rootId":"x3l5sl1xfxf01ya","id":"gtfb5wtpbwjmlpz"},"id":"lf04yc3txw6mf5i","previousOperationId":"f6vx2wbduxtrkpa"}
{"type":"log","timestamp":1675271843053,"level":"debug","message":"Base url not specified, skipping its injection.","meta":{"rootId":"x3l5sl1xfxf01ya","id":"gtfb5wtpbwjmlpz"},"id":"kh7f0vys62wax4v","previousOperationId":"f6vx2wbduxtrkpa"}
{"type":"operationStart","subtype":"engine","name":"handlebars","timestamp":1675271843053,"id":"29ckgtpyhzolgiz","previousEventId":"n9icb0ctx0jg21w","operationId":"dxb5p8xs746cd7v","previousOperationId":"f6vx2wbduxtrkpa"}
{"type":"log","timestamp":1675271843053,"level":"debug","message":"Rendering engine handlebars","meta":{"rootId":"x3l5sl1xfxf01ya","id":"gtfb5wtpbwjmlpz"},"id":"6f7clvb48j2iga4","previousOperationId":"dxb5p8xs746cd7v"}
{"type":"operationEnd","operationId":"dxb5p8xs746cd7v","timestamp":1675271843072,"id":"bcnvchr77fkq5nh","previousEventId":"29ckgtpyhzolgiz","previousOperationId":"dxb5p8xs746cd7v"}
{"type":"operationStart","subtype":"recipe","name":"chrome-pdf","timestamp":1675271843072,"id":"vyw8u1fogndiacj","previousEventId":"bcnvchr77fkq5nh","operationId":"nxwb551gjapniwn","previousOperationId":"dxb5p8xs746cd7v"}
{"type":"log","timestamp":1675271843072,"level":"debug","message":"Executing recipe chrome-pdf","meta":{"rootId":"x3l5sl1xfxf01ya","id":"gtfb5wtpbwjmlpz"},"id":"bxshthb49m2kbmc","previousOperationId":"nxwb551gjapniwn"}
{"type":"log","timestamp":1675271843074,"level":"debug","message":"Converting with chrome HeadlessChrome/105.0.5173.0 using chrome-pool strategy","meta":{"rootId":"x3l5sl1xfxf01ya","id":"gtfb5wtpbwjmlpz"},"id":"fge6l3bh1sf10gj","previousOperationId":"nxwb551gjapniwn"}
{"type":"log","timestamp":1675271843160,"level":"debug","message":"Page request: GET (document) file:///C:/Users/pollo/AppData/Local/Temp/jsreport/autocleanup/54dd4433-2e3d-44a3-83c5-ea490d315517-chrome-pdf.html","meta":{"rootId":"x3l5sl1xfxf01ya","id":"gtfb5wtpbwjmlpz"},"id":"ltpvfd2ukgwwu31","previousOperationId":"nxwb551gjapniwn"}
{"type":"log","timestamp":1675271843171,"level":"debug","message":"Page request: GET (stylesheet) https://cdnjs.cloudflare.com/ajax/libs/metro/4.1.5/css/metro.min.css","meta":{"rootId":"x3l5sl1xfxf01ya","id":"gtfb5wtpbwjmlpz"},"id":"hpiy9u8gdngq8cj","previousOperationId":"nxwb551gjapniwn"}
{"type":"log","timestamp":1675271843172,"level":"debug","message":"Page request finished: GET (document) 200 file:///C:/Users/pollo/AppData/Local/Temp/jsreport/autocleanup/54dd4433-2e3d-44a3-83c5-ea490d315517-chrome-pdf.html","meta":{"rootId":"x3l5sl1xfxf01ya","id":"gtfb5wtpbwjmlpz"},"id":"krfc09j0r6f72fz","previousOperationId":"nxwb551gjapniwn"}
{"type":"log","timestamp":1675271843195,"level":"debug","message":"Page request finished: GET (stylesheet) 200 https://cdnjs.cloudflare.com/ajax/libs/metro/4.1.5/css/metro.min.css","meta":{"rootId":"x3l5sl1xfxf01ya","id":"gtfb5wtpbwjmlpz"},"id":"r3q3yfiuf6lq8qp","previousOperationId":"nxwb551gjapniwn"}
{"type":"log","timestamp":1675271843219,"level":"debug","message":"Running chrome with params {\"printBackground\":true,\"marginTop\":\"1.5cm\",\"marginRight\":\"1.5cm\",\"marginLeft\":\"1.cm\",\"timeout\":59514,\"margin\":{\"top\":\"1.5cm\",\"right\":\"1.5cm\",\"left\":\"1.cm\"}}","meta":{"rootId":"x3l5sl1xfxf01ya","id":"gtfb5wtpbwjmlpz"},"id":"k1ufztvvb3q6q3p","previousOperationId":"nxwb551gjapniwn"}
{"type":"operationEnd","operationId":"nxwb551gjapniwn","timestamp":1675271843277,"id":"adbeuez97jgy82w","previousEventId":"vyw8u1fogndiacj","previousOperationId":"nxwb551gjapniwn"}
{"type":"log","timestamp":1675271843277,"level":"debug","message":"Skipping storing report.","meta":{"rootId":"x3l5sl1xfxf01ya","id":"gtfb5wtpbwjmlpz"},"id":"p5wm7k8smu8qsru","previousOperationId":"nxwb551gjapniwn"}
{"type":"log","timestamp":1675271843277,"level":"info","message":"Rendering (child) request finished in 690 ms","meta":{"rootId":"x3l5sl1xfxf01ya","id":"gtfb5wtpbwjmlpz"},"id":"9cr39oyw84nl3lx","previousOperationId":"nxwb551gjapniwn"}
{"type":"operationEnd","subtype":"render","operationId":"f6vx2wbduxtrkpa","timestamp":1675271843277,"id":"qabxpdmqjhs84pq","previousEventId":"adbeuez97jgy82w","previousOperationId":"nxwb551gjapniwn"}
{"type":"operationEnd","operationId":"atdp4mffp4ftnrq","timestamp":1675271843281,"id":"647fb12ulylnnbs","previousEventId":"2zlvs65osk0kqcx","previousOperationId":"atdp4mffp4ftnrq"}
{"type":"log","timestamp":1675271843282,"level":"debug","message":"pdf-utils postproces start","meta":{"rootId":"x3l5sl1xfxf01ya","id":"x3l5sl1xfxf01ya"},"id":"2ychqigl85obfob","previousOperationId":"atdp4mffp4ftnrq"}
{"type":"log","timestamp":1675271843286,"level":"debug","message":"pdf-utils postproces end","meta":{"rootId":"x3l5sl1xfxf01ya","id":"x3l5sl1xfxf01ya"},"id":"jautpuvkpewil95","previousOperationId":"atdp4mffp4ftnrq"}
{"type":"operationEnd","operationId":"hurlpr8mi2x9dee","timestamp":1675271843286,"id":"geygsylfilmij1t","previousEventId":"647fb12ulylnnbs","previousOperationId":"atdp4mffp4ftnrq"}
{"type":"log","timestamp":1675271843286,"level":"info","message":"pdf-utils pdf processing was finished","meta":{"rootId":"x3l5sl1xfxf01ya","id":"x3l5sl1xfxf01ya"},"id":"gjv1h848tiar9pi","previousOperationId":"hurlpr8mi2x9dee"}
{"type":"log","timestamp":1675271843286,"level":"debug","message":"Skipping storing report.","meta":{"rootId":"x3l5sl1xfxf01ya","id":"x3l5sl1xfxf01ya"},"id":"t6we1nfipzwjkqj","previousOperationId":"hurlpr8mi2x9dee"}
{"type":"log","timestamp":1675271843286,"level":"info","message":"Rendering request 20 finished in 699 ms","meta":{"rootId":"x3l5sl1xfxf01ya","id":"x3l5sl1xfxf01ya"},"id":"qz0sbjrkfhrd6ma","previousOperationId":"hurlpr8mi2x9dee"}
{"type":"operationEnd","subtype":"render","operationId":"sgkn0zudweynioc","timestamp":1675271843286,"id":"au2a1l0rfek1w0s","previousEventId":"geygsylfilmij1t","previousOperationId":"hurlpr8mi2x9dee"}
{"type":"operationEnd","doDiffs":false,"previousEventId":"2m4fh80ec1jacfd","previousOperationId":"4lviwffwgwol76x","operationId":"4lviwffwgwol76x","timestamp":1675271843294,"id":"6rz2yrunboioml6"}
