{"type":"operationStart","subtype":"profile","data":{"_id":"icQ9NO0NkPVMWZFc","timestamp":"2023-02-03T18:44:11.715Z","state":"queued","mode":"standard","creationDate":"2023-02-03T18:44:11.717Z","modificationDate":"2023-02-03T18:44:11.717Z","shortid":"2a7KejV","$entitySet":"profiles"},"doDiffs":false,"timestamp":1675449851716,"id":"nwla237pg3wxehu","previousOperationId":null,"operationId":"tju5fnb6dyp0xuc"}
{"type":"log","level":"info","message":"Render request 17 queued for execution and waiting for available worker","previousOperationId":"tju5fnb6dyp0xuc","timestamp":1675449851716,"id":"c3c3c48npddagj7"}
{"type":"operationStart","subtype":"render","name":"orders-main","previousOperationId":"tju5fnb6dyp0xuc","timestamp":1675449851726,"id":"psd7jt0hhsnu4kt","previousEventId":"nwla237pg3wxehu","operationId":"shmf2mwixvv65jp"}
{"type":"log","timestamp":1675449851726,"level":"info","message":"Starting rendering request 17","meta":{"rootId":"xfxgvzz2d8q6xqj","id":"xfxgvzz2d8q6xqj"},"id":"9rua73z0ic065e9","previousOperationId":"shmf2mwixvv65jp"}
{"type":"log","timestamp":1675449851726,"level":"info","message":"Rendering template { name: orders-main, recipe: chrome-pdf, engine: handlebars, preview: true }","meta":{"rootId":"xfxgvzz2d8q6xqj","id":"xfxgvzz2d8q6xqj"},"id":"h0mjks98phdv19o","previousOperationId":"shmf2mwixvv65jp"}
{"type":"log","timestamp":1675449851727,"level":"debug","message":"Data item not defined for this template.","meta":{"rootId":"xfxgvzz2d8q6xqj","id":"xfxgvzz2d8q6xqj"},"id":"v5gd5saoa8h4zd8","previousOperationId":"shmf2mwixvv65jp"}
{"type":"log","timestamp":1675449851729,"level":"debug","message":"Executing script orders-script (beforeRender)","meta":{"rootId":"xfxgvzz2d8q6xqj","id":"xfxgvzz2d8q6xqj"},"id":"vaqly2t44oe28th","previousOperationId":"shmf2mwixvv65jp"}
{"type":"operationStart","subtype":"scriptsBeforeRender","name":"scripts beforeRender","timestamp":1675449851758,"id":"eamf1pui4hly2f6","previousEventId":"psd7jt0hhsnu4kt","operationId":"5zdlujynuhg4gil","previousOperationId":"shmf2mwixvv65jp"}
{"type":"operationStart","subtype":"script","name":"scripts orders-script","previousOperationId":"5zdlujynuhg4gil","timestamp":1675449851758,"id":"vsztv9gcmi0fz3j","previousEventId":"eamf1pui4hly2f6","operationId":"jt7nct911r6hxwb"}
{"type":"log","timestamp":1675449852000,"level":"debug","message":"(console:log) {\n  data: [\n    {\n      id: 1,\n      name: 'Antonio',\n      description: 'Aclamado director de la Orquesta Filarmónica de Gran Canaria'\n    },\n    {\n      id: 3,\n      name: 'Juana de Armas',\n      description: 'Aclamada directora de la Orquesta Filarmónica de Gran Canaria'\n    }\n  ]\n}","meta":{"userLevel":true,"rootId":"xfxgvzz2d8q6xqj","id":"xfxgvzz2d8q6xqj"},"id":"isbohhs9vh7hbj0","previousOperationId":"jt7nct911r6hxwb"}
{"type":"operationEnd","operationId":"jt7nct911r6hxwb","timestamp":1675449852000,"id":"0ozzdduyy4b8cm9","previousEventId":"psd7jt0hhsnu4kt","previousOperationId":"shmf2mwixvv65jp"}
{"type":"operationEnd","operationId":"5zdlujynuhg4gil","timestamp":1675449852000,"id":"k65kwwh4jkxbqc7","previousEventId":"0ozzdduyy4b8cm9","previousOperationId":"shmf2mwixvv65jp"}
{"type":"log","timestamp":1675449852000,"level":"debug","message":"Base url not specified, skipping its injection.","meta":{"rootId":"xfxgvzz2d8q6xqj","id":"xfxgvzz2d8q6xqj"},"id":"267gctccz2rojk5","previousOperationId":"5zdlujynuhg4gil"}
{"type":"operationStart","subtype":"engine","name":"handlebars","timestamp":1675449852000,"id":"250k27rsufm2nzg","previousEventId":"k65kwwh4jkxbqc7","operationId":"57bwwhn5xgiwz6f","previousOperationId":"5zdlujynuhg4gil"}
{"type":"log","timestamp":1675449852000,"level":"debug","message":"Rendering engine handlebars","meta":{"rootId":"xfxgvzz2d8q6xqj","id":"xfxgvzz2d8q6xqj"},"id":"ett12bapdlu1s9u","previousOperationId":"57bwwhn5xgiwz6f"}
{"type":"operationEnd","operationId":"57bwwhn5xgiwz6f","timestamp":1675449852013,"id":"5er7p0fmen3wag7","previousEventId":"250k27rsufm2nzg","previousOperationId":"57bwwhn5xgiwz6f"}
{"type":"operationStart","subtype":"recipe","name":"chrome-pdf","timestamp":1675449852013,"id":"iybctlhb20phgyg","previousEventId":"5er7p0fmen3wag7","operationId":"dhj8nw3ryb8vkzq","previousOperationId":"57bwwhn5xgiwz6f"}
{"type":"log","timestamp":1675449852013,"level":"debug","message":"Executing recipe chrome-pdf","meta":{"rootId":"xfxgvzz2d8q6xqj","id":"xfxgvzz2d8q6xqj"},"id":"r47cb1txkw1ptz0","previousOperationId":"dhj8nw3ryb8vkzq"}
{"type":"log","timestamp":1675449852016,"level":"debug","message":"Converting with chrome HeadlessChrome/105.0.5173.0 using chrome-pool strategy","meta":{"rootId":"xfxgvzz2d8q6xqj","id":"xfxgvzz2d8q6xqj"},"id":"jpq5k3kdxj60ryc","previousOperationId":"dhj8nw3ryb8vkzq"}
{"type":"log","timestamp":1675449852113,"level":"debug","message":"Page request: GET (document) file:///C:/Users/pollo/AppData/Local/Temp/jsreport/autocleanup/4473edcc-d246-4965-9b5e-b365f8a83e81-chrome-pdf.html","meta":{"rootId":"xfxgvzz2d8q6xqj","id":"xfxgvzz2d8q6xqj"},"id":"yvqhhsdaw06zcxb","previousOperationId":"dhj8nw3ryb8vkzq"}
{"type":"log","timestamp":1675449852127,"level":"debug","message":"Page request finished: GET (document) 200 file:///C:/Users/pollo/AppData/Local/Temp/jsreport/autocleanup/4473edcc-d246-4965-9b5e-b365f8a83e81-chrome-pdf.html","meta":{"rootId":"xfxgvzz2d8q6xqj","id":"xfxgvzz2d8q6xqj"},"id":"q00gk2lxantfozn","previousOperationId":"dhj8nw3ryb8vkzq"}
{"type":"log","timestamp":1675449852127,"level":"debug","message":"Page request: GET (stylesheet) https://cdnjs.cloudflare.com/ajax/libs/metro/4.1.5/css/metro.min.css","meta":{"rootId":"xfxgvzz2d8q6xqj","id":"xfxgvzz2d8q6xqj"},"id":"gg1qrwh1et6l1by","previousOperationId":"dhj8nw3ryb8vkzq"}
{"type":"log","timestamp":1675449852127,"level":"debug","message":"Page request: GET (script) https://cdnjs.cloudflare.com/ajax/libs/Chart.js/2.7.2/Chart.min.js","meta":{"rootId":"xfxgvzz2d8q6xqj","id":"xfxgvzz2d8q6xqj"},"id":"lqopjwjo9m099ap","previousOperationId":"dhj8nw3ryb8vkzq"}
{"type":"log","timestamp":1675449852134,"level":"debug","message":"Page request finished: GET (script) 200 https://cdnjs.cloudflare.com/ajax/libs/Chart.js/2.7.2/Chart.min.js","meta":{"rootId":"xfxgvzz2d8q6xqj","id":"xfxgvzz2d8q6xqj"},"id":"i60vd4xwt5n8qis","previousOperationId":"dhj8nw3ryb8vkzq"}
{"type":"log","timestamp":1675449852151,"level":"debug","message":"Page request finished: GET (stylesheet) 200 https://cdnjs.cloudflare.com/ajax/libs/metro/4.1.5/css/metro.min.css","meta":{"rootId":"xfxgvzz2d8q6xqj","id":"xfxgvzz2d8q6xqj"},"id":"bgpdkuzq2avymov","previousOperationId":"dhj8nw3ryb8vkzq"}
{"type":"log","timestamp":1675449852184,"level":"debug","message":"Running chrome with params {\"printBackground\":true,\"marginTop\":\"4cm\",\"marginRight\":\"1.5cm\",\"marginBottom\":\"1.5cm\",\"marginLeft\":\"1.5cm\",\"waitForJS\":false,\"timeout\":59700,\"margin\":{\"top\":\"4cm\",\"right\":\"1.5cm\",\"bottom\":\"1.5cm\",\"left\":\"1.5cm\"}}","meta":{"rootId":"xfxgvzz2d8q6xqj","id":"xfxgvzz2d8q6xqj"},"id":"gr3115qfciisobw","previousOperationId":"dhj8nw3ryb8vkzq"}
{"type":"operationEnd","operationId":"dhj8nw3ryb8vkzq","timestamp":1675449852257,"id":"tb9q6mq10yehu0v","previousEventId":"iybctlhb20phgyg","previousOperationId":"dhj8nw3ryb8vkzq"}
{"type":"log","timestamp":1675449852257,"level":"info","message":"pdf-utils is starting pdf processing","meta":{"rootId":"xfxgvzz2d8q6xqj","id":"xfxgvzz2d8q6xqj"},"id":"xxaitr1mnif75m4","previousOperationId":"dhj8nw3ryb8vkzq"}
{"type":"operationStart","subtype":"pdfUtils","name":"pdf utils","timestamp":1675449852257,"id":"jp7yqa3uhgt12oc","previousEventId":"tb9q6mq10yehu0v","operationId":"sixk8fc88c3ou52","previousOperationId":"dhj8nw3ryb8vkzq"}
{"type":"log","timestamp":1675449852257,"level":"debug","message":"pdf-utils detected 1 pdf operation(s) to process","meta":{"rootId":"xfxgvzz2d8q6xqj","id":"xfxgvzz2d8q6xqj"},"id":"efksp547rm84cke","previousOperationId":"sixk8fc88c3ou52"}
{"type":"log","timestamp":1675449852277,"level":"debug","message":"pdf-utils running pdf operation merge","meta":{"rootId":"xfxgvzz2d8q6xqj","id":"xfxgvzz2d8q6xqj"},"id":"9wb3z4lpc8gmfg2","previousOperationId":"sixk8fc88c3ou52"}
{"type":"operationStart","subtype":"pdfUtilsMerge","name":"pdf utils merge","previousOperationId":"sixk8fc88c3ou52","timestamp":1675449852277,"id":"3ig6gctmzyz010u","previousEventId":"jp7yqa3uhgt12oc","operationId":"186q5152opeje0x"}
{"type":"operationStart","subtype":"render","name":"orders-header","previousOperationId":"186q5152opeje0x","timestamp":1675449852278,"id":"id33oapkay27it4","previousEventId":"3ig6gctmzyz010u","operationId":"nj32rzddlqwe7qs"}
{"type":"log","timestamp":1675449852278,"level":"info","message":"Starting rendering (child) request","meta":{"rootId":"xfxgvzz2d8q6xqj","id":"de5dzwrnrz2oh22"},"id":"2izpkeqr0pyipky","previousOperationId":"nj32rzddlqwe7qs"}
{"type":"log","timestamp":1675449852278,"level":"info","message":"Rendering template { name: orders-header, recipe: chrome-pdf, engine: handlebars, preview: true }","meta":{"rootId":"xfxgvzz2d8q6xqj","id":"de5dzwrnrz2oh22"},"id":"e0luaoncj6ctwny","previousOperationId":"nj32rzddlqwe7qs"}
{"type":"log","timestamp":1675449852280,"level":"debug","message":"Inline data specified.","meta":{"rootId":"xfxgvzz2d8q6xqj","id":"de5dzwrnrz2oh22"},"id":"akx1tsml8psw22u","previousOperationId":"nj32rzddlqwe7qs"}
{"type":"log","timestamp":1675449852284,"level":"debug","message":"Base url not specified, skipping its injection.","meta":{"rootId":"xfxgvzz2d8q6xqj","id":"de5dzwrnrz2oh22"},"id":"izgg87e5tbnnzc8","previousOperationId":"nj32rzddlqwe7qs"}
{"type":"operationStart","subtype":"engine","name":"handlebars","timestamp":1675449852284,"id":"hrdn8mqxaun0cfw","previousEventId":"id33oapkay27it4","operationId":"72wgj0b6j9q4b4w","previousOperationId":"nj32rzddlqwe7qs"}
{"type":"log","timestamp":1675449852284,"level":"debug","message":"Rendering engine handlebars","meta":{"rootId":"xfxgvzz2d8q6xqj","id":"de5dzwrnrz2oh22"},"id":"fkzcqmmvkrz37r8","previousOperationId":"72wgj0b6j9q4b4w"}
{"type":"operationEnd","operationId":"72wgj0b6j9q4b4w","timestamp":1675449852300,"id":"dzn23ej7n1ig8ho","previousEventId":"hrdn8mqxaun0cfw","previousOperationId":"72wgj0b6j9q4b4w"}
{"type":"operationStart","subtype":"recipe","name":"chrome-pdf","timestamp":1675449852301,"id":"9a8hvgk23sgpc7l","previousEventId":"dzn23ej7n1ig8ho","operationId":"ixqm5nphy9qhzev","previousOperationId":"72wgj0b6j9q4b4w"}
{"type":"log","timestamp":1675449852301,"level":"debug","message":"Executing recipe chrome-pdf","meta":{"rootId":"xfxgvzz2d8q6xqj","id":"de5dzwrnrz2oh22"},"id":"9jpupadxemryccj","previousOperationId":"ixqm5nphy9qhzev"}
{"type":"log","timestamp":1675449852303,"level":"debug","message":"Converting with chrome HeadlessChrome/105.0.5173.0 using chrome-pool strategy","meta":{"rootId":"xfxgvzz2d8q6xqj","id":"de5dzwrnrz2oh22"},"id":"ehbgeu2b9hcmz44","previousOperationId":"ixqm5nphy9qhzev"}
{"type":"log","timestamp":1675449852411,"level":"debug","message":"Page request: GET (document) file:///C:/Users/pollo/AppData/Local/Temp/jsreport/autocleanup/ff24f9af-f78b-4f03-82df-4cf946dfde86-chrome-pdf.html","meta":{"rootId":"xfxgvzz2d8q6xqj","id":"de5dzwrnrz2oh22"},"id":"9xa7htd3fdbw7oc","previousOperationId":"ixqm5nphy9qhzev"}
{"type":"log","timestamp":1675449852421,"level":"debug","message":"Page request finished: GET (document) 200 file:///C:/Users/pollo/AppData/Local/Temp/jsreport/autocleanup/ff24f9af-f78b-4f03-82df-4cf946dfde86-chrome-pdf.html","meta":{"rootId":"xfxgvzz2d8q6xqj","id":"de5dzwrnrz2oh22"},"id":"6szs9v9yllmt1qe","previousOperationId":"ixqm5nphy9qhzev"}
{"type":"log","timestamp":1675449852422,"level":"debug","message":"Page request: GET (stylesheet) https://cdnjs.cloudflare.com/ajax/libs/metro/4.1.5/css/metro.min.css","meta":{"rootId":"xfxgvzz2d8q6xqj","id":"de5dzwrnrz2oh22"},"id":"ei13cps0j65tv28","previousOperationId":"ixqm5nphy9qhzev"}
{"type":"log","timestamp":1675449852443,"level":"debug","message":"Page request finished: GET (stylesheet) 200 https://cdnjs.cloudflare.com/ajax/libs/metro/4.1.5/css/metro.min.css","meta":{"rootId":"xfxgvzz2d8q6xqj","id":"de5dzwrnrz2oh22"},"id":"z6swyfkx8q07k0o","previousOperationId":"ixqm5nphy9qhzev"}
{"type":"log","timestamp":1675449852465,"level":"debug","message":"Running chrome with params {\"printBackground\":true,\"marginTop\":\"1.5cm\",\"marginRight\":\"1.5cm\",\"marginLeft\":\"1.cm\",\"timeout\":59413,\"margin\":{\"top\":\"1.5cm\",\"right\":\"1.5cm\",\"left\":\"1.cm\"}}","meta":{"rootId":"xfxgvzz2d8q6xqj","id":"de5dzwrnrz2oh22"},"id":"9sgeq7xtyz5kut0","previousOperationId":"ixqm5nphy9qhzev"}
{"type":"operationEnd","operationId":"ixqm5nphy9qhzev","timestamp":1675449852522,"id":"f721dpdgfolapdu","previousEventId":"9a8hvgk23sgpc7l","previousOperationId":"ixqm5nphy9qhzev"}
{"type":"log","timestamp":1675449852522,"level":"debug","message":"Skipping storing report.","meta":{"rootId":"xfxgvzz2d8q6xqj","id":"de5dzwrnrz2oh22"},"id":"kw7tmydjp5xwauh","previousOperationId":"ixqm5nphy9qhzev"}
{"type":"log","timestamp":1675449852522,"level":"info","message":"Rendering (child) request finished in 807 ms","meta":{"rootId":"xfxgvzz2d8q6xqj","id":"de5dzwrnrz2oh22"},"id":"g3zdnzl7h1jm3r0","previousOperationId":"ixqm5nphy9qhzev"}
{"type":"operationEnd","subtype":"render","operationId":"nj32rzddlqwe7qs","timestamp":1675449852522,"id":"3htgkwvekvgsj6m","previousEventId":"f721dpdgfolapdu","previousOperationId":"ixqm5nphy9qhzev"}
{"type":"operationEnd","operationId":"186q5152opeje0x","timestamp":1675449852528,"id":"wpbdd69k6ccyzda","previousEventId":"3ig6gctmzyz010u","previousOperationId":"186q5152opeje0x"}
{"type":"log","timestamp":1675449852528,"level":"debug","message":"pdf-utils postproces start","meta":{"rootId":"xfxgvzz2d8q6xqj","id":"xfxgvzz2d8q6xqj"},"id":"5yv5buvhtrtbh9r","previousOperationId":"186q5152opeje0x"}
{"type":"log","timestamp":1675449852534,"level":"debug","message":"pdf-utils postproces end","meta":{"rootId":"xfxgvzz2d8q6xqj","id":"xfxgvzz2d8q6xqj"},"id":"trgxbmn15mxeynv","previousOperationId":"186q5152opeje0x"}
{"type":"operationEnd","operationId":"sixk8fc88c3ou52","timestamp":1675449852534,"id":"fhmkszajp0ej80k","previousEventId":"wpbdd69k6ccyzda","previousOperationId":"186q5152opeje0x"}
{"type":"log","timestamp":1675449852534,"level":"info","message":"pdf-utils pdf processing was finished","meta":{"rootId":"xfxgvzz2d8q6xqj","id":"xfxgvzz2d8q6xqj"},"id":"6u1dtfbgw24d52m","previousOperationId":"sixk8fc88c3ou52"}
{"type":"log","timestamp":1675449852534,"level":"debug","message":"Skipping storing report.","meta":{"rootId":"xfxgvzz2d8q6xqj","id":"xfxgvzz2d8q6xqj"},"id":"fzzaspswfypwqq0","previousOperationId":"sixk8fc88c3ou52"}
{"type":"log","timestamp":1675449852534,"level":"info","message":"Rendering request 17 finished in 819 ms","meta":{"rootId":"xfxgvzz2d8q6xqj","id":"xfxgvzz2d8q6xqj"},"id":"1kzbh3oag552oc6","previousOperationId":"sixk8fc88c3ou52"}
{"type":"operationEnd","subtype":"render","operationId":"shmf2mwixvv65jp","timestamp":1675449852534,"id":"25104gl923afv7s","previousEventId":"fhmkszajp0ej80k","previousOperationId":"sixk8fc88c3ou52"}
{"type":"operationEnd","doDiffs":false,"previousEventId":"nwla237pg3wxehu","previousOperationId":"tju5fnb6dyp0xuc","operationId":"tju5fnb6dyp0xuc","timestamp":1675449852541,"id":"5edf2nhb8wj23mg"}
