{"type":"operationStart","subtype":"profile","data":{"_id":"fJOMeIb3j0jyetta","timestamp":"2023-02-05T18:29:37.454Z","state":"queued","mode":"standard","creationDate":"2023-02-05T18:29:37.455Z","modificationDate":"2023-02-05T18:29:37.455Z","shortid":"j68zPPR","$entitySet":"profiles"},"doDiffs":false,"timestamp":1675621777455,"id":"94nl40uzzv8y2wt","previousOperationId":null,"operationId":"0ignrw80f63p7kg"}
{"type":"log","level":"info","message":"Render request 38 queued for execution and waiting for available worker","previousOperationId":"0ignrw80f63p7kg","timestamp":1675621777455,"id":"e0gp9fzd4892yvj"}
{"type":"operationStart","subtype":"render","name":"orders-main","previousOperationId":"0ignrw80f63p7kg","timestamp":1675621777463,"id":"bch2mmiwwoe1hue","previousEventId":"94nl40uzzv8y2wt","operationId":"c046p3gdokkd5vk"}
{"type":"log","timestamp":1675621777464,"level":"info","message":"Starting rendering request 38","meta":{"rootId":"xpch1bxqwvtfxod","id":"xpch1bxqwvtfxod"},"id":"l9bln2nfajq2fd8","previousOperationId":"c046p3gdokkd5vk"}
{"type":"log","timestamp":1675621777464,"level":"info","message":"Rendering template { name: orders-main, recipe: chrome-pdf, engine: handlebars, preview: true }","meta":{"rootId":"xpch1bxqwvtfxod","id":"xpch1bxqwvtfxod"},"id":"royxudkaxkgn8z5","previousOperationId":"c046p3gdokkd5vk"}
{"type":"log","timestamp":1675621777465,"level":"debug","message":"Data item not defined for this template.","meta":{"rootId":"xpch1bxqwvtfxod","id":"xpch1bxqwvtfxod"},"id":"6j153g9rkpef7kr","previousOperationId":"c046p3gdokkd5vk"}
{"type":"log","timestamp":1675621777469,"level":"debug","message":"Executing script orders-script (beforeRender)","meta":{"rootId":"xpch1bxqwvtfxod","id":"xpch1bxqwvtfxod"},"id":"vpzx4rlq9rbx0iz","previousOperationId":"c046p3gdokkd5vk"}
{"type":"operationStart","subtype":"scriptsBeforeRender","name":"scripts beforeRender","timestamp":1675621777504,"id":"nuq2j5v0szs76n0","previousEventId":"bch2mmiwwoe1hue","operationId":"uu84c9ue1ay1h07","previousOperationId":"c046p3gdokkd5vk"}
{"type":"operationStart","subtype":"script","name":"scripts orders-script","previousOperationId":"uu84c9ue1ay1h07","timestamp":1675621777504,"id":"pmpv9katils8r56","previousEventId":"nuq2j5v0szs76n0","operationId":"pbd8ak4ubv6y4ps"}
{"type":"log","timestamp":1675621777792,"level":"debug","message":"(console:log) [ 'Antonio', 'Juana de Armas' ]","meta":{"userLevel":true,"rootId":"xpch1bxqwvtfxod","id":"xpch1bxqwvtfxod"},"id":"tu3wzfe8eohp6lb","previousOperationId":"pbd8ak4ubv6y4ps"}
{"type":"operationEnd","operationId":"pbd8ak4ubv6y4ps","timestamp":1675621777793,"id":"fvb4vsvpala485a","previousEventId":"bch2mmiwwoe1hue","previousOperationId":"c046p3gdokkd5vk"}
{"type":"operationEnd","operationId":"uu84c9ue1ay1h07","timestamp":1675621777793,"id":"8tdawwhaen2ubot","previousEventId":"fvb4vsvpala485a","previousOperationId":"c046p3gdokkd5vk"}
{"type":"log","timestamp":1675621777793,"level":"debug","message":"Base url not specified, skipping its injection.","meta":{"rootId":"xpch1bxqwvtfxod","id":"xpch1bxqwvtfxod"},"id":"1gulbh34i9rt1cy","previousOperationId":"uu84c9ue1ay1h07"}
{"type":"operationStart","subtype":"engine","name":"handlebars","timestamp":1675621777793,"id":"au3ibslyqp1roua","previousEventId":"8tdawwhaen2ubot","operationId":"7yfa9mgz047lr1k","previousOperationId":"uu84c9ue1ay1h07"}
{"type":"log","timestamp":1675621777793,"level":"debug","message":"Rendering engine handlebars","meta":{"rootId":"xpch1bxqwvtfxod","id":"xpch1bxqwvtfxod"},"id":"qq1ggex8neensrs","previousOperationId":"7yfa9mgz047lr1k"}
{"type":"operationEnd","operationId":"7yfa9mgz047lr1k","timestamp":1675621777805,"id":"4vh2f0cwiryu0zw","previousEventId":"au3ibslyqp1roua","previousOperationId":"7yfa9mgz047lr1k"}
{"type":"operationStart","subtype":"recipe","name":"chrome-pdf","timestamp":1675621777805,"id":"cg0cfydp6wbgupm","previousEventId":"4vh2f0cwiryu0zw","operationId":"kigb0lsc810qkqg","previousOperationId":"7yfa9mgz047lr1k"}
{"type":"log","timestamp":1675621777805,"level":"debug","message":"Executing recipe chrome-pdf","meta":{"rootId":"xpch1bxqwvtfxod","id":"xpch1bxqwvtfxod"},"id":"hd65wzx2asqazke","previousOperationId":"kigb0lsc810qkqg"}
{"type":"log","timestamp":1675621777808,"level":"debug","message":"Converting with chrome HeadlessChrome/105.0.5173.0 using chrome-pool strategy","meta":{"rootId":"xpch1bxqwvtfxod","id":"xpch1bxqwvtfxod"},"id":"skxw5333r48n6qp","previousOperationId":"kigb0lsc810qkqg"}
{"type":"log","timestamp":1675621777905,"level":"debug","message":"Page request: GET (document) file:///C:/Users/pollo/AppData/Local/Temp/jsreport/autocleanup/b5492d19-f2a5-46a7-af3c-6288e0a47b18-chrome-pdf.html","meta":{"rootId":"xpch1bxqwvtfxod","id":"xpch1bxqwvtfxod"},"id":"cfqhk117huir59l","previousOperationId":"kigb0lsc810qkqg"}
{"type":"log","timestamp":1675621777915,"level":"debug","message":"Page request finished: GET (document) 200 file:///C:/Users/pollo/AppData/Local/Temp/jsreport/autocleanup/b5492d19-f2a5-46a7-af3c-6288e0a47b18-chrome-pdf.html","meta":{"rootId":"xpch1bxqwvtfxod","id":"xpch1bxqwvtfxod"},"id":"6romi6hiz5wa7x9","previousOperationId":"kigb0lsc810qkqg"}
{"type":"log","timestamp":1675621777916,"level":"debug","message":"Page request: GET (stylesheet) https://cdnjs.cloudflare.com/ajax/libs/metro/4.1.5/css/metro.min.css","meta":{"rootId":"xpch1bxqwvtfxod","id":"xpch1bxqwvtfxod"},"id":"49yfnqbbwxz9kc8","previousOperationId":"kigb0lsc810qkqg"}
{"type":"log","timestamp":1675621777917,"level":"debug","message":"Page request: GET (script) https://cdn.jsdelivr.net/npm/chart.js","meta":{"rootId":"xpch1bxqwvtfxod","id":"xpch1bxqwvtfxod"},"id":"syt9h83863l822q","previousOperationId":"kigb0lsc810qkqg"}
{"type":"log","timestamp":1675621777923,"level":"debug","message":"Page request finished: GET (script) 200 https://cdn.jsdelivr.net/npm/chart.js","meta":{"rootId":"xpch1bxqwvtfxod","id":"xpch1bxqwvtfxod"},"id":"pid1s7baus4doek","previousOperationId":"kigb0lsc810qkqg"}
{"type":"log","timestamp":1675621777942,"level":"debug","message":"Page request finished: GET (stylesheet) 200 https://cdnjs.cloudflare.com/ajax/libs/metro/4.1.5/css/metro.min.css","meta":{"rootId":"xpch1bxqwvtfxod","id":"xpch1bxqwvtfxod"},"id":"e02ltvx6it3v5fw","previousOperationId":"kigb0lsc810qkqg"}
{"type":"log","timestamp":1675621777946,"level":"warn","message":"Page error: SyntaxError: Unexpected token ','","meta":{"rootId":"xpch1bxqwvtfxod","id":"xpch1bxqwvtfxod"},"id":"bmz4u53bmuuqs9f","previousOperationId":"kigb0lsc810qkqg"}
{"type":"log","timestamp":1675621777971,"level":"debug","message":"Running chrome with params {\"printBackground\":true,\"marginTop\":\"4cm\",\"marginRight\":\"1.5cm\",\"marginBottom\":\"1.5cm\",\"marginLeft\":\"1.5cm\",\"waitForJS\":false,\"timeout\":59647,\"margin\":{\"top\":\"4cm\",\"right\":\"1.5cm\",\"bottom\":\"1.5cm\",\"left\":\"1.5cm\"}}","meta":{"rootId":"xpch1bxqwvtfxod","id":"xpch1bxqwvtfxod"},"id":"8fukqquhcb8fj03","previousOperationId":"kigb0lsc810qkqg"}
{"type":"operationEnd","operationId":"kigb0lsc810qkqg","timestamp":1675621778037,"id":"ard1t6n7wg9oyxh","previousEventId":"cg0cfydp6wbgupm","previousOperationId":"kigb0lsc810qkqg"}
{"type":"log","timestamp":1675621778037,"level":"info","message":"pdf-utils is starting pdf processing","meta":{"rootId":"xpch1bxqwvtfxod","id":"xpch1bxqwvtfxod"},"id":"gnxwnkr3gcffb9y","previousOperationId":"kigb0lsc810qkqg"}
{"type":"operationStart","subtype":"pdfUtils","name":"pdf utils","timestamp":1675621778037,"id":"r37vvvmzmlyjn6q","previousEventId":"ard1t6n7wg9oyxh","operationId":"xtm73h5rdt1csuz","previousOperationId":"kigb0lsc810qkqg"}
{"type":"log","timestamp":1675621778037,"level":"debug","message":"pdf-utils detected 1 pdf operation(s) to process","meta":{"rootId":"xpch1bxqwvtfxod","id":"xpch1bxqwvtfxod"},"id":"5ne4spoli59xwvn","previousOperationId":"xtm73h5rdt1csuz"}
{"type":"log","timestamp":1675621778045,"level":"debug","message":"pdf-utils running pdf operation merge","meta":{"rootId":"xpch1bxqwvtfxod","id":"xpch1bxqwvtfxod"},"id":"pzcz5a8lxl0kunb","previousOperationId":"xtm73h5rdt1csuz"}
{"type":"operationStart","subtype":"pdfUtilsMerge","name":"pdf utils merge","previousOperationId":"xtm73h5rdt1csuz","timestamp":1675621778045,"id":"lhz5j7of6dt34eo","previousEventId":"r37vvvmzmlyjn6q","operationId":"taw6m7xou3cv0bx"}
{"type":"operationStart","subtype":"render","name":"orders-header","previousOperationId":"taw6m7xou3cv0bx","timestamp":1675621778046,"id":"r0tjftq5ofvf272","previousEventId":"lhz5j7of6dt34eo","operationId":"cfuf4m207g567cy"}
{"type":"log","timestamp":1675621778046,"level":"info","message":"Starting rendering (child) request","meta":{"rootId":"xpch1bxqwvtfxod","id":"xuhadafw5wtu10k"},"id":"judtdrfks2si1bt","previousOperationId":"cfuf4m207g567cy"}
{"type":"log","timestamp":1675621778046,"level":"info","message":"Rendering template { name: orders-header, recipe: chrome-pdf, engine: handlebars, preview: true }","meta":{"rootId":"xpch1bxqwvtfxod","id":"xuhadafw5wtu10k"},"id":"vsmqxcxpd7594qr","previousOperationId":"cfuf4m207g567cy"}
{"type":"log","timestamp":1675621778047,"level":"debug","message":"Inline data specified.","meta":{"rootId":"xpch1bxqwvtfxod","id":"xuhadafw5wtu10k"},"id":"vazqg5zkwd2j8x8","previousOperationId":"cfuf4m207g567cy"}
{"type":"log","timestamp":1675621778051,"level":"debug","message":"Base url not specified, skipping its injection.","meta":{"rootId":"xpch1bxqwvtfxod","id":"xuhadafw5wtu10k"},"id":"6s8c9vm3scpow5d","previousOperationId":"cfuf4m207g567cy"}
{"type":"operationStart","subtype":"engine","name":"handlebars","timestamp":1675621778051,"id":"qiseiaqkgfbonxp","previousEventId":"r0tjftq5ofvf272","operationId":"j2c8urzu4s2fmol","previousOperationId":"cfuf4m207g567cy"}
{"type":"log","timestamp":1675621778051,"level":"debug","message":"Rendering engine handlebars","meta":{"rootId":"xpch1bxqwvtfxod","id":"xuhadafw5wtu10k"},"id":"ox0qf24dpujr6he","previousOperationId":"j2c8urzu4s2fmol"}
{"type":"operationEnd","operationId":"j2c8urzu4s2fmol","timestamp":1675621778106,"id":"hownl07m2ed6dlj","previousEventId":"qiseiaqkgfbonxp","previousOperationId":"j2c8urzu4s2fmol"}
{"type":"operationStart","subtype":"recipe","name":"chrome-pdf","timestamp":1675621778106,"id":"umrfd55cmpg6bk7","previousEventId":"hownl07m2ed6dlj","operationId":"um9txf3yibarm6w","previousOperationId":"j2c8urzu4s2fmol"}
{"type":"log","timestamp":1675621778106,"level":"debug","message":"Executing recipe chrome-pdf","meta":{"rootId":"xpch1bxqwvtfxod","id":"xuhadafw5wtu10k"},"id":"ar2i9zc7j3shgay","previousOperationId":"um9txf3yibarm6w"}
{"type":"log","timestamp":1675621778111,"level":"debug","message":"Converting with chrome HeadlessChrome/105.0.5173.0 using chrome-pool strategy","meta":{"rootId":"xpch1bxqwvtfxod","id":"xuhadafw5wtu10k"},"id":"7uizyv6eo3y1idk","previousOperationId":"um9txf3yibarm6w"}
{"type":"log","timestamp":1675621778224,"level":"debug","message":"Page request: GET (document) file:///C:/Users/pollo/AppData/Local/Temp/jsreport/autocleanup/eb81b7c7-1fee-48a3-9274-56f99f1928a1-chrome-pdf.html","meta":{"rootId":"xpch1bxqwvtfxod","id":"xuhadafw5wtu10k"},"id":"809o96mfhklm9bi","previousOperationId":"um9txf3yibarm6w"}
{"type":"log","timestamp":1675621778235,"level":"debug","message":"Page request: GET (stylesheet) https://cdnjs.cloudflare.com/ajax/libs/metro/4.1.5/css/metro.min.css","meta":{"rootId":"xpch1bxqwvtfxod","id":"xuhadafw5wtu10k"},"id":"i2byn4h8obfsae7","previousOperationId":"um9txf3yibarm6w"}
{"type":"log","timestamp":1675621778236,"level":"debug","message":"Page request finished: GET (document) 200 file:///C:/Users/pollo/AppData/Local/Temp/jsreport/autocleanup/eb81b7c7-1fee-48a3-9274-56f99f1928a1-chrome-pdf.html","meta":{"rootId":"xpch1bxqwvtfxod","id":"xuhadafw5wtu10k"},"id":"lna3n4s9mohlhr8","previousOperationId":"um9txf3yibarm6w"}
{"type":"log","timestamp":1675621778258,"level":"debug","message":"Page request finished: GET (stylesheet) 200 https://cdnjs.cloudflare.com/ajax/libs/metro/4.1.5/css/metro.min.css","meta":{"rootId":"xpch1bxqwvtfxod","id":"xuhadafw5wtu10k"},"id":"qzo8j86xze6kej8","previousOperationId":"um9txf3yibarm6w"}
{"type":"log","timestamp":1675621778283,"level":"debug","message":"Running chrome with params {\"printBackground\":true,\"marginTop\":\"1.5cm\",\"marginRight\":\"1.5cm\",\"marginLeft\":\"1.cm\",\"timeout\":59345,\"margin\":{\"top\":\"1.5cm\",\"right\":\"1.5cm\",\"left\":\"1.cm\"}}","meta":{"rootId":"xpch1bxqwvtfxod","id":"xuhadafw5wtu10k"},"id":"u04p9up73wg2vy6","previousOperationId":"um9txf3yibarm6w"}
{"type":"operationEnd","operationId":"um9txf3yibarm6w","timestamp":1675621778346,"id":"wh61368lzakzq3w","previousEventId":"umrfd55cmpg6bk7","previousOperationId":"um9txf3yibarm6w"}
{"type":"log","timestamp":1675621778346,"level":"debug","message":"Skipping storing report.","meta":{"rootId":"xpch1bxqwvtfxod","id":"xuhadafw5wtu10k"},"id":"dd2c6op3b99yncs","previousOperationId":"um9txf3yibarm6w"}
{"type":"log","timestamp":1675621778346,"level":"info","message":"Rendering (child) request finished in 892 ms","meta":{"rootId":"xpch1bxqwvtfxod","id":"xuhadafw5wtu10k"},"id":"mt6l47i1b1yoydt","previousOperationId":"um9txf3yibarm6w"}
{"type":"operationEnd","subtype":"render","operationId":"cfuf4m207g567cy","timestamp":1675621778346,"id":"wg3q39y5qrmnv3g","previousEventId":"wh61368lzakzq3w","previousOperationId":"um9txf3yibarm6w"}
{"type":"operationEnd","operationId":"taw6m7xou3cv0bx","timestamp":1675621778355,"id":"dzingfjrxdmlkqo","previousEventId":"lhz5j7of6dt34eo","previousOperationId":"taw6m7xou3cv0bx"}
{"type":"log","timestamp":1675621778355,"level":"debug","message":"pdf-utils postproces start","meta":{"rootId":"xpch1bxqwvtfxod","id":"xpch1bxqwvtfxod"},"id":"fqshk5jvmukgji6","previousOperationId":"taw6m7xou3cv0bx"}
{"type":"log","timestamp":1675621778360,"level":"debug","message":"pdf-utils postproces end","meta":{"rootId":"xpch1bxqwvtfxod","id":"xpch1bxqwvtfxod"},"id":"kcxixe3ajaelfu8","previousOperationId":"taw6m7xou3cv0bx"}
{"type":"operationEnd","operationId":"xtm73h5rdt1csuz","timestamp":1675621778360,"id":"ha7tgdn0n5ramrx","previousEventId":"dzingfjrxdmlkqo","previousOperationId":"taw6m7xou3cv0bx"}
{"type":"log","timestamp":1675621778360,"level":"info","message":"pdf-utils pdf processing was finished","meta":{"rootId":"xpch1bxqwvtfxod","id":"xpch1bxqwvtfxod"},"id":"bxlialpm3g90c4b","previousOperationId":"xtm73h5rdt1csuz"}
{"type":"log","timestamp":1675621778360,"level":"debug","message":"Skipping storing report.","meta":{"rootId":"xpch1bxqwvtfxod","id":"xpch1bxqwvtfxod"},"id":"sissf40y0fy7i8s","previousOperationId":"xtm73h5rdt1csuz"}
{"type":"log","timestamp":1675621778361,"level":"info","message":"Rendering request 38 finished in 907 ms","meta":{"rootId":"xpch1bxqwvtfxod","id":"xpch1bxqwvtfxod"},"id":"g6jr81qq5h40icr","previousOperationId":"xtm73h5rdt1csuz"}
{"type":"operationEnd","subtype":"render","operationId":"c046p3gdokkd5vk","timestamp":1675621778361,"id":"bqj5469bj7wmama","previousEventId":"ha7tgdn0n5ramrx","previousOperationId":"xtm73h5rdt1csuz"}
{"type":"operationEnd","doDiffs":false,"previousEventId":"94nl40uzzv8y2wt","previousOperationId":"0ignrw80f63p7kg","operationId":"0ignrw80f63p7kg","timestamp":1675621778368,"id":"w8inb7ocvac5uzg"}
