{"type":"operationStart","subtype":"profile","data":{"_id":"Q0OMYMw06v5ZMw2X","timestamp":"2023-02-01T17:26:41.469Z","state":"queued","mode":"standard","creationDate":"2023-02-01T17:26:41.470Z","modificationDate":"2023-02-01T17:26:41.470Z","shortid":"_DNrk50","$entitySet":"profiles"},"doDiffs":false,"timestamp":1675272401470,"id":"sxboyjdxvl5wzpu","previousOperationId":null,"operationId":"uaa1dyg9h9md29e"}
{"type":"log","level":"info","message":"Render request 27 queued for execution and waiting for available worker","previousOperationId":"uaa1dyg9h9md29e","timestamp":1675272401470,"id":"gryskl0iwlyqisz"}
{"type":"operationStart","subtype":"render","name":"orders-main","previousOperationId":"uaa1dyg9h9md29e","timestamp":1675272401479,"id":"2sf6pd9491c4wty","previousEventId":"sxboyjdxvl5wzpu","operationId":"skhc24i113pr3m8"}
{"type":"log","timestamp":1675272401479,"level":"info","message":"Starting rendering request 27","meta":{"rootId":"xw22kjwectrclr8","id":"xw22kjwectrclr8"},"id":"hldciolohf75n6c","previousOperationId":"skhc24i113pr3m8"}
{"type":"log","timestamp":1675272401479,"level":"info","message":"Rendering template { name: orders-main, recipe: chrome-pdf, engine: handlebars, preview: true }","meta":{"rootId":"xw22kjwectrclr8","id":"xw22kjwectrclr8"},"id":"jmzfykq8pza7t5b","previousOperationId":"skhc24i113pr3m8"}
{"type":"log","timestamp":1675272401482,"level":"debug","message":"Data item not defined for this template.","meta":{"rootId":"xw22kjwectrclr8","id":"xw22kjwectrclr8"},"id":"xw0xgl6x05kf1i8","previousOperationId":"skhc24i113pr3m8"}
{"type":"log","timestamp":1675272401485,"level":"debug","message":"Executing script orders-script (beforeRender)","meta":{"rootId":"xw22kjwectrclr8","id":"xw22kjwectrclr8"},"id":"abahgm58f9k7kyj","previousOperationId":"skhc24i113pr3m8"}
{"type":"operationStart","subtype":"scriptsBeforeRender","name":"scripts beforeRender","timestamp":1675272401518,"id":"2mwg90x6yjvw7ft","previousEventId":"2sf6pd9491c4wty","operationId":"yu2f1gbccu0gbi1","previousOperationId":"skhc24i113pr3m8"}
{"type":"operationStart","subtype":"script","name":"scripts orders-script","previousOperationId":"yu2f1gbccu0gbi1","timestamp":1675272401518,"id":"fpot1ewvv6o9xdk","previousEventId":"2mwg90x6yjvw7ft","operationId":"0oqgm1n03kxbs27"}
{"type":"log","timestamp":1675272401518,"level":"debug","message":"(console:log) AAAAAAAAAAAAAAAAAAAAAAA  undefined","meta":{"userLevel":true,"rootId":"xw22kjwectrclr8","id":"xw22kjwectrclr8"},"id":"s6oc2npl3icygf9","previousOperationId":"0oqgm1n03kxbs27"}
{"type":"log","timestamp":1675272401733,"level":"debug","message":"(console:log) Antonio","meta":{"userLevel":true,"rootId":"xw22kjwectrclr8","id":"xw22kjwectrclr8"},"id":"n0h7nhgrtbhl4fb","previousOperationId":"0oqgm1n03kxbs27"}
{"type":"operationEnd","operationId":"0oqgm1n03kxbs27","timestamp":1675272401733,"id":"a47hp2aiexk4ovd","previousEventId":"2sf6pd9491c4wty","previousOperationId":"skhc24i113pr3m8"}
{"type":"operationEnd","operationId":"yu2f1gbccu0gbi1","timestamp":1675272401733,"id":"9o09vc320q8czpn","previousEventId":"a47hp2aiexk4ovd","previousOperationId":"skhc24i113pr3m8"}
{"type":"log","timestamp":1675272401733,"level":"debug","message":"Base url not specified, skipping its injection.","meta":{"rootId":"xw22kjwectrclr8","id":"xw22kjwectrclr8"},"id":"23yles3sofnmtjn","previousOperationId":"yu2f1gbccu0gbi1"}
{"type":"operationStart","subtype":"engine","name":"handlebars","timestamp":1675272401734,"id":"1g5yyi9es5rt6lk","previousEventId":"9o09vc320q8czpn","operationId":"nwacz3oppewihfa","previousOperationId":"yu2f1gbccu0gbi1"}
{"type":"log","timestamp":1675272401734,"level":"debug","message":"Rendering engine handlebars","meta":{"rootId":"xw22kjwectrclr8","id":"xw22kjwectrclr8"},"id":"j7iu5azphmdecj2","previousOperationId":"nwacz3oppewihfa"}
{"type":"operationEnd","operationId":"nwacz3oppewihfa","timestamp":1675272401745,"id":"swbbkhrvzivwzvt","previousEventId":"1g5yyi9es5rt6lk","previousOperationId":"nwacz3oppewihfa"}
{"type":"operationStart","subtype":"recipe","name":"chrome-pdf","timestamp":1675272401745,"id":"dgw68fikxrmaj8h","previousEventId":"swbbkhrvzivwzvt","operationId":"c379u6ztvax06tr","previousOperationId":"nwacz3oppewihfa"}
{"type":"log","timestamp":1675272401745,"level":"debug","message":"Executing recipe chrome-pdf","meta":{"rootId":"xw22kjwectrclr8","id":"xw22kjwectrclr8"},"id":"pwkrugcfej34twf","previousOperationId":"c379u6ztvax06tr"}
{"type":"log","timestamp":1675272401747,"level":"debug","message":"Converting with chrome HeadlessChrome/105.0.5173.0 using chrome-pool strategy","meta":{"rootId":"xw22kjwectrclr8","id":"xw22kjwectrclr8"},"id":"w26nch76jq0vhqi","previousOperationId":"c379u6ztvax06tr"}
{"type":"log","timestamp":1675272401838,"level":"debug","message":"Page request: GET (document) file:///C:/Users/pollo/AppData/Local/Temp/jsreport/autocleanup/f2f0a8f3-9396-4147-a104-858e6a9435ae-chrome-pdf.html","meta":{"rootId":"xw22kjwectrclr8","id":"xw22kjwectrclr8"},"id":"42gu5kzyihggm0c","previousOperationId":"c379u6ztvax06tr"}
{"type":"log","timestamp":1675272401847,"level":"debug","message":"Page request finished: GET (document) 200 file:///C:/Users/pollo/AppData/Local/Temp/jsreport/autocleanup/f2f0a8f3-9396-4147-a104-858e6a9435ae-chrome-pdf.html","meta":{"rootId":"xw22kjwectrclr8","id":"xw22kjwectrclr8"},"id":"ahgjm8h3qcmnuc9","previousOperationId":"c379u6ztvax06tr"}
{"type":"log","timestamp":1675272401847,"level":"debug","message":"Page request: GET (stylesheet) https://cdnjs.cloudflare.com/ajax/libs/metro/4.1.5/css/metro.min.css","meta":{"rootId":"xw22kjwectrclr8","id":"xw22kjwectrclr8"},"id":"3qphbtzsgjazevj","previousOperationId":"c379u6ztvax06tr"}
{"type":"log","timestamp":1675272401847,"level":"debug","message":"Page request: GET (script) https://cdnjs.cloudflare.com/ajax/libs/Chart.js/2.7.2/Chart.min.js","meta":{"rootId":"xw22kjwectrclr8","id":"xw22kjwectrclr8"},"id":"mlfpr3dtp41tjes","previousOperationId":"c379u6ztvax06tr"}
{"type":"log","timestamp":1675272401855,"level":"debug","message":"Page request finished: GET (script) 200 https://cdnjs.cloudflare.com/ajax/libs/Chart.js/2.7.2/Chart.min.js","meta":{"rootId":"xw22kjwectrclr8","id":"xw22kjwectrclr8"},"id":"e1h8ygugqnmsxlh","previousOperationId":"c379u6ztvax06tr"}
{"type":"log","timestamp":1675272401872,"level":"debug","message":"Page request finished: GET (stylesheet) 200 https://cdnjs.cloudflare.com/ajax/libs/metro/4.1.5/css/metro.min.css","meta":{"rootId":"xw22kjwectrclr8","id":"xw22kjwectrclr8"},"id":"vyjo3uaudcwlgll","previousOperationId":"c379u6ztvax06tr"}
{"type":"log","timestamp":1675272401886,"level":"debug","message":"Running chrome with params {\"printBackground\":true,\"marginTop\":\"4cm\",\"marginRight\":\"1.5cm\",\"marginBottom\":\"1.5cm\",\"marginLeft\":\"1.5cm\",\"waitForJS\":false,\"timeout\":59723,\"margin\":{\"top\":\"4cm\",\"right\":\"1.5cm\",\"bottom\":\"1.5cm\",\"left\":\"1.5cm\"}}","meta":{"rootId":"xw22kjwectrclr8","id":"xw22kjwectrclr8"},"id":"5oz75fdufxvebv9","previousOperationId":"c379u6ztvax06tr"}
{"type":"operationEnd","operationId":"c379u6ztvax06tr","timestamp":1675272401918,"id":"63v7zip09jkhaz4","previousEventId":"dgw68fikxrmaj8h","previousOperationId":"c379u6ztvax06tr"}
{"type":"log","timestamp":1675272401919,"level":"info","message":"pdf-utils is starting pdf processing","meta":{"rootId":"xw22kjwectrclr8","id":"xw22kjwectrclr8"},"id":"c2gl31tsgcq4uvu","previousOperationId":"c379u6ztvax06tr"}
{"type":"operationStart","subtype":"pdfUtils","name":"pdf utils","timestamp":1675272401919,"id":"hefc0hxa7y4hlld","previousEventId":"63v7zip09jkhaz4","operationId":"jc26s1hnpxqmabp","previousOperationId":"c379u6ztvax06tr"}
{"type":"log","timestamp":1675272401919,"level":"debug","message":"pdf-utils detected 1 pdf operation(s) to process","meta":{"rootId":"xw22kjwectrclr8","id":"xw22kjwectrclr8"},"id":"ntj0v0jekyxvl52","previousOperationId":"jc26s1hnpxqmabp"}
{"type":"log","timestamp":1675272401921,"level":"debug","message":"pdf-utils running pdf operation merge","meta":{"rootId":"xw22kjwectrclr8","id":"xw22kjwectrclr8"},"id":"op1hqlwwnen7k1b","previousOperationId":"jc26s1hnpxqmabp"}
{"type":"operationStart","subtype":"pdfUtilsMerge","name":"pdf utils merge","previousOperationId":"jc26s1hnpxqmabp","timestamp":1675272401921,"id":"00ermg8vuwxs3y9","previousEventId":"hefc0hxa7y4hlld","operationId":"l8jbw5njb54tf5a"}
{"type":"operationStart","subtype":"render","name":"orders-header","previousOperationId":"l8jbw5njb54tf5a","timestamp":1675272401922,"id":"jkc943km3v9ihfs","previousEventId":"00ermg8vuwxs3y9","operationId":"qgd0493a5etj704"}
{"type":"log","timestamp":1675272401922,"level":"info","message":"Starting rendering (child) request","meta":{"rootId":"xw22kjwectrclr8","id":"6mxedy2a73gjezk"},"id":"7qnueukwc6mc07t","previousOperationId":"qgd0493a5etj704"}
{"type":"log","timestamp":1675272401922,"level":"info","message":"Rendering template { name: orders-header, recipe: chrome-pdf, engine: handlebars, preview: true }","meta":{"rootId":"xw22kjwectrclr8","id":"6mxedy2a73gjezk"},"id":"5bomgb0xlvq589v","previousOperationId":"qgd0493a5etj704"}
{"type":"log","timestamp":1675272401923,"level":"debug","message":"Inline data specified.","meta":{"rootId":"xw22kjwectrclr8","id":"6mxedy2a73gjezk"},"id":"pjpmfmcfjjwkfv4","previousOperationId":"qgd0493a5etj704"}
{"type":"log","timestamp":1675272401926,"level":"debug","message":"Base url not specified, skipping its injection.","meta":{"rootId":"xw22kjwectrclr8","id":"6mxedy2a73gjezk"},"id":"5u27j746z7vehvd","previousOperationId":"qgd0493a5etj704"}
{"type":"operationStart","subtype":"engine","name":"handlebars","timestamp":1675272401926,"id":"y568q6m7wvvh92m","previousEventId":"jkc943km3v9ihfs","operationId":"dxh7cg37xx5gop4","previousOperationId":"qgd0493a5etj704"}
{"type":"log","timestamp":1675272401926,"level":"debug","message":"Rendering engine handlebars","meta":{"rootId":"xw22kjwectrclr8","id":"6mxedy2a73gjezk"},"id":"8h7j55ng5aog5et","previousOperationId":"dxh7cg37xx5gop4"}
{"type":"operationEnd","operationId":"dxh7cg37xx5gop4","timestamp":1675272401948,"id":"mse6t1zkge8wbz7","previousEventId":"y568q6m7wvvh92m","previousOperationId":"dxh7cg37xx5gop4"}
{"type":"operationStart","subtype":"recipe","name":"chrome-pdf","timestamp":1675272401948,"id":"hj4umaxfbnwcl5l","previousEventId":"mse6t1zkge8wbz7","operationId":"pssui48dahi3iuo","previousOperationId":"dxh7cg37xx5gop4"}
{"type":"log","timestamp":1675272401948,"level":"debug","message":"Executing recipe chrome-pdf","meta":{"rootId":"xw22kjwectrclr8","id":"6mxedy2a73gjezk"},"id":"3crpz5bv47lgdvn","previousOperationId":"pssui48dahi3iuo"}
{"type":"log","timestamp":1675272401951,"level":"debug","message":"Converting with chrome HeadlessChrome/105.0.5173.0 using chrome-pool strategy","meta":{"rootId":"xw22kjwectrclr8","id":"6mxedy2a73gjezk"},"id":"zmx04g4kgjfbzs7","previousOperationId":"pssui48dahi3iuo"}
{"type":"log","timestamp":1675272402043,"level":"debug","message":"Page request: GET (document) file:///C:/Users/pollo/AppData/Local/Temp/jsreport/autocleanup/f5a7b621-c658-4612-8e33-3f46771f656c-chrome-pdf.html","meta":{"rootId":"xw22kjwectrclr8","id":"6mxedy2a73gjezk"},"id":"ryi0ab2c5a9b815","previousOperationId":"pssui48dahi3iuo"}
{"type":"log","timestamp":1675272402054,"level":"debug","message":"Page request finished: GET (document) 200 file:///C:/Users/pollo/AppData/Local/Temp/jsreport/autocleanup/f5a7b621-c658-4612-8e33-3f46771f656c-chrome-pdf.html","meta":{"rootId":"xw22kjwectrclr8","id":"6mxedy2a73gjezk"},"id":"4rrcsfjs4wh58sd","previousOperationId":"pssui48dahi3iuo"}
{"type":"log","timestamp":1675272402054,"level":"debug","message":"Page request: GET (stylesheet) https://cdnjs.cloudflare.com/ajax/libs/metro/4.1.5/css/metro.min.css","meta":{"rootId":"xw22kjwectrclr8","id":"6mxedy2a73gjezk"},"id":"uk4yjdkqtkj0gxb","previousOperationId":"pssui48dahi3iuo"}
{"type":"log","timestamp":1675272402079,"level":"debug","message":"Page request finished: GET (stylesheet) 200 https://cdnjs.cloudflare.com/ajax/libs/metro/4.1.5/css/metro.min.css","meta":{"rootId":"xw22kjwectrclr8","id":"6mxedy2a73gjezk"},"id":"6qepy0pq03fe3i4","previousOperationId":"pssui48dahi3iuo"}
{"type":"log","timestamp":1675272402104,"level":"debug","message":"Running chrome with params {\"printBackground\":true,\"marginTop\":\"1.5cm\",\"marginRight\":\"1.5cm\",\"marginLeft\":\"1.cm\",\"timeout\":59519,\"margin\":{\"top\":\"1.5cm\",\"right\":\"1.5cm\",\"left\":\"1.cm\"}}","meta":{"rootId":"xw22kjwectrclr8","id":"6mxedy2a73gjezk"},"id":"k3yxtw9orkqkxdg","previousOperationId":"pssui48dahi3iuo"}
{"type":"operationEnd","operationId":"pssui48dahi3iuo","timestamp":1675272402163,"id":"1uzzhzinnn64krm","previousEventId":"hj4umaxfbnwcl5l","previousOperationId":"pssui48dahi3iuo"}
{"type":"log","timestamp":1675272402164,"level":"debug","message":"Skipping storing report.","meta":{"rootId":"xw22kjwectrclr8","id":"6mxedy2a73gjezk"},"id":"i5259rdtlijwx8p","previousOperationId":"pssui48dahi3iuo"}
{"type":"log","timestamp":1675272402165,"level":"info","message":"Rendering (child) request finished in 696 ms","meta":{"rootId":"xw22kjwectrclr8","id":"6mxedy2a73gjezk"},"id":"vj2zg8i9u02t58x","previousOperationId":"pssui48dahi3iuo"}
{"type":"operationEnd","subtype":"render","operationId":"qgd0493a5etj704","timestamp":1675272402165,"id":"pzn7wn1xcmy6d43","previousEventId":"1uzzhzinnn64krm","previousOperationId":"pssui48dahi3iuo"}
{"type":"operationEnd","operationId":"l8jbw5njb54tf5a","timestamp":1675272402170,"id":"5u5knebg7iyo269","previousEventId":"00ermg8vuwxs3y9","previousOperationId":"l8jbw5njb54tf5a"}
{"type":"log","timestamp":1675272402170,"level":"debug","message":"pdf-utils postproces start","meta":{"rootId":"xw22kjwectrclr8","id":"xw22kjwectrclr8"},"id":"yxqkha3zexz2pz1","previousOperationId":"l8jbw5njb54tf5a"}
{"type":"log","timestamp":1675272402174,"level":"debug","message":"pdf-utils postproces end","meta":{"rootId":"xw22kjwectrclr8","id":"xw22kjwectrclr8"},"id":"j084pch1lrkpj4w","previousOperationId":"l8jbw5njb54tf5a"}
{"type":"operationEnd","operationId":"jc26s1hnpxqmabp","timestamp":1675272402174,"id":"87rt5nkgltcttbb","previousEventId":"5u5knebg7iyo269","previousOperationId":"l8jbw5njb54tf5a"}
{"type":"log","timestamp":1675272402174,"level":"info","message":"pdf-utils pdf processing was finished","meta":{"rootId":"xw22kjwectrclr8","id":"xw22kjwectrclr8"},"id":"l5kuv8o6fh4lquf","previousOperationId":"jc26s1hnpxqmabp"}
{"type":"log","timestamp":1675272402174,"level":"debug","message":"Skipping storing report.","meta":{"rootId":"xw22kjwectrclr8","id":"xw22kjwectrclr8"},"id":"r3ops1v9m3lc6a9","previousOperationId":"jc26s1hnpxqmabp"}
{"type":"log","timestamp":1675272402174,"level":"info","message":"Rendering request 27 finished in 705 ms","meta":{"rootId":"xw22kjwectrclr8","id":"xw22kjwectrclr8"},"id":"6uiqcpun3pi0hp6","previousOperationId":"jc26s1hnpxqmabp"}
{"type":"operationEnd","subtype":"render","operationId":"skhc24i113pr3m8","timestamp":1675272402174,"id":"8ay0vup916gsrdq","previousEventId":"87rt5nkgltcttbb","previousOperationId":"jc26s1hnpxqmabp"}
{"type":"operationEnd","doDiffs":false,"previousEventId":"sxboyjdxvl5wzpu","previousOperationId":"uaa1dyg9h9md29e","operationId":"uaa1dyg9h9md29e","timestamp":1675272402180,"id":"zcmlubd99w0tfdv"}
