{"type":"operationStart","subtype":"profile","data":{"_id":"UevXTfCX4QyjHxuz","timestamp":"2023-02-01T17:28:04.055Z","state":"queued","mode":"standard","creationDate":"2023-02-01T17:28:04.057Z","modificationDate":"2023-02-01T17:28:04.057Z","shortid":"xgraG8m","$entitySet":"profiles"},"doDiffs":false,"timestamp":1675272484056,"id":"8czfo5qmu71niqn","previousOperationId":null,"operationId":"f09zu852tlvxjyj"}
{"type":"log","level":"info","message":"Render request 28 queued for execution and waiting for available worker","previousOperationId":"f09zu852tlvxjyj","timestamp":1675272484056,"id":"37ubqqa17gtds01"}
{"type":"operationStart","subtype":"render","name":"orders-main","previousOperationId":"f09zu852tlvxjyj","timestamp":1675272484066,"id":"1fmeg2iocujt7b6","previousEventId":"8czfo5qmu71niqn","operationId":"3wos0dcptf855wv"}
{"type":"log","timestamp":1675272484066,"level":"info","message":"Starting rendering request 28","meta":{"rootId":"yyldlw0luzcuv04","id":"yyldlw0luzcuv04"},"id":"k30ioheuk9ptqkb","previousOperationId":"3wos0dcptf855wv"}
{"type":"log","timestamp":1675272484066,"level":"info","message":"Rendering template { name: orders-main, recipe: chrome-pdf, engine: handlebars, preview: true }","meta":{"rootId":"yyldlw0luzcuv04","id":"yyldlw0luzcuv04"},"id":"hlg9ppfk8r2iebe","previousOperationId":"3wos0dcptf855wv"}
{"type":"log","timestamp":1675272484067,"level":"debug","message":"Data item not defined for this template.","meta":{"rootId":"yyldlw0luzcuv04","id":"yyldlw0luzcuv04"},"id":"0kv2gs6gognaj77","previousOperationId":"3wos0dcptf855wv"}
{"type":"log","timestamp":1675272484072,"level":"debug","message":"Executing script orders-script (beforeRender)","meta":{"rootId":"yyldlw0luzcuv04","id":"yyldlw0luzcuv04"},"id":"cjnat1911yzzhdz","previousOperationId":"3wos0dcptf855wv"}
{"type":"operationStart","subtype":"scriptsBeforeRender","name":"scripts beforeRender","timestamp":1675272484106,"id":"2ilnqz9apxl0b6v","previousEventId":"1fmeg2iocujt7b6","operationId":"8h7salnga981iup","previousOperationId":"3wos0dcptf855wv"}
{"type":"operationStart","subtype":"script","name":"scripts orders-script","previousOperationId":"8h7salnga981iup","timestamp":1675272484106,"id":"2t80771dozhpbjf","previousEventId":"2ilnqz9apxl0b6v","operationId":"nlv3vj2edyma5oo"}
{"type":"log","timestamp":1675272484106,"level":"debug","message":"(console:log) AAAAAAAAAAAAAAAAAAAAAAA  undefined","meta":{"userLevel":true,"rootId":"yyldlw0luzcuv04","id":"yyldlw0luzcuv04"},"id":"5xnzaeu3ww3eewv","previousOperationId":"nlv3vj2edyma5oo"}
{"type":"log","timestamp":1675272484376,"level":"debug","message":"(console:log) Antonio","meta":{"userLevel":true,"rootId":"yyldlw0luzcuv04","id":"yyldlw0luzcuv04"},"id":"whrqxqqlnht992n","previousOperationId":"nlv3vj2edyma5oo"}
{"type":"operationEnd","operationId":"nlv3vj2edyma5oo","timestamp":1675272484376,"id":"wijex41pmr178jx","previousEventId":"1fmeg2iocujt7b6","previousOperationId":"3wos0dcptf855wv"}
{"type":"operationEnd","operationId":"8h7salnga981iup","timestamp":1675272484376,"id":"kusx2ghoyo4rd5b","previousEventId":"wijex41pmr178jx","previousOperationId":"3wos0dcptf855wv"}
{"type":"log","timestamp":1675272484376,"level":"debug","message":"Base url not specified, skipping its injection.","meta":{"rootId":"yyldlw0luzcuv04","id":"yyldlw0luzcuv04"},"id":"0c97fz2puyuhsvh","previousOperationId":"8h7salnga981iup"}
{"type":"operationStart","subtype":"engine","name":"handlebars","timestamp":1675272484376,"id":"cpmlg5bi27x5fvo","previousEventId":"kusx2ghoyo4rd5b","operationId":"nyivtubjdmlt8kx","previousOperationId":"8h7salnga981iup"}
{"type":"log","timestamp":1675272484376,"level":"debug","message":"Rendering engine handlebars","meta":{"rootId":"yyldlw0luzcuv04","id":"yyldlw0luzcuv04"},"id":"n16m77wifbb4w09","previousOperationId":"nyivtubjdmlt8kx"}
{"type":"operationEnd","operationId":"nyivtubjdmlt8kx","timestamp":1675272484387,"id":"le8lg64xt75jgcw","previousEventId":"cpmlg5bi27x5fvo","previousOperationId":"nyivtubjdmlt8kx"}
{"type":"operationStart","subtype":"recipe","name":"chrome-pdf","timestamp":1675272484387,"id":"yrnc1gqn0gtrvzk","previousEventId":"le8lg64xt75jgcw","operationId":"nfksvjccdzelkfi","previousOperationId":"nyivtubjdmlt8kx"}
{"type":"log","timestamp":1675272484387,"level":"debug","message":"Executing recipe chrome-pdf","meta":{"rootId":"yyldlw0luzcuv04","id":"yyldlw0luzcuv04"},"id":"m354qqb71clwxb3","previousOperationId":"nfksvjccdzelkfi"}
{"type":"log","timestamp":1675272484390,"level":"debug","message":"Converting with chrome HeadlessChrome/105.0.5173.0 using chrome-pool strategy","meta":{"rootId":"yyldlw0luzcuv04","id":"yyldlw0luzcuv04"},"id":"i7xt60dfogpyges","previousOperationId":"nfksvjccdzelkfi"}
{"type":"log","timestamp":1675272484479,"level":"debug","message":"Page request: GET (document) file:///C:/Users/pollo/AppData/Local/Temp/jsreport/autocleanup/f1f3de56-b0b0-4dec-b3cc-a4518235db2b-chrome-pdf.html","meta":{"rootId":"yyldlw0luzcuv04","id":"yyldlw0luzcuv04"},"id":"1qreaqc2ww7s3z7","previousOperationId":"nfksvjccdzelkfi"}
{"type":"log","timestamp":1675272484489,"level":"debug","message":"Page request finished: GET (document) 200 file:///C:/Users/pollo/AppData/Local/Temp/jsreport/autocleanup/f1f3de56-b0b0-4dec-b3cc-a4518235db2b-chrome-pdf.html","meta":{"rootId":"yyldlw0luzcuv04","id":"yyldlw0luzcuv04"},"id":"xo55z0i3per7ypi","previousOperationId":"nfksvjccdzelkfi"}
{"type":"log","timestamp":1675272484490,"level":"debug","message":"Page request: GET (stylesheet) https://cdnjs.cloudflare.com/ajax/libs/metro/4.1.5/css/metro.min.css","meta":{"rootId":"yyldlw0luzcuv04","id":"yyldlw0luzcuv04"},"id":"jrvtdidcd0dz460","previousOperationId":"nfksvjccdzelkfi"}
{"type":"log","timestamp":1675272484490,"level":"debug","message":"Page request: GET (script) https://cdnjs.cloudflare.com/ajax/libs/Chart.js/2.7.2/Chart.min.js","meta":{"rootId":"yyldlw0luzcuv04","id":"yyldlw0luzcuv04"},"id":"61kcqlajgglgtbn","previousOperationId":"nfksvjccdzelkfi"}
{"type":"log","timestamp":1675272484496,"level":"debug","message":"Page request finished: GET (script) 200 https://cdnjs.cloudflare.com/ajax/libs/Chart.js/2.7.2/Chart.min.js","meta":{"rootId":"yyldlw0luzcuv04","id":"yyldlw0luzcuv04"},"id":"mzdqt0vuz2iszl2","previousOperationId":"nfksvjccdzelkfi"}
{"type":"log","timestamp":1675272484512,"level":"debug","message":"Page request finished: GET (stylesheet) 200 https://cdnjs.cloudflare.com/ajax/libs/metro/4.1.5/css/metro.min.css","meta":{"rootId":"yyldlw0luzcuv04","id":"yyldlw0luzcuv04"},"id":"1klzpy7q8yrlqpv","previousOperationId":"nfksvjccdzelkfi"}
{"type":"log","timestamp":1675272484524,"level":"debug","message":"Running chrome with params {\"printBackground\":true,\"marginTop\":\"4cm\",\"marginRight\":\"1.5cm\",\"marginBottom\":\"1.5cm\",\"marginLeft\":\"1.5cm\",\"waitForJS\":false,\"timeout\":59665,\"margin\":{\"top\":\"4cm\",\"right\":\"1.5cm\",\"bottom\":\"1.5cm\",\"left\":\"1.5cm\"}}","meta":{"rootId":"yyldlw0luzcuv04","id":"yyldlw0luzcuv04"},"id":"acuaskhl8q1hg88","previousOperationId":"nfksvjccdzelkfi"}
{"type":"operationEnd","operationId":"nfksvjccdzelkfi","timestamp":1675272484555,"id":"ldr89g7zoufwy87","previousEventId":"yrnc1gqn0gtrvzk","previousOperationId":"nfksvjccdzelkfi"}
{"type":"log","timestamp":1675272484555,"level":"info","message":"pdf-utils is starting pdf processing","meta":{"rootId":"yyldlw0luzcuv04","id":"yyldlw0luzcuv04"},"id":"2tfmg19g2tl9e92","previousOperationId":"nfksvjccdzelkfi"}
{"type":"operationStart","subtype":"pdfUtils","name":"pdf utils","timestamp":1675272484555,"id":"d0upun6aq6gkr22","previousEventId":"ldr89g7zoufwy87","operationId":"igqyo6pzs0il0ez","previousOperationId":"nfksvjccdzelkfi"}
{"type":"log","timestamp":1675272484555,"level":"debug","message":"pdf-utils detected 1 pdf operation(s) to process","meta":{"rootId":"yyldlw0luzcuv04","id":"yyldlw0luzcuv04"},"id":"k4u8ia3rrrpidob","previousOperationId":"igqyo6pzs0il0ez"}
{"type":"log","timestamp":1675272484558,"level":"debug","message":"pdf-utils running pdf operation merge","meta":{"rootId":"yyldlw0luzcuv04","id":"yyldlw0luzcuv04"},"id":"lal1ew1whu95mhk","previousOperationId":"igqyo6pzs0il0ez"}
{"type":"operationStart","subtype":"pdfUtilsMerge","name":"pdf utils merge","previousOperationId":"igqyo6pzs0il0ez","timestamp":1675272484558,"id":"b8h726sjs7sk94d","previousEventId":"d0upun6aq6gkr22","operationId":"u7gwu9lpn65m73y"}
{"type":"operationStart","subtype":"render","name":"orders-header","previousOperationId":"u7gwu9lpn65m73y","timestamp":1675272484560,"id":"1qk7vh41so0xjhk","previousEventId":"b8h726sjs7sk94d","operationId":"e6kegh7esyc7zby"}
{"type":"log","timestamp":1675272484560,"level":"info","message":"Starting rendering (child) request","meta":{"rootId":"yyldlw0luzcuv04","id":"20bvs0tsyu5hin9"},"id":"n9e5jlylqz3wucq","previousOperationId":"e6kegh7esyc7zby"}
{"type":"log","timestamp":1675272484560,"level":"info","message":"Rendering template { name: orders-header, recipe: chrome-pdf, engine: handlebars, preview: true }","meta":{"rootId":"yyldlw0luzcuv04","id":"20bvs0tsyu5hin9"},"id":"5ei35id8vlmk3hw","previousOperationId":"e6kegh7esyc7zby"}
{"type":"log","timestamp":1675272484567,"level":"debug","message":"Inline data specified.","meta":{"rootId":"yyldlw0luzcuv04","id":"20bvs0tsyu5hin9"},"id":"lkw38zrxle2u8r3","previousOperationId":"e6kegh7esyc7zby"}
{"type":"log","timestamp":1675272484570,"level":"debug","message":"Base url not specified, skipping its injection.","meta":{"rootId":"yyldlw0luzcuv04","id":"20bvs0tsyu5hin9"},"id":"i73b26m7lfsqo4d","previousOperationId":"e6kegh7esyc7zby"}
{"type":"operationStart","subtype":"engine","name":"handlebars","timestamp":1675272484570,"id":"3p4tkrm7za3qov6","previousEventId":"1qk7vh41so0xjhk","operationId":"t1owog6g70a2lmy","previousOperationId":"e6kegh7esyc7zby"}
{"type":"log","timestamp":1675272484570,"level":"debug","message":"Rendering engine handlebars","meta":{"rootId":"yyldlw0luzcuv04","id":"20bvs0tsyu5hin9"},"id":"rn1bl5c8ec2lm4t","previousOperationId":"t1owog6g70a2lmy"}
{"type":"operationEnd","operationId":"t1owog6g70a2lmy","timestamp":1675272484586,"id":"bxdfy6egxndo1ku","previousEventId":"3p4tkrm7za3qov6","previousOperationId":"t1owog6g70a2lmy"}
{"type":"operationStart","subtype":"recipe","name":"chrome-pdf","timestamp":1675272484586,"id":"1kaltkbh2lolr6f","previousEventId":"bxdfy6egxndo1ku","operationId":"tmyttfz13y2xbgk","previousOperationId":"t1owog6g70a2lmy"}
{"type":"log","timestamp":1675272484586,"level":"debug","message":"Executing recipe chrome-pdf","meta":{"rootId":"yyldlw0luzcuv04","id":"20bvs0tsyu5hin9"},"id":"rb07nujhlya7ki5","previousOperationId":"tmyttfz13y2xbgk"}
{"type":"log","timestamp":1675272484589,"level":"debug","message":"Converting with chrome HeadlessChrome/105.0.5173.0 using chrome-pool strategy","meta":{"rootId":"yyldlw0luzcuv04","id":"20bvs0tsyu5hin9"},"id":"xrk8a1rog03vit4","previousOperationId":"tmyttfz13y2xbgk"}
{"type":"log","timestamp":1675272484675,"level":"debug","message":"Page request: GET (document) file:///C:/Users/pollo/AppData/Local/Temp/jsreport/autocleanup/8c42d610-0a74-4aea-8b79-895dfa4ddb0d-chrome-pdf.html","meta":{"rootId":"yyldlw0luzcuv04","id":"20bvs0tsyu5hin9"},"id":"jqil7wvxcnz6xag","previousOperationId":"tmyttfz13y2xbgk"}
{"type":"log","timestamp":1675272484686,"level":"debug","message":"Page request finished: GET (document) 200 file:///C:/Users/pollo/AppData/Local/Temp/jsreport/autocleanup/8c42d610-0a74-4aea-8b79-895dfa4ddb0d-chrome-pdf.html","meta":{"rootId":"yyldlw0luzcuv04","id":"20bvs0tsyu5hin9"},"id":"j885n6otudqjpux","previousOperationId":"tmyttfz13y2xbgk"}
{"type":"log","timestamp":1675272484686,"level":"debug","message":"Page request: GET (stylesheet) https://cdnjs.cloudflare.com/ajax/libs/metro/4.1.5/css/metro.min.css","meta":{"rootId":"yyldlw0luzcuv04","id":"20bvs0tsyu5hin9"},"id":"k4i8saaf6v4nqrx","previousOperationId":"tmyttfz13y2xbgk"}
{"type":"log","timestamp":1675272484708,"level":"debug","message":"Page request finished: GET (stylesheet) 200 https://cdnjs.cloudflare.com/ajax/libs/metro/4.1.5/css/metro.min.css","meta":{"rootId":"yyldlw0luzcuv04","id":"20bvs0tsyu5hin9"},"id":"lt5fbl68s6y6mol","previousOperationId":"tmyttfz13y2xbgk"}
{"type":"log","timestamp":1675272484729,"level":"debug","message":"Running chrome with params {\"printBackground\":true,\"marginTop\":\"1.5cm\",\"marginRight\":\"1.5cm\",\"marginLeft\":\"1.cm\",\"timeout\":59467,\"margin\":{\"top\":\"1.5cm\",\"right\":\"1.5cm\",\"left\":\"1.cm\"}}","meta":{"rootId":"yyldlw0luzcuv04","id":"20bvs0tsyu5hin9"},"id":"wqxwi5nyhfhywiq","previousOperationId":"tmyttfz13y2xbgk"}
{"type":"operationEnd","operationId":"tmyttfz13y2xbgk","timestamp":1675272484784,"id":"8h7pxrzefoodub5","previousEventId":"1kaltkbh2lolr6f","previousOperationId":"tmyttfz13y2xbgk"}
{"type":"log","timestamp":1675272484784,"level":"debug","message":"Skipping storing report.","meta":{"rootId":"yyldlw0luzcuv04","id":"20bvs0tsyu5hin9"},"id":"gtfn355fvod30cf","previousOperationId":"tmyttfz13y2xbgk"}
{"type":"log","timestamp":1675272484784,"level":"info","message":"Rendering (child) request finished in 729 ms","meta":{"rootId":"yyldlw0luzcuv04","id":"20bvs0tsyu5hin9"},"id":"up2i9qj0xiex47n","previousOperationId":"tmyttfz13y2xbgk"}
{"type":"operationEnd","subtype":"render","operationId":"e6kegh7esyc7zby","timestamp":1675272484784,"id":"4dss889at4nk1ve","previousEventId":"8h7pxrzefoodub5","previousOperationId":"tmyttfz13y2xbgk"}
{"type":"operationEnd","operationId":"u7gwu9lpn65m73y","timestamp":1675272484791,"id":"1gyhjexrs0hhsjw","previousEventId":"b8h726sjs7sk94d","previousOperationId":"u7gwu9lpn65m73y"}
{"type":"log","timestamp":1675272484791,"level":"debug","message":"pdf-utils postproces start","meta":{"rootId":"yyldlw0luzcuv04","id":"yyldlw0luzcuv04"},"id":"wyqe9ehpt5y6rcy","previousOperationId":"u7gwu9lpn65m73y"}
{"type":"log","timestamp":1675272484794,"level":"debug","message":"pdf-utils postproces end","meta":{"rootId":"yyldlw0luzcuv04","id":"yyldlw0luzcuv04"},"id":"l6u0a9ph0wn89kj","previousOperationId":"u7gwu9lpn65m73y"}
{"type":"operationEnd","operationId":"igqyo6pzs0il0ez","timestamp":1675272484794,"id":"3hkes0fh4j2p86s","previousEventId":"1gyhjexrs0hhsjw","previousOperationId":"u7gwu9lpn65m73y"}
{"type":"log","timestamp":1675272484794,"level":"info","message":"pdf-utils pdf processing was finished","meta":{"rootId":"yyldlw0luzcuv04","id":"yyldlw0luzcuv04"},"id":"mu97rrc5635tt5t","previousOperationId":"igqyo6pzs0il0ez"}
{"type":"log","timestamp":1675272484794,"level":"debug","message":"Skipping storing report.","meta":{"rootId":"yyldlw0luzcuv04","id":"yyldlw0luzcuv04"},"id":"tc7taelw00sxpyu","previousOperationId":"igqyo6pzs0il0ez"}
{"type":"log","timestamp":1675272484794,"level":"info","message":"Rendering request 28 finished in 739 ms","meta":{"rootId":"yyldlw0luzcuv04","id":"yyldlw0luzcuv04"},"id":"qh2lx255u464on1","previousOperationId":"igqyo6pzs0il0ez"}
{"type":"operationEnd","subtype":"render","operationId":"3wos0dcptf855wv","timestamp":1675272484794,"id":"q2brmzcd50qanb9","previousEventId":"3hkes0fh4j2p86s","previousOperationId":"igqyo6pzs0il0ez"}
{"type":"operationEnd","doDiffs":false,"previousEventId":"8czfo5qmu71niqn","previousOperationId":"f09zu852tlvxjyj","operationId":"f09zu852tlvxjyj","timestamp":1675272484799,"id":"5d9evuytjx0ylhf"}
