{"type":"operationStart","subtype":"profile","data":{"_id":"e6hFfX3Zogq4a96O","timestamp":"2023-02-05T18:15:32.098Z","state":"queued","mode":"standard","creationDate":"2023-02-05T18:15:32.100Z","modificationDate":"2023-02-05T18:15:32.100Z","shortid":"XEUCLBg","$entitySet":"profiles"},"doDiffs":false,"timestamp":1675620932099,"id":"0vd55fet5ufoveu","previousOperationId":null,"operationId":"k0n18jejeq8ndjh"}
{"type":"log","level":"info","message":"Render request 27 queued for execution and waiting for available worker","previousOperationId":"k0n18jejeq8ndjh","timestamp":1675620932099,"id":"hi78y7ezjz12taa"}
{"type":"operationStart","subtype":"render","name":"orders-main","previousOperationId":"k0n18jejeq8ndjh","timestamp":1675620932110,"id":"r1b2cinswlkrqgn","previousEventId":"0vd55fet5ufoveu","operationId":"42dqais23q9x9eg"}
{"type":"log","timestamp":1675620932110,"level":"info","message":"Starting rendering request 27","meta":{"rootId":"zcropogea6zx777","id":"zcropogea6zx777"},"id":"h51mkdn1m9cvoj0","previousOperationId":"42dqais23q9x9eg"}
{"type":"log","timestamp":1675620932111,"level":"info","message":"Rendering template { name: orders-main, recipe: chrome-pdf, engine: handlebars, preview: true }","meta":{"rootId":"zcropogea6zx777","id":"zcropogea6zx777"},"id":"m5up48o1xrfukjm","previousOperationId":"42dqais23q9x9eg"}
{"type":"log","timestamp":1675620932112,"level":"debug","message":"Data item not defined for this template.","meta":{"rootId":"zcropogea6zx777","id":"zcropogea6zx777"},"id":"hubgdropmbn3y2w","previousOperationId":"42dqais23q9x9eg"}
{"type":"log","timestamp":1675620932119,"level":"debug","message":"Executing script orders-script (beforeRender)","meta":{"rootId":"zcropogea6zx777","id":"zcropogea6zx777"},"id":"78dq9bmpolv1rh6","previousOperationId":"42dqais23q9x9eg"}
{"type":"operationStart","subtype":"scriptsBeforeRender","name":"scripts beforeRender","timestamp":1675620932153,"id":"687nq5tuogwijda","previousEventId":"r1b2cinswlkrqgn","operationId":"t9zp8myf472agyu","previousOperationId":"42dqais23q9x9eg"}
{"type":"operationStart","subtype":"script","name":"scripts orders-script","previousOperationId":"t9zp8myf472agyu","timestamp":1675620932153,"id":"5llz0w86oqzgjip","previousEventId":"687nq5tuogwijda","operationId":"fosibolblzw8e4i"}
{"type":"operationEnd","operationId":"fosibolblzw8e4i","timestamp":1675620932446,"id":"8vlxhf2k91wazl2","previousEventId":"r1b2cinswlkrqgn","previousOperationId":"42dqais23q9x9eg"}
{"type":"operationEnd","operationId":"t9zp8myf472agyu","timestamp":1675620932446,"id":"zb833ivsftuxuju","previousEventId":"8vlxhf2k91wazl2","previousOperationId":"42dqais23q9x9eg"}
{"type":"log","timestamp":1675620932446,"level":"debug","message":"Base url not specified, skipping its injection.","meta":{"rootId":"zcropogea6zx777","id":"zcropogea6zx777"},"id":"n57595azrayspsi","previousOperationId":"t9zp8myf472agyu"}
{"type":"operationStart","subtype":"engine","name":"handlebars","timestamp":1675620932446,"id":"6posihjvbod7vy9","previousEventId":"zb833ivsftuxuju","operationId":"ryp4d13k3li5uxo","previousOperationId":"t9zp8myf472agyu"}
{"type":"log","timestamp":1675620932446,"level":"debug","message":"Rendering engine handlebars","meta":{"rootId":"zcropogea6zx777","id":"zcropogea6zx777"},"id":"9cc3s7okra3919a","previousOperationId":"ryp4d13k3li5uxo"}
{"type":"operationEnd","operationId":"ryp4d13k3li5uxo","timestamp":1675620932465,"id":"hmaap7qgpi6x7cz","previousEventId":"6posihjvbod7vy9","previousOperationId":"ryp4d13k3li5uxo"}
{"type":"operationStart","subtype":"recipe","name":"chrome-pdf","timestamp":1675620932466,"id":"kycwxbf199ks3vu","previousEventId":"hmaap7qgpi6x7cz","operationId":"evx5gqyfl4ztml3","previousOperationId":"ryp4d13k3li5uxo"}
{"type":"log","timestamp":1675620932466,"level":"debug","message":"Executing recipe chrome-pdf","meta":{"rootId":"zcropogea6zx777","id":"zcropogea6zx777"},"id":"mandq4924pwvsq0","previousOperationId":"evx5gqyfl4ztml3"}
{"type":"log","timestamp":1675620932469,"level":"debug","message":"Converting with chrome HeadlessChrome/105.0.5173.0 using chrome-pool strategy","meta":{"rootId":"zcropogea6zx777","id":"zcropogea6zx777"},"id":"u9g39sm528xylb5","previousOperationId":"evx5gqyfl4ztml3"}
{"type":"log","timestamp":1675620932573,"level":"debug","message":"Page request: GET (document) file:///C:/Users/pollo/AppData/Local/Temp/jsreport/autocleanup/8833d317-674c-4394-b000-95c1907ea832-chrome-pdf.html","meta":{"rootId":"zcropogea6zx777","id":"zcropogea6zx777"},"id":"xd626bncpd03acz","previousOperationId":"evx5gqyfl4ztml3"}
{"type":"log","timestamp":1675620932596,"level":"debug","message":"Page request finished: GET (document) 200 file:///C:/Users/pollo/AppData/Local/Temp/jsreport/autocleanup/8833d317-674c-4394-b000-95c1907ea832-chrome-pdf.html","meta":{"rootId":"zcropogea6zx777","id":"zcropogea6zx777"},"id":"res3yw7tdozgiiz","previousOperationId":"evx5gqyfl4ztml3"}
{"type":"log","timestamp":1675620932596,"level":"debug","message":"Page request: GET (stylesheet) https://cdnjs.cloudflare.com/ajax/libs/metro/4.1.5/css/metro.min.css","meta":{"rootId":"zcropogea6zx777","id":"zcropogea6zx777"},"id":"uumkot3ixro17bc","previousOperationId":"evx5gqyfl4ztml3"}
{"type":"log","timestamp":1675620932597,"level":"debug","message":"Page request: GET (script) https://cdnjs.cloudflare.com/ajax/libs/Chart.js/2.7.2/Chart.min.js","meta":{"rootId":"zcropogea6zx777","id":"zcropogea6zx777"},"id":"ky7f3e2jx3ttc2z","previousOperationId":"evx5gqyfl4ztml3"}
{"type":"log","timestamp":1675620932597,"level":"debug","message":"Page request: GET (script) https://unpkg.com/chartist-plugin-tooltips@0.0.17","meta":{"rootId":"zcropogea6zx777","id":"zcropogea6zx777"},"id":"a405g46exatcyke","previousOperationId":"evx5gqyfl4ztml3"}
{"type":"log","timestamp":1675620932597,"level":"debug","message":"Page request: GET (script) https://unpkg.com/chartist-plugin-pointlabels@0.0.6","meta":{"rootId":"zcropogea6zx777","id":"zcropogea6zx777"},"id":"t98m5yxi37n6taz","previousOperationId":"evx5gqyfl4ztml3"}
{"type":"log","timestamp":1675620932605,"level":"debug","message":"Page request finished: GET (script) 200 https://cdnjs.cloudflare.com/ajax/libs/Chart.js/2.7.2/Chart.min.js","meta":{"rootId":"zcropogea6zx777","id":"zcropogea6zx777"},"id":"n54fzf6n6xm822l","previousOperationId":"evx5gqyfl4ztml3"}
{"type":"log","timestamp":1675620932624,"level":"debug","message":"Page request finished: GET (stylesheet) 200 https://cdnjs.cloudflare.com/ajax/libs/metro/4.1.5/css/metro.min.css","meta":{"rootId":"zcropogea6zx777","id":"zcropogea6zx777"},"id":"vt63o68yj2tpy7q","previousOperationId":"evx5gqyfl4ztml3"}
{"type":"log","timestamp":1675620936226,"level":"warn","message":"Page request failed: GET (script) 302 https://unpkg.com/chartist-plugin-pointlabels@0.0.6 (redirect to: /chartist-plugin-pointlabels@0.0.6/dist/chartist-plugin-pointlabels.js)","meta":{"rootId":"zcropogea6zx777","id":"zcropogea6zx777"},"id":"27wbyhpb1g0j7d6","previousOperationId":"evx5gqyfl4ztml3"}
{"type":"log","timestamp":1675620936226,"level":"debug","message":"Page request: GET (script) https://unpkg.com/chartist-plugin-pointlabels@0.0.6/dist/chartist-plugin-pointlabels.js (redirect from: https://unpkg.com/chartist-plugin-pointlabels@0.0.6)","meta":{"rootId":"zcropogea6zx777","id":"zcropogea6zx777"},"id":"2lrhm3lgibz99s3","previousOperationId":"evx5gqyfl4ztml3"}
{"type":"log","timestamp":1675620936319,"level":"warn","message":"Page request failed: GET (script) 302 https://unpkg.com/chartist-plugin-tooltips@0.0.17 (redirect to: /chartist-plugin-tooltips@0.0.17/dist/chartist-plugin-tooltip.js)","meta":{"rootId":"zcropogea6zx777","id":"zcropogea6zx777"},"id":"41kwqnd9dobyci9","previousOperationId":"evx5gqyfl4ztml3"}
{"type":"log","timestamp":1675620936319,"level":"debug","message":"Page request: GET (script) https://unpkg.com/chartist-plugin-tooltips@0.0.17/dist/chartist-plugin-tooltip.js (redirect from: https://unpkg.com/chartist-plugin-tooltips@0.0.17)","meta":{"rootId":"zcropogea6zx777","id":"zcropogea6zx777"},"id":"1vwq4aodyrwc5ll","previousOperationId":"evx5gqyfl4ztml3"}
{"type":"log","timestamp":1675620937890,"level":"debug","message":"Page request finished: GET (script) 200 https://unpkg.com/chartist-plugin-pointlabels@0.0.6/dist/chartist-plugin-pointlabels.js","meta":{"rootId":"zcropogea6zx777","id":"zcropogea6zx777"},"id":"epgfevntxeocx5r","previousOperationId":"evx5gqyfl4ztml3"}
{"type":"log","timestamp":1675620938592,"level":"debug","message":"Page request finished: GET (script) 200 https://unpkg.com/chartist-plugin-tooltips@0.0.17/dist/chartist-plugin-tooltip.js","meta":{"rootId":"zcropogea6zx777","id":"zcropogea6zx777"},"id":"lncz06jspdw9q90","previousOperationId":"evx5gqyfl4ztml3"}
{"type":"log","timestamp":1675620938593,"level":"warn","message":"Page error: ReferenceError: Chartist is not defined\n    at https://unpkg.com/chartist-plugin-tooltips@0.0.17:13:49\n    at https://unpkg.com/chartist-plugin-tooltips@0.0.17:15:2","meta":{"rootId":"zcropogea6zx777","id":"zcropogea6zx777"},"id":"95klfof99f430ha","previousOperationId":"evx5gqyfl4ztml3"}
{"type":"log","timestamp":1675620938593,"level":"warn","message":"Page error: ReferenceError: Chartist is not defined\n    at https://unpkg.com/chartist-plugin-pointlabels@0.0.6:13:54\n    at https://unpkg.com/chartist-plugin-pointlabels@0.0.6:15:2","meta":{"rootId":"zcropogea6zx777","id":"zcropogea6zx777"},"id":"oyhi4dn5hhoen5c","previousOperationId":"evx5gqyfl4ztml3"}
{"type":"log","timestamp":1675620938594,"level":"warn","message":"Page error: SyntaxError: Unexpected token '}'","meta":{"rootId":"zcropogea6zx777","id":"zcropogea6zx777"},"id":"kjtv61oyzby8b1s","previousOperationId":"evx5gqyfl4ztml3"}
{"type":"log","timestamp":1675620938626,"level":"debug","message":"Running chrome with params {\"printBackground\":true,\"marginTop\":\"4cm\",\"marginRight\":\"1.5cm\",\"marginBottom\":\"1.5cm\",\"marginLeft\":\"1.5cm\",\"waitForJS\":false,\"timeout\":59630,\"margin\":{\"top\":\"4cm\",\"right\":\"1.5cm\",\"bottom\":\"1.5cm\",\"left\":\"1.5cm\"}}","meta":{"rootId":"zcropogea6zx777","id":"zcropogea6zx777"},"id":"x39usbhvfj9gc3o","previousOperationId":"evx5gqyfl4ztml3"}
{"type":"operationEnd","operationId":"evx5gqyfl4ztml3","timestamp":1675620938706,"id":"zrmk0cv54qfsk2r","previousEventId":"kycwxbf199ks3vu","previousOperationId":"evx5gqyfl4ztml3"}
{"type":"log","timestamp":1675620938706,"level":"info","message":"pdf-utils is starting pdf processing","meta":{"rootId":"zcropogea6zx777","id":"zcropogea6zx777"},"id":"0gw781xx93o1kku","previousOperationId":"evx5gqyfl4ztml3"}
{"type":"operationStart","subtype":"pdfUtils","name":"pdf utils","timestamp":1675620938706,"id":"zlm4kth2j1ont97","previousEventId":"zrmk0cv54qfsk2r","operationId":"de03a3mz6q9cpmp","previousOperationId":"evx5gqyfl4ztml3"}
{"type":"log","timestamp":1675620938706,"level":"debug","message":"pdf-utils detected 1 pdf operation(s) to process","meta":{"rootId":"zcropogea6zx777","id":"zcropogea6zx777"},"id":"thzf8i9j9bycwxc","previousOperationId":"de03a3mz6q9cpmp"}
{"type":"log","timestamp":1675620938721,"level":"debug","message":"pdf-utils running pdf operation merge","meta":{"rootId":"zcropogea6zx777","id":"zcropogea6zx777"},"id":"cj5n93ny8opzqll","previousOperationId":"de03a3mz6q9cpmp"}
{"type":"operationStart","subtype":"pdfUtilsMerge","name":"pdf utils merge","previousOperationId":"de03a3mz6q9cpmp","timestamp":1675620938721,"id":"qlngyhhgfaq4beh","previousEventId":"zlm4kth2j1ont97","operationId":"3brrewyvrctgp2e"}
{"type":"operationStart","subtype":"render","name":"orders-header","previousOperationId":"3brrewyvrctgp2e","timestamp":1675620938722,"id":"d2oqqyihtj3fjwg","previousEventId":"qlngyhhgfaq4beh","operationId":"sy0rs2h6niabkx1"}
{"type":"log","timestamp":1675620938722,"level":"info","message":"Starting rendering (child) request","meta":{"rootId":"zcropogea6zx777","id":"0f4qybt8aezwtwi"},"id":"3pnbb2b2lle7kt0","previousOperationId":"sy0rs2h6niabkx1"}
{"type":"log","timestamp":1675620938722,"level":"info","message":"Rendering template { name: orders-header, recipe: chrome-pdf, engine: handlebars, preview: true }","meta":{"rootId":"zcropogea6zx777","id":"0f4qybt8aezwtwi"},"id":"zx5wk7mjngsj131","previousOperationId":"sy0rs2h6niabkx1"}
{"type":"log","timestamp":1675620938723,"level":"debug","message":"Inline data specified.","meta":{"rootId":"zcropogea6zx777","id":"0f4qybt8aezwtwi"},"id":"gt952r8j0j635lq","previousOperationId":"sy0rs2h6niabkx1"}
{"type":"log","timestamp":1675620938727,"level":"debug","message":"Base url not specified, skipping its injection.","meta":{"rootId":"zcropogea6zx777","id":"0f4qybt8aezwtwi"},"id":"t4j4u8zqkfr4kab","previousOperationId":"sy0rs2h6niabkx1"}
{"type":"operationStart","subtype":"engine","name":"handlebars","timestamp":1675620938727,"id":"kgxe6zev1onq6h5","previousEventId":"d2oqqyihtj3fjwg","operationId":"0f9q2ay80dxkopf","previousOperationId":"sy0rs2h6niabkx1"}
{"type":"log","timestamp":1675620938727,"level":"debug","message":"Rendering engine handlebars","meta":{"rootId":"zcropogea6zx777","id":"0f4qybt8aezwtwi"},"id":"4p2vr1sobkvuh9v","previousOperationId":"0f9q2ay80dxkopf"}
{"type":"operationEnd","operationId":"0f9q2ay80dxkopf","timestamp":1675620938743,"id":"0brlx49bnaixc8i","previousEventId":"kgxe6zev1onq6h5","previousOperationId":"0f9q2ay80dxkopf"}
{"type":"operationStart","subtype":"recipe","name":"chrome-pdf","timestamp":1675620938743,"id":"dskdu8j4dyqltjl","previousEventId":"0brlx49bnaixc8i","operationId":"tqjpczkiblyeuu6","previousOperationId":"0f9q2ay80dxkopf"}
{"type":"log","timestamp":1675620938743,"level":"debug","message":"Executing recipe chrome-pdf","meta":{"rootId":"zcropogea6zx777","id":"0f4qybt8aezwtwi"},"id":"buvcyldqltqhxpl","previousOperationId":"tqjpczkiblyeuu6"}
{"type":"log","timestamp":1675620938746,"level":"debug","message":"Converting with chrome HeadlessChrome/105.0.5173.0 using chrome-pool strategy","meta":{"rootId":"zcropogea6zx777","id":"0f4qybt8aezwtwi"},"id":"oj0njtmtkb18lme","previousOperationId":"tqjpczkiblyeuu6"}
{"type":"log","timestamp":1675620938854,"level":"debug","message":"Page request: GET (document) file:///C:/Users/pollo/AppData/Local/Temp/jsreport/autocleanup/fda6eedb-0685-4374-bbd3-f41e23245ff2-chrome-pdf.html","meta":{"rootId":"zcropogea6zx777","id":"0f4qybt8aezwtwi"},"id":"jiqpqds2dd3xlms","previousOperationId":"tqjpczkiblyeuu6"}
{"type":"log","timestamp":1675620938866,"level":"debug","message":"Page request finished: GET (document) 200 file:///C:/Users/pollo/AppData/Local/Temp/jsreport/autocleanup/fda6eedb-0685-4374-bbd3-f41e23245ff2-chrome-pdf.html","meta":{"rootId":"zcropogea6zx777","id":"0f4qybt8aezwtwi"},"id":"o04hipl3o21nl33","previousOperationId":"tqjpczkiblyeuu6"}
{"type":"log","timestamp":1675620938866,"level":"debug","message":"Page request: GET (stylesheet) https://cdnjs.cloudflare.com/ajax/libs/metro/4.1.5/css/metro.min.css","meta":{"rootId":"zcropogea6zx777","id":"0f4qybt8aezwtwi"},"id":"yeajiawh6no29ve","previousOperationId":"tqjpczkiblyeuu6"}
{"type":"log","timestamp":1675620938889,"level":"debug","message":"Page request finished: GET (stylesheet) 200 https://cdnjs.cloudflare.com/ajax/libs/metro/4.1.5/css/metro.min.css","meta":{"rootId":"zcropogea6zx777","id":"0f4qybt8aezwtwi"},"id":"iqcf2xja455n8qh","previousOperationId":"tqjpczkiblyeuu6"}
{"type":"log","timestamp":1675620938913,"level":"debug","message":"Running chrome with params {\"printBackground\":true,\"marginTop\":\"1.5cm\",\"marginRight\":\"1.5cm\",\"marginLeft\":\"1.cm\",\"timeout\":53353,\"margin\":{\"top\":\"1.5cm\",\"right\":\"1.5cm\",\"left\":\"1.cm\"}}","meta":{"rootId":"zcropogea6zx777","id":"0f4qybt8aezwtwi"},"id":"sibfauhdpazumml","previousOperationId":"tqjpczkiblyeuu6"}
{"type":"operationEnd","operationId":"tqjpczkiblyeuu6","timestamp":1675620938979,"id":"w810hj8bdp3nawy","previousEventId":"dskdu8j4dyqltjl","previousOperationId":"tqjpczkiblyeuu6"}
{"type":"log","timestamp":1675620938979,"level":"debug","message":"Skipping storing report.","meta":{"rootId":"zcropogea6zx777","id":"0f4qybt8aezwtwi"},"id":"v7d7ou1piqanwe7","previousOperationId":"tqjpczkiblyeuu6"}
{"type":"log","timestamp":1675620938979,"level":"info","message":"Rendering (child) request finished in 6881 ms","meta":{"rootId":"zcropogea6zx777","id":"0f4qybt8aezwtwi"},"id":"vd050joxk9acs8o","previousOperationId":"tqjpczkiblyeuu6"}
{"type":"operationEnd","subtype":"render","operationId":"sy0rs2h6niabkx1","timestamp":1675620938979,"id":"m0x9l9j4nv4ke7y","previousEventId":"w810hj8bdp3nawy","previousOperationId":"tqjpczkiblyeuu6"}
{"type":"operationEnd","operationId":"3brrewyvrctgp2e","timestamp":1675620938988,"id":"tllus3pfi5f1yib","previousEventId":"qlngyhhgfaq4beh","previousOperationId":"3brrewyvrctgp2e"}
{"type":"log","timestamp":1675620938988,"level":"debug","message":"pdf-utils postproces start","meta":{"rootId":"zcropogea6zx777","id":"zcropogea6zx777"},"id":"2yn18lwfn9iv9jr","previousOperationId":"3brrewyvrctgp2e"}
{"type":"log","timestamp":1675620938996,"level":"debug","message":"pdf-utils postproces end","meta":{"rootId":"zcropogea6zx777","id":"zcropogea6zx777"},"id":"eryk7w8kyer78gs","previousOperationId":"3brrewyvrctgp2e"}
{"type":"operationEnd","operationId":"de03a3mz6q9cpmp","timestamp":1675620938996,"id":"6tfz82u25y3coa3","previousEventId":"tllus3pfi5f1yib","previousOperationId":"3brrewyvrctgp2e"}
{"type":"log","timestamp":1675620938996,"level":"info","message":"pdf-utils pdf processing was finished","meta":{"rootId":"zcropogea6zx777","id":"zcropogea6zx777"},"id":"x2ff8598yt4umq9","previousOperationId":"de03a3mz6q9cpmp"}
{"type":"log","timestamp":1675620938996,"level":"debug","message":"Skipping storing report.","meta":{"rootId":"zcropogea6zx777","id":"zcropogea6zx777"},"id":"qaf86bpcwcfvqpz","previousOperationId":"de03a3mz6q9cpmp"}
{"type":"log","timestamp":1675620938996,"level":"info","message":"Rendering request 27 finished in 6898 ms","meta":{"rootId":"zcropogea6zx777","id":"zcropogea6zx777"},"id":"s77sltmcnsyuf82","previousOperationId":"de03a3mz6q9cpmp"}
{"type":"operationEnd","subtype":"render","operationId":"42dqais23q9x9eg","timestamp":1675620938996,"id":"dk5ci63rxokz2wf","previousEventId":"6tfz82u25y3coa3","previousOperationId":"de03a3mz6q9cpmp"}
{"type":"operationEnd","doDiffs":false,"previousEventId":"0vd55fet5ufoveu","previousOperationId":"k0n18jejeq8ndjh","operationId":"k0n18jejeq8ndjh","timestamp":1675620939005,"id":"g357ge381akdt2c"}
