{"type":"operationStart","subtype":"profile","data":{"_id":"FQJybG6S3SrRV1nG","timestamp":"2023-02-05T18:01:09.839Z","state":"queued","mode":"standard","creationDate":"2023-02-05T18:01:09.841Z","modificationDate":"2023-02-05T18:01:09.841Z","shortid":"jV9FMYP","$entitySet":"profiles"},"doDiffs":false,"timestamp":1675620069840,"id":"gilrdhxu9ve4pr5","previousOperationId":null,"operationId":"qk0cjaae4eu7m6x"}
{"type":"log","level":"info","message":"Render request 22 queued for execution and waiting for available worker","previousOperationId":"qk0cjaae4eu7m6x","timestamp":1675620069840,"id":"ci0rlleh8nwe1z5"}
{"type":"operationStart","subtype":"render","name":"orders-main","previousOperationId":"qk0cjaae4eu7m6x","timestamp":1675620069851,"id":"7s9ud2s4nbgvoss","previousEventId":"gilrdhxu9ve4pr5","operationId":"f3rgvmsijgvp3nu"}
{"type":"log","timestamp":1675620069851,"level":"info","message":"Starting rendering request 22","meta":{"rootId":"zryicy7mbuccb3r","id":"zryicy7mbuccb3r"},"id":"d61iq5qptyktnuq","previousOperationId":"f3rgvmsijgvp3nu"}
{"type":"log","timestamp":1675620069851,"level":"info","message":"Rendering template { name: orders-main, recipe: chrome-pdf, engine: handlebars, preview: true }","meta":{"rootId":"zryicy7mbuccb3r","id":"zryicy7mbuccb3r"},"id":"uvff56lza7wh2ey","previousOperationId":"f3rgvmsijgvp3nu"}
{"type":"log","timestamp":1675620069854,"level":"debug","message":"Data item not defined for this template.","meta":{"rootId":"zryicy7mbuccb3r","id":"zryicy7mbuccb3r"},"id":"wzq98o7jstr4emz","previousOperationId":"f3rgvmsijgvp3nu"}
{"type":"log","timestamp":1675620069857,"level":"debug","message":"Executing script orders-script (beforeRender)","meta":{"rootId":"zryicy7mbuccb3r","id":"zryicy7mbuccb3r"},"id":"8dq7khcqhfxjmyh","previousOperationId":"f3rgvmsijgvp3nu"}
{"type":"operationStart","subtype":"scriptsBeforeRender","name":"scripts beforeRender","timestamp":1675620069890,"id":"cxkmvif6lgb87ko","previousEventId":"7s9ud2s4nbgvoss","operationId":"ep6s78lmtdbrbx2","previousOperationId":"f3rgvmsijgvp3nu"}
{"type":"operationStart","subtype":"script","name":"scripts orders-script","previousOperationId":"ep6s78lmtdbrbx2","timestamp":1675620069890,"id":"m6u4qs9g7gb8dok","previousEventId":"cxkmvif6lgb87ko","operationId":"shxvtncmxjtil0u"}
{"type":"operationEnd","operationId":"shxvtncmxjtil0u","timestamp":1675620070149,"id":"uc5tt7mahirxwwd","previousEventId":"7s9ud2s4nbgvoss","previousOperationId":"f3rgvmsijgvp3nu"}
{"type":"operationEnd","operationId":"ep6s78lmtdbrbx2","timestamp":1675620070149,"id":"wftbivwqract8a8","previousEventId":"uc5tt7mahirxwwd","previousOperationId":"f3rgvmsijgvp3nu"}
{"type":"log","timestamp":1675620070149,"level":"debug","message":"Base url not specified, skipping its injection.","meta":{"rootId":"zryicy7mbuccb3r","id":"zryicy7mbuccb3r"},"id":"xzh0812ruz2dl1u","previousOperationId":"ep6s78lmtdbrbx2"}
{"type":"operationStart","subtype":"engine","name":"handlebars","timestamp":1675620070150,"id":"isubdknxz5a84uc","previousEventId":"wftbivwqract8a8","operationId":"jwzplias8ywfzns","previousOperationId":"ep6s78lmtdbrbx2"}
{"type":"log","timestamp":1675620070150,"level":"debug","message":"Rendering engine handlebars","meta":{"rootId":"zryicy7mbuccb3r","id":"zryicy7mbuccb3r"},"id":"ffm5wy8n1dtb010","previousOperationId":"jwzplias8ywfzns"}
{"type":"operationEnd","operationId":"jwzplias8ywfzns","timestamp":1675620070162,"id":"1ii3irdkr1fe5ev","previousEventId":"isubdknxz5a84uc","previousOperationId":"jwzplias8ywfzns"}
{"type":"operationStart","subtype":"recipe","name":"chrome-pdf","timestamp":1675620070162,"id":"2dj4wqsbibok70d","previousEventId":"1ii3irdkr1fe5ev","operationId":"pbikwub489bdv6u","previousOperationId":"jwzplias8ywfzns"}
{"type":"log","timestamp":1675620070162,"level":"debug","message":"Executing recipe chrome-pdf","meta":{"rootId":"zryicy7mbuccb3r","id":"zryicy7mbuccb3r"},"id":"3nwd01ot3rspimf","previousOperationId":"pbikwub489bdv6u"}
{"type":"log","timestamp":1675620070165,"level":"debug","message":"Converting with chrome HeadlessChrome/105.0.5173.0 using chrome-pool strategy","meta":{"rootId":"zryicy7mbuccb3r","id":"zryicy7mbuccb3r"},"id":"n1k94bzmi5usi17","previousOperationId":"pbikwub489bdv6u"}
{"type":"log","timestamp":1675620070282,"level":"debug","message":"Page request: GET (document) file:///C:/Users/pollo/AppData/Local/Temp/jsreport/autocleanup/d3b23c27-1d9e-4cfc-9f53-176e250f6d8c-chrome-pdf.html","meta":{"rootId":"zryicy7mbuccb3r","id":"zryicy7mbuccb3r"},"id":"8o0c64azogc1fpb","previousOperationId":"pbikwub489bdv6u"}
{"type":"log","timestamp":1675620070306,"level":"debug","message":"Page request finished: GET (document) 200 file:///C:/Users/pollo/AppData/Local/Temp/jsreport/autocleanup/d3b23c27-1d9e-4cfc-9f53-176e250f6d8c-chrome-pdf.html","meta":{"rootId":"zryicy7mbuccb3r","id":"zryicy7mbuccb3r"},"id":"s9u17sr87pm1997","previousOperationId":"pbikwub489bdv6u"}
{"type":"log","timestamp":1675620070306,"level":"debug","message":"Page request: GET (stylesheet) https://cdnjs.cloudflare.com/ajax/libs/metro/4.1.5/css/metro.min.css","meta":{"rootId":"zryicy7mbuccb3r","id":"zryicy7mbuccb3r"},"id":"qmn47lxah1jvore","previousOperationId":"pbikwub489bdv6u"}
{"type":"log","timestamp":1675620070306,"level":"debug","message":"Page request: GET (script) https://cdnjs.cloudflare.com/ajax/libs/Chart.js/2.7.2/Chart.min.js","meta":{"rootId":"zryicy7mbuccb3r","id":"zryicy7mbuccb3r"},"id":"2vl0rytoy3vl535","previousOperationId":"pbikwub489bdv6u"}
{"type":"log","timestamp":1675620070314,"level":"debug","message":"Page request finished: GET (script) 200 https://cdnjs.cloudflare.com/ajax/libs/Chart.js/2.7.2/Chart.min.js","meta":{"rootId":"zryicy7mbuccb3r","id":"zryicy7mbuccb3r"},"id":"k1seqidtpttxtuh","previousOperationId":"pbikwub489bdv6u"}
{"type":"log","timestamp":1675620070333,"level":"debug","message":"Page request finished: GET (stylesheet) 200 https://cdnjs.cloudflare.com/ajax/libs/metro/4.1.5/css/metro.min.css","meta":{"rootId":"zryicy7mbuccb3r","id":"zryicy7mbuccb3r"},"id":"f8us2dhj6yovdks","previousOperationId":"pbikwub489bdv6u"}
{"type":"log","timestamp":1675620070339,"level":"warn","message":"Page error: SyntaxError: Unexpected token '&'","meta":{"rootId":"zryicy7mbuccb3r","id":"zryicy7mbuccb3r"},"id":"wdsturky3ce4cbn","previousOperationId":"pbikwub489bdv6u"}
{"type":"log","timestamp":1675620070372,"level":"debug","message":"Running chrome with params {\"printBackground\":true,\"marginTop\":\"4cm\",\"marginRight\":\"1.5cm\",\"marginBottom\":\"1.5cm\",\"marginLeft\":\"1.5cm\",\"waitForJS\":false,\"timeout\":59675,\"margin\":{\"top\":\"4cm\",\"right\":\"1.5cm\",\"bottom\":\"1.5cm\",\"left\":\"1.5cm\"}}","meta":{"rootId":"zryicy7mbuccb3r","id":"zryicy7mbuccb3r"},"id":"vss7sttai0q0rpv","previousOperationId":"pbikwub489bdv6u"}
{"type":"operationEnd","operationId":"pbikwub489bdv6u","timestamp":1675620070457,"id":"j26odwpt7s275ru","previousEventId":"2dj4wqsbibok70d","previousOperationId":"pbikwub489bdv6u"}
{"type":"log","timestamp":1675620070457,"level":"info","message":"pdf-utils is starting pdf processing","meta":{"rootId":"zryicy7mbuccb3r","id":"zryicy7mbuccb3r"},"id":"9v7tchx03yl562w","previousOperationId":"pbikwub489bdv6u"}
{"type":"operationStart","subtype":"pdfUtils","name":"pdf utils","timestamp":1675620070457,"id":"et21o4wagz6psza","previousEventId":"j26odwpt7s275ru","operationId":"rzp96jt9kysruvi","previousOperationId":"pbikwub489bdv6u"}
{"type":"log","timestamp":1675620070457,"level":"debug","message":"pdf-utils detected 1 pdf operation(s) to process","meta":{"rootId":"zryicy7mbuccb3r","id":"zryicy7mbuccb3r"},"id":"a6y3otint4luilf","previousOperationId":"rzp96jt9kysruvi"}
{"type":"log","timestamp":1675620070474,"level":"debug","message":"pdf-utils running pdf operation merge","meta":{"rootId":"zryicy7mbuccb3r","id":"zryicy7mbuccb3r"},"id":"38mqpzhw6f2sx18","previousOperationId":"rzp96jt9kysruvi"}
{"type":"operationStart","subtype":"pdfUtilsMerge","name":"pdf utils merge","previousOperationId":"rzp96jt9kysruvi","timestamp":1675620070474,"id":"y25svgbcmktzgj1","previousEventId":"et21o4wagz6psza","operationId":"9nd2vkzjzuc93uc"}
{"type":"operationStart","subtype":"render","name":"orders-header","previousOperationId":"9nd2vkzjzuc93uc","timestamp":1675620070475,"id":"ra7tudedl6hrhr3","previousEventId":"y25svgbcmktzgj1","operationId":"moouwgpt58yp5xh"}
{"type":"log","timestamp":1675620070475,"level":"info","message":"Starting rendering (child) request","meta":{"rootId":"zryicy7mbuccb3r","id":"fb2xhzvfqk4e1bm"},"id":"7qq7xzhwyxw6pr2","previousOperationId":"moouwgpt58yp5xh"}
{"type":"log","timestamp":1675620070475,"level":"info","message":"Rendering template { name: orders-header, recipe: chrome-pdf, engine: handlebars, preview: true }","meta":{"rootId":"zryicy7mbuccb3r","id":"fb2xhzvfqk4e1bm"},"id":"8c5t5644ekfcwk1","previousOperationId":"moouwgpt58yp5xh"}
{"type":"log","timestamp":1675620070476,"level":"debug","message":"Inline data specified.","meta":{"rootId":"zryicy7mbuccb3r","id":"fb2xhzvfqk4e1bm"},"id":"i62k8mg8h4hhujv","previousOperationId":"moouwgpt58yp5xh"}
{"type":"log","timestamp":1675620070481,"level":"debug","message":"Base url not specified, skipping its injection.","meta":{"rootId":"zryicy7mbuccb3r","id":"fb2xhzvfqk4e1bm"},"id":"urwq9rzqoqwqxle","previousOperationId":"moouwgpt58yp5xh"}
{"type":"operationStart","subtype":"engine","name":"handlebars","timestamp":1675620070481,"id":"ert9ngedcunzebh","previousEventId":"ra7tudedl6hrhr3","operationId":"5xr5vursv1cc5cq","previousOperationId":"moouwgpt58yp5xh"}
{"type":"log","timestamp":1675620070481,"level":"debug","message":"Rendering engine handlebars","meta":{"rootId":"zryicy7mbuccb3r","id":"fb2xhzvfqk4e1bm"},"id":"za5s44qu0wn3t4e","previousOperationId":"5xr5vursv1cc5cq"}
{"type":"operationEnd","operationId":"5xr5vursv1cc5cq","timestamp":1675620070501,"id":"6n9941uf23ahg59","previousEventId":"ert9ngedcunzebh","previousOperationId":"5xr5vursv1cc5cq"}
{"type":"operationStart","subtype":"recipe","name":"chrome-pdf","timestamp":1675620070501,"id":"uz2f6vnpsl7hmpv","previousEventId":"6n9941uf23ahg59","operationId":"3jx9d2e2eeu1l1c","previousOperationId":"5xr5vursv1cc5cq"}
{"type":"log","timestamp":1675620070501,"level":"debug","message":"Executing recipe chrome-pdf","meta":{"rootId":"zryicy7mbuccb3r","id":"fb2xhzvfqk4e1bm"},"id":"xmux7lrjfk6ljjk","previousOperationId":"3jx9d2e2eeu1l1c"}
{"type":"log","timestamp":1675620070504,"level":"debug","message":"Converting with chrome HeadlessChrome/105.0.5173.0 using chrome-pool strategy","meta":{"rootId":"zryicy7mbuccb3r","id":"fb2xhzvfqk4e1bm"},"id":"9y6u4o2kw1py5gp","previousOperationId":"3jx9d2e2eeu1l1c"}
{"type":"log","timestamp":1675620070606,"level":"debug","message":"Page request: GET (document) file:///C:/Users/pollo/AppData/Local/Temp/jsreport/autocleanup/321de98c-2f65-4aa6-a236-06056b8ab42b-chrome-pdf.html","meta":{"rootId":"zryicy7mbuccb3r","id":"fb2xhzvfqk4e1bm"},"id":"dizmip9v3dqzkok","previousOperationId":"3jx9d2e2eeu1l1c"}
{"type":"log","timestamp":1675620070617,"level":"debug","message":"Page request finished: GET (document) 200 file:///C:/Users/pollo/AppData/Local/Temp/jsreport/autocleanup/321de98c-2f65-4aa6-a236-06056b8ab42b-chrome-pdf.html","meta":{"rootId":"zryicy7mbuccb3r","id":"fb2xhzvfqk4e1bm"},"id":"yid6vprs1t8n97y","previousOperationId":"3jx9d2e2eeu1l1c"}
{"type":"log","timestamp":1675620070617,"level":"debug","message":"Page request: GET (stylesheet) https://cdnjs.cloudflare.com/ajax/libs/metro/4.1.5/css/metro.min.css","meta":{"rootId":"zryicy7mbuccb3r","id":"fb2xhzvfqk4e1bm"},"id":"w5ho5z9pahc6w0y","previousOperationId":"3jx9d2e2eeu1l1c"}
{"type":"log","timestamp":1675620070639,"level":"debug","message":"Page request finished: GET (stylesheet) 200 https://cdnjs.cloudflare.com/ajax/libs/metro/4.1.5/css/metro.min.css","meta":{"rootId":"zryicy7mbuccb3r","id":"fb2xhzvfqk4e1bm"},"id":"xad6l98efi7fcaj","previousOperationId":"3jx9d2e2eeu1l1c"}
{"type":"log","timestamp":1675620070663,"level":"debug","message":"Running chrome with params {\"printBackground\":true,\"marginTop\":\"1.5cm\",\"marginRight\":\"1.5cm\",\"marginLeft\":\"1.cm\",\"timeout\":59336,\"margin\":{\"top\":\"1.5cm\",\"right\":\"1.5cm\",\"left\":\"1.cm\"}}","meta":{"rootId":"zryicy7mbuccb3r","id":"fb2xhzvfqk4e1bm"},"id":"p0tmhkinwawgfo0","previousOperationId":"3jx9d2e2eeu1l1c"}
{"type":"operationEnd","operationId":"3jx9d2e2eeu1l1c","timestamp":1675620070722,"id":"iytlj6s1gp0j0as","previousEventId":"uz2f6vnpsl7hmpv","previousOperationId":"3jx9d2e2eeu1l1c"}
{"type":"log","timestamp":1675620070723,"level":"debug","message":"Skipping storing report.","meta":{"rootId":"zryicy7mbuccb3r","id":"fb2xhzvfqk4e1bm"},"id":"bnqccc0y69jxb53","previousOperationId":"3jx9d2e2eeu1l1c"}
{"type":"log","timestamp":1675620070723,"level":"info","message":"Rendering (child) request finished in 884 ms","meta":{"rootId":"zryicy7mbuccb3r","id":"fb2xhzvfqk4e1bm"},"id":"7qdmtltx4zyw8zi","previousOperationId":"3jx9d2e2eeu1l1c"}
{"type":"operationEnd","subtype":"render","operationId":"moouwgpt58yp5xh","timestamp":1675620070723,"id":"xii6w49u4vd10ve","previousEventId":"iytlj6s1gp0j0as","previousOperationId":"3jx9d2e2eeu1l1c"}
{"type":"operationEnd","operationId":"9nd2vkzjzuc93uc","timestamp":1675620070731,"id":"97z3o97szue8ctb","previousEventId":"y25svgbcmktzgj1","previousOperationId":"9nd2vkzjzuc93uc"}
{"type":"log","timestamp":1675620070731,"level":"debug","message":"pdf-utils postproces start","meta":{"rootId":"zryicy7mbuccb3r","id":"zryicy7mbuccb3r"},"id":"ok7utr2305kmbuv","previousOperationId":"9nd2vkzjzuc93uc"}
{"type":"log","timestamp":1675620070737,"level":"debug","message":"pdf-utils postproces end","meta":{"rootId":"zryicy7mbuccb3r","id":"zryicy7mbuccb3r"},"id":"sg7dxgimese5xbc","previousOperationId":"9nd2vkzjzuc93uc"}
{"type":"operationEnd","operationId":"rzp96jt9kysruvi","timestamp":1675620070737,"id":"g7so1wn06l5pn5p","previousEventId":"97z3o97szue8ctb","previousOperationId":"9nd2vkzjzuc93uc"}
{"type":"log","timestamp":1675620070737,"level":"info","message":"pdf-utils pdf processing was finished","meta":{"rootId":"zryicy7mbuccb3r","id":"zryicy7mbuccb3r"},"id":"m26kcfuwnm0gnl2","previousOperationId":"rzp96jt9kysruvi"}
{"type":"log","timestamp":1675620070737,"level":"debug","message":"Skipping storing report.","meta":{"rootId":"zryicy7mbuccb3r","id":"zryicy7mbuccb3r"},"id":"l6nwjc4glls91qr","previousOperationId":"rzp96jt9kysruvi"}
{"type":"log","timestamp":1675620070737,"level":"info","message":"Rendering request 22 finished in 898 ms","meta":{"rootId":"zryicy7mbuccb3r","id":"zryicy7mbuccb3r"},"id":"p0p4inyddbglj8c","previousOperationId":"rzp96jt9kysruvi"}
{"type":"operationEnd","subtype":"render","operationId":"f3rgvmsijgvp3nu","timestamp":1675620070737,"id":"b8k2i8jiyv66h7m","previousEventId":"g7so1wn06l5pn5p","previousOperationId":"rzp96jt9kysruvi"}
{"type":"operationEnd","doDiffs":false,"previousEventId":"gilrdhxu9ve4pr5","previousOperationId":"qk0cjaae4eu7m6x","operationId":"qk0cjaae4eu7m6x","timestamp":1675620070746,"id":"6pm8a5s46vrzrix"}
