{"type":"operationStart","subtype":"profile","data":{"_id":"83j9PU4Y4LO7fC1r","timestamp":"2023-02-22T10:54:43.228Z","state":"queued","mode":"standard","creationDate":"2023-02-22T10:54:43.230Z","modificationDate":"2023-02-22T10:54:43.230Z","shortid":"y4VnLY-","$entitySet":"profiles"},"doDiffs":false,"timestamp":1677063283229,"id":"oewy9nb5gon7hsb","previousOperationId":null,"operationId":"hki6z24y0kh5xzs"}
{"type":"log","level":"info","message":"Render request 2 queued for execution and waiting for available worker","previousOperationId":"hki6z24y0kh5xzs","timestamp":1677063283229,"id":"hi2ew0gw8rmbtb8"}
{"type":"operationStart","subtype":"render","name":"musicians-main","previousOperationId":"hki6z24y0kh5xzs","timestamp":1677063283238,"id":"cuw07zsbngk33eh","previousEventId":"oewy9nb5gon7hsb","operationId":"g4ktfugxcpv1t7r"}
{"type":"log","timestamp":1677063283238,"level":"info","message":"Starting rendering request 2","meta":{"rootId":"05acr7vz796cp3m","id":"05acr7vz796cp3m"},"id":"pbcclsw36b8b7l7","previousOperationId":"g4ktfugxcpv1t7r"}
{"type":"log","timestamp":1677063283239,"level":"info","message":"Rendering template { name: musicians-main, recipe: chrome-pdf, engine: handlebars, preview: true }","meta":{"rootId":"05acr7vz796cp3m","id":"05acr7vz796cp3m"},"id":"gdsp27f76ai9rwi","previousOperationId":"g4ktfugxcpv1t7r"}
{"type":"log","timestamp":1677063283239,"level":"debug","message":"Data item not defined for this template.","meta":{"rootId":"05acr7vz796cp3m","id":"05acr7vz796cp3m"},"id":"i4eiox7igu2cq21","previousOperationId":"g4ktfugxcpv1t7r"}
{"type":"log","timestamp":1677063283242,"level":"debug","message":"Executing script musicians-script (beforeRender)","meta":{"rootId":"05acr7vz796cp3m","id":"05acr7vz796cp3m"},"id":"77s42fxejxte0sy","previousOperationId":"g4ktfugxcpv1t7r"}
{"type":"operationStart","subtype":"scriptsBeforeRender","name":"scripts beforeRender","timestamp":1677063283268,"id":"bnixstevkkfq34k","previousEventId":"cuw07zsbngk33eh","operationId":"88155kzzuz2z9k4","previousOperationId":"g4ktfugxcpv1t7r"}
{"type":"operationStart","subtype":"script","name":"scripts musicians-script","previousOperationId":"88155kzzuz2z9k4","timestamp":1677063283268,"id":"g8pbf35dw9pwpri","previousEventId":"bnixstevkkfq34k","operationId":"fh7q6vo36sxpkpt"}
{"type":"log","timestamp":1677063285045,"level":"debug","message":"(console:log) [ 0, 1 ]","meta":{"userLevel":true,"rootId":"05acr7vz796cp3m","id":"05acr7vz796cp3m"},"id":"33z1yfiydydc7e0","previousOperationId":"fh7q6vo36sxpkpt"}
{"type":"operationEnd","operationId":"fh7q6vo36sxpkpt","timestamp":1677063285046,"id":"mk1snljdp9ywugl","previousEventId":"cuw07zsbngk33eh","previousOperationId":"g4ktfugxcpv1t7r"}
{"type":"operationEnd","operationId":"88155kzzuz2z9k4","timestamp":1677063285046,"id":"p0kld7uvgfafxdb","previousEventId":"mk1snljdp9ywugl","previousOperationId":"g4ktfugxcpv1t7r"}
{"type":"log","timestamp":1677063285046,"level":"debug","message":"Base url not specified, skipping its injection.","meta":{"rootId":"05acr7vz796cp3m","id":"05acr7vz796cp3m"},"id":"g1p1h1k0xg8570k","previousOperationId":"88155kzzuz2z9k4"}
{"type":"operationStart","subtype":"engine","name":"handlebars","timestamp":1677063285046,"id":"odbnnpcf1b42agf","previousEventId":"p0kld7uvgfafxdb","operationId":"x49q9xakk7snznd","previousOperationId":"88155kzzuz2z9k4"}
{"type":"log","timestamp":1677063285046,"level":"debug","message":"Rendering engine handlebars","meta":{"rootId":"05acr7vz796cp3m","id":"05acr7vz796cp3m"},"id":"7tuwt2s82vobas3","previousOperationId":"x49q9xakk7snznd"}
{"type":"operationEnd","operationId":"x49q9xakk7snznd","timestamp":1677063285447,"id":"2qpqrshiefwzkqa","previousEventId":"odbnnpcf1b42agf","previousOperationId":"x49q9xakk7snznd"}
{"type":"operationStart","subtype":"recipe","name":"chrome-pdf","timestamp":1677063285448,"id":"y1cpyo4emsamd88","previousEventId":"2qpqrshiefwzkqa","operationId":"0iivt88c4pups8l","previousOperationId":"x49q9xakk7snznd"}
{"type":"log","timestamp":1677063285449,"level":"debug","message":"Executing recipe chrome-pdf","meta":{"rootId":"05acr7vz796cp3m","id":"05acr7vz796cp3m"},"id":"po6c0rd0opce96a","previousOperationId":"0iivt88c4pups8l"}
{"type":"log","timestamp":1677063286635,"level":"debug","message":"Converting with chrome HeadlessChrome/105.0.5173.0 using chrome-pool strategy","meta":{"rootId":"05acr7vz796cp3m","id":"05acr7vz796cp3m"},"id":"i0md3y8ukrm6d54","previousOperationId":"0iivt88c4pups8l"}
{"type":"log","timestamp":1677063287238,"level":"debug","message":"Page request: GET (document) file:///C:/Users/pollo/AppData/Local/Temp/jsreport/autocleanup/2059542c-a88b-492a-a088-1bc877d51a6a-chrome-pdf.html","meta":{"rootId":"05acr7vz796cp3m","id":"05acr7vz796cp3m"},"id":"qxtpjj5a8cy0yum","previousOperationId":"0iivt88c4pups8l"}
{"type":"log","timestamp":1677063287260,"level":"debug","message":"Page request finished: GET (document) 200 file:///C:/Users/pollo/AppData/Local/Temp/jsreport/autocleanup/2059542c-a88b-492a-a088-1bc877d51a6a-chrome-pdf.html","meta":{"rootId":"05acr7vz796cp3m","id":"05acr7vz796cp3m"},"id":"21jpw1em8wl1u18","previousOperationId":"0iivt88c4pups8l"}
{"type":"log","timestamp":1677063287261,"level":"debug","message":"Page request: GET (stylesheet) https://cdnjs.cloudflare.com/ajax/libs/metro/4.1.5/css/metro.min.css","meta":{"rootId":"05acr7vz796cp3m","id":"05acr7vz796cp3m"},"id":"bkex3n12cnf5amd","previousOperationId":"0iivt88c4pups8l"}
{"type":"log","timestamp":1677063287261,"level":"debug","message":"Page request: GET (script) https://cdn.jsdelivr.net/npm/chart.js","meta":{"rootId":"05acr7vz796cp3m","id":"05acr7vz796cp3m"},"id":"cwa700c9l7ick21","previousOperationId":"0iivt88c4pups8l"}
{"type":"log","timestamp":1677063289770,"level":"debug","message":"Page request finished: GET (script) 200 https://cdn.jsdelivr.net/npm/chart.js","meta":{"rootId":"05acr7vz796cp3m","id":"05acr7vz796cp3m"},"id":"7uhl9u97b05humw","previousOperationId":"0iivt88c4pups8l"}
{"type":"log","timestamp":1677063289982,"level":"debug","message":"Page request finished: GET (stylesheet) 200 https://cdnjs.cloudflare.com/ajax/libs/metro/4.1.5/css/metro.min.css","meta":{"rootId":"05acr7vz796cp3m","id":"05acr7vz796cp3m"},"id":"v399lntdlp6swod","previousOperationId":"0iivt88c4pups8l"}
{"type":"log","timestamp":1677063290120,"level":"debug","message":"Running chrome with params {\"printBackground\":true,\"marginTop\":\"4cm\",\"marginRight\":\"1.5cm\",\"marginBottom\":\"1.5cm\",\"marginLeft\":\"1.5cm\",\"waitForJS\":false,\"timeout\":57553,\"margin\":{\"top\":\"4cm\",\"right\":\"1.5cm\",\"bottom\":\"1.5cm\",\"left\":\"1.5cm\"}}","meta":{"rootId":"05acr7vz796cp3m","id":"05acr7vz796cp3m"},"id":"g73hr6jl9sbqxpa","previousOperationId":"0iivt88c4pups8l"}
{"type":"operationEnd","operationId":"0iivt88c4pups8l","timestamp":1677063290217,"id":"2vkx1pm39ydpdw7","previousEventId":"y1cpyo4emsamd88","previousOperationId":"0iivt88c4pups8l"}
{"type":"log","timestamp":1677063290217,"level":"info","message":"pdf-utils is starting pdf processing","meta":{"rootId":"05acr7vz796cp3m","id":"05acr7vz796cp3m"},"id":"upb0nfb9k9p7hu9","previousOperationId":"0iivt88c4pups8l"}
{"type":"operationStart","subtype":"pdfUtils","name":"pdf utils","timestamp":1677063290570,"id":"wp7hpwpedkl4d4n","previousEventId":"2vkx1pm39ydpdw7","operationId":"ttf0z446e1ogpj1","previousOperationId":"0iivt88c4pups8l"}
{"type":"log","timestamp":1677063290570,"level":"debug","message":"pdf-utils detected 1 pdf operation(s) to process","meta":{"rootId":"05acr7vz796cp3m","id":"05acr7vz796cp3m"},"id":"4lw950rbpdms556","previousOperationId":"ttf0z446e1ogpj1"}
{"type":"log","timestamp":1677063290809,"level":"debug","message":"pdf-utils running pdf operation merge","meta":{"rootId":"05acr7vz796cp3m","id":"05acr7vz796cp3m"},"id":"ittd9fm654u2naj","previousOperationId":"ttf0z446e1ogpj1"}
{"type":"operationStart","subtype":"pdfUtilsMerge","name":"pdf utils merge","previousOperationId":"ttf0z446e1ogpj1","timestamp":1677063290809,"id":"36ajc4jeh38etw8","previousEventId":"wp7hpwpedkl4d4n","operationId":"p8zgan6kdrx0yia"}
{"type":"operationStart","subtype":"render","name":"musicians-header","previousOperationId":"p8zgan6kdrx0yia","timestamp":1677063290811,"id":"ug2uri4d1ddvnbk","previousEventId":"36ajc4jeh38etw8","operationId":"5s9uk5nty6oa1ej"}
{"type":"log","timestamp":1677063290811,"level":"info","message":"Starting rendering (child) request","meta":{"rootId":"05acr7vz796cp3m","id":"t5w1xx3vy8vss0u"},"id":"ynwx2liwjd3l5wo","previousOperationId":"5s9uk5nty6oa1ej"}
{"type":"log","timestamp":1677063290811,"level":"info","message":"Rendering template { name: musicians-header, recipe: chrome-pdf, engine: handlebars, preview: true }","meta":{"rootId":"05acr7vz796cp3m","id":"t5w1xx3vy8vss0u"},"id":"3jgki6hq1fdmqkv","previousOperationId":"5s9uk5nty6oa1ej"}
{"type":"log","timestamp":1677063290815,"level":"debug","message":"Inline data specified.","meta":{"rootId":"05acr7vz796cp3m","id":"t5w1xx3vy8vss0u"},"id":"04o6g8hk58c4r95","previousOperationId":"5s9uk5nty6oa1ej"}
{"type":"log","timestamp":1677063290817,"level":"debug","message":"Base url not specified, skipping its injection.","meta":{"rootId":"05acr7vz796cp3m","id":"t5w1xx3vy8vss0u"},"id":"pemlqbpmmi0a47s","previousOperationId":"5s9uk5nty6oa1ej"}
{"type":"operationStart","subtype":"engine","name":"handlebars","timestamp":1677063290818,"id":"cbs4eahzcnwt2bn","previousEventId":"ug2uri4d1ddvnbk","operationId":"sm99mdb9xs3g5la","previousOperationId":"5s9uk5nty6oa1ej"}
{"type":"log","timestamp":1677063290818,"level":"debug","message":"Rendering engine handlebars","meta":{"rootId":"05acr7vz796cp3m","id":"t5w1xx3vy8vss0u"},"id":"cae4hiz9jwhfv1o","previousOperationId":"sm99mdb9xs3g5la"}
{"type":"operationEnd","operationId":"sm99mdb9xs3g5la","timestamp":1677063290929,"id":"81i1xt314fd5e01","previousEventId":"cbs4eahzcnwt2bn","previousOperationId":"sm99mdb9xs3g5la"}
{"type":"operationStart","subtype":"recipe","name":"chrome-pdf","timestamp":1677063290929,"id":"bg9lbjgeuot9kt6","previousEventId":"81i1xt314fd5e01","operationId":"fhzmupyicp23std","previousOperationId":"sm99mdb9xs3g5la"}
{"type":"log","timestamp":1677063290929,"level":"debug","message":"Executing recipe chrome-pdf","meta":{"rootId":"05acr7vz796cp3m","id":"t5w1xx3vy8vss0u"},"id":"fk2r2pd1c4gezm3","previousOperationId":"fhzmupyicp23std"}
{"type":"log","timestamp":1677063290931,"level":"debug","message":"Converting with chrome HeadlessChrome/105.0.5173.0 using chrome-pool strategy","meta":{"rootId":"05acr7vz796cp3m","id":"t5w1xx3vy8vss0u"},"id":"h3usvsg7lxbr7ze","previousOperationId":"fhzmupyicp23std"}
{"type":"log","timestamp":1677063291025,"level":"debug","message":"Page request: GET (document) file:///C:/Users/pollo/AppData/Local/Temp/jsreport/autocleanup/f256d72a-1ea9-4589-8ca7-e8bf1ce63235-chrome-pdf.html","meta":{"rootId":"05acr7vz796cp3m","id":"t5w1xx3vy8vss0u"},"id":"526xa5sr4cl2d16","previousOperationId":"fhzmupyicp23std"}
{"type":"log","timestamp":1677063291040,"level":"debug","message":"Page request finished: GET (document) 200 file:///C:/Users/pollo/AppData/Local/Temp/jsreport/autocleanup/f256d72a-1ea9-4589-8ca7-e8bf1ce63235-chrome-pdf.html","meta":{"rootId":"05acr7vz796cp3m","id":"t5w1xx3vy8vss0u"},"id":"s8ccx4bamdtwvic","previousOperationId":"fhzmupyicp23std"}
{"type":"log","timestamp":1677063291040,"level":"debug","message":"Page request: GET (stylesheet) https://cdnjs.cloudflare.com/ajax/libs/metro/4.1.5/css/metro.min.css","meta":{"rootId":"05acr7vz796cp3m","id":"t5w1xx3vy8vss0u"},"id":"2idnmeahsd2cjac","previousOperationId":"fhzmupyicp23std"}
{"type":"log","timestamp":1677063291063,"level":"debug","message":"Page request finished: GET (stylesheet) 200 https://cdnjs.cloudflare.com/ajax/libs/metro/4.1.5/css/metro.min.css","meta":{"rootId":"05acr7vz796cp3m","id":"t5w1xx3vy8vss0u"},"id":"skyv4aje6kbikhr","previousOperationId":"fhzmupyicp23std"}
{"type":"log","timestamp":1677063291084,"level":"debug","message":"Running chrome with params {\"printBackground\":true,\"marginTop\":\"1.5cm\",\"marginRight\":\"1.5cm\",\"marginLeft\":\"1.cm\",\"timeout\":52297,\"margin\":{\"top\":\"1.5cm\",\"right\":\"1.5cm\",\"left\":\"1.cm\"}}","meta":{"rootId":"05acr7vz796cp3m","id":"t5w1xx3vy8vss0u"},"id":"lidmebwqxoabf9k","previousOperationId":"fhzmupyicp23std"}
{"type":"operationEnd","operationId":"fhzmupyicp23std","timestamp":1677063291139,"id":"eouasbq2dgrsfvg","previousEventId":"bg9lbjgeuot9kt6","previousOperationId":"fhzmupyicp23std"}
{"type":"log","timestamp":1677063291140,"level":"debug","message":"Skipping storing report.","meta":{"rootId":"05acr7vz796cp3m","id":"t5w1xx3vy8vss0u"},"id":"zhuxh3hesdxussz","previousOperationId":"fhzmupyicp23std"}
{"type":"log","timestamp":1677063291140,"level":"info","message":"Rendering (child) request finished in 7912 ms","meta":{"rootId":"05acr7vz796cp3m","id":"t5w1xx3vy8vss0u"},"id":"f0tn5wizzddkrmw","previousOperationId":"fhzmupyicp23std"}
{"type":"operationEnd","subtype":"render","operationId":"5s9uk5nty6oa1ej","timestamp":1677063291140,"id":"nywefjett2xy1do","previousEventId":"eouasbq2dgrsfvg","previousOperationId":"fhzmupyicp23std"}
{"type":"operationEnd","operationId":"p8zgan6kdrx0yia","timestamp":1677063291168,"id":"pf7d9xbynbfwjpf","previousEventId":"36ajc4jeh38etw8","previousOperationId":"p8zgan6kdrx0yia"}
{"type":"log","timestamp":1677063291168,"level":"debug","message":"pdf-utils postproces start","meta":{"rootId":"05acr7vz796cp3m","id":"05acr7vz796cp3m"},"id":"9b00u5herlksjey","previousOperationId":"p8zgan6kdrx0yia"}
{"type":"log","timestamp":1677063291182,"level":"debug","message":"pdf-utils postproces end","meta":{"rootId":"05acr7vz796cp3m","id":"05acr7vz796cp3m"},"id":"1co0enx487wps3k","previousOperationId":"p8zgan6kdrx0yia"}
{"type":"operationEnd","operationId":"ttf0z446e1ogpj1","timestamp":1677063291182,"id":"7pjtt4smtvqbyx6","previousEventId":"pf7d9xbynbfwjpf","previousOperationId":"p8zgan6kdrx0yia"}
{"type":"log","timestamp":1677063291182,"level":"info","message":"pdf-utils pdf processing was finished","meta":{"rootId":"05acr7vz796cp3m","id":"05acr7vz796cp3m"},"id":"ykwsu80oja8fl0r","previousOperationId":"ttf0z446e1ogpj1"}
{"type":"log","timestamp":1677063291183,"level":"debug","message":"Skipping storing report.","meta":{"rootId":"05acr7vz796cp3m","id":"05acr7vz796cp3m"},"id":"coi8rigkxiwif9c","previousOperationId":"ttf0z446e1ogpj1"}
{"type":"log","timestamp":1677063291183,"level":"info","message":"Rendering request 2 finished in 7955 ms","meta":{"rootId":"05acr7vz796cp3m","id":"05acr7vz796cp3m"},"id":"ryp4h0u7xxsvj3u","previousOperationId":"ttf0z446e1ogpj1"}
{"type":"operationEnd","subtype":"render","operationId":"g4ktfugxcpv1t7r","timestamp":1677063291183,"id":"kyw0fj66zi0v0jf","previousEventId":"7pjtt4smtvqbyx6","previousOperationId":"ttf0z446e1ogpj1"}
{"type":"operationEnd","doDiffs":false,"previousEventId":"oewy9nb5gon7hsb","previousOperationId":"hki6z24y0kh5xzs","operationId":"hki6z24y0kh5xzs","timestamp":1677063291193,"id":"4cjzp6w2assurmq"}
