{"type":"operationStart","subtype":"profile","data":{"_id":"TS4Awirpv4FTzPj9","timestamp":"2023-02-22T11:20:20.533Z","state":"queued","mode":"standard","creationDate":"2023-02-22T11:20:20.535Z","modificationDate":"2023-02-22T11:20:20.535Z","shortid":"RoG8fOM","$entitySet":"profiles"},"doDiffs":false,"timestamp":1677064820534,"id":"iofemjwqz1hn0ex","previousOperationId":null,"operationId":"il3ezv5stgw0rsx"}
{"type":"log","level":"info","message":"Render request 9 queued for execution and waiting for available worker","previousOperationId":"il3ezv5stgw0rsx","timestamp":1677064820535,"id":"1za4xomkaibk0hr"}
{"type":"operationStart","subtype":"render","name":"musicians-main","previousOperationId":"il3ezv5stgw0rsx","timestamp":1677064820545,"id":"fe2y1cokfwv74bt","previousEventId":"iofemjwqz1hn0ex","operationId":"186jltw8gq4htp9"}
{"type":"log","timestamp":1677064820546,"level":"info","message":"Starting rendering request 9","meta":{"rootId":"371fk433skjjkmr","id":"371fk433skjjkmr"},"id":"3qq5nx6buqluwdi","previousOperationId":"186jltw8gq4htp9"}
{"type":"log","timestamp":1677064820546,"level":"info","message":"Rendering template { name: musicians-main, recipe: chrome-pdf, engine: handlebars, preview: true }","meta":{"rootId":"371fk433skjjkmr","id":"371fk433skjjkmr"},"id":"ub5288ogx7csfa8","previousOperationId":"186jltw8gq4htp9"}
{"type":"log","timestamp":1677064820547,"level":"debug","message":"Data item not defined for this template.","meta":{"rootId":"371fk433skjjkmr","id":"371fk433skjjkmr"},"id":"prwvs6lm48zvz06","previousOperationId":"186jltw8gq4htp9"}
{"type":"log","timestamp":1677064820549,"level":"debug","message":"Executing script musicians-script (beforeRender)","meta":{"rootId":"371fk433skjjkmr","id":"371fk433skjjkmr"},"id":"f2mz5d07ere742d","previousOperationId":"186jltw8gq4htp9"}
{"type":"operationStart","subtype":"scriptsBeforeRender","name":"scripts beforeRender","timestamp":1677064820576,"id":"q8h9a2js1mtoehu","previousEventId":"fe2y1cokfwv74bt","operationId":"pn1aohyp1855l9c","previousOperationId":"186jltw8gq4htp9"}
{"type":"operationStart","subtype":"script","name":"scripts musicians-script","previousOperationId":"pn1aohyp1855l9c","timestamp":1677064820576,"id":"5zw8jp08tiw1jj1","previousEventId":"q8h9a2js1mtoehu","operationId":"m9whffmgwpzwzln"}
{"type":"log","timestamp":1677064820790,"level":"debug","message":"(console:log) [ 0, 1 ]","meta":{"userLevel":true,"rootId":"371fk433skjjkmr","id":"371fk433skjjkmr"},"id":"95kdn1d3bnvia08","previousOperationId":"m9whffmgwpzwzln"}
{"type":"operationEnd","operationId":"m9whffmgwpzwzln","timestamp":1677064820790,"id":"srdi2k4sffw6w97","previousEventId":"fe2y1cokfwv74bt","previousOperationId":"186jltw8gq4htp9"}
{"type":"operationEnd","operationId":"pn1aohyp1855l9c","timestamp":1677064820790,"id":"47sqvrkmpcjb5sa","previousEventId":"srdi2k4sffw6w97","previousOperationId":"186jltw8gq4htp9"}
{"type":"log","timestamp":1677064820790,"level":"debug","message":"Base url not specified, skipping its injection.","meta":{"rootId":"371fk433skjjkmr","id":"371fk433skjjkmr"},"id":"17n0hhniassu1wm","previousOperationId":"pn1aohyp1855l9c"}
{"type":"operationStart","subtype":"engine","name":"handlebars","timestamp":1677064820791,"id":"psae3idvkpfsx4v","previousEventId":"47sqvrkmpcjb5sa","operationId":"gq4v8relh8l7dx1","previousOperationId":"pn1aohyp1855l9c"}
{"type":"log","timestamp":1677064820791,"level":"debug","message":"Rendering engine handlebars","meta":{"rootId":"371fk433skjjkmr","id":"371fk433skjjkmr"},"id":"c4bf3k3xxa2xht9","previousOperationId":"gq4v8relh8l7dx1"}
{"type":"operationEnd","operationId":"gq4v8relh8l7dx1","timestamp":1677064820803,"id":"ox1vxdnu1h96l6x","previousEventId":"psae3idvkpfsx4v","previousOperationId":"gq4v8relh8l7dx1"}
{"type":"operationStart","subtype":"recipe","name":"chrome-pdf","timestamp":1677064820803,"id":"z0y2v7xa0l46nwx","previousEventId":"ox1vxdnu1h96l6x","operationId":"k7r8g89kg7f8o2o","previousOperationId":"gq4v8relh8l7dx1"}
{"type":"log","timestamp":1677064820803,"level":"debug","message":"Executing recipe chrome-pdf","meta":{"rootId":"371fk433skjjkmr","id":"371fk433skjjkmr"},"id":"f0kmqv6crndc6oi","previousOperationId":"k7r8g89kg7f8o2o"}
{"type":"log","timestamp":1677064820805,"level":"debug","message":"Converting with chrome HeadlessChrome/105.0.5173.0 using chrome-pool strategy","meta":{"rootId":"371fk433skjjkmr","id":"371fk433skjjkmr"},"id":"4njorahs9qsdq11","previousOperationId":"k7r8g89kg7f8o2o"}
{"type":"log","timestamp":1677064820914,"level":"debug","message":"Page request: GET (document) file:///C:/Users/pollo/AppData/Local/Temp/jsreport/autocleanup/400e2c85-fdc5-4b72-8870-1cca8fbe0d0d-chrome-pdf.html","meta":{"rootId":"371fk433skjjkmr","id":"371fk433skjjkmr"},"id":"em0ndyx5t4k91i6","previousOperationId":"k7r8g89kg7f8o2o"}
{"type":"log","timestamp":1677064820937,"level":"debug","message":"Page request finished: GET (document) 200 file:///C:/Users/pollo/AppData/Local/Temp/jsreport/autocleanup/400e2c85-fdc5-4b72-8870-1cca8fbe0d0d-chrome-pdf.html","meta":{"rootId":"371fk433skjjkmr","id":"371fk433skjjkmr"},"id":"abvc8l8maksok56","previousOperationId":"k7r8g89kg7f8o2o"}
{"type":"log","timestamp":1677064820937,"level":"debug","message":"Page request: GET (stylesheet) https://cdnjs.cloudflare.com/ajax/libs/metro/4.1.5/css/metro.min.css","meta":{"rootId":"371fk433skjjkmr","id":"371fk433skjjkmr"},"id":"29jl2gquoqjfgtu","previousOperationId":"k7r8g89kg7f8o2o"}
{"type":"log","timestamp":1677064820938,"level":"debug","message":"Page request: GET (script) https://cdn.jsdelivr.net/npm/chart.js","meta":{"rootId":"371fk433skjjkmr","id":"371fk433skjjkmr"},"id":"ivlz1eicye6un6a","previousOperationId":"k7r8g89kg7f8o2o"}
{"type":"log","timestamp":1677064820944,"level":"debug","message":"Page request finished: GET (script) 200 https://cdn.jsdelivr.net/npm/chart.js","meta":{"rootId":"371fk433skjjkmr","id":"371fk433skjjkmr"},"id":"l1n9r8h7iot5fl6","previousOperationId":"k7r8g89kg7f8o2o"}
{"type":"log","timestamp":1677064820962,"level":"debug","message":"Page request finished: GET (stylesheet) 200 https://cdnjs.cloudflare.com/ajax/libs/metro/4.1.5/css/metro.min.css","meta":{"rootId":"371fk433skjjkmr","id":"371fk433skjjkmr"},"id":"3vxglu74kubm77q","previousOperationId":"k7r8g89kg7f8o2o"}
{"type":"log","timestamp":1677064821071,"level":"debug","message":"Running chrome with params {\"printBackground\":true,\"marginTop\":\"4cm\",\"marginRight\":\"1.5cm\",\"marginBottom\":\"1.5cm\",\"marginLeft\":\"1.5cm\",\"waitForJS\":false,\"timeout\":59729,\"margin\":{\"top\":\"4cm\",\"right\":\"1.5cm\",\"bottom\":\"1.5cm\",\"left\":\"1.5cm\"}}","meta":{"rootId":"371fk433skjjkmr","id":"371fk433skjjkmr"},"id":"j29gtqoy9852l32","previousOperationId":"k7r8g89kg7f8o2o"}
{"type":"operationEnd","operationId":"k7r8g89kg7f8o2o","timestamp":1677064821170,"id":"qlpu40scf5j3ywv","previousEventId":"z0y2v7xa0l46nwx","previousOperationId":"k7r8g89kg7f8o2o"}
{"type":"log","timestamp":1677064821170,"level":"info","message":"pdf-utils is starting pdf processing","meta":{"rootId":"371fk433skjjkmr","id":"371fk433skjjkmr"},"id":"c8h4osahcneqoix","previousOperationId":"k7r8g89kg7f8o2o"}
{"type":"operationStart","subtype":"pdfUtils","name":"pdf utils","timestamp":1677064821171,"id":"4a1jfe8xwnpxg88","previousEventId":"qlpu40scf5j3ywv","operationId":"ncuevizv78s86z5","previousOperationId":"k7r8g89kg7f8o2o"}
{"type":"log","timestamp":1677064821171,"level":"debug","message":"pdf-utils detected 1 pdf operation(s) to process","meta":{"rootId":"371fk433skjjkmr","id":"371fk433skjjkmr"},"id":"z7prx1y9if6wm32","previousOperationId":"ncuevizv78s86z5"}
{"type":"log","timestamp":1677064821192,"level":"debug","message":"pdf-utils running pdf operation merge","meta":{"rootId":"371fk433skjjkmr","id":"371fk433skjjkmr"},"id":"7h4k4aiae121idf","previousOperationId":"ncuevizv78s86z5"}
{"type":"operationStart","subtype":"pdfUtilsMerge","name":"pdf utils merge","previousOperationId":"ncuevizv78s86z5","timestamp":1677064821192,"id":"zcloeyei1bd0us6","previousEventId":"4a1jfe8xwnpxg88","operationId":"vfxnykd8vsnfjwr"}
{"type":"operationStart","subtype":"render","name":"musicians-header","previousOperationId":"vfxnykd8vsnfjwr","timestamp":1677064821195,"id":"dedsb96rczxgmcx","previousEventId":"zcloeyei1bd0us6","operationId":"hmgaiztmnpvjcz7"}
{"type":"log","timestamp":1677064821195,"level":"info","message":"Starting rendering (child) request","meta":{"rootId":"371fk433skjjkmr","id":"rjb84y48seee6s8"},"id":"qnckx494yn41730","previousOperationId":"hmgaiztmnpvjcz7"}
{"type":"log","timestamp":1677064821195,"level":"info","message":"Rendering template { name: musicians-header, recipe: chrome-pdf, engine: handlebars, preview: true }","meta":{"rootId":"371fk433skjjkmr","id":"rjb84y48seee6s8"},"id":"3dtkffclw3j4s9z","previousOperationId":"hmgaiztmnpvjcz7"}
{"type":"log","timestamp":1677064821198,"level":"debug","message":"Inline data specified.","meta":{"rootId":"371fk433skjjkmr","id":"rjb84y48seee6s8"},"id":"rxvar3idl4om800","previousOperationId":"hmgaiztmnpvjcz7"}
{"type":"log","timestamp":1677064821200,"level":"debug","message":"Base url not specified, skipping its injection.","meta":{"rootId":"371fk433skjjkmr","id":"rjb84y48seee6s8"},"id":"if5rvtttlowtk99","previousOperationId":"hmgaiztmnpvjcz7"}
{"type":"operationStart","subtype":"engine","name":"handlebars","timestamp":1677064821200,"id":"xv7nq5ogmjkapmd","previousEventId":"dedsb96rczxgmcx","operationId":"fmql2zh3qvfbgfd","previousOperationId":"hmgaiztmnpvjcz7"}
{"type":"log","timestamp":1677064821200,"level":"debug","message":"Rendering engine handlebars","meta":{"rootId":"371fk433skjjkmr","id":"rjb84y48seee6s8"},"id":"3tgzkvyvnk5rsi4","previousOperationId":"fmql2zh3qvfbgfd"}
{"type":"operationEnd","operationId":"fmql2zh3qvfbgfd","timestamp":1677064821213,"id":"xz1192lvoxe3fou","previousEventId":"xv7nq5ogmjkapmd","previousOperationId":"fmql2zh3qvfbgfd"}
{"type":"operationStart","subtype":"recipe","name":"chrome-pdf","timestamp":1677064821214,"id":"twky3twzagxwzp5","previousEventId":"xz1192lvoxe3fou","operationId":"2hlyr6atul6vj97","previousOperationId":"fmql2zh3qvfbgfd"}
{"type":"log","timestamp":1677064821214,"level":"debug","message":"Executing recipe chrome-pdf","meta":{"rootId":"371fk433skjjkmr","id":"rjb84y48seee6s8"},"id":"gtmgq02lw7mrizm","previousOperationId":"2hlyr6atul6vj97"}
{"type":"log","timestamp":1677064821216,"level":"debug","message":"Converting with chrome HeadlessChrome/105.0.5173.0 using chrome-pool strategy","meta":{"rootId":"371fk433skjjkmr","id":"rjb84y48seee6s8"},"id":"gm8t9wkbaz6symm","previousOperationId":"2hlyr6atul6vj97"}
{"type":"log","timestamp":1677064821373,"level":"debug","message":"Page request: GET (document) file:///C:/Users/pollo/AppData/Local/Temp/jsreport/autocleanup/a1281ce9-00c8-4d14-835f-0714ffcfe491-chrome-pdf.html","meta":{"rootId":"371fk433skjjkmr","id":"rjb84y48seee6s8"},"id":"nv4unnym9upt0sc","previousOperationId":"2hlyr6atul6vj97"}
{"type":"log","timestamp":1677064821384,"level":"debug","message":"Page request finished: GET (document) 200 file:///C:/Users/pollo/AppData/Local/Temp/jsreport/autocleanup/a1281ce9-00c8-4d14-835f-0714ffcfe491-chrome-pdf.html","meta":{"rootId":"371fk433skjjkmr","id":"rjb84y48seee6s8"},"id":"dzhh4gpomhsx3sz","previousOperationId":"2hlyr6atul6vj97"}
{"type":"log","timestamp":1677064821384,"level":"debug","message":"Page request: GET (stylesheet) https://cdnjs.cloudflare.com/ajax/libs/metro/4.1.5/css/metro.min.css","meta":{"rootId":"371fk433skjjkmr","id":"rjb84y48seee6s8"},"id":"4eg39jyahiv212j","previousOperationId":"2hlyr6atul6vj97"}
{"type":"log","timestamp":1677064821407,"level":"debug","message":"Page request finished: GET (stylesheet) 200 https://cdnjs.cloudflare.com/ajax/libs/metro/4.1.5/css/metro.min.css","meta":{"rootId":"371fk433skjjkmr","id":"rjb84y48seee6s8"},"id":"alfgfdz3gdbnr5g","previousOperationId":"2hlyr6atul6vj97"}
{"type":"log","timestamp":1677064821432,"level":"debug","message":"Running chrome with params {\"printBackground\":true,\"marginTop\":\"1.5cm\",\"marginRight\":\"1.5cm\",\"marginLeft\":\"1.cm\",\"timeout\":59318,\"margin\":{\"top\":\"1.5cm\",\"right\":\"1.5cm\",\"left\":\"1.cm\"}}","meta":{"rootId":"371fk433skjjkmr","id":"rjb84y48seee6s8"},"id":"6ie1i1vartigwem","previousOperationId":"2hlyr6atul6vj97"}
{"type":"operationEnd","operationId":"2hlyr6atul6vj97","timestamp":1677064821492,"id":"206wq5eeb8a7501","previousEventId":"twky3twzagxwzp5","previousOperationId":"2hlyr6atul6vj97"}
{"type":"log","timestamp":1677064821493,"level":"debug","message":"Skipping storing report.","meta":{"rootId":"371fk433skjjkmr","id":"rjb84y48seee6s8"},"id":"504cij0b5aqtjz9","previousOperationId":"2hlyr6atul6vj97"}
{"type":"log","timestamp":1677064821493,"level":"info","message":"Rendering (child) request finished in 960 ms","meta":{"rootId":"371fk433skjjkmr","id":"rjb84y48seee6s8"},"id":"bz2k3jac7eha556","previousOperationId":"2hlyr6atul6vj97"}
{"type":"operationEnd","subtype":"render","operationId":"hmgaiztmnpvjcz7","timestamp":1677064821493,"id":"6uclbb25p13emwj","previousEventId":"206wq5eeb8a7501","previousOperationId":"2hlyr6atul6vj97"}
{"type":"operationEnd","operationId":"vfxnykd8vsnfjwr","timestamp":1677064821503,"id":"mh1swlqqe074q95","previousEventId":"zcloeyei1bd0us6","previousOperationId":"vfxnykd8vsnfjwr"}
{"type":"log","timestamp":1677064821503,"level":"debug","message":"pdf-utils postproces start","meta":{"rootId":"371fk433skjjkmr","id":"371fk433skjjkmr"},"id":"qydytpg5pbhgwer","previousOperationId":"vfxnykd8vsnfjwr"}
{"type":"log","timestamp":1677064821516,"level":"debug","message":"pdf-utils postproces end","meta":{"rootId":"371fk433skjjkmr","id":"371fk433skjjkmr"},"id":"wf8j4vvxor1i8d4","previousOperationId":"vfxnykd8vsnfjwr"}
{"type":"operationEnd","operationId":"ncuevizv78s86z5","timestamp":1677064821516,"id":"uf0wnji6erzzd1n","previousEventId":"mh1swlqqe074q95","previousOperationId":"vfxnykd8vsnfjwr"}
{"type":"log","timestamp":1677064821516,"level":"info","message":"pdf-utils pdf processing was finished","meta":{"rootId":"371fk433skjjkmr","id":"371fk433skjjkmr"},"id":"xhiiooufxx97fuv","previousOperationId":"ncuevizv78s86z5"}
{"type":"log","timestamp":1677064821516,"level":"debug","message":"Skipping storing report.","meta":{"rootId":"371fk433skjjkmr","id":"371fk433skjjkmr"},"id":"onuntxuo2p7vjrl","previousOperationId":"ncuevizv78s86z5"}
{"type":"log","timestamp":1677064821516,"level":"info","message":"Rendering request 9 finished in 983 ms","meta":{"rootId":"371fk433skjjkmr","id":"371fk433skjjkmr"},"id":"vkis6s1rag3vb7d","previousOperationId":"ncuevizv78s86z5"}
{"type":"operationEnd","subtype":"render","operationId":"186jltw8gq4htp9","timestamp":1677064821516,"id":"kcpxugll7w1yrf9","previousEventId":"uf0wnji6erzzd1n","previousOperationId":"ncuevizv78s86z5"}
{"type":"operationEnd","doDiffs":false,"previousEventId":"iofemjwqz1hn0ex","previousOperationId":"il3ezv5stgw0rsx","operationId":"il3ezv5stgw0rsx","timestamp":1677064821529,"id":"6j8hx6cctsj8prs"}
