{"type":"operationStart","subtype":"profile","data":{"_id":"phIbNQFeqlbx2Jy7","timestamp":"2023-03-19T21:36:16.759Z","state":"queued","mode":"standard","creationDate":"2023-03-19T21:36:16.762Z","modificationDate":"2023-03-19T21:36:16.762Z","shortid":"vT5pIvl","$entitySet":"profiles"},"doDiffs":false,"timestamp":1679261776760,"id":"dr2jbgkvncg1429","previousOperationId":null,"operationId":"uwc486h7tivllqs"}
{"type":"log","level":"info","message":"Render request 4 queued for execution and waiting for available worker","previousOperationId":"uwc486h7tivllqs","timestamp":1679261776760,"id":"gtjzop4bgruunqq"}
{"type":"operationStart","subtype":"render","name":"musicians-main","previousOperationId":"uwc486h7tivllqs","timestamp":1679261776770,"id":"twdfyk0zdw2ehx9","previousEventId":"dr2jbgkvncg1429","operationId":"ld3czvnwk42oscb"}
{"type":"log","timestamp":1679261776771,"level":"info","message":"Starting rendering request 4","meta":{"rootId":"7y7q2s65eh1npwc","id":"7y7q2s65eh1npwc"},"id":"69i8vaw0mhxz1yz","previousOperationId":"ld3czvnwk42oscb"}
{"type":"log","timestamp":1679261776771,"level":"info","message":"Rendering template { name: musicians-main, recipe: chrome-pdf, engine: handlebars, preview: false }","meta":{"rootId":"7y7q2s65eh1npwc","id":"7y7q2s65eh1npwc"},"id":"0vm776vjejfgd1o","previousOperationId":"ld3czvnwk42oscb"}
{"type":"log","timestamp":1679261776777,"level":"debug","message":"Data item not defined for this template.","meta":{"rootId":"7y7q2s65eh1npwc","id":"7y7q2s65eh1npwc"},"id":"en6bzsx1hxk5rnb","previousOperationId":"ld3czvnwk42oscb"}
{"type":"log","timestamp":1679261776782,"level":"debug","message":"Executing script musicians-script (beforeRender)","meta":{"rootId":"7y7q2s65eh1npwc","id":"7y7q2s65eh1npwc"},"id":"wbh6p1sq72jax8z","previousOperationId":"ld3czvnwk42oscb"}
{"type":"operationStart","subtype":"scriptsBeforeRender","name":"scripts beforeRender","timestamp":1679261776819,"id":"3ax4g3pyf1f0vux","previousEventId":"twdfyk0zdw2ehx9","operationId":"vbsnzhilkf6u4jm","previousOperationId":"ld3czvnwk42oscb"}
{"type":"operationStart","subtype":"script","name":"scripts musicians-script","previousOperationId":"vbsnzhilkf6u4jm","timestamp":1679261776819,"id":"dsy9aon2ygg8qqd","previousEventId":"3ax4g3pyf1f0vux","operationId":"xqcuir7uknrl94i"}
{"type":"log","timestamp":1679261776994,"level":"debug","message":"(console:log) [ 0, 0 ]","meta":{"userLevel":true,"rootId":"7y7q2s65eh1npwc","id":"7y7q2s65eh1npwc"},"id":"90w4afdadshjcat","previousOperationId":"xqcuir7uknrl94i"}
{"type":"operationEnd","operationId":"xqcuir7uknrl94i","timestamp":1679261776995,"id":"eyl5ty17btkttqw","previousEventId":"twdfyk0zdw2ehx9","previousOperationId":"ld3czvnwk42oscb"}
{"type":"operationEnd","operationId":"vbsnzhilkf6u4jm","timestamp":1679261776995,"id":"brvsj2aoqpbzqiq","previousEventId":"eyl5ty17btkttqw","previousOperationId":"ld3czvnwk42oscb"}
{"type":"log","timestamp":1679261776995,"level":"debug","message":"Base url not specified, skipping its injection.","meta":{"rootId":"7y7q2s65eh1npwc","id":"7y7q2s65eh1npwc"},"id":"morqdd7b85fujkk","previousOperationId":"vbsnzhilkf6u4jm"}
{"type":"operationStart","subtype":"engine","name":"handlebars","timestamp":1679261776995,"id":"smr65ngdgmwgnk9","previousEventId":"brvsj2aoqpbzqiq","operationId":"3h6diz7baeeoeti","previousOperationId":"vbsnzhilkf6u4jm"}
{"type":"log","timestamp":1679261776995,"level":"debug","message":"Rendering engine handlebars","meta":{"rootId":"7y7q2s65eh1npwc","id":"7y7q2s65eh1npwc"},"id":"lkknmfqaehggjfn","previousOperationId":"3h6diz7baeeoeti"}
{"type":"operationEnd","operationId":"3h6diz7baeeoeti","timestamp":1679261777015,"id":"atwoav81mac6lf5","previousEventId":"smr65ngdgmwgnk9","previousOperationId":"3h6diz7baeeoeti"}
{"type":"operationStart","subtype":"recipe","name":"chrome-pdf","timestamp":1679261777015,"id":"b7w6leifhuum72v","previousEventId":"atwoav81mac6lf5","operationId":"qxxk41ezwdr9ibo","previousOperationId":"3h6diz7baeeoeti"}
{"type":"log","timestamp":1679261777015,"level":"debug","message":"Executing recipe chrome-pdf","meta":{"rootId":"7y7q2s65eh1npwc","id":"7y7q2s65eh1npwc"},"id":"vj092rhyge731ev","previousOperationId":"qxxk41ezwdr9ibo"}
{"type":"log","timestamp":1679261777018,"level":"debug","message":"Converting with chrome HeadlessChrome/105.0.5173.0 using chrome-pool strategy","meta":{"rootId":"7y7q2s65eh1npwc","id":"7y7q2s65eh1npwc"},"id":"2gs8aa2vchkudu0","previousOperationId":"qxxk41ezwdr9ibo"}
{"type":"log","timestamp":1679261777117,"level":"debug","message":"Page request: GET (document) file:///C:/Users/jiva1/AppData/Local/Temp/jsreport/autocleanup/7aed8d7a-f490-485e-9d0c-291fa7e12075-chrome-pdf.html","meta":{"rootId":"7y7q2s65eh1npwc","id":"7y7q2s65eh1npwc"},"id":"a72klshu1ezh8ee","previousOperationId":"qxxk41ezwdr9ibo"}
{"type":"log","timestamp":1679261777139,"level":"debug","message":"Page request finished: GET (document) 200 file:///C:/Users/jiva1/AppData/Local/Temp/jsreport/autocleanup/7aed8d7a-f490-485e-9d0c-291fa7e12075-chrome-pdf.html","meta":{"rootId":"7y7q2s65eh1npwc","id":"7y7q2s65eh1npwc"},"id":"2039gnntsieloz7","previousOperationId":"qxxk41ezwdr9ibo"}
{"type":"log","timestamp":1679261777139,"level":"debug","message":"Page request: GET (stylesheet) https://cdnjs.cloudflare.com/ajax/libs/metro/4.1.5/css/metro.min.css","meta":{"rootId":"7y7q2s65eh1npwc","id":"7y7q2s65eh1npwc"},"id":"4tlxtqzov4elu2o","previousOperationId":"qxxk41ezwdr9ibo"}
{"type":"log","timestamp":1679261777139,"level":"debug","message":"Page request: GET (script) https://cdn.jsdelivr.net/npm/chart.js","meta":{"rootId":"7y7q2s65eh1npwc","id":"7y7q2s65eh1npwc"},"id":"1iotldpgkcxhzr0","previousOperationId":"qxxk41ezwdr9ibo"}
{"type":"log","timestamp":1679261777144,"level":"debug","message":"Page request finished: GET (script) 200 https://cdn.jsdelivr.net/npm/chart.js","meta":{"rootId":"7y7q2s65eh1npwc","id":"7y7q2s65eh1npwc"},"id":"54a1lcyn3sn7vc2","previousOperationId":"qxxk41ezwdr9ibo"}
{"type":"log","timestamp":1679261777162,"level":"debug","message":"Page request finished: GET (stylesheet) 200 https://cdnjs.cloudflare.com/ajax/libs/metro/4.1.5/css/metro.min.css","meta":{"rootId":"7y7q2s65eh1npwc","id":"7y7q2s65eh1npwc"},"id":"a0fmt8ptxr9ur43","previousOperationId":"qxxk41ezwdr9ibo"}
{"type":"log","timestamp":1679261777273,"level":"debug","message":"Running chrome with params {\"printBackground\":true,\"marginTop\":\"4cm\",\"marginRight\":\"1.5cm\",\"marginBottom\":\"1.5cm\",\"marginLeft\":\"1.5cm\",\"waitForJS\":false,\"timeout\":59742,\"margin\":{\"top\":\"4cm\",\"right\":\"1.5cm\",\"bottom\":\"1.5cm\",\"left\":\"1.5cm\"}}","meta":{"rootId":"7y7q2s65eh1npwc","id":"7y7q2s65eh1npwc"},"id":"e7w56ndtnssxkpi","previousOperationId":"qxxk41ezwdr9ibo"}
{"type":"operationEnd","operationId":"qxxk41ezwdr9ibo","timestamp":1679261777390,"id":"3s5sf8v1k7es0ki","previousEventId":"b7w6leifhuum72v","previousOperationId":"qxxk41ezwdr9ibo"}
{"type":"log","timestamp":1679261777390,"level":"info","message":"pdf-utils is starting pdf processing","meta":{"rootId":"7y7q2s65eh1npwc","id":"7y7q2s65eh1npwc"},"id":"00k6zwhqwqtxatu","previousOperationId":"qxxk41ezwdr9ibo"}
{"type":"operationStart","subtype":"pdfUtils","name":"pdf utils","timestamp":1679261777390,"id":"m37zvkadeijk5td","previousEventId":"3s5sf8v1k7es0ki","operationId":"nc13urz4v449ogb","previousOperationId":"qxxk41ezwdr9ibo"}
{"type":"log","timestamp":1679261777390,"level":"debug","message":"pdf-utils detected 1 pdf operation(s) to process","meta":{"rootId":"7y7q2s65eh1npwc","id":"7y7q2s65eh1npwc"},"id":"xcnb2k6z31suwb3","previousOperationId":"nc13urz4v449ogb"}
{"type":"log","timestamp":1679261777420,"level":"debug","message":"pdf-utils running pdf operation merge","meta":{"rootId":"7y7q2s65eh1npwc","id":"7y7q2s65eh1npwc"},"id":"jw8s7harq156zb5","previousOperationId":"nc13urz4v449ogb"}
{"type":"operationStart","subtype":"pdfUtilsMerge","name":"pdf utils merge","previousOperationId":"nc13urz4v449ogb","timestamp":1679261777420,"id":"e81uchb4k6345xf","previousEventId":"m37zvkadeijk5td","operationId":"lecnrjf0naq9sj1"}
{"type":"operationStart","subtype":"render","name":"musicians-header","previousOperationId":"lecnrjf0naq9sj1","timestamp":1679261777421,"id":"aa87nyt64pii2rm","previousEventId":"e81uchb4k6345xf","operationId":"knrf6ay2ylz0ucd"}
{"type":"log","timestamp":1679261777422,"level":"info","message":"Starting rendering (child) request","meta":{"rootId":"7y7q2s65eh1npwc","id":"k6ks8zxcg1z2xl2"},"id":"v2flsszu2xro1s4","previousOperationId":"knrf6ay2ylz0ucd"}
{"type":"log","timestamp":1679261777422,"level":"info","message":"Rendering template { name: musicians-header, recipe: chrome-pdf, engine: handlebars, preview: false }","meta":{"rootId":"7y7q2s65eh1npwc","id":"k6ks8zxcg1z2xl2"},"id":"mi35v31ahs9vu6c","previousOperationId":"knrf6ay2ylz0ucd"}
{"type":"log","timestamp":1679261777423,"level":"debug","message":"Inline data specified.","meta":{"rootId":"7y7q2s65eh1npwc","id":"k6ks8zxcg1z2xl2"},"id":"w67rhq7v2bh64r0","previousOperationId":"knrf6ay2ylz0ucd"}
{"type":"log","timestamp":1679261777425,"level":"debug","message":"Base url not specified, skipping its injection.","meta":{"rootId":"7y7q2s65eh1npwc","id":"k6ks8zxcg1z2xl2"},"id":"8u9ureylyqq2j3y","previousOperationId":"knrf6ay2ylz0ucd"}
{"type":"operationStart","subtype":"engine","name":"handlebars","timestamp":1679261777426,"id":"xipds3hwk9va79x","previousEventId":"aa87nyt64pii2rm","operationId":"iza6460ly78xz2g","previousOperationId":"knrf6ay2ylz0ucd"}
{"type":"log","timestamp":1679261777426,"level":"debug","message":"Rendering engine handlebars","meta":{"rootId":"7y7q2s65eh1npwc","id":"k6ks8zxcg1z2xl2"},"id":"errhhf345v1mszf","previousOperationId":"iza6460ly78xz2g"}
{"type":"operationEnd","operationId":"iza6460ly78xz2g","timestamp":1679261777439,"id":"1qa9eny1l89tpfy","previousEventId":"xipds3hwk9va79x","previousOperationId":"iza6460ly78xz2g"}
{"type":"operationStart","subtype":"recipe","name":"chrome-pdf","timestamp":1679261777440,"id":"w1c04k5wrc8ejxk","previousEventId":"1qa9eny1l89tpfy","operationId":"sn306t89a047o61","previousOperationId":"iza6460ly78xz2g"}
{"type":"log","timestamp":1679261777441,"level":"debug","message":"Executing recipe chrome-pdf","meta":{"rootId":"7y7q2s65eh1npwc","id":"k6ks8zxcg1z2xl2"},"id":"0rbd7wa1k2x4qk7","previousOperationId":"sn306t89a047o61"}
{"type":"log","timestamp":1679261777444,"level":"debug","message":"Converting with chrome HeadlessChrome/105.0.5173.0 using chrome-pool strategy","meta":{"rootId":"7y7q2s65eh1npwc","id":"k6ks8zxcg1z2xl2"},"id":"5xluq6j5vt7bdc6","previousOperationId":"sn306t89a047o61"}
{"type":"log","timestamp":1679261777536,"level":"debug","message":"Page request: GET (document) file:///C:/Users/jiva1/AppData/Local/Temp/jsreport/autocleanup/43847eb8-9013-439e-b234-54b7ef8d457d-chrome-pdf.html","meta":{"rootId":"7y7q2s65eh1npwc","id":"k6ks8zxcg1z2xl2"},"id":"uua1w16h74mab0o","previousOperationId":"sn306t89a047o61"}
{"type":"log","timestamp":1679261777553,"level":"debug","message":"Page request finished: GET (document) 200 file:///C:/Users/jiva1/AppData/Local/Temp/jsreport/autocleanup/43847eb8-9013-439e-b234-54b7ef8d457d-chrome-pdf.html","meta":{"rootId":"7y7q2s65eh1npwc","id":"k6ks8zxcg1z2xl2"},"id":"3ttdhdvsjzsosz1","previousOperationId":"sn306t89a047o61"}
{"type":"log","timestamp":1679261777554,"level":"debug","message":"Page request: GET (stylesheet) https://cdnjs.cloudflare.com/ajax/libs/metro/4.1.5/css/metro.min.css","meta":{"rootId":"7y7q2s65eh1npwc","id":"k6ks8zxcg1z2xl2"},"id":"51uqv6wp5t49tu5","previousOperationId":"sn306t89a047o61"}
{"type":"log","timestamp":1679261777578,"level":"debug","message":"Page request finished: GET (stylesheet) 200 https://cdnjs.cloudflare.com/ajax/libs/metro/4.1.5/css/metro.min.css","meta":{"rootId":"7y7q2s65eh1npwc","id":"k6ks8zxcg1z2xl2"},"id":"s88m7vp6vfbvsgg","previousOperationId":"sn306t89a047o61"}
{"type":"log","timestamp":1679261777602,"level":"debug","message":"Running chrome with params {\"printBackground\":true,\"marginTop\":\"1.5cm\",\"marginRight\":\"1.5cm\",\"marginLeft\":\"1.cm\",\"timeout\":59316,\"margin\":{\"top\":\"1.5cm\",\"right\":\"1.5cm\",\"left\":\"1.cm\"}}","meta":{"rootId":"7y7q2s65eh1npwc","id":"k6ks8zxcg1z2xl2"},"id":"sxef3yfru08c4o7","previousOperationId":"sn306t89a047o61"}
{"type":"operationEnd","operationId":"sn306t89a047o61","timestamp":1679261777670,"id":"ttcvxr2n7lqopew","previousEventId":"w1c04k5wrc8ejxk","previousOperationId":"sn306t89a047o61"}
{"type":"log","timestamp":1679261777670,"level":"debug","message":"Skipping storing report.","meta":{"rootId":"7y7q2s65eh1npwc","id":"k6ks8zxcg1z2xl2"},"id":"p2mh5ezpcmbbx46","previousOperationId":"sn306t89a047o61"}
{"type":"log","timestamp":1679261777670,"level":"info","message":"Rendering (child) request finished in 911 ms","meta":{"rootId":"7y7q2s65eh1npwc","id":"k6ks8zxcg1z2xl2"},"id":"vl9vgn9ehwtli5m","previousOperationId":"sn306t89a047o61"}
{"type":"operationEnd","subtype":"render","operationId":"knrf6ay2ylz0ucd","timestamp":1679261777671,"id":"v7fjhmm4y9xiwnr","previousEventId":"ttcvxr2n7lqopew","previousOperationId":"sn306t89a047o61"}
{"type":"operationEnd","operationId":"lecnrjf0naq9sj1","timestamp":1679261777682,"id":"i8ug3cjwxknxuvt","previousEventId":"e81uchb4k6345xf","previousOperationId":"lecnrjf0naq9sj1"}
{"type":"log","timestamp":1679261777682,"level":"debug","message":"pdf-utils postproces start","meta":{"rootId":"7y7q2s65eh1npwc","id":"7y7q2s65eh1npwc"},"id":"4fuiyk1ctg2hy6m","previousOperationId":"lecnrjf0naq9sj1"}
{"type":"log","timestamp":1679261777691,"level":"debug","message":"pdf-utils postproces end","meta":{"rootId":"7y7q2s65eh1npwc","id":"7y7q2s65eh1npwc"},"id":"hz0qi4horw95wd3","previousOperationId":"lecnrjf0naq9sj1"}
{"type":"operationEnd","operationId":"nc13urz4v449ogb","timestamp":1679261777691,"id":"5o7gpxqvoui5svi","previousEventId":"i8ug3cjwxknxuvt","previousOperationId":"lecnrjf0naq9sj1"}
{"type":"log","timestamp":1679261777691,"level":"info","message":"pdf-utils pdf processing was finished","meta":{"rootId":"7y7q2s65eh1npwc","id":"7y7q2s65eh1npwc"},"id":"f6dqz43nz10x2rv","previousOperationId":"nc13urz4v449ogb"}
{"type":"log","timestamp":1679261777691,"level":"debug","message":"Skipping storing report.","meta":{"rootId":"7y7q2s65eh1npwc","id":"7y7q2s65eh1npwc"},"id":"puqj54hobs2u1by","previousOperationId":"nc13urz4v449ogb"}
{"type":"log","timestamp":1679261777691,"level":"info","message":"Rendering request 4 finished in 932 ms","meta":{"rootId":"7y7q2s65eh1npwc","id":"7y7q2s65eh1npwc"},"id":"pqrnk5ekqgcm8sp","previousOperationId":"nc13urz4v449ogb"}
{"type":"operationEnd","subtype":"render","operationId":"ld3czvnwk42oscb","timestamp":1679261777691,"id":"awpwzz5n4f01c3j","previousEventId":"5o7gpxqvoui5svi","previousOperationId":"nc13urz4v449ogb"}
{"type":"operationEnd","doDiffs":false,"previousEventId":"dr2jbgkvncg1429","previousOperationId":"uwc486h7tivllqs","operationId":"uwc486h7tivllqs","timestamp":1679261777704,"id":"i6lgp71riyyriwp"}
