{"type":"operationStart","subtype":"profile","data":{"_id":"d6fNZP2h6VnxMHjf","timestamp":"2023-02-24T16:53:10.301Z","state":"queued","mode":"standard","creationDate":"2023-02-24T16:53:10.303Z","modificationDate":"2023-02-24T16:53:10.303Z","shortid":"u5YTCuK","$entitySet":"profiles"},"doDiffs":false,"timestamp":1677257590302,"id":"ewm6lr7eikh5khx","previousOperationId":null,"operationId":"aoio2h767da0d1q"}
{"type":"log","level":"info","message":"Render request 2 queued for execution and waiting for available worker","previousOperationId":"aoio2h767da0d1q","timestamp":1677257590302,"id":"y77kjktqne5d60z"}
{"type":"operationStart","subtype":"render","name":"musicians-main","previousOperationId":"aoio2h767da0d1q","timestamp":1677257590306,"id":"zmpml1gpqt0ufvg","previousEventId":"ewm6lr7eikh5khx","operationId":"xk9n89peyhvqn5y"}
{"type":"log","timestamp":1677257590306,"level":"info","message":"Starting rendering request 2","meta":{"rootId":"atztz2ek9tdljkh","id":"atztz2ek9tdljkh"},"id":"08hpb6ij7xuzg9n","previousOperationId":"xk9n89peyhvqn5y"}
{"type":"log","timestamp":1677257590307,"level":"info","message":"Rendering template { name: musicians-main, recipe: chrome-pdf, engine: handlebars, preview: false }","meta":{"rootId":"atztz2ek9tdljkh","id":"atztz2ek9tdljkh"},"id":"v7hiu7kdpa17vhe","previousOperationId":"xk9n89peyhvqn5y"}
{"type":"log","timestamp":1677257590308,"level":"debug","message":"Data item not defined for this template.","meta":{"rootId":"atztz2ek9tdljkh","id":"atztz2ek9tdljkh"},"id":"51cvqutber6svl4","previousOperationId":"xk9n89peyhvqn5y"}
{"type":"log","timestamp":1677257590312,"level":"debug","message":"Executing script musicians-script (beforeRender)","meta":{"rootId":"atztz2ek9tdljkh","id":"atztz2ek9tdljkh"},"id":"oj7ls2klqwwt0nw","previousOperationId":"xk9n89peyhvqn5y"}
{"type":"operationStart","subtype":"scriptsBeforeRender","name":"scripts beforeRender","timestamp":1677257590799,"id":"0147hfln9yxguv5","previousEventId":"zmpml1gpqt0ufvg","operationId":"llav1ffgze0dalq","previousOperationId":"xk9n89peyhvqn5y"}
{"type":"operationStart","subtype":"script","name":"scripts musicians-script","previousOperationId":"llav1ffgze0dalq","timestamp":1677257590799,"id":"sav0i1vjac9eyi3","previousEventId":"0147hfln9yxguv5","operationId":"lus901ststvxmho"}
{"type":"log","timestamp":1677257591104,"level":"debug","message":"(console:log) [ 0, 1 ]","meta":{"userLevel":true,"rootId":"atztz2ek9tdljkh","id":"atztz2ek9tdljkh"},"id":"d9vsm0qltc0il06","previousOperationId":"lus901ststvxmho"}
{"type":"operationEnd","operationId":"lus901ststvxmho","timestamp":1677257591105,"id":"ch3jkp62gfo8uwc","previousEventId":"zmpml1gpqt0ufvg","previousOperationId":"xk9n89peyhvqn5y"}
{"type":"operationEnd","operationId":"llav1ffgze0dalq","timestamp":1677257591105,"id":"1diadg6yt17uf7n","previousEventId":"ch3jkp62gfo8uwc","previousOperationId":"xk9n89peyhvqn5y"}
{"type":"log","timestamp":1677257591105,"level":"debug","message":"Base url not specified, skipping its injection.","meta":{"rootId":"atztz2ek9tdljkh","id":"atztz2ek9tdljkh"},"id":"3xg687kr3ic829u","previousOperationId":"llav1ffgze0dalq"}
{"type":"operationStart","subtype":"engine","name":"handlebars","timestamp":1677257591106,"id":"iupot5hhvw6x4d4","previousEventId":"1diadg6yt17uf7n","operationId":"21ygh41zatnat8j","previousOperationId":"llav1ffgze0dalq"}
{"type":"log","timestamp":1677257591106,"level":"debug","message":"Rendering engine handlebars","meta":{"rootId":"atztz2ek9tdljkh","id":"atztz2ek9tdljkh"},"id":"izk9xrt2dzaq7qi","previousOperationId":"21ygh41zatnat8j"}
{"type":"operationEnd","operationId":"21ygh41zatnat8j","timestamp":1677257591457,"id":"6xx4gkd0zvfr4ip","previousEventId":"iupot5hhvw6x4d4","previousOperationId":"21ygh41zatnat8j"}
{"type":"operationStart","subtype":"recipe","name":"chrome-pdf","timestamp":1677257591458,"id":"i1e2uwujqfdy8zc","previousEventId":"6xx4gkd0zvfr4ip","operationId":"z7kjb5b3xivw5h4","previousOperationId":"21ygh41zatnat8j"}
{"type":"log","timestamp":1677257591458,"level":"debug","message":"Executing recipe chrome-pdf","meta":{"rootId":"atztz2ek9tdljkh","id":"atztz2ek9tdljkh"},"id":"l2c3jxmgsjhca9t","previousOperationId":"z7kjb5b3xivw5h4"}
{"type":"log","timestamp":1677257592505,"level":"debug","message":"Converting with chrome HeadlessChrome/105.0.5173.0 using chrome-pool strategy","meta":{"rootId":"atztz2ek9tdljkh","id":"atztz2ek9tdljkh"},"id":"9g5jc96sf66z1ex","previousOperationId":"z7kjb5b3xivw5h4"}
{"type":"log","timestamp":1677257593177,"level":"debug","message":"Page request: GET (document) file:///C:/Users/pollo/AppData/Local/Temp/jsreport/autocleanup/8af9b3fa-c53d-48dd-8675-7b8a1cf012e9-chrome-pdf.html","meta":{"rootId":"atztz2ek9tdljkh","id":"atztz2ek9tdljkh"},"id":"l6ihvohbnnoug43","previousOperationId":"z7kjb5b3xivw5h4"}
{"type":"log","timestamp":1677257593198,"level":"debug","message":"Page request finished: GET (document) 200 file:///C:/Users/pollo/AppData/Local/Temp/jsreport/autocleanup/8af9b3fa-c53d-48dd-8675-7b8a1cf012e9-chrome-pdf.html","meta":{"rootId":"atztz2ek9tdljkh","id":"atztz2ek9tdljkh"},"id":"jtm3lm18nf1tebv","previousOperationId":"z7kjb5b3xivw5h4"}
{"type":"log","timestamp":1677257593198,"level":"debug","message":"Page request: GET (stylesheet) https://cdnjs.cloudflare.com/ajax/libs/metro/4.1.5/css/metro.min.css","meta":{"rootId":"atztz2ek9tdljkh","id":"atztz2ek9tdljkh"},"id":"jvzpvqqvfr8s75z","previousOperationId":"z7kjb5b3xivw5h4"}
{"type":"log","timestamp":1677257593198,"level":"debug","message":"Page request: GET (script) https://cdn.jsdelivr.net/npm/chart.js","meta":{"rootId":"atztz2ek9tdljkh","id":"atztz2ek9tdljkh"},"id":"u5tllxmj56xrpo2","previousOperationId":"z7kjb5b3xivw5h4"}
{"type":"log","timestamp":1677257595734,"level":"debug","message":"Page request finished: GET (stylesheet) 200 https://cdnjs.cloudflare.com/ajax/libs/metro/4.1.5/css/metro.min.css","meta":{"rootId":"atztz2ek9tdljkh","id":"atztz2ek9tdljkh"},"id":"5q5sh06fa8mdcfn","previousOperationId":"z7kjb5b3xivw5h4"}
{"type":"log","timestamp":1677257595734,"level":"debug","message":"Page request finished: GET (script) 200 https://cdn.jsdelivr.net/npm/chart.js","meta":{"rootId":"atztz2ek9tdljkh","id":"atztz2ek9tdljkh"},"id":"3joeja16y19ti29","previousOperationId":"z7kjb5b3xivw5h4"}
{"type":"log","timestamp":1677257595955,"level":"debug","message":"Running chrome with params {\"printBackground\":true,\"marginTop\":\"4cm\",\"marginRight\":\"1.5cm\",\"marginBottom\":\"1.5cm\",\"marginLeft\":\"1.5cm\",\"waitForJS\":false,\"timeout\":58623,\"margin\":{\"top\":\"4cm\",\"right\":\"1.5cm\",\"bottom\":\"1.5cm\",\"left\":\"1.5cm\"}}","meta":{"rootId":"atztz2ek9tdljkh","id":"atztz2ek9tdljkh"},"id":"zoajsacl9zyt2jj","previousOperationId":"z7kjb5b3xivw5h4"}
{"type":"operationEnd","operationId":"z7kjb5b3xivw5h4","timestamp":1677257596053,"id":"e30nqb5c3ja458p","previousEventId":"i1e2uwujqfdy8zc","previousOperationId":"z7kjb5b3xivw5h4"}
{"type":"log","timestamp":1677257596053,"level":"info","message":"pdf-utils is starting pdf processing","meta":{"rootId":"atztz2ek9tdljkh","id":"atztz2ek9tdljkh"},"id":"g18twtb61fnvi08","previousOperationId":"z7kjb5b3xivw5h4"}
{"type":"operationStart","subtype":"pdfUtils","name":"pdf utils","timestamp":1677257596388,"id":"d3raz4d89nz5esz","previousEventId":"e30nqb5c3ja458p","operationId":"vwwd1lsgab7nw0m","previousOperationId":"z7kjb5b3xivw5h4"}
{"type":"log","timestamp":1677257596388,"level":"debug","message":"pdf-utils detected 1 pdf operation(s) to process","meta":{"rootId":"atztz2ek9tdljkh","id":"atztz2ek9tdljkh"},"id":"21nq1wfia46kw8p","previousOperationId":"vwwd1lsgab7nw0m"}
{"type":"log","timestamp":1677257596637,"level":"debug","message":"pdf-utils running pdf operation merge","meta":{"rootId":"atztz2ek9tdljkh","id":"atztz2ek9tdljkh"},"id":"1llf5kr3gnou3wj","previousOperationId":"vwwd1lsgab7nw0m"}
{"type":"operationStart","subtype":"pdfUtilsMerge","name":"pdf utils merge","previousOperationId":"vwwd1lsgab7nw0m","timestamp":1677257596637,"id":"3jphhxwef1qe349","previousEventId":"d3raz4d89nz5esz","operationId":"diufhfp2znl56au"}
{"type":"operationStart","subtype":"render","name":"musicians-header","previousOperationId":"diufhfp2znl56au","timestamp":1677257596640,"id":"7ptgr39sj3pauo6","previousEventId":"3jphhxwef1qe349","operationId":"k027a8dl2fhpg3j"}
{"type":"log","timestamp":1677257596640,"level":"info","message":"Starting rendering (child) request","meta":{"rootId":"atztz2ek9tdljkh","id":"47agx1y2tocsgl1"},"id":"wkbz8zq5itgqxew","previousOperationId":"k027a8dl2fhpg3j"}
{"type":"log","timestamp":1677257596640,"level":"info","message":"Rendering template { name: musicians-header, recipe: chrome-pdf, engine: handlebars, preview: false }","meta":{"rootId":"atztz2ek9tdljkh","id":"47agx1y2tocsgl1"},"id":"u3kdlrvnjtso44z","previousOperationId":"k027a8dl2fhpg3j"}
{"type":"log","timestamp":1677257596641,"level":"debug","message":"Inline data specified.","meta":{"rootId":"atztz2ek9tdljkh","id":"47agx1y2tocsgl1"},"id":"79endpnbtajvu8i","previousOperationId":"k027a8dl2fhpg3j"}
{"type":"log","timestamp":1677257596644,"level":"debug","message":"Base url not specified, skipping its injection.","meta":{"rootId":"atztz2ek9tdljkh","id":"47agx1y2tocsgl1"},"id":"y9qhic9nlt7uqw9","previousOperationId":"k027a8dl2fhpg3j"}
{"type":"operationStart","subtype":"engine","name":"handlebars","timestamp":1677257596645,"id":"1to3l7qldlljdsi","previousEventId":"7ptgr39sj3pauo6","operationId":"dfxbk8yv90vp3bu","previousOperationId":"k027a8dl2fhpg3j"}
{"type":"log","timestamp":1677257596645,"level":"debug","message":"Rendering engine handlebars","meta":{"rootId":"atztz2ek9tdljkh","id":"47agx1y2tocsgl1"},"id":"g4b2a301i71hibp","previousOperationId":"dfxbk8yv90vp3bu"}
{"type":"operationEnd","operationId":"dfxbk8yv90vp3bu","timestamp":1677257596687,"id":"je6xnvzc8lvqmhy","previousEventId":"1to3l7qldlljdsi","previousOperationId":"dfxbk8yv90vp3bu"}
{"type":"operationStart","subtype":"recipe","name":"chrome-pdf","timestamp":1677257596687,"id":"ofet0khfz0ofoam","previousEventId":"je6xnvzc8lvqmhy","operationId":"8knir361o9ev40e","previousOperationId":"dfxbk8yv90vp3bu"}
{"type":"log","timestamp":1677257596687,"level":"debug","message":"Executing recipe chrome-pdf","meta":{"rootId":"atztz2ek9tdljkh","id":"47agx1y2tocsgl1"},"id":"jsp1dxftyoxijtt","previousOperationId":"8knir361o9ev40e"}
{"type":"log","timestamp":1677257596690,"level":"debug","message":"Converting with chrome HeadlessChrome/105.0.5173.0 using chrome-pool strategy","meta":{"rootId":"atztz2ek9tdljkh","id":"47agx1y2tocsgl1"},"id":"k88cxwdi30i0lcl","previousOperationId":"8knir361o9ev40e"}
{"type":"log","timestamp":1677257596779,"level":"debug","message":"Page request: GET (document) file:///C:/Users/pollo/AppData/Local/Temp/jsreport/autocleanup/4ba3300b-f3d1-4162-9410-42ef95a395c2-chrome-pdf.html","meta":{"rootId":"atztz2ek9tdljkh","id":"47agx1y2tocsgl1"},"id":"1es1q82nh615zmu","previousOperationId":"8knir361o9ev40e"}
{"type":"log","timestamp":1677257596793,"level":"debug","message":"Page request finished: GET (document) 200 file:///C:/Users/pollo/AppData/Local/Temp/jsreport/autocleanup/4ba3300b-f3d1-4162-9410-42ef95a395c2-chrome-pdf.html","meta":{"rootId":"atztz2ek9tdljkh","id":"47agx1y2tocsgl1"},"id":"i4ghfre4ypiy9fh","previousOperationId":"8knir361o9ev40e"}
{"type":"log","timestamp":1677257596793,"level":"debug","message":"Page request: GET (stylesheet) https://cdnjs.cloudflare.com/ajax/libs/metro/4.1.5/css/metro.min.css","meta":{"rootId":"atztz2ek9tdljkh","id":"47agx1y2tocsgl1"},"id":"fjhigu1ldqcqkmm","previousOperationId":"8knir361o9ev40e"}
{"type":"log","timestamp":1677257596818,"level":"debug","message":"Page request finished: GET (stylesheet) 200 https://cdnjs.cloudflare.com/ajax/libs/metro/4.1.5/css/metro.min.css","meta":{"rootId":"atztz2ek9tdljkh","id":"47agx1y2tocsgl1"},"id":"gs7gsidn22n3io7","previousOperationId":"8knir361o9ev40e"}
{"type":"log","timestamp":1677257596839,"level":"debug","message":"Running chrome with params {\"printBackground\":true,\"marginTop\":\"1.5cm\",\"marginRight\":\"1.5cm\",\"marginLeft\":\"1.cm\",\"timeout\":53612,\"margin\":{\"top\":\"1.5cm\",\"right\":\"1.5cm\",\"left\":\"1.cm\"}}","meta":{"rootId":"atztz2ek9tdljkh","id":"47agx1y2tocsgl1"},"id":"hsmsrx4kdnxkmdv","previousOperationId":"8knir361o9ev40e"}
{"type":"operationEnd","operationId":"8knir361o9ev40e","timestamp":1677257596894,"id":"jtlgkh2tmz5np13","previousEventId":"ofet0khfz0ofoam","previousOperationId":"8knir361o9ev40e"}
{"type":"log","timestamp":1677257596895,"level":"debug","message":"Skipping storing report.","meta":{"rootId":"atztz2ek9tdljkh","id":"47agx1y2tocsgl1"},"id":"62pseazdih5mhi9","previousOperationId":"8knir361o9ev40e"}
{"type":"log","timestamp":1677257596895,"level":"info","message":"Rendering (child) request finished in 6594 ms","meta":{"rootId":"atztz2ek9tdljkh","id":"47agx1y2tocsgl1"},"id":"01q9tq1sby4qtoy","previousOperationId":"8knir361o9ev40e"}
{"type":"operationEnd","subtype":"render","operationId":"k027a8dl2fhpg3j","timestamp":1677257596895,"id":"0omt0tldwf183jq","previousEventId":"jtlgkh2tmz5np13","previousOperationId":"8knir361o9ev40e"}
{"type":"operationEnd","operationId":"diufhfp2znl56au","timestamp":1677257596919,"id":"lox5kn953kxl8wo","previousEventId":"3jphhxwef1qe349","previousOperationId":"diufhfp2znl56au"}
{"type":"log","timestamp":1677257596919,"level":"debug","message":"pdf-utils postproces start","meta":{"rootId":"atztz2ek9tdljkh","id":"atztz2ek9tdljkh"},"id":"ig65v1yx48wauhv","previousOperationId":"diufhfp2znl56au"}
{"type":"log","timestamp":1677257596932,"level":"debug","message":"pdf-utils postproces end","meta":{"rootId":"atztz2ek9tdljkh","id":"atztz2ek9tdljkh"},"id":"k5gcz0es99m5ori","previousOperationId":"diufhfp2znl56au"}
{"type":"operationEnd","operationId":"vwwd1lsgab7nw0m","timestamp":1677257596932,"id":"0nu1i1sz92ctnt4","previousEventId":"lox5kn953kxl8wo","previousOperationId":"diufhfp2znl56au"}
{"type":"log","timestamp":1677257596932,"level":"info","message":"pdf-utils pdf processing was finished","meta":{"rootId":"atztz2ek9tdljkh","id":"atztz2ek9tdljkh"},"id":"lx0hj8j60jb40bs","previousOperationId":"vwwd1lsgab7nw0m"}
{"type":"log","timestamp":1677257596932,"level":"debug","message":"Skipping storing report.","meta":{"rootId":"atztz2ek9tdljkh","id":"atztz2ek9tdljkh"},"id":"z349aahn6eqbftj","previousOperationId":"vwwd1lsgab7nw0m"}
{"type":"log","timestamp":1677257596932,"level":"info","message":"Rendering request 2 finished in 6631 ms","meta":{"rootId":"atztz2ek9tdljkh","id":"atztz2ek9tdljkh"},"id":"3yijkj6lekhf0fr","previousOperationId":"vwwd1lsgab7nw0m"}
{"type":"operationEnd","subtype":"render","operationId":"xk9n89peyhvqn5y","timestamp":1677257596932,"id":"s5ufh9g8pqdixc0","previousEventId":"0nu1i1sz92ctnt4","previousOperationId":"vwwd1lsgab7nw0m"}
{"type":"operationEnd","doDiffs":false,"previousEventId":"ewm6lr7eikh5khx","previousOperationId":"aoio2h767da0d1q","operationId":"aoio2h767da0d1q","timestamp":1677257596937,"id":"yfek9novir2swuo"}
