{"type":"operationStart","subtype":"profile","data":{"_id":"ozodwUpjNJnc7M1d","timestamp":"2023-02-24T16:53:55.544Z","state":"queued","mode":"standard","creationDate":"2023-02-24T16:53:55.546Z","modificationDate":"2023-02-24T16:53:55.546Z","shortid":"xo5tU_H","$entitySet":"profiles"},"doDiffs":false,"timestamp":1677257635545,"id":"7mzchilf89sm7de","previousOperationId":null,"operationId":"m0tk0pawpg5cnkt"}
{"type":"log","level":"info","message":"Render request 5 queued for execution and waiting for available worker","previousOperationId":"m0tk0pawpg5cnkt","timestamp":1677257635545,"id":"v2awbkqb2ix5xss"}
{"type":"operationStart","subtype":"render","name":"musicians-main","previousOperationId":"m0tk0pawpg5cnkt","timestamp":1677257635551,"id":"osu05rzumdu1cl5","previousEventId":"7mzchilf89sm7de","operationId":"oa6pxzac5p6ofd7"}
{"type":"log","timestamp":1677257635551,"level":"info","message":"Starting rendering request 5","meta":{"rootId":"baj3m1f6tjgom6o","id":"baj3m1f6tjgom6o"},"id":"235480j501lco2x","previousOperationId":"oa6pxzac5p6ofd7"}
{"type":"log","timestamp":1677257635551,"level":"info","message":"Rendering template { name: musicians-main, recipe: chrome-pdf, engine: handlebars, preview: false }","meta":{"rootId":"baj3m1f6tjgom6o","id":"baj3m1f6tjgom6o"},"id":"rgn5roufylorjbm","previousOperationId":"oa6pxzac5p6ofd7"}
{"type":"log","timestamp":1677257635552,"level":"debug","message":"Data item not defined for this template.","meta":{"rootId":"baj3m1f6tjgom6o","id":"baj3m1f6tjgom6o"},"id":"8rs1ed8f902l8vn","previousOperationId":"oa6pxzac5p6ofd7"}
{"type":"log","timestamp":1677257635555,"level":"debug","message":"Executing script musicians-script (beforeRender)","meta":{"rootId":"baj3m1f6tjgom6o","id":"baj3m1f6tjgom6o"},"id":"zgeeyev7p8z5odj","previousOperationId":"oa6pxzac5p6ofd7"}
{"type":"operationStart","subtype":"scriptsBeforeRender","name":"scripts beforeRender","timestamp":1677257635580,"id":"kx40ni710j33une","previousEventId":"osu05rzumdu1cl5","operationId":"j3h7fua7zu4h027","previousOperationId":"oa6pxzac5p6ofd7"}
{"type":"operationStart","subtype":"script","name":"scripts musicians-script","previousOperationId":"j3h7fua7zu4h027","timestamp":1677257635580,"id":"5gwk1qyqqjb1ex1","previousEventId":"kx40ni710j33une","operationId":"cey7792kgatd8ln"}
{"type":"log","timestamp":1677257635767,"level":"debug","message":"(console:log) [ 0, 1 ]","meta":{"userLevel":true,"rootId":"baj3m1f6tjgom6o","id":"baj3m1f6tjgom6o"},"id":"6oal0vj7cdu08hx","previousOperationId":"cey7792kgatd8ln"}
{"type":"operationEnd","operationId":"cey7792kgatd8ln","timestamp":1677257635768,"id":"5ddvj7yi70u2b89","previousEventId":"osu05rzumdu1cl5","previousOperationId":"oa6pxzac5p6ofd7"}
{"type":"operationEnd","operationId":"j3h7fua7zu4h027","timestamp":1677257635768,"id":"q2ip4tzw7ip4zhe","previousEventId":"5ddvj7yi70u2b89","previousOperationId":"oa6pxzac5p6ofd7"}
{"type":"log","timestamp":1677257635768,"level":"debug","message":"Base url not specified, skipping its injection.","meta":{"rootId":"baj3m1f6tjgom6o","id":"baj3m1f6tjgom6o"},"id":"1vbmnzzecqhaker","previousOperationId":"j3h7fua7zu4h027"}
{"type":"operationStart","subtype":"engine","name":"handlebars","timestamp":1677257635768,"id":"ojrcqbmvnmkzafn","previousEventId":"q2ip4tzw7ip4zhe","operationId":"8ep9s411umxhe8z","previousOperationId":"j3h7fua7zu4h027"}
{"type":"log","timestamp":1677257635768,"level":"debug","message":"Rendering engine handlebars","meta":{"rootId":"baj3m1f6tjgom6o","id":"baj3m1f6tjgom6o"},"id":"lwkwrbxpxqbk00k","previousOperationId":"8ep9s411umxhe8z"}
{"type":"operationEnd","operationId":"8ep9s411umxhe8z","timestamp":1677257635777,"id":"hmk4oc1q0v5nlq0","previousEventId":"ojrcqbmvnmkzafn","previousOperationId":"8ep9s411umxhe8z"}
{"type":"operationStart","subtype":"recipe","name":"chrome-pdf","timestamp":1677257635777,"id":"03n4drjvbufwygn","previousEventId":"hmk4oc1q0v5nlq0","operationId":"630vg0unpwdl6be","previousOperationId":"8ep9s411umxhe8z"}
{"type":"log","timestamp":1677257635777,"level":"debug","message":"Executing recipe chrome-pdf","meta":{"rootId":"baj3m1f6tjgom6o","id":"baj3m1f6tjgom6o"},"id":"udnf2gmkc0qzmsm","previousOperationId":"630vg0unpwdl6be"}
{"type":"log","timestamp":1677257635780,"level":"debug","message":"Converting with chrome HeadlessChrome/105.0.5173.0 using chrome-pool strategy","meta":{"rootId":"baj3m1f6tjgom6o","id":"baj3m1f6tjgom6o"},"id":"gsaw2vegw4bqoqu","previousOperationId":"630vg0unpwdl6be"}
{"type":"log","timestamp":1677257635868,"level":"debug","message":"Page request: GET (document) file:///C:/Users/pollo/AppData/Local/Temp/jsreport/autocleanup/c12f99f0-2120-4f3e-9917-5891a778b66a-chrome-pdf.html","meta":{"rootId":"baj3m1f6tjgom6o","id":"baj3m1f6tjgom6o"},"id":"4seu9iycftllgfx","previousOperationId":"630vg0unpwdl6be"}
{"type":"log","timestamp":1677257635878,"level":"debug","message":"Page request finished: GET (document) 200 file:///C:/Users/pollo/AppData/Local/Temp/jsreport/autocleanup/c12f99f0-2120-4f3e-9917-5891a778b66a-chrome-pdf.html","meta":{"rootId":"baj3m1f6tjgom6o","id":"baj3m1f6tjgom6o"},"id":"1nh3d4dzet1hqqp","previousOperationId":"630vg0unpwdl6be"}
{"type":"log","timestamp":1677257635878,"level":"debug","message":"Page request: GET (stylesheet) https://cdnjs.cloudflare.com/ajax/libs/metro/4.1.5/css/metro.min.css","meta":{"rootId":"baj3m1f6tjgom6o","id":"baj3m1f6tjgom6o"},"id":"tjzmvb8128or09i","previousOperationId":"630vg0unpwdl6be"}
{"type":"log","timestamp":1677257635878,"level":"debug","message":"Page request: GET (script) https://cdn.jsdelivr.net/npm/chart.js","meta":{"rootId":"baj3m1f6tjgom6o","id":"baj3m1f6tjgom6o"},"id":"esx0qwedvr4s2wu","previousOperationId":"630vg0unpwdl6be"}
{"type":"log","timestamp":1677257635884,"level":"debug","message":"Page request finished: GET (script) 200 https://cdn.jsdelivr.net/npm/chart.js","meta":{"rootId":"baj3m1f6tjgom6o","id":"baj3m1f6tjgom6o"},"id":"yizbsohza2ulmj5","previousOperationId":"630vg0unpwdl6be"}
{"type":"log","timestamp":1677257635901,"level":"debug","message":"Page request finished: GET (stylesheet) 200 https://cdnjs.cloudflare.com/ajax/libs/metro/4.1.5/css/metro.min.css","meta":{"rootId":"baj3m1f6tjgom6o","id":"baj3m1f6tjgom6o"},"id":"z56qlxi8jrn4044","previousOperationId":"630vg0unpwdl6be"}
{"type":"log","timestamp":1677257636006,"level":"debug","message":"Running chrome with params {\"printBackground\":true,\"marginTop\":\"4cm\",\"marginRight\":\"1.5cm\",\"marginBottom\":\"1.5cm\",\"marginLeft\":\"1.5cm\",\"waitForJS\":false,\"timeout\":59764,\"margin\":{\"top\":\"4cm\",\"right\":\"1.5cm\",\"bottom\":\"1.5cm\",\"left\":\"1.5cm\"}}","meta":{"rootId":"baj3m1f6tjgom6o","id":"baj3m1f6tjgom6o"},"id":"1efv1sbatkf3qdx","previousOperationId":"630vg0unpwdl6be"}
{"type":"operationEnd","operationId":"630vg0unpwdl6be","timestamp":1677257636099,"id":"6aarmkxv8rzdu5t","previousEventId":"03n4drjvbufwygn","previousOperationId":"630vg0unpwdl6be"}
{"type":"log","timestamp":1677257636099,"level":"info","message":"pdf-utils is starting pdf processing","meta":{"rootId":"baj3m1f6tjgom6o","id":"baj3m1f6tjgom6o"},"id":"tyqwa08gccbogz7","previousOperationId":"630vg0unpwdl6be"}
{"type":"operationStart","subtype":"pdfUtils","name":"pdf utils","timestamp":1677257636099,"id":"gtaoc13ntn0y9d5","previousEventId":"6aarmkxv8rzdu5t","operationId":"qpqoigvkzb23f19","previousOperationId":"630vg0unpwdl6be"}
{"type":"log","timestamp":1677257636099,"level":"debug","message":"pdf-utils detected 1 pdf operation(s) to process","meta":{"rootId":"baj3m1f6tjgom6o","id":"baj3m1f6tjgom6o"},"id":"cece3rwq6huj3te","previousOperationId":"qpqoigvkzb23f19"}
{"type":"log","timestamp":1677257636129,"level":"debug","message":"pdf-utils running pdf operation merge","meta":{"rootId":"baj3m1f6tjgom6o","id":"baj3m1f6tjgom6o"},"id":"a12y82wpoxfl0pb","previousOperationId":"qpqoigvkzb23f19"}
{"type":"operationStart","subtype":"pdfUtilsMerge","name":"pdf utils merge","previousOperationId":"qpqoigvkzb23f19","timestamp":1677257636129,"id":"e4rxg5v9wwbw9dc","previousEventId":"gtaoc13ntn0y9d5","operationId":"huq7fpw0ymu55gv"}
{"type":"operationStart","subtype":"render","name":"musicians-header","previousOperationId":"huq7fpw0ymu55gv","timestamp":1677257636130,"id":"4pogu3sryd8gyit","previousEventId":"e4rxg5v9wwbw9dc","operationId":"fhcquro3bbkdznl"}
{"type":"log","timestamp":1677257636130,"level":"info","message":"Starting rendering (child) request","meta":{"rootId":"baj3m1f6tjgom6o","id":"64mobtb3o9jw39n"},"id":"qgg4vu76rqyjoyp","previousOperationId":"fhcquro3bbkdznl"}
{"type":"log","timestamp":1677257636131,"level":"info","message":"Rendering template { name: musicians-header, recipe: chrome-pdf, engine: handlebars, preview: false }","meta":{"rootId":"baj3m1f6tjgom6o","id":"64mobtb3o9jw39n"},"id":"lvugftoccj8ykrp","previousOperationId":"fhcquro3bbkdznl"}
{"type":"log","timestamp":1677257636131,"level":"debug","message":"Inline data specified.","meta":{"rootId":"baj3m1f6tjgom6o","id":"64mobtb3o9jw39n"},"id":"y2fey3hjgvt9b1g","previousOperationId":"fhcquro3bbkdznl"}
{"type":"log","timestamp":1677257636133,"level":"debug","message":"Base url not specified, skipping its injection.","meta":{"rootId":"baj3m1f6tjgom6o","id":"64mobtb3o9jw39n"},"id":"kfznmixvdgjfwdy","previousOperationId":"fhcquro3bbkdznl"}
{"type":"operationStart","subtype":"engine","name":"handlebars","timestamp":1677257636134,"id":"c1wgywgktfvprcq","previousEventId":"4pogu3sryd8gyit","operationId":"6hz827878ufqsbc","previousOperationId":"fhcquro3bbkdznl"}
{"type":"log","timestamp":1677257636134,"level":"debug","message":"Rendering engine handlebars","meta":{"rootId":"baj3m1f6tjgom6o","id":"64mobtb3o9jw39n"},"id":"9jb5lhkdmzhlese","previousOperationId":"6hz827878ufqsbc"}
{"type":"operationEnd","operationId":"6hz827878ufqsbc","timestamp":1677257636147,"id":"umupd6i7v4olvoe","previousEventId":"c1wgywgktfvprcq","previousOperationId":"6hz827878ufqsbc"}
{"type":"operationStart","subtype":"recipe","name":"chrome-pdf","timestamp":1677257636147,"id":"5lg4q74tnr5ugxb","previousEventId":"umupd6i7v4olvoe","operationId":"a2c90wwbh4hde4y","previousOperationId":"6hz827878ufqsbc"}
{"type":"log","timestamp":1677257636147,"level":"debug","message":"Executing recipe chrome-pdf","meta":{"rootId":"baj3m1f6tjgom6o","id":"64mobtb3o9jw39n"},"id":"46zl8a1dclfz7zy","previousOperationId":"a2c90wwbh4hde4y"}
{"type":"log","timestamp":1677257636150,"level":"debug","message":"Converting with chrome HeadlessChrome/105.0.5173.0 using chrome-pool strategy","meta":{"rootId":"baj3m1f6tjgom6o","id":"64mobtb3o9jw39n"},"id":"a93f5tpfgtga498","previousOperationId":"a2c90wwbh4hde4y"}
{"type":"log","timestamp":1677257636237,"level":"debug","message":"Page request: GET (document) file:///C:/Users/pollo/AppData/Local/Temp/jsreport/autocleanup/106b0f9a-8844-4570-a8ca-690dd84f58d6-chrome-pdf.html","meta":{"rootId":"baj3m1f6tjgom6o","id":"64mobtb3o9jw39n"},"id":"nd2mw0wx0qezddo","previousOperationId":"a2c90wwbh4hde4y"}
{"type":"log","timestamp":1677257636246,"level":"debug","message":"Page request finished: GET (document) 200 file:///C:/Users/pollo/AppData/Local/Temp/jsreport/autocleanup/106b0f9a-8844-4570-a8ca-690dd84f58d6-chrome-pdf.html","meta":{"rootId":"baj3m1f6tjgom6o","id":"64mobtb3o9jw39n"},"id":"hh2bvc7qs6bsgly","previousOperationId":"a2c90wwbh4hde4y"}
{"type":"log","timestamp":1677257636246,"level":"debug","message":"Page request: GET (stylesheet) https://cdnjs.cloudflare.com/ajax/libs/metro/4.1.5/css/metro.min.css","meta":{"rootId":"baj3m1f6tjgom6o","id":"64mobtb3o9jw39n"},"id":"7ybuu0fot4cucto","previousOperationId":"a2c90wwbh4hde4y"}
{"type":"log","timestamp":1677257636266,"level":"debug","message":"Page request finished: GET (stylesheet) 200 https://cdnjs.cloudflare.com/ajax/libs/metro/4.1.5/css/metro.min.css","meta":{"rootId":"baj3m1f6tjgom6o","id":"64mobtb3o9jw39n"},"id":"f7fnm8cigvlna3y","previousOperationId":"a2c90wwbh4hde4y"}
{"type":"log","timestamp":1677257636288,"level":"debug","message":"Running chrome with params {\"printBackground\":true,\"marginTop\":\"1.5cm\",\"marginRight\":\"1.5cm\",\"marginLeft\":\"1.cm\",\"timeout\":59394,\"margin\":{\"top\":\"1.5cm\",\"right\":\"1.5cm\",\"left\":\"1.cm\"}}","meta":{"rootId":"baj3m1f6tjgom6o","id":"64mobtb3o9jw39n"},"id":"185dlsg3wbt9mje","previousOperationId":"a2c90wwbh4hde4y"}
{"type":"operationEnd","operationId":"a2c90wwbh4hde4y","timestamp":1677257636342,"id":"n01pkz7zpolsu27","previousEventId":"5lg4q74tnr5ugxb","previousOperationId":"a2c90wwbh4hde4y"}
{"type":"log","timestamp":1677257636343,"level":"debug","message":"Skipping storing report.","meta":{"rootId":"baj3m1f6tjgom6o","id":"64mobtb3o9jw39n"},"id":"0dbbw5t1ynp7jrt","previousOperationId":"a2c90wwbh4hde4y"}
{"type":"log","timestamp":1677257636343,"level":"info","message":"Rendering (child) request finished in 800 ms","meta":{"rootId":"baj3m1f6tjgom6o","id":"64mobtb3o9jw39n"},"id":"fhd74er06t5ijle","previousOperationId":"a2c90wwbh4hde4y"}
{"type":"operationEnd","subtype":"render","operationId":"fhcquro3bbkdznl","timestamp":1677257636343,"id":"o25rukot3qgwvl7","previousEventId":"n01pkz7zpolsu27","previousOperationId":"a2c90wwbh4hde4y"}
{"type":"operationEnd","operationId":"huq7fpw0ymu55gv","timestamp":1677257636351,"id":"bio74t0kron6wws","previousEventId":"e4rxg5v9wwbw9dc","previousOperationId":"huq7fpw0ymu55gv"}
{"type":"log","timestamp":1677257636351,"level":"debug","message":"pdf-utils postproces start","meta":{"rootId":"baj3m1f6tjgom6o","id":"baj3m1f6tjgom6o"},"id":"6e4scz0ctdd29m5","previousOperationId":"huq7fpw0ymu55gv"}
{"type":"log","timestamp":1677257636360,"level":"debug","message":"pdf-utils postproces end","meta":{"rootId":"baj3m1f6tjgom6o","id":"baj3m1f6tjgom6o"},"id":"lhwe50gpvd8kz20","previousOperationId":"huq7fpw0ymu55gv"}
{"type":"operationEnd","operationId":"qpqoigvkzb23f19","timestamp":1677257636360,"id":"3f91he13ba8f7z6","previousEventId":"bio74t0kron6wws","previousOperationId":"huq7fpw0ymu55gv"}
{"type":"log","timestamp":1677257636360,"level":"info","message":"pdf-utils pdf processing was finished","meta":{"rootId":"baj3m1f6tjgom6o","id":"baj3m1f6tjgom6o"},"id":"121x9hw3fued7tl","previousOperationId":"qpqoigvkzb23f19"}
{"type":"log","timestamp":1677257636361,"level":"debug","message":"Skipping storing report.","meta":{"rootId":"baj3m1f6tjgom6o","id":"baj3m1f6tjgom6o"},"id":"yvajgem9zonza3s","previousOperationId":"qpqoigvkzb23f19"}
{"type":"log","timestamp":1677257636361,"level":"info","message":"Rendering request 5 finished in 818 ms","meta":{"rootId":"baj3m1f6tjgom6o","id":"baj3m1f6tjgom6o"},"id":"znhv7ttdks03os1","previousOperationId":"qpqoigvkzb23f19"}
{"type":"operationEnd","subtype":"render","operationId":"oa6pxzac5p6ofd7","timestamp":1677257636361,"id":"nc4fositamw32us","previousEventId":"3f91he13ba8f7z6","previousOperationId":"qpqoigvkzb23f19"}
{"type":"operationEnd","doDiffs":false,"previousEventId":"7mzchilf89sm7de","previousOperationId":"m0tk0pawpg5cnkt","operationId":"m0tk0pawpg5cnkt","timestamp":1677257636367,"id":"8vg6nm2ye15n8y9"}
