{"type":"operationStart","subtype":"profile","data":{"_id":"LQurxT9mJZfUEqgE","timestamp":"2023-03-19T21:39:54.411Z","state":"queued","mode":"standard","creationDate":"2023-03-19T21:39:54.412Z","modificationDate":"2023-03-19T21:39:54.412Z","shortid":"CopZMRV","$entitySet":"profiles"},"doDiffs":false,"timestamp":1679261994411,"id":"ona5k1pcmibdr94","previousOperationId":null,"operationId":"20gc4o27fndvmz7"}
{"type":"log","level":"info","message":"Render request 11 queued for execution and waiting for available worker","previousOperationId":"20gc4o27fndvmz7","timestamp":1679261994412,"id":"3bdoh5bey692ild"}
{"type":"operationStart","subtype":"render","name":"musicians-main","previousOperationId":"20gc4o27fndvmz7","timestamp":1679261994421,"id":"1h0pqadgsv6tri4","previousEventId":"ona5k1pcmibdr94","operationId":"03m5f3ir1gw9enm"}
{"type":"log","timestamp":1679261994421,"level":"info","message":"Starting rendering request 11","meta":{"rootId":"igm9qvxaa2ols4x","id":"igm9qvxaa2ols4x"},"id":"aaqhjylt7dueoh2","previousOperationId":"03m5f3ir1gw9enm"}
{"type":"log","timestamp":1679261994421,"level":"info","message":"Rendering template { name: musicians-main, recipe: chrome-pdf, engine: handlebars, preview: false }","meta":{"rootId":"igm9qvxaa2ols4x","id":"igm9qvxaa2ols4x"},"id":"f7wbpsgp6eo2fta","previousOperationId":"03m5f3ir1gw9enm"}
{"type":"log","timestamp":1679261994422,"level":"debug","message":"Data item not defined for this template.","meta":{"rootId":"igm9qvxaa2ols4x","id":"igm9qvxaa2ols4x"},"id":"6qvy8hkdq7w87qc","previousOperationId":"03m5f3ir1gw9enm"}
{"type":"log","timestamp":1679261994425,"level":"debug","message":"Executing script musicians-script (beforeRender)","meta":{"rootId":"igm9qvxaa2ols4x","id":"igm9qvxaa2ols4x"},"id":"yv3ersg0nunj4a4","previousOperationId":"03m5f3ir1gw9enm"}
{"type":"operationStart","subtype":"scriptsBeforeRender","name":"scripts beforeRender","timestamp":1679261994453,"id":"3hvy5zmhuqy2jv7","previousEventId":"1h0pqadgsv6tri4","operationId":"8r5in784x80yhj7","previousOperationId":"03m5f3ir1gw9enm"}
{"type":"operationStart","subtype":"script","name":"scripts musicians-script","previousOperationId":"8r5in784x80yhj7","timestamp":1679261994454,"id":"qucp5gqg5txdx1m","previousEventId":"3hvy5zmhuqy2jv7","operationId":"7f0obbuelm0rxfz"}
{"type":"log","timestamp":1679261994639,"level":"debug","message":"(console:log) [ 0, 0 ]","meta":{"userLevel":true,"rootId":"igm9qvxaa2ols4x","id":"igm9qvxaa2ols4x"},"id":"s4fqykt817biw9y","previousOperationId":"7f0obbuelm0rxfz"}
{"type":"operationEnd","operationId":"7f0obbuelm0rxfz","timestamp":1679261994639,"id":"csvnrsq2y9amh6g","previousEventId":"1h0pqadgsv6tri4","previousOperationId":"03m5f3ir1gw9enm"}
{"type":"operationEnd","operationId":"8r5in784x80yhj7","timestamp":1679261994639,"id":"0osups8upwa4o15","previousEventId":"csvnrsq2y9amh6g","previousOperationId":"03m5f3ir1gw9enm"}
{"type":"log","timestamp":1679261994639,"level":"debug","message":"Base url not specified, skipping its injection.","meta":{"rootId":"igm9qvxaa2ols4x","id":"igm9qvxaa2ols4x"},"id":"xgv779rrol743zy","previousOperationId":"8r5in784x80yhj7"}
{"type":"operationStart","subtype":"engine","name":"handlebars","timestamp":1679261994639,"id":"jjvjwjrc5xgxeyu","previousEventId":"0osups8upwa4o15","operationId":"eqcpn2l4p7g573q","previousOperationId":"8r5in784x80yhj7"}
{"type":"log","timestamp":1679261994639,"level":"debug","message":"Rendering engine handlebars","meta":{"rootId":"igm9qvxaa2ols4x","id":"igm9qvxaa2ols4x"},"id":"d0nrpspt53sp1zg","previousOperationId":"eqcpn2l4p7g573q"}
{"type":"operationEnd","operationId":"eqcpn2l4p7g573q","timestamp":1679261994647,"id":"pgw5xvy4t762jgw","previousEventId":"jjvjwjrc5xgxeyu","previousOperationId":"eqcpn2l4p7g573q"}
{"type":"operationStart","subtype":"recipe","name":"chrome-pdf","timestamp":1679261994647,"id":"pbjcuqq7dib2bvg","previousEventId":"pgw5xvy4t762jgw","operationId":"igy1pzz6zxn6mmx","previousOperationId":"eqcpn2l4p7g573q"}
{"type":"log","timestamp":1679261994647,"level":"debug","message":"Executing recipe chrome-pdf","meta":{"rootId":"igm9qvxaa2ols4x","id":"igm9qvxaa2ols4x"},"id":"cw3ht4rh2tmrzi8","previousOperationId":"igy1pzz6zxn6mmx"}
{"type":"log","timestamp":1679261994650,"level":"debug","message":"Converting with chrome HeadlessChrome/105.0.5173.0 using chrome-pool strategy","meta":{"rootId":"igm9qvxaa2ols4x","id":"igm9qvxaa2ols4x"},"id":"votvyrt4faiuykr","previousOperationId":"igy1pzz6zxn6mmx"}
{"type":"log","timestamp":1679261994748,"level":"debug","message":"Page request: GET (document) file:///C:/Users/jiva1/AppData/Local/Temp/jsreport/autocleanup/9f4c4e81-7f86-4fd3-a8e7-30daa578d1d6-chrome-pdf.html","meta":{"rootId":"igm9qvxaa2ols4x","id":"igm9qvxaa2ols4x"},"id":"r09tscj6152ribx","previousOperationId":"igy1pzz6zxn6mmx"}
{"type":"log","timestamp":1679261994758,"level":"debug","message":"Page request finished: GET (document) 200 file:///C:/Users/jiva1/AppData/Local/Temp/jsreport/autocleanup/9f4c4e81-7f86-4fd3-a8e7-30daa578d1d6-chrome-pdf.html","meta":{"rootId":"igm9qvxaa2ols4x","id":"igm9qvxaa2ols4x"},"id":"0sindzfvpi59pom","previousOperationId":"igy1pzz6zxn6mmx"}
{"type":"log","timestamp":1679261994758,"level":"debug","message":"Page request: GET (stylesheet) https://cdnjs.cloudflare.com/ajax/libs/metro/4.1.5/css/metro.min.css","meta":{"rootId":"igm9qvxaa2ols4x","id":"igm9qvxaa2ols4x"},"id":"5ykke8a37owlb18","previousOperationId":"igy1pzz6zxn6mmx"}
{"type":"log","timestamp":1679261994758,"level":"debug","message":"Page request: GET (script) https://cdn.jsdelivr.net/npm/chart.js","meta":{"rootId":"igm9qvxaa2ols4x","id":"igm9qvxaa2ols4x"},"id":"n80c21dcn1qpdwr","previousOperationId":"igy1pzz6zxn6mmx"}
{"type":"log","timestamp":1679261994765,"level":"debug","message":"Page request finished: GET (script) 200 https://cdn.jsdelivr.net/npm/chart.js","meta":{"rootId":"igm9qvxaa2ols4x","id":"igm9qvxaa2ols4x"},"id":"k9z2vv0n03e38sy","previousOperationId":"igy1pzz6zxn6mmx"}
{"type":"log","timestamp":1679261994782,"level":"debug","message":"Page request finished: GET (stylesheet) 200 https://cdnjs.cloudflare.com/ajax/libs/metro/4.1.5/css/metro.min.css","meta":{"rootId":"igm9qvxaa2ols4x","id":"igm9qvxaa2ols4x"},"id":"l2tf4o3hmr7s6rt","previousOperationId":"igy1pzz6zxn6mmx"}
{"type":"log","timestamp":1679261994892,"level":"debug","message":"Running chrome with params {\"printBackground\":true,\"marginTop\":\"4cm\",\"marginRight\":\"1.5cm\",\"marginBottom\":\"1.5cm\",\"marginLeft\":\"1.5cm\",\"waitForJS\":false,\"timeout\":59761,\"margin\":{\"top\":\"4cm\",\"right\":\"1.5cm\",\"bottom\":\"1.5cm\",\"left\":\"1.5cm\"}}","meta":{"rootId":"igm9qvxaa2ols4x","id":"igm9qvxaa2ols4x"},"id":"r4lgafnxh9u40p5","previousOperationId":"igy1pzz6zxn6mmx"}
{"type":"operationEnd","operationId":"igy1pzz6zxn6mmx","timestamp":1679261994995,"id":"j98jysmpjt0wf61","previousEventId":"pbjcuqq7dib2bvg","previousOperationId":"igy1pzz6zxn6mmx"}
{"type":"log","timestamp":1679261994995,"level":"info","message":"pdf-utils is starting pdf processing","meta":{"rootId":"igm9qvxaa2ols4x","id":"igm9qvxaa2ols4x"},"id":"qx7ab1s0b4x0rby","previousOperationId":"igy1pzz6zxn6mmx"}
{"type":"operationStart","subtype":"pdfUtils","name":"pdf utils","timestamp":1679261994995,"id":"rx9jo5rkcb55882","previousEventId":"j98jysmpjt0wf61","operationId":"onentq5sfl0gh3u","previousOperationId":"igy1pzz6zxn6mmx"}
{"type":"log","timestamp":1679261994995,"level":"debug","message":"pdf-utils detected 1 pdf operation(s) to process","meta":{"rootId":"igm9qvxaa2ols4x","id":"igm9qvxaa2ols4x"},"id":"023q6vbhtwo5ir7","previousOperationId":"onentq5sfl0gh3u"}
{"type":"log","timestamp":1679261995019,"level":"debug","message":"pdf-utils running pdf operation merge","meta":{"rootId":"igm9qvxaa2ols4x","id":"igm9qvxaa2ols4x"},"id":"68ewsziz0qltf3q","previousOperationId":"onentq5sfl0gh3u"}
{"type":"operationStart","subtype":"pdfUtilsMerge","name":"pdf utils merge","previousOperationId":"onentq5sfl0gh3u","timestamp":1679261995019,"id":"x648lp1ow0el9pk","previousEventId":"rx9jo5rkcb55882","operationId":"lroue7aomq5f10x"}
{"type":"operationStart","subtype":"render","name":"musicians-header","previousOperationId":"lroue7aomq5f10x","timestamp":1679261995020,"id":"ngr3gdvaqkirzn1","previousEventId":"x648lp1ow0el9pk","operationId":"2ian9n93g0s6nsp"}
{"type":"log","timestamp":1679261995020,"level":"info","message":"Starting rendering (child) request","meta":{"rootId":"igm9qvxaa2ols4x","id":"dzr9ps9us6tzdnw"},"id":"hoakptq900ch2su","previousOperationId":"2ian9n93g0s6nsp"}
{"type":"log","timestamp":1679261995021,"level":"info","message":"Rendering template { name: musicians-header, recipe: chrome-pdf, engine: handlebars, preview: false }","meta":{"rootId":"igm9qvxaa2ols4x","id":"dzr9ps9us6tzdnw"},"id":"j7sbms06ckdy96l","previousOperationId":"2ian9n93g0s6nsp"}
{"type":"log","timestamp":1679261995021,"level":"debug","message":"Inline data specified.","meta":{"rootId":"igm9qvxaa2ols4x","id":"dzr9ps9us6tzdnw"},"id":"bifqezaeqerc6jg","previousOperationId":"2ian9n93g0s6nsp"}
{"type":"log","timestamp":1679261995022,"level":"debug","message":"Base url not specified, skipping its injection.","meta":{"rootId":"igm9qvxaa2ols4x","id":"dzr9ps9us6tzdnw"},"id":"mi7jjac55erfy18","previousOperationId":"2ian9n93g0s6nsp"}
{"type":"operationStart","subtype":"engine","name":"handlebars","timestamp":1679261995022,"id":"b6ek7xj2alxlv6x","previousEventId":"ngr3gdvaqkirzn1","operationId":"tkvbdbrxxthyjbu","previousOperationId":"2ian9n93g0s6nsp"}
{"type":"log","timestamp":1679261995022,"level":"debug","message":"Rendering engine handlebars","meta":{"rootId":"igm9qvxaa2ols4x","id":"dzr9ps9us6tzdnw"},"id":"y48ze0ggio11fod","previousOperationId":"tkvbdbrxxthyjbu"}
{"type":"operationEnd","operationId":"tkvbdbrxxthyjbu","timestamp":1679261995037,"id":"4004j8us6y6pm5w","previousEventId":"b6ek7xj2alxlv6x","previousOperationId":"tkvbdbrxxthyjbu"}
{"type":"operationStart","subtype":"recipe","name":"chrome-pdf","timestamp":1679261995037,"id":"vo8uo26dvp1ej9t","previousEventId":"4004j8us6y6pm5w","operationId":"cb13d5d6754rmzt","previousOperationId":"tkvbdbrxxthyjbu"}
{"type":"log","timestamp":1679261995037,"level":"debug","message":"Executing recipe chrome-pdf","meta":{"rootId":"igm9qvxaa2ols4x","id":"dzr9ps9us6tzdnw"},"id":"7d9b7lwvk2syro4","previousOperationId":"cb13d5d6754rmzt"}
{"type":"log","timestamp":1679261995039,"level":"debug","message":"Converting with chrome HeadlessChrome/105.0.5173.0 using chrome-pool strategy","meta":{"rootId":"igm9qvxaa2ols4x","id":"dzr9ps9us6tzdnw"},"id":"rbepz6w8b475wbe","previousOperationId":"cb13d5d6754rmzt"}
{"type":"log","timestamp":1679261995133,"level":"debug","message":"Page request: GET (document) file:///C:/Users/jiva1/AppData/Local/Temp/jsreport/autocleanup/e5a313eb-d659-4bba-a29b-8acf00d75146-chrome-pdf.html","meta":{"rootId":"igm9qvxaa2ols4x","id":"dzr9ps9us6tzdnw"},"id":"42fbi3ps3zb9mzj","previousOperationId":"cb13d5d6754rmzt"}
{"type":"log","timestamp":1679261995143,"level":"debug","message":"Page request finished: GET (document) 200 file:///C:/Users/jiva1/AppData/Local/Temp/jsreport/autocleanup/e5a313eb-d659-4bba-a29b-8acf00d75146-chrome-pdf.html","meta":{"rootId":"igm9qvxaa2ols4x","id":"dzr9ps9us6tzdnw"},"id":"cumi4ws7bmxlr0i","previousOperationId":"cb13d5d6754rmzt"}
{"type":"log","timestamp":1679261995143,"level":"debug","message":"Page request: GET (stylesheet) https://cdnjs.cloudflare.com/ajax/libs/metro/4.1.5/css/metro.min.css","meta":{"rootId":"igm9qvxaa2ols4x","id":"dzr9ps9us6tzdnw"},"id":"9u0og7veq01esdr","previousOperationId":"cb13d5d6754rmzt"}
{"type":"log","timestamp":1679261995165,"level":"debug","message":"Page request finished: GET (stylesheet) 200 https://cdnjs.cloudflare.com/ajax/libs/metro/4.1.5/css/metro.min.css","meta":{"rootId":"igm9qvxaa2ols4x","id":"dzr9ps9us6tzdnw"},"id":"z93dte5snimonrl","previousOperationId":"cb13d5d6754rmzt"}
{"type":"log","timestamp":1679261995188,"level":"debug","message":"Running chrome with params {\"printBackground\":true,\"marginTop\":\"1.5cm\",\"marginRight\":\"1.5cm\",\"marginLeft\":\"1.cm\",\"timeout\":59372,\"margin\":{\"top\":\"1.5cm\",\"right\":\"1.5cm\",\"left\":\"1.cm\"}}","meta":{"rootId":"igm9qvxaa2ols4x","id":"dzr9ps9us6tzdnw"},"id":"31nv8tjrzghytnu","previousOperationId":"cb13d5d6754rmzt"}
{"type":"operationEnd","operationId":"cb13d5d6754rmzt","timestamp":1679261995254,"id":"rmxdi9mrsjrh3nz","previousEventId":"vo8uo26dvp1ej9t","previousOperationId":"cb13d5d6754rmzt"}
{"type":"log","timestamp":1679261995254,"level":"debug","message":"Skipping storing report.","meta":{"rootId":"igm9qvxaa2ols4x","id":"dzr9ps9us6tzdnw"},"id":"fkrg5ezqfiprqwr","previousOperationId":"cb13d5d6754rmzt"}
{"type":"log","timestamp":1679261995254,"level":"info","message":"Rendering (child) request finished in 844 ms","meta":{"rootId":"igm9qvxaa2ols4x","id":"dzr9ps9us6tzdnw"},"id":"ycd4iwvpj8vi49o","previousOperationId":"cb13d5d6754rmzt"}
{"type":"operationEnd","subtype":"render","operationId":"2ian9n93g0s6nsp","timestamp":1679261995254,"id":"ndnifw7iez3a9i4","previousEventId":"rmxdi9mrsjrh3nz","previousOperationId":"cb13d5d6754rmzt"}
{"type":"operationEnd","operationId":"lroue7aomq5f10x","timestamp":1679261995264,"id":"aouvrqpqwp4kb3u","previousEventId":"x648lp1ow0el9pk","previousOperationId":"lroue7aomq5f10x"}
{"type":"log","timestamp":1679261995264,"level":"debug","message":"pdf-utils postproces start","meta":{"rootId":"igm9qvxaa2ols4x","id":"igm9qvxaa2ols4x"},"id":"5kq95ti1ldo4wov","previousOperationId":"lroue7aomq5f10x"}
{"type":"log","timestamp":1679261995273,"level":"debug","message":"pdf-utils postproces end","meta":{"rootId":"igm9qvxaa2ols4x","id":"igm9qvxaa2ols4x"},"id":"4oafuv3fn30unh8","previousOperationId":"lroue7aomq5f10x"}
{"type":"operationEnd","operationId":"onentq5sfl0gh3u","timestamp":1679261995273,"id":"btt179jdesud3yz","previousEventId":"aouvrqpqwp4kb3u","previousOperationId":"lroue7aomq5f10x"}
{"type":"log","timestamp":1679261995273,"level":"info","message":"pdf-utils pdf processing was finished","meta":{"rootId":"igm9qvxaa2ols4x","id":"igm9qvxaa2ols4x"},"id":"ip3z84fe35mewwu","previousOperationId":"onentq5sfl0gh3u"}
{"type":"log","timestamp":1679261995273,"level":"debug","message":"Skipping storing report.","meta":{"rootId":"igm9qvxaa2ols4x","id":"igm9qvxaa2ols4x"},"id":"vdw945vqbobfzim","previousOperationId":"onentq5sfl0gh3u"}
{"type":"log","timestamp":1679261995273,"level":"info","message":"Rendering request 11 finished in 863 ms","meta":{"rootId":"igm9qvxaa2ols4x","id":"igm9qvxaa2ols4x"},"id":"yu0qvgj0i0q4sqv","previousOperationId":"onentq5sfl0gh3u"}
{"type":"operationEnd","subtype":"render","operationId":"03m5f3ir1gw9enm","timestamp":1679261995273,"id":"tq5eurx1ie7qa1v","previousEventId":"btt179jdesud3yz","previousOperationId":"onentq5sfl0gh3u"}
{"type":"operationEnd","doDiffs":false,"previousEventId":"ona5k1pcmibdr94","previousOperationId":"20gc4o27fndvmz7","operationId":"20gc4o27fndvmz7","timestamp":1679261995277,"id":"vhnjwn85ezkxnx1"}
