{"type":"operationStart","subtype":"profile","data":{"_id":"ZYmVCcRWa1LbnLdS","timestamp":"2023-03-19T21:38:15.770Z","state":"queued","mode":"standard","creationDate":"2023-03-19T21:38:15.772Z","modificationDate":"2023-03-19T21:38:15.772Z","shortid":"kDF-Am5","$entitySet":"profiles"},"doDiffs":false,"timestamp":1679261895771,"id":"4yavrxe2k61f7v5","previousOperationId":null,"operationId":"7crnybxcstjlquv"}
{"type":"log","level":"info","message":"Render request 7 queued for execution and waiting for available worker","previousOperationId":"7crnybxcstjlquv","timestamp":1679261895771,"id":"z1xcq2nmoio6ehs"}
{"type":"operationStart","subtype":"render","name":"musicians-main","previousOperationId":"7crnybxcstjlquv","timestamp":1679261895782,"id":"7bydavhmltw7qjo","previousEventId":"4yavrxe2k61f7v5","operationId":"nmvnf1jb8higgpa"}
{"type":"log","timestamp":1679261895783,"level":"info","message":"Starting rendering request 7","meta":{"rootId":"kkhl8fvbljpaequ","id":"kkhl8fvbljpaequ"},"id":"j6xuaaeuirw0ulh","previousOperationId":"nmvnf1jb8higgpa"}
{"type":"log","timestamp":1679261895783,"level":"info","message":"Rendering template { name: musicians-main, recipe: chrome-pdf, engine: handlebars, preview: false }","meta":{"rootId":"kkhl8fvbljpaequ","id":"kkhl8fvbljpaequ"},"id":"mdjkvjwnoouwizo","previousOperationId":"nmvnf1jb8higgpa"}
{"type":"log","timestamp":1679261895785,"level":"debug","message":"Data item not defined for this template.","meta":{"rootId":"kkhl8fvbljpaequ","id":"kkhl8fvbljpaequ"},"id":"zjtuuwq4fqtxwkq","previousOperationId":"nmvnf1jb8higgpa"}
{"type":"log","timestamp":1679261895798,"level":"debug","message":"Executing script musicians-script (beforeRender)","meta":{"rootId":"kkhl8fvbljpaequ","id":"kkhl8fvbljpaequ"},"id":"39x2jx8zlal6pmc","previousOperationId":"nmvnf1jb8higgpa"}
{"type":"operationStart","subtype":"scriptsBeforeRender","name":"scripts beforeRender","timestamp":1679261895825,"id":"b654sfm5h9qbwki","previousEventId":"7bydavhmltw7qjo","operationId":"11tpq780q9ji5sq","previousOperationId":"nmvnf1jb8higgpa"}
{"type":"operationStart","subtype":"script","name":"scripts musicians-script","previousOperationId":"11tpq780q9ji5sq","timestamp":1679261895825,"id":"2ps0uw9xco7jwp6","previousEventId":"b654sfm5h9qbwki","operationId":"0soeka1p8m0cpr2"}
{"type":"log","timestamp":1679261896004,"level":"debug","message":"(console:log) [ 0, 0 ]","meta":{"userLevel":true,"rootId":"kkhl8fvbljpaequ","id":"kkhl8fvbljpaequ"},"id":"stho5qpgxw2vde9","previousOperationId":"0soeka1p8m0cpr2"}
{"type":"operationEnd","operationId":"0soeka1p8m0cpr2","timestamp":1679261896004,"id":"woq4plbufz88l8z","previousEventId":"7bydavhmltw7qjo","previousOperationId":"nmvnf1jb8higgpa"}
{"type":"operationEnd","operationId":"11tpq780q9ji5sq","timestamp":1679261896004,"id":"r6rxwi0mc3gua9u","previousEventId":"woq4plbufz88l8z","previousOperationId":"nmvnf1jb8higgpa"}
{"type":"log","timestamp":1679261896004,"level":"debug","message":"Base url not specified, skipping its injection.","meta":{"rootId":"kkhl8fvbljpaequ","id":"kkhl8fvbljpaequ"},"id":"c312z7js6gptxkl","previousOperationId":"11tpq780q9ji5sq"}
{"type":"operationStart","subtype":"engine","name":"handlebars","timestamp":1679261896004,"id":"b4fdls2r4kgvoyn","previousEventId":"r6rxwi0mc3gua9u","operationId":"q0ehfcfizk9j17f","previousOperationId":"11tpq780q9ji5sq"}
{"type":"log","timestamp":1679261896004,"level":"debug","message":"Rendering engine handlebars","meta":{"rootId":"kkhl8fvbljpaequ","id":"kkhl8fvbljpaequ"},"id":"8bjlmq3y8ijsdv5","previousOperationId":"q0ehfcfizk9j17f"}
{"type":"operationEnd","operationId":"q0ehfcfizk9j17f","timestamp":1679261896016,"id":"a5bc1jge8k69i9z","previousEventId":"b4fdls2r4kgvoyn","previousOperationId":"q0ehfcfizk9j17f"}
{"type":"operationStart","subtype":"recipe","name":"chrome-pdf","timestamp":1679261896016,"id":"p11ly27fr2ciu6q","previousEventId":"a5bc1jge8k69i9z","operationId":"3ktds864gu6fn7m","previousOperationId":"q0ehfcfizk9j17f"}
{"type":"log","timestamp":1679261896016,"level":"debug","message":"Executing recipe chrome-pdf","meta":{"rootId":"kkhl8fvbljpaequ","id":"kkhl8fvbljpaequ"},"id":"0y6tmtpgc7iucss","previousOperationId":"3ktds864gu6fn7m"}
{"type":"log","timestamp":1679261896019,"level":"debug","message":"Converting with chrome HeadlessChrome/105.0.5173.0 using chrome-pool strategy","meta":{"rootId":"kkhl8fvbljpaequ","id":"kkhl8fvbljpaequ"},"id":"jq3lm2jyeizjt3g","previousOperationId":"3ktds864gu6fn7m"}
{"type":"log","timestamp":1679261896113,"level":"debug","message":"Page request: GET (document) file:///C:/Users/jiva1/AppData/Local/Temp/jsreport/autocleanup/24ab4f89-dae7-4da5-866b-20ed9116f472-chrome-pdf.html","meta":{"rootId":"kkhl8fvbljpaequ","id":"kkhl8fvbljpaequ"},"id":"bdi4f5pcahjoawh","previousOperationId":"3ktds864gu6fn7m"}
{"type":"log","timestamp":1679261896123,"level":"debug","message":"Page request finished: GET (document) 200 file:///C:/Users/jiva1/AppData/Local/Temp/jsreport/autocleanup/24ab4f89-dae7-4da5-866b-20ed9116f472-chrome-pdf.html","meta":{"rootId":"kkhl8fvbljpaequ","id":"kkhl8fvbljpaequ"},"id":"t4t44nd57ihst38","previousOperationId":"3ktds864gu6fn7m"}
{"type":"log","timestamp":1679261896123,"level":"debug","message":"Page request: GET (stylesheet) https://cdnjs.cloudflare.com/ajax/libs/metro/4.1.5/css/metro.min.css","meta":{"rootId":"kkhl8fvbljpaequ","id":"kkhl8fvbljpaequ"},"id":"hser6xctngsfhzr","previousOperationId":"3ktds864gu6fn7m"}
{"type":"log","timestamp":1679261896123,"level":"debug","message":"Page request: GET (script) https://cdn.jsdelivr.net/npm/chart.js","meta":{"rootId":"kkhl8fvbljpaequ","id":"kkhl8fvbljpaequ"},"id":"usx5nskoa8h4q8m","previousOperationId":"3ktds864gu6fn7m"}
{"type":"log","timestamp":1679261896131,"level":"debug","message":"Page request finished: GET (script) 200 https://cdn.jsdelivr.net/npm/chart.js","meta":{"rootId":"kkhl8fvbljpaequ","id":"kkhl8fvbljpaequ"},"id":"ub3dmqwto557boe","previousOperationId":"3ktds864gu6fn7m"}
{"type":"log","timestamp":1679261896149,"level":"debug","message":"Page request finished: GET (stylesheet) 200 https://cdnjs.cloudflare.com/ajax/libs/metro/4.1.5/css/metro.min.css","meta":{"rootId":"kkhl8fvbljpaequ","id":"kkhl8fvbljpaequ"},"id":"krzp6r148hzxdo7","previousOperationId":"3ktds864gu6fn7m"}
{"type":"log","timestamp":1679261896261,"level":"debug","message":"Running chrome with params {\"printBackground\":true,\"marginTop\":\"4cm\",\"marginRight\":\"1.5cm\",\"marginBottom\":\"1.5cm\",\"marginLeft\":\"1.5cm\",\"waitForJS\":false,\"timeout\":59752,\"margin\":{\"top\":\"4cm\",\"right\":\"1.5cm\",\"bottom\":\"1.5cm\",\"left\":\"1.5cm\"}}","meta":{"rootId":"kkhl8fvbljpaequ","id":"kkhl8fvbljpaequ"},"id":"qefxvrdba4uim7b","previousOperationId":"3ktds864gu6fn7m"}
{"type":"operationEnd","operationId":"3ktds864gu6fn7m","timestamp":1679261896368,"id":"tonmiffq9ewwoih","previousEventId":"p11ly27fr2ciu6q","previousOperationId":"3ktds864gu6fn7m"}
{"type":"log","timestamp":1679261896368,"level":"info","message":"pdf-utils is starting pdf processing","meta":{"rootId":"kkhl8fvbljpaequ","id":"kkhl8fvbljpaequ"},"id":"qwkesqdzoawnldb","previousOperationId":"3ktds864gu6fn7m"}
{"type":"operationStart","subtype":"pdfUtils","name":"pdf utils","timestamp":1679261896368,"id":"f80i8alfbc1mdj7","previousEventId":"tonmiffq9ewwoih","operationId":"ahjavk9mtekll72","previousOperationId":"3ktds864gu6fn7m"}
{"type":"log","timestamp":1679261896368,"level":"debug","message":"pdf-utils detected 1 pdf operation(s) to process","meta":{"rootId":"kkhl8fvbljpaequ","id":"kkhl8fvbljpaequ"},"id":"5enks29l0kmausg","previousOperationId":"ahjavk9mtekll72"}
{"type":"log","timestamp":1679261896395,"level":"debug","message":"pdf-utils running pdf operation merge","meta":{"rootId":"kkhl8fvbljpaequ","id":"kkhl8fvbljpaequ"},"id":"xceg7jlxf4yojjb","previousOperationId":"ahjavk9mtekll72"}
{"type":"operationStart","subtype":"pdfUtilsMerge","name":"pdf utils merge","previousOperationId":"ahjavk9mtekll72","timestamp":1679261896396,"id":"ze917jblppyclaq","previousEventId":"f80i8alfbc1mdj7","operationId":"vsx8dfvh0zgstq6"}
{"type":"operationStart","subtype":"render","name":"musicians-header","previousOperationId":"vsx8dfvh0zgstq6","timestamp":1679261896403,"id":"i3kcqnqb5391528","previousEventId":"ze917jblppyclaq","operationId":"rjyc0y525xb8wbm"}
{"type":"log","timestamp":1679261896403,"level":"info","message":"Starting rendering (child) request","meta":{"rootId":"kkhl8fvbljpaequ","id":"e7p9zkgx6e88oio"},"id":"wrqzi895wfifrfn","previousOperationId":"rjyc0y525xb8wbm"}
{"type":"log","timestamp":1679261896403,"level":"info","message":"Rendering template { name: musicians-header, recipe: chrome-pdf, engine: handlebars, preview: false }","meta":{"rootId":"kkhl8fvbljpaequ","id":"e7p9zkgx6e88oio"},"id":"gvta6rxo6fw7cop","previousOperationId":"rjyc0y525xb8wbm"}
{"type":"log","timestamp":1679261896404,"level":"debug","message":"Inline data specified.","meta":{"rootId":"kkhl8fvbljpaequ","id":"e7p9zkgx6e88oio"},"id":"pgh6xty45un0x48","previousOperationId":"rjyc0y525xb8wbm"}
{"type":"log","timestamp":1679261896407,"level":"debug","message":"Base url not specified, skipping its injection.","meta":{"rootId":"kkhl8fvbljpaequ","id":"e7p9zkgx6e88oio"},"id":"y8499rs69v82s49","previousOperationId":"rjyc0y525xb8wbm"}
{"type":"operationStart","subtype":"engine","name":"handlebars","timestamp":1679261896407,"id":"ftceroliujubbs7","previousEventId":"i3kcqnqb5391528","operationId":"axd2apjvce9qy4f","previousOperationId":"rjyc0y525xb8wbm"}
{"type":"log","timestamp":1679261896407,"level":"debug","message":"Rendering engine handlebars","meta":{"rootId":"kkhl8fvbljpaequ","id":"e7p9zkgx6e88oio"},"id":"7nxt1o0ugms7ai2","previousOperationId":"axd2apjvce9qy4f"}
{"type":"operationEnd","operationId":"axd2apjvce9qy4f","timestamp":1679261896422,"id":"1wcl0t9ig1ogdqv","previousEventId":"ftceroliujubbs7","previousOperationId":"axd2apjvce9qy4f"}
{"type":"operationStart","subtype":"recipe","name":"chrome-pdf","timestamp":1679261896423,"id":"ws4p4aum8zvbcas","previousEventId":"1wcl0t9ig1ogdqv","operationId":"ldnggjv91jxg4k7","previousOperationId":"axd2apjvce9qy4f"}
{"type":"log","timestamp":1679261896423,"level":"debug","message":"Executing recipe chrome-pdf","meta":{"rootId":"kkhl8fvbljpaequ","id":"e7p9zkgx6e88oio"},"id":"06p48oo5hs4g2aq","previousOperationId":"ldnggjv91jxg4k7"}
{"type":"log","timestamp":1679261896425,"level":"debug","message":"Converting with chrome HeadlessChrome/105.0.5173.0 using chrome-pool strategy","meta":{"rootId":"kkhl8fvbljpaequ","id":"e7p9zkgx6e88oio"},"id":"c6mr07urh4yle6v","previousOperationId":"ldnggjv91jxg4k7"}
{"type":"log","timestamp":1679261896517,"level":"debug","message":"Page request: GET (document) file:///C:/Users/jiva1/AppData/Local/Temp/jsreport/autocleanup/c839bf28-d92f-481e-80c5-1cea025f7195-chrome-pdf.html","meta":{"rootId":"kkhl8fvbljpaequ","id":"e7p9zkgx6e88oio"},"id":"fnh5a5feeh5nild","previousOperationId":"ldnggjv91jxg4k7"}
{"type":"log","timestamp":1679261896526,"level":"debug","message":"Page request finished: GET (document) 200 file:///C:/Users/jiva1/AppData/Local/Temp/jsreport/autocleanup/c839bf28-d92f-481e-80c5-1cea025f7195-chrome-pdf.html","meta":{"rootId":"kkhl8fvbljpaequ","id":"e7p9zkgx6e88oio"},"id":"w4rt8i42znwb2in","previousOperationId":"ldnggjv91jxg4k7"}
{"type":"log","timestamp":1679261896526,"level":"debug","message":"Page request: GET (stylesheet) https://cdnjs.cloudflare.com/ajax/libs/metro/4.1.5/css/metro.min.css","meta":{"rootId":"kkhl8fvbljpaequ","id":"e7p9zkgx6e88oio"},"id":"nco5bya8l0sco78","previousOperationId":"ldnggjv91jxg4k7"}
{"type":"log","timestamp":1679261896549,"level":"debug","message":"Page request finished: GET (stylesheet) 200 https://cdnjs.cloudflare.com/ajax/libs/metro/4.1.5/css/metro.min.css","meta":{"rootId":"kkhl8fvbljpaequ","id":"e7p9zkgx6e88oio"},"id":"fhtlxqbeoibg1va","previousOperationId":"ldnggjv91jxg4k7"}
{"type":"log","timestamp":1679261896571,"level":"debug","message":"Running chrome with params {\"printBackground\":true,\"marginTop\":\"1.5cm\",\"marginRight\":\"1.5cm\",\"marginLeft\":\"1.cm\",\"timeout\":59346,\"margin\":{\"top\":\"1.5cm\",\"right\":\"1.5cm\",\"left\":\"1.cm\"}}","meta":{"rootId":"kkhl8fvbljpaequ","id":"e7p9zkgx6e88oio"},"id":"jqu2w9grmrpq642","previousOperationId":"ldnggjv91jxg4k7"}
{"type":"operationEnd","operationId":"ldnggjv91jxg4k7","timestamp":1679261896634,"id":"5uen7hnft3ryxze","previousEventId":"ws4p4aum8zvbcas","previousOperationId":"ldnggjv91jxg4k7"}
{"type":"log","timestamp":1679261896634,"level":"debug","message":"Skipping storing report.","meta":{"rootId":"kkhl8fvbljpaequ","id":"e7p9zkgx6e88oio"},"id":"40e14sady69xr06","previousOperationId":"ldnggjv91jxg4k7"}
{"type":"log","timestamp":1679261896634,"level":"info","message":"Rendering (child) request finished in 864 ms","meta":{"rootId":"kkhl8fvbljpaequ","id":"e7p9zkgx6e88oio"},"id":"yyea4x2bqyp0zcj","previousOperationId":"ldnggjv91jxg4k7"}
{"type":"operationEnd","subtype":"render","operationId":"rjyc0y525xb8wbm","timestamp":1679261896634,"id":"is27qb04rt60s9t","previousEventId":"5uen7hnft3ryxze","previousOperationId":"ldnggjv91jxg4k7"}
{"type":"operationEnd","operationId":"vsx8dfvh0zgstq6","timestamp":1679261896642,"id":"4ielumsjw9ac10s","previousEventId":"ze917jblppyclaq","previousOperationId":"vsx8dfvh0zgstq6"}
{"type":"log","timestamp":1679261896642,"level":"debug","message":"pdf-utils postproces start","meta":{"rootId":"kkhl8fvbljpaequ","id":"kkhl8fvbljpaequ"},"id":"jjunxs7fyukjkle","previousOperationId":"vsx8dfvh0zgstq6"}
{"type":"log","timestamp":1679261896650,"level":"debug","message":"pdf-utils postproces end","meta":{"rootId":"kkhl8fvbljpaequ","id":"kkhl8fvbljpaequ"},"id":"m4rww67skh433ed","previousOperationId":"vsx8dfvh0zgstq6"}
{"type":"operationEnd","operationId":"ahjavk9mtekll72","timestamp":1679261896650,"id":"d0se8n6qdl983wj","previousEventId":"4ielumsjw9ac10s","previousOperationId":"vsx8dfvh0zgstq6"}
{"type":"log","timestamp":1679261896650,"level":"info","message":"pdf-utils pdf processing was finished","meta":{"rootId":"kkhl8fvbljpaequ","id":"kkhl8fvbljpaequ"},"id":"b779b70e86ei48a","previousOperationId":"ahjavk9mtekll72"}
{"type":"log","timestamp":1679261896650,"level":"debug","message":"Skipping storing report.","meta":{"rootId":"kkhl8fvbljpaequ","id":"kkhl8fvbljpaequ"},"id":"tbvu8j5nsxi5g2n","previousOperationId":"ahjavk9mtekll72"}
{"type":"log","timestamp":1679261896650,"level":"info","message":"Rendering request 7 finished in 880 ms","meta":{"rootId":"kkhl8fvbljpaequ","id":"kkhl8fvbljpaequ"},"id":"81mqwvo2pf63ceu","previousOperationId":"ahjavk9mtekll72"}
{"type":"operationEnd","subtype":"render","operationId":"nmvnf1jb8higgpa","timestamp":1679261896650,"id":"r14se46oi41qpqd","previousEventId":"d0se8n6qdl983wj","previousOperationId":"ahjavk9mtekll72"}
{"type":"operationEnd","doDiffs":false,"previousEventId":"4yavrxe2k61f7v5","previousOperationId":"7crnybxcstjlquv","operationId":"7crnybxcstjlquv","timestamp":1679261896656,"id":"g55gf8x97n0nrnm"}
