{"type":"operationStart","subtype":"profile","data":{"_id":"m2Oy7onsMDiyAqHa","timestamp":"2023-02-24T18:58:54.887Z","state":"queued","mode":"standard","creationDate":"2023-02-24T18:58:54.890Z","modificationDate":"2023-02-24T18:58:54.890Z","shortid":"PKuLYU-","$entitySet":"profiles"},"doDiffs":false,"timestamp":1677265134889,"id":"2xdq2ok8h5t8t1b","previousOperationId":null,"operationId":"ozbl8j37m2s7gnc"}
{"type":"log","level":"info","message":"Render request 3 queued for execution and waiting for available worker","previousOperationId":"ozbl8j37m2s7gnc","timestamp":1677265134889,"id":"n6q0x7fymbuft1g"}
{"type":"operationStart","subtype":"render","name":"musicians-main","previousOperationId":"ozbl8j37m2s7gnc","timestamp":1677265134896,"id":"d5gm0f93nmhfv9p","previousEventId":"2xdq2ok8h5t8t1b","operationId":"sgpxtcrqsvvw7ts"}
{"type":"log","timestamp":1677265134896,"level":"info","message":"Starting rendering request 3","meta":{"rootId":"mtwkkk2xreac2zs","id":"mtwkkk2xreac2zs"},"id":"3p25c5gjsj28io0","previousOperationId":"sgpxtcrqsvvw7ts"}
{"type":"log","timestamp":1677265134896,"level":"info","message":"Rendering template { name: musicians-main, recipe: chrome-pdf, engine: handlebars, preview: false }","meta":{"rootId":"mtwkkk2xreac2zs","id":"mtwkkk2xreac2zs"},"id":"dwiw24vqvgm3na5","previousOperationId":"sgpxtcrqsvvw7ts"}
{"type":"log","timestamp":1677265134897,"level":"debug","message":"Data item not defined for this template.","meta":{"rootId":"mtwkkk2xreac2zs","id":"mtwkkk2xreac2zs"},"id":"knmiebzx23ly0b4","previousOperationId":"sgpxtcrqsvvw7ts"}
{"type":"log","timestamp":1677265134902,"level":"debug","message":"Executing script musicians-script (beforeRender)","meta":{"rootId":"mtwkkk2xreac2zs","id":"mtwkkk2xreac2zs"},"id":"6z3n9w68kbrfjas","previousOperationId":"sgpxtcrqsvvw7ts"}
{"type":"operationStart","subtype":"scriptsBeforeRender","name":"scripts beforeRender","timestamp":1677265134938,"id":"q09jl7z2scq455h","previousEventId":"d5gm0f93nmhfv9p","operationId":"v8navg39ifl5mkq","previousOperationId":"sgpxtcrqsvvw7ts"}
{"type":"operationStart","subtype":"script","name":"scripts musicians-script","previousOperationId":"v8navg39ifl5mkq","timestamp":1677265134938,"id":"oi8y3pv76a1zcbm","previousEventId":"q09jl7z2scq455h","operationId":"nrmrnte6sf2g40o"}
{"type":"log","timestamp":1677265135202,"level":"debug","message":"(console:log) [ 0, 1 ]","meta":{"userLevel":true,"rootId":"mtwkkk2xreac2zs","id":"mtwkkk2xreac2zs"},"id":"s9h2n6wsow2oca2","previousOperationId":"nrmrnte6sf2g40o"}
{"type":"operationEnd","operationId":"nrmrnte6sf2g40o","timestamp":1677265135202,"id":"ek47nj47lg2qkaw","previousEventId":"d5gm0f93nmhfv9p","previousOperationId":"sgpxtcrqsvvw7ts"}
{"type":"operationEnd","operationId":"v8navg39ifl5mkq","timestamp":1677265135202,"id":"6xyqa57lrluje55","previousEventId":"ek47nj47lg2qkaw","previousOperationId":"sgpxtcrqsvvw7ts"}
{"type":"log","timestamp":1677265135202,"level":"debug","message":"Base url not specified, skipping its injection.","meta":{"rootId":"mtwkkk2xreac2zs","id":"mtwkkk2xreac2zs"},"id":"ng2c3jkfefdexfp","previousOperationId":"v8navg39ifl5mkq"}
{"type":"operationStart","subtype":"engine","name":"handlebars","timestamp":1677265135203,"id":"bmcvpjqfawukuyo","previousEventId":"6xyqa57lrluje55","operationId":"ji78go7vkzsmcfc","previousOperationId":"v8navg39ifl5mkq"}
{"type":"log","timestamp":1677265135203,"level":"debug","message":"Rendering engine handlebars","meta":{"rootId":"mtwkkk2xreac2zs","id":"mtwkkk2xreac2zs"},"id":"lz122am08v38wjn","previousOperationId":"ji78go7vkzsmcfc"}
{"type":"operationEnd","operationId":"ji78go7vkzsmcfc","timestamp":1677265135214,"id":"4u4gh22ibytyt10","previousEventId":"bmcvpjqfawukuyo","previousOperationId":"ji78go7vkzsmcfc"}
{"type":"operationStart","subtype":"recipe","name":"chrome-pdf","timestamp":1677265135215,"id":"ndh32fjt0qmm51c","previousEventId":"4u4gh22ibytyt10","operationId":"hnawwzgv7sfwelk","previousOperationId":"ji78go7vkzsmcfc"}
{"type":"log","timestamp":1677265135215,"level":"debug","message":"Executing recipe chrome-pdf","meta":{"rootId":"mtwkkk2xreac2zs","id":"mtwkkk2xreac2zs"},"id":"c2o6wa3sc65rj7z","previousOperationId":"hnawwzgv7sfwelk"}
{"type":"log","timestamp":1677265135217,"level":"debug","message":"Converting with chrome HeadlessChrome/105.0.5173.0 using chrome-pool strategy","meta":{"rootId":"mtwkkk2xreac2zs","id":"mtwkkk2xreac2zs"},"id":"cooqnui5obysgao","previousOperationId":"hnawwzgv7sfwelk"}
{"type":"log","timestamp":1677265135311,"level":"debug","message":"Page request: GET (document) file:///C:/Users/pollo/AppData/Local/Temp/jsreport/autocleanup/a28b12f9-884f-43a9-b36d-4d38809bd3bf-chrome-pdf.html","meta":{"rootId":"mtwkkk2xreac2zs","id":"mtwkkk2xreac2zs"},"id":"qkuvc6zazfrdz6d","previousOperationId":"hnawwzgv7sfwelk"}
{"type":"log","timestamp":1677265135331,"level":"debug","message":"Page request finished: GET (document) 200 file:///C:/Users/pollo/AppData/Local/Temp/jsreport/autocleanup/a28b12f9-884f-43a9-b36d-4d38809bd3bf-chrome-pdf.html","meta":{"rootId":"mtwkkk2xreac2zs","id":"mtwkkk2xreac2zs"},"id":"ice1lpqaxe7cwtn","previousOperationId":"hnawwzgv7sfwelk"}
{"type":"log","timestamp":1677265135332,"level":"debug","message":"Page request: GET (stylesheet) https://cdnjs.cloudflare.com/ajax/libs/metro/4.1.5/css/metro.min.css","meta":{"rootId":"mtwkkk2xreac2zs","id":"mtwkkk2xreac2zs"},"id":"hcnzu0jtlml339c","previousOperationId":"hnawwzgv7sfwelk"}
{"type":"log","timestamp":1677265135332,"level":"debug","message":"Page request: GET (script) https://cdn.jsdelivr.net/npm/chart.js","meta":{"rootId":"mtwkkk2xreac2zs","id":"mtwkkk2xreac2zs"},"id":"xmw552cmpok9cpb","previousOperationId":"hnawwzgv7sfwelk"}
{"type":"log","timestamp":1677265135355,"level":"debug","message":"Page request finished: GET (stylesheet) 200 https://cdnjs.cloudflare.com/ajax/libs/metro/4.1.5/css/metro.min.css","meta":{"rootId":"mtwkkk2xreac2zs","id":"mtwkkk2xreac2zs"},"id":"2bk44dq7qiwfuwz","previousOperationId":"hnawwzgv7sfwelk"}
{"type":"log","timestamp":1677265135355,"level":"debug","message":"Page request finished: GET (script) 200 https://cdn.jsdelivr.net/npm/chart.js","meta":{"rootId":"mtwkkk2xreac2zs","id":"mtwkkk2xreac2zs"},"id":"4nvkyzdcjeeqe64","previousOperationId":"hnawwzgv7sfwelk"}
{"type":"log","timestamp":1677265135468,"level":"debug","message":"Running chrome with params {\"printBackground\":true,\"marginTop\":\"4cm\",\"marginRight\":\"1.5cm\",\"marginBottom\":\"1.5cm\",\"marginLeft\":\"1.5cm\",\"waitForJS\":false,\"timeout\":59671,\"margin\":{\"top\":\"4cm\",\"right\":\"1.5cm\",\"bottom\":\"1.5cm\",\"left\":\"1.5cm\"}}","meta":{"rootId":"mtwkkk2xreac2zs","id":"mtwkkk2xreac2zs"},"id":"wc9lwqiga4pykrh","previousOperationId":"hnawwzgv7sfwelk"}
{"type":"operationEnd","operationId":"hnawwzgv7sfwelk","timestamp":1677265135565,"id":"km1oh8nmpjaotms","previousEventId":"ndh32fjt0qmm51c","previousOperationId":"hnawwzgv7sfwelk"}
{"type":"log","timestamp":1677265135565,"level":"info","message":"pdf-utils is starting pdf processing","meta":{"rootId":"mtwkkk2xreac2zs","id":"mtwkkk2xreac2zs"},"id":"8dz1o53r62bzvhp","previousOperationId":"hnawwzgv7sfwelk"}
{"type":"operationStart","subtype":"pdfUtils","name":"pdf utils","timestamp":1677265135565,"id":"ozqbyeav7lvf4xq","previousEventId":"km1oh8nmpjaotms","operationId":"6spvdcolq3kkt9o","previousOperationId":"hnawwzgv7sfwelk"}
{"type":"log","timestamp":1677265135565,"level":"debug","message":"pdf-utils detected 1 pdf operation(s) to process","meta":{"rootId":"mtwkkk2xreac2zs","id":"mtwkkk2xreac2zs"},"id":"uyybhq21wbuhw2s","previousOperationId":"6spvdcolq3kkt9o"}
{"type":"log","timestamp":1677265135596,"level":"debug","message":"pdf-utils running pdf operation merge","meta":{"rootId":"mtwkkk2xreac2zs","id":"mtwkkk2xreac2zs"},"id":"nohy2jhj7qw0u27","previousOperationId":"6spvdcolq3kkt9o"}
{"type":"operationStart","subtype":"pdfUtilsMerge","name":"pdf utils merge","previousOperationId":"6spvdcolq3kkt9o","timestamp":1677265135596,"id":"f63vgo6z8rmujc0","previousEventId":"ozqbyeav7lvf4xq","operationId":"mr22s1qnmclct9f"}
{"type":"operationStart","subtype":"render","name":"musicians-header","previousOperationId":"mr22s1qnmclct9f","timestamp":1677265135597,"id":"vpviuzkkjnb0k3k","previousEventId":"f63vgo6z8rmujc0","operationId":"ztvxnoaa61upl1v"}
{"type":"log","timestamp":1677265135597,"level":"info","message":"Starting rendering (child) request","meta":{"rootId":"mtwkkk2xreac2zs","id":"ispv590ibm4lfkw"},"id":"dyeyqyl2c78wlua","previousOperationId":"ztvxnoaa61upl1v"}
{"type":"log","timestamp":1677265135597,"level":"info","message":"Rendering template { name: musicians-header, recipe: chrome-pdf, engine: handlebars, preview: false }","meta":{"rootId":"mtwkkk2xreac2zs","id":"ispv590ibm4lfkw"},"id":"8g5zwmr354b3hnb","previousOperationId":"ztvxnoaa61upl1v"}
{"type":"log","timestamp":1677265135598,"level":"debug","message":"Inline data specified.","meta":{"rootId":"mtwkkk2xreac2zs","id":"ispv590ibm4lfkw"},"id":"yj70rvenle8zw70","previousOperationId":"ztvxnoaa61upl1v"}
{"type":"log","timestamp":1677265135600,"level":"debug","message":"Base url not specified, skipping its injection.","meta":{"rootId":"mtwkkk2xreac2zs","id":"ispv590ibm4lfkw"},"id":"gz3gnjg6qflcj8m","previousOperationId":"ztvxnoaa61upl1v"}
{"type":"operationStart","subtype":"engine","name":"handlebars","timestamp":1677265135600,"id":"klvlffmyzi8fu7s","previousEventId":"vpviuzkkjnb0k3k","operationId":"fnokec2l1xgfzy2","previousOperationId":"ztvxnoaa61upl1v"}
{"type":"log","timestamp":1677265135600,"level":"debug","message":"Rendering engine handlebars","meta":{"rootId":"mtwkkk2xreac2zs","id":"ispv590ibm4lfkw"},"id":"n2c3ve7a8k5drie","previousOperationId":"fnokec2l1xgfzy2"}
{"type":"operationEnd","operationId":"fnokec2l1xgfzy2","timestamp":1677265135612,"id":"o52v3fz2l4mjonp","previousEventId":"klvlffmyzi8fu7s","previousOperationId":"fnokec2l1xgfzy2"}
{"type":"operationStart","subtype":"recipe","name":"chrome-pdf","timestamp":1677265135612,"id":"ioxzpq4ifv9998i","previousEventId":"o52v3fz2l4mjonp","operationId":"jn3zpbo9u89lghg","previousOperationId":"fnokec2l1xgfzy2"}
{"type":"log","timestamp":1677265135612,"level":"debug","message":"Executing recipe chrome-pdf","meta":{"rootId":"mtwkkk2xreac2zs","id":"ispv590ibm4lfkw"},"id":"k9pc1r1auborq99","previousOperationId":"jn3zpbo9u89lghg"}
{"type":"log","timestamp":1677265135615,"level":"debug","message":"Converting with chrome HeadlessChrome/105.0.5173.0 using chrome-pool strategy","meta":{"rootId":"mtwkkk2xreac2zs","id":"ispv590ibm4lfkw"},"id":"x9s4c5uzx742ai1","previousOperationId":"jn3zpbo9u89lghg"}
{"type":"log","timestamp":1677265135707,"level":"debug","message":"Page request: GET (document) file:///C:/Users/pollo/AppData/Local/Temp/jsreport/autocleanup/c75d0007-d3ca-4ec5-9fcd-2ee6da690426-chrome-pdf.html","meta":{"rootId":"mtwkkk2xreac2zs","id":"ispv590ibm4lfkw"},"id":"k2s8q3mcdc1rlgj","previousOperationId":"jn3zpbo9u89lghg"}
{"type":"log","timestamp":1677265135721,"level":"debug","message":"Page request finished: GET (document) 200 file:///C:/Users/pollo/AppData/Local/Temp/jsreport/autocleanup/c75d0007-d3ca-4ec5-9fcd-2ee6da690426-chrome-pdf.html","meta":{"rootId":"mtwkkk2xreac2zs","id":"ispv590ibm4lfkw"},"id":"mqdp3c4fwsw8vyr","previousOperationId":"jn3zpbo9u89lghg"}
{"type":"log","timestamp":1677265135721,"level":"debug","message":"Page request: GET (stylesheet) https://cdnjs.cloudflare.com/ajax/libs/metro/4.1.5/css/metro.min.css","meta":{"rootId":"mtwkkk2xreac2zs","id":"ispv590ibm4lfkw"},"id":"qnxzyzflr1lbu0b","previousOperationId":"jn3zpbo9u89lghg"}
{"type":"log","timestamp":1677265135743,"level":"debug","message":"Page request finished: GET (stylesheet) 200 https://cdnjs.cloudflare.com/ajax/libs/metro/4.1.5/css/metro.min.css","meta":{"rootId":"mtwkkk2xreac2zs","id":"ispv590ibm4lfkw"},"id":"hdb5yyv1sw5iqm4","previousOperationId":"jn3zpbo9u89lghg"}
{"type":"log","timestamp":1677265135764,"level":"debug","message":"Running chrome with params {\"printBackground\":true,\"marginTop\":\"1.5cm\",\"marginRight\":\"1.5cm\",\"marginLeft\":\"1.cm\",\"timeout\":59273,\"margin\":{\"top\":\"1.5cm\",\"right\":\"1.5cm\",\"left\":\"1.cm\"}}","meta":{"rootId":"mtwkkk2xreac2zs","id":"ispv590ibm4lfkw"},"id":"8i5ye47qfd9sa36","previousOperationId":"jn3zpbo9u89lghg"}
{"type":"operationEnd","operationId":"jn3zpbo9u89lghg","timestamp":1677265135822,"id":"yb2lbxl8xi0vuic","previousEventId":"ioxzpq4ifv9998i","previousOperationId":"jn3zpbo9u89lghg"}
{"type":"log","timestamp":1677265135823,"level":"debug","message":"Skipping storing report.","meta":{"rootId":"mtwkkk2xreac2zs","id":"ispv590ibm4lfkw"},"id":"0tuftu93upvd8fy","previousOperationId":"jn3zpbo9u89lghg"}
{"type":"log","timestamp":1677265135823,"level":"info","message":"Rendering (child) request finished in 936 ms","meta":{"rootId":"mtwkkk2xreac2zs","id":"ispv590ibm4lfkw"},"id":"sjkmm457y18lovh","previousOperationId":"jn3zpbo9u89lghg"}
{"type":"operationEnd","subtype":"render","operationId":"ztvxnoaa61upl1v","timestamp":1677265135823,"id":"cbokvau1s33dwrq","previousEventId":"yb2lbxl8xi0vuic","previousOperationId":"jn3zpbo9u89lghg"}
{"type":"operationEnd","operationId":"mr22s1qnmclct9f","timestamp":1677265135836,"id":"30cp1rlw5c0g27v","previousEventId":"f63vgo6z8rmujc0","previousOperationId":"mr22s1qnmclct9f"}
{"type":"log","timestamp":1677265135836,"level":"debug","message":"pdf-utils postproces start","meta":{"rootId":"mtwkkk2xreac2zs","id":"mtwkkk2xreac2zs"},"id":"fo523yclbjatg7s","previousOperationId":"mr22s1qnmclct9f"}
{"type":"log","timestamp":1677265135846,"level":"debug","message":"pdf-utils postproces end","meta":{"rootId":"mtwkkk2xreac2zs","id":"mtwkkk2xreac2zs"},"id":"okv8yyjxgw1wxwa","previousOperationId":"mr22s1qnmclct9f"}
{"type":"operationEnd","operationId":"6spvdcolq3kkt9o","timestamp":1677265135846,"id":"wjcgmw3q0nf9tnd","previousEventId":"30cp1rlw5c0g27v","previousOperationId":"mr22s1qnmclct9f"}
{"type":"log","timestamp":1677265135846,"level":"info","message":"pdf-utils pdf processing was finished","meta":{"rootId":"mtwkkk2xreac2zs","id":"mtwkkk2xreac2zs"},"id":"egeiltebt1s296y","previousOperationId":"6spvdcolq3kkt9o"}
{"type":"log","timestamp":1677265135846,"level":"debug","message":"Skipping storing report.","meta":{"rootId":"mtwkkk2xreac2zs","id":"mtwkkk2xreac2zs"},"id":"pz060q10d87fgfm","previousOperationId":"6spvdcolq3kkt9o"}
{"type":"log","timestamp":1677265135846,"level":"info","message":"Rendering request 3 finished in 959 ms","meta":{"rootId":"mtwkkk2xreac2zs","id":"mtwkkk2xreac2zs"},"id":"t3unfjfj1k4wyuw","previousOperationId":"6spvdcolq3kkt9o"}
{"type":"operationEnd","subtype":"render","operationId":"sgpxtcrqsvvw7ts","timestamp":1677265135846,"id":"8sa6zyoekh5kj9y","previousEventId":"wjcgmw3q0nf9tnd","previousOperationId":"6spvdcolq3kkt9o"}
{"type":"operationEnd","doDiffs":false,"previousEventId":"2xdq2ok8h5t8t1b","previousOperationId":"ozbl8j37m2s7gnc","operationId":"ozbl8j37m2s7gnc","timestamp":1677265135852,"id":"c7mg2ibcegeqz1o"}
