{"type":"operationStart","subtype":"profile","data":{"_id":"Q5Ub66HWZuSntXgF","timestamp":"2023-02-24T17:33:39.999Z","state":"queued","mode":"standard","creationDate":"2023-02-24T17:33:40.001Z","modificationDate":"2023-02-24T17:33:40.001Z","shortid":"JIQOpYE","$entitySet":"profiles"},"doDiffs":false,"timestamp":1677260020000,"id":"alco4qo901jdagx","previousOperationId":null,"operationId":"14idr5xrpmioh45"}
{"type":"log","level":"info","message":"Render request 8 queued for execution and waiting for available worker","previousOperationId":"14idr5xrpmioh45","timestamp":1677260020000,"id":"z5s6pg8b7fkj6z3"}
{"type":"operationStart","subtype":"render","name":"musicians-main","previousOperationId":"14idr5xrpmioh45","timestamp":1677260020005,"id":"b7l68iv8se5i5wc","previousEventId":"alco4qo901jdagx","operationId":"922a0ovrhnxgy2e"}
{"type":"log","timestamp":1677260020005,"level":"info","message":"Starting rendering request 8","meta":{"rootId":"tnddovtjqlul7st","id":"tnddovtjqlul7st"},"id":"q0758cudevctg39","previousOperationId":"922a0ovrhnxgy2e"}
{"type":"log","timestamp":1677260020005,"level":"info","message":"Rendering template { name: musicians-main, recipe: chrome-pdf, engine: handlebars, preview: false }","meta":{"rootId":"tnddovtjqlul7st","id":"tnddovtjqlul7st"},"id":"hl6ffstlaa3zinw","previousOperationId":"922a0ovrhnxgy2e"}
{"type":"log","timestamp":1677260020006,"level":"debug","message":"Data item not defined for this template.","meta":{"rootId":"tnddovtjqlul7st","id":"tnddovtjqlul7st"},"id":"5ap9a6au72hbtjp","previousOperationId":"922a0ovrhnxgy2e"}
{"type":"log","timestamp":1677260020009,"level":"debug","message":"Executing script musicians-script (beforeRender)","meta":{"rootId":"tnddovtjqlul7st","id":"tnddovtjqlul7st"},"id":"p2f74kqhd7qxi0b","previousOperationId":"922a0ovrhnxgy2e"}
{"type":"operationStart","subtype":"scriptsBeforeRender","name":"scripts beforeRender","timestamp":1677260020032,"id":"7t66kecjnzh7th2","previousEventId":"b7l68iv8se5i5wc","operationId":"5gk2qj4tka9pca2","previousOperationId":"922a0ovrhnxgy2e"}
{"type":"operationStart","subtype":"script","name":"scripts musicians-script","previousOperationId":"5gk2qj4tka9pca2","timestamp":1677260020032,"id":"592pcsskmvq6kyn","previousEventId":"7t66kecjnzh7th2","operationId":"xympcbezgqfs8r6"}
{"type":"log","timestamp":1677260020283,"level":"debug","message":"(console:log) [ 0, 1 ]","meta":{"userLevel":true,"rootId":"tnddovtjqlul7st","id":"tnddovtjqlul7st"},"id":"6u69ixwkdx4f6a8","previousOperationId":"xympcbezgqfs8r6"}
{"type":"operationEnd","operationId":"xympcbezgqfs8r6","timestamp":1677260020283,"id":"f7uidpdrr4l9ny8","previousEventId":"b7l68iv8se5i5wc","previousOperationId":"922a0ovrhnxgy2e"}
{"type":"operationEnd","operationId":"5gk2qj4tka9pca2","timestamp":1677260020283,"id":"sy3o1dpglumgy53","previousEventId":"f7uidpdrr4l9ny8","previousOperationId":"922a0ovrhnxgy2e"}
{"type":"log","timestamp":1677260020283,"level":"debug","message":"Base url not specified, skipping its injection.","meta":{"rootId":"tnddovtjqlul7st","id":"tnddovtjqlul7st"},"id":"i1rjx8r1chwq8kn","previousOperationId":"5gk2qj4tka9pca2"}
{"type":"operationStart","subtype":"engine","name":"handlebars","timestamp":1677260020284,"id":"2blkv6zotnaxedm","previousEventId":"sy3o1dpglumgy53","operationId":"g9m2tbm3ydbmloj","previousOperationId":"5gk2qj4tka9pca2"}
{"type":"log","timestamp":1677260020284,"level":"debug","message":"Rendering engine handlebars","meta":{"rootId":"tnddovtjqlul7st","id":"tnddovtjqlul7st"},"id":"ppprty7skomrq7h","previousOperationId":"g9m2tbm3ydbmloj"}
{"type":"operationEnd","operationId":"g9m2tbm3ydbmloj","timestamp":1677260020289,"id":"zk9xcv1kg9uta5k","previousEventId":"2blkv6zotnaxedm","previousOperationId":"g9m2tbm3ydbmloj"}
{"type":"operationStart","subtype":"recipe","name":"chrome-pdf","timestamp":1677260020290,"id":"wpod9li7yymaecn","previousEventId":"zk9xcv1kg9uta5k","operationId":"qecnf3rflemks47","previousOperationId":"g9m2tbm3ydbmloj"}
{"type":"log","timestamp":1677260020290,"level":"debug","message":"Executing recipe chrome-pdf","meta":{"rootId":"tnddovtjqlul7st","id":"tnddovtjqlul7st"},"id":"7xriqi29hiw2fbq","previousOperationId":"qecnf3rflemks47"}
{"type":"log","timestamp":1677260020292,"level":"debug","message":"Converting with chrome HeadlessChrome/105.0.5173.0 using chrome-pool strategy","meta":{"rootId":"tnddovtjqlul7st","id":"tnddovtjqlul7st"},"id":"yzcoww4p3gt2pef","previousOperationId":"qecnf3rflemks47"}
{"type":"log","timestamp":1677260020389,"level":"debug","message":"Page request: GET (document) file:///C:/Users/pollo/AppData/Local/Temp/jsreport/autocleanup/ab1e0303-7028-429f-9577-9ca8812c2111-chrome-pdf.html","meta":{"rootId":"tnddovtjqlul7st","id":"tnddovtjqlul7st"},"id":"cx6zw4uw6st4y3v","previousOperationId":"qecnf3rflemks47"}
{"type":"log","timestamp":1677260020398,"level":"debug","message":"Page request finished: GET (document) 200 file:///C:/Users/pollo/AppData/Local/Temp/jsreport/autocleanup/ab1e0303-7028-429f-9577-9ca8812c2111-chrome-pdf.html","meta":{"rootId":"tnddovtjqlul7st","id":"tnddovtjqlul7st"},"id":"ngvpojejbo8dqy7","previousOperationId":"qecnf3rflemks47"}
{"type":"log","timestamp":1677260020398,"level":"debug","message":"Page request: GET (stylesheet) https://cdnjs.cloudflare.com/ajax/libs/metro/4.1.5/css/metro.min.css","meta":{"rootId":"tnddovtjqlul7st","id":"tnddovtjqlul7st"},"id":"la31p9juifoyscw","previousOperationId":"qecnf3rflemks47"}
{"type":"log","timestamp":1677260020398,"level":"debug","message":"Page request: GET (script) https://cdn.jsdelivr.net/npm/chart.js","meta":{"rootId":"tnddovtjqlul7st","id":"tnddovtjqlul7st"},"id":"1907m3iib77rhlw","previousOperationId":"qecnf3rflemks47"}
{"type":"log","timestamp":1677260020421,"level":"debug","message":"Page request finished: GET (stylesheet) 200 https://cdnjs.cloudflare.com/ajax/libs/metro/4.1.5/css/metro.min.css","meta":{"rootId":"tnddovtjqlul7st","id":"tnddovtjqlul7st"},"id":"a5xxhj213egcydf","previousOperationId":"qecnf3rflemks47"}
{"type":"log","timestamp":1677260020421,"level":"debug","message":"Page request finished: GET (script) 200 https://cdn.jsdelivr.net/npm/chart.js","meta":{"rootId":"tnddovtjqlul7st","id":"tnddovtjqlul7st"},"id":"e9ml1x6arn70pio","previousOperationId":"qecnf3rflemks47"}
{"type":"log","timestamp":1677260020528,"level":"debug","message":"Running chrome with params {\"printBackground\":true,\"marginTop\":\"4cm\",\"marginRight\":\"1.5cm\",\"marginBottom\":\"1.5cm\",\"marginLeft\":\"1.5cm\",\"waitForJS\":false,\"timeout\":59707,\"margin\":{\"top\":\"4cm\",\"right\":\"1.5cm\",\"bottom\":\"1.5cm\",\"left\":\"1.5cm\"}}","meta":{"rootId":"tnddovtjqlul7st","id":"tnddovtjqlul7st"},"id":"vv4ys9rbansnkp3","previousOperationId":"qecnf3rflemks47"}
{"type":"operationEnd","operationId":"qecnf3rflemks47","timestamp":1677260020620,"id":"f78g4bn5ujlmrf3","previousEventId":"wpod9li7yymaecn","previousOperationId":"qecnf3rflemks47"}
{"type":"log","timestamp":1677260020620,"level":"info","message":"pdf-utils is starting pdf processing","meta":{"rootId":"tnddovtjqlul7st","id":"tnddovtjqlul7st"},"id":"d5oo1kzsn4obky0","previousOperationId":"qecnf3rflemks47"}
{"type":"operationStart","subtype":"pdfUtils","name":"pdf utils","timestamp":1677260020620,"id":"kebvn8qlwlodclm","previousEventId":"f78g4bn5ujlmrf3","operationId":"tdb6cby4fj2pphm","previousOperationId":"qecnf3rflemks47"}
{"type":"log","timestamp":1677260020620,"level":"debug","message":"pdf-utils detected 1 pdf operation(s) to process","meta":{"rootId":"tnddovtjqlul7st","id":"tnddovtjqlul7st"},"id":"kco0pp8jma7wjqh","previousOperationId":"tdb6cby4fj2pphm"}
{"type":"log","timestamp":1677260020641,"level":"debug","message":"pdf-utils running pdf operation merge","meta":{"rootId":"tnddovtjqlul7st","id":"tnddovtjqlul7st"},"id":"zjqgkj3vswyn4a8","previousOperationId":"tdb6cby4fj2pphm"}
{"type":"operationStart","subtype":"pdfUtilsMerge","name":"pdf utils merge","previousOperationId":"tdb6cby4fj2pphm","timestamp":1677260020641,"id":"gvles2pxia1bdzi","previousEventId":"kebvn8qlwlodclm","operationId":"0137ftlckaj6ru8"}
{"type":"operationStart","subtype":"render","name":"musicians-header","previousOperationId":"0137ftlckaj6ru8","timestamp":1677260020642,"id":"64do7l1kzs5ff77","previousEventId":"gvles2pxia1bdzi","operationId":"oiyjjrmucot2duw"}
{"type":"log","timestamp":1677260020642,"level":"info","message":"Starting rendering (child) request","meta":{"rootId":"tnddovtjqlul7st","id":"eghwctzpmzgomv2"},"id":"igwbvjz8a5htw9z","previousOperationId":"oiyjjrmucot2duw"}
{"type":"log","timestamp":1677260020642,"level":"info","message":"Rendering template { name: musicians-header, recipe: chrome-pdf, engine: handlebars, preview: false }","meta":{"rootId":"tnddovtjqlul7st","id":"eghwctzpmzgomv2"},"id":"tjy0do7l84ver53","previousOperationId":"oiyjjrmucot2duw"}
{"type":"log","timestamp":1677260020644,"level":"debug","message":"Inline data specified.","meta":{"rootId":"tnddovtjqlul7st","id":"eghwctzpmzgomv2"},"id":"yrxncxwajrkhrzc","previousOperationId":"oiyjjrmucot2duw"}
{"type":"log","timestamp":1677260020646,"level":"debug","message":"Base url not specified, skipping its injection.","meta":{"rootId":"tnddovtjqlul7st","id":"eghwctzpmzgomv2"},"id":"zrs8ie6lotjq4a9","previousOperationId":"oiyjjrmucot2duw"}
{"type":"operationStart","subtype":"engine","name":"handlebars","timestamp":1677260020646,"id":"8tswddyguwdz29f","previousEventId":"64do7l1kzs5ff77","operationId":"hgqdftr5ecp09n7","previousOperationId":"oiyjjrmucot2duw"}
{"type":"log","timestamp":1677260020646,"level":"debug","message":"Rendering engine handlebars","meta":{"rootId":"tnddovtjqlul7st","id":"eghwctzpmzgomv2"},"id":"17khl7wq7bm6q64","previousOperationId":"hgqdftr5ecp09n7"}
{"type":"operationEnd","operationId":"hgqdftr5ecp09n7","timestamp":1677260020657,"id":"volc1em3cg9qfwb","previousEventId":"8tswddyguwdz29f","previousOperationId":"hgqdftr5ecp09n7"}
{"type":"operationStart","subtype":"recipe","name":"chrome-pdf","timestamp":1677260020657,"id":"f31i7jly3lfy9bz","previousEventId":"volc1em3cg9qfwb","operationId":"j939j2oynw7ufqr","previousOperationId":"hgqdftr5ecp09n7"}
{"type":"log","timestamp":1677260020657,"level":"debug","message":"Executing recipe chrome-pdf","meta":{"rootId":"tnddovtjqlul7st","id":"eghwctzpmzgomv2"},"id":"id9z3q0w4qznzvd","previousOperationId":"j939j2oynw7ufqr"}
{"type":"log","timestamp":1677260020659,"level":"debug","message":"Converting with chrome HeadlessChrome/105.0.5173.0 using chrome-pool strategy","meta":{"rootId":"tnddovtjqlul7st","id":"eghwctzpmzgomv2"},"id":"74hf5yxio0b3vwz","previousOperationId":"j939j2oynw7ufqr"}
{"type":"log","timestamp":1677260020749,"level":"debug","message":"Page request: GET (document) file:///C:/Users/pollo/AppData/Local/Temp/jsreport/autocleanup/faf7bf80-153d-4931-bdde-a75f433c49f0-chrome-pdf.html","meta":{"rootId":"tnddovtjqlul7st","id":"eghwctzpmzgomv2"},"id":"27djdbbczzhsc8z","previousOperationId":"j939j2oynw7ufqr"}
{"type":"log","timestamp":1677260020759,"level":"debug","message":"Page request: GET (stylesheet) https://cdnjs.cloudflare.com/ajax/libs/metro/4.1.5/css/metro.min.css","meta":{"rootId":"tnddovtjqlul7st","id":"eghwctzpmzgomv2"},"id":"ucvd43rkvnf5zjf","previousOperationId":"j939j2oynw7ufqr"}
{"type":"log","timestamp":1677260020759,"level":"debug","message":"Page request finished: GET (document) 200 file:///C:/Users/pollo/AppData/Local/Temp/jsreport/autocleanup/faf7bf80-153d-4931-bdde-a75f433c49f0-chrome-pdf.html","meta":{"rootId":"tnddovtjqlul7st","id":"eghwctzpmzgomv2"},"id":"9yvhd5tqnfn434p","previousOperationId":"j939j2oynw7ufqr"}
{"type":"log","timestamp":1677260020788,"level":"debug","message":"Page request finished: GET (stylesheet) 200 https://cdnjs.cloudflare.com/ajax/libs/metro/4.1.5/css/metro.min.css","meta":{"rootId":"tnddovtjqlul7st","id":"eghwctzpmzgomv2"},"id":"blknii8ahnekd2u","previousOperationId":"j939j2oynw7ufqr"}
{"type":"log","timestamp":1677260020809,"level":"debug","message":"Running chrome with params {\"printBackground\":true,\"marginTop\":\"1.5cm\",\"marginRight\":\"1.5cm\",\"marginLeft\":\"1.cm\",\"timeout\":59340,\"margin\":{\"top\":\"1.5cm\",\"right\":\"1.5cm\",\"left\":\"1.cm\"}}","meta":{"rootId":"tnddovtjqlul7st","id":"eghwctzpmzgomv2"},"id":"k16ttr7vieoec43","previousOperationId":"j939j2oynw7ufqr"}
{"type":"operationEnd","operationId":"j939j2oynw7ufqr","timestamp":1677260020872,"id":"96eyuflfgua4c4q","previousEventId":"f31i7jly3lfy9bz","previousOperationId":"j939j2oynw7ufqr"}
{"type":"log","timestamp":1677260020872,"level":"debug","message":"Skipping storing report.","meta":{"rootId":"tnddovtjqlul7st","id":"eghwctzpmzgomv2"},"id":"p7havaudfhxif5m","previousOperationId":"j939j2oynw7ufqr"}
{"type":"log","timestamp":1677260020872,"level":"info","message":"Rendering (child) request finished in 874 ms","meta":{"rootId":"tnddovtjqlul7st","id":"eghwctzpmzgomv2"},"id":"r7rx2vwxwa5vnqq","previousOperationId":"j939j2oynw7ufqr"}
{"type":"operationEnd","subtype":"render","operationId":"oiyjjrmucot2duw","timestamp":1677260020873,"id":"rrdrv85mln55kqt","previousEventId":"96eyuflfgua4c4q","previousOperationId":"j939j2oynw7ufqr"}
{"type":"operationEnd","operationId":"0137ftlckaj6ru8","timestamp":1677260020881,"id":"p08h9ucxxcq6p23","previousEventId":"gvles2pxia1bdzi","previousOperationId":"0137ftlckaj6ru8"}
{"type":"log","timestamp":1677260020881,"level":"debug","message":"pdf-utils postproces start","meta":{"rootId":"tnddovtjqlul7st","id":"tnddovtjqlul7st"},"id":"ng9ps6cm6zfwrbp","previousOperationId":"0137ftlckaj6ru8"}
{"type":"log","timestamp":1677260020893,"level":"debug","message":"pdf-utils postproces end","meta":{"rootId":"tnddovtjqlul7st","id":"tnddovtjqlul7st"},"id":"hlcv473tm6x6k1e","previousOperationId":"0137ftlckaj6ru8"}
{"type":"operationEnd","operationId":"tdb6cby4fj2pphm","timestamp":1677260020893,"id":"sthujl8ps4g2kc1","previousEventId":"p08h9ucxxcq6p23","previousOperationId":"0137ftlckaj6ru8"}
{"type":"log","timestamp":1677260020893,"level":"info","message":"pdf-utils pdf processing was finished","meta":{"rootId":"tnddovtjqlul7st","id":"tnddovtjqlul7st"},"id":"0lru8qeaiatjk3x","previousOperationId":"tdb6cby4fj2pphm"}
{"type":"log","timestamp":1677260020893,"level":"debug","message":"Skipping storing report.","meta":{"rootId":"tnddovtjqlul7st","id":"tnddovtjqlul7st"},"id":"m4wbfw2nv4bruv2","previousOperationId":"tdb6cby4fj2pphm"}
{"type":"log","timestamp":1677260020893,"level":"info","message":"Rendering request 8 finished in 895 ms","meta":{"rootId":"tnddovtjqlul7st","id":"tnddovtjqlul7st"},"id":"5o90dcisd0jcu3i","previousOperationId":"tdb6cby4fj2pphm"}
{"type":"operationEnd","subtype":"render","operationId":"922a0ovrhnxgy2e","timestamp":1677260020893,"id":"vw73dluq0fk1st5","previousEventId":"sthujl8ps4g2kc1","previousOperationId":"tdb6cby4fj2pphm"}
{"type":"operationEnd","doDiffs":false,"previousEventId":"alco4qo901jdagx","previousOperationId":"14idr5xrpmioh45","operationId":"14idr5xrpmioh45","timestamp":1677260020898,"id":"e5c72mdnuy1quaj"}
