{"type":"operationStart","subtype":"profile","data":{"_id":"83zVAq3SkBf8oaMd","timestamp":"2023-03-19T21:35:42.259Z","state":"queued","mode":"standard","creationDate":"2023-03-19T21:35:42.262Z","modificationDate":"2023-03-19T21:35:42.262Z","shortid":"gyiX2HC","$entitySet":"profiles"},"doDiffs":false,"timestamp":1679261742261,"id":"ozghd7vu4ambo26","previousOperationId":null,"operationId":"jrxcynlfcumgxey"}
{"type":"log","level":"info","message":"Render request 3 queued for execution and waiting for available worker","previousOperationId":"jrxcynlfcumgxey","timestamp":1679261742261,"id":"k6jtp1y812k6tft"}
{"type":"operationStart","subtype":"render","name":"authors-main","previousOperationId":"jrxcynlfcumgxey","timestamp":1679261742268,"id":"90p83z80wlzwvmt","previousEventId":"ozghd7vu4ambo26","operationId":"oclm4bfs733ik6p"}
{"type":"log","timestamp":1679261742268,"level":"info","message":"Starting rendering request 3","meta":{"rootId":"8b5nuv65up0fjbw","id":"8b5nuv65up0fjbw"},"id":"9v2cjsdmaoqiye4","previousOperationId":"oclm4bfs733ik6p"}
{"type":"log","timestamp":1679261742269,"level":"info","message":"Rendering template { name: authors-main, recipe: chrome-pdf, engine: handlebars, preview: false }","meta":{"rootId":"8b5nuv65up0fjbw","id":"8b5nuv65up0fjbw"},"id":"gjydyonyp1hwti4","previousOperationId":"oclm4bfs733ik6p"}
{"type":"log","timestamp":1679261742269,"level":"debug","message":"Data item not defined for this template.","meta":{"rootId":"8b5nuv65up0fjbw","id":"8b5nuv65up0fjbw"},"id":"emlp7094dhejz6g","previousOperationId":"oclm4bfs733ik6p"}
{"type":"log","timestamp":1679261742279,"level":"debug","message":"Executing script authors-script (beforeRender)","meta":{"rootId":"8b5nuv65up0fjbw","id":"8b5nuv65up0fjbw"},"id":"z1b9b68lhsk4ej4","previousOperationId":"oclm4bfs733ik6p"}
{"type":"operationStart","subtype":"scriptsBeforeRender","name":"scripts beforeRender","timestamp":1679261742310,"id":"m814fabnqjqz1sj","previousEventId":"90p83z80wlzwvmt","operationId":"i8ouvfxbs3rjpf5","previousOperationId":"oclm4bfs733ik6p"}
{"type":"operationStart","subtype":"script","name":"scripts authors-script","previousOperationId":"i8ouvfxbs3rjpf5","timestamp":1679261742310,"id":"ompcrjdxojw183j","previousEventId":"m814fabnqjqz1sj","operationId":"os5id0xyrd86nd7"}
{"type":"log","timestamp":1679261742486,"level":"debug","message":"(console:log) [ 1, 1 ]","meta":{"userLevel":true,"rootId":"8b5nuv65up0fjbw","id":"8b5nuv65up0fjbw"},"id":"76e51dlijcywxc7","previousOperationId":"os5id0xyrd86nd7"}
{"type":"operationEnd","operationId":"os5id0xyrd86nd7","timestamp":1679261742486,"id":"7y64w9i38qxz0n1","previousEventId":"90p83z80wlzwvmt","previousOperationId":"oclm4bfs733ik6p"}
{"type":"operationEnd","operationId":"i8ouvfxbs3rjpf5","timestamp":1679261742486,"id":"1bd57xlf3ut5ur8","previousEventId":"7y64w9i38qxz0n1","previousOperationId":"oclm4bfs733ik6p"}
{"type":"log","timestamp":1679261742486,"level":"debug","message":"Base url not specified, skipping its injection.","meta":{"rootId":"8b5nuv65up0fjbw","id":"8b5nuv65up0fjbw"},"id":"2i9ko4o24zc5vib","previousOperationId":"i8ouvfxbs3rjpf5"}
{"type":"operationStart","subtype":"engine","name":"handlebars","timestamp":1679261742487,"id":"lqw27iuadgm71yy","previousEventId":"1bd57xlf3ut5ur8","operationId":"oe0fys5p0v7r410","previousOperationId":"i8ouvfxbs3rjpf5"}
{"type":"log","timestamp":1679261742487,"level":"debug","message":"Rendering engine handlebars","meta":{"rootId":"8b5nuv65up0fjbw","id":"8b5nuv65up0fjbw"},"id":"brdp3u3j7jalwuv","previousOperationId":"oe0fys5p0v7r410"}
{"type":"operationEnd","operationId":"oe0fys5p0v7r410","timestamp":1679261742494,"id":"u1lw7bqo10u2nw4","previousEventId":"lqw27iuadgm71yy","previousOperationId":"oe0fys5p0v7r410"}
{"type":"operationStart","subtype":"recipe","name":"chrome-pdf","timestamp":1679261742495,"id":"xblxlp6pnstmyax","previousEventId":"u1lw7bqo10u2nw4","operationId":"rqc5k5buttotjza","previousOperationId":"oe0fys5p0v7r410"}
{"type":"log","timestamp":1679261742495,"level":"debug","message":"Executing recipe chrome-pdf","meta":{"rootId":"8b5nuv65up0fjbw","id":"8b5nuv65up0fjbw"},"id":"gtm7w3o8okpfnvn","previousOperationId":"rqc5k5buttotjza"}
{"type":"log","timestamp":1679261742501,"level":"debug","message":"Converting with chrome HeadlessChrome/105.0.5173.0 using chrome-pool strategy","meta":{"rootId":"8b5nuv65up0fjbw","id":"8b5nuv65up0fjbw"},"id":"lfwu1w7olf1j5jt","previousOperationId":"rqc5k5buttotjza"}
{"type":"log","timestamp":1679261742613,"level":"debug","message":"Page request: GET (document) file:///C:/Users/jiva1/AppData/Local/Temp/jsreport/autocleanup/cb7943eb-1e07-421e-a74b-936821e47825-chrome-pdf.html","meta":{"rootId":"8b5nuv65up0fjbw","id":"8b5nuv65up0fjbw"},"id":"j0fhfby6qccnwsq","previousOperationId":"rqc5k5buttotjza"}
{"type":"log","timestamp":1679261742637,"level":"debug","message":"Page request finished: GET (document) 200 file:///C:/Users/jiva1/AppData/Local/Temp/jsreport/autocleanup/cb7943eb-1e07-421e-a74b-936821e47825-chrome-pdf.html","meta":{"rootId":"8b5nuv65up0fjbw","id":"8b5nuv65up0fjbw"},"id":"jq8qk4h540uk6uf","previousOperationId":"rqc5k5buttotjza"}
{"type":"log","timestamp":1679261742637,"level":"debug","message":"Page request: GET (stylesheet) https://cdnjs.cloudflare.com/ajax/libs/metro/4.1.5/css/metro.min.css","meta":{"rootId":"8b5nuv65up0fjbw","id":"8b5nuv65up0fjbw"},"id":"swc0i4htlgphz5v","previousOperationId":"rqc5k5buttotjza"}
{"type":"log","timestamp":1679261742637,"level":"debug","message":"Page request: GET (script) https://cdn.jsdelivr.net/npm/chart.js","meta":{"rootId":"8b5nuv65up0fjbw","id":"8b5nuv65up0fjbw"},"id":"b30hoagyje5ybhs","previousOperationId":"rqc5k5buttotjza"}
{"type":"log","timestamp":1679261742644,"level":"debug","message":"Page request finished: GET (script) 200 https://cdn.jsdelivr.net/npm/chart.js","meta":{"rootId":"8b5nuv65up0fjbw","id":"8b5nuv65up0fjbw"},"id":"spdicd8d2dl174n","previousOperationId":"rqc5k5buttotjza"}
{"type":"log","timestamp":1679261742666,"level":"debug","message":"Page request finished: GET (stylesheet) 200 https://cdnjs.cloudflare.com/ajax/libs/metro/4.1.5/css/metro.min.css","meta":{"rootId":"8b5nuv65up0fjbw","id":"8b5nuv65up0fjbw"},"id":"15k47nxa6l1mocq","previousOperationId":"rqc5k5buttotjza"}
{"type":"log","timestamp":1679261742779,"level":"debug","message":"Running chrome with params {\"printBackground\":true,\"marginTop\":\"4cm\",\"marginRight\":\"1.5cm\",\"marginBottom\":\"1.5cm\",\"marginLeft\":\"1.5cm\",\"waitForJS\":false,\"timeout\":59759,\"margin\":{\"top\":\"4cm\",\"right\":\"1.5cm\",\"bottom\":\"1.5cm\",\"left\":\"1.5cm\"}}","meta":{"rootId":"8b5nuv65up0fjbw","id":"8b5nuv65up0fjbw"},"id":"co23cgsopxpikgp","previousOperationId":"rqc5k5buttotjza"}
{"type":"operationEnd","operationId":"rqc5k5buttotjza","timestamp":1679261742877,"id":"r5goiuomrgn1fnk","previousEventId":"xblxlp6pnstmyax","previousOperationId":"rqc5k5buttotjza"}
{"type":"log","timestamp":1679261742877,"level":"info","message":"pdf-utils is starting pdf processing","meta":{"rootId":"8b5nuv65up0fjbw","id":"8b5nuv65up0fjbw"},"id":"loh7a1irculkaw0","previousOperationId":"rqc5k5buttotjza"}
{"type":"operationStart","subtype":"pdfUtils","name":"pdf utils","timestamp":1679261742877,"id":"lgpzzfabtjpact0","previousEventId":"r5goiuomrgn1fnk","operationId":"s2zawhhyoz1f0fh","previousOperationId":"rqc5k5buttotjza"}
{"type":"log","timestamp":1679261742877,"level":"debug","message":"pdf-utils detected 1 pdf operation(s) to process","meta":{"rootId":"8b5nuv65up0fjbw","id":"8b5nuv65up0fjbw"},"id":"f076rytniclnz5v","previousOperationId":"s2zawhhyoz1f0fh"}
{"type":"log","timestamp":1679261742908,"level":"debug","message":"pdf-utils running pdf operation merge","meta":{"rootId":"8b5nuv65up0fjbw","id":"8b5nuv65up0fjbw"},"id":"xsy8j6fgw2vsg1i","previousOperationId":"s2zawhhyoz1f0fh"}
{"type":"operationStart","subtype":"pdfUtilsMerge","name":"pdf utils merge","previousOperationId":"s2zawhhyoz1f0fh","timestamp":1679261742908,"id":"t2zcztix4hn1dyb","previousEventId":"lgpzzfabtjpact0","operationId":"zg6kv1dft271x0w"}
{"type":"operationStart","subtype":"render","name":"authors-header","previousOperationId":"zg6kv1dft271x0w","timestamp":1679261742909,"id":"sq9jeb4jyum9in1","previousEventId":"t2zcztix4hn1dyb","operationId":"y0vaah00ui9c8cl"}
{"type":"log","timestamp":1679261742910,"level":"info","message":"Starting rendering (child) request","meta":{"rootId":"8b5nuv65up0fjbw","id":"r8ui37yq1ys7i67"},"id":"y6g8z9b1b2j62y5","previousOperationId":"y0vaah00ui9c8cl"}
{"type":"log","timestamp":1679261742910,"level":"info","message":"Rendering template { name: authors-header, recipe: chrome-pdf, engine: handlebars, preview: false }","meta":{"rootId":"8b5nuv65up0fjbw","id":"r8ui37yq1ys7i67"},"id":"i2gq4zih92ssa70","previousOperationId":"y0vaah00ui9c8cl"}
{"type":"log","timestamp":1679261742910,"level":"debug","message":"Inline data specified.","meta":{"rootId":"8b5nuv65up0fjbw","id":"r8ui37yq1ys7i67"},"id":"r61e7udcqwfg3nu","previousOperationId":"y0vaah00ui9c8cl"}
{"type":"log","timestamp":1679261742916,"level":"debug","message":"Base url not specified, skipping its injection.","meta":{"rootId":"8b5nuv65up0fjbw","id":"r8ui37yq1ys7i67"},"id":"nmp0ttmo2iwdyc7","previousOperationId":"y0vaah00ui9c8cl"}
{"type":"operationStart","subtype":"engine","name":"handlebars","timestamp":1679261742916,"id":"m0vm9mwgzmmo8cm","previousEventId":"sq9jeb4jyum9in1","operationId":"2mewc4uniq1zclu","previousOperationId":"y0vaah00ui9c8cl"}
{"type":"log","timestamp":1679261742916,"level":"debug","message":"Rendering engine handlebars","meta":{"rootId":"8b5nuv65up0fjbw","id":"r8ui37yq1ys7i67"},"id":"t66uzlmi6t69v1p","previousOperationId":"2mewc4uniq1zclu"}
{"type":"operationEnd","operationId":"2mewc4uniq1zclu","timestamp":1679261742931,"id":"j07quo6k9l7e0f1","previousEventId":"m0vm9mwgzmmo8cm","previousOperationId":"2mewc4uniq1zclu"}
{"type":"operationStart","subtype":"recipe","name":"chrome-pdf","timestamp":1679261742931,"id":"3sjf4r9wu6ntx8s","previousEventId":"j07quo6k9l7e0f1","operationId":"0717rsdlq7xdk1q","previousOperationId":"2mewc4uniq1zclu"}
{"type":"log","timestamp":1679261742932,"level":"debug","message":"Executing recipe chrome-pdf","meta":{"rootId":"8b5nuv65up0fjbw","id":"r8ui37yq1ys7i67"},"id":"yjfhh3f8gxd9ra5","previousOperationId":"0717rsdlq7xdk1q"}
{"type":"log","timestamp":1679261742934,"level":"debug","message":"Converting with chrome HeadlessChrome/105.0.5173.0 using chrome-pool strategy","meta":{"rootId":"8b5nuv65up0fjbw","id":"r8ui37yq1ys7i67"},"id":"bzupvn4p9009fpe","previousOperationId":"0717rsdlq7xdk1q"}
{"type":"log","timestamp":1679261743028,"level":"debug","message":"Page request: GET (document) file:///C:/Users/jiva1/AppData/Local/Temp/jsreport/autocleanup/96843d09-72b5-4be2-94e2-e83897d26a73-chrome-pdf.html","meta":{"rootId":"8b5nuv65up0fjbw","id":"r8ui37yq1ys7i67"},"id":"juie154qmy8qxx9","previousOperationId":"0717rsdlq7xdk1q"}
{"type":"log","timestamp":1679261743037,"level":"debug","message":"Page request finished: GET (document) 200 file:///C:/Users/jiva1/AppData/Local/Temp/jsreport/autocleanup/96843d09-72b5-4be2-94e2-e83897d26a73-chrome-pdf.html","meta":{"rootId":"8b5nuv65up0fjbw","id":"r8ui37yq1ys7i67"},"id":"yu67i7pt2ji9p9h","previousOperationId":"0717rsdlq7xdk1q"}
{"type":"log","timestamp":1679261743037,"level":"debug","message":"Page request: GET (stylesheet) https://cdnjs.cloudflare.com/ajax/libs/metro/4.1.5/css/metro.min.css","meta":{"rootId":"8b5nuv65up0fjbw","id":"r8ui37yq1ys7i67"},"id":"cgwwpl4eu8jdfck","previousOperationId":"0717rsdlq7xdk1q"}
{"type":"log","timestamp":1679261743059,"level":"debug","message":"Page request finished: GET (stylesheet) 200 https://cdnjs.cloudflare.com/ajax/libs/metro/4.1.5/css/metro.min.css","meta":{"rootId":"8b5nuv65up0fjbw","id":"r8ui37yq1ys7i67"},"id":"fus1mlsqme2hyw7","previousOperationId":"0717rsdlq7xdk1q"}
{"type":"log","timestamp":1679261743084,"level":"debug","message":"Running chrome with params {\"printBackground\":true,\"marginTop\":\"1.5cm\",\"marginRight\":\"1.5cm\",\"marginLeft\":\"1.cm\",\"timeout\":59326,\"margin\":{\"top\":\"1.5cm\",\"right\":\"1.5cm\",\"left\":\"1.cm\"}}","meta":{"rootId":"8b5nuv65up0fjbw","id":"r8ui37yq1ys7i67"},"id":"e4h2ve3wpepapx9","previousOperationId":"0717rsdlq7xdk1q"}
{"type":"operationEnd","operationId":"0717rsdlq7xdk1q","timestamp":1679261743142,"id":"xd8f1medfv3579x","previousEventId":"3sjf4r9wu6ntx8s","previousOperationId":"0717rsdlq7xdk1q"}
{"type":"log","timestamp":1679261743142,"level":"debug","message":"Skipping storing report.","meta":{"rootId":"8b5nuv65up0fjbw","id":"r8ui37yq1ys7i67"},"id":"4ofgxvqavmeyo39","previousOperationId":"0717rsdlq7xdk1q"}
{"type":"log","timestamp":1679261743142,"level":"info","message":"Rendering (child) request finished in 883 ms","meta":{"rootId":"8b5nuv65up0fjbw","id":"r8ui37yq1ys7i67"},"id":"nipygltd0yu6j0z","previousOperationId":"0717rsdlq7xdk1q"}
{"type":"operationEnd","subtype":"render","operationId":"y0vaah00ui9c8cl","timestamp":1679261743142,"id":"jtxohdye81oaqf1","previousEventId":"xd8f1medfv3579x","previousOperationId":"0717rsdlq7xdk1q"}
{"type":"operationEnd","operationId":"zg6kv1dft271x0w","timestamp":1679261743151,"id":"5hytci7hp5mpk9u","previousEventId":"t2zcztix4hn1dyb","previousOperationId":"zg6kv1dft271x0w"}
{"type":"log","timestamp":1679261743151,"level":"debug","message":"pdf-utils postproces start","meta":{"rootId":"8b5nuv65up0fjbw","id":"8b5nuv65up0fjbw"},"id":"fyniig2imc6ljun","previousOperationId":"zg6kv1dft271x0w"}
{"type":"log","timestamp":1679261743158,"level":"debug","message":"pdf-utils postproces end","meta":{"rootId":"8b5nuv65up0fjbw","id":"8b5nuv65up0fjbw"},"id":"kpo2k76ybrhcjho","previousOperationId":"zg6kv1dft271x0w"}
{"type":"operationEnd","operationId":"s2zawhhyoz1f0fh","timestamp":1679261743158,"id":"qzn4wd7gnenv8j3","previousEventId":"5hytci7hp5mpk9u","previousOperationId":"zg6kv1dft271x0w"}
{"type":"log","timestamp":1679261743158,"level":"info","message":"pdf-utils pdf processing was finished","meta":{"rootId":"8b5nuv65up0fjbw","id":"8b5nuv65up0fjbw"},"id":"jqhrgvlz8seskg0","previousOperationId":"s2zawhhyoz1f0fh"}
{"type":"log","timestamp":1679261743158,"level":"debug","message":"Skipping storing report.","meta":{"rootId":"8b5nuv65up0fjbw","id":"8b5nuv65up0fjbw"},"id":"7lwwlfm8ptko3l3","previousOperationId":"s2zawhhyoz1f0fh"}
{"type":"log","timestamp":1679261743158,"level":"info","message":"Rendering request 3 finished in 899 ms","meta":{"rootId":"8b5nuv65up0fjbw","id":"8b5nuv65up0fjbw"},"id":"b0jhukh6kpb8edp","previousOperationId":"s2zawhhyoz1f0fh"}
{"type":"operationEnd","subtype":"render","operationId":"oclm4bfs733ik6p","timestamp":1679261743158,"id":"b2kiumtm14s8z3b","previousEventId":"qzn4wd7gnenv8j3","previousOperationId":"s2zawhhyoz1f0fh"}
{"type":"operationEnd","doDiffs":false,"previousEventId":"ozghd7vu4ambo26","previousOperationId":"jrxcynlfcumgxey","operationId":"jrxcynlfcumgxey","timestamp":1679261743174,"id":"duw7zc1zmfja38h"}
