{"type":"operationStart","subtype":"profile","data":{"_id":"YtjkcTf9Ogvi2cL5","timestamp":"2023-03-19T21:33:33.438Z","state":"queued","mode":"standard","creationDate":"2023-03-19T21:33:33.442Z","modificationDate":"2023-03-19T21:33:33.442Z","shortid":"iJcxV_T","$entitySet":"profiles"},"doDiffs":false,"timestamp":1679261613440,"id":"bmsrk4jbk2irm70","previousOperationId":null,"operationId":"sakpc9uowzctb1b"}
{"type":"log","level":"info","message":"Render request 1 queued for execution and waiting for available worker","previousOperationId":"sakpc9uowzctb1b","timestamp":1679261613440,"id":"kifofn8agam4sli"}
{"type":"operationStart","subtype":"render","name":"authors-main","previousOperationId":"sakpc9uowzctb1b","timestamp":1679261613462,"id":"x7pzhcim03n5srt","previousEventId":"bmsrk4jbk2irm70","operationId":"9bnehk2mj975aim"}
{"type":"log","timestamp":1679261613466,"level":"info","message":"Starting rendering request 1","meta":{"rootId":"avohyt3a2vxmzso","id":"avohyt3a2vxmzso"},"id":"4fb5o0tvlk7kueo","previousOperationId":"9bnehk2mj975aim"}
{"type":"log","timestamp":1679261613468,"level":"info","message":"Rendering template { name: authors-main, recipe: chrome-pdf, engine: handlebars, preview: false }","meta":{"rootId":"avohyt3a2vxmzso","id":"avohyt3a2vxmzso"},"id":"2fkopwzjlnlw97v","previousOperationId":"9bnehk2mj975aim"}
{"type":"log","timestamp":1679261613470,"level":"debug","message":"Data item not defined for this template.","meta":{"rootId":"avohyt3a2vxmzso","id":"avohyt3a2vxmzso"},"id":"cr90ophkd1zqodb","previousOperationId":"9bnehk2mj975aim"}
{"type":"log","timestamp":1679261613476,"level":"debug","message":"Executing script authors-script (beforeRender)","meta":{"rootId":"avohyt3a2vxmzso","id":"avohyt3a2vxmzso"},"id":"4vpx2e0qmptz2lx","previousOperationId":"9bnehk2mj975aim"}
{"type":"operationStart","subtype":"scriptsBeforeRender","name":"scripts beforeRender","timestamp":1679261613845,"id":"cyg0yas0jnfzvp6","previousEventId":"x7pzhcim03n5srt","operationId":"fbls4avhi5jojpw","previousOperationId":"9bnehk2mj975aim"}
{"type":"operationStart","subtype":"script","name":"scripts authors-script","previousOperationId":"fbls4avhi5jojpw","timestamp":1679261613845,"id":"cramflep99ndgin","previousEventId":"cyg0yas0jnfzvp6","operationId":"qzg5lddvfmdv2gf"}
{"type":"log","timestamp":1679261614101,"level":"debug","message":"(console:log) [ 0 ]","meta":{"userLevel":true,"rootId":"avohyt3a2vxmzso","id":"avohyt3a2vxmzso"},"id":"5wuju6xuk91650g","previousOperationId":"qzg5lddvfmdv2gf"}
{"type":"operationEnd","operationId":"qzg5lddvfmdv2gf","timestamp":1679261614102,"id":"hkb13d7qst0i3i3","previousEventId":"x7pzhcim03n5srt","previousOperationId":"9bnehk2mj975aim"}
{"type":"operationEnd","operationId":"fbls4avhi5jojpw","timestamp":1679261614102,"id":"rnxxd1ki53phjns","previousEventId":"hkb13d7qst0i3i3","previousOperationId":"9bnehk2mj975aim"}
{"type":"log","timestamp":1679261614102,"level":"debug","message":"Base url not specified, skipping its injection.","meta":{"rootId":"avohyt3a2vxmzso","id":"avohyt3a2vxmzso"},"id":"vs8cbqlllpcxdbl","previousOperationId":"fbls4avhi5jojpw"}
{"type":"operationStart","subtype":"engine","name":"handlebars","timestamp":1679261614103,"id":"q89brs80lcvs540","previousEventId":"rnxxd1ki53phjns","operationId":"cshne7njshpdg9n","previousOperationId":"fbls4avhi5jojpw"}
{"type":"log","timestamp":1679261614103,"level":"debug","message":"Rendering engine handlebars","meta":{"rootId":"avohyt3a2vxmzso","id":"avohyt3a2vxmzso"},"id":"8npzrmly4ojo3r0","previousOperationId":"cshne7njshpdg9n"}
{"type":"operationEnd","operationId":"cshne7njshpdg9n","timestamp":1679261614442,"id":"cy7wrglckofdelg","previousEventId":"q89brs80lcvs540","previousOperationId":"cshne7njshpdg9n"}
{"type":"operationStart","subtype":"recipe","name":"chrome-pdf","timestamp":1679261614443,"id":"76hoi8nda7kryo7","previousEventId":"cy7wrglckofdelg","operationId":"09ib9z06dgazbxx","previousOperationId":"cshne7njshpdg9n"}
{"type":"log","timestamp":1679261614443,"level":"debug","message":"Executing recipe chrome-pdf","meta":{"rootId":"avohyt3a2vxmzso","id":"avohyt3a2vxmzso"},"id":"v1aql6t3o2eant3","previousOperationId":"09ib9z06dgazbxx"}
{"type":"log","timestamp":1679261632371,"level":"debug","message":"Converting with chrome HeadlessChrome/105.0.5173.0 using chrome-pool strategy","meta":{"rootId":"avohyt3a2vxmzso","id":"avohyt3a2vxmzso"},"id":"3ufqbscb6gumhnz","previousOperationId":"09ib9z06dgazbxx"}
{"type":"log","timestamp":1679261635246,"level":"debug","message":"Page request: GET (document) file:///C:/Users/jiva1/AppData/Local/Temp/jsreport/autocleanup/58991906-dcf0-4d91-b9fd-4c62515f45e1-chrome-pdf.html","meta":{"rootId":"avohyt3a2vxmzso","id":"avohyt3a2vxmzso"},"id":"frtqwztqqzoowmf","previousOperationId":"09ib9z06dgazbxx"}
{"type":"log","timestamp":1679261635273,"level":"debug","message":"Page request finished: GET (document) 200 file:///C:/Users/jiva1/AppData/Local/Temp/jsreport/autocleanup/58991906-dcf0-4d91-b9fd-4c62515f45e1-chrome-pdf.html","meta":{"rootId":"avohyt3a2vxmzso","id":"avohyt3a2vxmzso"},"id":"cj4iotclp2f0vzd","previousOperationId":"09ib9z06dgazbxx"}
{"type":"log","timestamp":1679261635274,"level":"debug","message":"Page request: GET (stylesheet) https://cdnjs.cloudflare.com/ajax/libs/metro/4.1.5/css/metro.min.css","meta":{"rootId":"avohyt3a2vxmzso","id":"avohyt3a2vxmzso"},"id":"szqqd19dizra80b","previousOperationId":"09ib9z06dgazbxx"}
{"type":"log","timestamp":1679261635274,"level":"debug","message":"Page request: GET (script) https://cdn.jsdelivr.net/npm/chart.js","meta":{"rootId":"avohyt3a2vxmzso","id":"avohyt3a2vxmzso"},"id":"ymtrfm6dsa2q1oy","previousOperationId":"09ib9z06dgazbxx"}
{"type":"log","timestamp":1679261638228,"level":"debug","message":"Page request finished: GET (script) 200 https://cdn.jsdelivr.net/npm/chart.js","meta":{"rootId":"avohyt3a2vxmzso","id":"avohyt3a2vxmzso"},"id":"kcuex3x51eox1n8","previousOperationId":"09ib9z06dgazbxx"}
{"type":"log","timestamp":1679261638663,"level":"debug","message":"Page request finished: GET (stylesheet) 200 https://cdnjs.cloudflare.com/ajax/libs/metro/4.1.5/css/metro.min.css","meta":{"rootId":"avohyt3a2vxmzso","id":"avohyt3a2vxmzso"},"id":"e8015not2lh3a3x","previousOperationId":"09ib9z06dgazbxx"}
{"type":"log","timestamp":1679261638782,"level":"debug","message":"Running chrome with params {\"printBackground\":true,\"marginTop\":\"4cm\",\"marginRight\":\"1.5cm\",\"marginBottom\":\"1.5cm\",\"marginLeft\":\"1.5cm\",\"waitForJS\":false,\"timeout\":58830,\"margin\":{\"top\":\"4cm\",\"right\":\"1.5cm\",\"bottom\":\"1.5cm\",\"left\":\"1.5cm\"}}","meta":{"rootId":"avohyt3a2vxmzso","id":"avohyt3a2vxmzso"},"id":"a4ctymnxgvlu231","previousOperationId":"09ib9z06dgazbxx"}
{"type":"operationEnd","operationId":"09ib9z06dgazbxx","timestamp":1679261638867,"id":"mfzxp5ph3vicjaq","previousEventId":"76hoi8nda7kryo7","previousOperationId":"09ib9z06dgazbxx"}
{"type":"log","timestamp":1679261638867,"level":"info","message":"pdf-utils is starting pdf processing","meta":{"rootId":"avohyt3a2vxmzso","id":"avohyt3a2vxmzso"},"id":"463tjiartabkoj5","previousOperationId":"09ib9z06dgazbxx"}
{"type":"operationStart","subtype":"pdfUtils","name":"pdf utils","timestamp":1679261639076,"id":"0om2zz9racrh2tj","previousEventId":"mfzxp5ph3vicjaq","operationId":"kg8f9iyt16hqxil","previousOperationId":"09ib9z06dgazbxx"}
{"type":"log","timestamp":1679261639076,"level":"debug","message":"pdf-utils detected 1 pdf operation(s) to process","meta":{"rootId":"avohyt3a2vxmzso","id":"avohyt3a2vxmzso"},"id":"z0mlevd6zssx43m","previousOperationId":"kg8f9iyt16hqxil"}
{"type":"log","timestamp":1679261639334,"level":"debug","message":"pdf-utils running pdf operation merge","meta":{"rootId":"avohyt3a2vxmzso","id":"avohyt3a2vxmzso"},"id":"nixc7s8p2pvrnwj","previousOperationId":"kg8f9iyt16hqxil"}
{"type":"operationStart","subtype":"pdfUtilsMerge","name":"pdf utils merge","previousOperationId":"kg8f9iyt16hqxil","timestamp":1679261639334,"id":"d530ag8ff2kn64p","previousEventId":"0om2zz9racrh2tj","operationId":"kv8c9aasvo0mol3"}
{"type":"operationStart","subtype":"render","name":"authors-header","previousOperationId":"kv8c9aasvo0mol3","timestamp":1679261639336,"id":"nyerk0yukwq0sj0","previousEventId":"d530ag8ff2kn64p","operationId":"sw9e0u26qihjf8p"}
{"type":"log","timestamp":1679261639336,"level":"info","message":"Starting rendering (child) request","meta":{"rootId":"avohyt3a2vxmzso","id":"wggbr8yonsjtv2e"},"id":"m41v6n3jf4pyciz","previousOperationId":"sw9e0u26qihjf8p"}
{"type":"log","timestamp":1679261639336,"level":"info","message":"Rendering template { name: authors-header, recipe: chrome-pdf, engine: handlebars, preview: false }","meta":{"rootId":"avohyt3a2vxmzso","id":"wggbr8yonsjtv2e"},"id":"hnqdxypknxc3d0y","previousOperationId":"sw9e0u26qihjf8p"}
{"type":"log","timestamp":1679261639339,"level":"debug","message":"Inline data specified.","meta":{"rootId":"avohyt3a2vxmzso","id":"wggbr8yonsjtv2e"},"id":"j70uezrcyv5r4pp","previousOperationId":"sw9e0u26qihjf8p"}
{"type":"log","timestamp":1679261639344,"level":"debug","message":"Base url not specified, skipping its injection.","meta":{"rootId":"avohyt3a2vxmzso","id":"wggbr8yonsjtv2e"},"id":"spft61neb488j97","previousOperationId":"sw9e0u26qihjf8p"}
{"type":"operationStart","subtype":"engine","name":"handlebars","timestamp":1679261639344,"id":"5tq00veyvyae9q1","previousEventId":"nyerk0yukwq0sj0","operationId":"vxki565rmfdlfeo","previousOperationId":"sw9e0u26qihjf8p"}
{"type":"log","timestamp":1679261639344,"level":"debug","message":"Rendering engine handlebars","meta":{"rootId":"avohyt3a2vxmzso","id":"wggbr8yonsjtv2e"},"id":"7zw7n8bc2yl1hb1","previousOperationId":"vxki565rmfdlfeo"}
{"type":"operationEnd","operationId":"vxki565rmfdlfeo","timestamp":1679261639393,"id":"b7mp2wfj4qn9k79","previousEventId":"5tq00veyvyae9q1","previousOperationId":"vxki565rmfdlfeo"}
{"type":"operationStart","subtype":"recipe","name":"chrome-pdf","timestamp":1679261639393,"id":"ats5873vajfpb8u","previousEventId":"b7mp2wfj4qn9k79","operationId":"gtjyacjj1puataz","previousOperationId":"vxki565rmfdlfeo"}
{"type":"log","timestamp":1679261639393,"level":"debug","message":"Executing recipe chrome-pdf","meta":{"rootId":"avohyt3a2vxmzso","id":"wggbr8yonsjtv2e"},"id":"ya8x67qc8m9adm4","previousOperationId":"gtjyacjj1puataz"}
{"type":"log","timestamp":1679261639398,"level":"debug","message":"Converting with chrome HeadlessChrome/105.0.5173.0 using chrome-pool strategy","meta":{"rootId":"avohyt3a2vxmzso","id":"wggbr8yonsjtv2e"},"id":"at7p9msq59o6vc9","previousOperationId":"gtjyacjj1puataz"}
{"type":"log","timestamp":1679261639493,"level":"debug","message":"Page request: GET (document) file:///C:/Users/jiva1/AppData/Local/Temp/jsreport/autocleanup/3a96b86c-1776-474a-98d6-db00358cab4a-chrome-pdf.html","meta":{"rootId":"avohyt3a2vxmzso","id":"wggbr8yonsjtv2e"},"id":"ece2m27accyj8hn","previousOperationId":"gtjyacjj1puataz"}
{"type":"log","timestamp":1679261639508,"level":"debug","message":"Page request finished: GET (document) 200 file:///C:/Users/jiva1/AppData/Local/Temp/jsreport/autocleanup/3a96b86c-1776-474a-98d6-db00358cab4a-chrome-pdf.html","meta":{"rootId":"avohyt3a2vxmzso","id":"wggbr8yonsjtv2e"},"id":"1nw7x8z1edotvd3","previousOperationId":"gtjyacjj1puataz"}
{"type":"log","timestamp":1679261639508,"level":"debug","message":"Page request: GET (stylesheet) https://cdnjs.cloudflare.com/ajax/libs/metro/4.1.5/css/metro.min.css","meta":{"rootId":"avohyt3a2vxmzso","id":"wggbr8yonsjtv2e"},"id":"30lv5trt07r1wvo","previousOperationId":"gtjyacjj1puataz"}
{"type":"log","timestamp":1679261639529,"level":"debug","message":"Page request finished: GET (stylesheet) 200 https://cdnjs.cloudflare.com/ajax/libs/metro/4.1.5/css/metro.min.css","meta":{"rootId":"avohyt3a2vxmzso","id":"wggbr8yonsjtv2e"},"id":"3b6ccsf6nqsl179","previousOperationId":"gtjyacjj1puataz"}
{"type":"log","timestamp":1679261639554,"level":"debug","message":"Running chrome with params {\"printBackground\":true,\"marginTop\":\"1.5cm\",\"marginRight\":\"1.5cm\",\"marginLeft\":\"1.cm\",\"timeout\":34042,\"margin\":{\"top\":\"1.5cm\",\"right\":\"1.5cm\",\"left\":\"1.cm\"}}","meta":{"rootId":"avohyt3a2vxmzso","id":"wggbr8yonsjtv2e"},"id":"s4czfrtzbngy2z6","previousOperationId":"gtjyacjj1puataz"}
{"type":"operationEnd","operationId":"gtjyacjj1puataz","timestamp":1679261639612,"id":"dmibsyem8wpfe3n","previousEventId":"ats5873vajfpb8u","previousOperationId":"gtjyacjj1puataz"}
{"type":"log","timestamp":1679261639613,"level":"debug","message":"Skipping storing report.","meta":{"rootId":"avohyt3a2vxmzso","id":"wggbr8yonsjtv2e"},"id":"doo4200hr6hesf3","previousOperationId":"gtjyacjj1puataz"}
{"type":"log","timestamp":1679261639613,"level":"info","message":"Rendering (child) request finished in 26176 ms","meta":{"rootId":"avohyt3a2vxmzso","id":"wggbr8yonsjtv2e"},"id":"7wo333d2jtf68up","previousOperationId":"gtjyacjj1puataz"}
{"type":"operationEnd","subtype":"render","operationId":"sw9e0u26qihjf8p","timestamp":1679261639613,"id":"nwnurrumk2kbw72","previousEventId":"dmibsyem8wpfe3n","previousOperationId":"gtjyacjj1puataz"}
{"type":"operationEnd","operationId":"kv8c9aasvo0mol3","timestamp":1679261639635,"id":"kf1d533s23v4lnt","previousEventId":"d530ag8ff2kn64p","previousOperationId":"kv8c9aasvo0mol3"}
{"type":"log","timestamp":1679261639635,"level":"debug","message":"pdf-utils postproces start","meta":{"rootId":"avohyt3a2vxmzso","id":"avohyt3a2vxmzso"},"id":"4ki6cj3sn98levz","previousOperationId":"kv8c9aasvo0mol3"}
{"type":"log","timestamp":1679261639650,"level":"debug","message":"pdf-utils postproces end","meta":{"rootId":"avohyt3a2vxmzso","id":"avohyt3a2vxmzso"},"id":"2t2rry8jej80fs0","previousOperationId":"kv8c9aasvo0mol3"}
{"type":"operationEnd","operationId":"kg8f9iyt16hqxil","timestamp":1679261639650,"id":"86xqicnsici8voi","previousEventId":"kf1d533s23v4lnt","previousOperationId":"kv8c9aasvo0mol3"}
{"type":"log","timestamp":1679261639650,"level":"info","message":"pdf-utils pdf processing was finished","meta":{"rootId":"avohyt3a2vxmzso","id":"avohyt3a2vxmzso"},"id":"0ywfb3ne8noyr60","previousOperationId":"kg8f9iyt16hqxil"}
{"type":"log","timestamp":1679261639650,"level":"debug","message":"Skipping storing report.","meta":{"rootId":"avohyt3a2vxmzso","id":"avohyt3a2vxmzso"},"id":"qq2k5ho7wu5972q","previousOperationId":"kg8f9iyt16hqxil"}
{"type":"log","timestamp":1679261639650,"level":"info","message":"Rendering request 1 finished in 26213 ms","meta":{"rootId":"avohyt3a2vxmzso","id":"avohyt3a2vxmzso"},"id":"wb61ddqf77ukoro","previousOperationId":"kg8f9iyt16hqxil"}
{"type":"operationEnd","subtype":"render","operationId":"9bnehk2mj975aim","timestamp":1679261639650,"id":"6ehw7hjg3y3q3q2","previousEventId":"86xqicnsici8voi","previousOperationId":"kg8f9iyt16hqxil"}
{"type":"operationEnd","doDiffs":false,"previousEventId":"bmsrk4jbk2irm70","previousOperationId":"sakpc9uowzctb1b","operationId":"sakpc9uowzctb1b","timestamp":1679261639668,"id":"9gb784a7q0t2oed"}
