{"type":"operationStart","subtype":"profile","data":{"_id":"8zy1FqRFBUnjR322","timestamp":"2023-02-21T21:56:25.130Z","state":"queued","mode":"standard","creationDate":"2023-02-21T21:56:25.133Z","modificationDate":"2023-02-21T21:56:25.133Z","shortid":"SfX86y1","$entitySet":"profiles"},"doDiffs":false,"timestamp":1677016585132,"id":"sss0pagw9f110mp","previousOperationId":null,"operationId":"uzeocbxn253ook8"}
{"type":"log","level":"info","message":"Render request 2 queued for execution and waiting for available worker","previousOperationId":"uzeocbxn253ook8","timestamp":1677016585132,"id":"y0y70absh34j60m"}
{"type":"operationStart","subtype":"render","name":"authors-main","previousOperationId":"uzeocbxn253ook8","timestamp":1677016585153,"id":"xrvjt3kn6er84o1","previousEventId":"sss0pagw9f110mp","operationId":"5koix3e5diho5e8"}
{"type":"log","timestamp":1677016585153,"level":"info","message":"Starting rendering request 2","meta":{"rootId":"dolemfvbxejkjlq","id":"dolemfvbxejkjlq"},"id":"tpvgi40y3npt7qp","previousOperationId":"5koix3e5diho5e8"}
{"type":"log","timestamp":1677016585154,"level":"info","message":"Rendering template { name: authors-main, recipe: chrome-pdf, engine: handlebars, preview: true }","meta":{"rootId":"dolemfvbxejkjlq","id":"dolemfvbxejkjlq"},"id":"fofjsljg43bzslx","previousOperationId":"5koix3e5diho5e8"}
{"type":"log","timestamp":1677016585156,"level":"debug","message":"Data item not defined for this template.","meta":{"rootId":"dolemfvbxejkjlq","id":"dolemfvbxejkjlq"},"id":"so1q5pl19zqcqk1","previousOperationId":"5koix3e5diho5e8"}
{"type":"log","timestamp":1677016585161,"level":"debug","message":"Executing script authors-script (beforeRender)","meta":{"rootId":"dolemfvbxejkjlq","id":"dolemfvbxejkjlq"},"id":"7yux7qptw7az8wy","previousOperationId":"5koix3e5diho5e8"}
{"type":"operationStart","subtype":"scriptsBeforeRender","name":"scripts beforeRender","timestamp":1677016585208,"id":"5hlb00ct841pau3","previousEventId":"xrvjt3kn6er84o1","operationId":"htnsswolmjqko9l","previousOperationId":"5koix3e5diho5e8"}
{"type":"operationStart","subtype":"script","name":"scripts authors-script","previousOperationId":"htnsswolmjqko9l","timestamp":1677016585208,"id":"c4r5709j47cycqd","previousEventId":"5hlb00ct841pau3","operationId":"ftpinw447vofb39"}
{"type":"log","timestamp":1677016587296,"level":"debug","message":"(console:log) [ 1 ]","meta":{"userLevel":true,"rootId":"dolemfvbxejkjlq","id":"dolemfvbxejkjlq"},"id":"3rw84seut1lxeqb","previousOperationId":"ftpinw447vofb39"}
{"type":"operationEnd","operationId":"ftpinw447vofb39","timestamp":1677016587297,"id":"1bcxfa66knru88d","previousEventId":"xrvjt3kn6er84o1","previousOperationId":"5koix3e5diho5e8"}
{"type":"operationEnd","operationId":"htnsswolmjqko9l","timestamp":1677016587297,"id":"jlr4pt5vwowqaah","previousEventId":"1bcxfa66knru88d","previousOperationId":"5koix3e5diho5e8"}
{"type":"log","timestamp":1677016587297,"level":"debug","message":"Base url not specified, skipping its injection.","meta":{"rootId":"dolemfvbxejkjlq","id":"dolemfvbxejkjlq"},"id":"3uo943904h7dpfs","previousOperationId":"htnsswolmjqko9l"}
{"type":"operationStart","subtype":"engine","name":"handlebars","timestamp":1677016587298,"id":"ivd09aib2adyfw0","previousEventId":"jlr4pt5vwowqaah","operationId":"5gwonznhiu3i3fp","previousOperationId":"htnsswolmjqko9l"}
{"type":"log","timestamp":1677016587298,"level":"debug","message":"Rendering engine handlebars","meta":{"rootId":"dolemfvbxejkjlq","id":"dolemfvbxejkjlq"},"id":"e06h1e4hnnhnlia","previousOperationId":"5gwonznhiu3i3fp"}
{"type":"operationEnd","operationId":"5gwonznhiu3i3fp","timestamp":1677016587731,"id":"ig6uz9s2urnmc1t","previousEventId":"ivd09aib2adyfw0","previousOperationId":"5gwonznhiu3i3fp"}
{"type":"operationStart","subtype":"recipe","name":"chrome-pdf","timestamp":1677016587731,"id":"x2jum5v9vt7078y","previousEventId":"ig6uz9s2urnmc1t","operationId":"e57atif9esz46np","previousOperationId":"5gwonznhiu3i3fp"}
{"type":"log","timestamp":1677016587732,"level":"debug","message":"Executing recipe chrome-pdf","meta":{"rootId":"dolemfvbxejkjlq","id":"dolemfvbxejkjlq"},"id":"3fk1ksjtzzdrc25","previousOperationId":"e57atif9esz46np"}
{"type":"log","timestamp":1677016588810,"level":"debug","message":"Converting with chrome HeadlessChrome/105.0.5173.0 using chrome-pool strategy","meta":{"rootId":"dolemfvbxejkjlq","id":"dolemfvbxejkjlq"},"id":"7jx3nvqj55hibqw","previousOperationId":"e57atif9esz46np"}
{"type":"log","timestamp":1677016589431,"level":"debug","message":"Page request: GET (document) file:///C:/Users/pollo/AppData/Local/Temp/jsreport/autocleanup/698900fe-9cd0-4f4d-8c5e-3a69c7d17fa9-chrome-pdf.html","meta":{"rootId":"dolemfvbxejkjlq","id":"dolemfvbxejkjlq"},"id":"zzxf7r0cderh28d","previousOperationId":"e57atif9esz46np"}
{"type":"log","timestamp":1677016589452,"level":"debug","message":"Page request finished: GET (document) 200 file:///C:/Users/pollo/AppData/Local/Temp/jsreport/autocleanup/698900fe-9cd0-4f4d-8c5e-3a69c7d17fa9-chrome-pdf.html","meta":{"rootId":"dolemfvbxejkjlq","id":"dolemfvbxejkjlq"},"id":"5e352cebox7xzbh","previousOperationId":"e57atif9esz46np"}
{"type":"log","timestamp":1677016589453,"level":"debug","message":"Page request: GET (stylesheet) https://cdnjs.cloudflare.com/ajax/libs/metro/4.1.5/css/metro.min.css","meta":{"rootId":"dolemfvbxejkjlq","id":"dolemfvbxejkjlq"},"id":"0r4u4kl9tlkn76z","previousOperationId":"e57atif9esz46np"}
{"type":"log","timestamp":1677016589453,"level":"debug","message":"Page request: GET (script) https://cdn.jsdelivr.net/npm/chart.js","meta":{"rootId":"dolemfvbxejkjlq","id":"dolemfvbxejkjlq"},"id":"43si0tckqdls91r","previousOperationId":"e57atif9esz46np"}
{"type":"log","timestamp":1677016591997,"level":"debug","message":"Page request finished: GET (script) 200 https://cdn.jsdelivr.net/npm/chart.js","meta":{"rootId":"dolemfvbxejkjlq","id":"dolemfvbxejkjlq"},"id":"vaqht8rjl4fpzdv","previousOperationId":"e57atif9esz46np"}
{"type":"log","timestamp":1677016592295,"level":"debug","message":"Page request finished: GET (stylesheet) 200 https://cdnjs.cloudflare.com/ajax/libs/metro/4.1.5/css/metro.min.css","meta":{"rootId":"dolemfvbxejkjlq","id":"dolemfvbxejkjlq"},"id":"29mt5zlexy24mk8","previousOperationId":"e57atif9esz46np"}
{"type":"log","timestamp":1677016592427,"level":"debug","message":"Running chrome with params {\"printBackground\":true,\"marginTop\":\"4cm\",\"marginRight\":\"1.5cm\",\"marginBottom\":\"1.5cm\",\"marginLeft\":\"1.5cm\",\"waitForJS\":false,\"timeout\":57169,\"margin\":{\"top\":\"4cm\",\"right\":\"1.5cm\",\"bottom\":\"1.5cm\",\"left\":\"1.5cm\"}}","meta":{"rootId":"dolemfvbxejkjlq","id":"dolemfvbxejkjlq"},"id":"7f0inpqrmwcxho6","previousOperationId":"e57atif9esz46np"}
{"type":"operationEnd","operationId":"e57atif9esz46np","timestamp":1677016592505,"id":"tfg77562htx3e6x","previousEventId":"x2jum5v9vt7078y","previousOperationId":"e57atif9esz46np"}
{"type":"log","timestamp":1677016592506,"level":"info","message":"pdf-utils is starting pdf processing","meta":{"rootId":"dolemfvbxejkjlq","id":"dolemfvbxejkjlq"},"id":"fasqt2i2fjk24y7","previousOperationId":"e57atif9esz46np"}
{"type":"operationStart","subtype":"pdfUtils","name":"pdf utils","timestamp":1677016592835,"id":"gafbckxwcbums3u","previousEventId":"tfg77562htx3e6x","operationId":"wd5n9e7lckc1ksv","previousOperationId":"e57atif9esz46np"}
{"type":"log","timestamp":1677016592835,"level":"debug","message":"pdf-utils detected 1 pdf operation(s) to process","meta":{"rootId":"dolemfvbxejkjlq","id":"dolemfvbxejkjlq"},"id":"rsdqon4g7z72f0u","previousOperationId":"wd5n9e7lckc1ksv"}
{"type":"log","timestamp":1677016593096,"level":"debug","message":"pdf-utils running pdf operation merge","meta":{"rootId":"dolemfvbxejkjlq","id":"dolemfvbxejkjlq"},"id":"cd8olfobvw6ye2x","previousOperationId":"wd5n9e7lckc1ksv"}
{"type":"operationStart","subtype":"pdfUtilsMerge","name":"pdf utils merge","previousOperationId":"wd5n9e7lckc1ksv","timestamp":1677016593096,"id":"v5tsxvtgu6ctw38","previousEventId":"gafbckxwcbums3u","operationId":"cyk0phsfuyidktq"}
{"type":"operationStart","subtype":"render","name":"authors-header","previousOperationId":"cyk0phsfuyidktq","timestamp":1677016593098,"id":"wr8l4ifmo87e2c6","previousEventId":"v5tsxvtgu6ctw38","operationId":"f52u4g54bsgmp69"}
{"type":"log","timestamp":1677016593098,"level":"info","message":"Starting rendering (child) request","meta":{"rootId":"dolemfvbxejkjlq","id":"t7b1t5pvp8tf06d"},"id":"h0vjcmlfp2vcvf8","previousOperationId":"f52u4g54bsgmp69"}
{"type":"log","timestamp":1677016593098,"level":"info","message":"Rendering template { name: authors-header, recipe: chrome-pdf, engine: handlebars, preview: true }","meta":{"rootId":"dolemfvbxejkjlq","id":"t7b1t5pvp8tf06d"},"id":"l6y3v9b3acq5o7l","previousOperationId":"f52u4g54bsgmp69"}
{"type":"log","timestamp":1677016593104,"level":"debug","message":"Inline data specified.","meta":{"rootId":"dolemfvbxejkjlq","id":"t7b1t5pvp8tf06d"},"id":"p2baduhpbaet6fj","previousOperationId":"f52u4g54bsgmp69"}
{"type":"log","timestamp":1677016593112,"level":"debug","message":"Base url not specified, skipping its injection.","meta":{"rootId":"dolemfvbxejkjlq","id":"t7b1t5pvp8tf06d"},"id":"mvezamnmyit6sfd","previousOperationId":"f52u4g54bsgmp69"}
{"type":"operationStart","subtype":"engine","name":"handlebars","timestamp":1677016593112,"id":"8ybbg03phho9v79","previousEventId":"wr8l4ifmo87e2c6","operationId":"k75eja5v1ruv0zp","previousOperationId":"f52u4g54bsgmp69"}
{"type":"log","timestamp":1677016593112,"level":"debug","message":"Rendering engine handlebars","meta":{"rootId":"dolemfvbxejkjlq","id":"t7b1t5pvp8tf06d"},"id":"rlbc963j3ftd9m9","previousOperationId":"k75eja5v1ruv0zp"}
{"type":"operationEnd","operationId":"k75eja5v1ruv0zp","timestamp":1677016593225,"id":"bucpdd38ukxcw0e","previousEventId":"8ybbg03phho9v79","previousOperationId":"k75eja5v1ruv0zp"}
{"type":"operationStart","subtype":"recipe","name":"chrome-pdf","timestamp":1677016593226,"id":"vqgw3xw5ufogpmi","previousEventId":"bucpdd38ukxcw0e","operationId":"8rocrdgqr8cshqr","previousOperationId":"k75eja5v1ruv0zp"}
{"type":"log","timestamp":1677016593226,"level":"debug","message":"Executing recipe chrome-pdf","meta":{"rootId":"dolemfvbxejkjlq","id":"t7b1t5pvp8tf06d"},"id":"rlzt9tv5loo249f","previousOperationId":"8rocrdgqr8cshqr"}
{"type":"log","timestamp":1677016593241,"level":"debug","message":"Converting with chrome HeadlessChrome/105.0.5173.0 using chrome-pool strategy","meta":{"rootId":"dolemfvbxejkjlq","id":"t7b1t5pvp8tf06d"},"id":"pgllri73c7rxly5","previousOperationId":"8rocrdgqr8cshqr"}
{"type":"log","timestamp":1677016593341,"level":"debug","message":"Page request: GET (document) file:///C:/Users/pollo/AppData/Local/Temp/jsreport/autocleanup/ce6b6b42-ff80-4f1a-b703-65e5da17abea-chrome-pdf.html","meta":{"rootId":"dolemfvbxejkjlq","id":"t7b1t5pvp8tf06d"},"id":"sd6gb4xca6bup3w","previousOperationId":"8rocrdgqr8cshqr"}
{"type":"log","timestamp":1677016593371,"level":"debug","message":"Page request finished: GET (document) 200 file:///C:/Users/pollo/AppData/Local/Temp/jsreport/autocleanup/ce6b6b42-ff80-4f1a-b703-65e5da17abea-chrome-pdf.html","meta":{"rootId":"dolemfvbxejkjlq","id":"t7b1t5pvp8tf06d"},"id":"0mosmj8k2whsv4t","previousOperationId":"8rocrdgqr8cshqr"}
{"type":"log","timestamp":1677016593371,"level":"debug","message":"Page request: GET (stylesheet) https://cdnjs.cloudflare.com/ajax/libs/metro/4.1.5/css/metro.min.css","meta":{"rootId":"dolemfvbxejkjlq","id":"t7b1t5pvp8tf06d"},"id":"u1wx37if6wkhxb8","previousOperationId":"8rocrdgqr8cshqr"}
{"type":"log","timestamp":1677016593411,"level":"debug","message":"Page request finished: GET (stylesheet) 200 https://cdnjs.cloudflare.com/ajax/libs/metro/4.1.5/css/metro.min.css","meta":{"rootId":"dolemfvbxejkjlq","id":"t7b1t5pvp8tf06d"},"id":"9r4t8nth10h6ns7","previousOperationId":"8rocrdgqr8cshqr"}
{"type":"log","timestamp":1677016593439,"level":"debug","message":"Running chrome with params {\"printBackground\":true,\"marginTop\":\"1.5cm\",\"marginRight\":\"1.5cm\",\"marginLeft\":\"1.cm\",\"timeout\":51890,\"margin\":{\"top\":\"1.5cm\",\"right\":\"1.5cm\",\"left\":\"1.cm\"}}","meta":{"rootId":"dolemfvbxejkjlq","id":"t7b1t5pvp8tf06d"},"id":"loqc5td4ymt9vge","previousOperationId":"8rocrdgqr8cshqr"}
{"type":"operationEnd","operationId":"8rocrdgqr8cshqr","timestamp":1677016593508,"id":"djbeplfev1m9j7t","previousEventId":"vqgw3xw5ufogpmi","previousOperationId":"8rocrdgqr8cshqr"}
{"type":"log","timestamp":1677016593509,"level":"debug","message":"Skipping storing report.","meta":{"rootId":"dolemfvbxejkjlq","id":"t7b1t5pvp8tf06d"},"id":"p7ztkjzanayn978","previousOperationId":"8rocrdgqr8cshqr"}
{"type":"log","timestamp":1677016593509,"level":"info","message":"Rendering (child) request finished in 8379 ms","meta":{"rootId":"dolemfvbxejkjlq","id":"t7b1t5pvp8tf06d"},"id":"ldrcjt9vgwyc114","previousOperationId":"8rocrdgqr8cshqr"}
{"type":"operationEnd","subtype":"render","operationId":"f52u4g54bsgmp69","timestamp":1677016593510,"id":"ymzheby7fnr0ix6","previousEventId":"djbeplfev1m9j7t","previousOperationId":"8rocrdgqr8cshqr"}
{"type":"operationEnd","operationId":"cyk0phsfuyidktq","timestamp":1677016593536,"id":"s2tylhxs8q9j16t","previousEventId":"v5tsxvtgu6ctw38","previousOperationId":"cyk0phsfuyidktq"}
{"type":"log","timestamp":1677016593536,"level":"debug","message":"pdf-utils postproces start","meta":{"rootId":"dolemfvbxejkjlq","id":"dolemfvbxejkjlq"},"id":"3jukw724fvpg0rk","previousOperationId":"cyk0phsfuyidktq"}
{"type":"log","timestamp":1677016593550,"level":"debug","message":"pdf-utils postproces end","meta":{"rootId":"dolemfvbxejkjlq","id":"dolemfvbxejkjlq"},"id":"7atn25n7uyy4p3r","previousOperationId":"cyk0phsfuyidktq"}
{"type":"operationEnd","operationId":"wd5n9e7lckc1ksv","timestamp":1677016593550,"id":"dlltxepoy98ajrp","previousEventId":"s2tylhxs8q9j16t","previousOperationId":"cyk0phsfuyidktq"}
{"type":"log","timestamp":1677016593550,"level":"info","message":"pdf-utils pdf processing was finished","meta":{"rootId":"dolemfvbxejkjlq","id":"dolemfvbxejkjlq"},"id":"avbbno6kh1z5c4s","previousOperationId":"wd5n9e7lckc1ksv"}
{"type":"log","timestamp":1677016593550,"level":"debug","message":"Skipping storing report.","meta":{"rootId":"dolemfvbxejkjlq","id":"dolemfvbxejkjlq"},"id":"3kum7ch4919a9vn","previousOperationId":"wd5n9e7lckc1ksv"}
{"type":"log","timestamp":1677016593550,"level":"info","message":"Rendering request 2 finished in 8420 ms","meta":{"rootId":"dolemfvbxejkjlq","id":"dolemfvbxejkjlq"},"id":"lei7lan3lc039ou","previousOperationId":"wd5n9e7lckc1ksv"}
{"type":"operationEnd","subtype":"render","operationId":"5koix3e5diho5e8","timestamp":1677016593550,"id":"tz2ry4ju9c8ve7n","previousEventId":"dlltxepoy98ajrp","previousOperationId":"wd5n9e7lckc1ksv"}
{"type":"operationEnd","doDiffs":false,"previousEventId":"sss0pagw9f110mp","previousOperationId":"uzeocbxn253ook8","operationId":"uzeocbxn253ook8","timestamp":1677016593568,"id":"74urjq2980sjv83"}
