{"type":"operationStart","subtype":"profile","data":{"_id":"Fprivm0C93aJzEWR","timestamp":"2023-03-19T21:39:42.415Z","state":"queued","mode":"standard","creationDate":"2023-03-19T21:39:42.417Z","modificationDate":"2023-03-19T21:39:42.417Z","shortid":"cwA3hVC","$entitySet":"profiles"},"doDiffs":false,"timestamp":1679261982416,"id":"eqthsn7dm250qu4","previousOperationId":null,"operationId":"zautoer4upd9w3t"}
{"type":"log","level":"info","message":"Render request 10 queued for execution and waiting for available worker","previousOperationId":"zautoer4upd9w3t","timestamp":1679261982416,"id":"9uf0brhg4vq7rxz"}
{"type":"operationStart","subtype":"render","name":"authors-main","previousOperationId":"zautoer4upd9w3t","timestamp":1679261982422,"id":"lh44rn1n65kzewo","previousEventId":"eqthsn7dm250qu4","operationId":"bqgqt4mjuokmhf9"}
{"type":"log","timestamp":1679261982422,"level":"info","message":"Starting rendering request 10","meta":{"rootId":"h9nv88wmqbj8met","id":"h9nv88wmqbj8met"},"id":"ehzxyfwz5fhkuop","previousOperationId":"bqgqt4mjuokmhf9"}
{"type":"log","timestamp":1679261982423,"level":"info","message":"Rendering template { name: authors-main, recipe: chrome-pdf, engine: handlebars, preview: false }","meta":{"rootId":"h9nv88wmqbj8met","id":"h9nv88wmqbj8met"},"id":"h8clvyy55se7f2t","previousOperationId":"bqgqt4mjuokmhf9"}
{"type":"log","timestamp":1679261982425,"level":"debug","message":"Data item not defined for this template.","meta":{"rootId":"h9nv88wmqbj8met","id":"h9nv88wmqbj8met"},"id":"dkqsjx4gm8m2k14","previousOperationId":"bqgqt4mjuokmhf9"}
{"type":"log","timestamp":1679261982432,"level":"debug","message":"Executing script authors-script (beforeRender)","meta":{"rootId":"h9nv88wmqbj8met","id":"h9nv88wmqbj8met"},"id":"fufccpoxqi9bb8g","previousOperationId":"bqgqt4mjuokmhf9"}
{"type":"operationStart","subtype":"scriptsBeforeRender","name":"scripts beforeRender","timestamp":1679261982459,"id":"d7n02dk9bcg5jiw","previousEventId":"lh44rn1n65kzewo","operationId":"k4b3ms0obp2fwb0","previousOperationId":"bqgqt4mjuokmhf9"}
{"type":"operationStart","subtype":"script","name":"scripts authors-script","previousOperationId":"k4b3ms0obp2fwb0","timestamp":1679261982459,"id":"pk69xiau1mflm2q","previousEventId":"d7n02dk9bcg5jiw","operationId":"yekgj00vyjgh0w0"}
{"type":"log","timestamp":1679261982715,"level":"debug","message":"(console:log) [ 2, 2 ]","meta":{"userLevel":true,"rootId":"h9nv88wmqbj8met","id":"h9nv88wmqbj8met"},"id":"1xx29l189gcdk7r","previousOperationId":"yekgj00vyjgh0w0"}
{"type":"operationEnd","operationId":"yekgj00vyjgh0w0","timestamp":1679261982715,"id":"ssse3j95y9mqijp","previousEventId":"lh44rn1n65kzewo","previousOperationId":"bqgqt4mjuokmhf9"}
{"type":"operationEnd","operationId":"k4b3ms0obp2fwb0","timestamp":1679261982715,"id":"4uxzyjx6lkjp9yd","previousEventId":"ssse3j95y9mqijp","previousOperationId":"bqgqt4mjuokmhf9"}
{"type":"log","timestamp":1679261982715,"level":"debug","message":"Base url not specified, skipping its injection.","meta":{"rootId":"h9nv88wmqbj8met","id":"h9nv88wmqbj8met"},"id":"7k76id1mvmnm8qz","previousOperationId":"k4b3ms0obp2fwb0"}
{"type":"operationStart","subtype":"engine","name":"handlebars","timestamp":1679261982716,"id":"ofdv9oc3up38ril","previousEventId":"4uxzyjx6lkjp9yd","operationId":"m178kxu1mon2rz7","previousOperationId":"k4b3ms0obp2fwb0"}
{"type":"log","timestamp":1679261982716,"level":"debug","message":"Rendering engine handlebars","meta":{"rootId":"h9nv88wmqbj8met","id":"h9nv88wmqbj8met"},"id":"kjmx2fpf6eqrdwk","previousOperationId":"m178kxu1mon2rz7"}
{"type":"operationEnd","operationId":"m178kxu1mon2rz7","timestamp":1679261982724,"id":"ka2qvlsxf8ay56c","previousEventId":"ofdv9oc3up38ril","previousOperationId":"m178kxu1mon2rz7"}
{"type":"operationStart","subtype":"recipe","name":"chrome-pdf","timestamp":1679261982724,"id":"wertdecjjmtberd","previousEventId":"ka2qvlsxf8ay56c","operationId":"jlt9icedvrgdw3u","previousOperationId":"m178kxu1mon2rz7"}
{"type":"log","timestamp":1679261982724,"level":"debug","message":"Executing recipe chrome-pdf","meta":{"rootId":"h9nv88wmqbj8met","id":"h9nv88wmqbj8met"},"id":"iokfisv100yuf3w","previousOperationId":"jlt9icedvrgdw3u"}
{"type":"log","timestamp":1679261982726,"level":"debug","message":"Converting with chrome HeadlessChrome/105.0.5173.0 using chrome-pool strategy","meta":{"rootId":"h9nv88wmqbj8met","id":"h9nv88wmqbj8met"},"id":"kgeu9t5hp6z2d5b","previousOperationId":"jlt9icedvrgdw3u"}
{"type":"log","timestamp":1679261982818,"level":"debug","message":"Page request: GET (document) file:///C:/Users/jiva1/AppData/Local/Temp/jsreport/autocleanup/8072735d-c7a9-4b92-809c-e74855a3c177-chrome-pdf.html","meta":{"rootId":"h9nv88wmqbj8met","id":"h9nv88wmqbj8met"},"id":"uh5yw5pftug3et5","previousOperationId":"jlt9icedvrgdw3u"}
{"type":"log","timestamp":1679261982847,"level":"debug","message":"Page request finished: GET (document) 200 file:///C:/Users/jiva1/AppData/Local/Temp/jsreport/autocleanup/8072735d-c7a9-4b92-809c-e74855a3c177-chrome-pdf.html","meta":{"rootId":"h9nv88wmqbj8met","id":"h9nv88wmqbj8met"},"id":"rozr891gl7dam3x","previousOperationId":"jlt9icedvrgdw3u"}
{"type":"log","timestamp":1679261982848,"level":"debug","message":"Page request: GET (stylesheet) https://cdnjs.cloudflare.com/ajax/libs/metro/4.1.5/css/metro.min.css","meta":{"rootId":"h9nv88wmqbj8met","id":"h9nv88wmqbj8met"},"id":"677xj0a42zcztlp","previousOperationId":"jlt9icedvrgdw3u"}
{"type":"log","timestamp":1679261982848,"level":"debug","message":"Page request: GET (script) https://cdn.jsdelivr.net/npm/chart.js","meta":{"rootId":"h9nv88wmqbj8met","id":"h9nv88wmqbj8met"},"id":"tvqpd3stdccm11p","previousOperationId":"jlt9icedvrgdw3u"}
{"type":"log","timestamp":1679261982854,"level":"debug","message":"Page request finished: GET (script) 200 https://cdn.jsdelivr.net/npm/chart.js","meta":{"rootId":"h9nv88wmqbj8met","id":"h9nv88wmqbj8met"},"id":"qlvz4xxhp6x87ss","previousOperationId":"jlt9icedvrgdw3u"}
{"type":"log","timestamp":1679261982874,"level":"debug","message":"Page request finished: GET (stylesheet) 200 https://cdnjs.cloudflare.com/ajax/libs/metro/4.1.5/css/metro.min.css","meta":{"rootId":"h9nv88wmqbj8met","id":"h9nv88wmqbj8met"},"id":"yhur9jwgnsmbp5m","previousOperationId":"jlt9icedvrgdw3u"}
{"type":"log","timestamp":1679261982975,"level":"debug","message":"Running chrome with params {\"printBackground\":true,\"marginTop\":\"4cm\",\"marginRight\":\"1.5cm\",\"marginBottom\":\"1.5cm\",\"marginLeft\":\"1.5cm\",\"waitForJS\":false,\"timeout\":59689,\"margin\":{\"top\":\"4cm\",\"right\":\"1.5cm\",\"bottom\":\"1.5cm\",\"left\":\"1.5cm\"}}","meta":{"rootId":"h9nv88wmqbj8met","id":"h9nv88wmqbj8met"},"id":"mjkhty7h0s90r3q","previousOperationId":"jlt9icedvrgdw3u"}
{"type":"operationEnd","operationId":"jlt9icedvrgdw3u","timestamp":1679261983052,"id":"hyop89ot6ecvay8","previousEventId":"wertdecjjmtberd","previousOperationId":"jlt9icedvrgdw3u"}
{"type":"log","timestamp":1679261983052,"level":"info","message":"pdf-utils is starting pdf processing","meta":{"rootId":"h9nv88wmqbj8met","id":"h9nv88wmqbj8met"},"id":"9k99i5wdk6zy0d3","previousOperationId":"jlt9icedvrgdw3u"}
{"type":"operationStart","subtype":"pdfUtils","name":"pdf utils","timestamp":1679261983052,"id":"2285uerdy9tuc2h","previousEventId":"hyop89ot6ecvay8","operationId":"jzozai4jbof75oq","previousOperationId":"jlt9icedvrgdw3u"}
{"type":"log","timestamp":1679261983053,"level":"debug","message":"pdf-utils detected 1 pdf operation(s) to process","meta":{"rootId":"h9nv88wmqbj8met","id":"h9nv88wmqbj8met"},"id":"htvkdnigii8x5zt","previousOperationId":"jzozai4jbof75oq"}
{"type":"log","timestamp":1679261983074,"level":"debug","message":"pdf-utils running pdf operation merge","meta":{"rootId":"h9nv88wmqbj8met","id":"h9nv88wmqbj8met"},"id":"j68cd1bnkchzz94","previousOperationId":"jzozai4jbof75oq"}
{"type":"operationStart","subtype":"pdfUtilsMerge","name":"pdf utils merge","previousOperationId":"jzozai4jbof75oq","timestamp":1679261983074,"id":"1vpzwoptywhm30m","previousEventId":"2285uerdy9tuc2h","operationId":"0u34tddhpq7dq51"}
{"type":"operationStart","subtype":"render","name":"authors-header","previousOperationId":"0u34tddhpq7dq51","timestamp":1679261983075,"id":"o9h5j26mijyl0fw","previousEventId":"1vpzwoptywhm30m","operationId":"fdgoce3d93f960l"}
{"type":"log","timestamp":1679261983075,"level":"info","message":"Starting rendering (child) request","meta":{"rootId":"h9nv88wmqbj8met","id":"4j2b3z3tbgox4ei"},"id":"n7x2ptz3c1b4i2u","previousOperationId":"fdgoce3d93f960l"}
{"type":"log","timestamp":1679261983075,"level":"info","message":"Rendering template { name: authors-header, recipe: chrome-pdf, engine: handlebars, preview: false }","meta":{"rootId":"h9nv88wmqbj8met","id":"4j2b3z3tbgox4ei"},"id":"33h2i21eorryt85","previousOperationId":"fdgoce3d93f960l"}
{"type":"log","timestamp":1679261983078,"level":"debug","message":"Inline data specified.","meta":{"rootId":"h9nv88wmqbj8met","id":"4j2b3z3tbgox4ei"},"id":"ks4vfv63q2wkep4","previousOperationId":"fdgoce3d93f960l"}
{"type":"log","timestamp":1679261983083,"level":"debug","message":"Base url not specified, skipping its injection.","meta":{"rootId":"h9nv88wmqbj8met","id":"4j2b3z3tbgox4ei"},"id":"9kbqusngjkdw7dn","previousOperationId":"fdgoce3d93f960l"}
{"type":"operationStart","subtype":"engine","name":"handlebars","timestamp":1679261983083,"id":"m8xmkxqssi26lg5","previousEventId":"o9h5j26mijyl0fw","operationId":"n4egjfscft2ao6v","previousOperationId":"fdgoce3d93f960l"}
{"type":"log","timestamp":1679261983083,"level":"debug","message":"Rendering engine handlebars","meta":{"rootId":"h9nv88wmqbj8met","id":"4j2b3z3tbgox4ei"},"id":"xwjb3elpy6nye6j","previousOperationId":"n4egjfscft2ao6v"}
{"type":"operationEnd","operationId":"n4egjfscft2ao6v","timestamp":1679261983094,"id":"p89xyyurqjyumjx","previousEventId":"m8xmkxqssi26lg5","previousOperationId":"n4egjfscft2ao6v"}
{"type":"operationStart","subtype":"recipe","name":"chrome-pdf","timestamp":1679261983095,"id":"b7pxhtaeuwh813f","previousEventId":"p89xyyurqjyumjx","operationId":"18efnvx7ixc5oxy","previousOperationId":"n4egjfscft2ao6v"}
{"type":"log","timestamp":1679261983095,"level":"debug","message":"Executing recipe chrome-pdf","meta":{"rootId":"h9nv88wmqbj8met","id":"4j2b3z3tbgox4ei"},"id":"p12ceknyov1adld","previousOperationId":"18efnvx7ixc5oxy"}
{"type":"log","timestamp":1679261983099,"level":"debug","message":"Converting with chrome HeadlessChrome/105.0.5173.0 using chrome-pool strategy","meta":{"rootId":"h9nv88wmqbj8met","id":"4j2b3z3tbgox4ei"},"id":"w4xhvvydu0lvvc0","previousOperationId":"18efnvx7ixc5oxy"}
{"type":"log","timestamp":1679261983196,"level":"debug","message":"Page request: GET (document) file:///C:/Users/jiva1/AppData/Local/Temp/jsreport/autocleanup/ccd03546-baa7-4253-ae01-5f8db59d6be4-chrome-pdf.html","meta":{"rootId":"h9nv88wmqbj8met","id":"4j2b3z3tbgox4ei"},"id":"zbnltysgdndwnc6","previousOperationId":"18efnvx7ixc5oxy"}
{"type":"log","timestamp":1679261983204,"level":"debug","message":"Page request finished: GET (document) 200 file:///C:/Users/jiva1/AppData/Local/Temp/jsreport/autocleanup/ccd03546-baa7-4253-ae01-5f8db59d6be4-chrome-pdf.html","meta":{"rootId":"h9nv88wmqbj8met","id":"4j2b3z3tbgox4ei"},"id":"lropghchd25sgky","previousOperationId":"18efnvx7ixc5oxy"}
{"type":"log","timestamp":1679261983204,"level":"debug","message":"Page request: GET (stylesheet) https://cdnjs.cloudflare.com/ajax/libs/metro/4.1.5/css/metro.min.css","meta":{"rootId":"h9nv88wmqbj8met","id":"4j2b3z3tbgox4ei"},"id":"njrzzda2vekqxlg","previousOperationId":"18efnvx7ixc5oxy"}
{"type":"log","timestamp":1679261983227,"level":"debug","message":"Page request finished: GET (stylesheet) 200 https://cdnjs.cloudflare.com/ajax/libs/metro/4.1.5/css/metro.min.css","meta":{"rootId":"h9nv88wmqbj8met","id":"4j2b3z3tbgox4ei"},"id":"916lugsvuhsv8jw","previousOperationId":"18efnvx7ixc5oxy"}
{"type":"log","timestamp":1679261983251,"level":"debug","message":"Running chrome with params {\"printBackground\":true,\"marginTop\":\"1.5cm\",\"marginRight\":\"1.5cm\",\"marginLeft\":\"1.cm\",\"timeout\":59317,\"margin\":{\"top\":\"1.5cm\",\"right\":\"1.5cm\",\"left\":\"1.cm\"}}","meta":{"rootId":"h9nv88wmqbj8met","id":"4j2b3z3tbgox4ei"},"id":"rkowgi3r2gdifhv","previousOperationId":"18efnvx7ixc5oxy"}
{"type":"operationEnd","operationId":"18efnvx7ixc5oxy","timestamp":1679261983320,"id":"ncljcpi5n0gctlx","previousEventId":"b7pxhtaeuwh813f","previousOperationId":"18efnvx7ixc5oxy"}
{"type":"log","timestamp":1679261983320,"level":"debug","message":"Skipping storing report.","meta":{"rootId":"h9nv88wmqbj8met","id":"4j2b3z3tbgox4ei"},"id":"mxra0duzntb9xg8","previousOperationId":"18efnvx7ixc5oxy"}
{"type":"log","timestamp":1679261983321,"level":"info","message":"Rendering (child) request finished in 906 ms","meta":{"rootId":"h9nv88wmqbj8met","id":"4j2b3z3tbgox4ei"},"id":"scxokjc30m4r0er","previousOperationId":"18efnvx7ixc5oxy"}
{"type":"operationEnd","subtype":"render","operationId":"fdgoce3d93f960l","timestamp":1679261983321,"id":"1l6fwag9lenjhs3","previousEventId":"ncljcpi5n0gctlx","previousOperationId":"18efnvx7ixc5oxy"}
{"type":"operationEnd","operationId":"0u34tddhpq7dq51","timestamp":1679261983337,"id":"vc6xxldbv9qe8iw","previousEventId":"1vpzwoptywhm30m","previousOperationId":"0u34tddhpq7dq51"}
{"type":"log","timestamp":1679261983337,"level":"debug","message":"pdf-utils postproces start","meta":{"rootId":"h9nv88wmqbj8met","id":"h9nv88wmqbj8met"},"id":"7v328y5qtzr1338","previousOperationId":"0u34tddhpq7dq51"}
{"type":"log","timestamp":1679261983350,"level":"debug","message":"pdf-utils postproces end","meta":{"rootId":"h9nv88wmqbj8met","id":"h9nv88wmqbj8met"},"id":"4xf44hbga9sch3e","previousOperationId":"0u34tddhpq7dq51"}
{"type":"operationEnd","operationId":"jzozai4jbof75oq","timestamp":1679261983350,"id":"jzp0i072j4f8iex","previousEventId":"vc6xxldbv9qe8iw","previousOperationId":"0u34tddhpq7dq51"}
{"type":"log","timestamp":1679261983350,"level":"info","message":"pdf-utils pdf processing was finished","meta":{"rootId":"h9nv88wmqbj8met","id":"h9nv88wmqbj8met"},"id":"gfa2ikqp1vzjoc3","previousOperationId":"jzozai4jbof75oq"}
{"type":"log","timestamp":1679261983350,"level":"debug","message":"Skipping storing report.","meta":{"rootId":"h9nv88wmqbj8met","id":"h9nv88wmqbj8met"},"id":"h7pf6r8byu0srjf","previousOperationId":"jzozai4jbof75oq"}
{"type":"log","timestamp":1679261983350,"level":"info","message":"Rendering request 10 finished in 935 ms","meta":{"rootId":"h9nv88wmqbj8met","id":"h9nv88wmqbj8met"},"id":"mdv5zlamz4q0cvl","previousOperationId":"jzozai4jbof75oq"}
{"type":"operationEnd","subtype":"render","operationId":"bqgqt4mjuokmhf9","timestamp":1679261983350,"id":"2st8em06fq0nu7v","previousEventId":"jzp0i072j4f8iex","previousOperationId":"jzozai4jbof75oq"}
{"type":"operationEnd","doDiffs":false,"previousEventId":"eqthsn7dm250qu4","previousOperationId":"zautoer4upd9w3t","operationId":"zautoer4upd9w3t","timestamp":1679261983354,"id":"se8y08hyju7u6k2"}
