{"type":"operationStart","subtype":"profile","data":{"_id":"qUxdfV9ghuJVq3oz","timestamp":"2023-02-21T21:57:29.479Z","state":"queued","mode":"standard","creationDate":"2023-02-21T21:57:29.481Z","modificationDate":"2023-02-21T21:57:29.481Z","shortid":"Xm912f9","$entitySet":"profiles"},"doDiffs":false,"timestamp":1677016649480,"id":"579qhggnhdvkye8","previousOperationId":null,"operationId":"1b0ild4o61h1gr6"}
{"type":"log","level":"info","message":"Render request 3 queued for execution and waiting for available worker","previousOperationId":"1b0ild4o61h1gr6","timestamp":1677016649480,"id":"szmn6us5ta7689c"}
{"type":"operationStart","subtype":"render","name":"authors-main","previousOperationId":"1b0ild4o61h1gr6","timestamp":1677016649495,"id":"log57o68n8sz05p","previousEventId":"579qhggnhdvkye8","operationId":"j0y4dwel8hwjs55"}
{"type":"log","timestamp":1677016649495,"level":"info","message":"Starting rendering request 3","meta":{"rootId":"ofmsfawoiblnx13","id":"ofmsfawoiblnx13"},"id":"ge1g4m00k0fme83","previousOperationId":"j0y4dwel8hwjs55"}
{"type":"log","timestamp":1677016649496,"level":"info","message":"Rendering template { name: authors-main, recipe: chrome-pdf, engine: handlebars, preview: true }","meta":{"rootId":"ofmsfawoiblnx13","id":"ofmsfawoiblnx13"},"id":"5ppboglu98nw45n","previousOperationId":"j0y4dwel8hwjs55"}
{"type":"log","timestamp":1677016649496,"level":"debug","message":"Data item not defined for this template.","meta":{"rootId":"ofmsfawoiblnx13","id":"ofmsfawoiblnx13"},"id":"dfwdve8jhpgh6eq","previousOperationId":"j0y4dwel8hwjs55"}
{"type":"log","timestamp":1677016649500,"level":"debug","message":"Executing script authors-script (beforeRender)","meta":{"rootId":"ofmsfawoiblnx13","id":"ofmsfawoiblnx13"},"id":"nooavurihe6n723","previousOperationId":"j0y4dwel8hwjs55"}
{"type":"operationStart","subtype":"scriptsBeforeRender","name":"scripts beforeRender","timestamp":1677016649535,"id":"gu6kok5n2ijo3ip","previousEventId":"log57o68n8sz05p","operationId":"2lz94xsj93g7npp","previousOperationId":"j0y4dwel8hwjs55"}
{"type":"operationStart","subtype":"script","name":"scripts authors-script","previousOperationId":"2lz94xsj93g7npp","timestamp":1677016649535,"id":"f91a3sra54jfu04","previousEventId":"gu6kok5n2ijo3ip","operationId":"f5ffb315gqpaik5"}
{"type":"log","timestamp":1677016649822,"level":"debug","message":"(console:log) [ 1 ]","meta":{"userLevel":true,"rootId":"ofmsfawoiblnx13","id":"ofmsfawoiblnx13"},"id":"fp5e5r1p4n2xma6","previousOperationId":"f5ffb315gqpaik5"}
{"type":"operationEnd","operationId":"f5ffb315gqpaik5","timestamp":1677016649823,"id":"3lnl4he7j4k95df","previousEventId":"log57o68n8sz05p","previousOperationId":"j0y4dwel8hwjs55"}
{"type":"operationEnd","operationId":"2lz94xsj93g7npp","timestamp":1677016649823,"id":"9qzb98az03inyaf","previousEventId":"3lnl4he7j4k95df","previousOperationId":"j0y4dwel8hwjs55"}
{"type":"log","timestamp":1677016649823,"level":"debug","message":"Base url not specified, skipping its injection.","meta":{"rootId":"ofmsfawoiblnx13","id":"ofmsfawoiblnx13"},"id":"7bwglw973fj1uq1","previousOperationId":"2lz94xsj93g7npp"}
{"type":"operationStart","subtype":"engine","name":"handlebars","timestamp":1677016649824,"id":"uu9qxs9iq77y011","previousEventId":"9qzb98az03inyaf","operationId":"ex4rqxnlsk4mvyc","previousOperationId":"2lz94xsj93g7npp"}
{"type":"log","timestamp":1677016649824,"level":"debug","message":"Rendering engine handlebars","meta":{"rootId":"ofmsfawoiblnx13","id":"ofmsfawoiblnx13"},"id":"xxrohaxm737n1sn","previousOperationId":"ex4rqxnlsk4mvyc"}
{"type":"operationEnd","operationId":"ex4rqxnlsk4mvyc","timestamp":1677016649837,"id":"xm6e1ovfyqdsr0h","previousEventId":"uu9qxs9iq77y011","previousOperationId":"ex4rqxnlsk4mvyc"}
{"type":"operationStart","subtype":"recipe","name":"chrome-pdf","timestamp":1677016649838,"id":"wjpdpq266hpmxqy","previousEventId":"xm6e1ovfyqdsr0h","operationId":"c3309pqb6i5okrm","previousOperationId":"ex4rqxnlsk4mvyc"}
{"type":"log","timestamp":1677016649838,"level":"debug","message":"Executing recipe chrome-pdf","meta":{"rootId":"ofmsfawoiblnx13","id":"ofmsfawoiblnx13"},"id":"a1nzxe3w1zay3nb","previousOperationId":"c3309pqb6i5okrm"}
{"type":"log","timestamp":1677016649842,"level":"debug","message":"Converting with chrome HeadlessChrome/105.0.5173.0 using chrome-pool strategy","meta":{"rootId":"ofmsfawoiblnx13","id":"ofmsfawoiblnx13"},"id":"15gwzsp0s9sx0o5","previousOperationId":"c3309pqb6i5okrm"}
{"type":"log","timestamp":1677016649955,"level":"debug","message":"Page request: GET (document) file:///C:/Users/pollo/AppData/Local/Temp/jsreport/autocleanup/7c34a62a-b13f-4a7c-94fc-e14ff933059c-chrome-pdf.html","meta":{"rootId":"ofmsfawoiblnx13","id":"ofmsfawoiblnx13"},"id":"077bsostrs60558","previousOperationId":"c3309pqb6i5okrm"}
{"type":"log","timestamp":1677016649965,"level":"debug","message":"Page request finished: GET (document) 200 file:///C:/Users/pollo/AppData/Local/Temp/jsreport/autocleanup/7c34a62a-b13f-4a7c-94fc-e14ff933059c-chrome-pdf.html","meta":{"rootId":"ofmsfawoiblnx13","id":"ofmsfawoiblnx13"},"id":"evtrtvpfy5ynyox","previousOperationId":"c3309pqb6i5okrm"}
{"type":"log","timestamp":1677016649965,"level":"debug","message":"Page request: GET (stylesheet) https://cdnjs.cloudflare.com/ajax/libs/metro/4.1.5/css/metro.min.css","meta":{"rootId":"ofmsfawoiblnx13","id":"ofmsfawoiblnx13"},"id":"iabpwohzcey5ojn","previousOperationId":"c3309pqb6i5okrm"}
{"type":"log","timestamp":1677016649965,"level":"debug","message":"Page request: GET (script) https://cdn.jsdelivr.net/npm/chart.js","meta":{"rootId":"ofmsfawoiblnx13","id":"ofmsfawoiblnx13"},"id":"yq20av6oapnatkt","previousOperationId":"c3309pqb6i5okrm"}
{"type":"log","timestamp":1677016649989,"level":"debug","message":"Page request finished: GET (stylesheet) 200 https://cdnjs.cloudflare.com/ajax/libs/metro/4.1.5/css/metro.min.css","meta":{"rootId":"ofmsfawoiblnx13","id":"ofmsfawoiblnx13"},"id":"wj8gr50uku06o4r","previousOperationId":"c3309pqb6i5okrm"}
{"type":"log","timestamp":1677016649989,"level":"debug","message":"Page request finished: GET (script) 200 https://cdn.jsdelivr.net/npm/chart.js","meta":{"rootId":"ofmsfawoiblnx13","id":"ofmsfawoiblnx13"},"id":"2hdcjl27m40i7jh","previousOperationId":"c3309pqb6i5okrm"}
{"type":"log","timestamp":1677016650087,"level":"debug","message":"Running chrome with params {\"printBackground\":true,\"marginTop\":\"4cm\",\"marginRight\":\"1.5cm\",\"marginBottom\":\"1.5cm\",\"marginLeft\":\"1.5cm\",\"waitForJS\":false,\"timeout\":59638,\"margin\":{\"top\":\"4cm\",\"right\":\"1.5cm\",\"bottom\":\"1.5cm\",\"left\":\"1.5cm\"}}","meta":{"rootId":"ofmsfawoiblnx13","id":"ofmsfawoiblnx13"},"id":"92i8gdqgaji3m3n","previousOperationId":"c3309pqb6i5okrm"}
{"type":"operationEnd","operationId":"c3309pqb6i5okrm","timestamp":1677016650164,"id":"8h04f0jrumz9i7b","previousEventId":"wjpdpq266hpmxqy","previousOperationId":"c3309pqb6i5okrm"}
{"type":"log","timestamp":1677016650164,"level":"info","message":"pdf-utils is starting pdf processing","meta":{"rootId":"ofmsfawoiblnx13","id":"ofmsfawoiblnx13"},"id":"xkwluobzf24fqly","previousOperationId":"c3309pqb6i5okrm"}
{"type":"operationStart","subtype":"pdfUtils","name":"pdf utils","timestamp":1677016650164,"id":"y8wrmu5rikq3w47","previousEventId":"8h04f0jrumz9i7b","operationId":"aoa2c9cdzrs4p0p","previousOperationId":"c3309pqb6i5okrm"}
{"type":"log","timestamp":1677016650165,"level":"debug","message":"pdf-utils detected 1 pdf operation(s) to process","meta":{"rootId":"ofmsfawoiblnx13","id":"ofmsfawoiblnx13"},"id":"s99fgf9856ag1ui","previousOperationId":"aoa2c9cdzrs4p0p"}
{"type":"log","timestamp":1677016650219,"level":"debug","message":"pdf-utils running pdf operation merge","meta":{"rootId":"ofmsfawoiblnx13","id":"ofmsfawoiblnx13"},"id":"d646ujc4mq37g8v","previousOperationId":"aoa2c9cdzrs4p0p"}
{"type":"operationStart","subtype":"pdfUtilsMerge","name":"pdf utils merge","previousOperationId":"aoa2c9cdzrs4p0p","timestamp":1677016650219,"id":"6juacecsptitlhj","previousEventId":"y8wrmu5rikq3w47","operationId":"w9yrrz9kiefybyn"}
{"type":"operationStart","subtype":"render","name":"authors-header","previousOperationId":"w9yrrz9kiefybyn","timestamp":1677016650222,"id":"uzksjdu8r0a4yk2","previousEventId":"6juacecsptitlhj","operationId":"eyvvdvl80miec4f"}
{"type":"log","timestamp":1677016650222,"level":"info","message":"Starting rendering (child) request","meta":{"rootId":"ofmsfawoiblnx13","id":"c8j5s8wktoj9wy9"},"id":"sz4qg4zp6yr3bjs","previousOperationId":"eyvvdvl80miec4f"}
{"type":"log","timestamp":1677016650222,"level":"info","message":"Rendering template { name: authors-header, recipe: chrome-pdf, engine: handlebars, preview: true }","meta":{"rootId":"ofmsfawoiblnx13","id":"c8j5s8wktoj9wy9"},"id":"iby5wp2k9f2m7r7","previousOperationId":"eyvvdvl80miec4f"}
{"type":"log","timestamp":1677016650223,"level":"debug","message":"Inline data specified.","meta":{"rootId":"ofmsfawoiblnx13","id":"c8j5s8wktoj9wy9"},"id":"tl9bspyenogg37s","previousOperationId":"eyvvdvl80miec4f"}
{"type":"log","timestamp":1677016650225,"level":"debug","message":"Base url not specified, skipping its injection.","meta":{"rootId":"ofmsfawoiblnx13","id":"c8j5s8wktoj9wy9"},"id":"wl2rnwbt9eqbr4o","previousOperationId":"eyvvdvl80miec4f"}
{"type":"operationStart","subtype":"engine","name":"handlebars","timestamp":1677016650225,"id":"q96xdf99rxeia1x","previousEventId":"uzksjdu8r0a4yk2","operationId":"y8543zwo8hfrs31","previousOperationId":"eyvvdvl80miec4f"}
{"type":"log","timestamp":1677016650225,"level":"debug","message":"Rendering engine handlebars","meta":{"rootId":"ofmsfawoiblnx13","id":"c8j5s8wktoj9wy9"},"id":"k1j5g21o70hcg7u","previousOperationId":"y8543zwo8hfrs31"}
{"type":"operationEnd","operationId":"y8543zwo8hfrs31","timestamp":1677016650246,"id":"uwyspi80uje3lf4","previousEventId":"q96xdf99rxeia1x","previousOperationId":"y8543zwo8hfrs31"}
{"type":"operationStart","subtype":"recipe","name":"chrome-pdf","timestamp":1677016650247,"id":"s0lxjfn6746z9g3","previousEventId":"uwyspi80uje3lf4","operationId":"3iedq4txd8pe73l","previousOperationId":"y8543zwo8hfrs31"}
{"type":"log","timestamp":1677016650247,"level":"debug","message":"Executing recipe chrome-pdf","meta":{"rootId":"ofmsfawoiblnx13","id":"c8j5s8wktoj9wy9"},"id":"3zipad12vby1pfa","previousOperationId":"3iedq4txd8pe73l"}
{"type":"log","timestamp":1677016650251,"level":"debug","message":"Converting with chrome HeadlessChrome/105.0.5173.0 using chrome-pool strategy","meta":{"rootId":"ofmsfawoiblnx13","id":"c8j5s8wktoj9wy9"},"id":"ddm7cr4wjzr1oth","previousOperationId":"3iedq4txd8pe73l"}
{"type":"log","timestamp":1677016650353,"level":"debug","message":"Page request: GET (document) file:///C:/Users/pollo/AppData/Local/Temp/jsreport/autocleanup/b2746511-f066-4b05-8dd7-b4568836793c-chrome-pdf.html","meta":{"rootId":"ofmsfawoiblnx13","id":"c8j5s8wktoj9wy9"},"id":"joikv8v6hg6lwzm","previousOperationId":"3iedq4txd8pe73l"}
{"type":"log","timestamp":1677016650366,"level":"debug","message":"Page request finished: GET (document) 200 file:///C:/Users/pollo/AppData/Local/Temp/jsreport/autocleanup/b2746511-f066-4b05-8dd7-b4568836793c-chrome-pdf.html","meta":{"rootId":"ofmsfawoiblnx13","id":"c8j5s8wktoj9wy9"},"id":"k81cv285gx7u0k7","previousOperationId":"3iedq4txd8pe73l"}
{"type":"log","timestamp":1677016650366,"level":"debug","message":"Page request: GET (stylesheet) https://cdnjs.cloudflare.com/ajax/libs/metro/4.1.5/css/metro.min.css","meta":{"rootId":"ofmsfawoiblnx13","id":"c8j5s8wktoj9wy9"},"id":"icd2qiy4tj3b98c","previousOperationId":"3iedq4txd8pe73l"}
{"type":"log","timestamp":1677016650390,"level":"debug","message":"Page request finished: GET (stylesheet) 200 https://cdnjs.cloudflare.com/ajax/libs/metro/4.1.5/css/metro.min.css","meta":{"rootId":"ofmsfawoiblnx13","id":"c8j5s8wktoj9wy9"},"id":"i9pzy2mxfcyx819","previousOperationId":"3iedq4txd8pe73l"}
{"type":"log","timestamp":1677016650412,"level":"debug","message":"Running chrome with params {\"printBackground\":true,\"marginTop\":\"1.5cm\",\"marginRight\":\"1.5cm\",\"marginLeft\":\"1.cm\",\"timeout\":59229,\"margin\":{\"top\":\"1.5cm\",\"right\":\"1.5cm\",\"left\":\"1.cm\"}}","meta":{"rootId":"ofmsfawoiblnx13","id":"c8j5s8wktoj9wy9"},"id":"juea8y6dpvdxpv9","previousOperationId":"3iedq4txd8pe73l"}
{"type":"operationEnd","operationId":"3iedq4txd8pe73l","timestamp":1677016650472,"id":"dfmvg8s3onbtaew","previousEventId":"s0lxjfn6746z9g3","previousOperationId":"3iedq4txd8pe73l"}
{"type":"log","timestamp":1677016650473,"level":"debug","message":"Skipping storing report.","meta":{"rootId":"ofmsfawoiblnx13","id":"c8j5s8wktoj9wy9"},"id":"98osesi07nl40zz","previousOperationId":"3iedq4txd8pe73l"}
{"type":"log","timestamp":1677016650473,"level":"info","message":"Rendering (child) request finished in 994 ms","meta":{"rootId":"ofmsfawoiblnx13","id":"c8j5s8wktoj9wy9"},"id":"lzing759qyr3umk","previousOperationId":"3iedq4txd8pe73l"}
{"type":"operationEnd","subtype":"render","operationId":"eyvvdvl80miec4f","timestamp":1677016650473,"id":"43rl7zqt29ecnh5","previousEventId":"dfmvg8s3onbtaew","previousOperationId":"3iedq4txd8pe73l"}
{"type":"operationEnd","operationId":"w9yrrz9kiefybyn","timestamp":1677016650488,"id":"u3tx9qfsjum6cmb","previousEventId":"6juacecsptitlhj","previousOperationId":"w9yrrz9kiefybyn"}
{"type":"log","timestamp":1677016650488,"level":"debug","message":"pdf-utils postproces start","meta":{"rootId":"ofmsfawoiblnx13","id":"ofmsfawoiblnx13"},"id":"rkq7ijk2hxq1q0i","previousOperationId":"w9yrrz9kiefybyn"}
{"type":"log","timestamp":1677016650499,"level":"debug","message":"pdf-utils postproces end","meta":{"rootId":"ofmsfawoiblnx13","id":"ofmsfawoiblnx13"},"id":"2f4nwxfl3nfm56o","previousOperationId":"w9yrrz9kiefybyn"}
{"type":"operationEnd","operationId":"aoa2c9cdzrs4p0p","timestamp":1677016650499,"id":"cxp2r4m1vijilsj","previousEventId":"u3tx9qfsjum6cmb","previousOperationId":"w9yrrz9kiefybyn"}
{"type":"log","timestamp":1677016650499,"level":"info","message":"pdf-utils pdf processing was finished","meta":{"rootId":"ofmsfawoiblnx13","id":"ofmsfawoiblnx13"},"id":"vqjtfsmzin3xn3x","previousOperationId":"aoa2c9cdzrs4p0p"}
{"type":"log","timestamp":1677016650500,"level":"debug","message":"Skipping storing report.","meta":{"rootId":"ofmsfawoiblnx13","id":"ofmsfawoiblnx13"},"id":"ihb37p1e7xzde5r","previousOperationId":"aoa2c9cdzrs4p0p"}
{"type":"log","timestamp":1677016650500,"level":"info","message":"Rendering request 3 finished in 1021 ms","meta":{"rootId":"ofmsfawoiblnx13","id":"ofmsfawoiblnx13"},"id":"ncc2nsi4letxx8s","previousOperationId":"aoa2c9cdzrs4p0p"}
{"type":"operationEnd","subtype":"render","operationId":"j0y4dwel8hwjs55","timestamp":1677016650500,"id":"ak9tuzhdbks7o17","previousEventId":"cxp2r4m1vijilsj","previousOperationId":"aoa2c9cdzrs4p0p"}
{"type":"operationEnd","doDiffs":false,"previousEventId":"579qhggnhdvkye8","previousOperationId":"1b0ild4o61h1gr6","operationId":"1b0ild4o61h1gr6","timestamp":1677016650509,"id":"amgzmiao0tvjjds"}
