{"type":"operationStart","subtype":"profile","data":{"_id":"uK7X13RVO9WpcIkR","timestamp":"2023-02-24T18:58:41.851Z","state":"queued","mode":"standard","creationDate":"2023-02-24T18:58:41.853Z","modificationDate":"2023-02-24T18:58:41.853Z","shortid":"FuVkMDn","$entitySet":"profiles"},"doDiffs":false,"timestamp":1677265121852,"id":"v2uei7k6m521y89","previousOperationId":null,"operationId":"qpahj3rwr9r0r28"}
{"type":"log","level":"info","message":"Render request 2 queued for execution and waiting for available worker","previousOperationId":"qpahj3rwr9r0r28","timestamp":1677265121852,"id":"x2ycxrv6umggayp"}
{"type":"operationStart","subtype":"render","name":"authors-main","previousOperationId":"qpahj3rwr9r0r28","timestamp":1677265121858,"id":"if1xtbgzps134c3","previousEventId":"v2uei7k6m521y89","operationId":"xqmwaakuyimhpxa"}
{"type":"log","timestamp":1677265121859,"level":"info","message":"Starting rendering request 2","meta":{"rootId":"r0xsgxt2t8grifo","id":"r0xsgxt2t8grifo"},"id":"ncs0soektl9ji60","previousOperationId":"xqmwaakuyimhpxa"}
{"type":"log","timestamp":1677265121861,"level":"info","message":"Rendering template { name: authors-main, recipe: chrome-pdf, engine: handlebars, preview: false }","meta":{"rootId":"r0xsgxt2t8grifo","id":"r0xsgxt2t8grifo"},"id":"x4a8y5xr015ue1h","previousOperationId":"xqmwaakuyimhpxa"}
{"type":"log","timestamp":1677265121864,"level":"debug","message":"Data item not defined for this template.","meta":{"rootId":"r0xsgxt2t8grifo","id":"r0xsgxt2t8grifo"},"id":"9ni0qv7k9kyj0hp","previousOperationId":"xqmwaakuyimhpxa"}
{"type":"log","timestamp":1677265121868,"level":"debug","message":"Executing script authors-script (beforeRender)","meta":{"rootId":"r0xsgxt2t8grifo","id":"r0xsgxt2t8grifo"},"id":"p5otfwg3e386tae","previousOperationId":"xqmwaakuyimhpxa"}
{"type":"operationStart","subtype":"scriptsBeforeRender","name":"scripts beforeRender","timestamp":1677265122234,"id":"oak7w6x9of4jtua","previousEventId":"if1xtbgzps134c3","operationId":"t0kahf3d7ds8kqa","previousOperationId":"xqmwaakuyimhpxa"}
{"type":"operationStart","subtype":"script","name":"scripts authors-script","previousOperationId":"t0kahf3d7ds8kqa","timestamp":1677265122234,"id":"9znpqaoacmw547s","previousEventId":"oak7w6x9of4jtua","operationId":"ev9h13h12s2p9ds"}
{"type":"log","timestamp":1677265122460,"level":"debug","message":"(console:log) [ 0 ]","meta":{"userLevel":true,"rootId":"r0xsgxt2t8grifo","id":"r0xsgxt2t8grifo"},"id":"qkbg4odxb8uoq5z","previousOperationId":"ev9h13h12s2p9ds"}
{"type":"operationEnd","operationId":"ev9h13h12s2p9ds","timestamp":1677265122460,"id":"wr2rj1orbetpawj","previousEventId":"if1xtbgzps134c3","previousOperationId":"xqmwaakuyimhpxa"}
{"type":"operationEnd","operationId":"t0kahf3d7ds8kqa","timestamp":1677265122460,"id":"rrlqijn39bc4sl3","previousEventId":"wr2rj1orbetpawj","previousOperationId":"xqmwaakuyimhpxa"}
{"type":"log","timestamp":1677265122461,"level":"debug","message":"Base url not specified, skipping its injection.","meta":{"rootId":"r0xsgxt2t8grifo","id":"r0xsgxt2t8grifo"},"id":"hjoydjg5xke3155","previousOperationId":"t0kahf3d7ds8kqa"}
{"type":"operationStart","subtype":"engine","name":"handlebars","timestamp":1677265122461,"id":"jquykovuwg399t1","previousEventId":"rrlqijn39bc4sl3","operationId":"b6cgmjtfrrptuqt","previousOperationId":"t0kahf3d7ds8kqa"}
{"type":"log","timestamp":1677265122461,"level":"debug","message":"Rendering engine handlebars","meta":{"rootId":"r0xsgxt2t8grifo","id":"r0xsgxt2t8grifo"},"id":"bsnvoack7ctry78","previousOperationId":"b6cgmjtfrrptuqt"}
{"type":"operationEnd","operationId":"b6cgmjtfrrptuqt","timestamp":1677265122774,"id":"55feinh19y5g4oh","previousEventId":"jquykovuwg399t1","previousOperationId":"b6cgmjtfrrptuqt"}
{"type":"operationStart","subtype":"recipe","name":"chrome-pdf","timestamp":1677265122775,"id":"cyqgmu10sqrxdmk","previousEventId":"55feinh19y5g4oh","operationId":"y4snkhx62anwftb","previousOperationId":"b6cgmjtfrrptuqt"}
{"type":"log","timestamp":1677265122775,"level":"debug","message":"Executing recipe chrome-pdf","meta":{"rootId":"r0xsgxt2t8grifo","id":"r0xsgxt2t8grifo"},"id":"f1qxkzy4hl8rdll","previousOperationId":"y4snkhx62anwftb"}
{"type":"log","timestamp":1677265123134,"level":"debug","message":"Converting with chrome HeadlessChrome/105.0.5173.0 using chrome-pool strategy","meta":{"rootId":"r0xsgxt2t8grifo","id":"r0xsgxt2t8grifo"},"id":"gi8m1eqn8sjks8z","previousOperationId":"y4snkhx62anwftb"}
{"type":"log","timestamp":1677265123330,"level":"debug","message":"Page request: GET (document) file:///C:/Users/pollo/AppData/Local/Temp/jsreport/autocleanup/bac92231-7112-432b-b4c8-d17955d000c4-chrome-pdf.html","meta":{"rootId":"r0xsgxt2t8grifo","id":"r0xsgxt2t8grifo"},"id":"adea7ryj9fac0mx","previousOperationId":"y4snkhx62anwftb"}
{"type":"log","timestamp":1677265123342,"level":"debug","message":"Page request finished: GET (document) 200 file:///C:/Users/pollo/AppData/Local/Temp/jsreport/autocleanup/bac92231-7112-432b-b4c8-d17955d000c4-chrome-pdf.html","meta":{"rootId":"r0xsgxt2t8grifo","id":"r0xsgxt2t8grifo"},"id":"d909jswf96veg3v","previousOperationId":"y4snkhx62anwftb"}
{"type":"log","timestamp":1677265123342,"level":"debug","message":"Page request: GET (stylesheet) https://cdnjs.cloudflare.com/ajax/libs/metro/4.1.5/css/metro.min.css","meta":{"rootId":"r0xsgxt2t8grifo","id":"r0xsgxt2t8grifo"},"id":"gkbt72c88n5otxk","previousOperationId":"y4snkhx62anwftb"}
{"type":"log","timestamp":1677265123343,"level":"debug","message":"Page request: GET (script) https://cdn.jsdelivr.net/npm/chart.js","meta":{"rootId":"r0xsgxt2t8grifo","id":"r0xsgxt2t8grifo"},"id":"pd9w33oluvn9n5h","previousOperationId":"y4snkhx62anwftb"}
{"type":"log","timestamp":1677265123552,"level":"debug","message":"Page request finished: GET (stylesheet) 200 https://cdnjs.cloudflare.com/ajax/libs/metro/4.1.5/css/metro.min.css","meta":{"rootId":"r0xsgxt2t8grifo","id":"r0xsgxt2t8grifo"},"id":"carlfki08pfmr4r","previousOperationId":"y4snkhx62anwftb"}
{"type":"log","timestamp":1677265123552,"level":"debug","message":"Page request finished: GET (script) 200 https://cdn.jsdelivr.net/npm/chart.js","meta":{"rootId":"r0xsgxt2t8grifo","id":"r0xsgxt2t8grifo"},"id":"n0wtmofcbom8bwj","previousOperationId":"y4snkhx62anwftb"}
{"type":"log","timestamp":1677265123645,"level":"debug","message":"Running chrome with params {\"printBackground\":true,\"marginTop\":\"4cm\",\"marginRight\":\"1.5cm\",\"marginBottom\":\"1.5cm\",\"marginLeft\":\"1.5cm\",\"waitForJS\":false,\"timeout\":58888,\"margin\":{\"top\":\"4cm\",\"right\":\"1.5cm\",\"bottom\":\"1.5cm\",\"left\":\"1.5cm\"}}","meta":{"rootId":"r0xsgxt2t8grifo","id":"r0xsgxt2t8grifo"},"id":"xe4fdo8u79k8p59","previousOperationId":"y4snkhx62anwftb"}
{"type":"operationEnd","operationId":"y4snkhx62anwftb","timestamp":1677265123722,"id":"r5hpcg0ct96l6ji","previousEventId":"cyqgmu10sqrxdmk","previousOperationId":"y4snkhx62anwftb"}
{"type":"log","timestamp":1677265123722,"level":"info","message":"pdf-utils is starting pdf processing","meta":{"rootId":"r0xsgxt2t8grifo","id":"r0xsgxt2t8grifo"},"id":"032r31repbdrsw9","previousOperationId":"y4snkhx62anwftb"}
{"type":"operationStart","subtype":"pdfUtils","name":"pdf utils","timestamp":1677265123947,"id":"bp5gqkzds6mk8vj","previousEventId":"r5hpcg0ct96l6ji","operationId":"mplhiqbsawvcwr6","previousOperationId":"y4snkhx62anwftb"}
{"type":"log","timestamp":1677265123947,"level":"debug","message":"pdf-utils detected 1 pdf operation(s) to process","meta":{"rootId":"r0xsgxt2t8grifo","id":"r0xsgxt2t8grifo"},"id":"b7nlhvsn31u1one","previousOperationId":"mplhiqbsawvcwr6"}
{"type":"log","timestamp":1677265124177,"level":"debug","message":"pdf-utils running pdf operation merge","meta":{"rootId":"r0xsgxt2t8grifo","id":"r0xsgxt2t8grifo"},"id":"0kfv0pwfcvaadjb","previousOperationId":"mplhiqbsawvcwr6"}
{"type":"operationStart","subtype":"pdfUtilsMerge","name":"pdf utils merge","previousOperationId":"mplhiqbsawvcwr6","timestamp":1677265124177,"id":"lvlq5qjvuvmapwp","previousEventId":"bp5gqkzds6mk8vj","operationId":"q0kfgwzkgwirnv3"}
{"type":"operationStart","subtype":"render","name":"authors-header","previousOperationId":"q0kfgwzkgwirnv3","timestamp":1677265124178,"id":"vzqykok6vbcg2z0","previousEventId":"lvlq5qjvuvmapwp","operationId":"viknvtry47p2pv2"}
{"type":"log","timestamp":1677265124178,"level":"info","message":"Starting rendering (child) request","meta":{"rootId":"r0xsgxt2t8grifo","id":"3rjtqr6o2obxnxo"},"id":"w2k437g2wifz4gc","previousOperationId":"viknvtry47p2pv2"}
{"type":"log","timestamp":1677265124178,"level":"info","message":"Rendering template { name: authors-header, recipe: chrome-pdf, engine: handlebars, preview: false }","meta":{"rootId":"r0xsgxt2t8grifo","id":"3rjtqr6o2obxnxo"},"id":"6yon8afcbpzpeik","previousOperationId":"viknvtry47p2pv2"}
{"type":"log","timestamp":1677265124180,"level":"debug","message":"Inline data specified.","meta":{"rootId":"r0xsgxt2t8grifo","id":"3rjtqr6o2obxnxo"},"id":"3hpte79s10kc59v","previousOperationId":"viknvtry47p2pv2"}
{"type":"log","timestamp":1677265124182,"level":"debug","message":"Base url not specified, skipping its injection.","meta":{"rootId":"r0xsgxt2t8grifo","id":"3rjtqr6o2obxnxo"},"id":"wfmuf6lz2nh9zwp","previousOperationId":"viknvtry47p2pv2"}
{"type":"operationStart","subtype":"engine","name":"handlebars","timestamp":1677265124182,"id":"hkme3pal16j5lsl","previousEventId":"vzqykok6vbcg2z0","operationId":"5eb3yhv7487keo6","previousOperationId":"viknvtry47p2pv2"}
{"type":"log","timestamp":1677265124182,"level":"debug","message":"Rendering engine handlebars","meta":{"rootId":"r0xsgxt2t8grifo","id":"3rjtqr6o2obxnxo"},"id":"i0yp8od4vvfsasw","previousOperationId":"5eb3yhv7487keo6"}
{"type":"operationEnd","operationId":"5eb3yhv7487keo6","timestamp":1677265124199,"id":"60dryk8845a5vbm","previousEventId":"hkme3pal16j5lsl","previousOperationId":"5eb3yhv7487keo6"}
{"type":"operationStart","subtype":"recipe","name":"chrome-pdf","timestamp":1677265124199,"id":"wl8yzf6g9z1qx65","previousEventId":"60dryk8845a5vbm","operationId":"8n4i3b0c9i486su","previousOperationId":"5eb3yhv7487keo6"}
{"type":"log","timestamp":1677265124199,"level":"debug","message":"Executing recipe chrome-pdf","meta":{"rootId":"r0xsgxt2t8grifo","id":"3rjtqr6o2obxnxo"},"id":"nyaw179s20uxasc","previousOperationId":"8n4i3b0c9i486su"}
{"type":"log","timestamp":1677265124202,"level":"debug","message":"Converting with chrome HeadlessChrome/105.0.5173.0 using chrome-pool strategy","meta":{"rootId":"r0xsgxt2t8grifo","id":"3rjtqr6o2obxnxo"},"id":"29hzzcpwric3pk1","previousOperationId":"8n4i3b0c9i486su"}
{"type":"log","timestamp":1677265124298,"level":"debug","message":"Page request: GET (document) file:///C:/Users/pollo/AppData/Local/Temp/jsreport/autocleanup/6abfff0a-2138-4f3a-a023-641b05825084-chrome-pdf.html","meta":{"rootId":"r0xsgxt2t8grifo","id":"3rjtqr6o2obxnxo"},"id":"dj9h6kw2vf4r8qq","previousOperationId":"8n4i3b0c9i486su"}
{"type":"log","timestamp":1677265124309,"level":"debug","message":"Page request finished: GET (document) 200 file:///C:/Users/pollo/AppData/Local/Temp/jsreport/autocleanup/6abfff0a-2138-4f3a-a023-641b05825084-chrome-pdf.html","meta":{"rootId":"r0xsgxt2t8grifo","id":"3rjtqr6o2obxnxo"},"id":"i1jhg50hvwwxm5r","previousOperationId":"8n4i3b0c9i486su"}
{"type":"log","timestamp":1677265124309,"level":"debug","message":"Page request: GET (stylesheet) https://cdnjs.cloudflare.com/ajax/libs/metro/4.1.5/css/metro.min.css","meta":{"rootId":"r0xsgxt2t8grifo","id":"3rjtqr6o2obxnxo"},"id":"qr1sp710w0rxdd3","previousOperationId":"8n4i3b0c9i486su"}
{"type":"log","timestamp":1677265124331,"level":"debug","message":"Page request finished: GET (stylesheet) 200 https://cdnjs.cloudflare.com/ajax/libs/metro/4.1.5/css/metro.min.css","meta":{"rootId":"r0xsgxt2t8grifo","id":"3rjtqr6o2obxnxo"},"id":"pye1imk0o8rcfpq","previousOperationId":"8n4i3b0c9i486su"}
{"type":"log","timestamp":1677265124352,"level":"debug","message":"Running chrome with params {\"printBackground\":true,\"marginTop\":\"1.5cm\",\"marginRight\":\"1.5cm\",\"marginLeft\":\"1.cm\",\"timeout\":57650,\"margin\":{\"top\":\"1.5cm\",\"right\":\"1.5cm\",\"left\":\"1.cm\"}}","meta":{"rootId":"r0xsgxt2t8grifo","id":"3rjtqr6o2obxnxo"},"id":"sdef4pvkxl94d69","previousOperationId":"8n4i3b0c9i486su"}
{"type":"operationEnd","operationId":"8n4i3b0c9i486su","timestamp":1677265124406,"id":"1zwowoxyudvrdqt","previousEventId":"wl8yzf6g9z1qx65","previousOperationId":"8n4i3b0c9i486su"}
{"type":"log","timestamp":1677265124407,"level":"debug","message":"Skipping storing report.","meta":{"rootId":"r0xsgxt2t8grifo","id":"3rjtqr6o2obxnxo"},"id":"zdohhvni04gl3b1","previousOperationId":"8n4i3b0c9i486su"}
{"type":"log","timestamp":1677265124407,"level":"info","message":"Rendering (child) request finished in 2556 ms","meta":{"rootId":"r0xsgxt2t8grifo","id":"3rjtqr6o2obxnxo"},"id":"2vc25n3cbh8373n","previousOperationId":"8n4i3b0c9i486su"}
{"type":"operationEnd","subtype":"render","operationId":"viknvtry47p2pv2","timestamp":1677265124407,"id":"6ee9n8n394akdcu","previousEventId":"1zwowoxyudvrdqt","previousOperationId":"8n4i3b0c9i486su"}
{"type":"operationEnd","operationId":"q0kfgwzkgwirnv3","timestamp":1677265124427,"id":"rklzo786ig1rtr3","previousEventId":"lvlq5qjvuvmapwp","previousOperationId":"q0kfgwzkgwirnv3"}
{"type":"log","timestamp":1677265124427,"level":"debug","message":"pdf-utils postproces start","meta":{"rootId":"r0xsgxt2t8grifo","id":"r0xsgxt2t8grifo"},"id":"bu0af1ewnyi3qbt","previousOperationId":"q0kfgwzkgwirnv3"}
{"type":"log","timestamp":1677265124440,"level":"debug","message":"pdf-utils postproces end","meta":{"rootId":"r0xsgxt2t8grifo","id":"r0xsgxt2t8grifo"},"id":"2gvny8twssodc36","previousOperationId":"q0kfgwzkgwirnv3"}
{"type":"operationEnd","operationId":"mplhiqbsawvcwr6","timestamp":1677265124440,"id":"yc13mx4or4qgrb0","previousEventId":"rklzo786ig1rtr3","previousOperationId":"q0kfgwzkgwirnv3"}
{"type":"log","timestamp":1677265124440,"level":"info","message":"pdf-utils pdf processing was finished","meta":{"rootId":"r0xsgxt2t8grifo","id":"r0xsgxt2t8grifo"},"id":"uzgrjqgisklqayx","previousOperationId":"mplhiqbsawvcwr6"}
{"type":"log","timestamp":1677265124440,"level":"debug","message":"Skipping storing report.","meta":{"rootId":"r0xsgxt2t8grifo","id":"r0xsgxt2t8grifo"},"id":"m5nlknafrzbfumi","previousOperationId":"mplhiqbsawvcwr6"}
{"type":"log","timestamp":1677265124440,"level":"info","message":"Rendering request 2 finished in 2589 ms","meta":{"rootId":"r0xsgxt2t8grifo","id":"r0xsgxt2t8grifo"},"id":"zaotczz2bn0to0u","previousOperationId":"mplhiqbsawvcwr6"}
{"type":"operationEnd","subtype":"render","operationId":"xqmwaakuyimhpxa","timestamp":1677265124440,"id":"i4h9j2wxfzttf1o","previousEventId":"yc13mx4or4qgrb0","previousOperationId":"mplhiqbsawvcwr6"}
{"type":"operationEnd","doDiffs":false,"previousEventId":"v2uei7k6m521y89","previousOperationId":"qpahj3rwr9r0r28","operationId":"qpahj3rwr9r0r28","timestamp":1677265124444,"id":"6em7dvzaax4ql11"}
