{"type":"operationStart","subtype":"profile","data":{"_id":"IDnrk6vS92PanS10","timestamp":"2023-02-24T18:58:35.001Z","state":"queued","mode":"standard","creationDate":"2023-02-24T18:58:35.004Z","modificationDate":"2023-02-24T18:58:35.004Z","shortid":"Qj8-Lx8","$entitySet":"profiles"},"doDiffs":false,"timestamp":1677265115003,"id":"0686zb9j0bge9hl","previousOperationId":null,"operationId":"k9cf0zr3d5ghqxy"}
{"type":"log","level":"info","message":"Render request 1 queued for execution and waiting for available worker","previousOperationId":"k9cf0zr3d5ghqxy","timestamp":1677265115003,"id":"atq13xq3yblpcu1"}
{"type":"operationStart","subtype":"render","name":"authors-main","previousOperationId":"k9cf0zr3d5ghqxy","timestamp":1677265115018,"id":"xrb4o9c8wx7xr6b","previousEventId":"0686zb9j0bge9hl","operationId":"js143i4vd7vmjnb"}
{"type":"log","timestamp":1677265115019,"level":"info","message":"Starting rendering request 1","meta":{"rootId":"s5dsuhbgsewky42","id":"s5dsuhbgsewky42"},"id":"bgw2fjzy1urh92w","previousOperationId":"js143i4vd7vmjnb"}
{"type":"log","timestamp":1677265115021,"level":"info","message":"Rendering template { name: authors-main, recipe: chrome-pdf, engine: handlebars, preview: false }","meta":{"rootId":"s5dsuhbgsewky42","id":"s5dsuhbgsewky42"},"id":"xr28d2byv3mp065","previousOperationId":"js143i4vd7vmjnb"}
{"type":"log","timestamp":1677265115023,"level":"debug","message":"Data item not defined for this template.","meta":{"rootId":"s5dsuhbgsewky42","id":"s5dsuhbgsewky42"},"id":"n3arcnmfhgzt9dz","previousOperationId":"js143i4vd7vmjnb"}
{"type":"log","timestamp":1677265115029,"level":"debug","message":"Executing script authors-script (beforeRender)","meta":{"rootId":"s5dsuhbgsewky42","id":"s5dsuhbgsewky42"},"id":"eks1o1xlfwxfwhz","previousOperationId":"js143i4vd7vmjnb"}
{"type":"operationStart","subtype":"scriptsBeforeRender","name":"scripts beforeRender","timestamp":1677265115393,"id":"abevb3uyvha7f99","previousEventId":"xrb4o9c8wx7xr6b","operationId":"ddf8p4g8zo9j03d","previousOperationId":"js143i4vd7vmjnb"}
{"type":"operationStart","subtype":"script","name":"scripts authors-script","previousOperationId":"ddf8p4g8zo9j03d","timestamp":1677265115393,"id":"b0n9kxjbm55co67","previousEventId":"abevb3uyvha7f99","operationId":"7hl7ok41pziysls"}
{"type":"log","timestamp":1677265115660,"level":"debug","message":"(console:log) [ 0 ]","meta":{"userLevel":true,"rootId":"s5dsuhbgsewky42","id":"s5dsuhbgsewky42"},"id":"3auodo47oturzig","previousOperationId":"7hl7ok41pziysls"}
{"type":"operationEnd","operationId":"7hl7ok41pziysls","timestamp":1677265115661,"id":"6ryxxqys7alffct","previousEventId":"xrb4o9c8wx7xr6b","previousOperationId":"js143i4vd7vmjnb"}
{"type":"operationEnd","operationId":"ddf8p4g8zo9j03d","timestamp":1677265115661,"id":"oacu86kt7r7blwa","previousEventId":"6ryxxqys7alffct","previousOperationId":"js143i4vd7vmjnb"}
{"type":"log","timestamp":1677265115661,"level":"debug","message":"Base url not specified, skipping its injection.","meta":{"rootId":"s5dsuhbgsewky42","id":"s5dsuhbgsewky42"},"id":"zaz50j8av14olhu","previousOperationId":"ddf8p4g8zo9j03d"}
{"type":"operationStart","subtype":"engine","name":"handlebars","timestamp":1677265115662,"id":"58lmvlfmybc3zmm","previousEventId":"oacu86kt7r7blwa","operationId":"zn1y3u8fp9btpy4","previousOperationId":"ddf8p4g8zo9j03d"}
{"type":"log","timestamp":1677265115662,"level":"debug","message":"Rendering engine handlebars","meta":{"rootId":"s5dsuhbgsewky42","id":"s5dsuhbgsewky42"},"id":"5tw1an0g3vv47pz","previousOperationId":"zn1y3u8fp9btpy4"}
{"type":"operationEnd","operationId":"zn1y3u8fp9btpy4","timestamp":1677265115978,"id":"p8e15mrb7d90sm4","previousEventId":"58lmvlfmybc3zmm","previousOperationId":"zn1y3u8fp9btpy4"}
{"type":"operationStart","subtype":"recipe","name":"chrome-pdf","timestamp":1677265115979,"id":"wxb1cvjyzamtrwr","previousEventId":"p8e15mrb7d90sm4","operationId":"f401nkkigk979w4","previousOperationId":"zn1y3u8fp9btpy4"}
{"type":"log","timestamp":1677265115979,"level":"debug","message":"Executing recipe chrome-pdf","meta":{"rootId":"s5dsuhbgsewky42","id":"s5dsuhbgsewky42"},"id":"e5gnrqgqua2j8fg","previousOperationId":"f401nkkigk979w4"}
{"type":"log","timestamp":1677265116477,"level":"debug","message":"Converting with chrome HeadlessChrome/105.0.5173.0 using chrome-pool strategy","meta":{"rootId":"s5dsuhbgsewky42","id":"s5dsuhbgsewky42"},"id":"8x5owqz4kqru7jt","previousOperationId":"f401nkkigk979w4"}
{"type":"log","timestamp":1677265117062,"level":"debug","message":"Page request: GET (document) file:///C:/Users/pollo/AppData/Local/Temp/jsreport/autocleanup/a8213c92-68a6-4f38-a040-7c1418e73059-chrome-pdf.html","meta":{"rootId":"s5dsuhbgsewky42","id":"s5dsuhbgsewky42"},"id":"n8cm4pgsb8th5ca","previousOperationId":"f401nkkigk979w4"}
{"type":"log","timestamp":1677265117084,"level":"debug","message":"Page request finished: GET (document) 200 file:///C:/Users/pollo/AppData/Local/Temp/jsreport/autocleanup/a8213c92-68a6-4f38-a040-7c1418e73059-chrome-pdf.html","meta":{"rootId":"s5dsuhbgsewky42","id":"s5dsuhbgsewky42"},"id":"acsict1xfn8iyk7","previousOperationId":"f401nkkigk979w4"}
{"type":"log","timestamp":1677265117085,"level":"debug","message":"Page request: GET (stylesheet) https://cdnjs.cloudflare.com/ajax/libs/metro/4.1.5/css/metro.min.css","meta":{"rootId":"s5dsuhbgsewky42","id":"s5dsuhbgsewky42"},"id":"bf5e6mpr2n5bl4g","previousOperationId":"f401nkkigk979w4"}
{"type":"log","timestamp":1677265117085,"level":"debug","message":"Page request: GET (script) https://cdn.jsdelivr.net/npm/chart.js","meta":{"rootId":"s5dsuhbgsewky42","id":"s5dsuhbgsewky42"},"id":"oiz5n0m5ekstpmr","previousOperationId":"f401nkkigk979w4"}
{"type":"log","timestamp":1677265119597,"level":"debug","message":"Page request finished: GET (stylesheet) 200 https://cdnjs.cloudflare.com/ajax/libs/metro/4.1.5/css/metro.min.css","meta":{"rootId":"s5dsuhbgsewky42","id":"s5dsuhbgsewky42"},"id":"fm7mwf13jzw7ywg","previousOperationId":"f401nkkigk979w4"}
{"type":"log","timestamp":1677265119603,"level":"debug","message":"Page request finished: GET (script) 200 https://cdn.jsdelivr.net/npm/chart.js","meta":{"rootId":"s5dsuhbgsewky42","id":"s5dsuhbgsewky42"},"id":"34hgmpesomi8xqc","previousOperationId":"f401nkkigk979w4"}
{"type":"log","timestamp":1677265119706,"level":"debug","message":"Running chrome with params {\"printBackground\":true,\"marginTop\":\"4cm\",\"marginRight\":\"1.5cm\",\"marginBottom\":\"1.5cm\",\"marginLeft\":\"1.5cm\",\"waitForJS\":false,\"timeout\":58832,\"margin\":{\"top\":\"4cm\",\"right\":\"1.5cm\",\"bottom\":\"1.5cm\",\"left\":\"1.5cm\"}}","meta":{"rootId":"s5dsuhbgsewky42","id":"s5dsuhbgsewky42"},"id":"e6k2ley3m4x4c0l","previousOperationId":"f401nkkigk979w4"}
{"type":"operationEnd","operationId":"f401nkkigk979w4","timestamp":1677265119782,"id":"qqp5m9r4paka9xd","previousEventId":"wxb1cvjyzamtrwr","previousOperationId":"f401nkkigk979w4"}
{"type":"log","timestamp":1677265119782,"level":"info","message":"pdf-utils is starting pdf processing","meta":{"rootId":"s5dsuhbgsewky42","id":"s5dsuhbgsewky42"},"id":"hdjmncpradmtnzi","previousOperationId":"f401nkkigk979w4"}
{"type":"operationStart","subtype":"pdfUtils","name":"pdf utils","timestamp":1677265120027,"id":"90o2en5kr7363hn","previousEventId":"qqp5m9r4paka9xd","operationId":"ebbcb60jsbqfvcg","previousOperationId":"f401nkkigk979w4"}
{"type":"log","timestamp":1677265120027,"level":"debug","message":"pdf-utils detected 1 pdf operation(s) to process","meta":{"rootId":"s5dsuhbgsewky42","id":"s5dsuhbgsewky42"},"id":"fhbbaqikfa5j1vr","previousOperationId":"ebbcb60jsbqfvcg"}
{"type":"log","timestamp":1677265120265,"level":"debug","message":"pdf-utils running pdf operation merge","meta":{"rootId":"s5dsuhbgsewky42","id":"s5dsuhbgsewky42"},"id":"pk0w96nq2ia47yu","previousOperationId":"ebbcb60jsbqfvcg"}
{"type":"operationStart","subtype":"pdfUtilsMerge","name":"pdf utils merge","previousOperationId":"ebbcb60jsbqfvcg","timestamp":1677265120265,"id":"5e4akh5a656oiyo","previousEventId":"90o2en5kr7363hn","operationId":"fstyt1xsi36qkmf"}
{"type":"operationStart","subtype":"render","name":"authors-header","previousOperationId":"fstyt1xsi36qkmf","timestamp":1677265120266,"id":"1s2t7fv9518ojrs","previousEventId":"5e4akh5a656oiyo","operationId":"xsre1pqzrpigs0x"}
{"type":"log","timestamp":1677265120266,"level":"info","message":"Starting rendering (child) request","meta":{"rootId":"s5dsuhbgsewky42","id":"5wrbna0wzjgg1n1"},"id":"o1hnx5g8c99uwej","previousOperationId":"xsre1pqzrpigs0x"}
{"type":"log","timestamp":1677265120267,"level":"info","message":"Rendering template { name: authors-header, recipe: chrome-pdf, engine: handlebars, preview: false }","meta":{"rootId":"s5dsuhbgsewky42","id":"5wrbna0wzjgg1n1"},"id":"fg8r4jvuxs9h8n7","previousOperationId":"xsre1pqzrpigs0x"}
{"type":"log","timestamp":1677265120269,"level":"debug","message":"Inline data specified.","meta":{"rootId":"s5dsuhbgsewky42","id":"5wrbna0wzjgg1n1"},"id":"zdzeac43k3h7vj5","previousOperationId":"xsre1pqzrpigs0x"}
{"type":"log","timestamp":1677265120272,"level":"debug","message":"Base url not specified, skipping its injection.","meta":{"rootId":"s5dsuhbgsewky42","id":"5wrbna0wzjgg1n1"},"id":"rj8qr95gjszv95k","previousOperationId":"xsre1pqzrpigs0x"}
{"type":"operationStart","subtype":"engine","name":"handlebars","timestamp":1677265120272,"id":"nscx2lel3nynrqx","previousEventId":"1s2t7fv9518ojrs","operationId":"mo6ugr54wmf2srf","previousOperationId":"xsre1pqzrpigs0x"}
{"type":"log","timestamp":1677265120272,"level":"debug","message":"Rendering engine handlebars","meta":{"rootId":"s5dsuhbgsewky42","id":"5wrbna0wzjgg1n1"},"id":"j9i4uwiwbb7zj6y","previousOperationId":"mo6ugr54wmf2srf"}
{"type":"operationEnd","operationId":"mo6ugr54wmf2srf","timestamp":1677265120310,"id":"b2o2xte1mlvz22w","previousEventId":"nscx2lel3nynrqx","previousOperationId":"mo6ugr54wmf2srf"}
{"type":"operationStart","subtype":"recipe","name":"chrome-pdf","timestamp":1677265120310,"id":"0qyhlvaezc0lq5p","previousEventId":"b2o2xte1mlvz22w","operationId":"5bs7lj2gzhljdl2","previousOperationId":"mo6ugr54wmf2srf"}
{"type":"log","timestamp":1677265120310,"level":"debug","message":"Executing recipe chrome-pdf","meta":{"rootId":"s5dsuhbgsewky42","id":"5wrbna0wzjgg1n1"},"id":"15qovp8ypauz7vj","previousOperationId":"5bs7lj2gzhljdl2"}
{"type":"log","timestamp":1677265120313,"level":"debug","message":"Converting with chrome HeadlessChrome/105.0.5173.0 using chrome-pool strategy","meta":{"rootId":"s5dsuhbgsewky42","id":"5wrbna0wzjgg1n1"},"id":"cb1hwfmvb9gvvde","previousOperationId":"5bs7lj2gzhljdl2"}
{"type":"log","timestamp":1677265120406,"level":"debug","message":"Page request: GET (document) file:///C:/Users/pollo/AppData/Local/Temp/jsreport/autocleanup/e9be9745-f5be-4a54-95e7-fd0139e1e53f-chrome-pdf.html","meta":{"rootId":"s5dsuhbgsewky42","id":"5wrbna0wzjgg1n1"},"id":"bo9zkgghnair0xs","previousOperationId":"5bs7lj2gzhljdl2"}
{"type":"log","timestamp":1677265120421,"level":"debug","message":"Page request finished: GET (document) 200 file:///C:/Users/pollo/AppData/Local/Temp/jsreport/autocleanup/e9be9745-f5be-4a54-95e7-fd0139e1e53f-chrome-pdf.html","meta":{"rootId":"s5dsuhbgsewky42","id":"5wrbna0wzjgg1n1"},"id":"rm1b1xb03jym5xw","previousOperationId":"5bs7lj2gzhljdl2"}
{"type":"log","timestamp":1677265120421,"level":"debug","message":"Page request: GET (stylesheet) https://cdnjs.cloudflare.com/ajax/libs/metro/4.1.5/css/metro.min.css","meta":{"rootId":"s5dsuhbgsewky42","id":"5wrbna0wzjgg1n1"},"id":"3kgj08fckxru3uo","previousOperationId":"5bs7lj2gzhljdl2"}
{"type":"log","timestamp":1677265120449,"level":"debug","message":"Page request finished: GET (stylesheet) 200 https://cdnjs.cloudflare.com/ajax/libs/metro/4.1.5/css/metro.min.css","meta":{"rootId":"s5dsuhbgsewky42","id":"5wrbna0wzjgg1n1"},"id":"eithfubrs6l0xvb","previousOperationId":"5bs7lj2gzhljdl2"}
{"type":"log","level":"warn","message":"Report render failed\n(because) report cancelled by the client or closed network\nError: Report cancelled by the client or closed network\n    at Object.close (D:\\Clase\\Segundo\\Proyecto\\OFGCAPP\\jsreportapp\\node_modules\\@jsreport\\advanced-workers\\lib\\threadWorker.js:147:21)\n    at Object.release (D:\\Clase\\Segundo\\Proyecto\\OFGCAPP\\jsreportapp\\node_modules\\@jsreport\\advanced-workers\\lib\\pool.js:38:22)\n    at EventEmitter.<anonymous> (D:\\Clase\\Segundo\\Proyecto\\OFGCAPP\\jsreportapp\\node_modules\\@jsreport\\jsreport-core\\lib\\main\\reporter.js:399:18)\n    at Object.onceWrapper (node:events:509:28)\n    at EventEmitter.emit (node:events:390:28)\n    at Socket.<anonymous> (D:\\Clase\\Segundo\\Proyecto\\OFGCAPP\\jsreportapp\\node_modules\\@jsreport\\jsreport-express\\lib\\routes.js:68:20)\n    at Object.onceWrapper (node:events:510:26)\n    at Socket.emit (node:events:402:35)\n    at TCP.<anonymous> (node:net:687:12)","previousOperationId":"k9cf0zr3d5ghqxy","timestamp":1677265120547,"id":"pmjwi76sbt5ms7y"}
{"type":"error","timestamp":1677265120548,"code":"WORKER_ABORTED","weak":true,"id":"ez8ycvftt56n3ea","stack":"Error: Report cancelled by the client or closed network\n    at Object.close (D:\\Clase\\Segundo\\Proyecto\\OFGCAPP\\jsreportapp\\node_modules\\@jsreport\\advanced-workers\\lib\\threadWorker.js:147:21)\n    at Object.release (D:\\Clase\\Segundo\\Proyecto\\OFGCAPP\\jsreportapp\\node_modules\\@jsreport\\advanced-workers\\lib\\pool.js:38:22)\n    at EventEmitter.<anonymous> (D:\\Clase\\Segundo\\Proyecto\\OFGCAPP\\jsreportapp\\node_modules\\@jsreport\\jsreport-core\\lib\\main\\reporter.js:399:18)\n    at Object.onceWrapper (node:events:509:28)\n    at EventEmitter.emit (node:events:390:28)\n    at Socket.<anonymous> (D:\\Clase\\Segundo\\Proyecto\\OFGCAPP\\jsreportapp\\node_modules\\@jsreport\\jsreport-express\\lib\\routes.js:68:20)\n    at Object.onceWrapper (node:events:510:26)\n    at Socket.emit (node:events:402:35)\n    at TCP.<anonymous> (node:net:687:12)","message":"Report cancelled by the client or closed network"}
