{"type":"operationStart","subtype":"profile","data":{"_id":"io7IDqKSEMjUFKBk","timestamp":"2023-03-19T21:34:39.354Z","state":"queued","mode":"standard","creationDate":"2023-03-19T21:34:39.356Z","modificationDate":"2023-03-19T21:34:39.356Z","shortid":"a3me4kE","$entitySet":"profiles"},"doDiffs":false,"timestamp":1679261679355,"id":"yka3pm17w02uc4p","previousOperationId":null,"operationId":"1v1emlpcjxot5ah"}
{"type":"log","level":"info","message":"Render request 2 queued for execution and waiting for available worker","previousOperationId":"1v1emlpcjxot5ah","timestamp":1679261679355,"id":"wlos0xm7jcc12ib"}
{"type":"operationStart","subtype":"render","name":"authors-main","previousOperationId":"1v1emlpcjxot5ah","timestamp":1679261679362,"id":"xv68c4fuzznc1dx","previousEventId":"yka3pm17w02uc4p","operationId":"p5odcfjuwroorzo"}
{"type":"log","timestamp":1679261679362,"level":"info","message":"Starting rendering request 2","meta":{"rootId":"sufbepuoc43dmig","id":"sufbepuoc43dmig"},"id":"ve5d3fmabs3s10g","previousOperationId":"p5odcfjuwroorzo"}
{"type":"log","timestamp":1679261679363,"level":"info","message":"Rendering template { name: authors-main, recipe: chrome-pdf, engine: handlebars, preview: false }","meta":{"rootId":"sufbepuoc43dmig","id":"sufbepuoc43dmig"},"id":"k2f57xmbfiqrn7l","previousOperationId":"p5odcfjuwroorzo"}
{"type":"log","timestamp":1679261679366,"level":"debug","message":"Data item not defined for this template.","meta":{"rootId":"sufbepuoc43dmig","id":"sufbepuoc43dmig"},"id":"3dukzblfr9ph5b5","previousOperationId":"p5odcfjuwroorzo"}
{"type":"log","timestamp":1679261679369,"level":"debug","message":"Executing script authors-script (beforeRender)","meta":{"rootId":"sufbepuoc43dmig","id":"sufbepuoc43dmig"},"id":"9i5hf4xp08o92ii","previousOperationId":"p5odcfjuwroorzo"}
{"type":"operationStart","subtype":"scriptsBeforeRender","name":"scripts beforeRender","timestamp":1679261679407,"id":"2a3jkh7uqkp8p52","previousEventId":"xv68c4fuzznc1dx","operationId":"pgvtauyddydu1az","previousOperationId":"p5odcfjuwroorzo"}
{"type":"operationStart","subtype":"script","name":"scripts authors-script","previousOperationId":"pgvtauyddydu1az","timestamp":1679261679407,"id":"6x9rxaqe0js6wi6","previousEventId":"2a3jkh7uqkp8p52","operationId":"m2b3vjlyja5s9o1"}
{"type":"log","timestamp":1679261679659,"level":"debug","message":"(console:log) [ 1 ]","meta":{"userLevel":true,"rootId":"sufbepuoc43dmig","id":"sufbepuoc43dmig"},"id":"21z74c92t923c8b","previousOperationId":"m2b3vjlyja5s9o1"}
{"type":"operationEnd","operationId":"m2b3vjlyja5s9o1","timestamp":1679261679659,"id":"y6hkckbxvuz8o4u","previousEventId":"xv68c4fuzznc1dx","previousOperationId":"p5odcfjuwroorzo"}
{"type":"operationEnd","operationId":"pgvtauyddydu1az","timestamp":1679261679659,"id":"6p7ag3c17fek96z","previousEventId":"y6hkckbxvuz8o4u","previousOperationId":"p5odcfjuwroorzo"}
{"type":"log","timestamp":1679261679659,"level":"debug","message":"Base url not specified, skipping its injection.","meta":{"rootId":"sufbepuoc43dmig","id":"sufbepuoc43dmig"},"id":"f2jccxcrl4h92lc","previousOperationId":"pgvtauyddydu1az"}
{"type":"operationStart","subtype":"engine","name":"handlebars","timestamp":1679261679660,"id":"ewj68mgc4wl2nm5","previousEventId":"6p7ag3c17fek96z","operationId":"aj3z0m5zx9hmwme","previousOperationId":"pgvtauyddydu1az"}
{"type":"log","timestamp":1679261679660,"level":"debug","message":"Rendering engine handlebars","meta":{"rootId":"sufbepuoc43dmig","id":"sufbepuoc43dmig"},"id":"0fucwn5vbs47be9","previousOperationId":"aj3z0m5zx9hmwme"}
{"type":"operationEnd","operationId":"aj3z0m5zx9hmwme","timestamp":1679261679672,"id":"ghnx73mu8vco0ff","previousEventId":"ewj68mgc4wl2nm5","previousOperationId":"aj3z0m5zx9hmwme"}
{"type":"operationStart","subtype":"recipe","name":"chrome-pdf","timestamp":1679261679672,"id":"4jcxwnhj68sgwte","previousEventId":"ghnx73mu8vco0ff","operationId":"n1z1av156r1kqru","previousOperationId":"aj3z0m5zx9hmwme"}
{"type":"log","timestamp":1679261679672,"level":"debug","message":"Executing recipe chrome-pdf","meta":{"rootId":"sufbepuoc43dmig","id":"sufbepuoc43dmig"},"id":"dadhlhbr3fd07jx","previousOperationId":"n1z1av156r1kqru"}
{"type":"log","timestamp":1679261679675,"level":"debug","message":"Converting with chrome HeadlessChrome/105.0.5173.0 using chrome-pool strategy","meta":{"rootId":"sufbepuoc43dmig","id":"sufbepuoc43dmig"},"id":"ffwmvwv9sj9flgc","previousOperationId":"n1z1av156r1kqru"}
{"type":"log","timestamp":1679261679773,"level":"debug","message":"Page request: GET (document) file:///C:/Users/jiva1/AppData/Local/Temp/jsreport/autocleanup/01e3bd56-0fa2-46d4-95a3-f0da6ba7e40f-chrome-pdf.html","meta":{"rootId":"sufbepuoc43dmig","id":"sufbepuoc43dmig"},"id":"6p8weu0sf5jy7lk","previousOperationId":"n1z1av156r1kqru"}
{"type":"log","timestamp":1679261679795,"level":"debug","message":"Page request finished: GET (document) 200 file:///C:/Users/jiva1/AppData/Local/Temp/jsreport/autocleanup/01e3bd56-0fa2-46d4-95a3-f0da6ba7e40f-chrome-pdf.html","meta":{"rootId":"sufbepuoc43dmig","id":"sufbepuoc43dmig"},"id":"v0hh552pb7kqaut","previousOperationId":"n1z1av156r1kqru"}
{"type":"log","timestamp":1679261679795,"level":"debug","message":"Page request: GET (stylesheet) https://cdnjs.cloudflare.com/ajax/libs/metro/4.1.5/css/metro.min.css","meta":{"rootId":"sufbepuoc43dmig","id":"sufbepuoc43dmig"},"id":"m7aazmyusdswgi9","previousOperationId":"n1z1av156r1kqru"}
{"type":"log","timestamp":1679261679796,"level":"debug","message":"Page request: GET (script) https://cdn.jsdelivr.net/npm/chart.js","meta":{"rootId":"sufbepuoc43dmig","id":"sufbepuoc43dmig"},"id":"0rzuey02tirka3n","previousOperationId":"n1z1av156r1kqru"}
{"type":"log","timestamp":1679261679820,"level":"debug","message":"Page request finished: GET (stylesheet) 200 https://cdnjs.cloudflare.com/ajax/libs/metro/4.1.5/css/metro.min.css","meta":{"rootId":"sufbepuoc43dmig","id":"sufbepuoc43dmig"},"id":"z3zaavs2vkpgsir","previousOperationId":"n1z1av156r1kqru"}
{"type":"log","timestamp":1679261679820,"level":"debug","message":"Page request finished: GET (script) 200 https://cdn.jsdelivr.net/npm/chart.js","meta":{"rootId":"sufbepuoc43dmig","id":"sufbepuoc43dmig"},"id":"6apy9vwl2kmwfyp","previousOperationId":"n1z1av156r1kqru"}
{"type":"log","timestamp":1679261679949,"level":"debug","message":"Running chrome with params {\"printBackground\":true,\"marginTop\":\"4cm\",\"marginRight\":\"1.5cm\",\"marginBottom\":\"1.5cm\",\"marginLeft\":\"1.5cm\",\"waitForJS\":false,\"timeout\":59679,\"margin\":{\"top\":\"4cm\",\"right\":\"1.5cm\",\"bottom\":\"1.5cm\",\"left\":\"1.5cm\"}}","meta":{"rootId":"sufbepuoc43dmig","id":"sufbepuoc43dmig"},"id":"l9wjdbe2kyy23pp","previousOperationId":"n1z1av156r1kqru"}
{"type":"operationEnd","operationId":"n1z1av156r1kqru","timestamp":1679261680051,"id":"0qaaaw30ukt8kc3","previousEventId":"4jcxwnhj68sgwte","previousOperationId":"n1z1av156r1kqru"}
{"type":"log","timestamp":1679261680051,"level":"info","message":"pdf-utils is starting pdf processing","meta":{"rootId":"sufbepuoc43dmig","id":"sufbepuoc43dmig"},"id":"cjoxmayg4nifzeq","previousOperationId":"n1z1av156r1kqru"}
{"type":"operationStart","subtype":"pdfUtils","name":"pdf utils","timestamp":1679261680051,"id":"utxhcv2i1itv1vh","previousEventId":"0qaaaw30ukt8kc3","operationId":"tr034t8opiw3xpt","previousOperationId":"n1z1av156r1kqru"}
{"type":"log","timestamp":1679261680052,"level":"debug","message":"pdf-utils detected 1 pdf operation(s) to process","meta":{"rootId":"sufbepuoc43dmig","id":"sufbepuoc43dmig"},"id":"6z4dmnfz9jckoa7","previousOperationId":"tr034t8opiw3xpt"}
{"type":"log","timestamp":1679261680080,"level":"debug","message":"pdf-utils running pdf operation merge","meta":{"rootId":"sufbepuoc43dmig","id":"sufbepuoc43dmig"},"id":"8n15feamjucqpxe","previousOperationId":"tr034t8opiw3xpt"}
{"type":"operationStart","subtype":"pdfUtilsMerge","name":"pdf utils merge","previousOperationId":"tr034t8opiw3xpt","timestamp":1679261680080,"id":"iqwb2c2lj3oohu8","previousEventId":"utxhcv2i1itv1vh","operationId":"z5z17d5ex0xucr1"}
{"type":"operationStart","subtype":"render","name":"authors-header","previousOperationId":"z5z17d5ex0xucr1","timestamp":1679261680082,"id":"auow9mrj5alcsqd","previousEventId":"iqwb2c2lj3oohu8","operationId":"526oy5ak26br5jg"}
{"type":"log","timestamp":1679261680082,"level":"info","message":"Starting rendering (child) request","meta":{"rootId":"sufbepuoc43dmig","id":"r9726ggdosvitvo"},"id":"a28dma46vldbszg","previousOperationId":"526oy5ak26br5jg"}
{"type":"log","timestamp":1679261680082,"level":"info","message":"Rendering template { name: authors-header, recipe: chrome-pdf, engine: handlebars, preview: false }","meta":{"rootId":"sufbepuoc43dmig","id":"r9726ggdosvitvo"},"id":"t6geybqnuhswc6q","previousOperationId":"526oy5ak26br5jg"}
{"type":"log","timestamp":1679261680084,"level":"debug","message":"Inline data specified.","meta":{"rootId":"sufbepuoc43dmig","id":"r9726ggdosvitvo"},"id":"oumq2dzo4gwoeu6","previousOperationId":"526oy5ak26br5jg"}
{"type":"log","timestamp":1679261680088,"level":"debug","message":"Base url not specified, skipping its injection.","meta":{"rootId":"sufbepuoc43dmig","id":"r9726ggdosvitvo"},"id":"1in84p5n7vxbzc1","previousOperationId":"526oy5ak26br5jg"}
{"type":"operationStart","subtype":"engine","name":"handlebars","timestamp":1679261680089,"id":"xv7bosduqdxj3lr","previousEventId":"auow9mrj5alcsqd","operationId":"12780zfypscpnzb","previousOperationId":"526oy5ak26br5jg"}
{"type":"log","timestamp":1679261680089,"level":"debug","message":"Rendering engine handlebars","meta":{"rootId":"sufbepuoc43dmig","id":"r9726ggdosvitvo"},"id":"3mnfws24rnue5kb","previousOperationId":"12780zfypscpnzb"}
{"type":"operationEnd","operationId":"12780zfypscpnzb","timestamp":1679261680102,"id":"1ebavn9td7fuvlp","previousEventId":"xv7bosduqdxj3lr","previousOperationId":"12780zfypscpnzb"}
{"type":"operationStart","subtype":"recipe","name":"chrome-pdf","timestamp":1679261680104,"id":"3avfbblznk77c68","previousEventId":"1ebavn9td7fuvlp","operationId":"tejsh4rpicg2m6l","previousOperationId":"12780zfypscpnzb"}
{"type":"log","timestamp":1679261680104,"level":"debug","message":"Executing recipe chrome-pdf","meta":{"rootId":"sufbepuoc43dmig","id":"r9726ggdosvitvo"},"id":"yerczsz7dovs005","previousOperationId":"tejsh4rpicg2m6l"}
{"type":"log","timestamp":1679261680106,"level":"debug","message":"Converting with chrome HeadlessChrome/105.0.5173.0 using chrome-pool strategy","meta":{"rootId":"sufbepuoc43dmig","id":"r9726ggdosvitvo"},"id":"ng6a86hj4njvs1c","previousOperationId":"tejsh4rpicg2m6l"}
{"type":"log","timestamp":1679261680202,"level":"debug","message":"Page request: GET (document) file:///C:/Users/jiva1/AppData/Local/Temp/jsreport/autocleanup/ed110d2a-3499-44b1-97ec-c044270e2e06-chrome-pdf.html","meta":{"rootId":"sufbepuoc43dmig","id":"r9726ggdosvitvo"},"id":"hmranwgygqrzcrk","previousOperationId":"tejsh4rpicg2m6l"}
{"type":"log","timestamp":1679261680213,"level":"debug","message":"Page request: GET (stylesheet) https://cdnjs.cloudflare.com/ajax/libs/metro/4.1.5/css/metro.min.css","meta":{"rootId":"sufbepuoc43dmig","id":"r9726ggdosvitvo"},"id":"dzoe4t7rimd651d","previousOperationId":"tejsh4rpicg2m6l"}
{"type":"log","timestamp":1679261680213,"level":"debug","message":"Page request finished: GET (document) 200 file:///C:/Users/jiva1/AppData/Local/Temp/jsreport/autocleanup/ed110d2a-3499-44b1-97ec-c044270e2e06-chrome-pdf.html","meta":{"rootId":"sufbepuoc43dmig","id":"r9726ggdosvitvo"},"id":"dw3tg7be3id3hm9","previousOperationId":"tejsh4rpicg2m6l"}
{"type":"log","timestamp":1679261680235,"level":"debug","message":"Page request finished: GET (stylesheet) 200 https://cdnjs.cloudflare.com/ajax/libs/metro/4.1.5/css/metro.min.css","meta":{"rootId":"sufbepuoc43dmig","id":"r9726ggdosvitvo"},"id":"2vqbmgdcccgm2mp","previousOperationId":"tejsh4rpicg2m6l"}
{"type":"log","timestamp":1679261680260,"level":"debug","message":"Running chrome with params {\"printBackground\":true,\"marginTop\":\"1.5cm\",\"marginRight\":\"1.5cm\",\"marginLeft\":\"1.cm\",\"timeout\":59248,\"margin\":{\"top\":\"1.5cm\",\"right\":\"1.5cm\",\"left\":\"1.cm\"}}","meta":{"rootId":"sufbepuoc43dmig","id":"r9726ggdosvitvo"},"id":"oh0xk3huikt9aiv","previousOperationId":"tejsh4rpicg2m6l"}
{"type":"operationEnd","operationId":"tejsh4rpicg2m6l","timestamp":1679261680318,"id":"77eefv1vfdr8qxi","previousEventId":"3avfbblznk77c68","previousOperationId":"tejsh4rpicg2m6l"}
{"type":"log","timestamp":1679261680318,"level":"debug","message":"Skipping storing report.","meta":{"rootId":"sufbepuoc43dmig","id":"r9726ggdosvitvo"},"id":"dkfjtalk4yace88","previousOperationId":"tejsh4rpicg2m6l"}
{"type":"log","timestamp":1679261680318,"level":"info","message":"Rendering (child) request finished in 965 ms","meta":{"rootId":"sufbepuoc43dmig","id":"r9726ggdosvitvo"},"id":"mbznx1isaf2tc56","previousOperationId":"tejsh4rpicg2m6l"}
{"type":"operationEnd","subtype":"render","operationId":"526oy5ak26br5jg","timestamp":1679261680318,"id":"63m07a5y8jwjma9","previousEventId":"77eefv1vfdr8qxi","previousOperationId":"tejsh4rpicg2m6l"}
{"type":"operationEnd","operationId":"z5z17d5ex0xucr1","timestamp":1679261680331,"id":"g5ofh89w44ukz06","previousEventId":"iqwb2c2lj3oohu8","previousOperationId":"z5z17d5ex0xucr1"}
{"type":"log","timestamp":1679261680331,"level":"debug","message":"pdf-utils postproces start","meta":{"rootId":"sufbepuoc43dmig","id":"sufbepuoc43dmig"},"id":"8rpmr2628k76268","previousOperationId":"z5z17d5ex0xucr1"}
{"type":"log","timestamp":1679261680342,"level":"debug","message":"pdf-utils postproces end","meta":{"rootId":"sufbepuoc43dmig","id":"sufbepuoc43dmig"},"id":"42spc8zqiwzft2k","previousOperationId":"z5z17d5ex0xucr1"}
{"type":"operationEnd","operationId":"tr034t8opiw3xpt","timestamp":1679261680342,"id":"3j209pehw7cogjl","previousEventId":"g5ofh89w44ukz06","previousOperationId":"z5z17d5ex0xucr1"}
{"type":"log","timestamp":1679261680342,"level":"info","message":"pdf-utils pdf processing was finished","meta":{"rootId":"sufbepuoc43dmig","id":"sufbepuoc43dmig"},"id":"33j73r6w32hfue1","previousOperationId":"tr034t8opiw3xpt"}
{"type":"log","timestamp":1679261680342,"level":"debug","message":"Skipping storing report.","meta":{"rootId":"sufbepuoc43dmig","id":"sufbepuoc43dmig"},"id":"yhzxmruwkqofqh2","previousOperationId":"tr034t8opiw3xpt"}
{"type":"log","timestamp":1679261680342,"level":"info","message":"Rendering request 2 finished in 989 ms","meta":{"rootId":"sufbepuoc43dmig","id":"sufbepuoc43dmig"},"id":"qbe05bisdrbodkm","previousOperationId":"tr034t8opiw3xpt"}
{"type":"operationEnd","subtype":"render","operationId":"p5odcfjuwroorzo","timestamp":1679261680342,"id":"qoszz7tdejjqd2o","previousEventId":"3j209pehw7cogjl","previousOperationId":"tr034t8opiw3xpt"}
{"type":"operationEnd","doDiffs":false,"previousEventId":"yka3pm17w02uc4p","previousOperationId":"1v1emlpcjxot5ah","operationId":"1v1emlpcjxot5ah","timestamp":1679261680346,"id":"23nydh4hgz460k8"}
