{"type":"operationStart","subtype":"profile","data":{"_id":"Wx9TJf1BOQWnXbLh","timestamp":"2023-02-24T21:35:10.247Z","state":"queued","mode":"standard","creationDate":"2023-02-24T21:35:10.251Z","modificationDate":"2023-02-24T21:35:10.251Z","shortid":"Z5iTBwi","$entitySet":"profiles"},"doDiffs":false,"timestamp":1677274510249,"id":"spizz8q73jg1176","previousOperationId":null,"operationId":"kwar9f8k87eew8m"}
{"type":"log","level":"info","message":"Render request 1 queued for execution and waiting for available worker","previousOperationId":"kwar9f8k87eew8m","timestamp":1677274510249,"id":"56xyb6pao3xtmha"}
{"type":"operationStart","subtype":"render","name":"authors-main","previousOperationId":"kwar9f8k87eew8m","timestamp":1677274510273,"id":"k8hff9aea8cuaos","previousEventId":"spizz8q73jg1176","operationId":"ufsac1ah0he2l8w"}
{"type":"log","timestamp":1677274510274,"level":"info","message":"Starting rendering request 1","meta":{"rootId":"v4tq9slyecvuuqm","id":"v4tq9slyecvuuqm"},"id":"2ux6dl7gpdtzj4x","previousOperationId":"ufsac1ah0he2l8w"}
{"type":"log","timestamp":1677274510276,"level":"info","message":"Rendering template { name: authors-main, recipe: chrome-pdf, engine: handlebars, preview: false }","meta":{"rootId":"v4tq9slyecvuuqm","id":"v4tq9slyecvuuqm"},"id":"pcw3lfbr9nmgefo","previousOperationId":"ufsac1ah0he2l8w"}
{"type":"log","timestamp":1677274510279,"level":"debug","message":"Data item not defined for this template.","meta":{"rootId":"v4tq9slyecvuuqm","id":"v4tq9slyecvuuqm"},"id":"dpk5qzbwaz0xe7v","previousOperationId":"ufsac1ah0he2l8w"}
{"type":"log","timestamp":1677274510283,"level":"debug","message":"Executing script authors-script (beforeRender)","meta":{"rootId":"v4tq9slyecvuuqm","id":"v4tq9slyecvuuqm"},"id":"1hu8y9upb0iapq6","previousOperationId":"ufsac1ah0he2l8w"}
{"type":"operationStart","subtype":"scriptsBeforeRender","name":"scripts beforeRender","timestamp":1677274510656,"id":"ee30gg4ci5xx800","previousEventId":"k8hff9aea8cuaos","operationId":"ruw4ruq86lsqp9q","previousOperationId":"ufsac1ah0he2l8w"}
{"type":"operationStart","subtype":"script","name":"scripts authors-script","previousOperationId":"ruw4ruq86lsqp9q","timestamp":1677274510656,"id":"k2jghs324wvytdu","previousEventId":"ee30gg4ci5xx800","operationId":"s53gbcwb98kla7m"}
{"type":"log","timestamp":1677274510928,"level":"debug","message":"(console:log) [ 0 ]","meta":{"userLevel":true,"rootId":"v4tq9slyecvuuqm","id":"v4tq9slyecvuuqm"},"id":"c0j0dkdxevezq40","previousOperationId":"s53gbcwb98kla7m"}
{"type":"operationEnd","operationId":"s53gbcwb98kla7m","timestamp":1677274510929,"id":"p55dqjbm105vxpw","previousEventId":"k8hff9aea8cuaos","previousOperationId":"ufsac1ah0he2l8w"}
{"type":"operationEnd","operationId":"ruw4ruq86lsqp9q","timestamp":1677274510929,"id":"ou3123uss6yvba9","previousEventId":"p55dqjbm105vxpw","previousOperationId":"ufsac1ah0he2l8w"}
{"type":"log","timestamp":1677274510929,"level":"debug","message":"Base url not specified, skipping its injection.","meta":{"rootId":"v4tq9slyecvuuqm","id":"v4tq9slyecvuuqm"},"id":"c9hzii2p9lm4ted","previousOperationId":"ruw4ruq86lsqp9q"}
{"type":"operationStart","subtype":"engine","name":"handlebars","timestamp":1677274510930,"id":"15mj1bych1la3f4","previousEventId":"ou3123uss6yvba9","operationId":"kj8h0pnrx5cho1l","previousOperationId":"ruw4ruq86lsqp9q"}
{"type":"log","timestamp":1677274510930,"level":"debug","message":"Rendering engine handlebars","meta":{"rootId":"v4tq9slyecvuuqm","id":"v4tq9slyecvuuqm"},"id":"iat0qhqnokal893","previousOperationId":"kj8h0pnrx5cho1l"}
{"type":"operationEnd","operationId":"kj8h0pnrx5cho1l","timestamp":1677274511251,"id":"viv6tm12ms6sac3","previousEventId":"15mj1bych1la3f4","previousOperationId":"kj8h0pnrx5cho1l"}
{"type":"operationStart","subtype":"recipe","name":"chrome-pdf","timestamp":1677274511252,"id":"femu20w8xahe7c4","previousEventId":"viv6tm12ms6sac3","operationId":"bzz9bnm0zauj1j3","previousOperationId":"kj8h0pnrx5cho1l"}
{"type":"log","timestamp":1677274511252,"level":"debug","message":"Executing recipe chrome-pdf","meta":{"rootId":"v4tq9slyecvuuqm","id":"v4tq9slyecvuuqm"},"id":"xwpjemwyxvbev5a","previousOperationId":"bzz9bnm0zauj1j3"}
{"type":"log","timestamp":1677274511657,"level":"debug","message":"Converting with chrome HeadlessChrome/105.0.5173.0 using chrome-pool strategy","meta":{"rootId":"v4tq9slyecvuuqm","id":"v4tq9slyecvuuqm"},"id":"p9edhpqxvff4n3w","previousOperationId":"bzz9bnm0zauj1j3"}
{"type":"log","timestamp":1677274511831,"level":"debug","message":"Page request: GET (document) file:///C:/Users/pollo/AppData/Local/Temp/jsreport/autocleanup/922982e1-9718-4bb2-83b9-34a208923f1e-chrome-pdf.html","meta":{"rootId":"v4tq9slyecvuuqm","id":"v4tq9slyecvuuqm"},"id":"x8bfe10vnaa4cwn","previousOperationId":"bzz9bnm0zauj1j3"}
{"type":"log","timestamp":1677274511852,"level":"debug","message":"Page request finished: GET (document) 200 file:///C:/Users/pollo/AppData/Local/Temp/jsreport/autocleanup/922982e1-9718-4bb2-83b9-34a208923f1e-chrome-pdf.html","meta":{"rootId":"v4tq9slyecvuuqm","id":"v4tq9slyecvuuqm"},"id":"aa9d6zf4pbqhdne","previousOperationId":"bzz9bnm0zauj1j3"}
{"type":"log","timestamp":1677274511853,"level":"debug","message":"Page request: GET (stylesheet) https://cdnjs.cloudflare.com/ajax/libs/metro/4.1.5/css/metro.min.css","meta":{"rootId":"v4tq9slyecvuuqm","id":"v4tq9slyecvuuqm"},"id":"fvsnmgh29qm1tr1","previousOperationId":"bzz9bnm0zauj1j3"}
{"type":"log","timestamp":1677274511853,"level":"debug","message":"Page request: GET (script) https://cdn.jsdelivr.net/npm/chart.js","meta":{"rootId":"v4tq9slyecvuuqm","id":"v4tq9slyecvuuqm"},"id":"o3jigadrckdjigu","previousOperationId":"bzz9bnm0zauj1j3"}
{"type":"log","timestamp":1677274514378,"level":"debug","message":"Page request finished: GET (stylesheet) 200 https://cdnjs.cloudflare.com/ajax/libs/metro/4.1.5/css/metro.min.css","meta":{"rootId":"v4tq9slyecvuuqm","id":"v4tq9slyecvuuqm"},"id":"utoer5nwn1phw1x","previousOperationId":"bzz9bnm0zauj1j3"}
{"type":"log","timestamp":1677274514388,"level":"debug","message":"Page request finished: GET (script) 200 https://cdn.jsdelivr.net/npm/chart.js","meta":{"rootId":"v4tq9slyecvuuqm","id":"v4tq9slyecvuuqm"},"id":"99ukix2xlxq0his","previousOperationId":"bzz9bnm0zauj1j3"}
{"type":"log","timestamp":1677274514492,"level":"debug","message":"Running chrome with params {\"printBackground\":true,\"marginTop\":\"4cm\",\"marginRight\":\"1.5cm\",\"marginBottom\":\"1.5cm\",\"marginLeft\":\"1.5cm\",\"waitForJS\":false,\"timeout\":58773,\"margin\":{\"top\":\"4cm\",\"right\":\"1.5cm\",\"bottom\":\"1.5cm\",\"left\":\"1.5cm\"}}","meta":{"rootId":"v4tq9slyecvuuqm","id":"v4tq9slyecvuuqm"},"id":"h6ysvhtg88b3vkg","previousOperationId":"bzz9bnm0zauj1j3"}
{"type":"operationEnd","operationId":"bzz9bnm0zauj1j3","timestamp":1677274514576,"id":"aqevayj5q8jrfts","previousEventId":"femu20w8xahe7c4","previousOperationId":"bzz9bnm0zauj1j3"}
{"type":"log","timestamp":1677274514576,"level":"info","message":"pdf-utils is starting pdf processing","meta":{"rootId":"v4tq9slyecvuuqm","id":"v4tq9slyecvuuqm"},"id":"b0nw0w9oi8hlywv","previousOperationId":"bzz9bnm0zauj1j3"}
{"type":"operationStart","subtype":"pdfUtils","name":"pdf utils","timestamp":1677274514821,"id":"ptfztq9frvp9ppe","previousEventId":"aqevayj5q8jrfts","operationId":"2m4whxx6rahuu33","previousOperationId":"bzz9bnm0zauj1j3"}
{"type":"log","timestamp":1677274514822,"level":"debug","message":"pdf-utils detected 1 pdf operation(s) to process","meta":{"rootId":"v4tq9slyecvuuqm","id":"v4tq9slyecvuuqm"},"id":"5bwppqkrmbjgp01","previousOperationId":"2m4whxx6rahuu33"}
{"type":"log","timestamp":1677274515050,"level":"debug","message":"pdf-utils running pdf operation merge","meta":{"rootId":"v4tq9slyecvuuqm","id":"v4tq9slyecvuuqm"},"id":"tup0hnrggxvb917","previousOperationId":"2m4whxx6rahuu33"}
{"type":"operationStart","subtype":"pdfUtilsMerge","name":"pdf utils merge","previousOperationId":"2m4whxx6rahuu33","timestamp":1677274515051,"id":"4tid2paglqfdg2p","previousEventId":"ptfztq9frvp9ppe","operationId":"khyhx3wpy59e8s8"}
{"type":"operationStart","subtype":"render","name":"authors-header","previousOperationId":"khyhx3wpy59e8s8","timestamp":1677274515052,"id":"x765ehnfjkc0hkk","previousEventId":"4tid2paglqfdg2p","operationId":"q5y27kpl5h6ulpf"}
{"type":"log","timestamp":1677274515052,"level":"info","message":"Starting rendering (child) request","meta":{"rootId":"v4tq9slyecvuuqm","id":"f8p5ykn9ink3q2c"},"id":"4a9y00ndxh7mlv2","previousOperationId":"q5y27kpl5h6ulpf"}
{"type":"log","timestamp":1677274515052,"level":"info","message":"Rendering template { name: authors-header, recipe: chrome-pdf, engine: handlebars, preview: false }","meta":{"rootId":"v4tq9slyecvuuqm","id":"f8p5ykn9ink3q2c"},"id":"i4qymz937j0l4b7","previousOperationId":"q5y27kpl5h6ulpf"}
{"type":"log","timestamp":1677274515054,"level":"debug","message":"Inline data specified.","meta":{"rootId":"v4tq9slyecvuuqm","id":"f8p5ykn9ink3q2c"},"id":"ekeapsnj4h3rsxo","previousOperationId":"q5y27kpl5h6ulpf"}
{"type":"log","timestamp":1677274515056,"level":"debug","message":"Base url not specified, skipping its injection.","meta":{"rootId":"v4tq9slyecvuuqm","id":"f8p5ykn9ink3q2c"},"id":"toirvdf8dydnf8x","previousOperationId":"q5y27kpl5h6ulpf"}
{"type":"operationStart","subtype":"engine","name":"handlebars","timestamp":1677274515056,"id":"3kjusn6rh5ui0cy","previousEventId":"x765ehnfjkc0hkk","operationId":"7y2upkffjcyrg8y","previousOperationId":"q5y27kpl5h6ulpf"}
{"type":"log","timestamp":1677274515056,"level":"debug","message":"Rendering engine handlebars","meta":{"rootId":"v4tq9slyecvuuqm","id":"f8p5ykn9ink3q2c"},"id":"o7o6zmb0d1rajki","previousOperationId":"7y2upkffjcyrg8y"}
{"type":"operationEnd","operationId":"7y2upkffjcyrg8y","timestamp":1677274515093,"id":"mwe6g7tsulg8boc","previousEventId":"3kjusn6rh5ui0cy","previousOperationId":"7y2upkffjcyrg8y"}
{"type":"operationStart","subtype":"recipe","name":"chrome-pdf","timestamp":1677274515093,"id":"v87y1n82tjtr7e4","previousEventId":"mwe6g7tsulg8boc","operationId":"gy903uf4mzve74c","previousOperationId":"7y2upkffjcyrg8y"}
{"type":"log","timestamp":1677274515093,"level":"debug","message":"Executing recipe chrome-pdf","meta":{"rootId":"v4tq9slyecvuuqm","id":"f8p5ykn9ink3q2c"},"id":"h868lh3ocksnwpz","previousOperationId":"gy903uf4mzve74c"}
{"type":"log","timestamp":1677274515096,"level":"debug","message":"Converting with chrome HeadlessChrome/105.0.5173.0 using chrome-pool strategy","meta":{"rootId":"v4tq9slyecvuuqm","id":"f8p5ykn9ink3q2c"},"id":"zrrniodt4jeh2ju","previousOperationId":"gy903uf4mzve74c"}
{"type":"log","timestamp":1677274515191,"level":"debug","message":"Page request: GET (document) file:///C:/Users/pollo/AppData/Local/Temp/jsreport/autocleanup/19235ffd-9420-4343-ad91-51311f40d800-chrome-pdf.html","meta":{"rootId":"v4tq9slyecvuuqm","id":"f8p5ykn9ink3q2c"},"id":"t131t9iytusit90","previousOperationId":"gy903uf4mzve74c"}
{"type":"log","timestamp":1677274515205,"level":"debug","message":"Page request finished: GET (document) 200 file:///C:/Users/pollo/AppData/Local/Temp/jsreport/autocleanup/19235ffd-9420-4343-ad91-51311f40d800-chrome-pdf.html","meta":{"rootId":"v4tq9slyecvuuqm","id":"f8p5ykn9ink3q2c"},"id":"jv37iss9e5cpvpj","previousOperationId":"gy903uf4mzve74c"}
{"type":"log","timestamp":1677274515205,"level":"debug","message":"Page request: GET (stylesheet) https://cdnjs.cloudflare.com/ajax/libs/metro/4.1.5/css/metro.min.css","meta":{"rootId":"v4tq9slyecvuuqm","id":"f8p5ykn9ink3q2c"},"id":"ecf1vlo8oqe0osn","previousOperationId":"gy903uf4mzve74c"}
{"type":"log","timestamp":1677274515227,"level":"debug","message":"Page request finished: GET (stylesheet) 200 https://cdnjs.cloudflare.com/ajax/libs/metro/4.1.5/css/metro.min.css","meta":{"rootId":"v4tq9slyecvuuqm","id":"f8p5ykn9ink3q2c"},"id":"xa4h8l6cjo08n4b","previousOperationId":"gy903uf4mzve74c"}
{"type":"log","timestamp":1677274515249,"level":"debug","message":"Running chrome with params {\"printBackground\":true,\"marginTop\":\"1.5cm\",\"marginRight\":\"1.5cm\",\"marginLeft\":\"1.cm\",\"timeout\":55150,\"margin\":{\"top\":\"1.5cm\",\"right\":\"1.5cm\",\"left\":\"1.cm\"}}","meta":{"rootId":"v4tq9slyecvuuqm","id":"f8p5ykn9ink3q2c"},"id":"t8r7cdk0gw8j6oh","previousOperationId":"gy903uf4mzve74c"}
{"type":"operationEnd","operationId":"gy903uf4mzve74c","timestamp":1677274515313,"id":"0ec9t2e67ut4m3l","previousEventId":"v87y1n82tjtr7e4","previousOperationId":"gy903uf4mzve74c"}
{"type":"log","timestamp":1677274515313,"level":"debug","message":"Skipping storing report.","meta":{"rootId":"v4tq9slyecvuuqm","id":"f8p5ykn9ink3q2c"},"id":"kyoe0wm75nlyssf","previousOperationId":"gy903uf4mzve74c"}
{"type":"log","timestamp":1677274515314,"level":"info","message":"Rendering (child) request finished in 5069 ms","meta":{"rootId":"v4tq9slyecvuuqm","id":"f8p5ykn9ink3q2c"},"id":"c4dl3r59xf1bxsu","previousOperationId":"gy903uf4mzve74c"}
{"type":"operationEnd","subtype":"render","operationId":"q5y27kpl5h6ulpf","timestamp":1677274515314,"id":"dxhbbyb2yixqwvy","previousEventId":"0ec9t2e67ut4m3l","previousOperationId":"gy903uf4mzve74c"}
{"type":"operationEnd","operationId":"khyhx3wpy59e8s8","timestamp":1677274515336,"id":"c69pgjk4jlqheda","previousEventId":"4tid2paglqfdg2p","previousOperationId":"khyhx3wpy59e8s8"}
{"type":"log","timestamp":1677274515336,"level":"debug","message":"pdf-utils postproces start","meta":{"rootId":"v4tq9slyecvuuqm","id":"v4tq9slyecvuuqm"},"id":"pmhy7oh77wok2i1","previousOperationId":"khyhx3wpy59e8s8"}
{"type":"log","timestamp":1677274515348,"level":"debug","message":"pdf-utils postproces end","meta":{"rootId":"v4tq9slyecvuuqm","id":"v4tq9slyecvuuqm"},"id":"6bt7yi1237rp9a6","previousOperationId":"khyhx3wpy59e8s8"}
{"type":"operationEnd","operationId":"2m4whxx6rahuu33","timestamp":1677274515348,"id":"qj71tgk1p88uzyv","previousEventId":"c69pgjk4jlqheda","previousOperationId":"khyhx3wpy59e8s8"}
{"type":"log","timestamp":1677274515348,"level":"info","message":"pdf-utils pdf processing was finished","meta":{"rootId":"v4tq9slyecvuuqm","id":"v4tq9slyecvuuqm"},"id":"7kejvdxp19ukngn","previousOperationId":"2m4whxx6rahuu33"}
{"type":"log","timestamp":1677274515349,"level":"debug","message":"Skipping storing report.","meta":{"rootId":"v4tq9slyecvuuqm","id":"v4tq9slyecvuuqm"},"id":"6zz4dvcnch6xpbk","previousOperationId":"2m4whxx6rahuu33"}
{"type":"log","timestamp":1677274515349,"level":"info","message":"Rendering request 1 finished in 5104 ms","meta":{"rootId":"v4tq9slyecvuuqm","id":"v4tq9slyecvuuqm"},"id":"cyhe1welbfov186","previousOperationId":"2m4whxx6rahuu33"}
{"type":"operationEnd","subtype":"render","operationId":"ufsac1ah0he2l8w","timestamp":1677274515349,"id":"nacu24gq4ekd0c9","previousEventId":"qj71tgk1p88uzyv","previousOperationId":"2m4whxx6rahuu33"}
{"type":"operationEnd","doDiffs":false,"previousEventId":"spizz8q73jg1176","previousOperationId":"kwar9f8k87eew8m","operationId":"kwar9f8k87eew8m","timestamp":1677274515355,"id":"k1f9vv1j6j4el7e"}
