{"type":"operationStart","subtype":"profile","data":{"_id":"No2JfsSIYct5SymW","timestamp":"2023-03-19T21:37:21.781Z","state":"queued","mode":"standard","creationDate":"2023-03-19T21:37:21.783Z","modificationDate":"2023-03-19T21:37:21.783Z","shortid":"ewF8u-R","$entitySet":"profiles"},"doDiffs":false,"timestamp":1679261841783,"id":"vcrw1p03zceq7l8","previousOperationId":null,"operationId":"1v52qqs4q62wsb1"}
{"type":"log","level":"info","message":"Render request 6 queued for execution and waiting for available worker","previousOperationId":"1v52qqs4q62wsb1","timestamp":1679261841783,"id":"ukh3rkuhmpr8vkw"}
{"type":"operationStart","subtype":"render","name":"authors-main","previousOperationId":"1v52qqs4q62wsb1","timestamp":1679261841790,"id":"i8yvod7gf1dkgr3","previousEventId":"vcrw1p03zceq7l8","operationId":"72jx3k3pencb9j8"}
{"type":"log","timestamp":1679261841790,"level":"info","message":"Starting rendering request 6","meta":{"rootId":"vmugctyzbzxjvnb","id":"vmugctyzbzxjvnb"},"id":"t5tc6qt9v9rkfmj","previousOperationId":"72jx3k3pencb9j8"}
{"type":"log","timestamp":1679261841791,"level":"info","message":"Rendering template { name: authors-main, recipe: chrome-pdf, engine: handlebars, preview: false }","meta":{"rootId":"vmugctyzbzxjvnb","id":"vmugctyzbzxjvnb"},"id":"b9wgharwkk3vats","previousOperationId":"72jx3k3pencb9j8"}
{"type":"log","timestamp":1679261841791,"level":"debug","message":"Data item not defined for this template.","meta":{"rootId":"vmugctyzbzxjvnb","id":"vmugctyzbzxjvnb"},"id":"y4dfmijel51eq8e","previousOperationId":"72jx3k3pencb9j8"}
{"type":"log","timestamp":1679261841794,"level":"debug","message":"Executing script authors-script (beforeRender)","meta":{"rootId":"vmugctyzbzxjvnb","id":"vmugctyzbzxjvnb"},"id":"4qq4k67szvlpgos","previousOperationId":"72jx3k3pencb9j8"}
{"type":"operationStart","subtype":"scriptsBeforeRender","name":"scripts beforeRender","timestamp":1679261841822,"id":"kjb0kl148h3ts4v","previousEventId":"i8yvod7gf1dkgr3","operationId":"btil7s6mmdway3u","previousOperationId":"72jx3k3pencb9j8"}
{"type":"operationStart","subtype":"script","name":"scripts authors-script","previousOperationId":"btil7s6mmdway3u","timestamp":1679261841822,"id":"hygcgg5xnatrq5x","previousEventId":"kjb0kl148h3ts4v","operationId":"mcg41u1a5r0s4eu"}
{"type":"log","timestamp":1679261842072,"level":"debug","message":"(console:log) [ 1, 1 ]","meta":{"userLevel":true,"rootId":"vmugctyzbzxjvnb","id":"vmugctyzbzxjvnb"},"id":"quxcfia12nqy6ub","previousOperationId":"mcg41u1a5r0s4eu"}
{"type":"operationEnd","operationId":"mcg41u1a5r0s4eu","timestamp":1679261842072,"id":"x2hp2yjk4iyu1fa","previousEventId":"i8yvod7gf1dkgr3","previousOperationId":"72jx3k3pencb9j8"}
{"type":"operationEnd","operationId":"btil7s6mmdway3u","timestamp":1679261842072,"id":"q8i5k6r4tdiepzd","previousEventId":"x2hp2yjk4iyu1fa","previousOperationId":"72jx3k3pencb9j8"}
{"type":"log","timestamp":1679261842072,"level":"debug","message":"Base url not specified, skipping its injection.","meta":{"rootId":"vmugctyzbzxjvnb","id":"vmugctyzbzxjvnb"},"id":"cnqmdms5sr1wi95","previousOperationId":"btil7s6mmdway3u"}
{"type":"operationStart","subtype":"engine","name":"handlebars","timestamp":1679261842072,"id":"gm65qs395ugb5jo","previousEventId":"q8i5k6r4tdiepzd","operationId":"i1qq9eis42u9ecb","previousOperationId":"btil7s6mmdway3u"}
{"type":"log","timestamp":1679261842072,"level":"debug","message":"Rendering engine handlebars","meta":{"rootId":"vmugctyzbzxjvnb","id":"vmugctyzbzxjvnb"},"id":"ru6c02opw23ezu1","previousOperationId":"i1qq9eis42u9ecb"}
{"type":"operationEnd","operationId":"i1qq9eis42u9ecb","timestamp":1679261842085,"id":"d0s6oshpmy90tr7","previousEventId":"gm65qs395ugb5jo","previousOperationId":"i1qq9eis42u9ecb"}
{"type":"operationStart","subtype":"recipe","name":"chrome-pdf","timestamp":1679261842085,"id":"jptwcjn33vehqsm","previousEventId":"d0s6oshpmy90tr7","operationId":"5pctuvkxpih7kho","previousOperationId":"i1qq9eis42u9ecb"}
{"type":"log","timestamp":1679261842085,"level":"debug","message":"Executing recipe chrome-pdf","meta":{"rootId":"vmugctyzbzxjvnb","id":"vmugctyzbzxjvnb"},"id":"6hf2g44poernlef","previousOperationId":"5pctuvkxpih7kho"}
{"type":"log","timestamp":1679261842091,"level":"debug","message":"Converting with chrome HeadlessChrome/105.0.5173.0 using chrome-pool strategy","meta":{"rootId":"vmugctyzbzxjvnb","id":"vmugctyzbzxjvnb"},"id":"u9a9go6vw8x5btw","previousOperationId":"5pctuvkxpih7kho"}
{"type":"log","timestamp":1679261842190,"level":"debug","message":"Page request: GET (document) file:///C:/Users/jiva1/AppData/Local/Temp/jsreport/autocleanup/c4612ab7-e898-4e22-be5b-d3cb43025f7e-chrome-pdf.html","meta":{"rootId":"vmugctyzbzxjvnb","id":"vmugctyzbzxjvnb"},"id":"uoncv06czowgzu9","previousOperationId":"5pctuvkxpih7kho"}
{"type":"log","timestamp":1679261842199,"level":"debug","message":"Page request finished: GET (document) 200 file:///C:/Users/jiva1/AppData/Local/Temp/jsreport/autocleanup/c4612ab7-e898-4e22-be5b-d3cb43025f7e-chrome-pdf.html","meta":{"rootId":"vmugctyzbzxjvnb","id":"vmugctyzbzxjvnb"},"id":"k8xizuryz36aw86","previousOperationId":"5pctuvkxpih7kho"}
{"type":"log","timestamp":1679261842200,"level":"debug","message":"Page request: GET (stylesheet) https://cdnjs.cloudflare.com/ajax/libs/metro/4.1.5/css/metro.min.css","meta":{"rootId":"vmugctyzbzxjvnb","id":"vmugctyzbzxjvnb"},"id":"852d9r1fy0rby47","previousOperationId":"5pctuvkxpih7kho"}
{"type":"log","timestamp":1679261842200,"level":"debug","message":"Page request: GET (script) https://cdn.jsdelivr.net/npm/chart.js","meta":{"rootId":"vmugctyzbzxjvnb","id":"vmugctyzbzxjvnb"},"id":"p9u67e1sqbvqfxu","previousOperationId":"5pctuvkxpih7kho"}
{"type":"log","timestamp":1679261842207,"level":"debug","message":"Page request finished: GET (script) 200 https://cdn.jsdelivr.net/npm/chart.js","meta":{"rootId":"vmugctyzbzxjvnb","id":"vmugctyzbzxjvnb"},"id":"wjf463wjbk6ytmf","previousOperationId":"5pctuvkxpih7kho"}
{"type":"log","timestamp":1679261842223,"level":"debug","message":"Page request finished: GET (stylesheet) 200 https://cdnjs.cloudflare.com/ajax/libs/metro/4.1.5/css/metro.min.css","meta":{"rootId":"vmugctyzbzxjvnb","id":"vmugctyzbzxjvnb"},"id":"ab32m59nr6pt9xw","previousOperationId":"5pctuvkxpih7kho"}
{"type":"log","timestamp":1679261842333,"level":"debug","message":"Running chrome with params {\"printBackground\":true,\"marginTop\":\"4cm\",\"marginRight\":\"1.5cm\",\"marginBottom\":\"1.5cm\",\"marginLeft\":\"1.5cm\",\"waitForJS\":false,\"timeout\":59694,\"margin\":{\"top\":\"4cm\",\"right\":\"1.5cm\",\"bottom\":\"1.5cm\",\"left\":\"1.5cm\"}}","meta":{"rootId":"vmugctyzbzxjvnb","id":"vmugctyzbzxjvnb"},"id":"3t2o3eopvq3sx18","previousOperationId":"5pctuvkxpih7kho"}
{"type":"operationEnd","operationId":"5pctuvkxpih7kho","timestamp":1679261842413,"id":"s7d2nijbvxdobsw","previousEventId":"jptwcjn33vehqsm","previousOperationId":"5pctuvkxpih7kho"}
{"type":"log","timestamp":1679261842413,"level":"info","message":"pdf-utils is starting pdf processing","meta":{"rootId":"vmugctyzbzxjvnb","id":"vmugctyzbzxjvnb"},"id":"zx3a6a899h3eist","previousOperationId":"5pctuvkxpih7kho"}
{"type":"operationStart","subtype":"pdfUtils","name":"pdf utils","timestamp":1679261842414,"id":"xgg14qk0savin90","previousEventId":"s7d2nijbvxdobsw","operationId":"azql0t12xg0jes3","previousOperationId":"5pctuvkxpih7kho"}
{"type":"log","timestamp":1679261842414,"level":"debug","message":"pdf-utils detected 1 pdf operation(s) to process","meta":{"rootId":"vmugctyzbzxjvnb","id":"vmugctyzbzxjvnb"},"id":"i4l9hzdanztj53z","previousOperationId":"azql0t12xg0jes3"}
{"type":"log","timestamp":1679261842435,"level":"debug","message":"pdf-utils running pdf operation merge","meta":{"rootId":"vmugctyzbzxjvnb","id":"vmugctyzbzxjvnb"},"id":"378cqpfhic3quhd","previousOperationId":"azql0t12xg0jes3"}
{"type":"operationStart","subtype":"pdfUtilsMerge","name":"pdf utils merge","previousOperationId":"azql0t12xg0jes3","timestamp":1679261842435,"id":"uj63ell02mg4i50","previousEventId":"xgg14qk0savin90","operationId":"wtbnq515oz39f7c"}
{"type":"operationStart","subtype":"render","name":"authors-header","previousOperationId":"wtbnq515oz39f7c","timestamp":1679261842436,"id":"44df75q10d2a0ym","previousEventId":"uj63ell02mg4i50","operationId":"9xsh9tb0ox9z02w"}
{"type":"log","timestamp":1679261842436,"level":"info","message":"Starting rendering (child) request","meta":{"rootId":"vmugctyzbzxjvnb","id":"qqi3evcg1sb4c2v"},"id":"vao5pbfqqe2fxb5","previousOperationId":"9xsh9tb0ox9z02w"}
{"type":"log","timestamp":1679261842436,"level":"info","message":"Rendering template { name: authors-header, recipe: chrome-pdf, engine: handlebars, preview: false }","meta":{"rootId":"vmugctyzbzxjvnb","id":"qqi3evcg1sb4c2v"},"id":"81hsdbhcbcs3bn2","previousOperationId":"9xsh9tb0ox9z02w"}
{"type":"log","timestamp":1679261842437,"level":"debug","message":"Inline data specified.","meta":{"rootId":"vmugctyzbzxjvnb","id":"qqi3evcg1sb4c2v"},"id":"pt39l0pvrr9fy0x","previousOperationId":"9xsh9tb0ox9z02w"}
{"type":"log","timestamp":1679261842439,"level":"debug","message":"Base url not specified, skipping its injection.","meta":{"rootId":"vmugctyzbzxjvnb","id":"qqi3evcg1sb4c2v"},"id":"v7hsj28tvgbc0fc","previousOperationId":"9xsh9tb0ox9z02w"}
{"type":"operationStart","subtype":"engine","name":"handlebars","timestamp":1679261842439,"id":"mce4xb2jra98586","previousEventId":"44df75q10d2a0ym","operationId":"weisxikfasyu9qa","previousOperationId":"9xsh9tb0ox9z02w"}
{"type":"log","timestamp":1679261842439,"level":"debug","message":"Rendering engine handlebars","meta":{"rootId":"vmugctyzbzxjvnb","id":"qqi3evcg1sb4c2v"},"id":"9xyrp5e1hsts19i","previousOperationId":"weisxikfasyu9qa"}
{"type":"operationEnd","operationId":"weisxikfasyu9qa","timestamp":1679261842481,"id":"7fxh174dqtvs5n9","previousEventId":"mce4xb2jra98586","previousOperationId":"weisxikfasyu9qa"}
{"type":"operationStart","subtype":"recipe","name":"chrome-pdf","timestamp":1679261842481,"id":"cvde6m681jcbwvh","previousEventId":"7fxh174dqtvs5n9","operationId":"xx6bq9muaic2200","previousOperationId":"weisxikfasyu9qa"}
{"type":"log","timestamp":1679261842481,"level":"debug","message":"Executing recipe chrome-pdf","meta":{"rootId":"vmugctyzbzxjvnb","id":"qqi3evcg1sb4c2v"},"id":"aa9ptzd1hjxaupd","previousOperationId":"xx6bq9muaic2200"}
{"type":"log","timestamp":1679261842485,"level":"debug","message":"Converting with chrome HeadlessChrome/105.0.5173.0 using chrome-pool strategy","meta":{"rootId":"vmugctyzbzxjvnb","id":"qqi3evcg1sb4c2v"},"id":"mp10hzfinpsg2gv","previousOperationId":"xx6bq9muaic2200"}
{"type":"log","timestamp":1679261842583,"level":"debug","message":"Page request: GET (document) file:///C:/Users/jiva1/AppData/Local/Temp/jsreport/autocleanup/d667dd7a-ecdb-4acc-bcec-7742e7c9ba2a-chrome-pdf.html","meta":{"rootId":"vmugctyzbzxjvnb","id":"qqi3evcg1sb4c2v"},"id":"cuqcucaz3dyi2ei","previousOperationId":"xx6bq9muaic2200"}
{"type":"log","timestamp":1679261842592,"level":"debug","message":"Page request finished: GET (document) 200 file:///C:/Users/jiva1/AppData/Local/Temp/jsreport/autocleanup/d667dd7a-ecdb-4acc-bcec-7742e7c9ba2a-chrome-pdf.html","meta":{"rootId":"vmugctyzbzxjvnb","id":"qqi3evcg1sb4c2v"},"id":"pishorqof91usaf","previousOperationId":"xx6bq9muaic2200"}
{"type":"log","timestamp":1679261842593,"level":"debug","message":"Page request: GET (stylesheet) https://cdnjs.cloudflare.com/ajax/libs/metro/4.1.5/css/metro.min.css","meta":{"rootId":"vmugctyzbzxjvnb","id":"qqi3evcg1sb4c2v"},"id":"ab6wa3wz84dot24","previousOperationId":"xx6bq9muaic2200"}
{"type":"log","timestamp":1679261842614,"level":"debug","message":"Page request finished: GET (stylesheet) 200 https://cdnjs.cloudflare.com/ajax/libs/metro/4.1.5/css/metro.min.css","meta":{"rootId":"vmugctyzbzxjvnb","id":"qqi3evcg1sb4c2v"},"id":"vsj549woflhpdnq","previousOperationId":"xx6bq9muaic2200"}
{"type":"log","timestamp":1679261842639,"level":"debug","message":"Running chrome with params {\"printBackground\":true,\"marginTop\":\"1.5cm\",\"marginRight\":\"1.5cm\",\"marginLeft\":\"1.cm\",\"timeout\":59298,\"margin\":{\"top\":\"1.5cm\",\"right\":\"1.5cm\",\"left\":\"1.cm\"}}","meta":{"rootId":"vmugctyzbzxjvnb","id":"qqi3evcg1sb4c2v"},"id":"00w5ul2wmyvl6ye","previousOperationId":"xx6bq9muaic2200"}
{"type":"operationEnd","operationId":"xx6bq9muaic2200","timestamp":1679261842696,"id":"mba8c5923okdgdb","previousEventId":"cvde6m681jcbwvh","previousOperationId":"xx6bq9muaic2200"}
{"type":"log","timestamp":1679261842696,"level":"debug","message":"Skipping storing report.","meta":{"rootId":"vmugctyzbzxjvnb","id":"qqi3evcg1sb4c2v"},"id":"b0a0qmmobe4548l","previousOperationId":"xx6bq9muaic2200"}
{"type":"log","timestamp":1679261842696,"level":"info","message":"Rendering (child) request finished in 915 ms","meta":{"rootId":"vmugctyzbzxjvnb","id":"qqi3evcg1sb4c2v"},"id":"c9l6n6wzzknqvtf","previousOperationId":"xx6bq9muaic2200"}
{"type":"operationEnd","subtype":"render","operationId":"9xsh9tb0ox9z02w","timestamp":1679261842696,"id":"z6xy59s8v1pns2q","previousEventId":"mba8c5923okdgdb","previousOperationId":"xx6bq9muaic2200"}
{"type":"operationEnd","operationId":"wtbnq515oz39f7c","timestamp":1679261842704,"id":"r84cl22wxhx0qwz","previousEventId":"uj63ell02mg4i50","previousOperationId":"wtbnq515oz39f7c"}
{"type":"log","timestamp":1679261842704,"level":"debug","message":"pdf-utils postproces start","meta":{"rootId":"vmugctyzbzxjvnb","id":"vmugctyzbzxjvnb"},"id":"ii26s3jk2gorhg1","previousOperationId":"wtbnq515oz39f7c"}
{"type":"log","timestamp":1679261842710,"level":"debug","message":"pdf-utils postproces end","meta":{"rootId":"vmugctyzbzxjvnb","id":"vmugctyzbzxjvnb"},"id":"88dsv04amwgxn6v","previousOperationId":"wtbnq515oz39f7c"}
{"type":"operationEnd","operationId":"azql0t12xg0jes3","timestamp":1679261842710,"id":"hz428afhzicqfmc","previousEventId":"r84cl22wxhx0qwz","previousOperationId":"wtbnq515oz39f7c"}
{"type":"log","timestamp":1679261842710,"level":"info","message":"pdf-utils pdf processing was finished","meta":{"rootId":"vmugctyzbzxjvnb","id":"vmugctyzbzxjvnb"},"id":"d2l6kgvwnq0hfsd","previousOperationId":"azql0t12xg0jes3"}
{"type":"log","timestamp":1679261842710,"level":"debug","message":"Skipping storing report.","meta":{"rootId":"vmugctyzbzxjvnb","id":"vmugctyzbzxjvnb"},"id":"u7dqlamu9wer2ld","previousOperationId":"azql0t12xg0jes3"}
{"type":"log","timestamp":1679261842710,"level":"info","message":"Rendering request 6 finished in 929 ms","meta":{"rootId":"vmugctyzbzxjvnb","id":"vmugctyzbzxjvnb"},"id":"e1ms2nwe7qx66an","previousOperationId":"azql0t12xg0jes3"}
{"type":"operationEnd","subtype":"render","operationId":"72jx3k3pencb9j8","timestamp":1679261842710,"id":"3hv3ktt74zjc3w4","previousEventId":"hz428afhzicqfmc","previousOperationId":"azql0t12xg0jes3"}
{"type":"operationEnd","doDiffs":false,"previousEventId":"vcrw1p03zceq7l8","previousOperationId":"1v52qqs4q62wsb1","operationId":"1v52qqs4q62wsb1","timestamp":1679261842719,"id":"v03k5c569nl1bue"}
