{"type":"operationStart","subtype":"profile","data":{"_id":"18M5X8JCQ4U6kvZA","timestamp":"2023-02-24T17:33:32.413Z","state":"queued","mode":"standard","creationDate":"2023-02-24T17:33:32.416Z","modificationDate":"2023-02-24T17:33:32.416Z","shortid":"xayqVJR","$entitySet":"profiles"},"doDiffs":false,"timestamp":1677260012414,"id":"m9t2szrkhrvz3sm","previousOperationId":null,"operationId":"6v6s6vkidxp55mc"}
{"type":"log","level":"info","message":"Render request 7 queued for execution and waiting for available worker","previousOperationId":"6v6s6vkidxp55mc","timestamp":1677260012414,"id":"2qva1gf55lss6i7"}
{"type":"operationStart","subtype":"render","name":"authors-main","previousOperationId":"6v6s6vkidxp55mc","timestamp":1677260012422,"id":"jiasm8aw3nnruf1","previousEventId":"m9t2szrkhrvz3sm","operationId":"tp20tnlt77csgkp"}
{"type":"log","timestamp":1677260012422,"level":"info","message":"Starting rendering request 7","meta":{"rootId":"yhfbsuvayfn6o9l","id":"yhfbsuvayfn6o9l"},"id":"txcpq41l129i019","previousOperationId":"tp20tnlt77csgkp"}
{"type":"log","timestamp":1677260012422,"level":"info","message":"Rendering template { name: authors-main, recipe: chrome-pdf, engine: handlebars, preview: false }","meta":{"rootId":"yhfbsuvayfn6o9l","id":"yhfbsuvayfn6o9l"},"id":"gft62x54qrfjzo5","previousOperationId":"tp20tnlt77csgkp"}
{"type":"log","timestamp":1677260012424,"level":"debug","message":"Data item not defined for this template.","meta":{"rootId":"yhfbsuvayfn6o9l","id":"yhfbsuvayfn6o9l"},"id":"tdtqahyzxi03ou6","previousOperationId":"tp20tnlt77csgkp"}
{"type":"log","timestamp":1677260012428,"level":"debug","message":"Executing script authors-script (beforeRender)","meta":{"rootId":"yhfbsuvayfn6o9l","id":"yhfbsuvayfn6o9l"},"id":"6lr0n3klm3eojm9","previousOperationId":"tp20tnlt77csgkp"}
{"type":"operationStart","subtype":"scriptsBeforeRender","name":"scripts beforeRender","timestamp":1677260012457,"id":"8qeevey4nplnqho","previousEventId":"jiasm8aw3nnruf1","operationId":"lsy5ghqw9355oqn","previousOperationId":"tp20tnlt77csgkp"}
{"type":"operationStart","subtype":"script","name":"scripts authors-script","previousOperationId":"lsy5ghqw9355oqn","timestamp":1677260012457,"id":"907jq8t48zamuoe","previousEventId":"8qeevey4nplnqho","operationId":"k3bqhfs25qlfpf5"}
{"type":"log","timestamp":1677260012699,"level":"debug","message":"(console:log) [ 0, 0, 0, 0, 0 ]","meta":{"userLevel":true,"rootId":"yhfbsuvayfn6o9l","id":"yhfbsuvayfn6o9l"},"id":"tvln7rxksslis7b","previousOperationId":"k3bqhfs25qlfpf5"}
{"type":"operationEnd","operationId":"k3bqhfs25qlfpf5","timestamp":1677260012699,"id":"5763uz127olhc0m","previousEventId":"jiasm8aw3nnruf1","previousOperationId":"tp20tnlt77csgkp"}
{"type":"operationEnd","operationId":"lsy5ghqw9355oqn","timestamp":1677260012699,"id":"7q9pha7rm5ioy9d","previousEventId":"5763uz127olhc0m","previousOperationId":"tp20tnlt77csgkp"}
{"type":"log","timestamp":1677260012699,"level":"debug","message":"Base url not specified, skipping its injection.","meta":{"rootId":"yhfbsuvayfn6o9l","id":"yhfbsuvayfn6o9l"},"id":"n4f2zp1gza9jb4o","previousOperationId":"lsy5ghqw9355oqn"}
{"type":"operationStart","subtype":"engine","name":"handlebars","timestamp":1677260012699,"id":"9y0laioks986g38","previousEventId":"7q9pha7rm5ioy9d","operationId":"w01frzlt9moumg2","previousOperationId":"lsy5ghqw9355oqn"}
{"type":"log","timestamp":1677260012699,"level":"debug","message":"Rendering engine handlebars","meta":{"rootId":"yhfbsuvayfn6o9l","id":"yhfbsuvayfn6o9l"},"id":"v5mdbwzaoruoaep","previousOperationId":"w01frzlt9moumg2"}
{"type":"operationEnd","operationId":"w01frzlt9moumg2","timestamp":1677260012707,"id":"whj1ocfc0pxhkk0","previousEventId":"9y0laioks986g38","previousOperationId":"w01frzlt9moumg2"}
{"type":"operationStart","subtype":"recipe","name":"chrome-pdf","timestamp":1677260012708,"id":"75k88wq8t8abpaw","previousEventId":"whj1ocfc0pxhkk0","operationId":"o5zlek5ahlzsqb2","previousOperationId":"w01frzlt9moumg2"}
{"type":"log","timestamp":1677260012708,"level":"debug","message":"Executing recipe chrome-pdf","meta":{"rootId":"yhfbsuvayfn6o9l","id":"yhfbsuvayfn6o9l"},"id":"x3yczx294jp2h7r","previousOperationId":"o5zlek5ahlzsqb2"}
{"type":"log","timestamp":1677260012844,"level":"debug","message":"Converting with chrome HeadlessChrome/105.0.5173.0 using chrome-pool strategy","meta":{"rootId":"yhfbsuvayfn6o9l","id":"yhfbsuvayfn6o9l"},"id":"6xrmibtsxtc920y","previousOperationId":"o5zlek5ahlzsqb2"}
{"type":"log","timestamp":1677260013006,"level":"debug","message":"Page request: GET (document) file:///C:/Users/pollo/AppData/Local/Temp/jsreport/autocleanup/4a7eadfc-17fb-42ae-b452-7c4ac8703cf0-chrome-pdf.html","meta":{"rootId":"yhfbsuvayfn6o9l","id":"yhfbsuvayfn6o9l"},"id":"bbyfezz7x374cgj","previousOperationId":"o5zlek5ahlzsqb2"}
{"type":"log","timestamp":1677260013016,"level":"debug","message":"Page request finished: GET (document) 200 file:///C:/Users/pollo/AppData/Local/Temp/jsreport/autocleanup/4a7eadfc-17fb-42ae-b452-7c4ac8703cf0-chrome-pdf.html","meta":{"rootId":"yhfbsuvayfn6o9l","id":"yhfbsuvayfn6o9l"},"id":"3rqzmqgx2oo56xj","previousOperationId":"o5zlek5ahlzsqb2"}
{"type":"log","timestamp":1677260013016,"level":"debug","message":"Page request: GET (stylesheet) https://cdnjs.cloudflare.com/ajax/libs/metro/4.1.5/css/metro.min.css","meta":{"rootId":"yhfbsuvayfn6o9l","id":"yhfbsuvayfn6o9l"},"id":"kouun6s7xv4ztpc","previousOperationId":"o5zlek5ahlzsqb2"}
{"type":"log","timestamp":1677260013016,"level":"debug","message":"Page request: GET (script) https://cdn.jsdelivr.net/npm/chart.js","meta":{"rootId":"yhfbsuvayfn6o9l","id":"yhfbsuvayfn6o9l"},"id":"9iw9z2ax7qznvcg","previousOperationId":"o5zlek5ahlzsqb2"}
{"type":"log","timestamp":1677260015521,"level":"debug","message":"Page request finished: GET (stylesheet) 200 https://cdnjs.cloudflare.com/ajax/libs/metro/4.1.5/css/metro.min.css","meta":{"rootId":"yhfbsuvayfn6o9l","id":"yhfbsuvayfn6o9l"},"id":"x9n0f75x6a084p0","previousOperationId":"o5zlek5ahlzsqb2"}
{"type":"log","timestamp":1677260015534,"level":"debug","message":"Page request finished: GET (script) 200 https://cdn.jsdelivr.net/npm/chart.js","meta":{"rootId":"yhfbsuvayfn6o9l","id":"yhfbsuvayfn6o9l"},"id":"bd0n9irnibxzjql","previousOperationId":"o5zlek5ahlzsqb2"}
{"type":"log","timestamp":1677260015632,"level":"debug","message":"Running chrome with params {\"printBackground\":true,\"marginTop\":\"4cm\",\"marginRight\":\"1.5cm\",\"marginBottom\":\"1.5cm\",\"marginLeft\":\"1.5cm\",\"waitForJS\":false,\"timeout\":59703,\"margin\":{\"top\":\"4cm\",\"right\":\"1.5cm\",\"bottom\":\"1.5cm\",\"left\":\"1.5cm\"}}","meta":{"rootId":"yhfbsuvayfn6o9l","id":"yhfbsuvayfn6o9l"},"id":"gewa2oj9vrc2jpe","previousOperationId":"o5zlek5ahlzsqb2"}
{"type":"operationEnd","operationId":"o5zlek5ahlzsqb2","timestamp":1677260015711,"id":"169llkdidiqkrlf","previousEventId":"75k88wq8t8abpaw","previousOperationId":"o5zlek5ahlzsqb2"}
{"type":"log","timestamp":1677260015711,"level":"info","message":"pdf-utils is starting pdf processing","meta":{"rootId":"yhfbsuvayfn6o9l","id":"yhfbsuvayfn6o9l"},"id":"fcfx3id7q4zj2ng","previousOperationId":"o5zlek5ahlzsqb2"}
{"type":"operationStart","subtype":"pdfUtils","name":"pdf utils","timestamp":1677260015711,"id":"gboyge1dzjy3aad","previousEventId":"169llkdidiqkrlf","operationId":"pg35pe24vihu3xu","previousOperationId":"o5zlek5ahlzsqb2"}
{"type":"log","timestamp":1677260015711,"level":"debug","message":"pdf-utils detected 1 pdf operation(s) to process","meta":{"rootId":"yhfbsuvayfn6o9l","id":"yhfbsuvayfn6o9l"},"id":"0ms234e60e9kdzo","previousOperationId":"pg35pe24vihu3xu"}
{"type":"log","timestamp":1677260015728,"level":"debug","message":"pdf-utils running pdf operation merge","meta":{"rootId":"yhfbsuvayfn6o9l","id":"yhfbsuvayfn6o9l"},"id":"8gkfykvkk4j968f","previousOperationId":"pg35pe24vihu3xu"}
{"type":"operationStart","subtype":"pdfUtilsMerge","name":"pdf utils merge","previousOperationId":"pg35pe24vihu3xu","timestamp":1677260015728,"id":"edqqs6cn3l2gvn7","previousEventId":"gboyge1dzjy3aad","operationId":"9jgc76ab463in03"}
{"type":"operationStart","subtype":"render","name":"authors-header","previousOperationId":"9jgc76ab463in03","timestamp":1677260015729,"id":"ekoc7r69ow1agup","previousEventId":"edqqs6cn3l2gvn7","operationId":"zlhob376nzsbwb3"}
{"type":"log","timestamp":1677260015729,"level":"info","message":"Starting rendering (child) request","meta":{"rootId":"yhfbsuvayfn6o9l","id":"2ml04l5kxj3an6l"},"id":"erud4ll4ui3yu0t","previousOperationId":"zlhob376nzsbwb3"}
{"type":"log","timestamp":1677260015729,"level":"info","message":"Rendering template { name: authors-header, recipe: chrome-pdf, engine: handlebars, preview: false }","meta":{"rootId":"yhfbsuvayfn6o9l","id":"2ml04l5kxj3an6l"},"id":"bgx16c8rflbupuk","previousOperationId":"zlhob376nzsbwb3"}
{"type":"log","timestamp":1677260015731,"level":"debug","message":"Inline data specified.","meta":{"rootId":"yhfbsuvayfn6o9l","id":"2ml04l5kxj3an6l"},"id":"9dvtvkelqzb56ng","previousOperationId":"zlhob376nzsbwb3"}
{"type":"log","timestamp":1677260015733,"level":"debug","message":"Base url not specified, skipping its injection.","meta":{"rootId":"yhfbsuvayfn6o9l","id":"2ml04l5kxj3an6l"},"id":"yf13wf8wtlm8s9o","previousOperationId":"zlhob376nzsbwb3"}
{"type":"operationStart","subtype":"engine","name":"handlebars","timestamp":1677260015733,"id":"s3ks787bunlsszn","previousEventId":"ekoc7r69ow1agup","operationId":"71l4hozixmev6eh","previousOperationId":"zlhob376nzsbwb3"}
{"type":"log","timestamp":1677260015733,"level":"debug","message":"Rendering engine handlebars","meta":{"rootId":"yhfbsuvayfn6o9l","id":"2ml04l5kxj3an6l"},"id":"gns5u1g6gbx56fh","previousOperationId":"71l4hozixmev6eh"}
{"type":"operationEnd","operationId":"71l4hozixmev6eh","timestamp":1677260015740,"id":"s13fbulto6rdodp","previousEventId":"s3ks787bunlsszn","previousOperationId":"71l4hozixmev6eh"}
{"type":"operationStart","subtype":"recipe","name":"chrome-pdf","timestamp":1677260015741,"id":"by70jhhodpjg2u9","previousEventId":"s13fbulto6rdodp","operationId":"0g4d83xss5su6gn","previousOperationId":"71l4hozixmev6eh"}
{"type":"log","timestamp":1677260015741,"level":"debug","message":"Executing recipe chrome-pdf","meta":{"rootId":"yhfbsuvayfn6o9l","id":"2ml04l5kxj3an6l"},"id":"udp93lw7rzvk2if","previousOperationId":"0g4d83xss5su6gn"}
{"type":"log","timestamp":1677260015743,"level":"debug","message":"Converting with chrome HeadlessChrome/105.0.5173.0 using chrome-pool strategy","meta":{"rootId":"yhfbsuvayfn6o9l","id":"2ml04l5kxj3an6l"},"id":"2kx3ni4chf2640j","previousOperationId":"0g4d83xss5su6gn"}
{"type":"log","timestamp":1677260015829,"level":"debug","message":"Page request: GET (document) file:///C:/Users/pollo/AppData/Local/Temp/jsreport/autocleanup/b1113caa-6aa2-4383-8bb0-02d7eab65abc-chrome-pdf.html","meta":{"rootId":"yhfbsuvayfn6o9l","id":"2ml04l5kxj3an6l"},"id":"qivgra0ww1fupuo","previousOperationId":"0g4d83xss5su6gn"}
{"type":"log","timestamp":1677260015838,"level":"debug","message":"Page request finished: GET (document) 200 file:///C:/Users/pollo/AppData/Local/Temp/jsreport/autocleanup/b1113caa-6aa2-4383-8bb0-02d7eab65abc-chrome-pdf.html","meta":{"rootId":"yhfbsuvayfn6o9l","id":"2ml04l5kxj3an6l"},"id":"gidk2s7ncolqmfk","previousOperationId":"0g4d83xss5su6gn"}
{"type":"log","timestamp":1677260015838,"level":"debug","message":"Page request: GET (stylesheet) https://cdnjs.cloudflare.com/ajax/libs/metro/4.1.5/css/metro.min.css","meta":{"rootId":"yhfbsuvayfn6o9l","id":"2ml04l5kxj3an6l"},"id":"5hfh9rgabh23k5m","previousOperationId":"0g4d83xss5su6gn"}
{"type":"log","timestamp":1677260015858,"level":"debug","message":"Page request finished: GET (stylesheet) 200 https://cdnjs.cloudflare.com/ajax/libs/metro/4.1.5/css/metro.min.css","meta":{"rootId":"yhfbsuvayfn6o9l","id":"2ml04l5kxj3an6l"},"id":"yszt71yj9uo2h7b","previousOperationId":"0g4d83xss5su6gn"}
{"type":"log","timestamp":1677260015879,"level":"debug","message":"Running chrome with params {\"printBackground\":true,\"marginTop\":\"1.5cm\",\"marginRight\":\"1.5cm\",\"marginLeft\":\"1.cm\",\"timeout\":56671,\"margin\":{\"top\":\"1.5cm\",\"right\":\"1.5cm\",\"left\":\"1.cm\"}}","meta":{"rootId":"yhfbsuvayfn6o9l","id":"2ml04l5kxj3an6l"},"id":"62gl1e40hqqslkj","previousOperationId":"0g4d83xss5su6gn"}
{"type":"operationEnd","operationId":"0g4d83xss5su6gn","timestamp":1677260015934,"id":"t60j6yof03xkvum","previousEventId":"by70jhhodpjg2u9","previousOperationId":"0g4d83xss5su6gn"}
{"type":"log","timestamp":1677260015934,"level":"debug","message":"Skipping storing report.","meta":{"rootId":"yhfbsuvayfn6o9l","id":"2ml04l5kxj3an6l"},"id":"oxshwuqlhu6g97r","previousOperationId":"0g4d83xss5su6gn"}
{"type":"log","timestamp":1677260015934,"level":"info","message":"Rendering (child) request finished in 3521 ms","meta":{"rootId":"yhfbsuvayfn6o9l","id":"2ml04l5kxj3an6l"},"id":"s7r0bxflaadraoj","previousOperationId":"0g4d83xss5su6gn"}
{"type":"operationEnd","subtype":"render","operationId":"zlhob376nzsbwb3","timestamp":1677260015934,"id":"utl1z7w5u4c0b43","previousEventId":"t60j6yof03xkvum","previousOperationId":"0g4d83xss5su6gn"}
{"type":"operationEnd","operationId":"9jgc76ab463in03","timestamp":1677260015941,"id":"kz9bbjddrurzw37","previousEventId":"edqqs6cn3l2gvn7","previousOperationId":"9jgc76ab463in03"}
{"type":"log","timestamp":1677260015941,"level":"debug","message":"pdf-utils postproces start","meta":{"rootId":"yhfbsuvayfn6o9l","id":"yhfbsuvayfn6o9l"},"id":"d7dnsiztbrznppd","previousOperationId":"9jgc76ab463in03"}
{"type":"log","timestamp":1677260015947,"level":"debug","message":"pdf-utils postproces end","meta":{"rootId":"yhfbsuvayfn6o9l","id":"yhfbsuvayfn6o9l"},"id":"7f5kmaiarnehspg","previousOperationId":"9jgc76ab463in03"}
{"type":"operationEnd","operationId":"pg35pe24vihu3xu","timestamp":1677260015947,"id":"f4ppleaef56c0sy","previousEventId":"kz9bbjddrurzw37","previousOperationId":"9jgc76ab463in03"}
{"type":"log","timestamp":1677260015948,"level":"info","message":"pdf-utils pdf processing was finished","meta":{"rootId":"yhfbsuvayfn6o9l","id":"yhfbsuvayfn6o9l"},"id":"vrjbuoq3eow3u1g","previousOperationId":"pg35pe24vihu3xu"}
{"type":"log","timestamp":1677260015948,"level":"debug","message":"Skipping storing report.","meta":{"rootId":"yhfbsuvayfn6o9l","id":"yhfbsuvayfn6o9l"},"id":"pj07t1olrvi0jqz","previousOperationId":"pg35pe24vihu3xu"}
{"type":"log","timestamp":1677260015948,"level":"info","message":"Rendering request 7 finished in 3535 ms","meta":{"rootId":"yhfbsuvayfn6o9l","id":"yhfbsuvayfn6o9l"},"id":"6gbee75i557faq2","previousOperationId":"pg35pe24vihu3xu"}
{"type":"operationEnd","subtype":"render","operationId":"tp20tnlt77csgkp","timestamp":1677260015948,"id":"4pym0vsyjkc25kb","previousEventId":"f4ppleaef56c0sy","previousOperationId":"pg35pe24vihu3xu"}
{"type":"operationEnd","doDiffs":false,"previousEventId":"m9t2szrkhrvz3sm","previousOperationId":"6v6s6vkidxp55mc","operationId":"6v6s6vkidxp55mc","timestamp":1677260015951,"id":"nqc3hmjp504uua6"}
