{"type":"operationStart","subtype":"profile","data":{"_id":"PSXFraOvFyYzJLnj","timestamp":"2023-02-24T16:53:45.822Z","state":"queued","mode":"standard","creationDate":"2023-02-24T16:53:45.825Z","modificationDate":"2023-02-24T16:53:45.825Z","shortid":"VrlkP3V","$entitySet":"profiles"},"doDiffs":false,"timestamp":1677257625824,"id":"uts8wimagim4pws","previousOperationId":null,"operationId":"t30gm4cr8dv649l"}
{"type":"log","level":"info","message":"Render request 4 queued for execution and waiting for available worker","previousOperationId":"t30gm4cr8dv649l","timestamp":1677257625824,"id":"pqzr32qdyvqbvvl"}
{"type":"operationStart","subtype":"render","name":"authors-main","previousOperationId":"t30gm4cr8dv649l","timestamp":1677257625830,"id":"czpmn9emzuzct4e","previousEventId":"uts8wimagim4pws","operationId":"rtpze5a8fup59h5"}
{"type":"log","timestamp":1677257625830,"level":"info","message":"Starting rendering request 4","meta":{"rootId":"zlj9gkw465e75te","id":"zlj9gkw465e75te"},"id":"ow855ux6qakbbvm","previousOperationId":"rtpze5a8fup59h5"}
{"type":"log","timestamp":1677257625830,"level":"info","message":"Rendering template { name: authors-main, recipe: chrome-pdf, engine: handlebars, preview: false }","meta":{"rootId":"zlj9gkw465e75te","id":"zlj9gkw465e75te"},"id":"jjrvt3sfztefki8","previousOperationId":"rtpze5a8fup59h5"}
{"type":"log","timestamp":1677257625830,"level":"debug","message":"Data item not defined for this template.","meta":{"rootId":"zlj9gkw465e75te","id":"zlj9gkw465e75te"},"id":"1fojskfbvn6je20","previousOperationId":"rtpze5a8fup59h5"}
{"type":"log","timestamp":1677257625834,"level":"debug","message":"Executing script authors-script (beforeRender)","meta":{"rootId":"zlj9gkw465e75te","id":"zlj9gkw465e75te"},"id":"e5d5jus20lxmnhh","previousOperationId":"rtpze5a8fup59h5"}
{"type":"operationStart","subtype":"scriptsBeforeRender","name":"scripts beforeRender","timestamp":1677257625868,"id":"60gvw9hah0gu8ky","previousEventId":"czpmn9emzuzct4e","operationId":"wekmeoekg134uzd","previousOperationId":"rtpze5a8fup59h5"}
{"type":"operationStart","subtype":"script","name":"scripts authors-script","previousOperationId":"wekmeoekg134uzd","timestamp":1677257625869,"id":"9dildf1ogp01j8c","previousEventId":"60gvw9hah0gu8ky","operationId":"qn6dpzvyybt3bwr"}
{"type":"log","timestamp":1677257626077,"level":"debug","message":"(console:log) [ 0, 0, 0, 0, 0 ]","meta":{"userLevel":true,"rootId":"zlj9gkw465e75te","id":"zlj9gkw465e75te"},"id":"zcwmt4v84dez5ch","previousOperationId":"qn6dpzvyybt3bwr"}
{"type":"operationEnd","operationId":"qn6dpzvyybt3bwr","timestamp":1677257626077,"id":"g8mnwihtiosqvyk","previousEventId":"czpmn9emzuzct4e","previousOperationId":"rtpze5a8fup59h5"}
{"type":"operationEnd","operationId":"wekmeoekg134uzd","timestamp":1677257626077,"id":"r06rg3mqn2rgf7t","previousEventId":"g8mnwihtiosqvyk","previousOperationId":"rtpze5a8fup59h5"}
{"type":"log","timestamp":1677257626077,"level":"debug","message":"Base url not specified, skipping its injection.","meta":{"rootId":"zlj9gkw465e75te","id":"zlj9gkw465e75te"},"id":"54rpviw8q2eca0u","previousOperationId":"wekmeoekg134uzd"}
{"type":"operationStart","subtype":"engine","name":"handlebars","timestamp":1677257626078,"id":"omx9fb5pdxayud4","previousEventId":"r06rg3mqn2rgf7t","operationId":"wn9qyznke7ftt3o","previousOperationId":"wekmeoekg134uzd"}
{"type":"log","timestamp":1677257626078,"level":"debug","message":"Rendering engine handlebars","meta":{"rootId":"zlj9gkw465e75te","id":"zlj9gkw465e75te"},"id":"xc4kis39jmd5hm8","previousOperationId":"wn9qyznke7ftt3o"}
{"type":"operationEnd","operationId":"wn9qyznke7ftt3o","timestamp":1677257626089,"id":"4njr0vpagy09uop","previousEventId":"omx9fb5pdxayud4","previousOperationId":"wn9qyznke7ftt3o"}
{"type":"operationStart","subtype":"recipe","name":"chrome-pdf","timestamp":1677257626089,"id":"nuaaz9x7609hjbq","previousEventId":"4njr0vpagy09uop","operationId":"saddwv62ccr14a9","previousOperationId":"wn9qyznke7ftt3o"}
{"type":"log","timestamp":1677257626089,"level":"debug","message":"Executing recipe chrome-pdf","meta":{"rootId":"zlj9gkw465e75te","id":"zlj9gkw465e75te"},"id":"scixsddn01v6luv","previousOperationId":"saddwv62ccr14a9"}
{"type":"log","timestamp":1677257626092,"level":"debug","message":"Converting with chrome HeadlessChrome/105.0.5173.0 using chrome-pool strategy","meta":{"rootId":"zlj9gkw465e75te","id":"zlj9gkw465e75te"},"id":"y8934lr9govkzd3","previousOperationId":"saddwv62ccr14a9"}
{"type":"log","timestamp":1677257626177,"level":"debug","message":"Page request: GET (document) file:///C:/Users/pollo/AppData/Local/Temp/jsreport/autocleanup/01ed1ea4-59dc-4a30-8a4f-f798e47938e6-chrome-pdf.html","meta":{"rootId":"zlj9gkw465e75te","id":"zlj9gkw465e75te"},"id":"n235svq2wyktwpz","previousOperationId":"saddwv62ccr14a9"}
{"type":"log","timestamp":1677257626195,"level":"debug","message":"Page request finished: GET (document) 200 file:///C:/Users/pollo/AppData/Local/Temp/jsreport/autocleanup/01ed1ea4-59dc-4a30-8a4f-f798e47938e6-chrome-pdf.html","meta":{"rootId":"zlj9gkw465e75te","id":"zlj9gkw465e75te"},"id":"gbizh6uuqkwclw1","previousOperationId":"saddwv62ccr14a9"}
{"type":"log","timestamp":1677257626196,"level":"debug","message":"Page request: GET (stylesheet) https://cdnjs.cloudflare.com/ajax/libs/metro/4.1.5/css/metro.min.css","meta":{"rootId":"zlj9gkw465e75te","id":"zlj9gkw465e75te"},"id":"ssdi59se9x6ymsj","previousOperationId":"saddwv62ccr14a9"}
{"type":"log","timestamp":1677257626196,"level":"debug","message":"Page request: GET (script) https://cdn.jsdelivr.net/npm/chart.js","meta":{"rootId":"zlj9gkw465e75te","id":"zlj9gkw465e75te"},"id":"4wxqgenq642nwhn","previousOperationId":"saddwv62ccr14a9"}
{"type":"log","timestamp":1677257626202,"level":"debug","message":"Page request finished: GET (script) 200 https://cdn.jsdelivr.net/npm/chart.js","meta":{"rootId":"zlj9gkw465e75te","id":"zlj9gkw465e75te"},"id":"z2icoymfvf9dab1","previousOperationId":"saddwv62ccr14a9"}
{"type":"log","timestamp":1677257626217,"level":"debug","message":"Page request finished: GET (stylesheet) 200 https://cdnjs.cloudflare.com/ajax/libs/metro/4.1.5/css/metro.min.css","meta":{"rootId":"zlj9gkw465e75te","id":"zlj9gkw465e75te"},"id":"sngvpxktasue2x3","previousOperationId":"saddwv62ccr14a9"}
{"type":"log","timestamp":1677257626312,"level":"debug","message":"Running chrome with params {\"printBackground\":true,\"marginTop\":\"4cm\",\"marginRight\":\"1.5cm\",\"marginBottom\":\"1.5cm\",\"marginLeft\":\"1.5cm\",\"waitForJS\":false,\"timeout\":59731,\"margin\":{\"top\":\"4cm\",\"right\":\"1.5cm\",\"bottom\":\"1.5cm\",\"left\":\"1.5cm\"}}","meta":{"rootId":"zlj9gkw465e75te","id":"zlj9gkw465e75te"},"id":"9qhhj5t7sx78tnu","previousOperationId":"saddwv62ccr14a9"}
{"type":"operationEnd","operationId":"saddwv62ccr14a9","timestamp":1677257626390,"id":"2za8viuqv6xtz1c","previousEventId":"nuaaz9x7609hjbq","previousOperationId":"saddwv62ccr14a9"}
{"type":"log","timestamp":1677257626390,"level":"info","message":"pdf-utils is starting pdf processing","meta":{"rootId":"zlj9gkw465e75te","id":"zlj9gkw465e75te"},"id":"kxx122szj9tle85","previousOperationId":"saddwv62ccr14a9"}
{"type":"operationStart","subtype":"pdfUtils","name":"pdf utils","timestamp":1677257626391,"id":"nhvqonk24872eed","previousEventId":"2za8viuqv6xtz1c","operationId":"c1ruraq8zlap57w","previousOperationId":"saddwv62ccr14a9"}
{"type":"log","timestamp":1677257626391,"level":"debug","message":"pdf-utils detected 1 pdf operation(s) to process","meta":{"rootId":"zlj9gkw465e75te","id":"zlj9gkw465e75te"},"id":"cy0pj1owhy6ey5o","previousOperationId":"c1ruraq8zlap57w"}
{"type":"log","timestamp":1677257626419,"level":"debug","message":"pdf-utils running pdf operation merge","meta":{"rootId":"zlj9gkw465e75te","id":"zlj9gkw465e75te"},"id":"23nxbs9jlc4pi2i","previousOperationId":"c1ruraq8zlap57w"}
{"type":"operationStart","subtype":"pdfUtilsMerge","name":"pdf utils merge","previousOperationId":"c1ruraq8zlap57w","timestamp":1677257626419,"id":"12b4aljlpoatkbp","previousEventId":"nhvqonk24872eed","operationId":"5859s94pswsj2vu"}
{"type":"operationStart","subtype":"render","name":"authors-header","previousOperationId":"5859s94pswsj2vu","timestamp":1677257626422,"id":"b1m2l2a06rkh663","previousEventId":"12b4aljlpoatkbp","operationId":"ww3na830i267f1t"}
{"type":"log","timestamp":1677257626422,"level":"info","message":"Starting rendering (child) request","meta":{"rootId":"zlj9gkw465e75te","id":"hbfusz88deu2xm8"},"id":"wpuk329u0bz2d4w","previousOperationId":"ww3na830i267f1t"}
{"type":"log","timestamp":1677257626423,"level":"info","message":"Rendering template { name: authors-header, recipe: chrome-pdf, engine: handlebars, preview: false }","meta":{"rootId":"zlj9gkw465e75te","id":"hbfusz88deu2xm8"},"id":"w0hlsslh6o10yjw","previousOperationId":"ww3na830i267f1t"}
{"type":"log","timestamp":1677257626424,"level":"debug","message":"Inline data specified.","meta":{"rootId":"zlj9gkw465e75te","id":"hbfusz88deu2xm8"},"id":"s9heujc891u8ux9","previousOperationId":"ww3na830i267f1t"}
{"type":"log","timestamp":1677257626426,"level":"debug","message":"Base url not specified, skipping its injection.","meta":{"rootId":"zlj9gkw465e75te","id":"hbfusz88deu2xm8"},"id":"m18zqaeyhqqr9ou","previousOperationId":"ww3na830i267f1t"}
{"type":"operationStart","subtype":"engine","name":"handlebars","timestamp":1677257626426,"id":"ekop0xihz00wgrw","previousEventId":"b1m2l2a06rkh663","operationId":"ydk5uhr1q2lkd9j","previousOperationId":"ww3na830i267f1t"}
{"type":"log","timestamp":1677257626426,"level":"debug","message":"Rendering engine handlebars","meta":{"rootId":"zlj9gkw465e75te","id":"hbfusz88deu2xm8"},"id":"zono5nv2gm1eyp0","previousOperationId":"ydk5uhr1q2lkd9j"}
{"type":"operationEnd","operationId":"ydk5uhr1q2lkd9j","timestamp":1677257626438,"id":"m9ji326wp3thgwr","previousEventId":"ekop0xihz00wgrw","previousOperationId":"ydk5uhr1q2lkd9j"}
{"type":"operationStart","subtype":"recipe","name":"chrome-pdf","timestamp":1677257626439,"id":"799ixgpz42ruw71","previousEventId":"m9ji326wp3thgwr","operationId":"pp3boxsqnro7m73","previousOperationId":"ydk5uhr1q2lkd9j"}
{"type":"log","timestamp":1677257626439,"level":"debug","message":"Executing recipe chrome-pdf","meta":{"rootId":"zlj9gkw465e75te","id":"hbfusz88deu2xm8"},"id":"rmqz6f77qaesb3u","previousOperationId":"pp3boxsqnro7m73"}
{"type":"log","timestamp":1677257626442,"level":"debug","message":"Converting with chrome HeadlessChrome/105.0.5173.0 using chrome-pool strategy","meta":{"rootId":"zlj9gkw465e75te","id":"hbfusz88deu2xm8"},"id":"l09jdjq61jdblff","previousOperationId":"pp3boxsqnro7m73"}
{"type":"log","timestamp":1677257626533,"level":"debug","message":"Page request: GET (document) file:///C:/Users/pollo/AppData/Local/Temp/jsreport/autocleanup/3645201d-e00e-476d-ac6d-4393cc6031d1-chrome-pdf.html","meta":{"rootId":"zlj9gkw465e75te","id":"hbfusz88deu2xm8"},"id":"xnn9zktkld5vdxn","previousOperationId":"pp3boxsqnro7m73"}
{"type":"log","timestamp":1677257626542,"level":"debug","message":"Page request finished: GET (document) 200 file:///C:/Users/pollo/AppData/Local/Temp/jsreport/autocleanup/3645201d-e00e-476d-ac6d-4393cc6031d1-chrome-pdf.html","meta":{"rootId":"zlj9gkw465e75te","id":"hbfusz88deu2xm8"},"id":"6gjfz364xd8jhve","previousOperationId":"pp3boxsqnro7m73"}
{"type":"log","timestamp":1677257626543,"level":"debug","message":"Page request: GET (stylesheet) https://cdnjs.cloudflare.com/ajax/libs/metro/4.1.5/css/metro.min.css","meta":{"rootId":"zlj9gkw465e75te","id":"hbfusz88deu2xm8"},"id":"ezrh0g7cvf33rpt","previousOperationId":"pp3boxsqnro7m73"}
{"type":"log","timestamp":1677257626564,"level":"debug","message":"Page request finished: GET (stylesheet) 200 https://cdnjs.cloudflare.com/ajax/libs/metro/4.1.5/css/metro.min.css","meta":{"rootId":"zlj9gkw465e75te","id":"hbfusz88deu2xm8"},"id":"2ukpppbscwr5h5a","previousOperationId":"pp3boxsqnro7m73"}
{"type":"log","timestamp":1677257626585,"level":"debug","message":"Running chrome with params {\"printBackground\":true,\"marginTop\":\"1.5cm\",\"marginRight\":\"1.5cm\",\"marginLeft\":\"1.cm\",\"timeout\":59381,\"margin\":{\"top\":\"1.5cm\",\"right\":\"1.5cm\",\"left\":\"1.cm\"}}","meta":{"rootId":"zlj9gkw465e75te","id":"hbfusz88deu2xm8"},"id":"d35cl2rcq1r1khg","previousOperationId":"pp3boxsqnro7m73"}
{"type":"operationEnd","operationId":"pp3boxsqnro7m73","timestamp":1677257626641,"id":"jwzwvmgna032sce","previousEventId":"799ixgpz42ruw71","previousOperationId":"pp3boxsqnro7m73"}
{"type":"log","timestamp":1677257626641,"level":"debug","message":"Skipping storing report.","meta":{"rootId":"zlj9gkw465e75te","id":"hbfusz88deu2xm8"},"id":"78cwjmxneseufhs","previousOperationId":"pp3boxsqnro7m73"}
{"type":"log","timestamp":1677257626641,"level":"info","message":"Rendering (child) request finished in 819 ms","meta":{"rootId":"zlj9gkw465e75te","id":"hbfusz88deu2xm8"},"id":"t7wlcaaootk0m5t","previousOperationId":"pp3boxsqnro7m73"}
{"type":"operationEnd","subtype":"render","operationId":"ww3na830i267f1t","timestamp":1677257626641,"id":"pg4yhb22xvxq4sx","previousEventId":"jwzwvmgna032sce","previousOperationId":"pp3boxsqnro7m73"}
{"type":"operationEnd","operationId":"5859s94pswsj2vu","timestamp":1677257626655,"id":"qgms4tnubzh8hvy","previousEventId":"12b4aljlpoatkbp","previousOperationId":"5859s94pswsj2vu"}
{"type":"log","timestamp":1677257626655,"level":"debug","message":"pdf-utils postproces start","meta":{"rootId":"zlj9gkw465e75te","id":"zlj9gkw465e75te"},"id":"stbonnumxwk5vpo","previousOperationId":"5859s94pswsj2vu"}
{"type":"log","timestamp":1677257626664,"level":"debug","message":"pdf-utils postproces end","meta":{"rootId":"zlj9gkw465e75te","id":"zlj9gkw465e75te"},"id":"dvq5rzwda6g6iv8","previousOperationId":"5859s94pswsj2vu"}
{"type":"operationEnd","operationId":"c1ruraq8zlap57w","timestamp":1677257626664,"id":"cg0zot0blxvx66a","previousEventId":"qgms4tnubzh8hvy","previousOperationId":"5859s94pswsj2vu"}
{"type":"log","timestamp":1677257626664,"level":"info","message":"pdf-utils pdf processing was finished","meta":{"rootId":"zlj9gkw465e75te","id":"zlj9gkw465e75te"},"id":"j3z4q49jqkecxl2","previousOperationId":"c1ruraq8zlap57w"}
{"type":"log","timestamp":1677257626664,"level":"debug","message":"Skipping storing report.","meta":{"rootId":"zlj9gkw465e75te","id":"zlj9gkw465e75te"},"id":"rvuc8m2n9bkaxdc","previousOperationId":"c1ruraq8zlap57w"}
{"type":"log","timestamp":1677257626664,"level":"info","message":"Rendering request 4 finished in 842 ms","meta":{"rootId":"zlj9gkw465e75te","id":"zlj9gkw465e75te"},"id":"ausklymm7ulg4g7","previousOperationId":"c1ruraq8zlap57w"}
{"type":"operationEnd","subtype":"render","operationId":"rtpze5a8fup59h5","timestamp":1677257626664,"id":"9yywgenn39qmsce","previousEventId":"cg0zot0blxvx66a","previousOperationId":"c1ruraq8zlap57w"}
{"type":"operationEnd","doDiffs":false,"previousEventId":"uts8wimagim4pws","previousOperationId":"t30gm4cr8dv649l","operationId":"t30gm4cr8dv649l","timestamp":1677257626672,"id":"idk5lktym5b7jgb"}
