{"type":"operationStart","subtype":"profile","data":{"_id":"tDPkWfs62TxGTyqE","timestamp":"2023-02-10T18:56:54.754Z","state":"queued","mode":"standard","creationDate":"2023-02-10T18:56:54.756Z","modificationDate":"2023-02-10T18:56:54.756Z","shortid":"-SYx2FK","$entitySet":"profiles"},"doDiffs":false,"timestamp":1676055414755,"id":"z39eh10imwi4oyx","previousOperationId":null,"operationId":"r41efz6al64a6i7"}
{"type":"log","level":"info","message":"Render request 8 queued for execution and waiting for available worker","previousOperationId":"r41efz6al64a6i7","timestamp":1676055414755,"id":"69aljlayhmsk41c"}
{"type":"operationStart","subtype":"render","name":"authors-main","previousOperationId":"r41efz6al64a6i7","timestamp":1676055414762,"id":"m4be9q4ls34yukm","previousEventId":"z39eh10imwi4oyx","operationId":"0s6m095epvd7xez"}
{"type":"log","timestamp":1676055414763,"level":"info","message":"Starting rendering request 8","meta":{"rootId":"0khopkyzef8bw27","id":"0khopkyzef8bw27"},"id":"qh8fh8tfultl0dp","previousOperationId":"0s6m095epvd7xez"}
{"type":"log","timestamp":1676055414763,"level":"info","message":"Rendering template { name: authors-main, recipe: chrome-pdf, engine: handlebars, preview: false }","meta":{"rootId":"0khopkyzef8bw27","id":"0khopkyzef8bw27"},"id":"too5fhyblgl16bx","previousOperationId":"0s6m095epvd7xez"}
{"type":"log","timestamp":1676055414764,"level":"debug","message":"Data item not defined for this template.","meta":{"rootId":"0khopkyzef8bw27","id":"0khopkyzef8bw27"},"id":"z3ct6dezwdcxyxz","previousOperationId":"0s6m095epvd7xez"}
{"type":"log","timestamp":1676055414770,"level":"debug","message":"Executing script authors-script (beforeRender)","meta":{"rootId":"0khopkyzef8bw27","id":"0khopkyzef8bw27"},"id":"q4nbe5hfrgnbqjc","previousOperationId":"0s6m095epvd7xez"}
{"type":"operationStart","subtype":"scriptsBeforeRender","name":"scripts beforeRender","timestamp":1676055414805,"id":"xmrrd8adby45f3j","previousEventId":"m4be9q4ls34yukm","operationId":"6wxghszv9blxafj","previousOperationId":"0s6m095epvd7xez"}
{"type":"operationStart","subtype":"script","name":"scripts authors-script","previousOperationId":"6wxghszv9blxafj","timestamp":1676055414805,"id":"kv8zuwbej86m0ah","previousEventId":"xmrrd8adby45f3j","operationId":"6jz8mjak9zu4yc0"}
{"type":"log","timestamp":1676055415037,"level":"debug","message":"(console:log) [ 2, 4 ]","meta":{"userLevel":true,"rootId":"0khopkyzef8bw27","id":"0khopkyzef8bw27"},"id":"a0mebxmehe6jrg4","previousOperationId":"6jz8mjak9zu4yc0"}
{"type":"operationEnd","operationId":"6jz8mjak9zu4yc0","timestamp":1676055415038,"id":"g9xwsyc7krt64pq","previousEventId":"m4be9q4ls34yukm","previousOperationId":"0s6m095epvd7xez"}
{"type":"operationEnd","operationId":"6wxghszv9blxafj","timestamp":1676055415038,"id":"zg9rmqde1qkkwre","previousEventId":"g9xwsyc7krt64pq","previousOperationId":"0s6m095epvd7xez"}
{"type":"log","timestamp":1676055415038,"level":"debug","message":"Base url not specified, skipping its injection.","meta":{"rootId":"0khopkyzef8bw27","id":"0khopkyzef8bw27"},"id":"6s5crlqoi7s5rnf","previousOperationId":"6wxghszv9blxafj"}
{"type":"operationStart","subtype":"engine","name":"handlebars","timestamp":1676055415038,"id":"otch9hsxhfqi5eb","previousEventId":"zg9rmqde1qkkwre","operationId":"eh4hamkcmcfid1h","previousOperationId":"6wxghszv9blxafj"}
{"type":"log","timestamp":1676055415038,"level":"debug","message":"Rendering engine handlebars","meta":{"rootId":"0khopkyzef8bw27","id":"0khopkyzef8bw27"},"id":"wmuk79xpfhexy9o","previousOperationId":"eh4hamkcmcfid1h"}
{"type":"operationEnd","operationId":"eh4hamkcmcfid1h","timestamp":1676055415047,"id":"0ntjibrsd1xx9cd","previousEventId":"otch9hsxhfqi5eb","previousOperationId":"eh4hamkcmcfid1h"}
{"type":"operationStart","subtype":"recipe","name":"chrome-pdf","timestamp":1676055415047,"id":"0xttazr4lkdxcz5","previousEventId":"0ntjibrsd1xx9cd","operationId":"ivej78i3ogmhm3e","previousOperationId":"eh4hamkcmcfid1h"}
{"type":"log","timestamp":1676055415047,"level":"debug","message":"Executing recipe chrome-pdf","meta":{"rootId":"0khopkyzef8bw27","id":"0khopkyzef8bw27"},"id":"ah75c4w4xtvtboz","previousOperationId":"ivej78i3ogmhm3e"}
{"type":"log","timestamp":1676055415049,"level":"debug","message":"Converting with chrome HeadlessChrome/105.0.5173.0 using chrome-pool strategy","meta":{"rootId":"0khopkyzef8bw27","id":"0khopkyzef8bw27"},"id":"94sciun1hpmbir1","previousOperationId":"ivej78i3ogmhm3e"}
{"type":"log","timestamp":1676055415138,"level":"debug","message":"Page request: GET (document) file:///C:/Users/pollo/AppData/Local/Temp/jsreport/autocleanup/9ef16cb2-7c42-484f-9745-74a13ca68360-chrome-pdf.html","meta":{"rootId":"0khopkyzef8bw27","id":"0khopkyzef8bw27"},"id":"szlmm671uzql3cq","previousOperationId":"ivej78i3ogmhm3e"}
{"type":"log","timestamp":1676055415148,"level":"debug","message":"Page request finished: GET (document) 200 file:///C:/Users/pollo/AppData/Local/Temp/jsreport/autocleanup/9ef16cb2-7c42-484f-9745-74a13ca68360-chrome-pdf.html","meta":{"rootId":"0khopkyzef8bw27","id":"0khopkyzef8bw27"},"id":"cb1g259jastvmc3","previousOperationId":"ivej78i3ogmhm3e"}
{"type":"log","timestamp":1676055415148,"level":"debug","message":"Page request: GET (stylesheet) https://cdnjs.cloudflare.com/ajax/libs/metro/4.1.5/css/metro.min.css","meta":{"rootId":"0khopkyzef8bw27","id":"0khopkyzef8bw27"},"id":"r5u2dw6y4y0gf21","previousOperationId":"ivej78i3ogmhm3e"}
{"type":"log","timestamp":1676055415148,"level":"debug","message":"Page request: GET (script) https://cdn.jsdelivr.net/npm/chart.js","meta":{"rootId":"0khopkyzef8bw27","id":"0khopkyzef8bw27"},"id":"1hl3uazhg41hwz3","previousOperationId":"ivej78i3ogmhm3e"}
{"type":"log","timestamp":1676055415154,"level":"debug","message":"Page request finished: GET (script) 200 https://cdn.jsdelivr.net/npm/chart.js","meta":{"rootId":"0khopkyzef8bw27","id":"0khopkyzef8bw27"},"id":"l7btzo1ocoy6epd","previousOperationId":"ivej78i3ogmhm3e"}
{"type":"log","timestamp":1676055415170,"level":"debug","message":"Page request finished: GET (stylesheet) 200 https://cdnjs.cloudflare.com/ajax/libs/metro/4.1.5/css/metro.min.css","meta":{"rootId":"0khopkyzef8bw27","id":"0khopkyzef8bw27"},"id":"k1kbfn5lf898prl","previousOperationId":"ivej78i3ogmhm3e"}
{"type":"log","timestamp":1676055415265,"level":"debug","message":"Running chrome with params {\"printBackground\":true,\"marginTop\":\"4cm\",\"marginRight\":\"1.5cm\",\"marginBottom\":\"1.5cm\",\"marginLeft\":\"1.5cm\",\"waitForJS\":false,\"timeout\":59704,\"margin\":{\"top\":\"4cm\",\"right\":\"1.5cm\",\"bottom\":\"1.5cm\",\"left\":\"1.5cm\"}}","meta":{"rootId":"0khopkyzef8bw27","id":"0khopkyzef8bw27"},"id":"ylaqnjfny4zhpw5","previousOperationId":"ivej78i3ogmhm3e"}
{"type":"operationEnd","operationId":"ivej78i3ogmhm3e","timestamp":1676055415349,"id":"r4aw51r1g2sq2nh","previousEventId":"0xttazr4lkdxcz5","previousOperationId":"ivej78i3ogmhm3e"}
{"type":"log","timestamp":1676055415349,"level":"info","message":"pdf-utils is starting pdf processing","meta":{"rootId":"0khopkyzef8bw27","id":"0khopkyzef8bw27"},"id":"h0913on878zvo4x","previousOperationId":"ivej78i3ogmhm3e"}
{"type":"operationStart","subtype":"pdfUtils","name":"pdf utils","timestamp":1676055415349,"id":"wrcxtq9tpmgfobi","previousEventId":"r4aw51r1g2sq2nh","operationId":"lc7kbjqcjmzurii","previousOperationId":"ivej78i3ogmhm3e"}
{"type":"log","timestamp":1676055415349,"level":"debug","message":"pdf-utils detected 1 pdf operation(s) to process","meta":{"rootId":"0khopkyzef8bw27","id":"0khopkyzef8bw27"},"id":"sn7tpvr7tbm31qt","previousOperationId":"lc7kbjqcjmzurii"}
{"type":"log","timestamp":1676055415366,"level":"debug","message":"pdf-utils running pdf operation merge","meta":{"rootId":"0khopkyzef8bw27","id":"0khopkyzef8bw27"},"id":"ssjeiissbqkyl7m","previousOperationId":"lc7kbjqcjmzurii"}
{"type":"operationStart","subtype":"pdfUtilsMerge","name":"pdf utils merge","previousOperationId":"lc7kbjqcjmzurii","timestamp":1676055415366,"id":"tjmcf6m1ug81no6","previousEventId":"wrcxtq9tpmgfobi","operationId":"9cavr3txdugnzx2"}
{"type":"operationStart","subtype":"render","name":"authors-header","previousOperationId":"9cavr3txdugnzx2","timestamp":1676055415367,"id":"bz3xenxhfjk5kl7","previousEventId":"tjmcf6m1ug81no6","operationId":"tm2l9lxpg3x8lku"}
{"type":"log","timestamp":1676055415367,"level":"info","message":"Starting rendering (child) request","meta":{"rootId":"0khopkyzef8bw27","id":"xxtdemuoajrupm1"},"id":"6zcj29ndmjkwagf","previousOperationId":"tm2l9lxpg3x8lku"}
{"type":"log","timestamp":1676055415367,"level":"info","message":"Rendering template { name: authors-header, recipe: chrome-pdf, engine: handlebars, preview: false }","meta":{"rootId":"0khopkyzef8bw27","id":"xxtdemuoajrupm1"},"id":"iokqdt2gdr5c046","previousOperationId":"tm2l9lxpg3x8lku"}
{"type":"log","timestamp":1676055415368,"level":"debug","message":"Inline data specified.","meta":{"rootId":"0khopkyzef8bw27","id":"xxtdemuoajrupm1"},"id":"1oqaybl2o7m57j6","previousOperationId":"tm2l9lxpg3x8lku"}
{"type":"log","timestamp":1676055415370,"level":"debug","message":"Base url not specified, skipping its injection.","meta":{"rootId":"0khopkyzef8bw27","id":"xxtdemuoajrupm1"},"id":"6msaxhjprg2yl2z","previousOperationId":"tm2l9lxpg3x8lku"}
{"type":"operationStart","subtype":"engine","name":"handlebars","timestamp":1676055415370,"id":"99duj0d2ur2xte4","previousEventId":"bz3xenxhfjk5kl7","operationId":"q0q2ms7u6un50x9","previousOperationId":"tm2l9lxpg3x8lku"}
{"type":"log","timestamp":1676055415370,"level":"debug","message":"Rendering engine handlebars","meta":{"rootId":"0khopkyzef8bw27","id":"xxtdemuoajrupm1"},"id":"9qczitfa8hu3yhk","previousOperationId":"q0q2ms7u6un50x9"}
{"type":"operationEnd","operationId":"q0q2ms7u6un50x9","timestamp":1676055415385,"id":"e2ppxn90sv8m10o","previousEventId":"99duj0d2ur2xte4","previousOperationId":"q0q2ms7u6un50x9"}
{"type":"operationStart","subtype":"recipe","name":"chrome-pdf","timestamp":1676055415385,"id":"kuakm1m6rc44o8g","previousEventId":"e2ppxn90sv8m10o","operationId":"hg60gryrmnpnumi","previousOperationId":"q0q2ms7u6un50x9"}
{"type":"log","timestamp":1676055415385,"level":"debug","message":"Executing recipe chrome-pdf","meta":{"rootId":"0khopkyzef8bw27","id":"xxtdemuoajrupm1"},"id":"dvq94v6kplfy4ek","previousOperationId":"hg60gryrmnpnumi"}
{"type":"log","timestamp":1676055415387,"level":"debug","message":"Converting with chrome HeadlessChrome/105.0.5173.0 using chrome-pool strategy","meta":{"rootId":"0khopkyzef8bw27","id":"xxtdemuoajrupm1"},"id":"3kzr12mt66a0obf","previousOperationId":"hg60gryrmnpnumi"}
{"type":"log","timestamp":1676055415485,"level":"debug","message":"Page request: GET (document) file:///C:/Users/pollo/AppData/Local/Temp/jsreport/autocleanup/8837193c-1f40-4100-971e-2ceff6fc0433-chrome-pdf.html","meta":{"rootId":"0khopkyzef8bw27","id":"xxtdemuoajrupm1"},"id":"eawlbtt1yzk4nb5","previousOperationId":"hg60gryrmnpnumi"}
{"type":"log","timestamp":1676055415497,"level":"debug","message":"Page request finished: GET (document) 200 file:///C:/Users/pollo/AppData/Local/Temp/jsreport/autocleanup/8837193c-1f40-4100-971e-2ceff6fc0433-chrome-pdf.html","meta":{"rootId":"0khopkyzef8bw27","id":"xxtdemuoajrupm1"},"id":"jjjzzgy94v096f9","previousOperationId":"hg60gryrmnpnumi"}
{"type":"log","timestamp":1676055415497,"level":"debug","message":"Page request: GET (stylesheet) https://cdnjs.cloudflare.com/ajax/libs/metro/4.1.5/css/metro.min.css","meta":{"rootId":"0khopkyzef8bw27","id":"xxtdemuoajrupm1"},"id":"gbajly0uzi65skg","previousOperationId":"hg60gryrmnpnumi"}
{"type":"log","timestamp":1676055415518,"level":"debug","message":"Page request finished: GET (stylesheet) 200 https://cdnjs.cloudflare.com/ajax/libs/metro/4.1.5/css/metro.min.css","meta":{"rootId":"0khopkyzef8bw27","id":"xxtdemuoajrupm1"},"id":"n1itmx3xwhdnmjk","previousOperationId":"hg60gryrmnpnumi"}
{"type":"log","timestamp":1676055415539,"level":"debug","message":"Running chrome with params {\"printBackground\":true,\"marginTop\":\"1.5cm\",\"marginRight\":\"1.5cm\",\"marginLeft\":\"1.cm\",\"timeout\":59366,\"margin\":{\"top\":\"1.5cm\",\"right\":\"1.5cm\",\"left\":\"1.cm\"}}","meta":{"rootId":"0khopkyzef8bw27","id":"xxtdemuoajrupm1"},"id":"6mhgi92brtu0eva","previousOperationId":"hg60gryrmnpnumi"}
{"type":"operationEnd","operationId":"hg60gryrmnpnumi","timestamp":1676055415600,"id":"2uq4uafm33nakn7","previousEventId":"kuakm1m6rc44o8g","previousOperationId":"hg60gryrmnpnumi"}
{"type":"log","timestamp":1676055415600,"level":"debug","message":"Skipping storing report.","meta":{"rootId":"0khopkyzef8bw27","id":"xxtdemuoajrupm1"},"id":"y1qcv4y0ge6xlqo","previousOperationId":"hg60gryrmnpnumi"}
{"type":"log","timestamp":1676055415600,"level":"info","message":"Rendering (child) request finished in 847 ms","meta":{"rootId":"0khopkyzef8bw27","id":"xxtdemuoajrupm1"},"id":"3ftlyza0z2k4hr9","previousOperationId":"hg60gryrmnpnumi"}
{"type":"operationEnd","subtype":"render","operationId":"tm2l9lxpg3x8lku","timestamp":1676055415601,"id":"sp6omgrod723zz1","previousEventId":"2uq4uafm33nakn7","previousOperationId":"hg60gryrmnpnumi"}
{"type":"operationEnd","operationId":"9cavr3txdugnzx2","timestamp":1676055415612,"id":"vridg275m3f9urz","previousEventId":"tjmcf6m1ug81no6","previousOperationId":"9cavr3txdugnzx2"}
{"type":"log","timestamp":1676055415612,"level":"debug","message":"pdf-utils postproces start","meta":{"rootId":"0khopkyzef8bw27","id":"0khopkyzef8bw27"},"id":"7rnqo7yzbwvdrv5","previousOperationId":"9cavr3txdugnzx2"}
{"type":"log","timestamp":1676055415619,"level":"debug","message":"pdf-utils postproces end","meta":{"rootId":"0khopkyzef8bw27","id":"0khopkyzef8bw27"},"id":"j0n1renb0s5fywa","previousOperationId":"9cavr3txdugnzx2"}
{"type":"operationEnd","operationId":"lc7kbjqcjmzurii","timestamp":1676055415619,"id":"kmwtrxl73wikdkb","previousEventId":"vridg275m3f9urz","previousOperationId":"9cavr3txdugnzx2"}
{"type":"log","timestamp":1676055415619,"level":"info","message":"pdf-utils pdf processing was finished","meta":{"rootId":"0khopkyzef8bw27","id":"0khopkyzef8bw27"},"id":"nv8kzmi3wmv08sy","previousOperationId":"lc7kbjqcjmzurii"}
{"type":"log","timestamp":1676055415619,"level":"debug","message":"Skipping storing report.","meta":{"rootId":"0khopkyzef8bw27","id":"0khopkyzef8bw27"},"id":"srkwfvcskrwfv88","previousOperationId":"lc7kbjqcjmzurii"}
{"type":"log","timestamp":1676055415619,"level":"info","message":"Rendering request 8 finished in 866 ms","meta":{"rootId":"0khopkyzef8bw27","id":"0khopkyzef8bw27"},"id":"pl1pqhibyeyxh7r","previousOperationId":"lc7kbjqcjmzurii"}
{"type":"operationEnd","subtype":"render","operationId":"0s6m095epvd7xez","timestamp":1676055415619,"id":"a9h0mt20kx90zrk","previousEventId":"kmwtrxl73wikdkb","previousOperationId":"lc7kbjqcjmzurii"}
{"type":"operationEnd","doDiffs":false,"previousEventId":"z39eh10imwi4oyx","previousOperationId":"r41efz6al64a6i7","operationId":"r41efz6al64a6i7","timestamp":1676055415625,"id":"yfzaaj1j2m0z89u"}
