{"type":"operationStart","subtype":"profile","data":{"_id":"v47ya8dTl4DHOhJw","timestamp":"2023-02-10T18:51:33.200Z","state":"queued","mode":"standard","creationDate":"2023-02-10T18:51:33.204Z","modificationDate":"2023-02-10T18:51:33.204Z","shortid":"v6m-3vd","$entitySet":"profiles"},"doDiffs":false,"timestamp":1676055093201,"id":"qiqi3vflrtw4txo","previousOperationId":null,"operationId":"zvvph6m4jex3c2v"}
{"type":"log","level":"info","message":"Render request 2 queued for execution and waiting for available worker","previousOperationId":"zvvph6m4jex3c2v","timestamp":1676055093202,"id":"hlfzx9k7y81uyjk"}
{"type":"operationStart","subtype":"render","name":"authors-main","previousOperationId":"zvvph6m4jex3c2v","timestamp":1676055093209,"id":"tuvf150sopwjnjq","previousEventId":"qiqi3vflrtw4txo","operationId":"l80h55acvfrc00a"}
{"type":"log","timestamp":1676055093209,"level":"info","message":"Starting rendering request 2","meta":{"rootId":"13hb87avnhdtucy","id":"13hb87avnhdtucy"},"id":"lujdfo6293muqij","previousOperationId":"l80h55acvfrc00a"}
{"type":"log","timestamp":1676055093209,"level":"info","message":"Rendering template { name: authors-main, recipe: chrome-pdf, engine: handlebars, preview: false }","meta":{"rootId":"13hb87avnhdtucy","id":"13hb87avnhdtucy"},"id":"10wydom4ghkbyb8","previousOperationId":"l80h55acvfrc00a"}
{"type":"log","timestamp":1676055093210,"level":"debug","message":"Data item not defined for this template.","meta":{"rootId":"13hb87avnhdtucy","id":"13hb87avnhdtucy"},"id":"5gjz0hfz0al4m2w","previousOperationId":"l80h55acvfrc00a"}
{"type":"log","timestamp":1676055093215,"level":"debug","message":"Executing script authors-script (beforeRender)","meta":{"rootId":"13hb87avnhdtucy","id":"13hb87avnhdtucy"},"id":"9k3s9ntj15va7hm","previousOperationId":"l80h55acvfrc00a"}
{"type":"operationStart","subtype":"scriptsBeforeRender","name":"scripts beforeRender","timestamp":1676055093248,"id":"quu13o0p3axmxmq","previousEventId":"tuvf150sopwjnjq","operationId":"yz6vfgcxo9ejc7c","previousOperationId":"l80h55acvfrc00a"}
{"type":"operationStart","subtype":"script","name":"scripts authors-script","previousOperationId":"yz6vfgcxo9ejc7c","timestamp":1676055093248,"id":"dd4g99j4ncsj3bi","previousEventId":"quu13o0p3axmxmq","operationId":"unxs0jxkbtrp0dx"}
{"type":"log","timestamp":1676055093519,"level":"debug","message":"(console:log) [ 2, 4 ]","meta":{"userLevel":true,"rootId":"13hb87avnhdtucy","id":"13hb87avnhdtucy"},"id":"kmjv67iwatndlhk","previousOperationId":"unxs0jxkbtrp0dx"}
{"type":"operationEnd","operationId":"unxs0jxkbtrp0dx","timestamp":1676055093520,"id":"4fo21tbxg30pomy","previousEventId":"tuvf150sopwjnjq","previousOperationId":"l80h55acvfrc00a"}
{"type":"operationEnd","operationId":"yz6vfgcxo9ejc7c","timestamp":1676055093520,"id":"k7uvggl8c4h194h","previousEventId":"4fo21tbxg30pomy","previousOperationId":"l80h55acvfrc00a"}
{"type":"log","timestamp":1676055093520,"level":"debug","message":"Base url not specified, skipping its injection.","meta":{"rootId":"13hb87avnhdtucy","id":"13hb87avnhdtucy"},"id":"ltu3mt62d04q23b","previousOperationId":"yz6vfgcxo9ejc7c"}
{"type":"operationStart","subtype":"engine","name":"handlebars","timestamp":1676055093521,"id":"beel3u88jykx7jq","previousEventId":"k7uvggl8c4h194h","operationId":"okbxhbww77l1pmn","previousOperationId":"yz6vfgcxo9ejc7c"}
{"type":"log","timestamp":1676055093521,"level":"debug","message":"Rendering engine handlebars","meta":{"rootId":"13hb87avnhdtucy","id":"13hb87avnhdtucy"},"id":"on2u6xfmoglazdu","previousOperationId":"okbxhbww77l1pmn"}
{"type":"operationEnd","operationId":"okbxhbww77l1pmn","timestamp":1676055093530,"id":"bcv97h184hw9bos","previousEventId":"beel3u88jykx7jq","previousOperationId":"okbxhbww77l1pmn"}
{"type":"operationStart","subtype":"recipe","name":"chrome-pdf","timestamp":1676055093530,"id":"79qzsordtvk2irq","previousEventId":"bcv97h184hw9bos","operationId":"0fh1u3l2kz3bc75","previousOperationId":"okbxhbww77l1pmn"}
{"type":"log","timestamp":1676055093530,"level":"debug","message":"Executing recipe chrome-pdf","meta":{"rootId":"13hb87avnhdtucy","id":"13hb87avnhdtucy"},"id":"k5lxfxbymmh4jwj","previousOperationId":"0fh1u3l2kz3bc75"}
{"type":"log","timestamp":1676055093533,"level":"debug","message":"Converting with chrome HeadlessChrome/105.0.5173.0 using chrome-pool strategy","meta":{"rootId":"13hb87avnhdtucy","id":"13hb87avnhdtucy"},"id":"0xdq60ccqv1ldqp","previousOperationId":"0fh1u3l2kz3bc75"}
{"type":"log","timestamp":1676055093995,"level":"debug","message":"Page request: GET (document) file:///C:/Users/pollo/AppData/Local/Temp/jsreport/autocleanup/84df066c-689d-4b58-bd20-3bc00fc07d8f-chrome-pdf.html","meta":{"rootId":"13hb87avnhdtucy","id":"13hb87avnhdtucy"},"id":"hzfxsngqdvwkojh","previousOperationId":"0fh1u3l2kz3bc75"}
{"type":"log","timestamp":1676055094016,"level":"debug","message":"Page request: GET (stylesheet) https://cdnjs.cloudflare.com/ajax/libs/metro/4.1.5/css/metro.min.css","meta":{"rootId":"13hb87avnhdtucy","id":"13hb87avnhdtucy"},"id":"5lekiuuf7th5aaj","previousOperationId":"0fh1u3l2kz3bc75"}
{"type":"log","timestamp":1676055094017,"level":"debug","message":"Page request finished: GET (document) 200 file:///C:/Users/pollo/AppData/Local/Temp/jsreport/autocleanup/84df066c-689d-4b58-bd20-3bc00fc07d8f-chrome-pdf.html","meta":{"rootId":"13hb87avnhdtucy","id":"13hb87avnhdtucy"},"id":"2h3pfq8dl91n7jl","previousOperationId":"0fh1u3l2kz3bc75"}
{"type":"log","timestamp":1676055094017,"level":"debug","message":"Page request: GET (script) https://cdn.jsdelivr.net/npm/chart.js","meta":{"rootId":"13hb87avnhdtucy","id":"13hb87avnhdtucy"},"id":"cixdq28dn37maq5","previousOperationId":"0fh1u3l2kz3bc75"}
{"type":"log","timestamp":1676055094056,"level":"debug","message":"Page request finished: GET (stylesheet) 200 https://cdnjs.cloudflare.com/ajax/libs/metro/4.1.5/css/metro.min.css","meta":{"rootId":"13hb87avnhdtucy","id":"13hb87avnhdtucy"},"id":"c72qnaz7d62k4lq","previousOperationId":"0fh1u3l2kz3bc75"}
{"type":"log","timestamp":1676055094056,"level":"debug","message":"Page request finished: GET (script) 200 https://cdn.jsdelivr.net/npm/chart.js","meta":{"rootId":"13hb87avnhdtucy","id":"13hb87avnhdtucy"},"id":"5hesnge5eut405a","previousOperationId":"0fh1u3l2kz3bc75"}
{"type":"log","timestamp":1676055094280,"level":"debug","message":"Running chrome with params {\"printBackground\":true,\"marginTop\":\"4cm\",\"marginRight\":\"1.5cm\",\"marginBottom\":\"1.5cm\",\"marginLeft\":\"1.5cm\",\"waitForJS\":false,\"timeout\":59667,\"margin\":{\"top\":\"4cm\",\"right\":\"1.5cm\",\"bottom\":\"1.5cm\",\"left\":\"1.5cm\"}}","meta":{"rootId":"13hb87avnhdtucy","id":"13hb87avnhdtucy"},"id":"lbo0ab0i1tiaf84","previousOperationId":"0fh1u3l2kz3bc75"}
{"type":"operationEnd","operationId":"0fh1u3l2kz3bc75","timestamp":1676055094364,"id":"5kk15bdknhw3j11","previousEventId":"79qzsordtvk2irq","previousOperationId":"0fh1u3l2kz3bc75"}
{"type":"log","timestamp":1676055094364,"level":"info","message":"pdf-utils is starting pdf processing","meta":{"rootId":"13hb87avnhdtucy","id":"13hb87avnhdtucy"},"id":"r0rewru64yo2jh9","previousOperationId":"0fh1u3l2kz3bc75"}
{"type":"operationStart","subtype":"pdfUtils","name":"pdf utils","timestamp":1676055094364,"id":"89wg48b51baj5vd","previousEventId":"5kk15bdknhw3j11","operationId":"nxbuc41psof6y4r","previousOperationId":"0fh1u3l2kz3bc75"}
{"type":"log","timestamp":1676055094364,"level":"debug","message":"pdf-utils detected 1 pdf operation(s) to process","meta":{"rootId":"13hb87avnhdtucy","id":"13hb87avnhdtucy"},"id":"8noxu0rzgaw34bd","previousOperationId":"nxbuc41psof6y4r"}
{"type":"log","timestamp":1676055094395,"level":"debug","message":"pdf-utils running pdf operation merge","meta":{"rootId":"13hb87avnhdtucy","id":"13hb87avnhdtucy"},"id":"hf8objjsi350su7","previousOperationId":"nxbuc41psof6y4r"}
{"type":"operationStart","subtype":"pdfUtilsMerge","name":"pdf utils merge","previousOperationId":"nxbuc41psof6y4r","timestamp":1676055094395,"id":"cwllyixcpz2xsdp","previousEventId":"89wg48b51baj5vd","operationId":"btfknuw3sximrbc"}
{"type":"operationStart","subtype":"render","name":"authors-header","previousOperationId":"btfknuw3sximrbc","timestamp":1676055094396,"id":"utp7cbdknnjhgz2","previousEventId":"cwllyixcpz2xsdp","operationId":"s66z1yxnjulydfd"}
{"type":"log","timestamp":1676055094396,"level":"info","message":"Starting rendering (child) request","meta":{"rootId":"13hb87avnhdtucy","id":"wpxvbwlwdyh2clw"},"id":"a5slyix2n4ea718","previousOperationId":"s66z1yxnjulydfd"}
{"type":"log","timestamp":1676055094397,"level":"info","message":"Rendering template { name: authors-header, recipe: chrome-pdf, engine: handlebars, preview: false }","meta":{"rootId":"13hb87avnhdtucy","id":"wpxvbwlwdyh2clw"},"id":"h2y1rxsye7wbg1i","previousOperationId":"s66z1yxnjulydfd"}
{"type":"log","timestamp":1676055094400,"level":"debug","message":"Inline data specified.","meta":{"rootId":"13hb87avnhdtucy","id":"wpxvbwlwdyh2clw"},"id":"0lieqfthgw133r3","previousOperationId":"s66z1yxnjulydfd"}
{"type":"log","timestamp":1676055094404,"level":"debug","message":"Base url not specified, skipping its injection.","meta":{"rootId":"13hb87avnhdtucy","id":"wpxvbwlwdyh2clw"},"id":"hb4mnfka7ycs42q","previousOperationId":"s66z1yxnjulydfd"}
{"type":"operationStart","subtype":"engine","name":"handlebars","timestamp":1676055094404,"id":"9ktzh7kwhg60kg8","previousEventId":"utp7cbdknnjhgz2","operationId":"co2kt5rsltvgtg2","previousOperationId":"s66z1yxnjulydfd"}
{"type":"log","timestamp":1676055094404,"level":"debug","message":"Rendering engine handlebars","meta":{"rootId":"13hb87avnhdtucy","id":"wpxvbwlwdyh2clw"},"id":"nymusgsea1jgz3g","previousOperationId":"co2kt5rsltvgtg2"}
{"type":"operationEnd","operationId":"co2kt5rsltvgtg2","timestamp":1676055094420,"id":"c14gwffyj42yl1c","previousEventId":"9ktzh7kwhg60kg8","previousOperationId":"co2kt5rsltvgtg2"}
{"type":"operationStart","subtype":"recipe","name":"chrome-pdf","timestamp":1676055094420,"id":"ym2cb9nvi41kcbp","previousEventId":"c14gwffyj42yl1c","operationId":"p7p0y2wn0f2ro4y","previousOperationId":"co2kt5rsltvgtg2"}
{"type":"log","timestamp":1676055094420,"level":"debug","message":"Executing recipe chrome-pdf","meta":{"rootId":"13hb87avnhdtucy","id":"wpxvbwlwdyh2clw"},"id":"bnb0zfbica9390c","previousOperationId":"p7p0y2wn0f2ro4y"}
{"type":"log","timestamp":1676055094422,"level":"debug","message":"Converting with chrome HeadlessChrome/105.0.5173.0 using chrome-pool strategy","meta":{"rootId":"13hb87avnhdtucy","id":"wpxvbwlwdyh2clw"},"id":"zlceuo3dndry8ib","previousOperationId":"p7p0y2wn0f2ro4y"}
{"type":"log","timestamp":1676055094524,"level":"debug","message":"Page request: GET (document) file:///C:/Users/pollo/AppData/Local/Temp/jsreport/autocleanup/b8f1615c-1fea-4f28-ac05-2699170058a9-chrome-pdf.html","meta":{"rootId":"13hb87avnhdtucy","id":"wpxvbwlwdyh2clw"},"id":"eku863pr4e2mwn4","previousOperationId":"p7p0y2wn0f2ro4y"}
{"type":"log","timestamp":1676055094541,"level":"debug","message":"Page request finished: GET (document) 200 file:///C:/Users/pollo/AppData/Local/Temp/jsreport/autocleanup/b8f1615c-1fea-4f28-ac05-2699170058a9-chrome-pdf.html","meta":{"rootId":"13hb87avnhdtucy","id":"wpxvbwlwdyh2clw"},"id":"e7o381bw9upfv30","previousOperationId":"p7p0y2wn0f2ro4y"}
{"type":"log","timestamp":1676055094541,"level":"debug","message":"Page request: GET (stylesheet) https://cdnjs.cloudflare.com/ajax/libs/metro/4.1.5/css/metro.min.css","meta":{"rootId":"13hb87avnhdtucy","id":"wpxvbwlwdyh2clw"},"id":"svflohkt67qu86e","previousOperationId":"p7p0y2wn0f2ro4y"}
{"type":"log","timestamp":1676055094563,"level":"debug","message":"Page request finished: GET (stylesheet) 200 https://cdnjs.cloudflare.com/ajax/libs/metro/4.1.5/css/metro.min.css","meta":{"rootId":"13hb87avnhdtucy","id":"wpxvbwlwdyh2clw"},"id":"mwyx8ag7nhs38o5","previousOperationId":"p7p0y2wn0f2ro4y"}
{"type":"log","timestamp":1676055094588,"level":"debug","message":"Running chrome with params {\"printBackground\":true,\"marginTop\":\"1.5cm\",\"marginRight\":\"1.5cm\",\"marginLeft\":\"1.cm\",\"timeout\":58777,\"margin\":{\"top\":\"1.5cm\",\"right\":\"1.5cm\",\"left\":\"1.cm\"}}","meta":{"rootId":"13hb87avnhdtucy","id":"wpxvbwlwdyh2clw"},"id":"y99ht3yjnrurww4","previousOperationId":"p7p0y2wn0f2ro4y"}
{"type":"operationEnd","operationId":"p7p0y2wn0f2ro4y","timestamp":1676055094647,"id":"0ctdyse4kkhj9gg","previousEventId":"ym2cb9nvi41kcbp","previousOperationId":"p7p0y2wn0f2ro4y"}
{"type":"log","timestamp":1676055094648,"level":"debug","message":"Skipping storing report.","meta":{"rootId":"13hb87avnhdtucy","id":"wpxvbwlwdyh2clw"},"id":"degpytwckuj8ia6","previousOperationId":"p7p0y2wn0f2ro4y"}
{"type":"log","timestamp":1676055094648,"level":"info","message":"Rendering (child) request finished in 1449 ms","meta":{"rootId":"13hb87avnhdtucy","id":"wpxvbwlwdyh2clw"},"id":"kc8gyc7sy6fjd2l","previousOperationId":"p7p0y2wn0f2ro4y"}
{"type":"operationEnd","subtype":"render","operationId":"s66z1yxnjulydfd","timestamp":1676055094648,"id":"vmh30akh03kdqai","previousEventId":"0ctdyse4kkhj9gg","previousOperationId":"p7p0y2wn0f2ro4y"}
{"type":"operationEnd","operationId":"btfknuw3sximrbc","timestamp":1676055094663,"id":"6e9v71crx89ienw","previousEventId":"cwllyixcpz2xsdp","previousOperationId":"btfknuw3sximrbc"}
{"type":"log","timestamp":1676055094663,"level":"debug","message":"pdf-utils postproces start","meta":{"rootId":"13hb87avnhdtucy","id":"13hb87avnhdtucy"},"id":"qk11datk72engiw","previousOperationId":"btfknuw3sximrbc"}
{"type":"log","timestamp":1676055094671,"level":"debug","message":"pdf-utils postproces end","meta":{"rootId":"13hb87avnhdtucy","id":"13hb87avnhdtucy"},"id":"az1eqk39nx4l9ob","previousOperationId":"btfknuw3sximrbc"}
{"type":"operationEnd","operationId":"nxbuc41psof6y4r","timestamp":1676055094671,"id":"006n0gjyxxjv3t9","previousEventId":"6e9v71crx89ienw","previousOperationId":"btfknuw3sximrbc"}
{"type":"log","timestamp":1676055094671,"level":"info","message":"pdf-utils pdf processing was finished","meta":{"rootId":"13hb87avnhdtucy","id":"13hb87avnhdtucy"},"id":"pnzcqerjhqtdj1m","previousOperationId":"nxbuc41psof6y4r"}
{"type":"log","timestamp":1676055094671,"level":"debug","message":"Skipping storing report.","meta":{"rootId":"13hb87avnhdtucy","id":"13hb87avnhdtucy"},"id":"f53zr6zluxtrds6","previousOperationId":"nxbuc41psof6y4r"}
{"type":"log","timestamp":1676055094671,"level":"info","message":"Rendering request 2 finished in 1472 ms","meta":{"rootId":"13hb87avnhdtucy","id":"13hb87avnhdtucy"},"id":"wuxxxgsx5okmlb2","previousOperationId":"nxbuc41psof6y4r"}
{"type":"operationEnd","subtype":"render","operationId":"l80h55acvfrc00a","timestamp":1676055094672,"id":"tw67vexeum85jcn","previousEventId":"006n0gjyxxjv3t9","previousOperationId":"nxbuc41psof6y4r"}
{"type":"operationEnd","doDiffs":false,"previousEventId":"qiqi3vflrtw4txo","previousOperationId":"zvvph6m4jex3c2v","operationId":"zvvph6m4jex3c2v","timestamp":1676055094676,"id":"x8p3rxk3vudzrqm"}
