{"type":"operationStart","subtype":"profile","data":{"_id":"WmvYtQBY2fIwSLMi","timestamp":"2023-02-10T18:53:21.181Z","state":"queued","mode":"standard","creationDate":"2023-02-10T18:53:21.183Z","modificationDate":"2023-02-10T18:53:21.183Z","shortid":"1RXmq2C","$entitySet":"profiles"},"doDiffs":false,"timestamp":1676055201182,"id":"r1jkbjab2zwgpug","previousOperationId":null,"operationId":"luuhe3ynaiqvp3f"}
{"type":"log","level":"info","message":"Render request 5 queued for execution and waiting for available worker","previousOperationId":"luuhe3ynaiqvp3f","timestamp":1676055201182,"id":"e67cfedwmdc40tz"}
{"type":"operationStart","subtype":"render","name":"authors-main","previousOperationId":"luuhe3ynaiqvp3f","timestamp":1676055201188,"id":"5g4hcswskt93ue8","previousEventId":"r1jkbjab2zwgpug","operationId":"2v4s4vo0834ny4v"}
{"type":"log","timestamp":1676055201188,"level":"info","message":"Starting rendering request 5","meta":{"rootId":"2p7pw2x7ykbk7r3","id":"2p7pw2x7ykbk7r3"},"id":"5gj65onaw6ym4y6","previousOperationId":"2v4s4vo0834ny4v"}
{"type":"log","timestamp":1676055201188,"level":"info","message":"Rendering template { name: authors-main, recipe: chrome-pdf, engine: handlebars, preview: false }","meta":{"rootId":"2p7pw2x7ykbk7r3","id":"2p7pw2x7ykbk7r3"},"id":"2qw1werasfupbgx","previousOperationId":"2v4s4vo0834ny4v"}
{"type":"log","timestamp":1676055201189,"level":"debug","message":"Data item not defined for this template.","meta":{"rootId":"2p7pw2x7ykbk7r3","id":"2p7pw2x7ykbk7r3"},"id":"ja90h4uh4l2sa3d","previousOperationId":"2v4s4vo0834ny4v"}
{"type":"log","timestamp":1676055201193,"level":"debug","message":"Executing script authors-script (beforeRender)","meta":{"rootId":"2p7pw2x7ykbk7r3","id":"2p7pw2x7ykbk7r3"},"id":"8kkuc1r3zfog2uy","previousOperationId":"2v4s4vo0834ny4v"}
{"type":"operationStart","subtype":"scriptsBeforeRender","name":"scripts beforeRender","timestamp":1676055201223,"id":"p965zvskomg0vxe","previousEventId":"5g4hcswskt93ue8","operationId":"ufvrg0u2txs8tsj","previousOperationId":"2v4s4vo0834ny4v"}
{"type":"operationStart","subtype":"script","name":"scripts authors-script","previousOperationId":"ufvrg0u2txs8tsj","timestamp":1676055201223,"id":"jvd0h7gupr5ri2i","previousEventId":"p965zvskomg0vxe","operationId":"asdoet0ineredze"}
{"type":"log","timestamp":1676055201434,"level":"debug","message":"(console:log) [ 2, 4 ]","meta":{"userLevel":true,"rootId":"2p7pw2x7ykbk7r3","id":"2p7pw2x7ykbk7r3"},"id":"c29bsj22h31e8ve","previousOperationId":"asdoet0ineredze"}
{"type":"operationEnd","operationId":"asdoet0ineredze","timestamp":1676055201434,"id":"0z4ryy37lnorra0","previousEventId":"5g4hcswskt93ue8","previousOperationId":"2v4s4vo0834ny4v"}
{"type":"operationEnd","operationId":"ufvrg0u2txs8tsj","timestamp":1676055201434,"id":"xeuh1ho66xb51vq","previousEventId":"0z4ryy37lnorra0","previousOperationId":"2v4s4vo0834ny4v"}
{"type":"log","timestamp":1676055201434,"level":"debug","message":"Base url not specified, skipping its injection.","meta":{"rootId":"2p7pw2x7ykbk7r3","id":"2p7pw2x7ykbk7r3"},"id":"msg4mheeapk33d0","previousOperationId":"ufvrg0u2txs8tsj"}
{"type":"operationStart","subtype":"engine","name":"handlebars","timestamp":1676055201435,"id":"yfeql0vy9m3nz4i","previousEventId":"xeuh1ho66xb51vq","operationId":"nbywkq5zrtl5be6","previousOperationId":"ufvrg0u2txs8tsj"}
{"type":"log","timestamp":1676055201435,"level":"debug","message":"Rendering engine handlebars","meta":{"rootId":"2p7pw2x7ykbk7r3","id":"2p7pw2x7ykbk7r3"},"id":"czjon4jvj4nd3xl","previousOperationId":"nbywkq5zrtl5be6"}
{"type":"operationEnd","operationId":"nbywkq5zrtl5be6","timestamp":1676055201443,"id":"hcg07nnfjfeumtp","previousEventId":"yfeql0vy9m3nz4i","previousOperationId":"nbywkq5zrtl5be6"}
{"type":"operationStart","subtype":"recipe","name":"chrome-pdf","timestamp":1676055201443,"id":"0zjlumnxjwu93a4","previousEventId":"hcg07nnfjfeumtp","operationId":"4ea8ud27fswpozz","previousOperationId":"nbywkq5zrtl5be6"}
{"type":"log","timestamp":1676055201443,"level":"debug","message":"Executing recipe chrome-pdf","meta":{"rootId":"2p7pw2x7ykbk7r3","id":"2p7pw2x7ykbk7r3"},"id":"zqpat77mzu9dkrw","previousOperationId":"4ea8ud27fswpozz"}
{"type":"log","timestamp":1676055201446,"level":"debug","message":"Converting with chrome HeadlessChrome/105.0.5173.0 using chrome-pool strategy","meta":{"rootId":"2p7pw2x7ykbk7r3","id":"2p7pw2x7ykbk7r3"},"id":"1hgdcbcx7waq3m6","previousOperationId":"4ea8ud27fswpozz"}
{"type":"log","timestamp":1676055201553,"level":"debug","message":"Page request: GET (document) file:///C:/Users/pollo/AppData/Local/Temp/jsreport/autocleanup/776cf366-4c7a-4a9b-807b-972f67819b1a-chrome-pdf.html","meta":{"rootId":"2p7pw2x7ykbk7r3","id":"2p7pw2x7ykbk7r3"},"id":"30hcfd5uljurp0p","previousOperationId":"4ea8ud27fswpozz"}
{"type":"log","timestamp":1676055201563,"level":"debug","message":"Page request finished: GET (document) 200 file:///C:/Users/pollo/AppData/Local/Temp/jsreport/autocleanup/776cf366-4c7a-4a9b-807b-972f67819b1a-chrome-pdf.html","meta":{"rootId":"2p7pw2x7ykbk7r3","id":"2p7pw2x7ykbk7r3"},"id":"vgjc9c06nn89glx","previousOperationId":"4ea8ud27fswpozz"}
{"type":"log","timestamp":1676055201563,"level":"debug","message":"Page request: GET (stylesheet) https://cdnjs.cloudflare.com/ajax/libs/metro/4.1.5/css/metro.min.css","meta":{"rootId":"2p7pw2x7ykbk7r3","id":"2p7pw2x7ykbk7r3"},"id":"5h0527ycwtg1us1","previousOperationId":"4ea8ud27fswpozz"}
{"type":"log","timestamp":1676055201564,"level":"debug","message":"Page request: GET (script) https://cdn.jsdelivr.net/npm/chart.js","meta":{"rootId":"2p7pw2x7ykbk7r3","id":"2p7pw2x7ykbk7r3"},"id":"g7oih2vx7o642gs","previousOperationId":"4ea8ud27fswpozz"}
{"type":"log","timestamp":1676055201570,"level":"debug","message":"Page request finished: GET (script) 200 https://cdn.jsdelivr.net/npm/chart.js","meta":{"rootId":"2p7pw2x7ykbk7r3","id":"2p7pw2x7ykbk7r3"},"id":"ewyqint6vw30yxh","previousOperationId":"4ea8ud27fswpozz"}
{"type":"log","timestamp":1676055201586,"level":"debug","message":"Page request finished: GET (stylesheet) 200 https://cdnjs.cloudflare.com/ajax/libs/metro/4.1.5/css/metro.min.css","meta":{"rootId":"2p7pw2x7ykbk7r3","id":"2p7pw2x7ykbk7r3"},"id":"pquxhesdsxe1485","previousOperationId":"4ea8ud27fswpozz"}
{"type":"log","timestamp":1676055201684,"level":"debug","message":"Running chrome with params {\"printBackground\":true,\"marginTop\":\"4cm\",\"marginRight\":\"1.5cm\",\"marginBottom\":\"1.5cm\",\"marginLeft\":\"1.5cm\",\"waitForJS\":false,\"timeout\":59736,\"margin\":{\"top\":\"4cm\",\"right\":\"1.5cm\",\"bottom\":\"1.5cm\",\"left\":\"1.5cm\"}}","meta":{"rootId":"2p7pw2x7ykbk7r3","id":"2p7pw2x7ykbk7r3"},"id":"mzn1uo386yl8p5c","previousOperationId":"4ea8ud27fswpozz"}
{"type":"operationEnd","operationId":"4ea8ud27fswpozz","timestamp":1676055201769,"id":"9cof2r7nbfnfk88","previousEventId":"0zjlumnxjwu93a4","previousOperationId":"4ea8ud27fswpozz"}
{"type":"log","timestamp":1676055201769,"level":"info","message":"pdf-utils is starting pdf processing","meta":{"rootId":"2p7pw2x7ykbk7r3","id":"2p7pw2x7ykbk7r3"},"id":"4l5658m6hzu681i","previousOperationId":"4ea8ud27fswpozz"}
{"type":"operationStart","subtype":"pdfUtils","name":"pdf utils","timestamp":1676055201769,"id":"7o5pom0izegbybb","previousEventId":"9cof2r7nbfnfk88","operationId":"lwfjk6okzfuzstn","previousOperationId":"4ea8ud27fswpozz"}
{"type":"log","timestamp":1676055201769,"level":"debug","message":"pdf-utils detected 1 pdf operation(s) to process","meta":{"rootId":"2p7pw2x7ykbk7r3","id":"2p7pw2x7ykbk7r3"},"id":"g2kwe9rwy0nlkrq","previousOperationId":"lwfjk6okzfuzstn"}
{"type":"log","timestamp":1676055201794,"level":"debug","message":"pdf-utils running pdf operation merge","meta":{"rootId":"2p7pw2x7ykbk7r3","id":"2p7pw2x7ykbk7r3"},"id":"uuvzmtbh8be9br9","previousOperationId":"lwfjk6okzfuzstn"}
{"type":"operationStart","subtype":"pdfUtilsMerge","name":"pdf utils merge","previousOperationId":"lwfjk6okzfuzstn","timestamp":1676055201794,"id":"la07egzoztmoavd","previousEventId":"7o5pom0izegbybb","operationId":"0hsofrvfh37wvrc"}
{"type":"operationStart","subtype":"render","name":"authors-header","previousOperationId":"0hsofrvfh37wvrc","timestamp":1676055201795,"id":"lyvdj6020euy2ru","previousEventId":"la07egzoztmoavd","operationId":"vhkvlo7luzthn6m"}
{"type":"log","timestamp":1676055201795,"level":"info","message":"Starting rendering (child) request","meta":{"rootId":"2p7pw2x7ykbk7r3","id":"465jxj214qsn2n6"},"id":"zsq8sp5ahlcpb2g","previousOperationId":"vhkvlo7luzthn6m"}
{"type":"log","timestamp":1676055201795,"level":"info","message":"Rendering template { name: authors-header, recipe: chrome-pdf, engine: handlebars, preview: false }","meta":{"rootId":"2p7pw2x7ykbk7r3","id":"465jxj214qsn2n6"},"id":"f7gojclr3swggum","previousOperationId":"vhkvlo7luzthn6m"}
{"type":"log","timestamp":1676055201799,"level":"debug","message":"Inline data specified.","meta":{"rootId":"2p7pw2x7ykbk7r3","id":"465jxj214qsn2n6"},"id":"vs5nwlirmbckvx7","previousOperationId":"vhkvlo7luzthn6m"}
{"type":"log","timestamp":1676055201805,"level":"debug","message":"Base url not specified, skipping its injection.","meta":{"rootId":"2p7pw2x7ykbk7r3","id":"465jxj214qsn2n6"},"id":"huqlc7dr2v1ayl8","previousOperationId":"vhkvlo7luzthn6m"}
{"type":"operationStart","subtype":"engine","name":"handlebars","timestamp":1676055201805,"id":"o6iwe6cz7kryokp","previousEventId":"lyvdj6020euy2ru","operationId":"r5p8gc1mpzlt2p4","previousOperationId":"vhkvlo7luzthn6m"}
{"type":"log","timestamp":1676055201805,"level":"debug","message":"Rendering engine handlebars","meta":{"rootId":"2p7pw2x7ykbk7r3","id":"465jxj214qsn2n6"},"id":"3o3bbpdf8unvjop","previousOperationId":"r5p8gc1mpzlt2p4"}
{"type":"operationEnd","operationId":"r5p8gc1mpzlt2p4","timestamp":1676055201819,"id":"ahaymbq40q077f5","previousEventId":"o6iwe6cz7kryokp","previousOperationId":"r5p8gc1mpzlt2p4"}
{"type":"operationStart","subtype":"recipe","name":"chrome-pdf","timestamp":1676055201820,"id":"qqyx7kpceftah88","previousEventId":"ahaymbq40q077f5","operationId":"ubr1zhgynrgdo7j","previousOperationId":"r5p8gc1mpzlt2p4"}
{"type":"log","timestamp":1676055201820,"level":"debug","message":"Executing recipe chrome-pdf","meta":{"rootId":"2p7pw2x7ykbk7r3","id":"465jxj214qsn2n6"},"id":"ig8lvo0nyid1mba","previousOperationId":"ubr1zhgynrgdo7j"}
{"type":"log","timestamp":1676055201824,"level":"debug","message":"Converting with chrome HeadlessChrome/105.0.5173.0 using chrome-pool strategy","meta":{"rootId":"2p7pw2x7ykbk7r3","id":"465jxj214qsn2n6"},"id":"mt19z43cjks4twe","previousOperationId":"ubr1zhgynrgdo7j"}
{"type":"log","timestamp":1676055201920,"level":"debug","message":"Page request: GET (document) file:///C:/Users/pollo/AppData/Local/Temp/jsreport/autocleanup/861506db-bc9d-4e8e-aff5-9aee9fcfd942-chrome-pdf.html","meta":{"rootId":"2p7pw2x7ykbk7r3","id":"465jxj214qsn2n6"},"id":"eoxkmsesh84q4cv","previousOperationId":"ubr1zhgynrgdo7j"}
{"type":"log","timestamp":1676055201931,"level":"debug","message":"Page request finished: GET (document) 200 file:///C:/Users/pollo/AppData/Local/Temp/jsreport/autocleanup/861506db-bc9d-4e8e-aff5-9aee9fcfd942-chrome-pdf.html","meta":{"rootId":"2p7pw2x7ykbk7r3","id":"465jxj214qsn2n6"},"id":"scbqrk8bw1mbmfj","previousOperationId":"ubr1zhgynrgdo7j"}
{"type":"log","timestamp":1676055201931,"level":"debug","message":"Page request: GET (stylesheet) https://cdnjs.cloudflare.com/ajax/libs/metro/4.1.5/css/metro.min.css","meta":{"rootId":"2p7pw2x7ykbk7r3","id":"465jxj214qsn2n6"},"id":"uwfosayudu89vcq","previousOperationId":"ubr1zhgynrgdo7j"}
{"type":"log","timestamp":1676055201955,"level":"debug","message":"Page request finished: GET (stylesheet) 200 https://cdnjs.cloudflare.com/ajax/libs/metro/4.1.5/css/metro.min.css","meta":{"rootId":"2p7pw2x7ykbk7r3","id":"465jxj214qsn2n6"},"id":"tsjttk6wsnd7c09","previousOperationId":"ubr1zhgynrgdo7j"}
{"type":"log","timestamp":1676055201977,"level":"debug","message":"Running chrome with params {\"printBackground\":true,\"marginTop\":\"1.5cm\",\"marginRight\":\"1.5cm\",\"marginLeft\":\"1.cm\",\"timeout\":59358,\"margin\":{\"top\":\"1.5cm\",\"right\":\"1.5cm\",\"left\":\"1.cm\"}}","meta":{"rootId":"2p7pw2x7ykbk7r3","id":"465jxj214qsn2n6"},"id":"9ergsf76tags92l","previousOperationId":"ubr1zhgynrgdo7j"}
{"type":"operationEnd","operationId":"ubr1zhgynrgdo7j","timestamp":1676055202037,"id":"u7eurfoc14ig58s","previousEventId":"qqyx7kpceftah88","previousOperationId":"ubr1zhgynrgdo7j"}
{"type":"log","timestamp":1676055202038,"level":"debug","message":"Skipping storing report.","meta":{"rootId":"2p7pw2x7ykbk7r3","id":"465jxj214qsn2n6"},"id":"wkxqjdqrilf93n8","previousOperationId":"ubr1zhgynrgdo7j"}
{"type":"log","timestamp":1676055202038,"level":"info","message":"Rendering (child) request finished in 857 ms","meta":{"rootId":"2p7pw2x7ykbk7r3","id":"465jxj214qsn2n6"},"id":"p69jbxzmor60ods","previousOperationId":"ubr1zhgynrgdo7j"}
{"type":"operationEnd","subtype":"render","operationId":"vhkvlo7luzthn6m","timestamp":1676055202038,"id":"iq685y370d2xdyn","previousEventId":"u7eurfoc14ig58s","previousOperationId":"ubr1zhgynrgdo7j"}
{"type":"operationEnd","operationId":"0hsofrvfh37wvrc","timestamp":1676055202048,"id":"8qjra4oqhi8dxe7","previousEventId":"la07egzoztmoavd","previousOperationId":"0hsofrvfh37wvrc"}
{"type":"log","timestamp":1676055202048,"level":"debug","message":"pdf-utils postproces start","meta":{"rootId":"2p7pw2x7ykbk7r3","id":"2p7pw2x7ykbk7r3"},"id":"nx1mycftpqhwnw7","previousOperationId":"0hsofrvfh37wvrc"}
{"type":"log","timestamp":1676055202057,"level":"debug","message":"pdf-utils postproces end","meta":{"rootId":"2p7pw2x7ykbk7r3","id":"2p7pw2x7ykbk7r3"},"id":"dn2wswn66dws2jh","previousOperationId":"0hsofrvfh37wvrc"}
{"type":"operationEnd","operationId":"lwfjk6okzfuzstn","timestamp":1676055202057,"id":"hcm50xg2asaykdr","previousEventId":"8qjra4oqhi8dxe7","previousOperationId":"0hsofrvfh37wvrc"}
{"type":"log","timestamp":1676055202057,"level":"info","message":"pdf-utils pdf processing was finished","meta":{"rootId":"2p7pw2x7ykbk7r3","id":"2p7pw2x7ykbk7r3"},"id":"7t6eko4bq3ygy9n","previousOperationId":"lwfjk6okzfuzstn"}
{"type":"log","timestamp":1676055202057,"level":"debug","message":"Skipping storing report.","meta":{"rootId":"2p7pw2x7ykbk7r3","id":"2p7pw2x7ykbk7r3"},"id":"ceplp1eyrws0jna","previousOperationId":"lwfjk6okzfuzstn"}
{"type":"log","timestamp":1676055202058,"level":"info","message":"Rendering request 5 finished in 877 ms","meta":{"rootId":"2p7pw2x7ykbk7r3","id":"2p7pw2x7ykbk7r3"},"id":"i3gmxtruz05o1be","previousOperationId":"lwfjk6okzfuzstn"}
{"type":"operationEnd","subtype":"render","operationId":"2v4s4vo0834ny4v","timestamp":1676055202058,"id":"5k7r5mwboyokvbg","previousEventId":"hcm50xg2asaykdr","previousOperationId":"lwfjk6okzfuzstn"}
{"type":"operationEnd","doDiffs":false,"previousEventId":"r1jkbjab2zwgpug","previousOperationId":"luuhe3ynaiqvp3f","operationId":"luuhe3ynaiqvp3f","timestamp":1676055202062,"id":"hkk0ga43ut2lzak"}
