{"type":"operationStart","subtype":"profile","data":{"_id":"g5wWf4CntEVKSTXY","timestamp":"2023-02-06T16:26:35.407Z","state":"queued","mode":"standard","creationDate":"2023-02-06T16:26:35.409Z","modificationDate":"2023-02-06T16:26:35.409Z","shortid":"sCmKees","$entitySet":"profiles"},"doDiffs":false,"timestamp":1675700795408,"id":"j4nzpbpnccaz0ra","previousOperationId":null,"operationId":"kv64qcix5cn87tx"}
{"type":"log","level":"info","message":"Render request 6 queued for execution and waiting for available worker","previousOperationId":"kv64qcix5cn87tx","timestamp":1675700795408,"id":"t6aewpbz2epz5nm"}
{"type":"operationStart","subtype":"render","name":"authors-main","previousOperationId":"kv64qcix5cn87tx","timestamp":1675700795419,"id":"xzxrh0lqji9khrx","previousEventId":"j4nzpbpnccaz0ra","operationId":"1pflmwi8g60vbrt"}
{"type":"log","timestamp":1675700795419,"level":"info","message":"Starting rendering request 6","meta":{"rootId":"3fi6sr04bdc8gv9","id":"3fi6sr04bdc8gv9"},"id":"fhjnpmowa9g52ba","previousOperationId":"1pflmwi8g60vbrt"}
{"type":"log","timestamp":1675700795419,"level":"info","message":"Rendering template { name: authors-main, recipe: chrome-pdf, engine: handlebars, preview: true }","meta":{"rootId":"3fi6sr04bdc8gv9","id":"3fi6sr04bdc8gv9"},"id":"p4hos4dxe0657i5","previousOperationId":"1pflmwi8g60vbrt"}
{"type":"log","timestamp":1675700795420,"level":"debug","message":"Data item not defined for this template.","meta":{"rootId":"3fi6sr04bdc8gv9","id":"3fi6sr04bdc8gv9"},"id":"b9mvlkc5gmyggyn","previousOperationId":"1pflmwi8g60vbrt"}
{"type":"log","timestamp":1675700795423,"level":"debug","message":"Executing script authors-script (beforeRender)","meta":{"rootId":"3fi6sr04bdc8gv9","id":"3fi6sr04bdc8gv9"},"id":"adfh4goittfq6zr","previousOperationId":"1pflmwi8g60vbrt"}
{"type":"operationStart","subtype":"scriptsBeforeRender","name":"scripts beforeRender","timestamp":1675700795455,"id":"p63ry6hwl7idpad","previousEventId":"xzxrh0lqji9khrx","operationId":"i5x0zjyauow4q98","previousOperationId":"1pflmwi8g60vbrt"}
{"type":"operationStart","subtype":"script","name":"scripts authors-script","previousOperationId":"i5x0zjyauow4q98","timestamp":1675700795455,"id":"5wkodr0ik1gz8ja","previousEventId":"p63ry6hwl7idpad","operationId":"6f6volaxxn408f3"}
{"type":"log","timestamp":1675700795742,"level":"debug","message":"(console:log) [ 2, 4 ]","meta":{"userLevel":true,"rootId":"3fi6sr04bdc8gv9","id":"3fi6sr04bdc8gv9"},"id":"lkfj03boqo0vd9d","previousOperationId":"6f6volaxxn408f3"}
{"type":"operationEnd","operationId":"6f6volaxxn408f3","timestamp":1675700795742,"id":"p569ed2ksat3x3r","previousEventId":"xzxrh0lqji9khrx","previousOperationId":"1pflmwi8g60vbrt"}
{"type":"operationEnd","operationId":"i5x0zjyauow4q98","timestamp":1675700795743,"id":"6v24vvdsff6v5oz","previousEventId":"p569ed2ksat3x3r","previousOperationId":"1pflmwi8g60vbrt"}
{"type":"log","timestamp":1675700795743,"level":"debug","message":"Base url not specified, skipping its injection.","meta":{"rootId":"3fi6sr04bdc8gv9","id":"3fi6sr04bdc8gv9"},"id":"c35lzzxibvw7y4n","previousOperationId":"i5x0zjyauow4q98"}
{"type":"operationStart","subtype":"engine","name":"handlebars","timestamp":1675700795743,"id":"pumusbs6tyy9pqc","previousEventId":"6v24vvdsff6v5oz","operationId":"faxatemetmxm9bq","previousOperationId":"i5x0zjyauow4q98"}
{"type":"log","timestamp":1675700795743,"level":"debug","message":"Rendering engine handlebars","meta":{"rootId":"3fi6sr04bdc8gv9","id":"3fi6sr04bdc8gv9"},"id":"yffmyf2y8fb785m","previousOperationId":"faxatemetmxm9bq"}
{"type":"operationEnd","operationId":"faxatemetmxm9bq","timestamp":1675700795757,"id":"k8cupq2yk0whoca","previousEventId":"pumusbs6tyy9pqc","previousOperationId":"faxatemetmxm9bq"}
{"type":"operationStart","subtype":"recipe","name":"chrome-pdf","timestamp":1675700795757,"id":"6vx5hc680mjm533","previousEventId":"k8cupq2yk0whoca","operationId":"v8ggzx9esrm8et2","previousOperationId":"faxatemetmxm9bq"}
{"type":"log","timestamp":1675700795757,"level":"debug","message":"Executing recipe chrome-pdf","meta":{"rootId":"3fi6sr04bdc8gv9","id":"3fi6sr04bdc8gv9"},"id":"tiufmo6b7c31heu","previousOperationId":"v8ggzx9esrm8et2"}
{"type":"log","timestamp":1675700795760,"level":"debug","message":"Converting with chrome HeadlessChrome/105.0.5173.0 using chrome-pool strategy","meta":{"rootId":"3fi6sr04bdc8gv9","id":"3fi6sr04bdc8gv9"},"id":"kedor5lyxf5ezst","previousOperationId":"v8ggzx9esrm8et2"}
{"type":"log","timestamp":1675700795861,"level":"debug","message":"Page request: GET (document) file:///C:/Users/pollo/AppData/Local/Temp/jsreport/autocleanup/1d4267b0-a8fb-487b-8e18-f5cf97ca8ef9-chrome-pdf.html","meta":{"rootId":"3fi6sr04bdc8gv9","id":"3fi6sr04bdc8gv9"},"id":"phytpuy0rt4wv1b","previousOperationId":"v8ggzx9esrm8et2"}
{"type":"log","timestamp":1675700795873,"level":"debug","message":"Page request finished: GET (document) 200 file:///C:/Users/pollo/AppData/Local/Temp/jsreport/autocleanup/1d4267b0-a8fb-487b-8e18-f5cf97ca8ef9-chrome-pdf.html","meta":{"rootId":"3fi6sr04bdc8gv9","id":"3fi6sr04bdc8gv9"},"id":"56hgn7tsx6vbrd9","previousOperationId":"v8ggzx9esrm8et2"}
{"type":"log","timestamp":1675700795873,"level":"debug","message":"Page request: GET (stylesheet) https://cdnjs.cloudflare.com/ajax/libs/metro/4.1.5/css/metro.min.css","meta":{"rootId":"3fi6sr04bdc8gv9","id":"3fi6sr04bdc8gv9"},"id":"txg8qknkstwxu4y","previousOperationId":"v8ggzx9esrm8et2"}
{"type":"log","timestamp":1675700795874,"level":"debug","message":"Page request: GET (script) https://cdn.jsdelivr.net/npm/chart.js","meta":{"rootId":"3fi6sr04bdc8gv9","id":"3fi6sr04bdc8gv9"},"id":"qxl8q0lup42wrvm","previousOperationId":"v8ggzx9esrm8et2"}
{"type":"log","timestamp":1675700795879,"level":"debug","message":"Page request finished: GET (script) 200 https://cdn.jsdelivr.net/npm/chart.js","meta":{"rootId":"3fi6sr04bdc8gv9","id":"3fi6sr04bdc8gv9"},"id":"mv0wlp9c1rnzyz5","previousOperationId":"v8ggzx9esrm8et2"}
{"type":"log","timestamp":1675700795898,"level":"debug","message":"Page request finished: GET (stylesheet) 200 https://cdnjs.cloudflare.com/ajax/libs/metro/4.1.5/css/metro.min.css","meta":{"rootId":"3fi6sr04bdc8gv9","id":"3fi6sr04bdc8gv9"},"id":"igu2vulss8nlf0n","previousOperationId":"v8ggzx9esrm8et2"}
{"type":"log","timestamp":1675700795999,"level":"debug","message":"Running chrome with params {\"printBackground\":true,\"marginTop\":\"4cm\",\"marginRight\":\"1.5cm\",\"marginBottom\":\"1.5cm\",\"marginLeft\":\"1.5cm\",\"waitForJS\":false,\"timeout\":59648,\"margin\":{\"top\":\"4cm\",\"right\":\"1.5cm\",\"bottom\":\"1.5cm\",\"left\":\"1.5cm\"}}","meta":{"rootId":"3fi6sr04bdc8gv9","id":"3fi6sr04bdc8gv9"},"id":"jxcsvl3xt0j0246","previousOperationId":"v8ggzx9esrm8et2"}
{"type":"operationEnd","operationId":"v8ggzx9esrm8et2","timestamp":1675700796090,"id":"d1z10xh7p9m97dd","previousEventId":"6vx5hc680mjm533","previousOperationId":"v8ggzx9esrm8et2"}
{"type":"log","timestamp":1675700796090,"level":"info","message":"pdf-utils is starting pdf processing","meta":{"rootId":"3fi6sr04bdc8gv9","id":"3fi6sr04bdc8gv9"},"id":"ts4kgbb67pahg7x","previousOperationId":"v8ggzx9esrm8et2"}
{"type":"operationStart","subtype":"pdfUtils","name":"pdf utils","timestamp":1675700796090,"id":"gprhz90z2t1clpk","previousEventId":"d1z10xh7p9m97dd","operationId":"do95cyd4i0biu8z","previousOperationId":"v8ggzx9esrm8et2"}
{"type":"log","timestamp":1675700796090,"level":"debug","message":"pdf-utils detected 1 pdf operation(s) to process","meta":{"rootId":"3fi6sr04bdc8gv9","id":"3fi6sr04bdc8gv9"},"id":"9e387w398c0rt25","previousOperationId":"do95cyd4i0biu8z"}
{"type":"log","timestamp":1675700796114,"level":"debug","message":"pdf-utils running pdf operation merge","meta":{"rootId":"3fi6sr04bdc8gv9","id":"3fi6sr04bdc8gv9"},"id":"dea9yki1q35xy4u","previousOperationId":"do95cyd4i0biu8z"}
{"type":"operationStart","subtype":"pdfUtilsMerge","name":"pdf utils merge","previousOperationId":"do95cyd4i0biu8z","timestamp":1675700796114,"id":"ks603s0irp2ch63","previousEventId":"gprhz90z2t1clpk","operationId":"6hwbnjhsb5kyr0i"}
{"type":"operationStart","subtype":"render","name":"authors-header","previousOperationId":"6hwbnjhsb5kyr0i","timestamp":1675700796116,"id":"hxcowxhhsnc1hdr","previousEventId":"ks603s0irp2ch63","operationId":"8mu7hgqrf4kvm1y"}
{"type":"log","timestamp":1675700796116,"level":"info","message":"Starting rendering (child) request","meta":{"rootId":"3fi6sr04bdc8gv9","id":"w3b3do0c9rydzf2"},"id":"jxtl69gp4s0jmuh","previousOperationId":"8mu7hgqrf4kvm1y"}
{"type":"log","timestamp":1675700796116,"level":"info","message":"Rendering template { name: authors-header, recipe: chrome-pdf, engine: handlebars, preview: true }","meta":{"rootId":"3fi6sr04bdc8gv9","id":"w3b3do0c9rydzf2"},"id":"lhhutcj2igg1sa1","previousOperationId":"8mu7hgqrf4kvm1y"}
{"type":"log","timestamp":1675700796121,"level":"debug","message":"Inline data specified.","meta":{"rootId":"3fi6sr04bdc8gv9","id":"w3b3do0c9rydzf2"},"id":"vnixbozt0uo76qx","previousOperationId":"8mu7hgqrf4kvm1y"}
{"type":"log","timestamp":1675700796125,"level":"debug","message":"Base url not specified, skipping its injection.","meta":{"rootId":"3fi6sr04bdc8gv9","id":"w3b3do0c9rydzf2"},"id":"klc294peoofl9ln","previousOperationId":"8mu7hgqrf4kvm1y"}
{"type":"operationStart","subtype":"engine","name":"handlebars","timestamp":1675700796125,"id":"ugn80zrvrlcf1ub","previousEventId":"hxcowxhhsnc1hdr","operationId":"9pwg74xtps9rvs9","previousOperationId":"8mu7hgqrf4kvm1y"}
{"type":"log","timestamp":1675700796125,"level":"debug","message":"Rendering engine handlebars","meta":{"rootId":"3fi6sr04bdc8gv9","id":"w3b3do0c9rydzf2"},"id":"sy13qyt2ywosi0e","previousOperationId":"9pwg74xtps9rvs9"}
{"type":"operationEnd","operationId":"9pwg74xtps9rvs9","timestamp":1675700796141,"id":"2gxhi3gfxu77rq0","previousEventId":"ugn80zrvrlcf1ub","previousOperationId":"9pwg74xtps9rvs9"}
{"type":"operationStart","subtype":"recipe","name":"chrome-pdf","timestamp":1675700796141,"id":"73wjrmquk6y04pa","previousEventId":"2gxhi3gfxu77rq0","operationId":"36jjxb0eq72b0qd","previousOperationId":"9pwg74xtps9rvs9"}
{"type":"log","timestamp":1675700796141,"level":"debug","message":"Executing recipe chrome-pdf","meta":{"rootId":"3fi6sr04bdc8gv9","id":"w3b3do0c9rydzf2"},"id":"5jt125xci6p5jdp","previousOperationId":"36jjxb0eq72b0qd"}
{"type":"log","timestamp":1675700796145,"level":"debug","message":"Converting with chrome HeadlessChrome/105.0.5173.0 using chrome-pool strategy","meta":{"rootId":"3fi6sr04bdc8gv9","id":"w3b3do0c9rydzf2"},"id":"6jckto2r0pntbt3","previousOperationId":"36jjxb0eq72b0qd"}
{"type":"log","timestamp":1675700796255,"level":"debug","message":"Page request: GET (document) file:///C:/Users/pollo/AppData/Local/Temp/jsreport/autocleanup/3f9b954e-0887-495f-9c71-e738ee941d06-chrome-pdf.html","meta":{"rootId":"3fi6sr04bdc8gv9","id":"w3b3do0c9rydzf2"},"id":"913ko08uux7aidw","previousOperationId":"36jjxb0eq72b0qd"}
{"type":"log","timestamp":1675700796268,"level":"debug","message":"Page request finished: GET (document) 200 file:///C:/Users/pollo/AppData/Local/Temp/jsreport/autocleanup/3f9b954e-0887-495f-9c71-e738ee941d06-chrome-pdf.html","meta":{"rootId":"3fi6sr04bdc8gv9","id":"w3b3do0c9rydzf2"},"id":"h49trmfshv2qlcr","previousOperationId":"36jjxb0eq72b0qd"}
{"type":"log","timestamp":1675700796268,"level":"debug","message":"Page request: GET (stylesheet) https://cdnjs.cloudflare.com/ajax/libs/metro/4.1.5/css/metro.min.css","meta":{"rootId":"3fi6sr04bdc8gv9","id":"w3b3do0c9rydzf2"},"id":"mis5sixiqrs772f","previousOperationId":"36jjxb0eq72b0qd"}
{"type":"log","timestamp":1675700796292,"level":"debug","message":"Page request finished: GET (stylesheet) 200 https://cdnjs.cloudflare.com/ajax/libs/metro/4.1.5/css/metro.min.css","meta":{"rootId":"3fi6sr04bdc8gv9","id":"w3b3do0c9rydzf2"},"id":"6ecyf6f2rdazbks","previousOperationId":"36jjxb0eq72b0qd"}
{"type":"log","timestamp":1675700796318,"level":"debug","message":"Running chrome with params {\"printBackground\":true,\"marginTop\":\"1.5cm\",\"marginRight\":\"1.5cm\",\"marginLeft\":\"1.cm\",\"timeout\":59263,\"margin\":{\"top\":\"1.5cm\",\"right\":\"1.5cm\",\"left\":\"1.cm\"}}","meta":{"rootId":"3fi6sr04bdc8gv9","id":"w3b3do0c9rydzf2"},"id":"otemg7jbnpg2dut","previousOperationId":"36jjxb0eq72b0qd"}
{"type":"operationEnd","operationId":"36jjxb0eq72b0qd","timestamp":1675700796389,"id":"bdvpugi76vsjtsi","previousEventId":"73wjrmquk6y04pa","previousOperationId":"36jjxb0eq72b0qd"}
{"type":"log","timestamp":1675700796389,"level":"debug","message":"Skipping storing report.","meta":{"rootId":"3fi6sr04bdc8gv9","id":"w3b3do0c9rydzf2"},"id":"4lm1wrgqwb4cks4","previousOperationId":"36jjxb0eq72b0qd"}
{"type":"log","timestamp":1675700796389,"level":"info","message":"Rendering (child) request finished in 982 ms","meta":{"rootId":"3fi6sr04bdc8gv9","id":"w3b3do0c9rydzf2"},"id":"7o0qtbd18l59mdt","previousOperationId":"36jjxb0eq72b0qd"}
{"type":"operationEnd","subtype":"render","operationId":"8mu7hgqrf4kvm1y","timestamp":1675700796390,"id":"3txl8dgy4tirtwj","previousEventId":"bdvpugi76vsjtsi","previousOperationId":"36jjxb0eq72b0qd"}
{"type":"operationEnd","operationId":"6hwbnjhsb5kyr0i","timestamp":1675700796400,"id":"q3vupnduzy04ljp","previousEventId":"ks603s0irp2ch63","previousOperationId":"6hwbnjhsb5kyr0i"}
{"type":"log","timestamp":1675700796400,"level":"debug","message":"pdf-utils postproces start","meta":{"rootId":"3fi6sr04bdc8gv9","id":"3fi6sr04bdc8gv9"},"id":"9qjmxs2wwhjeq1t","previousOperationId":"6hwbnjhsb5kyr0i"}
{"type":"log","timestamp":1675700796408,"level":"debug","message":"pdf-utils postproces end","meta":{"rootId":"3fi6sr04bdc8gv9","id":"3fi6sr04bdc8gv9"},"id":"y8wq7audabioz6w","previousOperationId":"6hwbnjhsb5kyr0i"}
{"type":"operationEnd","operationId":"do95cyd4i0biu8z","timestamp":1675700796408,"id":"bqokow9x1pr20k2","previousEventId":"q3vupnduzy04ljp","previousOperationId":"6hwbnjhsb5kyr0i"}
{"type":"log","timestamp":1675700796408,"level":"info","message":"pdf-utils pdf processing was finished","meta":{"rootId":"3fi6sr04bdc8gv9","id":"3fi6sr04bdc8gv9"},"id":"55fpyygr7g47b05","previousOperationId":"do95cyd4i0biu8z"}
{"type":"log","timestamp":1675700796408,"level":"debug","message":"Skipping storing report.","meta":{"rootId":"3fi6sr04bdc8gv9","id":"3fi6sr04bdc8gv9"},"id":"tnamfxvki33hchy","previousOperationId":"do95cyd4i0biu8z"}
{"type":"log","timestamp":1675700796408,"level":"info","message":"Rendering request 6 finished in 1001 ms","meta":{"rootId":"3fi6sr04bdc8gv9","id":"3fi6sr04bdc8gv9"},"id":"itxb023o67giyur","previousOperationId":"do95cyd4i0biu8z"}
{"type":"operationEnd","subtype":"render","operationId":"1pflmwi8g60vbrt","timestamp":1675700796408,"id":"knppbhpy4p75fyb","previousEventId":"bqokow9x1pr20k2","previousOperationId":"do95cyd4i0biu8z"}
{"type":"operationEnd","doDiffs":false,"previousEventId":"j4nzpbpnccaz0ra","previousOperationId":"kv64qcix5cn87tx","operationId":"kv64qcix5cn87tx","timestamp":1675700796417,"id":"ddmfs4rj946x7ne"}
