{"type":"operationStart","subtype":"profile","data":{"_id":"PZ5v5uIVRMPh2CRc","timestamp":"2023-02-06T20:19:30.601Z","state":"queued","mode":"standard","creationDate":"2023-02-06T20:19:30.605Z","modificationDate":"2023-02-06T20:19:30.605Z","shortid":"OcytL7u","$entitySet":"profiles"},"doDiffs":false,"timestamp":1675714770603,"id":"plws5igs7yht80f","previousOperationId":null,"operationId":"womnxblqbyv4zzd"}
{"type":"log","level":"info","message":"Render request 1 queued for execution and waiting for available worker","previousOperationId":"womnxblqbyv4zzd","timestamp":1675714770603,"id":"nxzrf9a7qvkmunx"}
{"type":"operationStart","subtype":"render","name":"authors-main","previousOperationId":"womnxblqbyv4zzd","timestamp":1675714770634,"id":"yhuu9xgsigjdcnt","previousEventId":"plws5igs7yht80f","operationId":"dp55lob9zycnxt8"}
{"type":"log","timestamp":1675714770635,"level":"info","message":"Starting rendering request 1","meta":{"rootId":"3o4j2jrolw1aune","id":"3o4j2jrolw1aune"},"id":"d79pkmnp8d1zd4w","previousOperationId":"dp55lob9zycnxt8"}
{"type":"log","timestamp":1675714770636,"level":"info","message":"Rendering template { name: authors-main, recipe: chrome-pdf, engine: handlebars, preview: true }","meta":{"rootId":"3o4j2jrolw1aune","id":"3o4j2jrolw1aune"},"id":"ps6n3yj9i7qd0ok","previousOperationId":"dp55lob9zycnxt8"}
{"type":"log","timestamp":1675714770639,"level":"debug","message":"Data item not defined for this template.","meta":{"rootId":"3o4j2jrolw1aune","id":"3o4j2jrolw1aune"},"id":"d3zwcd1i7miic20","previousOperationId":"dp55lob9zycnxt8"}
{"type":"log","timestamp":1675714770647,"level":"debug","message":"Executing script authors-script (beforeRender)","meta":{"rootId":"3o4j2jrolw1aune","id":"3o4j2jrolw1aune"},"id":"oq3l2v517gm9prx","previousOperationId":"dp55lob9zycnxt8"}
{"type":"operationStart","subtype":"scriptsBeforeRender","name":"scripts beforeRender","timestamp":1675714770998,"id":"ic19hux3u8luxp1","previousEventId":"yhuu9xgsigjdcnt","operationId":"j0d2dw7n8t32kva","previousOperationId":"dp55lob9zycnxt8"}
{"type":"operationStart","subtype":"script","name":"scripts authors-script","previousOperationId":"j0d2dw7n8t32kva","timestamp":1675714770998,"id":"8oe9zz23zx1aobh","previousEventId":"ic19hux3u8luxp1","operationId":"w8xxowog17vywpp"}
{"type":"log","timestamp":1675714771243,"level":"debug","message":"(console:log) [ 2, 4 ]","meta":{"userLevel":true,"rootId":"3o4j2jrolw1aune","id":"3o4j2jrolw1aune"},"id":"b62tt76z2wh1zl4","previousOperationId":"w8xxowog17vywpp"}
{"type":"operationEnd","operationId":"w8xxowog17vywpp","timestamp":1675714771244,"id":"7akl8swt6jhqcf1","previousEventId":"yhuu9xgsigjdcnt","previousOperationId":"dp55lob9zycnxt8"}
{"type":"operationEnd","operationId":"j0d2dw7n8t32kva","timestamp":1675714771244,"id":"6fg6g4d8zpd09wv","previousEventId":"7akl8swt6jhqcf1","previousOperationId":"dp55lob9zycnxt8"}
{"type":"log","timestamp":1675714771244,"level":"debug","message":"Base url not specified, skipping its injection.","meta":{"rootId":"3o4j2jrolw1aune","id":"3o4j2jrolw1aune"},"id":"te7js8pspw73f9b","previousOperationId":"j0d2dw7n8t32kva"}
{"type":"operationStart","subtype":"engine","name":"handlebars","timestamp":1675714771245,"id":"6e9j8iqvzgfd7kh","previousEventId":"6fg6g4d8zpd09wv","operationId":"ve26b5fpygz5k9q","previousOperationId":"j0d2dw7n8t32kva"}
{"type":"log","timestamp":1675714771245,"level":"debug","message":"Rendering engine handlebars","meta":{"rootId":"3o4j2jrolw1aune","id":"3o4j2jrolw1aune"},"id":"b2b3g53xxyfgjv1","previousOperationId":"ve26b5fpygz5k9q"}
{"type":"operationEnd","operationId":"ve26b5fpygz5k9q","timestamp":1675714771585,"id":"tmmcjluop6mzaui","previousEventId":"6e9j8iqvzgfd7kh","previousOperationId":"ve26b5fpygz5k9q"}
{"type":"operationStart","subtype":"recipe","name":"chrome-pdf","timestamp":1675714771586,"id":"is6svfunqt25w8m","previousEventId":"tmmcjluop6mzaui","operationId":"tnsi7j00r98w87m","previousOperationId":"ve26b5fpygz5k9q"}
{"type":"log","timestamp":1675714771586,"level":"debug","message":"Executing recipe chrome-pdf","meta":{"rootId":"3o4j2jrolw1aune","id":"3o4j2jrolw1aune"},"id":"xhh2kwpecin1oxy","previousOperationId":"tnsi7j00r98w87m"}
{"type":"log","timestamp":1675714772480,"level":"debug","message":"Converting with chrome HeadlessChrome/105.0.5173.0 using chrome-pool strategy","meta":{"rootId":"3o4j2jrolw1aune","id":"3o4j2jrolw1aune"},"id":"r9ei3cujavmza59","previousOperationId":"tnsi7j00r98w87m"}
{"type":"log","timestamp":1675714773020,"level":"debug","message":"Page request: GET (document) file:///C:/Users/pollo/AppData/Local/Temp/jsreport/autocleanup/8b7c6ea1-127d-44a0-9ac4-2365c1a22bf7-chrome-pdf.html","meta":{"rootId":"3o4j2jrolw1aune","id":"3o4j2jrolw1aune"},"id":"vvb9pyo2vqtsrnj","previousOperationId":"tnsi7j00r98w87m"}
{"type":"log","timestamp":1675714773043,"level":"debug","message":"Page request finished: GET (document) 200 file:///C:/Users/pollo/AppData/Local/Temp/jsreport/autocleanup/8b7c6ea1-127d-44a0-9ac4-2365c1a22bf7-chrome-pdf.html","meta":{"rootId":"3o4j2jrolw1aune","id":"3o4j2jrolw1aune"},"id":"fxrjiysprrykjn0","previousOperationId":"tnsi7j00r98w87m"}
{"type":"log","timestamp":1675714773043,"level":"debug","message":"Page request: GET (stylesheet) https://cdnjs.cloudflare.com/ajax/libs/metro/4.1.5/css/metro.min.css","meta":{"rootId":"3o4j2jrolw1aune","id":"3o4j2jrolw1aune"},"id":"n8zwdt45vafns4x","previousOperationId":"tnsi7j00r98w87m"}
{"type":"log","timestamp":1675714773043,"level":"debug","message":"Page request: GET (script) https://cdn.jsdelivr.net/npm/chart.js","meta":{"rootId":"3o4j2jrolw1aune","id":"3o4j2jrolw1aune"},"id":"6ai197ku15k5v74","previousOperationId":"tnsi7j00r98w87m"}
{"type":"log","timestamp":1675714775559,"level":"debug","message":"Page request finished: GET (stylesheet) 200 https://cdnjs.cloudflare.com/ajax/libs/metro/4.1.5/css/metro.min.css","meta":{"rootId":"3o4j2jrolw1aune","id":"3o4j2jrolw1aune"},"id":"nll5nj7ixyw4uw6","previousOperationId":"tnsi7j00r98w87m"}
{"type":"log","timestamp":1675714775568,"level":"debug","message":"Page request finished: GET (script) 200 https://cdn.jsdelivr.net/npm/chart.js","meta":{"rootId":"3o4j2jrolw1aune","id":"3o4j2jrolw1aune"},"id":"w0qdw1xizm8yayd","previousOperationId":"tnsi7j00r98w87m"}
{"type":"log","timestamp":1675714775681,"level":"debug","message":"Running chrome with params {\"printBackground\":true,\"marginTop\":\"4cm\",\"marginRight\":\"1.5cm\",\"marginBottom\":\"1.5cm\",\"marginLeft\":\"1.5cm\",\"waitForJS\":false,\"timeout\":58805,\"margin\":{\"top\":\"4cm\",\"right\":\"1.5cm\",\"bottom\":\"1.5cm\",\"left\":\"1.5cm\"}}","meta":{"rootId":"3o4j2jrolw1aune","id":"3o4j2jrolw1aune"},"id":"xyzg3bf7ss3n8wu","previousOperationId":"tnsi7j00r98w87m"}
{"type":"operationEnd","operationId":"tnsi7j00r98w87m","timestamp":1675714775772,"id":"8t8qaklm6o94j0n","previousEventId":"is6svfunqt25w8m","previousOperationId":"tnsi7j00r98w87m"}
{"type":"log","timestamp":1675714775772,"level":"info","message":"pdf-utils is starting pdf processing","meta":{"rootId":"3o4j2jrolw1aune","id":"3o4j2jrolw1aune"},"id":"kpnsws30z7addyz","previousOperationId":"tnsi7j00r98w87m"}
{"type":"operationStart","subtype":"pdfUtils","name":"pdf utils","timestamp":1675714776004,"id":"gvf88usq11u0ubm","previousEventId":"8t8qaklm6o94j0n","operationId":"w0f4ayw7e223uwc","previousOperationId":"tnsi7j00r98w87m"}
{"type":"log","timestamp":1675714776004,"level":"debug","message":"pdf-utils detected 1 pdf operation(s) to process","meta":{"rootId":"3o4j2jrolw1aune","id":"3o4j2jrolw1aune"},"id":"04qyxxmtrc3fby8","previousOperationId":"w0f4ayw7e223uwc"}
{"type":"log","timestamp":1675714776227,"level":"debug","message":"pdf-utils running pdf operation merge","meta":{"rootId":"3o4j2jrolw1aune","id":"3o4j2jrolw1aune"},"id":"a95gnlrl2dahbfd","previousOperationId":"w0f4ayw7e223uwc"}
{"type":"operationStart","subtype":"pdfUtilsMerge","name":"pdf utils merge","previousOperationId":"w0f4ayw7e223uwc","timestamp":1675714776227,"id":"rcz4wo14qyr99tz","previousEventId":"gvf88usq11u0ubm","operationId":"8eogqnzhd3klna5"}
{"type":"operationStart","subtype":"render","name":"authors-header","previousOperationId":"8eogqnzhd3klna5","timestamp":1675714776231,"id":"cyx7xsfjcfzk65g","previousEventId":"rcz4wo14qyr99tz","operationId":"317bu2ldis6ruhx"}
{"type":"log","timestamp":1675714776231,"level":"info","message":"Starting rendering (child) request","meta":{"rootId":"3o4j2jrolw1aune","id":"ca2xkketxoe154k"},"id":"xprei7sx2o4exa6","previousOperationId":"317bu2ldis6ruhx"}
{"type":"log","timestamp":1675714776231,"level":"info","message":"Rendering template { name: authors-header, recipe: chrome-pdf, engine: handlebars, preview: true }","meta":{"rootId":"3o4j2jrolw1aune","id":"ca2xkketxoe154k"},"id":"j36t0bnev65xwo5","previousOperationId":"317bu2ldis6ruhx"}
{"type":"log","timestamp":1675714776235,"level":"debug","message":"Inline data specified.","meta":{"rootId":"3o4j2jrolw1aune","id":"ca2xkketxoe154k"},"id":"pm1vx8pwedoik33","previousOperationId":"317bu2ldis6ruhx"}
{"type":"log","timestamp":1675714776239,"level":"debug","message":"Base url not specified, skipping its injection.","meta":{"rootId":"3o4j2jrolw1aune","id":"ca2xkketxoe154k"},"id":"x9vbx2dbbvsdkgt","previousOperationId":"317bu2ldis6ruhx"}
{"type":"operationStart","subtype":"engine","name":"handlebars","timestamp":1675714776239,"id":"ghm1iamchw5444a","previousEventId":"cyx7xsfjcfzk65g","operationId":"3fn15ib3xavl9wn","previousOperationId":"317bu2ldis6ruhx"}
{"type":"log","timestamp":1675714776239,"level":"debug","message":"Rendering engine handlebars","meta":{"rootId":"3o4j2jrolw1aune","id":"ca2xkketxoe154k"},"id":"o7yfq9r4bafo4m3","previousOperationId":"3fn15ib3xavl9wn"}
{"type":"operationEnd","operationId":"3fn15ib3xavl9wn","timestamp":1675714776278,"id":"yx18urtupcv5wqu","previousEventId":"ghm1iamchw5444a","previousOperationId":"3fn15ib3xavl9wn"}
{"type":"operationStart","subtype":"recipe","name":"chrome-pdf","timestamp":1675714776278,"id":"3r7vebtswc4pifa","previousEventId":"yx18urtupcv5wqu","operationId":"5y70zckokh4fn9t","previousOperationId":"3fn15ib3xavl9wn"}
{"type":"log","timestamp":1675714776278,"level":"debug","message":"Executing recipe chrome-pdf","meta":{"rootId":"3o4j2jrolw1aune","id":"ca2xkketxoe154k"},"id":"bw15foht24wr039","previousOperationId":"5y70zckokh4fn9t"}
{"type":"log","timestamp":1675714776281,"level":"debug","message":"Converting with chrome HeadlessChrome/105.0.5173.0 using chrome-pool strategy","meta":{"rootId":"3o4j2jrolw1aune","id":"ca2xkketxoe154k"},"id":"ilvpfa9xe3d6cup","previousOperationId":"5y70zckokh4fn9t"}
{"type":"log","timestamp":1675714776381,"level":"debug","message":"Page request: GET (document) file:///C:/Users/pollo/AppData/Local/Temp/jsreport/autocleanup/abe36e11-1bf5-4844-beef-bb5e2223cd5a-chrome-pdf.html","meta":{"rootId":"3o4j2jrolw1aune","id":"ca2xkketxoe154k"},"id":"g0omyu5161044e7","previousOperationId":"5y70zckokh4fn9t"}
{"type":"log","timestamp":1675714776397,"level":"debug","message":"Page request finished: GET (document) 200 file:///C:/Users/pollo/AppData/Local/Temp/jsreport/autocleanup/abe36e11-1bf5-4844-beef-bb5e2223cd5a-chrome-pdf.html","meta":{"rootId":"3o4j2jrolw1aune","id":"ca2xkketxoe154k"},"id":"r8v1ht0j18qow4s","previousOperationId":"5y70zckokh4fn9t"}
{"type":"log","timestamp":1675714776397,"level":"debug","message":"Page request: GET (stylesheet) https://cdnjs.cloudflare.com/ajax/libs/metro/4.1.5/css/metro.min.css","meta":{"rootId":"3o4j2jrolw1aune","id":"ca2xkketxoe154k"},"id":"js0udbqoazzdrt1","previousOperationId":"5y70zckokh4fn9t"}
{"type":"log","timestamp":1675714776419,"level":"debug","message":"Page request finished: GET (stylesheet) 200 https://cdnjs.cloudflare.com/ajax/libs/metro/4.1.5/css/metro.min.css","meta":{"rootId":"3o4j2jrolw1aune","id":"ca2xkketxoe154k"},"id":"9ghqlzbw6hz7dik","previousOperationId":"5y70zckokh4fn9t"}
{"type":"log","timestamp":1675714776440,"level":"debug","message":"Running chrome with params {\"printBackground\":true,\"marginTop\":\"1.5cm\",\"marginRight\":\"1.5cm\",\"marginLeft\":\"1.cm\",\"timeout\":54320,\"margin\":{\"top\":\"1.5cm\",\"right\":\"1.5cm\",\"left\":\"1.cm\"}}","meta":{"rootId":"3o4j2jrolw1aune","id":"ca2xkketxoe154k"},"id":"cw6o3pgkqjk7n5c","previousOperationId":"5y70zckokh4fn9t"}
{"type":"operationEnd","operationId":"5y70zckokh4fn9t","timestamp":1675714776498,"id":"v0qn67ftv841391","previousEventId":"3r7vebtswc4pifa","previousOperationId":"5y70zckokh4fn9t"}
{"type":"log","timestamp":1675714776498,"level":"debug","message":"Skipping storing report.","meta":{"rootId":"3o4j2jrolw1aune","id":"ca2xkketxoe154k"},"id":"wmmumpwlxohqniz","previousOperationId":"5y70zckokh4fn9t"}
{"type":"log","timestamp":1675714776499,"level":"info","message":"Rendering (child) request finished in 5898 ms","meta":{"rootId":"3o4j2jrolw1aune","id":"ca2xkketxoe154k"},"id":"hjabk803ezq4s3l","previousOperationId":"5y70zckokh4fn9t"}
{"type":"operationEnd","subtype":"render","operationId":"317bu2ldis6ruhx","timestamp":1675714776499,"id":"kqjypockffgug89","previousEventId":"v0qn67ftv841391","previousOperationId":"5y70zckokh4fn9t"}
{"type":"operationEnd","operationId":"8eogqnzhd3klna5","timestamp":1675714776519,"id":"5ipbuqbmdd2qusr","previousEventId":"rcz4wo14qyr99tz","previousOperationId":"8eogqnzhd3klna5"}
{"type":"log","timestamp":1675714776519,"level":"debug","message":"pdf-utils postproces start","meta":{"rootId":"3o4j2jrolw1aune","id":"3o4j2jrolw1aune"},"id":"kejdsvis0yctnxm","previousOperationId":"8eogqnzhd3klna5"}
{"type":"log","timestamp":1675714776532,"level":"debug","message":"pdf-utils postproces end","meta":{"rootId":"3o4j2jrolw1aune","id":"3o4j2jrolw1aune"},"id":"dai07vp06745hc4","previousOperationId":"8eogqnzhd3klna5"}
{"type":"operationEnd","operationId":"w0f4ayw7e223uwc","timestamp":1675714776532,"id":"kgu7ue57hign1by","previousEventId":"5ipbuqbmdd2qusr","previousOperationId":"8eogqnzhd3klna5"}
{"type":"log","timestamp":1675714776532,"level":"info","message":"pdf-utils pdf processing was finished","meta":{"rootId":"3o4j2jrolw1aune","id":"3o4j2jrolw1aune"},"id":"f51s67fsikabjeq","previousOperationId":"w0f4ayw7e223uwc"}
{"type":"log","timestamp":1675714776532,"level":"debug","message":"Skipping storing report.","meta":{"rootId":"3o4j2jrolw1aune","id":"3o4j2jrolw1aune"},"id":"b20d0hir1vddd66","previousOperationId":"w0f4ayw7e223uwc"}
{"type":"log","timestamp":1675714776532,"level":"info","message":"Rendering request 1 finished in 5931 ms","meta":{"rootId":"3o4j2jrolw1aune","id":"3o4j2jrolw1aune"},"id":"l3ar1wz2sj0sujl","previousOperationId":"w0f4ayw7e223uwc"}
{"type":"operationEnd","subtype":"render","operationId":"dp55lob9zycnxt8","timestamp":1675714776532,"id":"vcwikkhme5eqhhc","previousEventId":"kgu7ue57hign1by","previousOperationId":"w0f4ayw7e223uwc"}
{"type":"operationEnd","doDiffs":false,"previousEventId":"plws5igs7yht80f","previousOperationId":"womnxblqbyv4zzd","operationId":"womnxblqbyv4zzd","timestamp":1675714776540,"id":"l1hw8f4o62pz4ah"}
