{"type":"operationStart","subtype":"profile","data":{"_id":"o0vKjQrVfHdNErVB","timestamp":"2023-02-10T18:54:54.698Z","state":"queued","mode":"standard","creationDate":"2023-02-10T18:54:54.700Z","modificationDate":"2023-02-10T18:54:54.700Z","shortid":"ppYhsU3","$entitySet":"profiles"},"doDiffs":false,"timestamp":1676055294699,"id":"jqwwhlt5f4x3489","previousOperationId":null,"operationId":"wfasvpkfa2r8pv9"}
{"type":"log","level":"info","message":"Render request 7 queued for execution and waiting for available worker","previousOperationId":"wfasvpkfa2r8pv9","timestamp":1676055294699,"id":"9mxxdco1nn0fost"}
{"type":"operationStart","subtype":"render","name":"authors-main","previousOperationId":"wfasvpkfa2r8pv9","timestamp":1676055294703,"id":"wt5u26q29t9jo3z","previousEventId":"jqwwhlt5f4x3489","operationId":"9dokl4kw36y8rj4"}
{"type":"log","timestamp":1676055294704,"level":"info","message":"Starting rendering request 7","meta":{"rootId":"b4l7r0i2qjfrwkk","id":"b4l7r0i2qjfrwkk"},"id":"uyxspou649m6q4t","previousOperationId":"9dokl4kw36y8rj4"}
{"type":"log","timestamp":1676055294704,"level":"info","message":"Rendering template { name: authors-main, recipe: chrome-pdf, engine: handlebars, preview: false }","meta":{"rootId":"b4l7r0i2qjfrwkk","id":"b4l7r0i2qjfrwkk"},"id":"l2cg885b8qxjs98","previousOperationId":"9dokl4kw36y8rj4"}
{"type":"log","timestamp":1676055294705,"level":"debug","message":"Data item not defined for this template.","meta":{"rootId":"b4l7r0i2qjfrwkk","id":"b4l7r0i2qjfrwkk"},"id":"2vry3enc8yc638g","previousOperationId":"9dokl4kw36y8rj4"}
{"type":"log","timestamp":1676055294710,"level":"debug","message":"Executing script authors-script (beforeRender)","meta":{"rootId":"b4l7r0i2qjfrwkk","id":"b4l7r0i2qjfrwkk"},"id":"5f0u45luyr93yf4","previousOperationId":"9dokl4kw36y8rj4"}
{"type":"operationStart","subtype":"scriptsBeforeRender","name":"scripts beforeRender","timestamp":1676055294737,"id":"1c0ke1981nnmblp","previousEventId":"wt5u26q29t9jo3z","operationId":"6uetqq0tfijcxmf","previousOperationId":"9dokl4kw36y8rj4"}
{"type":"operationStart","subtype":"script","name":"scripts authors-script","previousOperationId":"6uetqq0tfijcxmf","timestamp":1676055294737,"id":"1wgl5wwy2j4ztq4","previousEventId":"1c0ke1981nnmblp","operationId":"dobo65tdf1d0szw"}
{"type":"log","timestamp":1676055295028,"level":"debug","message":"(console:log) [ 2, 4 ]","meta":{"userLevel":true,"rootId":"b4l7r0i2qjfrwkk","id":"b4l7r0i2qjfrwkk"},"id":"jam28d2se5qft44","previousOperationId":"dobo65tdf1d0szw"}
{"type":"operationEnd","operationId":"dobo65tdf1d0szw","timestamp":1676055295028,"id":"mx63qvjpd0p43p7","previousEventId":"wt5u26q29t9jo3z","previousOperationId":"9dokl4kw36y8rj4"}
{"type":"operationEnd","operationId":"6uetqq0tfijcxmf","timestamp":1676055295028,"id":"ridf6x7ey0voyp0","previousEventId":"mx63qvjpd0p43p7","previousOperationId":"9dokl4kw36y8rj4"}
{"type":"log","timestamp":1676055295028,"level":"debug","message":"Base url not specified, skipping its injection.","meta":{"rootId":"b4l7r0i2qjfrwkk","id":"b4l7r0i2qjfrwkk"},"id":"kqzxg7p7x52ctrm","previousOperationId":"6uetqq0tfijcxmf"}
{"type":"operationStart","subtype":"engine","name":"handlebars","timestamp":1676055295028,"id":"jizpzxcalzfc0sc","previousEventId":"ridf6x7ey0voyp0","operationId":"86ugohzkn97i48j","previousOperationId":"6uetqq0tfijcxmf"}
{"type":"log","timestamp":1676055295028,"level":"debug","message":"Rendering engine handlebars","meta":{"rootId":"b4l7r0i2qjfrwkk","id":"b4l7r0i2qjfrwkk"},"id":"3tlkrhynhxh39q6","previousOperationId":"86ugohzkn97i48j"}
{"type":"operationEnd","operationId":"86ugohzkn97i48j","timestamp":1676055295037,"id":"9pl4a3clu8d4zg5","previousEventId":"jizpzxcalzfc0sc","previousOperationId":"86ugohzkn97i48j"}
{"type":"operationStart","subtype":"recipe","name":"chrome-pdf","timestamp":1676055295038,"id":"249kio0tr40qtdt","previousEventId":"9pl4a3clu8d4zg5","operationId":"wjb36hjzpunagdh","previousOperationId":"86ugohzkn97i48j"}
{"type":"log","timestamp":1676055295038,"level":"debug","message":"Executing recipe chrome-pdf","meta":{"rootId":"b4l7r0i2qjfrwkk","id":"b4l7r0i2qjfrwkk"},"id":"wb80gny31qd22xp","previousOperationId":"wjb36hjzpunagdh"}
{"type":"log","timestamp":1676055295040,"level":"debug","message":"Converting with chrome HeadlessChrome/105.0.5173.0 using chrome-pool strategy","meta":{"rootId":"b4l7r0i2qjfrwkk","id":"b4l7r0i2qjfrwkk"},"id":"iveq1gojtshitaa","previousOperationId":"wjb36hjzpunagdh"}
{"type":"log","timestamp":1676055295137,"level":"debug","message":"Page request: GET (document) file:///C:/Users/pollo/AppData/Local/Temp/jsreport/autocleanup/72f0688a-9d86-4e5a-9265-c587ce546d00-chrome-pdf.html","meta":{"rootId":"b4l7r0i2qjfrwkk","id":"b4l7r0i2qjfrwkk"},"id":"4066kpidk118j9d","previousOperationId":"wjb36hjzpunagdh"}
{"type":"log","timestamp":1676055295147,"level":"debug","message":"Page request: GET (stylesheet) https://cdnjs.cloudflare.com/ajax/libs/metro/4.1.5/css/metro.min.css","meta":{"rootId":"b4l7r0i2qjfrwkk","id":"b4l7r0i2qjfrwkk"},"id":"yju4w4etexe33za","previousOperationId":"wjb36hjzpunagdh"}
{"type":"log","timestamp":1676055295147,"level":"debug","message":"Page request: GET (script) https://cdn.jsdelivr.net/npm/chart.js","meta":{"rootId":"b4l7r0i2qjfrwkk","id":"b4l7r0i2qjfrwkk"},"id":"to6hjwno4ebskhf","previousOperationId":"wjb36hjzpunagdh"}
{"type":"log","timestamp":1676055295148,"level":"debug","message":"Page request finished: GET (document) 200 file:///C:/Users/pollo/AppData/Local/Temp/jsreport/autocleanup/72f0688a-9d86-4e5a-9265-c587ce546d00-chrome-pdf.html","meta":{"rootId":"b4l7r0i2qjfrwkk","id":"b4l7r0i2qjfrwkk"},"id":"h4xrjbfqtlchkvk","previousOperationId":"wjb36hjzpunagdh"}
{"type":"log","timestamp":1676055295154,"level":"debug","message":"Page request finished: GET (script) 200 https://cdn.jsdelivr.net/npm/chart.js","meta":{"rootId":"b4l7r0i2qjfrwkk","id":"b4l7r0i2qjfrwkk"},"id":"vmz04ptce0gsfkc","previousOperationId":"wjb36hjzpunagdh"}
{"type":"log","timestamp":1676055295171,"level":"debug","message":"Page request finished: GET (stylesheet) 200 https://cdnjs.cloudflare.com/ajax/libs/metro/4.1.5/css/metro.min.css","meta":{"rootId":"b4l7r0i2qjfrwkk","id":"b4l7r0i2qjfrwkk"},"id":"0ocl3a6lp3j3e5k","previousOperationId":"wjb36hjzpunagdh"}
{"type":"log","timestamp":1676055295267,"level":"debug","message":"Running chrome with params {\"printBackground\":true,\"marginTop\":\"4cm\",\"marginRight\":\"1.5cm\",\"marginBottom\":\"1.5cm\",\"marginLeft\":\"1.5cm\",\"waitForJS\":false,\"timeout\":59659,\"margin\":{\"top\":\"4cm\",\"right\":\"1.5cm\",\"bottom\":\"1.5cm\",\"left\":\"1.5cm\"}}","meta":{"rootId":"b4l7r0i2qjfrwkk","id":"b4l7r0i2qjfrwkk"},"id":"nyf0x9fjanjglfg","previousOperationId":"wjb36hjzpunagdh"}
{"type":"operationEnd","operationId":"wjb36hjzpunagdh","timestamp":1676055295351,"id":"unwizlkkd81bv6i","previousEventId":"249kio0tr40qtdt","previousOperationId":"wjb36hjzpunagdh"}
{"type":"log","timestamp":1676055295351,"level":"info","message":"pdf-utils is starting pdf processing","meta":{"rootId":"b4l7r0i2qjfrwkk","id":"b4l7r0i2qjfrwkk"},"id":"zywg2kezu6lw0j1","previousOperationId":"wjb36hjzpunagdh"}
{"type":"operationStart","subtype":"pdfUtils","name":"pdf utils","timestamp":1676055295351,"id":"coe3062nxvec610","previousEventId":"unwizlkkd81bv6i","operationId":"bb9sqk34dhar7i4","previousOperationId":"wjb36hjzpunagdh"}
{"type":"log","timestamp":1676055295352,"level":"debug","message":"pdf-utils detected 1 pdf operation(s) to process","meta":{"rootId":"b4l7r0i2qjfrwkk","id":"b4l7r0i2qjfrwkk"},"id":"ywi0ek96bmh4xqq","previousOperationId":"bb9sqk34dhar7i4"}
{"type":"log","timestamp":1676055295379,"level":"debug","message":"pdf-utils running pdf operation merge","meta":{"rootId":"b4l7r0i2qjfrwkk","id":"b4l7r0i2qjfrwkk"},"id":"6dv7xtgihybc9yj","previousOperationId":"bb9sqk34dhar7i4"}
{"type":"operationStart","subtype":"pdfUtilsMerge","name":"pdf utils merge","previousOperationId":"bb9sqk34dhar7i4","timestamp":1676055295379,"id":"wt8c9zce6em0ok6","previousEventId":"coe3062nxvec610","operationId":"qg8lfph9ykyi718"}
{"type":"operationStart","subtype":"render","name":"authors-header","previousOperationId":"qg8lfph9ykyi718","timestamp":1676055295380,"id":"6mer80js7y2n4wt","previousEventId":"wt8c9zce6em0ok6","operationId":"u4qmioyblbura9b"}
{"type":"log","timestamp":1676055295380,"level":"info","message":"Starting rendering (child) request","meta":{"rootId":"b4l7r0i2qjfrwkk","id":"dw8558swqu2l5to"},"id":"swkj2unm15b7o4y","previousOperationId":"u4qmioyblbura9b"}
{"type":"log","timestamp":1676055295380,"level":"info","message":"Rendering template { name: authors-header, recipe: chrome-pdf, engine: handlebars, preview: false }","meta":{"rootId":"b4l7r0i2qjfrwkk","id":"dw8558swqu2l5to"},"id":"jechhsqaoa2omat","previousOperationId":"u4qmioyblbura9b"}
{"type":"log","timestamp":1676055295381,"level":"debug","message":"Inline data specified.","meta":{"rootId":"b4l7r0i2qjfrwkk","id":"dw8558swqu2l5to"},"id":"acxel434laqg71y","previousOperationId":"u4qmioyblbura9b"}
{"type":"log","timestamp":1676055295384,"level":"debug","message":"Base url not specified, skipping its injection.","meta":{"rootId":"b4l7r0i2qjfrwkk","id":"dw8558swqu2l5to"},"id":"zqp7c39p7gq9l4p","previousOperationId":"u4qmioyblbura9b"}
{"type":"operationStart","subtype":"engine","name":"handlebars","timestamp":1676055295384,"id":"r8um9z8utevv89b","previousEventId":"6mer80js7y2n4wt","operationId":"vavmt59fw6fl60e","previousOperationId":"u4qmioyblbura9b"}
{"type":"log","timestamp":1676055295384,"level":"debug","message":"Rendering engine handlebars","meta":{"rootId":"b4l7r0i2qjfrwkk","id":"dw8558swqu2l5to"},"id":"5vnnkx2cowx6scg","previousOperationId":"vavmt59fw6fl60e"}
{"type":"operationEnd","operationId":"vavmt59fw6fl60e","timestamp":1676055295401,"id":"1jz0tsow9qa492b","previousEventId":"r8um9z8utevv89b","previousOperationId":"vavmt59fw6fl60e"}
{"type":"operationStart","subtype":"recipe","name":"chrome-pdf","timestamp":1676055295401,"id":"85vvgaar05uaz21","previousEventId":"1jz0tsow9qa492b","operationId":"szshiyurr7m0wni","previousOperationId":"vavmt59fw6fl60e"}
{"type":"log","timestamp":1676055295401,"level":"debug","message":"Executing recipe chrome-pdf","meta":{"rootId":"b4l7r0i2qjfrwkk","id":"dw8558swqu2l5to"},"id":"uegde53gngqrf29","previousOperationId":"szshiyurr7m0wni"}
{"type":"log","timestamp":1676055295404,"level":"debug","message":"Converting with chrome HeadlessChrome/105.0.5173.0 using chrome-pool strategy","meta":{"rootId":"b4l7r0i2qjfrwkk","id":"dw8558swqu2l5to"},"id":"kb5y0xw4aaxq4kr","previousOperationId":"szshiyurr7m0wni"}
{"type":"log","timestamp":1676055295498,"level":"debug","message":"Page request: GET (document) file:///C:/Users/pollo/AppData/Local/Temp/jsreport/autocleanup/7465ffaf-0195-4f1a-94b3-0015821e4df5-chrome-pdf.html","meta":{"rootId":"b4l7r0i2qjfrwkk","id":"dw8558swqu2l5to"},"id":"7ar7dp2s3jwavr7","previousOperationId":"szshiyurr7m0wni"}
{"type":"log","timestamp":1676055295508,"level":"debug","message":"Page request finished: GET (document) 200 file:///C:/Users/pollo/AppData/Local/Temp/jsreport/autocleanup/7465ffaf-0195-4f1a-94b3-0015821e4df5-chrome-pdf.html","meta":{"rootId":"b4l7r0i2qjfrwkk","id":"dw8558swqu2l5to"},"id":"hecvemxsr9bb1cn","previousOperationId":"szshiyurr7m0wni"}
{"type":"log","timestamp":1676055295509,"level":"debug","message":"Page request: GET (stylesheet) https://cdnjs.cloudflare.com/ajax/libs/metro/4.1.5/css/metro.min.css","meta":{"rootId":"b4l7r0i2qjfrwkk","id":"dw8558swqu2l5to"},"id":"2thkcyu38o70fkb","previousOperationId":"szshiyurr7m0wni"}
{"type":"log","timestamp":1676055295529,"level":"debug","message":"Page request finished: GET (stylesheet) 200 https://cdnjs.cloudflare.com/ajax/libs/metro/4.1.5/css/metro.min.css","meta":{"rootId":"b4l7r0i2qjfrwkk","id":"dw8558swqu2l5to"},"id":"ldy37fcjeejog5l","previousOperationId":"szshiyurr7m0wni"}
{"type":"log","timestamp":1676055295550,"level":"debug","message":"Running chrome with params {\"printBackground\":true,\"marginTop\":\"1.5cm\",\"marginRight\":\"1.5cm\",\"marginLeft\":\"1.cm\",\"timeout\":59295,\"margin\":{\"top\":\"1.5cm\",\"right\":\"1.5cm\",\"left\":\"1.cm\"}}","meta":{"rootId":"b4l7r0i2qjfrwkk","id":"dw8558swqu2l5to"},"id":"4iykkabpu1nfax7","previousOperationId":"szshiyurr7m0wni"}
{"type":"operationEnd","operationId":"szshiyurr7m0wni","timestamp":1676055295610,"id":"0pj2b1zlll8tt04","previousEventId":"85vvgaar05uaz21","previousOperationId":"szshiyurr7m0wni"}
{"type":"log","timestamp":1676055295611,"level":"debug","message":"Skipping storing report.","meta":{"rootId":"b4l7r0i2qjfrwkk","id":"dw8558swqu2l5to"},"id":"1miool33wobc6z4","previousOperationId":"szshiyurr7m0wni"}
{"type":"log","timestamp":1676055295611,"level":"info","message":"Rendering (child) request finished in 913 ms","meta":{"rootId":"b4l7r0i2qjfrwkk","id":"dw8558swqu2l5to"},"id":"ew2w5h1nf9s318i","previousOperationId":"szshiyurr7m0wni"}
{"type":"operationEnd","subtype":"render","operationId":"u4qmioyblbura9b","timestamp":1676055295611,"id":"33u5ub6yc20kymt","previousEventId":"0pj2b1zlll8tt04","previousOperationId":"szshiyurr7m0wni"}
{"type":"operationEnd","operationId":"qg8lfph9ykyi718","timestamp":1676055295618,"id":"r578r8mgk8deziy","previousEventId":"wt8c9zce6em0ok6","previousOperationId":"qg8lfph9ykyi718"}
{"type":"log","timestamp":1676055295618,"level":"debug","message":"pdf-utils postproces start","meta":{"rootId":"b4l7r0i2qjfrwkk","id":"b4l7r0i2qjfrwkk"},"id":"10zuf1b8m68wl49","previousOperationId":"qg8lfph9ykyi718"}
{"type":"log","timestamp":1676055295626,"level":"debug","message":"pdf-utils postproces end","meta":{"rootId":"b4l7r0i2qjfrwkk","id":"b4l7r0i2qjfrwkk"},"id":"38rnjuzqn3kgkt3","previousOperationId":"qg8lfph9ykyi718"}
{"type":"operationEnd","operationId":"bb9sqk34dhar7i4","timestamp":1676055295626,"id":"c1b3bw0xza7mqda","previousEventId":"r578r8mgk8deziy","previousOperationId":"qg8lfph9ykyi718"}
{"type":"log","timestamp":1676055295626,"level":"info","message":"pdf-utils pdf processing was finished","meta":{"rootId":"b4l7r0i2qjfrwkk","id":"b4l7r0i2qjfrwkk"},"id":"haoya50bl3yyjw0","previousOperationId":"bb9sqk34dhar7i4"}
{"type":"log","timestamp":1676055295626,"level":"debug","message":"Skipping storing report.","meta":{"rootId":"b4l7r0i2qjfrwkk","id":"b4l7r0i2qjfrwkk"},"id":"hrwmscwptpbbawc","previousOperationId":"bb9sqk34dhar7i4"}
{"type":"log","timestamp":1676055295626,"level":"info","message":"Rendering request 7 finished in 928 ms","meta":{"rootId":"b4l7r0i2qjfrwkk","id":"b4l7r0i2qjfrwkk"},"id":"9oebtzacgw2q73z","previousOperationId":"bb9sqk34dhar7i4"}
{"type":"operationEnd","subtype":"render","operationId":"9dokl4kw36y8rj4","timestamp":1676055295626,"id":"4lnf6r27qhogfmu","previousEventId":"c1b3bw0xza7mqda","previousOperationId":"bb9sqk34dhar7i4"}
{"type":"operationEnd","doDiffs":false,"previousEventId":"jqwwhlt5f4x3489","previousOperationId":"wfasvpkfa2r8pv9","operationId":"wfasvpkfa2r8pv9","timestamp":1676055295632,"id":"zpmva54w29kx7o3"}
