{"type":"operationStart","subtype":"profile","data":{"_id":"MTDqBl2vqHEQtu5V","timestamp":"2023-02-06T16:26:40.948Z","state":"queued","mode":"standard","creationDate":"2023-02-06T16:26:40.950Z","modificationDate":"2023-02-06T16:26:40.950Z","shortid":"caAGD9e","$entitySet":"profiles"},"doDiffs":false,"timestamp":1675700800949,"id":"82irp40wfyymdlk","previousOperationId":null,"operationId":"th7soop8u0i7h7m"}
{"type":"log","level":"info","message":"Render request 7 queued for execution and waiting for available worker","previousOperationId":"th7soop8u0i7h7m","timestamp":1675700800949,"id":"hz2mwmmmbqiqcv5"}
{"type":"operationStart","subtype":"render","name":"authors-main","previousOperationId":"th7soop8u0i7h7m","timestamp":1675700800957,"id":"244yyyyuyj5ceos","previousEventId":"82irp40wfyymdlk","operationId":"nno7vo0zvmkdjhc"}
{"type":"log","timestamp":1675700800958,"level":"info","message":"Starting rendering request 7","meta":{"rootId":"e4mqkyh0bzfqbin","id":"e4mqkyh0bzfqbin"},"id":"wis31y5yvemir12","previousOperationId":"nno7vo0zvmkdjhc"}
{"type":"log","timestamp":1675700800958,"level":"info","message":"Rendering template { name: authors-main, recipe: chrome-pdf, engine: handlebars, preview: true }","meta":{"rootId":"e4mqkyh0bzfqbin","id":"e4mqkyh0bzfqbin"},"id":"jmav96180oohdis","previousOperationId":"nno7vo0zvmkdjhc"}
{"type":"log","timestamp":1675700800959,"level":"debug","message":"Data item not defined for this template.","meta":{"rootId":"e4mqkyh0bzfqbin","id":"e4mqkyh0bzfqbin"},"id":"8qlp3i8b05w03oa","previousOperationId":"nno7vo0zvmkdjhc"}
{"type":"log","timestamp":1675700800961,"level":"debug","message":"Executing script authors-script (beforeRender)","meta":{"rootId":"e4mqkyh0bzfqbin","id":"e4mqkyh0bzfqbin"},"id":"m7sx3vdwcpnd0sk","previousOperationId":"nno7vo0zvmkdjhc"}
{"type":"operationStart","subtype":"scriptsBeforeRender","name":"scripts beforeRender","timestamp":1675700800986,"id":"m948xj7vkb9auhi","previousEventId":"244yyyyuyj5ceos","operationId":"x8ejonygoh9qzfb","previousOperationId":"nno7vo0zvmkdjhc"}
{"type":"operationStart","subtype":"script","name":"scripts authors-script","previousOperationId":"x8ejonygoh9qzfb","timestamp":1675700800986,"id":"rbx5i0kul1o7bxt","previousEventId":"m948xj7vkb9auhi","operationId":"j6aw04n7v9q6xxr"}
{"type":"log","timestamp":1675700801244,"level":"debug","message":"(console:log) [ 2, 4 ]","meta":{"userLevel":true,"rootId":"e4mqkyh0bzfqbin","id":"e4mqkyh0bzfqbin"},"id":"98aivyfs9starh5","previousOperationId":"j6aw04n7v9q6xxr"}
{"type":"operationEnd","operationId":"j6aw04n7v9q6xxr","timestamp":1675700801245,"id":"2pmdq56z9ox7yc0","previousEventId":"244yyyyuyj5ceos","previousOperationId":"nno7vo0zvmkdjhc"}
{"type":"operationEnd","operationId":"x8ejonygoh9qzfb","timestamp":1675700801245,"id":"2mbtsstxlvkt8t9","previousEventId":"2pmdq56z9ox7yc0","previousOperationId":"nno7vo0zvmkdjhc"}
{"type":"log","timestamp":1675700801245,"level":"debug","message":"Base url not specified, skipping its injection.","meta":{"rootId":"e4mqkyh0bzfqbin","id":"e4mqkyh0bzfqbin"},"id":"mndeqhxbi3uv1vm","previousOperationId":"x8ejonygoh9qzfb"}
{"type":"operationStart","subtype":"engine","name":"handlebars","timestamp":1675700801245,"id":"sx7zigsrfj25xr3","previousEventId":"2mbtsstxlvkt8t9","operationId":"v3vcnpt1peftd0f","previousOperationId":"x8ejonygoh9qzfb"}
{"type":"log","timestamp":1675700801245,"level":"debug","message":"Rendering engine handlebars","meta":{"rootId":"e4mqkyh0bzfqbin","id":"e4mqkyh0bzfqbin"},"id":"jdo7dw3lqaahn5v","previousOperationId":"v3vcnpt1peftd0f"}
{"type":"operationEnd","operationId":"v3vcnpt1peftd0f","timestamp":1675700801255,"id":"b3m3hegz9ezzx5v","previousEventId":"sx7zigsrfj25xr3","previousOperationId":"v3vcnpt1peftd0f"}
{"type":"operationStart","subtype":"recipe","name":"chrome-pdf","timestamp":1675700801255,"id":"k3t77yg0kq6rc28","previousEventId":"b3m3hegz9ezzx5v","operationId":"qhvdwul4xi08si9","previousOperationId":"v3vcnpt1peftd0f"}
{"type":"log","timestamp":1675700801255,"level":"debug","message":"Executing recipe chrome-pdf","meta":{"rootId":"e4mqkyh0bzfqbin","id":"e4mqkyh0bzfqbin"},"id":"8u4pkm2uue6gol8","previousOperationId":"qhvdwul4xi08si9"}
{"type":"log","timestamp":1675700801258,"level":"debug","message":"Converting with chrome HeadlessChrome/105.0.5173.0 using chrome-pool strategy","meta":{"rootId":"e4mqkyh0bzfqbin","id":"e4mqkyh0bzfqbin"},"id":"xeo9ijfdomp9nkp","previousOperationId":"qhvdwul4xi08si9"}
{"type":"log","timestamp":1675700801358,"level":"debug","message":"Page request: GET (document) file:///C:/Users/pollo/AppData/Local/Temp/jsreport/autocleanup/f57433b3-49fb-4ce2-b2fd-8bd151a858e5-chrome-pdf.html","meta":{"rootId":"e4mqkyh0bzfqbin","id":"e4mqkyh0bzfqbin"},"id":"t792hnk9elr5qzf","previousOperationId":"qhvdwul4xi08si9"}
{"type":"log","timestamp":1675700801368,"level":"debug","message":"Page request finished: GET (document) 200 file:///C:/Users/pollo/AppData/Local/Temp/jsreport/autocleanup/f57433b3-49fb-4ce2-b2fd-8bd151a858e5-chrome-pdf.html","meta":{"rootId":"e4mqkyh0bzfqbin","id":"e4mqkyh0bzfqbin"},"id":"whzk7tsu0c6l25d","previousOperationId":"qhvdwul4xi08si9"}
{"type":"log","timestamp":1675700801368,"level":"debug","message":"Page request: GET (stylesheet) https://cdnjs.cloudflare.com/ajax/libs/metro/4.1.5/css/metro.min.css","meta":{"rootId":"e4mqkyh0bzfqbin","id":"e4mqkyh0bzfqbin"},"id":"a5ou2cmcw6txqv1","previousOperationId":"qhvdwul4xi08si9"}
{"type":"log","timestamp":1675700801369,"level":"debug","message":"Page request: GET (script) https://cdn.jsdelivr.net/npm/chart.js","meta":{"rootId":"e4mqkyh0bzfqbin","id":"e4mqkyh0bzfqbin"},"id":"8r9s159r69l90tz","previousOperationId":"qhvdwul4xi08si9"}
{"type":"log","timestamp":1675700801374,"level":"debug","message":"Page request finished: GET (script) 200 https://cdn.jsdelivr.net/npm/chart.js","meta":{"rootId":"e4mqkyh0bzfqbin","id":"e4mqkyh0bzfqbin"},"id":"3o1yfhw2yseln8j","previousOperationId":"qhvdwul4xi08si9"}
{"type":"log","timestamp":1675700801391,"level":"debug","message":"Page request finished: GET (stylesheet) 200 https://cdnjs.cloudflare.com/ajax/libs/metro/4.1.5/css/metro.min.css","meta":{"rootId":"e4mqkyh0bzfqbin","id":"e4mqkyh0bzfqbin"},"id":"xlcdtd9vgapngl0","previousOperationId":"qhvdwul4xi08si9"}
{"type":"log","timestamp":1675700801492,"level":"debug","message":"Running chrome with params {\"printBackground\":true,\"marginTop\":\"4cm\",\"marginRight\":\"1.5cm\",\"marginBottom\":\"1.5cm\",\"marginLeft\":\"1.5cm\",\"waitForJS\":false,\"timeout\":59691,\"margin\":{\"top\":\"4cm\",\"right\":\"1.5cm\",\"bottom\":\"1.5cm\",\"left\":\"1.5cm\"}}","meta":{"rootId":"e4mqkyh0bzfqbin","id":"e4mqkyh0bzfqbin"},"id":"g1e89znksfhj6sc","previousOperationId":"qhvdwul4xi08si9"}
{"type":"operationEnd","operationId":"qhvdwul4xi08si9","timestamp":1675700801579,"id":"6rag7llab9gtcl5","previousEventId":"k3t77yg0kq6rc28","previousOperationId":"qhvdwul4xi08si9"}
{"type":"log","timestamp":1675700801579,"level":"info","message":"pdf-utils is starting pdf processing","meta":{"rootId":"e4mqkyh0bzfqbin","id":"e4mqkyh0bzfqbin"},"id":"8j8kkqi4xuzm699","previousOperationId":"qhvdwul4xi08si9"}
{"type":"operationStart","subtype":"pdfUtils","name":"pdf utils","timestamp":1675700801580,"id":"2qjtna2u4q757y1","previousEventId":"6rag7llab9gtcl5","operationId":"xq1xyb6laaj1nyy","previousOperationId":"qhvdwul4xi08si9"}
{"type":"log","timestamp":1675700801580,"level":"debug","message":"pdf-utils detected 1 pdf operation(s) to process","meta":{"rootId":"e4mqkyh0bzfqbin","id":"e4mqkyh0bzfqbin"},"id":"1851euhzke9luwb","previousOperationId":"xq1xyb6laaj1nyy"}
{"type":"log","timestamp":1675700801599,"level":"debug","message":"pdf-utils running pdf operation merge","meta":{"rootId":"e4mqkyh0bzfqbin","id":"e4mqkyh0bzfqbin"},"id":"q5181uxpx8ha9w1","previousOperationId":"xq1xyb6laaj1nyy"}
{"type":"operationStart","subtype":"pdfUtilsMerge","name":"pdf utils merge","previousOperationId":"xq1xyb6laaj1nyy","timestamp":1675700801599,"id":"gxdacvyg9txl9a9","previousEventId":"2qjtna2u4q757y1","operationId":"t5o4qj20yefvnkx"}
{"type":"operationStart","subtype":"render","name":"authors-header","previousOperationId":"t5o4qj20yefvnkx","timestamp":1675700801601,"id":"xq36ma6n3jvxfed","previousEventId":"gxdacvyg9txl9a9","operationId":"xsezf3i07k9y4nj"}
{"type":"log","timestamp":1675700801601,"level":"info","message":"Starting rendering (child) request","meta":{"rootId":"e4mqkyh0bzfqbin","id":"cbm786ci1wk5033"},"id":"ta97b8z1u5z359k","previousOperationId":"xsezf3i07k9y4nj"}
{"type":"log","timestamp":1675700801601,"level":"info","message":"Rendering template { name: authors-header, recipe: chrome-pdf, engine: handlebars, preview: true }","meta":{"rootId":"e4mqkyh0bzfqbin","id":"cbm786ci1wk5033"},"id":"k4v2dse47gyl906","previousOperationId":"xsezf3i07k9y4nj"}
{"type":"log","timestamp":1675700801602,"level":"debug","message":"Inline data specified.","meta":{"rootId":"e4mqkyh0bzfqbin","id":"cbm786ci1wk5033"},"id":"1likf1o5awixdrq","previousOperationId":"xsezf3i07k9y4nj"}
{"type":"log","timestamp":1675700801605,"level":"debug","message":"Base url not specified, skipping its injection.","meta":{"rootId":"e4mqkyh0bzfqbin","id":"cbm786ci1wk5033"},"id":"vl8mmrdzxwl7d4y","previousOperationId":"xsezf3i07k9y4nj"}
{"type":"operationStart","subtype":"engine","name":"handlebars","timestamp":1675700801605,"id":"uro2x7zvzcs3wq5","previousEventId":"xq36ma6n3jvxfed","operationId":"3cp7a0e2ojve2x0","previousOperationId":"xsezf3i07k9y4nj"}
{"type":"log","timestamp":1675700801605,"level":"debug","message":"Rendering engine handlebars","meta":{"rootId":"e4mqkyh0bzfqbin","id":"cbm786ci1wk5033"},"id":"8ojpmostmtdajb3","previousOperationId":"3cp7a0e2ojve2x0"}
{"type":"operationEnd","operationId":"3cp7a0e2ojve2x0","timestamp":1675700801625,"id":"cr1ls6cyvjgnfnx","previousEventId":"uro2x7zvzcs3wq5","previousOperationId":"3cp7a0e2ojve2x0"}
{"type":"operationStart","subtype":"recipe","name":"chrome-pdf","timestamp":1675700801625,"id":"l21dig4og8looq3","previousEventId":"cr1ls6cyvjgnfnx","operationId":"n6948pkbtp4os74","previousOperationId":"3cp7a0e2ojve2x0"}
{"type":"log","timestamp":1675700801625,"level":"debug","message":"Executing recipe chrome-pdf","meta":{"rootId":"e4mqkyh0bzfqbin","id":"cbm786ci1wk5033"},"id":"zf6p1waspo53ngu","previousOperationId":"n6948pkbtp4os74"}
{"type":"log","timestamp":1675700801628,"level":"debug","message":"Converting with chrome HeadlessChrome/105.0.5173.0 using chrome-pool strategy","meta":{"rootId":"e4mqkyh0bzfqbin","id":"cbm786ci1wk5033"},"id":"32flu7qdqvke7hc","previousOperationId":"n6948pkbtp4os74"}
{"type":"log","timestamp":1675700801729,"level":"debug","message":"Page request: GET (document) file:///C:/Users/pollo/AppData/Local/Temp/jsreport/autocleanup/0bd426e1-e30a-443b-8375-4282cd8ed39b-chrome-pdf.html","meta":{"rootId":"e4mqkyh0bzfqbin","id":"cbm786ci1wk5033"},"id":"dxurj9t2hbnl07b","previousOperationId":"n6948pkbtp4os74"}
{"type":"log","timestamp":1675700801740,"level":"debug","message":"Page request finished: GET (document) 200 file:///C:/Users/pollo/AppData/Local/Temp/jsreport/autocleanup/0bd426e1-e30a-443b-8375-4282cd8ed39b-chrome-pdf.html","meta":{"rootId":"e4mqkyh0bzfqbin","id":"cbm786ci1wk5033"},"id":"r3el2rqp96gwpvv","previousOperationId":"n6948pkbtp4os74"}
{"type":"log","timestamp":1675700801740,"level":"debug","message":"Page request: GET (stylesheet) https://cdnjs.cloudflare.com/ajax/libs/metro/4.1.5/css/metro.min.css","meta":{"rootId":"e4mqkyh0bzfqbin","id":"cbm786ci1wk5033"},"id":"vfpdw06ehu6pml6","previousOperationId":"n6948pkbtp4os74"}
{"type":"log","timestamp":1675700801765,"level":"debug","message":"Page request finished: GET (stylesheet) 200 https://cdnjs.cloudflare.com/ajax/libs/metro/4.1.5/css/metro.min.css","meta":{"rootId":"e4mqkyh0bzfqbin","id":"cbm786ci1wk5033"},"id":"6ne52plhr3nauar","previousOperationId":"n6948pkbtp4os74"}
{"type":"log","timestamp":1675700801786,"level":"debug","message":"Running chrome with params {\"printBackground\":true,\"marginTop\":\"1.5cm\",\"marginRight\":\"1.5cm\",\"marginLeft\":\"1.cm\",\"timeout\":59321,\"margin\":{\"top\":\"1.5cm\",\"right\":\"1.5cm\",\"left\":\"1.cm\"}}","meta":{"rootId":"e4mqkyh0bzfqbin","id":"cbm786ci1wk5033"},"id":"sshnh7asst01xyr","previousOperationId":"n6948pkbtp4os74"}
{"type":"operationEnd","operationId":"n6948pkbtp4os74","timestamp":1675700801861,"id":"fhmrrgb3ewq7t8o","previousEventId":"l21dig4og8looq3","previousOperationId":"n6948pkbtp4os74"}
{"type":"log","timestamp":1675700801861,"level":"debug","message":"Skipping storing report.","meta":{"rootId":"e4mqkyh0bzfqbin","id":"cbm786ci1wk5033"},"id":"rh70r5r7gn27p6b","previousOperationId":"n6948pkbtp4os74"}
{"type":"log","timestamp":1675700801861,"level":"info","message":"Rendering (child) request finished in 913 ms","meta":{"rootId":"e4mqkyh0bzfqbin","id":"cbm786ci1wk5033"},"id":"xeyrijohph5kymb","previousOperationId":"n6948pkbtp4os74"}
{"type":"operationEnd","subtype":"render","operationId":"xsezf3i07k9y4nj","timestamp":1675700801861,"id":"6m9vfhr17m376cs","previousEventId":"fhmrrgb3ewq7t8o","previousOperationId":"n6948pkbtp4os74"}
{"type":"operationEnd","operationId":"t5o4qj20yefvnkx","timestamp":1675700801869,"id":"soy8k0v02p1w3cc","previousEventId":"gxdacvyg9txl9a9","previousOperationId":"t5o4qj20yefvnkx"}
{"type":"log","timestamp":1675700801869,"level":"debug","message":"pdf-utils postproces start","meta":{"rootId":"e4mqkyh0bzfqbin","id":"e4mqkyh0bzfqbin"},"id":"wwfprjglfbw9jz8","previousOperationId":"t5o4qj20yefvnkx"}
{"type":"log","timestamp":1675700801876,"level":"debug","message":"pdf-utils postproces end","meta":{"rootId":"e4mqkyh0bzfqbin","id":"e4mqkyh0bzfqbin"},"id":"wds5cb2k42ou2tc","previousOperationId":"t5o4qj20yefvnkx"}
{"type":"operationEnd","operationId":"xq1xyb6laaj1nyy","timestamp":1675700801876,"id":"a9r4c8dgn5i66je","previousEventId":"soy8k0v02p1w3cc","previousOperationId":"t5o4qj20yefvnkx"}
{"type":"log","timestamp":1675700801876,"level":"info","message":"pdf-utils pdf processing was finished","meta":{"rootId":"e4mqkyh0bzfqbin","id":"e4mqkyh0bzfqbin"},"id":"kdmv1py40zgxro8","previousOperationId":"xq1xyb6laaj1nyy"}
{"type":"log","timestamp":1675700801876,"level":"debug","message":"Skipping storing report.","meta":{"rootId":"e4mqkyh0bzfqbin","id":"e4mqkyh0bzfqbin"},"id":"if998dmi1r8xle3","previousOperationId":"xq1xyb6laaj1nyy"}
{"type":"log","timestamp":1675700801876,"level":"info","message":"Rendering request 7 finished in 928 ms","meta":{"rootId":"e4mqkyh0bzfqbin","id":"e4mqkyh0bzfqbin"},"id":"13gx0eyov1vcfr3","previousOperationId":"xq1xyb6laaj1nyy"}
{"type":"operationEnd","subtype":"render","operationId":"nno7vo0zvmkdjhc","timestamp":1675700801876,"id":"yzyocmtyspa7b22","previousEventId":"a9r4c8dgn5i66je","previousOperationId":"xq1xyb6laaj1nyy"}
{"type":"operationEnd","doDiffs":false,"previousEventId":"82irp40wfyymdlk","previousOperationId":"th7soop8u0i7h7m","operationId":"th7soop8u0i7h7m","timestamp":1675700801884,"id":"ertf52mrsc82byd"}
