{"type":"operationStart","subtype":"profile","data":{"_id":"aeNvc6a9gu5lK61b","timestamp":"2023-02-10T18:29:09.087Z","state":"queued","mode":"standard","creationDate":"2023-02-10T18:29:09.093Z","modificationDate":"2023-02-10T18:29:09.093Z","shortid":"pEimwzs","$entitySet":"profiles"},"doDiffs":false,"timestamp":1676053749090,"id":"f9tnhpf74st1wlk","previousOperationId":null,"operationId":"kmgegk551frdqvy"}
{"type":"log","level":"info","message":"Render request 1 queued for execution and waiting for available worker","previousOperationId":"kmgegk551frdqvy","timestamp":1676053749091,"id":"0ctqk4dfwbuqmrg"}
{"type":"operationStart","subtype":"render","name":"authors-main","previousOperationId":"kmgegk551frdqvy","timestamp":1676053749120,"id":"3gp4gxru02kkxj8","previousEventId":"f9tnhpf74st1wlk","operationId":"z4ygcheqc6d86gq"}
{"type":"log","timestamp":1676053749121,"level":"info","message":"Starting rendering request 1","meta":{"rootId":"h1biicksbs0mwy1","id":"h1biicksbs0mwy1"},"id":"60z55z5kblpt14e","previousOperationId":"z4ygcheqc6d86gq"}
{"type":"log","timestamp":1676053749123,"level":"info","message":"Rendering template { name: authors-main, recipe: chrome-pdf, engine: handlebars, preview: true }","meta":{"rootId":"h1biicksbs0mwy1","id":"h1biicksbs0mwy1"},"id":"a6zlby283vaoerm","previousOperationId":"z4ygcheqc6d86gq"}
{"type":"log","timestamp":1676053749127,"level":"debug","message":"Data item not defined for this template.","meta":{"rootId":"h1biicksbs0mwy1","id":"h1biicksbs0mwy1"},"id":"kj8rz6ze3lsuv41","previousOperationId":"z4ygcheqc6d86gq"}
{"type":"log","timestamp":1676053749132,"level":"debug","message":"Executing script authors-script (beforeRender)","meta":{"rootId":"h1biicksbs0mwy1","id":"h1biicksbs0mwy1"},"id":"v9b6q48c68sg1dz","previousOperationId":"z4ygcheqc6d86gq"}
{"type":"operationStart","subtype":"scriptsBeforeRender","name":"scripts beforeRender","timestamp":1676053749613,"id":"dhrbd5e3fwzdkii","previousEventId":"3gp4gxru02kkxj8","operationId":"butk82d5d5lwjwe","previousOperationId":"z4ygcheqc6d86gq"}
{"type":"operationStart","subtype":"script","name":"scripts authors-script","previousOperationId":"butk82d5d5lwjwe","timestamp":1676053749613,"id":"02keq7kwb4wyqht","previousEventId":"dhrbd5e3fwzdkii","operationId":"3quhuhhfh3uw1ci"}
{"type":"log","timestamp":1676053749949,"level":"debug","message":"(console:log) [ 2, 4 ]","meta":{"userLevel":true,"rootId":"h1biicksbs0mwy1","id":"h1biicksbs0mwy1"},"id":"k6vsf4loqkqh23h","previousOperationId":"3quhuhhfh3uw1ci"}
{"type":"operationEnd","operationId":"3quhuhhfh3uw1ci","timestamp":1676053749950,"id":"6s9xgtkkc8owmf5","previousEventId":"3gp4gxru02kkxj8","previousOperationId":"z4ygcheqc6d86gq"}
{"type":"operationEnd","operationId":"butk82d5d5lwjwe","timestamp":1676053749950,"id":"65z6n3f4adexnsa","previousEventId":"6s9xgtkkc8owmf5","previousOperationId":"z4ygcheqc6d86gq"}
{"type":"log","timestamp":1676053749950,"level":"debug","message":"Base url not specified, skipping its injection.","meta":{"rootId":"h1biicksbs0mwy1","id":"h1biicksbs0mwy1"},"id":"9ruwbhijcuknmu8","previousOperationId":"butk82d5d5lwjwe"}
{"type":"operationStart","subtype":"engine","name":"handlebars","timestamp":1676053749951,"id":"u16hsjhgtzg9jsv","previousEventId":"65z6n3f4adexnsa","operationId":"myka174hvuf09j8","previousOperationId":"butk82d5d5lwjwe"}
{"type":"log","timestamp":1676053749951,"level":"debug","message":"Rendering engine handlebars","meta":{"rootId":"h1biicksbs0mwy1","id":"h1biicksbs0mwy1"},"id":"fpg8vatfe99gi0w","previousOperationId":"myka174hvuf09j8"}
{"type":"operationEnd","operationId":"myka174hvuf09j8","timestamp":1676053750333,"id":"3024j8lyn5y1pt7","previousEventId":"u16hsjhgtzg9jsv","previousOperationId":"myka174hvuf09j8"}
{"type":"operationStart","subtype":"recipe","name":"chrome-pdf","timestamp":1676053750334,"id":"sipe0k2gcd72u43","previousEventId":"3024j8lyn5y1pt7","operationId":"xapqsp09l2phei2","previousOperationId":"myka174hvuf09j8"}
{"type":"log","timestamp":1676053750334,"level":"debug","message":"Executing recipe chrome-pdf","meta":{"rootId":"h1biicksbs0mwy1","id":"h1biicksbs0mwy1"},"id":"b68038v9sz5dsqg","previousOperationId":"xapqsp09l2phei2"}
{"type":"log","timestamp":1676053751402,"level":"debug","message":"Converting with chrome HeadlessChrome/105.0.5173.0 using chrome-pool strategy","meta":{"rootId":"h1biicksbs0mwy1","id":"h1biicksbs0mwy1"},"id":"m14v1m41rof76n4","previousOperationId":"xapqsp09l2phei2"}
{"type":"log","timestamp":1676053752010,"level":"debug","message":"Page request: GET (document) file:///C:/Users/pollo/AppData/Local/Temp/jsreport/autocleanup/3c18c03e-e3e0-4464-bdda-bb0d1719bb06-chrome-pdf.html","meta":{"rootId":"h1biicksbs0mwy1","id":"h1biicksbs0mwy1"},"id":"p8bfunesjhvvmn4","previousOperationId":"xapqsp09l2phei2"}
{"type":"log","timestamp":1676053752031,"level":"debug","message":"Page request finished: GET (document) 200 file:///C:/Users/pollo/AppData/Local/Temp/jsreport/autocleanup/3c18c03e-e3e0-4464-bdda-bb0d1719bb06-chrome-pdf.html","meta":{"rootId":"h1biicksbs0mwy1","id":"h1biicksbs0mwy1"},"id":"0cy9ai7ogg1jw53","previousOperationId":"xapqsp09l2phei2"}
{"type":"log","timestamp":1676053752031,"level":"debug","message":"Page request: GET (stylesheet) https://cdnjs.cloudflare.com/ajax/libs/metro/4.1.5/css/metro.min.css","meta":{"rootId":"h1biicksbs0mwy1","id":"h1biicksbs0mwy1"},"id":"ckuywwx3h5xooyb","previousOperationId":"xapqsp09l2phei2"}
{"type":"log","timestamp":1676053752031,"level":"debug","message":"Page request: GET (script) https://cdn.jsdelivr.net/npm/chart.js","meta":{"rootId":"h1biicksbs0mwy1","id":"h1biicksbs0mwy1"},"id":"a7xytlgb3endmvc","previousOperationId":"xapqsp09l2phei2"}
{"type":"log","timestamp":1676053754558,"level":"debug","message":"Page request finished: GET (stylesheet) 200 https://cdnjs.cloudflare.com/ajax/libs/metro/4.1.5/css/metro.min.css","meta":{"rootId":"h1biicksbs0mwy1","id":"h1biicksbs0mwy1"},"id":"84d5balxv0mv5g1","previousOperationId":"xapqsp09l2phei2"}
{"type":"log","timestamp":1676053754560,"level":"debug","message":"Page request finished: GET (script) 200 https://cdn.jsdelivr.net/npm/chart.js","meta":{"rootId":"h1biicksbs0mwy1","id":"h1biicksbs0mwy1"},"id":"mwz4apfldw2gbrz","previousOperationId":"xapqsp09l2phei2"}
{"type":"log","timestamp":1676053754740,"level":"debug","message":"Running chrome with params {\"printBackground\":true,\"marginTop\":\"4cm\",\"marginRight\":\"1.5cm\",\"marginBottom\":\"1.5cm\",\"marginLeft\":\"1.5cm\",\"waitForJS\":false,\"timeout\":58537,\"margin\":{\"top\":\"4cm\",\"right\":\"1.5cm\",\"bottom\":\"1.5cm\",\"left\":\"1.5cm\"}}","meta":{"rootId":"h1biicksbs0mwy1","id":"h1biicksbs0mwy1"},"id":"ebom9jwogk0m6xb","previousOperationId":"xapqsp09l2phei2"}
{"type":"operationEnd","operationId":"xapqsp09l2phei2","timestamp":1676053754849,"id":"hjaum0gw7uxcyzc","previousEventId":"sipe0k2gcd72u43","previousOperationId":"xapqsp09l2phei2"}
{"type":"log","timestamp":1676053754849,"level":"info","message":"pdf-utils is starting pdf processing","meta":{"rootId":"h1biicksbs0mwy1","id":"h1biicksbs0mwy1"},"id":"p5luhqg4n7b5yku","previousOperationId":"xapqsp09l2phei2"}
{"type":"operationStart","subtype":"pdfUtils","name":"pdf utils","timestamp":1676053755205,"id":"ixbyi7o8g7e4nox","previousEventId":"hjaum0gw7uxcyzc","operationId":"pn5q633oxmzd3xw","previousOperationId":"xapqsp09l2phei2"}
{"type":"log","timestamp":1676053755206,"level":"debug","message":"pdf-utils detected 1 pdf operation(s) to process","meta":{"rootId":"h1biicksbs0mwy1","id":"h1biicksbs0mwy1"},"id":"zu6v8qxqdm5ip3q","previousOperationId":"pn5q633oxmzd3xw"}
{"type":"log","timestamp":1676053755454,"level":"debug","message":"pdf-utils running pdf operation merge","meta":{"rootId":"h1biicksbs0mwy1","id":"h1biicksbs0mwy1"},"id":"yrux3qy06ollnak","previousOperationId":"pn5q633oxmzd3xw"}
{"type":"operationStart","subtype":"pdfUtilsMerge","name":"pdf utils merge","previousOperationId":"pn5q633oxmzd3xw","timestamp":1676053755454,"id":"jbumzuzgxb334za","previousEventId":"ixbyi7o8g7e4nox","operationId":"ox5iwwhp1azccyx"}
{"type":"operationStart","subtype":"render","name":"authors-header","previousOperationId":"ox5iwwhp1azccyx","timestamp":1676053755456,"id":"a3m4n7wm98n1mql","previousEventId":"jbumzuzgxb334za","operationId":"58xwhc9fkwpderl"}
{"type":"log","timestamp":1676053755456,"level":"info","message":"Starting rendering (child) request","meta":{"rootId":"h1biicksbs0mwy1","id":"okml0jlvdnem171"},"id":"12j21b4xu5s7noy","previousOperationId":"58xwhc9fkwpderl"}
{"type":"log","timestamp":1676053755456,"level":"info","message":"Rendering template { name: authors-header, recipe: chrome-pdf, engine: handlebars, preview: true }","meta":{"rootId":"h1biicksbs0mwy1","id":"okml0jlvdnem171"},"id":"a7cyn11o68tl93h","previousOperationId":"58xwhc9fkwpderl"}
{"type":"log","timestamp":1676053755462,"level":"debug","message":"Inline data specified.","meta":{"rootId":"h1biicksbs0mwy1","id":"okml0jlvdnem171"},"id":"7nhu45pxnx8jusx","previousOperationId":"58xwhc9fkwpderl"}
{"type":"log","timestamp":1676053755465,"level":"debug","message":"Base url not specified, skipping its injection.","meta":{"rootId":"h1biicksbs0mwy1","id":"okml0jlvdnem171"},"id":"kim7j68dz8n5mc2","previousOperationId":"58xwhc9fkwpderl"}
{"type":"operationStart","subtype":"engine","name":"handlebars","timestamp":1676053755466,"id":"dnfh9e8zf12075q","previousEventId":"a3m4n7wm98n1mql","operationId":"camy7d0mioloxe9","previousOperationId":"58xwhc9fkwpderl"}
{"type":"log","timestamp":1676053755466,"level":"debug","message":"Rendering engine handlebars","meta":{"rootId":"h1biicksbs0mwy1","id":"okml0jlvdnem171"},"id":"byi2v654ldkoxei","previousOperationId":"camy7d0mioloxe9"}
{"type":"operationEnd","operationId":"camy7d0mioloxe9","timestamp":1676053755527,"id":"y92ztngz49wrh30","previousEventId":"dnfh9e8zf12075q","previousOperationId":"camy7d0mioloxe9"}
{"type":"operationStart","subtype":"recipe","name":"chrome-pdf","timestamp":1676053755528,"id":"hd16qwp6ns7sso9","previousEventId":"y92ztngz49wrh30","operationId":"uvrhf8nb8trhl3w","previousOperationId":"camy7d0mioloxe9"}
{"type":"log","timestamp":1676053755528,"level":"debug","message":"Executing recipe chrome-pdf","meta":{"rootId":"h1biicksbs0mwy1","id":"okml0jlvdnem171"},"id":"xm2ogjpkhcf87xj","previousOperationId":"uvrhf8nb8trhl3w"}
{"type":"log","timestamp":1676053755530,"level":"debug","message":"Converting with chrome HeadlessChrome/105.0.5173.0 using chrome-pool strategy","meta":{"rootId":"h1biicksbs0mwy1","id":"okml0jlvdnem171"},"id":"j891sctq69uaq5d","previousOperationId":"uvrhf8nb8trhl3w"}
{"type":"log","timestamp":1676053755635,"level":"debug","message":"Page request: GET (document) file:///C:/Users/pollo/AppData/Local/Temp/jsreport/autocleanup/19fafe9f-6653-445e-bea0-34662645f416-chrome-pdf.html","meta":{"rootId":"h1biicksbs0mwy1","id":"okml0jlvdnem171"},"id":"45p9se2quvh3ac4","previousOperationId":"uvrhf8nb8trhl3w"}
{"type":"log","timestamp":1676053755650,"level":"debug","message":"Page request finished: GET (document) 200 file:///C:/Users/pollo/AppData/Local/Temp/jsreport/autocleanup/19fafe9f-6653-445e-bea0-34662645f416-chrome-pdf.html","meta":{"rootId":"h1biicksbs0mwy1","id":"okml0jlvdnem171"},"id":"kzb94wqzxgw3g4g","previousOperationId":"uvrhf8nb8trhl3w"}
{"type":"log","timestamp":1676053755650,"level":"debug","message":"Page request: GET (stylesheet) https://cdnjs.cloudflare.com/ajax/libs/metro/4.1.5/css/metro.min.css","meta":{"rootId":"h1biicksbs0mwy1","id":"okml0jlvdnem171"},"id":"ogo38r2lst3hvi3","previousOperationId":"uvrhf8nb8trhl3w"}
{"type":"log","timestamp":1676053755674,"level":"debug","message":"Page request finished: GET (stylesheet) 200 https://cdnjs.cloudflare.com/ajax/libs/metro/4.1.5/css/metro.min.css","meta":{"rootId":"h1biicksbs0mwy1","id":"okml0jlvdnem171"},"id":"ttdrhorla8zyxlt","previousOperationId":"uvrhf8nb8trhl3w"}
{"type":"log","timestamp":1676053755705,"level":"debug","message":"Running chrome with params {\"printBackground\":true,\"marginTop\":\"1.5cm\",\"marginRight\":\"1.5cm\",\"marginLeft\":\"1.cm\",\"timeout\":53558,\"margin\":{\"top\":\"1.5cm\",\"right\":\"1.5cm\",\"left\":\"1.cm\"}}","meta":{"rootId":"h1biicksbs0mwy1","id":"okml0jlvdnem171"},"id":"wjon7xb1idgx7j8","previousOperationId":"uvrhf8nb8trhl3w"}
{"type":"operationEnd","operationId":"uvrhf8nb8trhl3w","timestamp":1676053755773,"id":"8p9y3mwuhtt98ry","previousEventId":"hd16qwp6ns7sso9","previousOperationId":"uvrhf8nb8trhl3w"}
{"type":"log","timestamp":1676053755774,"level":"debug","message":"Skipping storing report.","meta":{"rootId":"h1biicksbs0mwy1","id":"okml0jlvdnem171"},"id":"61q5sazwsbcpevy","previousOperationId":"uvrhf8nb8trhl3w"}
{"type":"log","timestamp":1676053755775,"level":"info","message":"Rendering (child) request finished in 6688 ms","meta":{"rootId":"h1biicksbs0mwy1","id":"okml0jlvdnem171"},"id":"yf1lz0xboudlra2","previousOperationId":"uvrhf8nb8trhl3w"}
{"type":"operationEnd","subtype":"render","operationId":"58xwhc9fkwpderl","timestamp":1676053755775,"id":"njtgviqh8hnq33m","previousEventId":"8p9y3mwuhtt98ry","previousOperationId":"uvrhf8nb8trhl3w"}
{"type":"operationEnd","operationId":"ox5iwwhp1azccyx","timestamp":1676053755800,"id":"g20cm5qzmzlg2ah","previousEventId":"jbumzuzgxb334za","previousOperationId":"ox5iwwhp1azccyx"}
{"type":"log","timestamp":1676053755800,"level":"debug","message":"pdf-utils postproces start","meta":{"rootId":"h1biicksbs0mwy1","id":"h1biicksbs0mwy1"},"id":"jtsuyn1dyy6gat1","previousOperationId":"ox5iwwhp1azccyx"}
{"type":"log","timestamp":1676053755812,"level":"debug","message":"pdf-utils postproces end","meta":{"rootId":"h1biicksbs0mwy1","id":"h1biicksbs0mwy1"},"id":"abpzhh28m8b0e71","previousOperationId":"ox5iwwhp1azccyx"}
{"type":"operationEnd","operationId":"pn5q633oxmzd3xw","timestamp":1676053755812,"id":"oak1uf6krtrysoz","previousEventId":"g20cm5qzmzlg2ah","previousOperationId":"ox5iwwhp1azccyx"}
{"type":"log","timestamp":1676053755812,"level":"info","message":"pdf-utils pdf processing was finished","meta":{"rootId":"h1biicksbs0mwy1","id":"h1biicksbs0mwy1"},"id":"3w02xp9ldiyhidj","previousOperationId":"pn5q633oxmzd3xw"}
{"type":"log","timestamp":1676053755812,"level":"debug","message":"Skipping storing report.","meta":{"rootId":"h1biicksbs0mwy1","id":"h1biicksbs0mwy1"},"id":"b0n1a5kzw8vrs8o","previousOperationId":"pn5q633oxmzd3xw"}
{"type":"log","timestamp":1676053755812,"level":"info","message":"Rendering request 1 finished in 6725 ms","meta":{"rootId":"h1biicksbs0mwy1","id":"h1biicksbs0mwy1"},"id":"ec88z606gefaoa9","previousOperationId":"pn5q633oxmzd3xw"}
{"type":"operationEnd","subtype":"render","operationId":"z4ygcheqc6d86gq","timestamp":1676053755812,"id":"457mxgxtvj4jz28","previousEventId":"oak1uf6krtrysoz","previousOperationId":"pn5q633oxmzd3xw"}
{"type":"operationEnd","doDiffs":false,"previousEventId":"f9tnhpf74st1wlk","previousOperationId":"kmgegk551frdqvy","operationId":"kmgegk551frdqvy","timestamp":1676053755824,"id":"veqwu18rnr28oyp"}
