{"type":"operationStart","subtype":"profile","data":{"_id":"ReyfKUiq11WqUaQV","timestamp":"2023-02-10T18:51:43.838Z","state":"queued","mode":"standard","creationDate":"2023-02-10T18:51:43.840Z","modificationDate":"2023-02-10T18:51:43.840Z","shortid":"WnA0v_s","$entitySet":"profiles"},"doDiffs":false,"timestamp":1676055103839,"id":"ubc379rucoj4nyn","previousOperationId":null,"operationId":"m06xyw0b9jipwj0"}
{"type":"log","level":"info","message":"Render request 3 queued for execution and waiting for available worker","previousOperationId":"m06xyw0b9jipwj0","timestamp":1676055103839,"id":"e2vgioerfxghpqi"}
{"type":"operationStart","subtype":"render","name":"authors-main","previousOperationId":"m06xyw0b9jipwj0","timestamp":1676055103844,"id":"xgzgt8kqirh5mkp","previousEventId":"ubc379rucoj4nyn","operationId":"g06s1u2li1v5gqh"}
{"type":"log","timestamp":1676055103845,"level":"info","message":"Starting rendering request 3","meta":{"rootId":"sdjrzpzfm0frf6e","id":"sdjrzpzfm0frf6e"},"id":"zm0wmqrbwato6u2","previousOperationId":"g06s1u2li1v5gqh"}
{"type":"log","timestamp":1676055103845,"level":"info","message":"Rendering template { name: authors-main, recipe: chrome-pdf, engine: handlebars, preview: false }","meta":{"rootId":"sdjrzpzfm0frf6e","id":"sdjrzpzfm0frf6e"},"id":"su55sqr7rco28jp","previousOperationId":"g06s1u2li1v5gqh"}
{"type":"log","timestamp":1676055103846,"level":"debug","message":"Data item not defined for this template.","meta":{"rootId":"sdjrzpzfm0frf6e","id":"sdjrzpzfm0frf6e"},"id":"8qg75q4lfyo1kf3","previousOperationId":"g06s1u2li1v5gqh"}
{"type":"log","timestamp":1676055103852,"level":"debug","message":"Executing script authors-script (beforeRender)","meta":{"rootId":"sdjrzpzfm0frf6e","id":"sdjrzpzfm0frf6e"},"id":"kjym5mua17ulfak","previousOperationId":"g06s1u2li1v5gqh"}
{"type":"operationStart","subtype":"scriptsBeforeRender","name":"scripts beforeRender","timestamp":1676055103883,"id":"jaicp2q6z8zym45","previousEventId":"xgzgt8kqirh5mkp","operationId":"j106fiktnee37d6","previousOperationId":"g06s1u2li1v5gqh"}
{"type":"operationStart","subtype":"script","name":"scripts authors-script","previousOperationId":"j106fiktnee37d6","timestamp":1676055103883,"id":"ndqxh8lxdegvfys","previousEventId":"jaicp2q6z8zym45","operationId":"cicm645nhaq5j4s"}
{"type":"log","timestamp":1676055104155,"level":"debug","message":"(console:log) [ 2, 4 ]","meta":{"userLevel":true,"rootId":"sdjrzpzfm0frf6e","id":"sdjrzpzfm0frf6e"},"id":"b5s004p17b0k8il","previousOperationId":"cicm645nhaq5j4s"}
{"type":"operationEnd","operationId":"cicm645nhaq5j4s","timestamp":1676055104156,"id":"kt2wr5mnidevyql","previousEventId":"xgzgt8kqirh5mkp","previousOperationId":"g06s1u2li1v5gqh"}
{"type":"operationEnd","operationId":"j106fiktnee37d6","timestamp":1676055104156,"id":"bkl3y8nubsnmt7j","previousEventId":"kt2wr5mnidevyql","previousOperationId":"g06s1u2li1v5gqh"}
{"type":"log","timestamp":1676055104156,"level":"debug","message":"Base url not specified, skipping its injection.","meta":{"rootId":"sdjrzpzfm0frf6e","id":"sdjrzpzfm0frf6e"},"id":"1ost36vq1ymaav5","previousOperationId":"j106fiktnee37d6"}
{"type":"operationStart","subtype":"engine","name":"handlebars","timestamp":1676055104156,"id":"h47n3v33v7yvqqn","previousEventId":"bkl3y8nubsnmt7j","operationId":"tgacnknkb0abeej","previousOperationId":"j106fiktnee37d6"}
{"type":"log","timestamp":1676055104156,"level":"debug","message":"Rendering engine handlebars","meta":{"rootId":"sdjrzpzfm0frf6e","id":"sdjrzpzfm0frf6e"},"id":"0pkebxhxouvivn7","previousOperationId":"tgacnknkb0abeej"}
{"type":"operationEnd","operationId":"tgacnknkb0abeej","timestamp":1676055104166,"id":"owvk3dbwl99bs59","previousEventId":"h47n3v33v7yvqqn","previousOperationId":"tgacnknkb0abeej"}
{"type":"operationStart","subtype":"recipe","name":"chrome-pdf","timestamp":1676055104166,"id":"4ogc5atg98e8ud3","previousEventId":"owvk3dbwl99bs59","operationId":"fod2eix4ab11wf1","previousOperationId":"tgacnknkb0abeej"}
{"type":"log","timestamp":1676055104166,"level":"debug","message":"Executing recipe chrome-pdf","meta":{"rootId":"sdjrzpzfm0frf6e","id":"sdjrzpzfm0frf6e"},"id":"6l2ff1zp4gvh3lo","previousOperationId":"fod2eix4ab11wf1"}
{"type":"log","timestamp":1676055104169,"level":"debug","message":"Converting with chrome HeadlessChrome/105.0.5173.0 using chrome-pool strategy","meta":{"rootId":"sdjrzpzfm0frf6e","id":"sdjrzpzfm0frf6e"},"id":"rrxjweae0hhlmcd","previousOperationId":"fod2eix4ab11wf1"}
{"type":"log","timestamp":1676055104274,"level":"debug","message":"Page request: GET (document) file:///C:/Users/pollo/AppData/Local/Temp/jsreport/autocleanup/0bc09c13-2187-4b6e-afa9-e2ad6110cef9-chrome-pdf.html","meta":{"rootId":"sdjrzpzfm0frf6e","id":"sdjrzpzfm0frf6e"},"id":"vq9rtq0xq3qnkke","previousOperationId":"fod2eix4ab11wf1"}
{"type":"log","timestamp":1676055104285,"level":"debug","message":"Page request finished: GET (document) 200 file:///C:/Users/pollo/AppData/Local/Temp/jsreport/autocleanup/0bc09c13-2187-4b6e-afa9-e2ad6110cef9-chrome-pdf.html","meta":{"rootId":"sdjrzpzfm0frf6e","id":"sdjrzpzfm0frf6e"},"id":"3mhskuztnr9uyjo","previousOperationId":"fod2eix4ab11wf1"}
{"type":"log","timestamp":1676055104285,"level":"debug","message":"Page request: GET (stylesheet) https://cdnjs.cloudflare.com/ajax/libs/metro/4.1.5/css/metro.min.css","meta":{"rootId":"sdjrzpzfm0frf6e","id":"sdjrzpzfm0frf6e"},"id":"9elnbroimnxnjfa","previousOperationId":"fod2eix4ab11wf1"}
{"type":"log","timestamp":1676055104286,"level":"debug","message":"Page request: GET (script) https://cdn.jsdelivr.net/npm/chart.js","meta":{"rootId":"sdjrzpzfm0frf6e","id":"sdjrzpzfm0frf6e"},"id":"2ropccezp1pvjh1","previousOperationId":"fod2eix4ab11wf1"}
{"type":"log","timestamp":1676055104292,"level":"debug","message":"Page request finished: GET (script) 200 https://cdn.jsdelivr.net/npm/chart.js","meta":{"rootId":"sdjrzpzfm0frf6e","id":"sdjrzpzfm0frf6e"},"id":"rcin18vb7rdbpz8","previousOperationId":"fod2eix4ab11wf1"}
{"type":"log","timestamp":1676055104308,"level":"debug","message":"Page request finished: GET (stylesheet) 200 https://cdnjs.cloudflare.com/ajax/libs/metro/4.1.5/css/metro.min.css","meta":{"rootId":"sdjrzpzfm0frf6e","id":"sdjrzpzfm0frf6e"},"id":"7ev9ivutwq0ncfe","previousOperationId":"fod2eix4ab11wf1"}
{"type":"log","timestamp":1676055104409,"level":"debug","message":"Running chrome with params {\"printBackground\":true,\"marginTop\":\"4cm\",\"marginRight\":\"1.5cm\",\"marginBottom\":\"1.5cm\",\"marginLeft\":\"1.5cm\",\"waitForJS\":false,\"timeout\":59670,\"margin\":{\"top\":\"4cm\",\"right\":\"1.5cm\",\"bottom\":\"1.5cm\",\"left\":\"1.5cm\"}}","meta":{"rootId":"sdjrzpzfm0frf6e","id":"sdjrzpzfm0frf6e"},"id":"lbsiw5a6q44m3aj","previousOperationId":"fod2eix4ab11wf1"}
{"type":"operationEnd","operationId":"fod2eix4ab11wf1","timestamp":1676055104496,"id":"5opl8j6f5bi6qka","previousEventId":"4ogc5atg98e8ud3","previousOperationId":"fod2eix4ab11wf1"}
{"type":"log","timestamp":1676055104497,"level":"info","message":"pdf-utils is starting pdf processing","meta":{"rootId":"sdjrzpzfm0frf6e","id":"sdjrzpzfm0frf6e"},"id":"qzw7gfmaqze1r9u","previousOperationId":"fod2eix4ab11wf1"}
{"type":"operationStart","subtype":"pdfUtils","name":"pdf utils","timestamp":1676055104497,"id":"dug6tse7df5h55z","previousEventId":"5opl8j6f5bi6qka","operationId":"tz3o5scq13nl4lw","previousOperationId":"fod2eix4ab11wf1"}
{"type":"log","timestamp":1676055104497,"level":"debug","message":"pdf-utils detected 1 pdf operation(s) to process","meta":{"rootId":"sdjrzpzfm0frf6e","id":"sdjrzpzfm0frf6e"},"id":"1i14q6mwzb5e9e7","previousOperationId":"tz3o5scq13nl4lw"}
{"type":"log","timestamp":1676055104531,"level":"debug","message":"pdf-utils running pdf operation merge","meta":{"rootId":"sdjrzpzfm0frf6e","id":"sdjrzpzfm0frf6e"},"id":"5znv6jltar3i3bs","previousOperationId":"tz3o5scq13nl4lw"}
{"type":"operationStart","subtype":"pdfUtilsMerge","name":"pdf utils merge","previousOperationId":"tz3o5scq13nl4lw","timestamp":1676055104531,"id":"f28tvpj2tbr2d9q","previousEventId":"dug6tse7df5h55z","operationId":"rxzp9iv8hexeg86"}
{"type":"operationStart","subtype":"render","name":"authors-header","previousOperationId":"rxzp9iv8hexeg86","timestamp":1676055104532,"id":"bakbwfq4dowmzyo","previousEventId":"f28tvpj2tbr2d9q","operationId":"rbz4n89e1ck6f3n"}
{"type":"log","timestamp":1676055104532,"level":"info","message":"Starting rendering (child) request","meta":{"rootId":"sdjrzpzfm0frf6e","id":"stiznhhweg3oz8p"},"id":"e7p2tua0ini3ohj","previousOperationId":"rbz4n89e1ck6f3n"}
{"type":"log","timestamp":1676055104532,"level":"info","message":"Rendering template { name: authors-header, recipe: chrome-pdf, engine: handlebars, preview: false }","meta":{"rootId":"sdjrzpzfm0frf6e","id":"stiznhhweg3oz8p"},"id":"urgrfytzmnsx1l8","previousOperationId":"rbz4n89e1ck6f3n"}
{"type":"log","timestamp":1676055104534,"level":"debug","message":"Inline data specified.","meta":{"rootId":"sdjrzpzfm0frf6e","id":"stiznhhweg3oz8p"},"id":"4l6uqlr62a3z4c1","previousOperationId":"rbz4n89e1ck6f3n"}
{"type":"log","timestamp":1676055104537,"level":"debug","message":"Base url not specified, skipping its injection.","meta":{"rootId":"sdjrzpzfm0frf6e","id":"stiznhhweg3oz8p"},"id":"3wjkze9pxq27qka","previousOperationId":"rbz4n89e1ck6f3n"}
{"type":"operationStart","subtype":"engine","name":"handlebars","timestamp":1676055104537,"id":"vq45jvhbi1zp9pq","previousEventId":"bakbwfq4dowmzyo","operationId":"gxxhoco533yni80","previousOperationId":"rbz4n89e1ck6f3n"}
{"type":"log","timestamp":1676055104538,"level":"debug","message":"Rendering engine handlebars","meta":{"rootId":"sdjrzpzfm0frf6e","id":"stiznhhweg3oz8p"},"id":"eaxxy8v6w9si2l0","previousOperationId":"gxxhoco533yni80"}
{"type":"operationEnd","operationId":"gxxhoco533yni80","timestamp":1676055104554,"id":"lwi2gh3nsnitmvo","previousEventId":"vq45jvhbi1zp9pq","previousOperationId":"gxxhoco533yni80"}
{"type":"operationStart","subtype":"recipe","name":"chrome-pdf","timestamp":1676055104554,"id":"ai1449364i5eu27","previousEventId":"lwi2gh3nsnitmvo","operationId":"fops8u4baca5rzb","previousOperationId":"gxxhoco533yni80"}
{"type":"log","timestamp":1676055104554,"level":"debug","message":"Executing recipe chrome-pdf","meta":{"rootId":"sdjrzpzfm0frf6e","id":"stiznhhweg3oz8p"},"id":"b5vdgl27qay22gy","previousOperationId":"fops8u4baca5rzb"}
{"type":"log","timestamp":1676055104558,"level":"debug","message":"Converting with chrome HeadlessChrome/105.0.5173.0 using chrome-pool strategy","meta":{"rootId":"sdjrzpzfm0frf6e","id":"stiznhhweg3oz8p"},"id":"p08pprwtkry6mwr","previousOperationId":"fops8u4baca5rzb"}
{"type":"log","timestamp":1676055104657,"level":"debug","message":"Page request: GET (document) file:///C:/Users/pollo/AppData/Local/Temp/jsreport/autocleanup/ffb39f69-37b2-48e9-b9e2-a50cb563bead-chrome-pdf.html","meta":{"rootId":"sdjrzpzfm0frf6e","id":"stiznhhweg3oz8p"},"id":"vjfxxvi5biomz6i","previousOperationId":"fops8u4baca5rzb"}
{"type":"log","timestamp":1676055104668,"level":"debug","message":"Page request finished: GET (document) 200 file:///C:/Users/pollo/AppData/Local/Temp/jsreport/autocleanup/ffb39f69-37b2-48e9-b9e2-a50cb563bead-chrome-pdf.html","meta":{"rootId":"sdjrzpzfm0frf6e","id":"stiznhhweg3oz8p"},"id":"kqnvk6oas50b89t","previousOperationId":"fops8u4baca5rzb"}
{"type":"log","timestamp":1676055104668,"level":"debug","message":"Page request: GET (stylesheet) https://cdnjs.cloudflare.com/ajax/libs/metro/4.1.5/css/metro.min.css","meta":{"rootId":"sdjrzpzfm0frf6e","id":"stiznhhweg3oz8p"},"id":"4od5kldtqbosd1b","previousOperationId":"fops8u4baca5rzb"}
{"type":"log","timestamp":1676055104696,"level":"debug","message":"Page request finished: GET (stylesheet) 200 https://cdnjs.cloudflare.com/ajax/libs/metro/4.1.5/css/metro.min.css","meta":{"rootId":"sdjrzpzfm0frf6e","id":"stiznhhweg3oz8p"},"id":"s14epx5r2rjcpxn","previousOperationId":"fops8u4baca5rzb"}
{"type":"log","timestamp":1676055104719,"level":"debug","message":"Running chrome with params {\"printBackground\":true,\"marginTop\":\"1.5cm\",\"marginRight\":\"1.5cm\",\"marginLeft\":\"1.cm\",\"timeout\":59281,\"margin\":{\"top\":\"1.5cm\",\"right\":\"1.5cm\",\"left\":\"1.cm\"}}","meta":{"rootId":"sdjrzpzfm0frf6e","id":"stiznhhweg3oz8p"},"id":"j3hsf95ik0us9ro","previousOperationId":"fops8u4baca5rzb"}
{"type":"operationEnd","operationId":"fops8u4baca5rzb","timestamp":1676055104778,"id":"qy5pj2eu90sl238","previousEventId":"ai1449364i5eu27","previousOperationId":"fops8u4baca5rzb"}
{"type":"log","timestamp":1676055104778,"level":"debug","message":"Skipping storing report.","meta":{"rootId":"sdjrzpzfm0frf6e","id":"stiznhhweg3oz8p"},"id":"nilr0dgfejploo7","previousOperationId":"fops8u4baca5rzb"}
{"type":"log","timestamp":1676055104778,"level":"info","message":"Rendering (child) request finished in 940 ms","meta":{"rootId":"sdjrzpzfm0frf6e","id":"stiznhhweg3oz8p"},"id":"qethd103aruzrp3","previousOperationId":"fops8u4baca5rzb"}
{"type":"operationEnd","subtype":"render","operationId":"rbz4n89e1ck6f3n","timestamp":1676055104778,"id":"1gbtz5aw7b0ml4g","previousEventId":"qy5pj2eu90sl238","previousOperationId":"fops8u4baca5rzb"}
{"type":"operationEnd","operationId":"rxzp9iv8hexeg86","timestamp":1676055104787,"id":"ymcifrmt9emwa7o","previousEventId":"f28tvpj2tbr2d9q","previousOperationId":"rxzp9iv8hexeg86"}
{"type":"log","timestamp":1676055104787,"level":"debug","message":"pdf-utils postproces start","meta":{"rootId":"sdjrzpzfm0frf6e","id":"sdjrzpzfm0frf6e"},"id":"dfamtlc9kjncpt5","previousOperationId":"rxzp9iv8hexeg86"}
{"type":"log","timestamp":1676055104794,"level":"debug","message":"pdf-utils postproces end","meta":{"rootId":"sdjrzpzfm0frf6e","id":"sdjrzpzfm0frf6e"},"id":"tntmkrbwmo0sm9w","previousOperationId":"rxzp9iv8hexeg86"}
{"type":"operationEnd","operationId":"tz3o5scq13nl4lw","timestamp":1676055104794,"id":"5vgyj1r509b4uq9","previousEventId":"ymcifrmt9emwa7o","previousOperationId":"rxzp9iv8hexeg86"}
{"type":"log","timestamp":1676055104794,"level":"info","message":"pdf-utils pdf processing was finished","meta":{"rootId":"sdjrzpzfm0frf6e","id":"sdjrzpzfm0frf6e"},"id":"fjao5cltp9zocwx","previousOperationId":"tz3o5scq13nl4lw"}
{"type":"log","timestamp":1676055104794,"level":"debug","message":"Skipping storing report.","meta":{"rootId":"sdjrzpzfm0frf6e","id":"sdjrzpzfm0frf6e"},"id":"y3mojabmsl9d19x","previousOperationId":"tz3o5scq13nl4lw"}
{"type":"log","timestamp":1676055104795,"level":"info","message":"Rendering request 3 finished in 957 ms","meta":{"rootId":"sdjrzpzfm0frf6e","id":"sdjrzpzfm0frf6e"},"id":"nmcu0bo0zcjcuvz","previousOperationId":"tz3o5scq13nl4lw"}
{"type":"operationEnd","subtype":"render","operationId":"g06s1u2li1v5gqh","timestamp":1676055104795,"id":"zp6y8mzj5sjwurm","previousEventId":"5vgyj1r509b4uq9","previousOperationId":"tz3o5scq13nl4lw"}
{"type":"operationEnd","doDiffs":false,"previousEventId":"ubc379rucoj4nyn","previousOperationId":"m06xyw0b9jipwj0","operationId":"m06xyw0b9jipwj0","timestamp":1676055104799,"id":"mnjq763q1a3te0i"}
