{"type":"operationStart","subtype":"profile","data":{"_id":"4OO70HXJM5vKWxog","timestamp":"2023-02-10T19:11:34.549Z","state":"queued","mode":"standard","creationDate":"2023-02-10T19:11:34.553Z","modificationDate":"2023-02-10T19:11:34.553Z","shortid":"1EII9VT","$entitySet":"profiles"},"doDiffs":false,"timestamp":1676056294550,"id":"27r30gi8i3fim9r","previousOperationId":null,"operationId":"7v9zm7t02du6l6w"}
{"type":"log","level":"info","message":"Render request 9 queued for execution and waiting for available worker","previousOperationId":"7v9zm7t02du6l6w","timestamp":1676056294551,"id":"hv7dk3yj3goq06t"}
{"type":"operationStart","subtype":"render","name":"authors-main","previousOperationId":"7v9zm7t02du6l6w","timestamp":1676056294556,"id":"5jfmoa9ad1zvczq","previousEventId":"27r30gi8i3fim9r","operationId":"xno6noywtzyqtv5"}
{"type":"log","timestamp":1676056294556,"level":"info","message":"Starting rendering request 9","meta":{"rootId":"toldjqhnaslrm42","id":"toldjqhnaslrm42"},"id":"r6xxq9gfc1ow3pm","previousOperationId":"xno6noywtzyqtv5"}
{"type":"log","timestamp":1676056294557,"level":"info","message":"Rendering template { name: authors-main, recipe: chrome-pdf, engine: handlebars, preview: false }","meta":{"rootId":"toldjqhnaslrm42","id":"toldjqhnaslrm42"},"id":"htsyneidx9tb93f","previousOperationId":"xno6noywtzyqtv5"}
{"type":"log","timestamp":1676056294558,"level":"debug","message":"Data item not defined for this template.","meta":{"rootId":"toldjqhnaslrm42","id":"toldjqhnaslrm42"},"id":"9s9qstlq7m5ieo9","previousOperationId":"xno6noywtzyqtv5"}
{"type":"log","timestamp":1676056294561,"level":"debug","message":"Executing script authors-script (beforeRender)","meta":{"rootId":"toldjqhnaslrm42","id":"toldjqhnaslrm42"},"id":"z1fo7ffbeql6rrs","previousOperationId":"xno6noywtzyqtv5"}
{"type":"operationStart","subtype":"scriptsBeforeRender","name":"scripts beforeRender","timestamp":1676056294592,"id":"z8nj9arlqiesyfc","previousEventId":"5jfmoa9ad1zvczq","operationId":"2jghs1hrwk4bioo","previousOperationId":"xno6noywtzyqtv5"}
{"type":"operationStart","subtype":"script","name":"scripts authors-script","previousOperationId":"2jghs1hrwk4bioo","timestamp":1676056294592,"id":"zy151118yh8sh6v","previousEventId":"z8nj9arlqiesyfc","operationId":"b2pm3w4pf3tsueo"}
{"type":"log","timestamp":1676056294875,"level":"debug","message":"(console:log) [ 2, 4 ]","meta":{"userLevel":true,"rootId":"toldjqhnaslrm42","id":"toldjqhnaslrm42"},"id":"motpc5e0zsm45ct","previousOperationId":"b2pm3w4pf3tsueo"}
{"type":"operationEnd","operationId":"b2pm3w4pf3tsueo","timestamp":1676056294876,"id":"dhhz5bmzo846e2z","previousEventId":"5jfmoa9ad1zvczq","previousOperationId":"xno6noywtzyqtv5"}
{"type":"operationEnd","operationId":"2jghs1hrwk4bioo","timestamp":1676056294876,"id":"idnd8caetygdacz","previousEventId":"dhhz5bmzo846e2z","previousOperationId":"xno6noywtzyqtv5"}
{"type":"log","timestamp":1676056294876,"level":"debug","message":"Base url not specified, skipping its injection.","meta":{"rootId":"toldjqhnaslrm42","id":"toldjqhnaslrm42"},"id":"e634bqlh4vem0y6","previousOperationId":"2jghs1hrwk4bioo"}
{"type":"operationStart","subtype":"engine","name":"handlebars","timestamp":1676056294876,"id":"s93oya369avyblr","previousEventId":"idnd8caetygdacz","operationId":"dcfgmgv66b85va5","previousOperationId":"2jghs1hrwk4bioo"}
{"type":"log","timestamp":1676056294876,"level":"debug","message":"Rendering engine handlebars","meta":{"rootId":"toldjqhnaslrm42","id":"toldjqhnaslrm42"},"id":"kk35ie3udro1iwm","previousOperationId":"dcfgmgv66b85va5"}
{"type":"operationEnd","operationId":"dcfgmgv66b85va5","timestamp":1676056294885,"id":"34nsybfj7pzjd4j","previousEventId":"s93oya369avyblr","previousOperationId":"dcfgmgv66b85va5"}
{"type":"operationStart","subtype":"recipe","name":"chrome-pdf","timestamp":1676056294885,"id":"kuv0kftj0re58xb","previousEventId":"34nsybfj7pzjd4j","operationId":"ob40dqd5xvqxh84","previousOperationId":"dcfgmgv66b85va5"}
{"type":"log","timestamp":1676056294885,"level":"debug","message":"Executing recipe chrome-pdf","meta":{"rootId":"toldjqhnaslrm42","id":"toldjqhnaslrm42"},"id":"8jduiwj6k4m1r6a","previousOperationId":"ob40dqd5xvqxh84"}
{"type":"log","timestamp":1676056294888,"level":"debug","message":"Converting with chrome HeadlessChrome/105.0.5173.0 using chrome-pool strategy","meta":{"rootId":"toldjqhnaslrm42","id":"toldjqhnaslrm42"},"id":"rqg2p6sqwb8hlay","previousOperationId":"ob40dqd5xvqxh84"}
{"type":"log","timestamp":1676056294982,"level":"debug","message":"Page request: GET (document) file:///C:/Users/pollo/AppData/Local/Temp/jsreport/autocleanup/2115484f-1ada-4662-bb04-97328ace53dd-chrome-pdf.html","meta":{"rootId":"toldjqhnaslrm42","id":"toldjqhnaslrm42"},"id":"knua6mh12mpq0fl","previousOperationId":"ob40dqd5xvqxh84"}
{"type":"log","timestamp":1676056295007,"level":"debug","message":"Page request finished: GET (document) 200 file:///C:/Users/pollo/AppData/Local/Temp/jsreport/autocleanup/2115484f-1ada-4662-bb04-97328ace53dd-chrome-pdf.html","meta":{"rootId":"toldjqhnaslrm42","id":"toldjqhnaslrm42"},"id":"6oxiczuf26k2dft","previousOperationId":"ob40dqd5xvqxh84"}
{"type":"log","timestamp":1676056295007,"level":"debug","message":"Page request: GET (stylesheet) https://cdnjs.cloudflare.com/ajax/libs/metro/4.1.5/css/metro.min.css","meta":{"rootId":"toldjqhnaslrm42","id":"toldjqhnaslrm42"},"id":"ae1aa4q2y90abmw","previousOperationId":"ob40dqd5xvqxh84"}
{"type":"log","timestamp":1676056295007,"level":"debug","message":"Page request: GET (script) https://cdn.jsdelivr.net/npm/chart.js","meta":{"rootId":"toldjqhnaslrm42","id":"toldjqhnaslrm42"},"id":"q21ypk0lg25gegg","previousOperationId":"ob40dqd5xvqxh84"}
{"type":"log","timestamp":1676056295013,"level":"debug","message":"Page request finished: GET (script) 200 https://cdn.jsdelivr.net/npm/chart.js","meta":{"rootId":"toldjqhnaslrm42","id":"toldjqhnaslrm42"},"id":"pks60d3vqf9enm8","previousOperationId":"ob40dqd5xvqxh84"}
{"type":"log","timestamp":1676056295030,"level":"debug","message":"Page request finished: GET (stylesheet) 200 https://cdnjs.cloudflare.com/ajax/libs/metro/4.1.5/css/metro.min.css","meta":{"rootId":"toldjqhnaslrm42","id":"toldjqhnaslrm42"},"id":"7hfvkc8w4m7p7db","previousOperationId":"ob40dqd5xvqxh84"}
{"type":"log","timestamp":1676056295125,"level":"debug","message":"Running chrome with params {\"printBackground\":true,\"marginTop\":\"4cm\",\"marginRight\":\"1.5cm\",\"marginBottom\":\"1.5cm\",\"marginLeft\":\"1.5cm\",\"waitForJS\":false,\"timeout\":59661,\"margin\":{\"top\":\"4cm\",\"right\":\"1.5cm\",\"bottom\":\"1.5cm\",\"left\":\"1.5cm\"}}","meta":{"rootId":"toldjqhnaslrm42","id":"toldjqhnaslrm42"},"id":"zzk8h7j6sonxpwp","previousOperationId":"ob40dqd5xvqxh84"}
{"type":"operationEnd","operationId":"ob40dqd5xvqxh84","timestamp":1676056295207,"id":"p7a4fhrhmn19oq0","previousEventId":"kuv0kftj0re58xb","previousOperationId":"ob40dqd5xvqxh84"}
{"type":"log","timestamp":1676056295207,"level":"info","message":"pdf-utils is starting pdf processing","meta":{"rootId":"toldjqhnaslrm42","id":"toldjqhnaslrm42"},"id":"ee4si2bfm0vc7j0","previousOperationId":"ob40dqd5xvqxh84"}
{"type":"operationStart","subtype":"pdfUtils","name":"pdf utils","timestamp":1676056295207,"id":"u8c4tngtf55zvwr","previousEventId":"p7a4fhrhmn19oq0","operationId":"djs1ttg9pufcq1l","previousOperationId":"ob40dqd5xvqxh84"}
{"type":"log","timestamp":1676056295207,"level":"debug","message":"pdf-utils detected 1 pdf operation(s) to process","meta":{"rootId":"toldjqhnaslrm42","id":"toldjqhnaslrm42"},"id":"gtw6p21n81x0lb0","previousOperationId":"djs1ttg9pufcq1l"}
{"type":"log","timestamp":1676056295228,"level":"debug","message":"pdf-utils running pdf operation merge","meta":{"rootId":"toldjqhnaslrm42","id":"toldjqhnaslrm42"},"id":"oytg2btzet29sg2","previousOperationId":"djs1ttg9pufcq1l"}
{"type":"operationStart","subtype":"pdfUtilsMerge","name":"pdf utils merge","previousOperationId":"djs1ttg9pufcq1l","timestamp":1676056295228,"id":"od21lztww2k3s2s","previousEventId":"u8c4tngtf55zvwr","operationId":"i2jg2b8pij31bob"}
{"type":"operationStart","subtype":"render","name":"authors-header","previousOperationId":"i2jg2b8pij31bob","timestamp":1676056295229,"id":"zzhsb6eippr1qav","previousEventId":"od21lztww2k3s2s","operationId":"b49fxa3voeng5uz"}
{"type":"log","timestamp":1676056295229,"level":"info","message":"Starting rendering (child) request","meta":{"rootId":"toldjqhnaslrm42","id":"1uijqksq2jpp1in"},"id":"sq10iux1axhc8lt","previousOperationId":"b49fxa3voeng5uz"}
{"type":"log","timestamp":1676056295229,"level":"info","message":"Rendering template { name: authors-header, recipe: chrome-pdf, engine: handlebars, preview: false }","meta":{"rootId":"toldjqhnaslrm42","id":"1uijqksq2jpp1in"},"id":"0if38rg1fod1dew","previousOperationId":"b49fxa3voeng5uz"}
{"type":"log","timestamp":1676056295230,"level":"debug","message":"Inline data specified.","meta":{"rootId":"toldjqhnaslrm42","id":"1uijqksq2jpp1in"},"id":"a790oyakorlbn4t","previousOperationId":"b49fxa3voeng5uz"}
{"type":"log","timestamp":1676056295235,"level":"debug","message":"Base url not specified, skipping its injection.","meta":{"rootId":"toldjqhnaslrm42","id":"1uijqksq2jpp1in"},"id":"eo7mtpex21la30n","previousOperationId":"b49fxa3voeng5uz"}
{"type":"operationStart","subtype":"engine","name":"handlebars","timestamp":1676056295235,"id":"e221uvf767ndkaz","previousEventId":"zzhsb6eippr1qav","operationId":"3pdegic83u3lfm0","previousOperationId":"b49fxa3voeng5uz"}
{"type":"log","timestamp":1676056295235,"level":"debug","message":"Rendering engine handlebars","meta":{"rootId":"toldjqhnaslrm42","id":"1uijqksq2jpp1in"},"id":"cjr5xucbz5kw1di","previousOperationId":"3pdegic83u3lfm0"}
{"type":"operationEnd","operationId":"3pdegic83u3lfm0","timestamp":1676056295250,"id":"gp94umdgy4fn0ej","previousEventId":"e221uvf767ndkaz","previousOperationId":"3pdegic83u3lfm0"}
{"type":"operationStart","subtype":"recipe","name":"chrome-pdf","timestamp":1676056295251,"id":"ymk9ecbauwrbwb9","previousEventId":"gp94umdgy4fn0ej","operationId":"q03dl78cjqduto6","previousOperationId":"3pdegic83u3lfm0"}
{"type":"log","timestamp":1676056295251,"level":"debug","message":"Executing recipe chrome-pdf","meta":{"rootId":"toldjqhnaslrm42","id":"1uijqksq2jpp1in"},"id":"iqnniw2c0wxwxvs","previousOperationId":"q03dl78cjqduto6"}
{"type":"log","timestamp":1676056295253,"level":"debug","message":"Converting with chrome HeadlessChrome/105.0.5173.0 using chrome-pool strategy","meta":{"rootId":"toldjqhnaslrm42","id":"1uijqksq2jpp1in"},"id":"hwaxqc35qws6my9","previousOperationId":"q03dl78cjqduto6"}
{"type":"log","timestamp":1676056295350,"level":"debug","message":"Page request: GET (document) file:///C:/Users/pollo/AppData/Local/Temp/jsreport/autocleanup/2c58c52f-4650-4be1-a5e1-31fa320fa0e9-chrome-pdf.html","meta":{"rootId":"toldjqhnaslrm42","id":"1uijqksq2jpp1in"},"id":"ltmp3fmz6tk9m7d","previousOperationId":"q03dl78cjqduto6"}
{"type":"log","timestamp":1676056295361,"level":"debug","message":"Page request finished: GET (document) 200 file:///C:/Users/pollo/AppData/Local/Temp/jsreport/autocleanup/2c58c52f-4650-4be1-a5e1-31fa320fa0e9-chrome-pdf.html","meta":{"rootId":"toldjqhnaslrm42","id":"1uijqksq2jpp1in"},"id":"vq4giznrguw4fwx","previousOperationId":"q03dl78cjqduto6"}
{"type":"log","timestamp":1676056295361,"level":"debug","message":"Page request: GET (stylesheet) https://cdnjs.cloudflare.com/ajax/libs/metro/4.1.5/css/metro.min.css","meta":{"rootId":"toldjqhnaslrm42","id":"1uijqksq2jpp1in"},"id":"bpiw133uzhtqoj6","previousOperationId":"q03dl78cjqduto6"}
{"type":"log","timestamp":1676056295383,"level":"debug","message":"Page request finished: GET (stylesheet) 200 https://cdnjs.cloudflare.com/ajax/libs/metro/4.1.5/css/metro.min.css","meta":{"rootId":"toldjqhnaslrm42","id":"1uijqksq2jpp1in"},"id":"r9hdrt64u2a7z51","previousOperationId":"q03dl78cjqduto6"}
{"type":"log","timestamp":1676056295404,"level":"debug","message":"Running chrome with params {\"printBackground\":true,\"marginTop\":\"1.5cm\",\"marginRight\":\"1.5cm\",\"marginLeft\":\"1.cm\",\"timeout\":59296,\"margin\":{\"top\":\"1.5cm\",\"right\":\"1.5cm\",\"left\":\"1.cm\"}}","meta":{"rootId":"toldjqhnaslrm42","id":"1uijqksq2jpp1in"},"id":"t2fd5v5ogfr8so6","previousOperationId":"q03dl78cjqduto6"}
{"type":"operationEnd","operationId":"q03dl78cjqduto6","timestamp":1676056295460,"id":"xi4mcme0t73vw3e","previousEventId":"ymk9ecbauwrbwb9","previousOperationId":"q03dl78cjqduto6"}
{"type":"log","timestamp":1676056295461,"level":"debug","message":"Skipping storing report.","meta":{"rootId":"toldjqhnaslrm42","id":"1uijqksq2jpp1in"},"id":"ywz4crw4mndmzy3","previousOperationId":"q03dl78cjqduto6"}
{"type":"log","timestamp":1676056295461,"level":"info","message":"Rendering (child) request finished in 913 ms","meta":{"rootId":"toldjqhnaslrm42","id":"1uijqksq2jpp1in"},"id":"qxtgwiihpuv893q","previousOperationId":"q03dl78cjqduto6"}
{"type":"operationEnd","subtype":"render","operationId":"b49fxa3voeng5uz","timestamp":1676056295461,"id":"10hlslr5lfjia9v","previousEventId":"xi4mcme0t73vw3e","previousOperationId":"q03dl78cjqduto6"}
{"type":"operationEnd","operationId":"i2jg2b8pij31bob","timestamp":1676056295472,"id":"6w26ac1fcqrtvhg","previousEventId":"od21lztww2k3s2s","previousOperationId":"i2jg2b8pij31bob"}
{"type":"log","timestamp":1676056295472,"level":"debug","message":"pdf-utils postproces start","meta":{"rootId":"toldjqhnaslrm42","id":"toldjqhnaslrm42"},"id":"tyvowtimzwtb7uv","previousOperationId":"i2jg2b8pij31bob"}
{"type":"log","timestamp":1676056295479,"level":"debug","message":"pdf-utils postproces end","meta":{"rootId":"toldjqhnaslrm42","id":"toldjqhnaslrm42"},"id":"v4yeuekdfjbx3y9","previousOperationId":"i2jg2b8pij31bob"}
{"type":"operationEnd","operationId":"djs1ttg9pufcq1l","timestamp":1676056295479,"id":"9udusw70hqxybq7","previousEventId":"6w26ac1fcqrtvhg","previousOperationId":"i2jg2b8pij31bob"}
{"type":"log","timestamp":1676056295479,"level":"info","message":"pdf-utils pdf processing was finished","meta":{"rootId":"toldjqhnaslrm42","id":"toldjqhnaslrm42"},"id":"hjoxiexjhwby4v8","previousOperationId":"djs1ttg9pufcq1l"}
{"type":"log","timestamp":1676056295479,"level":"debug","message":"Skipping storing report.","meta":{"rootId":"toldjqhnaslrm42","id":"toldjqhnaslrm42"},"id":"eb2631aj0tt10mg","previousOperationId":"djs1ttg9pufcq1l"}
{"type":"log","timestamp":1676056295479,"level":"info","message":"Rendering request 9 finished in 931 ms","meta":{"rootId":"toldjqhnaslrm42","id":"toldjqhnaslrm42"},"id":"48vipgxfknz66kc","previousOperationId":"djs1ttg9pufcq1l"}
{"type":"operationEnd","subtype":"render","operationId":"xno6noywtzyqtv5","timestamp":1676056295479,"id":"k0ejseq9wdx55h0","previousEventId":"9udusw70hqxybq7","previousOperationId":"djs1ttg9pufcq1l"}
{"type":"operationEnd","doDiffs":false,"previousEventId":"27r30gi8i3fim9r","previousOperationId":"7v9zm7t02du6l6w","operationId":"7v9zm7t02du6l6w","timestamp":1676056295484,"id":"5bqubd5fbkclxrj"}
