{"type":"operationStart","subtype":"profile","data":{"_id":"vWuehSQWhYzLnSZz","timestamp":"2023-02-10T18:52:43.071Z","state":"queued","mode":"standard","creationDate":"2023-02-10T18:52:43.073Z","modificationDate":"2023-02-10T18:52:43.073Z","shortid":"MD85G6O","$entitySet":"profiles"},"doDiffs":false,"timestamp":1676055163072,"id":"29qa0iypiyvte3x","previousOperationId":null,"operationId":"s8yf1ltrkrma0cv"}
{"type":"log","level":"info","message":"Render request 4 queued for execution and waiting for available worker","previousOperationId":"s8yf1ltrkrma0cv","timestamp":1676055163072,"id":"l0ehbhxwacbw8gl"}
{"type":"operationStart","subtype":"render","name":"authors-main","previousOperationId":"s8yf1ltrkrma0cv","timestamp":1676055163077,"id":"o8ji95jbml71es6","previousEventId":"29qa0iypiyvte3x","operationId":"itk4txzsimk496h"}
{"type":"log","timestamp":1676055163077,"level":"info","message":"Starting rendering request 4","meta":{"rootId":"wqwzit28llbfmck","id":"wqwzit28llbfmck"},"id":"5s2n0ig5wafwd8k","previousOperationId":"itk4txzsimk496h"}
{"type":"log","timestamp":1676055163078,"level":"info","message":"Rendering template { name: authors-main, recipe: chrome-pdf, engine: handlebars, preview: false }","meta":{"rootId":"wqwzit28llbfmck","id":"wqwzit28llbfmck"},"id":"z7qdcjyc272n6oy","previousOperationId":"itk4txzsimk496h"}
{"type":"log","timestamp":1676055163079,"level":"debug","message":"Data item not defined for this template.","meta":{"rootId":"wqwzit28llbfmck","id":"wqwzit28llbfmck"},"id":"irv67673eunavwn","previousOperationId":"itk4txzsimk496h"}
{"type":"log","timestamp":1676055163083,"level":"debug","message":"Executing script authors-script (beforeRender)","meta":{"rootId":"wqwzit28llbfmck","id":"wqwzit28llbfmck"},"id":"1qhviap149o4el3","previousOperationId":"itk4txzsimk496h"}
{"type":"operationStart","subtype":"scriptsBeforeRender","name":"scripts beforeRender","timestamp":1676055163109,"id":"95rroh0jra5rbzi","previousEventId":"o8ji95jbml71es6","operationId":"mfbcfcy2urcenps","previousOperationId":"itk4txzsimk496h"}
{"type":"operationStart","subtype":"script","name":"scripts authors-script","previousOperationId":"mfbcfcy2urcenps","timestamp":1676055163109,"id":"b2rcbhzrd34bk5f","previousEventId":"95rroh0jra5rbzi","operationId":"wrc51j8bnoy5cvt"}
{"type":"log","timestamp":1676055163388,"level":"debug","message":"(console:log) [ 2, 4 ]","meta":{"userLevel":true,"rootId":"wqwzit28llbfmck","id":"wqwzit28llbfmck"},"id":"wokyfe5bn4t1bvv","previousOperationId":"wrc51j8bnoy5cvt"}
{"type":"operationEnd","operationId":"wrc51j8bnoy5cvt","timestamp":1676055163388,"id":"v8sb2ljjmfyu5h1","previousEventId":"o8ji95jbml71es6","previousOperationId":"itk4txzsimk496h"}
{"type":"operationEnd","operationId":"mfbcfcy2urcenps","timestamp":1676055163388,"id":"bgho6hk153f7z4d","previousEventId":"v8sb2ljjmfyu5h1","previousOperationId":"itk4txzsimk496h"}
{"type":"log","timestamp":1676055163388,"level":"debug","message":"Base url not specified, skipping its injection.","meta":{"rootId":"wqwzit28llbfmck","id":"wqwzit28llbfmck"},"id":"hik5tqcr7vcpnif","previousOperationId":"mfbcfcy2urcenps"}
{"type":"operationStart","subtype":"engine","name":"handlebars","timestamp":1676055163388,"id":"1c6dx351qc2q2p8","previousEventId":"bgho6hk153f7z4d","operationId":"ti7dmss4kan7jwr","previousOperationId":"mfbcfcy2urcenps"}
{"type":"log","timestamp":1676055163388,"level":"debug","message":"Rendering engine handlebars","meta":{"rootId":"wqwzit28llbfmck","id":"wqwzit28llbfmck"},"id":"ain59seyjywnjxh","previousOperationId":"ti7dmss4kan7jwr"}
{"type":"operationEnd","operationId":"ti7dmss4kan7jwr","timestamp":1676055163397,"id":"q7x5uk2kpuklye3","previousEventId":"1c6dx351qc2q2p8","previousOperationId":"ti7dmss4kan7jwr"}
{"type":"operationStart","subtype":"recipe","name":"chrome-pdf","timestamp":1676055163398,"id":"riysw3g0mlht6aj","previousEventId":"q7x5uk2kpuklye3","operationId":"zqf9hm8ezwlhfxq","previousOperationId":"ti7dmss4kan7jwr"}
{"type":"log","timestamp":1676055163398,"level":"debug","message":"Executing recipe chrome-pdf","meta":{"rootId":"wqwzit28llbfmck","id":"wqwzit28llbfmck"},"id":"etr3rowayj67v4e","previousOperationId":"zqf9hm8ezwlhfxq"}
{"type":"log","timestamp":1676055163400,"level":"debug","message":"Converting with chrome HeadlessChrome/105.0.5173.0 using chrome-pool strategy","meta":{"rootId":"wqwzit28llbfmck","id":"wqwzit28llbfmck"},"id":"yw51b1b9owx586h","previousOperationId":"zqf9hm8ezwlhfxq"}
{"type":"log","timestamp":1676055163501,"level":"debug","message":"Page request: GET (document) file:///C:/Users/pollo/AppData/Local/Temp/jsreport/autocleanup/0aa8ed13-ff87-4c89-a5d9-b7363f5c1970-chrome-pdf.html","meta":{"rootId":"wqwzit28llbfmck","id":"wqwzit28llbfmck"},"id":"f5mijn53k9nt9r3","previousOperationId":"zqf9hm8ezwlhfxq"}
{"type":"log","timestamp":1676055163511,"level":"debug","message":"Page request finished: GET (document) 200 file:///C:/Users/pollo/AppData/Local/Temp/jsreport/autocleanup/0aa8ed13-ff87-4c89-a5d9-b7363f5c1970-chrome-pdf.html","meta":{"rootId":"wqwzit28llbfmck","id":"wqwzit28llbfmck"},"id":"p1m2x6k2le7gc12","previousOperationId":"zqf9hm8ezwlhfxq"}
{"type":"log","timestamp":1676055163511,"level":"debug","message":"Page request: GET (stylesheet) https://cdnjs.cloudflare.com/ajax/libs/metro/4.1.5/css/metro.min.css","meta":{"rootId":"wqwzit28llbfmck","id":"wqwzit28llbfmck"},"id":"ooryh2paiyjsmm2","previousOperationId":"zqf9hm8ezwlhfxq"}
{"type":"log","timestamp":1676055163511,"level":"debug","message":"Page request: GET (script) https://cdn.jsdelivr.net/npm/chart.js","meta":{"rootId":"wqwzit28llbfmck","id":"wqwzit28llbfmck"},"id":"tlkr77wpqt6b027","previousOperationId":"zqf9hm8ezwlhfxq"}
{"type":"log","timestamp":1676055163517,"level":"debug","message":"Page request finished: GET (script) 200 https://cdn.jsdelivr.net/npm/chart.js","meta":{"rootId":"wqwzit28llbfmck","id":"wqwzit28llbfmck"},"id":"xtspvbmdgtvkqr2","previousOperationId":"zqf9hm8ezwlhfxq"}
{"type":"log","timestamp":1676055163534,"level":"debug","message":"Page request finished: GET (stylesheet) 200 https://cdnjs.cloudflare.com/ajax/libs/metro/4.1.5/css/metro.min.css","meta":{"rootId":"wqwzit28llbfmck","id":"wqwzit28llbfmck"},"id":"40lswo46dnt2b7q","previousOperationId":"zqf9hm8ezwlhfxq"}
{"type":"log","timestamp":1676055163635,"level":"debug","message":"Running chrome with params {\"printBackground\":true,\"marginTop\":\"4cm\",\"marginRight\":\"1.5cm\",\"marginBottom\":\"1.5cm\",\"marginLeft\":\"1.5cm\",\"waitForJS\":false,\"timeout\":59672,\"margin\":{\"top\":\"4cm\",\"right\":\"1.5cm\",\"bottom\":\"1.5cm\",\"left\":\"1.5cm\"}}","meta":{"rootId":"wqwzit28llbfmck","id":"wqwzit28llbfmck"},"id":"yubhsj23nkfqpl1","previousOperationId":"zqf9hm8ezwlhfxq"}
{"type":"operationEnd","operationId":"zqf9hm8ezwlhfxq","timestamp":1676055163722,"id":"iym5z2gr5iyrg5m","previousEventId":"riysw3g0mlht6aj","previousOperationId":"zqf9hm8ezwlhfxq"}
{"type":"log","timestamp":1676055163722,"level":"info","message":"pdf-utils is starting pdf processing","meta":{"rootId":"wqwzit28llbfmck","id":"wqwzit28llbfmck"},"id":"7b65l1rgpyi4zlv","previousOperationId":"zqf9hm8ezwlhfxq"}
{"type":"operationStart","subtype":"pdfUtils","name":"pdf utils","timestamp":1676055163722,"id":"j8c5nusyy24youo","previousEventId":"iym5z2gr5iyrg5m","operationId":"5vouvxo6cnzezms","previousOperationId":"zqf9hm8ezwlhfxq"}
{"type":"log","timestamp":1676055163722,"level":"debug","message":"pdf-utils detected 1 pdf operation(s) to process","meta":{"rootId":"wqwzit28llbfmck","id":"wqwzit28llbfmck"},"id":"jy1rn9fgdzyvz0t","previousOperationId":"5vouvxo6cnzezms"}
{"type":"log","timestamp":1676055163754,"level":"debug","message":"pdf-utils running pdf operation merge","meta":{"rootId":"wqwzit28llbfmck","id":"wqwzit28llbfmck"},"id":"gsdj1odszabijpe","previousOperationId":"5vouvxo6cnzezms"}
{"type":"operationStart","subtype":"pdfUtilsMerge","name":"pdf utils merge","previousOperationId":"5vouvxo6cnzezms","timestamp":1676055163754,"id":"5k7paom1x3llj8q","previousEventId":"j8c5nusyy24youo","operationId":"2z6lvzq9yyp6atm"}
{"type":"operationStart","subtype":"render","name":"authors-header","previousOperationId":"2z6lvzq9yyp6atm","timestamp":1676055163755,"id":"y5otfuf5rn22rt5","previousEventId":"5k7paom1x3llj8q","operationId":"ktxexkvxtjzfde9"}
{"type":"log","timestamp":1676055163755,"level":"info","message":"Starting rendering (child) request","meta":{"rootId":"wqwzit28llbfmck","id":"x0d0xhj7jfhr0i1"},"id":"y1kdvmxvcv4nj7k","previousOperationId":"ktxexkvxtjzfde9"}
{"type":"log","timestamp":1676055163756,"level":"info","message":"Rendering template { name: authors-header, recipe: chrome-pdf, engine: handlebars, preview: false }","meta":{"rootId":"wqwzit28llbfmck","id":"x0d0xhj7jfhr0i1"},"id":"0jc1ifnzntxhi6z","previousOperationId":"ktxexkvxtjzfde9"}
{"type":"log","timestamp":1676055163757,"level":"debug","message":"Inline data specified.","meta":{"rootId":"wqwzit28llbfmck","id":"x0d0xhj7jfhr0i1"},"id":"rny92wvq95z0kol","previousOperationId":"ktxexkvxtjzfde9"}
{"type":"log","timestamp":1676055163759,"level":"debug","message":"Base url not specified, skipping its injection.","meta":{"rootId":"wqwzit28llbfmck","id":"x0d0xhj7jfhr0i1"},"id":"wydli6w8329hj2g","previousOperationId":"ktxexkvxtjzfde9"}
{"type":"operationStart","subtype":"engine","name":"handlebars","timestamp":1676055163759,"id":"jfz0xq9l6fxuwro","previousEventId":"y5otfuf5rn22rt5","operationId":"fa2xxfs13t25gwu","previousOperationId":"ktxexkvxtjzfde9"}
{"type":"log","timestamp":1676055163759,"level":"debug","message":"Rendering engine handlebars","meta":{"rootId":"wqwzit28llbfmck","id":"x0d0xhj7jfhr0i1"},"id":"o0r4ikaamvxo31d","previousOperationId":"fa2xxfs13t25gwu"}
{"type":"operationEnd","operationId":"fa2xxfs13t25gwu","timestamp":1676055163776,"id":"x3jqv0loaqnq8x6","previousEventId":"jfz0xq9l6fxuwro","previousOperationId":"fa2xxfs13t25gwu"}
{"type":"operationStart","subtype":"recipe","name":"chrome-pdf","timestamp":1676055163776,"id":"10au7q2inrf6z2i","previousEventId":"x3jqv0loaqnq8x6","operationId":"j0b55e10afzy018","previousOperationId":"fa2xxfs13t25gwu"}
{"type":"log","timestamp":1676055163776,"level":"debug","message":"Executing recipe chrome-pdf","meta":{"rootId":"wqwzit28llbfmck","id":"x0d0xhj7jfhr0i1"},"id":"91rnrs9rn0bv9gp","previousOperationId":"j0b55e10afzy018"}
{"type":"log","timestamp":1676055163780,"level":"debug","message":"Converting with chrome HeadlessChrome/105.0.5173.0 using chrome-pool strategy","meta":{"rootId":"wqwzit28llbfmck","id":"x0d0xhj7jfhr0i1"},"id":"he0g2si39t0obzp","previousOperationId":"j0b55e10afzy018"}
{"type":"log","timestamp":1676055163875,"level":"debug","message":"Page request: GET (document) file:///C:/Users/pollo/AppData/Local/Temp/jsreport/autocleanup/221a778c-0c3e-4e11-adb9-f1e6360f5fa4-chrome-pdf.html","meta":{"rootId":"wqwzit28llbfmck","id":"x0d0xhj7jfhr0i1"},"id":"yga588cdsrcqb8x","previousOperationId":"j0b55e10afzy018"}
{"type":"log","timestamp":1676055163885,"level":"debug","message":"Page request: GET (stylesheet) https://cdnjs.cloudflare.com/ajax/libs/metro/4.1.5/css/metro.min.css","meta":{"rootId":"wqwzit28llbfmck","id":"x0d0xhj7jfhr0i1"},"id":"czdkbfp4bevfmoi","previousOperationId":"j0b55e10afzy018"}
{"type":"log","timestamp":1676055163885,"level":"debug","message":"Page request finished: GET (document) 200 file:///C:/Users/pollo/AppData/Local/Temp/jsreport/autocleanup/221a778c-0c3e-4e11-adb9-f1e6360f5fa4-chrome-pdf.html","meta":{"rootId":"wqwzit28llbfmck","id":"x0d0xhj7jfhr0i1"},"id":"y5jxm8wm2a0vbm5","previousOperationId":"j0b55e10afzy018"}
{"type":"log","timestamp":1676055163907,"level":"debug","message":"Page request finished: GET (stylesheet) 200 https://cdnjs.cloudflare.com/ajax/libs/metro/4.1.5/css/metro.min.css","meta":{"rootId":"wqwzit28llbfmck","id":"x0d0xhj7jfhr0i1"},"id":"6imv2stb59orejj","previousOperationId":"j0b55e10afzy018"}
{"type":"log","timestamp":1676055163930,"level":"debug","message":"Running chrome with params {\"printBackground\":true,\"marginTop\":\"1.5cm\",\"marginRight\":\"1.5cm\",\"marginLeft\":\"1.cm\",\"timeout\":59293,\"margin\":{\"top\":\"1.5cm\",\"right\":\"1.5cm\",\"left\":\"1.cm\"}}","meta":{"rootId":"wqwzit28llbfmck","id":"x0d0xhj7jfhr0i1"},"id":"3x0pxqriijnmh1d","previousOperationId":"j0b55e10afzy018"}
{"type":"operationEnd","operationId":"j0b55e10afzy018","timestamp":1676055163986,"id":"ysg9qa7i2qyqkby","previousEventId":"10au7q2inrf6z2i","previousOperationId":"j0b55e10afzy018"}
{"type":"log","timestamp":1676055163986,"level":"debug","message":"Skipping storing report.","meta":{"rootId":"wqwzit28llbfmck","id":"x0d0xhj7jfhr0i1"},"id":"htjigpg8wsttci9","previousOperationId":"j0b55e10afzy018"}
{"type":"log","timestamp":1676055163986,"level":"info","message":"Rendering (child) request finished in 915 ms","meta":{"rootId":"wqwzit28llbfmck","id":"x0d0xhj7jfhr0i1"},"id":"p4sarh4zmt0f8sf","previousOperationId":"j0b55e10afzy018"}
{"type":"operationEnd","subtype":"render","operationId":"ktxexkvxtjzfde9","timestamp":1676055163986,"id":"c506d5vvt4kdey7","previousEventId":"ysg9qa7i2qyqkby","previousOperationId":"j0b55e10afzy018"}
{"type":"operationEnd","operationId":"2z6lvzq9yyp6atm","timestamp":1676055163997,"id":"xlkpso8jae31lpx","previousEventId":"5k7paom1x3llj8q","previousOperationId":"2z6lvzq9yyp6atm"}
{"type":"log","timestamp":1676055163997,"level":"debug","message":"pdf-utils postproces start","meta":{"rootId":"wqwzit28llbfmck","id":"wqwzit28llbfmck"},"id":"3uv20ga6p9mi171","previousOperationId":"2z6lvzq9yyp6atm"}
{"type":"log","timestamp":1676055164004,"level":"debug","message":"pdf-utils postproces end","meta":{"rootId":"wqwzit28llbfmck","id":"wqwzit28llbfmck"},"id":"z6mclzefz0ew18v","previousOperationId":"2z6lvzq9yyp6atm"}
{"type":"operationEnd","operationId":"5vouvxo6cnzezms","timestamp":1676055164004,"id":"dgjrted0ob3bn7v","previousEventId":"xlkpso8jae31lpx","previousOperationId":"2z6lvzq9yyp6atm"}
{"type":"log","timestamp":1676055164004,"level":"info","message":"pdf-utils pdf processing was finished","meta":{"rootId":"wqwzit28llbfmck","id":"wqwzit28llbfmck"},"id":"z25idx3e83fr9jo","previousOperationId":"5vouvxo6cnzezms"}
{"type":"log","timestamp":1676055164004,"level":"debug","message":"Skipping storing report.","meta":{"rootId":"wqwzit28llbfmck","id":"wqwzit28llbfmck"},"id":"lqb7jqlusv7of9r","previousOperationId":"5vouvxo6cnzezms"}
{"type":"log","timestamp":1676055164004,"level":"info","message":"Rendering request 4 finished in 933 ms","meta":{"rootId":"wqwzit28llbfmck","id":"wqwzit28llbfmck"},"id":"n4vr8n9jt6pst5b","previousOperationId":"5vouvxo6cnzezms"}
{"type":"operationEnd","subtype":"render","operationId":"itk4txzsimk496h","timestamp":1676055164004,"id":"ycm3dkr3nstgnqc","previousEventId":"dgjrted0ob3bn7v","previousOperationId":"5vouvxo6cnzezms"}
{"type":"operationEnd","doDiffs":false,"previousEventId":"29qa0iypiyvte3x","previousOperationId":"s8yf1ltrkrma0cv","operationId":"s8yf1ltrkrma0cv","timestamp":1676055164010,"id":"4xh5al7waknsemv"}
