{"type":"operationStart","subtype":"profile","data":{"_id":"W5umH85H2vuHFBBU","timestamp":"2023-02-10T18:53:53.736Z","state":"queued","mode":"standard","creationDate":"2023-02-10T18:53:53.738Z","modificationDate":"2023-02-10T18:53:53.738Z","shortid":"T0hr60B","$entitySet":"profiles"},"doDiffs":false,"timestamp":1676055233737,"id":"eri9jydu7yxq4q3","previousOperationId":null,"operationId":"vxw2kjj7jhvjjf7"}
{"type":"log","level":"info","message":"Render request 6 queued for execution and waiting for available worker","previousOperationId":"vxw2kjj7jhvjjf7","timestamp":1676055233737,"id":"yyvxj3z9rl7dq90"}
{"type":"operationStart","subtype":"render","name":"authors-main","previousOperationId":"vxw2kjj7jhvjjf7","timestamp":1676055233743,"id":"zh6rb0qsx31y2sf","previousEventId":"eri9jydu7yxq4q3","operationId":"c4z4a4kacqg4ak1"}
{"type":"log","timestamp":1676055233743,"level":"info","message":"Starting rendering request 6","meta":{"rootId":"x4ivsdazm4cbg8j","id":"x4ivsdazm4cbg8j"},"id":"jf9woigyp76kksq","previousOperationId":"c4z4a4kacqg4ak1"}
{"type":"log","timestamp":1676055233743,"level":"info","message":"Rendering template { name: authors-main, recipe: chrome-pdf, engine: handlebars, preview: false }","meta":{"rootId":"x4ivsdazm4cbg8j","id":"x4ivsdazm4cbg8j"},"id":"72zmcq9e4rlyd5e","previousOperationId":"c4z4a4kacqg4ak1"}
{"type":"log","timestamp":1676055233745,"level":"debug","message":"Data item not defined for this template.","meta":{"rootId":"x4ivsdazm4cbg8j","id":"x4ivsdazm4cbg8j"},"id":"ytu5k4leizizh4x","previousOperationId":"c4z4a4kacqg4ak1"}
{"type":"log","timestamp":1676055233747,"level":"debug","message":"Executing script authors-script (beforeRender)","meta":{"rootId":"x4ivsdazm4cbg8j","id":"x4ivsdazm4cbg8j"},"id":"8n06pklzq035ac2","previousOperationId":"c4z4a4kacqg4ak1"}
{"type":"operationStart","subtype":"scriptsBeforeRender","name":"scripts beforeRender","timestamp":1676055233774,"id":"3bb39j2l2kdw6c3","previousEventId":"zh6rb0qsx31y2sf","operationId":"sqcysbu72yyvky0","previousOperationId":"c4z4a4kacqg4ak1"}
{"type":"operationStart","subtype":"script","name":"scripts authors-script","previousOperationId":"sqcysbu72yyvky0","timestamp":1676055233774,"id":"4z69dx6hzj072ia","previousEventId":"3bb39j2l2kdw6c3","operationId":"922n8v8d56ioqk0"}
{"type":"log","timestamp":1676055234050,"level":"debug","message":"(console:log) [ 2, 4 ]","meta":{"userLevel":true,"rootId":"x4ivsdazm4cbg8j","id":"x4ivsdazm4cbg8j"},"id":"yvgn5ce7qscl8ld","previousOperationId":"922n8v8d56ioqk0"}
{"type":"operationEnd","operationId":"922n8v8d56ioqk0","timestamp":1676055234051,"id":"bzrfwdnm5ax0wmn","previousEventId":"zh6rb0qsx31y2sf","previousOperationId":"c4z4a4kacqg4ak1"}
{"type":"operationEnd","operationId":"sqcysbu72yyvky0","timestamp":1676055234051,"id":"alhxgeew0fb1xf0","previousEventId":"bzrfwdnm5ax0wmn","previousOperationId":"c4z4a4kacqg4ak1"}
{"type":"log","timestamp":1676055234051,"level":"debug","message":"Base url not specified, skipping its injection.","meta":{"rootId":"x4ivsdazm4cbg8j","id":"x4ivsdazm4cbg8j"},"id":"mw6jwar7r2jf2mc","previousOperationId":"sqcysbu72yyvky0"}
{"type":"operationStart","subtype":"engine","name":"handlebars","timestamp":1676055234051,"id":"4pnnlybnbrjatcj","previousEventId":"alhxgeew0fb1xf0","operationId":"4gpvxpwd009o1nf","previousOperationId":"sqcysbu72yyvky0"}
{"type":"log","timestamp":1676055234051,"level":"debug","message":"Rendering engine handlebars","meta":{"rootId":"x4ivsdazm4cbg8j","id":"x4ivsdazm4cbg8j"},"id":"d116x84az51lgek","previousOperationId":"4gpvxpwd009o1nf"}
{"type":"operationEnd","operationId":"4gpvxpwd009o1nf","timestamp":1676055234060,"id":"5sc002umm9rwow1","previousEventId":"4pnnlybnbrjatcj","previousOperationId":"4gpvxpwd009o1nf"}
{"type":"operationStart","subtype":"recipe","name":"chrome-pdf","timestamp":1676055234061,"id":"vmwrwqyopucaf9u","previousEventId":"5sc002umm9rwow1","operationId":"pgzy6b6w1cks6tl","previousOperationId":"4gpvxpwd009o1nf"}
{"type":"log","timestamp":1676055234061,"level":"debug","message":"Executing recipe chrome-pdf","meta":{"rootId":"x4ivsdazm4cbg8j","id":"x4ivsdazm4cbg8j"},"id":"3upemgps3kzj9iv","previousOperationId":"pgzy6b6w1cks6tl"}
{"type":"log","timestamp":1676055234063,"level":"debug","message":"Converting with chrome HeadlessChrome/105.0.5173.0 using chrome-pool strategy","meta":{"rootId":"x4ivsdazm4cbg8j","id":"x4ivsdazm4cbg8j"},"id":"s01hbn4y1fc9t80","previousOperationId":"pgzy6b6w1cks6tl"}
{"type":"log","timestamp":1676055234161,"level":"debug","message":"Page request: GET (document) file:///C:/Users/pollo/AppData/Local/Temp/jsreport/autocleanup/8715b4a1-ae01-4bc7-af32-797ff32acf0a-chrome-pdf.html","meta":{"rootId":"x4ivsdazm4cbg8j","id":"x4ivsdazm4cbg8j"},"id":"io4xgfjdiypgpwx","previousOperationId":"pgzy6b6w1cks6tl"}
{"type":"log","timestamp":1676055234172,"level":"debug","message":"Page request finished: GET (document) 200 file:///C:/Users/pollo/AppData/Local/Temp/jsreport/autocleanup/8715b4a1-ae01-4bc7-af32-797ff32acf0a-chrome-pdf.html","meta":{"rootId":"x4ivsdazm4cbg8j","id":"x4ivsdazm4cbg8j"},"id":"eol9hturxbe0sz8","previousOperationId":"pgzy6b6w1cks6tl"}
{"type":"log","timestamp":1676055234173,"level":"debug","message":"Page request: GET (stylesheet) https://cdnjs.cloudflare.com/ajax/libs/metro/4.1.5/css/metro.min.css","meta":{"rootId":"x4ivsdazm4cbg8j","id":"x4ivsdazm4cbg8j"},"id":"u0l3ry293nlukj5","previousOperationId":"pgzy6b6w1cks6tl"}
{"type":"log","timestamp":1676055234173,"level":"debug","message":"Page request: GET (script) https://cdn.jsdelivr.net/npm/chart.js","meta":{"rootId":"x4ivsdazm4cbg8j","id":"x4ivsdazm4cbg8j"},"id":"w29awr1z8isbz90","previousOperationId":"pgzy6b6w1cks6tl"}
{"type":"log","timestamp":1676055234179,"level":"debug","message":"Page request finished: GET (script) 200 https://cdn.jsdelivr.net/npm/chart.js","meta":{"rootId":"x4ivsdazm4cbg8j","id":"x4ivsdazm4cbg8j"},"id":"u24xqj5q3m9v96e","previousOperationId":"pgzy6b6w1cks6tl"}
{"type":"log","timestamp":1676055234197,"level":"debug","message":"Page request finished: GET (stylesheet) 200 https://cdnjs.cloudflare.com/ajax/libs/metro/4.1.5/css/metro.min.css","meta":{"rootId":"x4ivsdazm4cbg8j","id":"x4ivsdazm4cbg8j"},"id":"35wh76h3izy0lwj","previousOperationId":"pgzy6b6w1cks6tl"}
{"type":"log","timestamp":1676055234297,"level":"debug","message":"Running chrome with params {\"printBackground\":true,\"marginTop\":\"4cm\",\"marginRight\":\"1.5cm\",\"marginBottom\":\"1.5cm\",\"marginLeft\":\"1.5cm\",\"waitForJS\":false,\"timeout\":59674,\"margin\":{\"top\":\"4cm\",\"right\":\"1.5cm\",\"bottom\":\"1.5cm\",\"left\":\"1.5cm\"}}","meta":{"rootId":"x4ivsdazm4cbg8j","id":"x4ivsdazm4cbg8j"},"id":"e5jddgz1832a7j0","previousOperationId":"pgzy6b6w1cks6tl"}
{"type":"operationEnd","operationId":"pgzy6b6w1cks6tl","timestamp":1676055234385,"id":"ar6y1ss25pkqtls","previousEventId":"vmwrwqyopucaf9u","previousOperationId":"pgzy6b6w1cks6tl"}
{"type":"log","timestamp":1676055234385,"level":"info","message":"pdf-utils is starting pdf processing","meta":{"rootId":"x4ivsdazm4cbg8j","id":"x4ivsdazm4cbg8j"},"id":"1hsxww2r3x7mytq","previousOperationId":"pgzy6b6w1cks6tl"}
{"type":"operationStart","subtype":"pdfUtils","name":"pdf utils","timestamp":1676055234385,"id":"i3cp9admwxgd82h","previousEventId":"ar6y1ss25pkqtls","operationId":"gr4f49944uhutzn","previousOperationId":"pgzy6b6w1cks6tl"}
{"type":"log","timestamp":1676055234385,"level":"debug","message":"pdf-utils detected 1 pdf operation(s) to process","meta":{"rootId":"x4ivsdazm4cbg8j","id":"x4ivsdazm4cbg8j"},"id":"in94e9iors2x5z3","previousOperationId":"gr4f49944uhutzn"}
{"type":"log","timestamp":1676055234408,"level":"debug","message":"pdf-utils running pdf operation merge","meta":{"rootId":"x4ivsdazm4cbg8j","id":"x4ivsdazm4cbg8j"},"id":"n8vh3vbu18ebtbu","previousOperationId":"gr4f49944uhutzn"}
{"type":"operationStart","subtype":"pdfUtilsMerge","name":"pdf utils merge","previousOperationId":"gr4f49944uhutzn","timestamp":1676055234408,"id":"b03kwpvthz9pqc1","previousEventId":"i3cp9admwxgd82h","operationId":"jrliafyq6o1u1hr"}
{"type":"operationStart","subtype":"render","name":"authors-header","previousOperationId":"jrliafyq6o1u1hr","timestamp":1676055234409,"id":"ev1csbjemqie7kr","previousEventId":"b03kwpvthz9pqc1","operationId":"gihj5guz76kemnk"}
{"type":"log","timestamp":1676055234409,"level":"info","message":"Starting rendering (child) request","meta":{"rootId":"x4ivsdazm4cbg8j","id":"vhfi95aos0nnevc"},"id":"we2309dlqnehchu","previousOperationId":"gihj5guz76kemnk"}
{"type":"log","timestamp":1676055234410,"level":"info","message":"Rendering template { name: authors-header, recipe: chrome-pdf, engine: handlebars, preview: false }","meta":{"rootId":"x4ivsdazm4cbg8j","id":"vhfi95aos0nnevc"},"id":"gk46pppfo394gys","previousOperationId":"gihj5guz76kemnk"}
{"type":"log","timestamp":1676055234411,"level":"debug","message":"Inline data specified.","meta":{"rootId":"x4ivsdazm4cbg8j","id":"vhfi95aos0nnevc"},"id":"ipep4sqyabu6udh","previousOperationId":"gihj5guz76kemnk"}
{"type":"log","timestamp":1676055234414,"level":"debug","message":"Base url not specified, skipping its injection.","meta":{"rootId":"x4ivsdazm4cbg8j","id":"vhfi95aos0nnevc"},"id":"x02nqho65ivix93","previousOperationId":"gihj5guz76kemnk"}
{"type":"operationStart","subtype":"engine","name":"handlebars","timestamp":1676055234415,"id":"brosl60ktajjoj6","previousEventId":"ev1csbjemqie7kr","operationId":"18olrcs2nxnidhu","previousOperationId":"gihj5guz76kemnk"}
{"type":"log","timestamp":1676055234415,"level":"debug","message":"Rendering engine handlebars","meta":{"rootId":"x4ivsdazm4cbg8j","id":"vhfi95aos0nnevc"},"id":"lzmy3pgwlt86k2o","previousOperationId":"18olrcs2nxnidhu"}
{"type":"operationEnd","operationId":"18olrcs2nxnidhu","timestamp":1676055234435,"id":"pzryf0j1w8t6h1w","previousEventId":"brosl60ktajjoj6","previousOperationId":"18olrcs2nxnidhu"}
{"type":"operationStart","subtype":"recipe","name":"chrome-pdf","timestamp":1676055234436,"id":"kingfcvzvo84pd7","previousEventId":"pzryf0j1w8t6h1w","operationId":"nk140dafb04y17i","previousOperationId":"18olrcs2nxnidhu"}
{"type":"log","timestamp":1676055234436,"level":"debug","message":"Executing recipe chrome-pdf","meta":{"rootId":"x4ivsdazm4cbg8j","id":"vhfi95aos0nnevc"},"id":"5mu6x3q2dmlkvom","previousOperationId":"nk140dafb04y17i"}
{"type":"log","timestamp":1676055234441,"level":"debug","message":"Converting with chrome HeadlessChrome/105.0.5173.0 using chrome-pool strategy","meta":{"rootId":"x4ivsdazm4cbg8j","id":"vhfi95aos0nnevc"},"id":"is2zq1gdztngj1k","previousOperationId":"nk140dafb04y17i"}
{"type":"log","timestamp":1676055234549,"level":"debug","message":"Page request: GET (document) file:///C:/Users/pollo/AppData/Local/Temp/jsreport/autocleanup/d82f871c-47af-42a9-af2f-1cd4cb880986-chrome-pdf.html","meta":{"rootId":"x4ivsdazm4cbg8j","id":"vhfi95aos0nnevc"},"id":"qdpia6fdyfr7ppq","previousOperationId":"nk140dafb04y17i"}
{"type":"log","timestamp":1676055234561,"level":"debug","message":"Page request finished: GET (document) 200 file:///C:/Users/pollo/AppData/Local/Temp/jsreport/autocleanup/d82f871c-47af-42a9-af2f-1cd4cb880986-chrome-pdf.html","meta":{"rootId":"x4ivsdazm4cbg8j","id":"vhfi95aos0nnevc"},"id":"utk2kntzrl4divk","previousOperationId":"nk140dafb04y17i"}
{"type":"log","timestamp":1676055234561,"level":"debug","message":"Page request: GET (stylesheet) https://cdnjs.cloudflare.com/ajax/libs/metro/4.1.5/css/metro.min.css","meta":{"rootId":"x4ivsdazm4cbg8j","id":"vhfi95aos0nnevc"},"id":"rvz5z9w06esq6i5","previousOperationId":"nk140dafb04y17i"}
{"type":"log","timestamp":1676055234581,"level":"debug","message":"Page request finished: GET (stylesheet) 200 https://cdnjs.cloudflare.com/ajax/libs/metro/4.1.5/css/metro.min.css","meta":{"rootId":"x4ivsdazm4cbg8j","id":"vhfi95aos0nnevc"},"id":"r13rbbjaphin08l","previousOperationId":"nk140dafb04y17i"}
{"type":"log","timestamp":1676055234603,"level":"debug","message":"Running chrome with params {\"printBackground\":true,\"marginTop\":\"1.5cm\",\"marginRight\":\"1.5cm\",\"marginLeft\":\"1.cm\",\"timeout\":59296,\"margin\":{\"top\":\"1.5cm\",\"right\":\"1.5cm\",\"left\":\"1.cm\"}}","meta":{"rootId":"x4ivsdazm4cbg8j","id":"vhfi95aos0nnevc"},"id":"5n95ogr1tac49y3","previousOperationId":"nk140dafb04y17i"}
{"type":"operationEnd","operationId":"nk140dafb04y17i","timestamp":1676055234661,"id":"n639ip4onxqq7sx","previousEventId":"kingfcvzvo84pd7","previousOperationId":"nk140dafb04y17i"}
{"type":"log","timestamp":1676055234661,"level":"debug","message":"Skipping storing report.","meta":{"rootId":"x4ivsdazm4cbg8j","id":"vhfi95aos0nnevc"},"id":"pyeej5x3rrzfsiu","previousOperationId":"nk140dafb04y17i"}
{"type":"log","timestamp":1676055234662,"level":"info","message":"Rendering (child) request finished in 926 ms","meta":{"rootId":"x4ivsdazm4cbg8j","id":"vhfi95aos0nnevc"},"id":"t47f4d2qo6kncmf","previousOperationId":"nk140dafb04y17i"}
{"type":"operationEnd","subtype":"render","operationId":"gihj5guz76kemnk","timestamp":1676055234662,"id":"zigoy062fbhec9h","previousEventId":"n639ip4onxqq7sx","previousOperationId":"nk140dafb04y17i"}
{"type":"operationEnd","operationId":"jrliafyq6o1u1hr","timestamp":1676055234673,"id":"1ujbcdc44xw8wvl","previousEventId":"b03kwpvthz9pqc1","previousOperationId":"jrliafyq6o1u1hr"}
{"type":"log","timestamp":1676055234673,"level":"debug","message":"pdf-utils postproces start","meta":{"rootId":"x4ivsdazm4cbg8j","id":"x4ivsdazm4cbg8j"},"id":"usespuvgyerwiyh","previousOperationId":"jrliafyq6o1u1hr"}
{"type":"log","timestamp":1676055234682,"level":"debug","message":"pdf-utils postproces end","meta":{"rootId":"x4ivsdazm4cbg8j","id":"x4ivsdazm4cbg8j"},"id":"gtmww1jxqmkq40c","previousOperationId":"jrliafyq6o1u1hr"}
{"type":"operationEnd","operationId":"gr4f49944uhutzn","timestamp":1676055234682,"id":"xgi5m79lq5tkykv","previousEventId":"1ujbcdc44xw8wvl","previousOperationId":"jrliafyq6o1u1hr"}
{"type":"log","timestamp":1676055234682,"level":"info","message":"pdf-utils pdf processing was finished","meta":{"rootId":"x4ivsdazm4cbg8j","id":"x4ivsdazm4cbg8j"},"id":"vna3nw9eut0h6v9","previousOperationId":"gr4f49944uhutzn"}
{"type":"log","timestamp":1676055234682,"level":"debug","message":"Skipping storing report.","meta":{"rootId":"x4ivsdazm4cbg8j","id":"x4ivsdazm4cbg8j"},"id":"j27sqr11ba0fd57","previousOperationId":"gr4f49944uhutzn"}
{"type":"log","timestamp":1676055234682,"level":"info","message":"Rendering request 6 finished in 946 ms","meta":{"rootId":"x4ivsdazm4cbg8j","id":"x4ivsdazm4cbg8j"},"id":"mvy4grbnz3y11zv","previousOperationId":"gr4f49944uhutzn"}
{"type":"operationEnd","subtype":"render","operationId":"c4z4a4kacqg4ak1","timestamp":1676055234682,"id":"2tzk63klzmawixt","previousEventId":"xgi5m79lq5tkykv","previousOperationId":"gr4f49944uhutzn"}
{"type":"operationEnd","doDiffs":false,"previousEventId":"eri9jydu7yxq4q3","previousOperationId":"vxw2kjj7jhvjjf7","operationId":"vxw2kjj7jhvjjf7","timestamp":1676055234687,"id":"yyoq1eng1ugkrxv"}
