{"type":"operationStart","subtype":"profile","data":{"_id":"MyOwxiWhMlK89t8r","timestamp":"2023-02-22T11:17:33.781Z","state":"queued","mode":"standard","creationDate":"2023-02-22T11:17:33.783Z","modificationDate":"2023-02-22T11:17:33.783Z","shortid":"kUStLxe","$entitySet":"profiles"},"doDiffs":false,"timestamp":1677064653782,"id":"gqnroy1yjssdidv","previousOperationId":null,"operationId":"wzhqs1sr6z9an1c"}
{"type":"log","level":"info","message":"Render request 6 queued for execution and waiting for available worker","previousOperationId":"wzhqs1sr6z9an1c","timestamp":1677064653782,"id":"k0l1upxoinnhows"}
{"type":"operationStart","subtype":"render","name":"events-main","previousOperationId":"wzhqs1sr6z9an1c","timestamp":1677064653791,"id":"rjfb41ptlfu3lki","previousEventId":"gqnroy1yjssdidv","operationId":"se4swb7awc5i0ll"}
{"type":"log","timestamp":1677064653792,"level":"info","message":"Starting rendering request 6","meta":{"rootId":"58t2iwn6mt2sqet","id":"58t2iwn6mt2sqet"},"id":"x02nbzrca9mbnez","previousOperationId":"se4swb7awc5i0ll"}
{"type":"log","timestamp":1677064653792,"level":"info","message":"Rendering template { name: events-main, recipe: chrome-pdf, engine: handlebars, preview: true }","meta":{"rootId":"58t2iwn6mt2sqet","id":"58t2iwn6mt2sqet"},"id":"8rbi2fgulbexw54","previousOperationId":"se4swb7awc5i0ll"}
{"type":"log","timestamp":1677064653792,"level":"debug","message":"Data item not defined for this template.","meta":{"rootId":"58t2iwn6mt2sqet","id":"58t2iwn6mt2sqet"},"id":"1c5s7otpk16ohf1","previousOperationId":"se4swb7awc5i0ll"}
{"type":"log","timestamp":1677064653794,"level":"debug","message":"Executing script events-script (beforeRender)","meta":{"rootId":"58t2iwn6mt2sqet","id":"58t2iwn6mt2sqet"},"id":"erimfegkxr6lie7","previousOperationId":"se4swb7awc5i0ll"}
{"type":"operationStart","subtype":"scriptsBeforeRender","name":"scripts beforeRender","timestamp":1677064653828,"id":"y4btjkaxloy88zt","previousEventId":"rjfb41ptlfu3lki","operationId":"j9yx8q3y95ecod1","previousOperationId":"se4swb7awc5i0ll"}
{"type":"operationStart","subtype":"script","name":"scripts events-script","previousOperationId":"j9yx8q3y95ecod1","timestamp":1677064653828,"id":"v4kh2vku8vyohpk","previousEventId":"y4btjkaxloy88zt","operationId":"jzrmhlh2jfpowuy"}
{"type":"operationEnd","operationId":"jzrmhlh2jfpowuy","timestamp":1677064654105,"id":"4lve1camiu5494h","previousEventId":"rjfb41ptlfu3lki","previousOperationId":"se4swb7awc5i0ll"}
{"type":"operationEnd","operationId":"j9yx8q3y95ecod1","timestamp":1677064654105,"id":"73yg831btjkh43s","previousEventId":"4lve1camiu5494h","previousOperationId":"se4swb7awc5i0ll"}
{"type":"log","timestamp":1677064654105,"level":"debug","message":"Base url not specified, skipping its injection.","meta":{"rootId":"58t2iwn6mt2sqet","id":"58t2iwn6mt2sqet"},"id":"xl1urpa1u8qaywk","previousOperationId":"j9yx8q3y95ecod1"}
{"type":"operationStart","subtype":"engine","name":"handlebars","timestamp":1677064654106,"id":"8syy1m2frrpoack","previousEventId":"73yg831btjkh43s","operationId":"j4765cuebw9l3z4","previousOperationId":"j9yx8q3y95ecod1"}
{"type":"log","timestamp":1677064654106,"level":"debug","message":"Rendering engine handlebars","meta":{"rootId":"58t2iwn6mt2sqet","id":"58t2iwn6mt2sqet"},"id":"4149cubula8jq33","previousOperationId":"j4765cuebw9l3z4"}
{"type":"operationEnd","operationId":"j4765cuebw9l3z4","timestamp":1677064654114,"id":"v1btpdbn9pc0fc0","previousEventId":"8syy1m2frrpoack","previousOperationId":"j4765cuebw9l3z4"}
{"type":"operationStart","subtype":"recipe","name":"chrome-pdf","timestamp":1677064654114,"id":"exah4pg4gesq6fq","previousEventId":"v1btpdbn9pc0fc0","operationId":"5afer1b8wevb1ge","previousOperationId":"j4765cuebw9l3z4"}
{"type":"log","timestamp":1677064654114,"level":"debug","message":"Executing recipe chrome-pdf","meta":{"rootId":"58t2iwn6mt2sqet","id":"58t2iwn6mt2sqet"},"id":"30kknigz3t29j49","previousOperationId":"5afer1b8wevb1ge"}
{"type":"log","timestamp":1677064654117,"level":"debug","message":"Converting with chrome HeadlessChrome/105.0.5173.0 using chrome-pool strategy","meta":{"rootId":"58t2iwn6mt2sqet","id":"58t2iwn6mt2sqet"},"id":"4rqvnl6xa95xjvp","previousOperationId":"5afer1b8wevb1ge"}
{"type":"log","timestamp":1677064654227,"level":"debug","message":"Page request: GET (document) file:///C:/Users/pollo/AppData/Local/Temp/jsreport/autocleanup/f4b15c3e-da1e-4564-9e0c-655080667b12-chrome-pdf.html","meta":{"rootId":"58t2iwn6mt2sqet","id":"58t2iwn6mt2sqet"},"id":"oin08t9cu9ksp8a","previousOperationId":"5afer1b8wevb1ge"}
{"type":"log","timestamp":1677064654241,"level":"debug","message":"Page request finished: GET (document) 200 file:///C:/Users/pollo/AppData/Local/Temp/jsreport/autocleanup/f4b15c3e-da1e-4564-9e0c-655080667b12-chrome-pdf.html","meta":{"rootId":"58t2iwn6mt2sqet","id":"58t2iwn6mt2sqet"},"id":"z4lc5jcgyz74b6y","previousOperationId":"5afer1b8wevb1ge"}
{"type":"log","timestamp":1677064654241,"level":"debug","message":"Page request: GET (stylesheet) https://cdnjs.cloudflare.com/ajax/libs/metro/4.1.5/css/metro.min.css","meta":{"rootId":"58t2iwn6mt2sqet","id":"58t2iwn6mt2sqet"},"id":"75i4c68n994l70a","previousOperationId":"5afer1b8wevb1ge"}
{"type":"log","timestamp":1677064654242,"level":"debug","message":"Page request: GET (script) https://cdn.jsdelivr.net/npm/chart.js","meta":{"rootId":"58t2iwn6mt2sqet","id":"58t2iwn6mt2sqet"},"id":"vj2468pplbkxzr2","previousOperationId":"5afer1b8wevb1ge"}
{"type":"log","timestamp":1677064654249,"level":"debug","message":"Page request finished: GET (script) 200 https://cdn.jsdelivr.net/npm/chart.js","meta":{"rootId":"58t2iwn6mt2sqet","id":"58t2iwn6mt2sqet"},"id":"cy3ek9cbf2hdqrj","previousOperationId":"5afer1b8wevb1ge"}
{"type":"log","timestamp":1677064654264,"level":"debug","message":"Page request finished: GET (stylesheet) 200 https://cdnjs.cloudflare.com/ajax/libs/metro/4.1.5/css/metro.min.css","meta":{"rootId":"58t2iwn6mt2sqet","id":"58t2iwn6mt2sqet"},"id":"0oc6d3jr6mjv01z","previousOperationId":"5afer1b8wevb1ge"}
{"type":"log","timestamp":1677064654269,"level":"warn","message":"Page error: SyntaxError: Unexpected token ','","meta":{"rootId":"58t2iwn6mt2sqet","id":"58t2iwn6mt2sqet"},"id":"upl1jke70t6lgqo","previousOperationId":"5afer1b8wevb1ge"}
{"type":"log","timestamp":1677064654298,"level":"debug","message":"Running chrome with params {\"printBackground\":true,\"marginTop\":\"4cm\",\"marginRight\":\"1.5cm\",\"marginBottom\":\"1.5cm\",\"marginLeft\":\"1.5cm\",\"waitForJS\":false,\"timeout\":59665,\"margin\":{\"top\":\"4cm\",\"right\":\"1.5cm\",\"bottom\":\"1.5cm\",\"left\":\"1.5cm\"}}","meta":{"rootId":"58t2iwn6mt2sqet","id":"58t2iwn6mt2sqet"},"id":"xpzk85r5470kk5r","previousOperationId":"5afer1b8wevb1ge"}
{"type":"operationEnd","operationId":"5afer1b8wevb1ge","timestamp":1677064654371,"id":"j39f3px8cmmecra","previousEventId":"exah4pg4gesq6fq","previousOperationId":"5afer1b8wevb1ge"}
{"type":"log","timestamp":1677064654371,"level":"info","message":"pdf-utils is starting pdf processing","meta":{"rootId":"58t2iwn6mt2sqet","id":"58t2iwn6mt2sqet"},"id":"014hsmowo6r97bn","previousOperationId":"5afer1b8wevb1ge"}
{"type":"operationStart","subtype":"pdfUtils","name":"pdf utils","timestamp":1677064654371,"id":"85xy8qnnkp75whl","previousEventId":"j39f3px8cmmecra","operationId":"6cbl7e9aw6qlc7o","previousOperationId":"5afer1b8wevb1ge"}
{"type":"log","timestamp":1677064654371,"level":"debug","message":"pdf-utils detected 1 pdf operation(s) to process","meta":{"rootId":"58t2iwn6mt2sqet","id":"58t2iwn6mt2sqet"},"id":"4vg6ffxa0f457y8","previousOperationId":"6cbl7e9aw6qlc7o"}
{"type":"log","timestamp":1677064654398,"level":"debug","message":"pdf-utils running pdf operation merge","meta":{"rootId":"58t2iwn6mt2sqet","id":"58t2iwn6mt2sqet"},"id":"t74x3ukylurxdre","previousOperationId":"6cbl7e9aw6qlc7o"}
{"type":"operationStart","subtype":"pdfUtilsMerge","name":"pdf utils merge","previousOperationId":"6cbl7e9aw6qlc7o","timestamp":1677064654398,"id":"gh538t1y3ovkrrt","previousEventId":"85xy8qnnkp75whl","operationId":"8d70co3ljph7mzv"}
{"type":"operationStart","subtype":"render","name":"events-header","previousOperationId":"8d70co3ljph7mzv","timestamp":1677064654399,"id":"iln4nsth7bw7fuw","previousEventId":"gh538t1y3ovkrrt","operationId":"gr7ledxud5aa9xm"}
{"type":"log","timestamp":1677064654399,"level":"info","message":"Starting rendering (child) request","meta":{"rootId":"58t2iwn6mt2sqet","id":"sx6ua5vol0fha10"},"id":"i041i2lby8sztu3","previousOperationId":"gr7ledxud5aa9xm"}
{"type":"log","timestamp":1677064654399,"level":"info","message":"Rendering template { name: events-header, recipe: chrome-pdf, engine: handlebars, preview: true }","meta":{"rootId":"58t2iwn6mt2sqet","id":"sx6ua5vol0fha10"},"id":"p3akplazel7ojh4","previousOperationId":"gr7ledxud5aa9xm"}
{"type":"log","timestamp":1677064654399,"level":"debug","message":"Inline data specified.","meta":{"rootId":"58t2iwn6mt2sqet","id":"sx6ua5vol0fha10"},"id":"qenxhgnt3botfqu","previousOperationId":"gr7ledxud5aa9xm"}
{"type":"log","timestamp":1677064654401,"level":"debug","message":"Base url not specified, skipping its injection.","meta":{"rootId":"58t2iwn6mt2sqet","id":"sx6ua5vol0fha10"},"id":"lq658ujasacov5m","previousOperationId":"gr7ledxud5aa9xm"}
{"type":"operationStart","subtype":"engine","name":"handlebars","timestamp":1677064654401,"id":"xcntb1bps1e79zc","previousEventId":"iln4nsth7bw7fuw","operationId":"4dz8obcvsoank4f","previousOperationId":"gr7ledxud5aa9xm"}
{"type":"log","timestamp":1677064654401,"level":"debug","message":"Rendering engine handlebars","meta":{"rootId":"58t2iwn6mt2sqet","id":"sx6ua5vol0fha10"},"id":"4v61jhuvqyelgbf","previousOperationId":"4dz8obcvsoank4f"}
{"type":"operationEnd","operationId":"4dz8obcvsoank4f","timestamp":1677064654421,"id":"19jcrytt7iorrt6","previousEventId":"xcntb1bps1e79zc","previousOperationId":"4dz8obcvsoank4f"}
{"type":"operationStart","subtype":"recipe","name":"chrome-pdf","timestamp":1677064654422,"id":"mde4dq7mvh9w12v","previousEventId":"19jcrytt7iorrt6","operationId":"ua2s1w5nka397rk","previousOperationId":"4dz8obcvsoank4f"}
{"type":"log","timestamp":1677064654422,"level":"debug","message":"Executing recipe chrome-pdf","meta":{"rootId":"58t2iwn6mt2sqet","id":"sx6ua5vol0fha10"},"id":"2yljsetnu75wkhy","previousOperationId":"ua2s1w5nka397rk"}
{"type":"log","timestamp":1677064654424,"level":"debug","message":"Converting with chrome HeadlessChrome/105.0.5173.0 using chrome-pool strategy","meta":{"rootId":"58t2iwn6mt2sqet","id":"sx6ua5vol0fha10"},"id":"v5nn724duvnmqx0","previousOperationId":"ua2s1w5nka397rk"}
{"type":"log","timestamp":1677064654532,"level":"debug","message":"Page request: GET (document) file:///C:/Users/pollo/AppData/Local/Temp/jsreport/autocleanup/0b0c5bf4-975f-49c5-9b51-277281381e03-chrome-pdf.html","meta":{"rootId":"58t2iwn6mt2sqet","id":"sx6ua5vol0fha10"},"id":"c8gq9wl1y9vzu7p","previousOperationId":"ua2s1w5nka397rk"}
{"type":"log","timestamp":1677064654545,"level":"debug","message":"Page request finished: GET (document) 200 file:///C:/Users/pollo/AppData/Local/Temp/jsreport/autocleanup/0b0c5bf4-975f-49c5-9b51-277281381e03-chrome-pdf.html","meta":{"rootId":"58t2iwn6mt2sqet","id":"sx6ua5vol0fha10"},"id":"z8a5yy23dxub894","previousOperationId":"ua2s1w5nka397rk"}
{"type":"log","timestamp":1677064654545,"level":"debug","message":"Page request: GET (stylesheet) https://cdnjs.cloudflare.com/ajax/libs/metro/4.1.5/css/metro.min.css","meta":{"rootId":"58t2iwn6mt2sqet","id":"sx6ua5vol0fha10"},"id":"lxlna9yijfr1xqb","previousOperationId":"ua2s1w5nka397rk"}
{"type":"log","timestamp":1677064654566,"level":"debug","message":"Page request finished: GET (stylesheet) 200 https://cdnjs.cloudflare.com/ajax/libs/metro/4.1.5/css/metro.min.css","meta":{"rootId":"58t2iwn6mt2sqet","id":"sx6ua5vol0fha10"},"id":"0ii3uhkzxa5iqcj","previousOperationId":"ua2s1w5nka397rk"}
{"type":"log","timestamp":1677064654589,"level":"debug","message":"Running chrome with params {\"printBackground\":true,\"marginTop\":\"1.5cm\",\"marginRight\":\"1.5cm\",\"marginLeft\":\"1.cm\",\"timeout\":59358,\"margin\":{\"top\":\"1.5cm\",\"right\":\"1.5cm\",\"left\":\"1.cm\"}}","meta":{"rootId":"58t2iwn6mt2sqet","id":"sx6ua5vol0fha10"},"id":"o505bpqudhs9bmg","previousOperationId":"ua2s1w5nka397rk"}
{"type":"operationEnd","operationId":"ua2s1w5nka397rk","timestamp":1677064654646,"id":"cj4joc31gyz3jdu","previousEventId":"mde4dq7mvh9w12v","previousOperationId":"ua2s1w5nka397rk"}
{"type":"log","timestamp":1677064654646,"level":"debug","message":"Skipping storing report.","meta":{"rootId":"58t2iwn6mt2sqet","id":"sx6ua5vol0fha10"},"id":"6kqny5wrwvzetkb","previousOperationId":"ua2s1w5nka397rk"}
{"type":"log","timestamp":1677064654647,"level":"info","message":"Rendering (child) request finished in 866 ms","meta":{"rootId":"58t2iwn6mt2sqet","id":"sx6ua5vol0fha10"},"id":"whfxjdo3e129cmu","previousOperationId":"ua2s1w5nka397rk"}
{"type":"operationEnd","subtype":"render","operationId":"gr7ledxud5aa9xm","timestamp":1677064654647,"id":"7zvuken7g7jdset","previousEventId":"cj4joc31gyz3jdu","previousOperationId":"ua2s1w5nka397rk"}
{"type":"operationEnd","operationId":"8d70co3ljph7mzv","timestamp":1677064654654,"id":"fy076m4ryl5nm9w","previousEventId":"gh538t1y3ovkrrt","previousOperationId":"8d70co3ljph7mzv"}
{"type":"log","timestamp":1677064654654,"level":"debug","message":"pdf-utils postproces start","meta":{"rootId":"58t2iwn6mt2sqet","id":"58t2iwn6mt2sqet"},"id":"bdr65a3gdpdj1gs","previousOperationId":"8d70co3ljph7mzv"}
{"type":"log","timestamp":1677064654660,"level":"debug","message":"pdf-utils postproces end","meta":{"rootId":"58t2iwn6mt2sqet","id":"58t2iwn6mt2sqet"},"id":"pfzdnbkyti7qgjl","previousOperationId":"8d70co3ljph7mzv"}
{"type":"operationEnd","operationId":"6cbl7e9aw6qlc7o","timestamp":1677064654660,"id":"z9dbt9s0hgn95qi","previousEventId":"fy076m4ryl5nm9w","previousOperationId":"8d70co3ljph7mzv"}
{"type":"log","timestamp":1677064654660,"level":"info","message":"pdf-utils pdf processing was finished","meta":{"rootId":"58t2iwn6mt2sqet","id":"58t2iwn6mt2sqet"},"id":"2uuyzdix5z549l2","previousOperationId":"6cbl7e9aw6qlc7o"}
{"type":"log","timestamp":1677064654660,"level":"debug","message":"Skipping storing report.","meta":{"rootId":"58t2iwn6mt2sqet","id":"58t2iwn6mt2sqet"},"id":"ccbh8r81d29p1m7","previousOperationId":"6cbl7e9aw6qlc7o"}
{"type":"log","timestamp":1677064654660,"level":"info","message":"Rendering request 6 finished in 879 ms","meta":{"rootId":"58t2iwn6mt2sqet","id":"58t2iwn6mt2sqet"},"id":"nby4f48srvfzwqi","previousOperationId":"6cbl7e9aw6qlc7o"}
{"type":"operationEnd","subtype":"render","operationId":"se4swb7awc5i0ll","timestamp":1677064654660,"id":"gzqozojss02e4d3","previousEventId":"z9dbt9s0hgn95qi","previousOperationId":"6cbl7e9aw6qlc7o"}
{"type":"operationEnd","doDiffs":false,"previousEventId":"gqnroy1yjssdidv","previousOperationId":"wzhqs1sr6z9an1c","operationId":"wzhqs1sr6z9an1c","timestamp":1677064654667,"id":"jmrkkgb9rclmlzl"}
