{"type":"operationStart","subtype":"profile","data":{"_id":"LAdo8mYl1s2dO2ob","timestamp":"2023-02-24T16:53:24.276Z","state":"queued","mode":"standard","creationDate":"2023-02-24T16:53:24.277Z","modificationDate":"2023-02-24T16:53:24.277Z","shortid":"TXuclWQ","$entitySet":"profiles"},"doDiffs":false,"timestamp":1677257604277,"id":"8cib3f7rg1ds6bb","previousOperationId":null,"operationId":"cyxtdidi0ugxq4u"}
{"type":"log","level":"info","message":"Render request 3 queued for execution and waiting for available worker","previousOperationId":"cyxtdidi0ugxq4u","timestamp":1677257604277,"id":"hrezbi5pmkvn4be"}
{"type":"operationStart","subtype":"render","name":"events-main","previousOperationId":"cyxtdidi0ugxq4u","timestamp":1677257604284,"id":"vwus2p148hbaf7z","previousEventId":"8cib3f7rg1ds6bb","operationId":"13t83jmc6fj54jz"}
{"type":"log","timestamp":1677257604284,"level":"info","message":"Starting rendering request 3","meta":{"rootId":"addyvdcca7aa3qy","id":"addyvdcca7aa3qy"},"id":"tlf2avdi3fvl0r4","previousOperationId":"13t83jmc6fj54jz"}
{"type":"log","timestamp":1677257604285,"level":"info","message":"Rendering template { name: events-main, recipe: chrome-pdf, engine: handlebars, preview: false }","meta":{"rootId":"addyvdcca7aa3qy","id":"addyvdcca7aa3qy"},"id":"2ezm5eu50iw8z8d","previousOperationId":"13t83jmc6fj54jz"}
{"type":"log","timestamp":1677257604285,"level":"debug","message":"Data item not defined for this template.","meta":{"rootId":"addyvdcca7aa3qy","id":"addyvdcca7aa3qy"},"id":"f6cchgvs9ocsvv2","previousOperationId":"13t83jmc6fj54jz"}
{"type":"log","timestamp":1677257604290,"level":"debug","message":"Executing script events-script (beforeRender)","meta":{"rootId":"addyvdcca7aa3qy","id":"addyvdcca7aa3qy"},"id":"msgfl9eed37e4xf","previousOperationId":"13t83jmc6fj54jz"}
{"type":"operationStart","subtype":"scriptsBeforeRender","name":"scripts beforeRender","timestamp":1677257604316,"id":"550jys4jg39g7kd","previousEventId":"vwus2p148hbaf7z","operationId":"mgei7eyawuzvrol","previousOperationId":"13t83jmc6fj54jz"}
{"type":"operationStart","subtype":"script","name":"scripts events-script","previousOperationId":"mgei7eyawuzvrol","timestamp":1677257604316,"id":"zfuqxrule5re2cz","previousEventId":"550jys4jg39g7kd","operationId":"uczyxeg8zaa8735"}
{"type":"operationEnd","operationId":"uczyxeg8zaa8735","timestamp":1677257604504,"id":"gvizmglu3yzo73n","previousEventId":"vwus2p148hbaf7z","previousOperationId":"13t83jmc6fj54jz"}
{"type":"operationEnd","operationId":"mgei7eyawuzvrol","timestamp":1677257604504,"id":"yc5snz4phv7qupy","previousEventId":"gvizmglu3yzo73n","previousOperationId":"13t83jmc6fj54jz"}
{"type":"log","timestamp":1677257604504,"level":"debug","message":"Base url not specified, skipping its injection.","meta":{"rootId":"addyvdcca7aa3qy","id":"addyvdcca7aa3qy"},"id":"bijucpsrcmhvl82","previousOperationId":"mgei7eyawuzvrol"}
{"type":"operationStart","subtype":"engine","name":"handlebars","timestamp":1677257604504,"id":"366u9begrmkwebc","previousEventId":"yc5snz4phv7qupy","operationId":"e0xeab2ly9fcq2h","previousOperationId":"mgei7eyawuzvrol"}
{"type":"log","timestamp":1677257604504,"level":"debug","message":"Rendering engine handlebars","meta":{"rootId":"addyvdcca7aa3qy","id":"addyvdcca7aa3qy"},"id":"ts7x1915lkv3mv3","previousOperationId":"e0xeab2ly9fcq2h"}
{"type":"operationEnd","operationId":"e0xeab2ly9fcq2h","timestamp":1677257604514,"id":"s1mes8pg29p0q4q","previousEventId":"366u9begrmkwebc","previousOperationId":"e0xeab2ly9fcq2h"}
{"type":"operationStart","subtype":"recipe","name":"chrome-pdf","timestamp":1677257604514,"id":"xxi6dfr4nl59g6o","previousEventId":"s1mes8pg29p0q4q","operationId":"b3r2c8e4ptfnk2y","previousOperationId":"e0xeab2ly9fcq2h"}
{"type":"log","timestamp":1677257604514,"level":"debug","message":"Executing recipe chrome-pdf","meta":{"rootId":"addyvdcca7aa3qy","id":"addyvdcca7aa3qy"},"id":"enls5otptaawh0z","previousOperationId":"b3r2c8e4ptfnk2y"}
{"type":"log","timestamp":1677257604517,"level":"debug","message":"Converting with chrome HeadlessChrome/105.0.5173.0 using chrome-pool strategy","meta":{"rootId":"addyvdcca7aa3qy","id":"addyvdcca7aa3qy"},"id":"rahb74irnj72f59","previousOperationId":"b3r2c8e4ptfnk2y"}
{"type":"log","timestamp":1677257604605,"level":"debug","message":"Page request: GET (document) file:///C:/Users/pollo/AppData/Local/Temp/jsreport/autocleanup/7e3fe3ee-099c-461b-acd5-378388d4ab39-chrome-pdf.html","meta":{"rootId":"addyvdcca7aa3qy","id":"addyvdcca7aa3qy"},"id":"r73kxj9so0tirev","previousOperationId":"b3r2c8e4ptfnk2y"}
{"type":"log","timestamp":1677257604622,"level":"debug","message":"Page request finished: GET (document) 200 file:///C:/Users/pollo/AppData/Local/Temp/jsreport/autocleanup/7e3fe3ee-099c-461b-acd5-378388d4ab39-chrome-pdf.html","meta":{"rootId":"addyvdcca7aa3qy","id":"addyvdcca7aa3qy"},"id":"w5ou2ze9wadjskw","previousOperationId":"b3r2c8e4ptfnk2y"}
{"type":"log","timestamp":1677257604622,"level":"debug","message":"Page request: GET (stylesheet) https://cdnjs.cloudflare.com/ajax/libs/metro/4.1.5/css/metro.min.css","meta":{"rootId":"addyvdcca7aa3qy","id":"addyvdcca7aa3qy"},"id":"5kq4qzhqqgn58qb","previousOperationId":"b3r2c8e4ptfnk2y"}
{"type":"log","timestamp":1677257604623,"level":"debug","message":"Page request: GET (script) https://cdn.jsdelivr.net/npm/chart.js","meta":{"rootId":"addyvdcca7aa3qy","id":"addyvdcca7aa3qy"},"id":"l6txwfunurqyqot","previousOperationId":"b3r2c8e4ptfnk2y"}
{"type":"log","timestamp":1677257604654,"level":"debug","message":"Page request finished: GET (stylesheet) 200 https://cdnjs.cloudflare.com/ajax/libs/metro/4.1.5/css/metro.min.css","meta":{"rootId":"addyvdcca7aa3qy","id":"addyvdcca7aa3qy"},"id":"xaiv8sj9pu0050e","previousOperationId":"b3r2c8e4ptfnk2y"}
{"type":"log","timestamp":1677257604654,"level":"debug","message":"Page request finished: GET (script) 200 https://cdn.jsdelivr.net/npm/chart.js","meta":{"rootId":"addyvdcca7aa3qy","id":"addyvdcca7aa3qy"},"id":"yiayj9ynlgnplop","previousOperationId":"b3r2c8e4ptfnk2y"}
{"type":"log","timestamp":1677257604750,"level":"debug","message":"Running chrome with params {\"printBackground\":true,\"marginTop\":\"4cm\",\"marginRight\":\"1.5cm\",\"marginBottom\":\"1.5cm\",\"marginLeft\":\"1.5cm\",\"waitForJS\":false,\"timeout\":59759,\"margin\":{\"top\":\"4cm\",\"right\":\"1.5cm\",\"bottom\":\"1.5cm\",\"left\":\"1.5cm\"}}","meta":{"rootId":"addyvdcca7aa3qy","id":"addyvdcca7aa3qy"},"id":"50rdrdz3abdfnhm","previousOperationId":"b3r2c8e4ptfnk2y"}
{"type":"operationEnd","operationId":"b3r2c8e4ptfnk2y","timestamp":1677257604830,"id":"i2a9ltggg4osc1i","previousEventId":"xxi6dfr4nl59g6o","previousOperationId":"b3r2c8e4ptfnk2y"}
{"type":"log","timestamp":1677257604830,"level":"info","message":"pdf-utils is starting pdf processing","meta":{"rootId":"addyvdcca7aa3qy","id":"addyvdcca7aa3qy"},"id":"qchylirdlnx4gcx","previousOperationId":"b3r2c8e4ptfnk2y"}
{"type":"operationStart","subtype":"pdfUtils","name":"pdf utils","timestamp":1677257604830,"id":"1caw460k1yiuf42","previousEventId":"i2a9ltggg4osc1i","operationId":"sn6xv5mvthek4lv","previousOperationId":"b3r2c8e4ptfnk2y"}
{"type":"log","timestamp":1677257604830,"level":"debug","message":"pdf-utils detected 1 pdf operation(s) to process","meta":{"rootId":"addyvdcca7aa3qy","id":"addyvdcca7aa3qy"},"id":"2bgb9xjfq2qv9ko","previousOperationId":"sn6xv5mvthek4lv"}
{"type":"log","timestamp":1677257604856,"level":"debug","message":"pdf-utils running pdf operation merge","meta":{"rootId":"addyvdcca7aa3qy","id":"addyvdcca7aa3qy"},"id":"b8h281nens82rlu","previousOperationId":"sn6xv5mvthek4lv"}
{"type":"operationStart","subtype":"pdfUtilsMerge","name":"pdf utils merge","previousOperationId":"sn6xv5mvthek4lv","timestamp":1677257604856,"id":"9a3lwda9sko6n2h","previousEventId":"1caw460k1yiuf42","operationId":"hc63hufyn4v5njd"}
{"type":"operationStart","subtype":"render","name":"events-header","previousOperationId":"hc63hufyn4v5njd","timestamp":1677257604857,"id":"r8iqe9ywqg1e455","previousEventId":"9a3lwda9sko6n2h","operationId":"rigbyz1hoyeahp2"}
{"type":"log","timestamp":1677257604857,"level":"info","message":"Starting rendering (child) request","meta":{"rootId":"addyvdcca7aa3qy","id":"1wof1lh0m0h4eav"},"id":"gt4mqbok90ordbf","previousOperationId":"rigbyz1hoyeahp2"}
{"type":"log","timestamp":1677257604857,"level":"info","message":"Rendering template { name: events-header, recipe: chrome-pdf, engine: handlebars, preview: false }","meta":{"rootId":"addyvdcca7aa3qy","id":"1wof1lh0m0h4eav"},"id":"ljyaz0g263ymrsg","previousOperationId":"rigbyz1hoyeahp2"}
{"type":"log","timestamp":1677257604858,"level":"debug","message":"Inline data specified.","meta":{"rootId":"addyvdcca7aa3qy","id":"1wof1lh0m0h4eav"},"id":"2mx3pwyqxdf661v","previousOperationId":"rigbyz1hoyeahp2"}
{"type":"log","timestamp":1677257604859,"level":"debug","message":"Base url not specified, skipping its injection.","meta":{"rootId":"addyvdcca7aa3qy","id":"1wof1lh0m0h4eav"},"id":"0bjy5o5i3nyt50o","previousOperationId":"rigbyz1hoyeahp2"}
{"type":"operationStart","subtype":"engine","name":"handlebars","timestamp":1677257604860,"id":"yq87zna9uw5k493","previousEventId":"r8iqe9ywqg1e455","operationId":"6az9d51a2bzvmdz","previousOperationId":"rigbyz1hoyeahp2"}
{"type":"log","timestamp":1677257604860,"level":"debug","message":"Rendering engine handlebars","meta":{"rootId":"addyvdcca7aa3qy","id":"1wof1lh0m0h4eav"},"id":"t5cj8x8mxkaqpqg","previousOperationId":"6az9d51a2bzvmdz"}
{"type":"operationEnd","operationId":"6az9d51a2bzvmdz","timestamp":1677257604882,"id":"fuhadwpt0dpki8a","previousEventId":"yq87zna9uw5k493","previousOperationId":"6az9d51a2bzvmdz"}
{"type":"operationStart","subtype":"recipe","name":"chrome-pdf","timestamp":1677257604882,"id":"rf18dd5lteql05f","previousEventId":"fuhadwpt0dpki8a","operationId":"u6tdb7m8na4dnc9","previousOperationId":"6az9d51a2bzvmdz"}
{"type":"log","timestamp":1677257604882,"level":"debug","message":"Executing recipe chrome-pdf","meta":{"rootId":"addyvdcca7aa3qy","id":"1wof1lh0m0h4eav"},"id":"jba787nobdsfl8r","previousOperationId":"u6tdb7m8na4dnc9"}
{"type":"log","timestamp":1677257604887,"level":"debug","message":"Converting with chrome HeadlessChrome/105.0.5173.0 using chrome-pool strategy","meta":{"rootId":"addyvdcca7aa3qy","id":"1wof1lh0m0h4eav"},"id":"zi76w0k9578crdq","previousOperationId":"u6tdb7m8na4dnc9"}
{"type":"log","timestamp":1677257604980,"level":"debug","message":"Page request: GET (document) file:///C:/Users/pollo/AppData/Local/Temp/jsreport/autocleanup/0315d2eb-82fc-41b2-9128-6c8901c0c808-chrome-pdf.html","meta":{"rootId":"addyvdcca7aa3qy","id":"1wof1lh0m0h4eav"},"id":"l22w6kof91mhiqb","previousOperationId":"u6tdb7m8na4dnc9"}
{"type":"log","timestamp":1677257604994,"level":"debug","message":"Page request finished: GET (document) 200 file:///C:/Users/pollo/AppData/Local/Temp/jsreport/autocleanup/0315d2eb-82fc-41b2-9128-6c8901c0c808-chrome-pdf.html","meta":{"rootId":"addyvdcca7aa3qy","id":"1wof1lh0m0h4eav"},"id":"czhvh8nq3g8mgme","previousOperationId":"u6tdb7m8na4dnc9"}
{"type":"log","timestamp":1677257604994,"level":"debug","message":"Page request: GET (stylesheet) https://cdnjs.cloudflare.com/ajax/libs/metro/4.1.5/css/metro.min.css","meta":{"rootId":"addyvdcca7aa3qy","id":"1wof1lh0m0h4eav"},"id":"2wm6ndchmd15uvk","previousOperationId":"u6tdb7m8na4dnc9"}
{"type":"log","timestamp":1677257605015,"level":"debug","message":"Page request finished: GET (stylesheet) 200 https://cdnjs.cloudflare.com/ajax/libs/metro/4.1.5/css/metro.min.css","meta":{"rootId":"addyvdcca7aa3qy","id":"1wof1lh0m0h4eav"},"id":"y4licgvrkpa42gu","previousOperationId":"u6tdb7m8na4dnc9"}
{"type":"log","timestamp":1677257605035,"level":"debug","message":"Running chrome with params {\"printBackground\":true,\"marginTop\":\"1.5cm\",\"marginRight\":\"1.5cm\",\"marginLeft\":\"1.cm\",\"timeout\":59390,\"margin\":{\"top\":\"1.5cm\",\"right\":\"1.5cm\",\"left\":\"1.cm\"}}","meta":{"rootId":"addyvdcca7aa3qy","id":"1wof1lh0m0h4eav"},"id":"qju445ir27agtkd","previousOperationId":"u6tdb7m8na4dnc9"}
{"type":"operationEnd","operationId":"u6tdb7m8na4dnc9","timestamp":1677257605090,"id":"4a6r0kpc4bf9n5q","previousEventId":"rf18dd5lteql05f","previousOperationId":"u6tdb7m8na4dnc9"}
{"type":"log","timestamp":1677257605090,"level":"debug","message":"Skipping storing report.","meta":{"rootId":"addyvdcca7aa3qy","id":"1wof1lh0m0h4eav"},"id":"nn1668i37lwpar0","previousOperationId":"u6tdb7m8na4dnc9"}
{"type":"log","timestamp":1677257605090,"level":"info","message":"Rendering (child) request finished in 815 ms","meta":{"rootId":"addyvdcca7aa3qy","id":"1wof1lh0m0h4eav"},"id":"xgp3o15dg7hm5ob","previousOperationId":"u6tdb7m8na4dnc9"}
{"type":"operationEnd","subtype":"render","operationId":"rigbyz1hoyeahp2","timestamp":1677257605091,"id":"iy86sqhezjyvtid","previousEventId":"4a6r0kpc4bf9n5q","previousOperationId":"u6tdb7m8na4dnc9"}
{"type":"operationEnd","operationId":"hc63hufyn4v5njd","timestamp":1677257605100,"id":"48eo8h5xbby5r4u","previousEventId":"9a3lwda9sko6n2h","previousOperationId":"hc63hufyn4v5njd"}
{"type":"log","timestamp":1677257605100,"level":"debug","message":"pdf-utils postproces start","meta":{"rootId":"addyvdcca7aa3qy","id":"addyvdcca7aa3qy"},"id":"0f0hxglt8qguxs4","previousOperationId":"hc63hufyn4v5njd"}
{"type":"log","timestamp":1677257605110,"level":"debug","message":"pdf-utils postproces end","meta":{"rootId":"addyvdcca7aa3qy","id":"addyvdcca7aa3qy"},"id":"rnprokoj3qz8uaq","previousOperationId":"hc63hufyn4v5njd"}
{"type":"operationEnd","operationId":"sn6xv5mvthek4lv","timestamp":1677257605110,"id":"m3wapxa3l4l2jzc","previousEventId":"48eo8h5xbby5r4u","previousOperationId":"hc63hufyn4v5njd"}
{"type":"log","timestamp":1677257605110,"level":"info","message":"pdf-utils pdf processing was finished","meta":{"rootId":"addyvdcca7aa3qy","id":"addyvdcca7aa3qy"},"id":"f2zda3ot153yl7n","previousOperationId":"sn6xv5mvthek4lv"}
{"type":"log","timestamp":1677257605110,"level":"debug","message":"Skipping storing report.","meta":{"rootId":"addyvdcca7aa3qy","id":"addyvdcca7aa3qy"},"id":"1ey9zbhsubx4m01","previousOperationId":"sn6xv5mvthek4lv"}
{"type":"log","timestamp":1677257605110,"level":"info","message":"Rendering request 3 finished in 835 ms","meta":{"rootId":"addyvdcca7aa3qy","id":"addyvdcca7aa3qy"},"id":"zhtwirvtsua1h5h","previousOperationId":"sn6xv5mvthek4lv"}
{"type":"operationEnd","subtype":"render","operationId":"13t83jmc6fj54jz","timestamp":1677257605110,"id":"48auco3770la2bk","previousEventId":"m3wapxa3l4l2jzc","previousOperationId":"sn6xv5mvthek4lv"}
{"type":"operationEnd","doDiffs":false,"previousEventId":"8cib3f7rg1ds6bb","previousOperationId":"cyxtdidi0ugxq4u","operationId":"cyxtdidi0ugxq4u","timestamp":1677257605114,"id":"e4rpkfpbmpjb4k8"}
