{"type":"operationStart","subtype":"profile","data":{"_id":"rr1mX51wZ2SLRE6V","timestamp":"2023-02-22T11:20:02.247Z","state":"queued","mode":"standard","creationDate":"2023-02-22T11:20:02.250Z","modificationDate":"2023-02-22T11:20:02.250Z","shortid":"5ykY_QC","$entitySet":"profiles"},"doDiffs":false,"timestamp":1677064802248,"id":"nuyu39uwbpdiet1","previousOperationId":null,"operationId":"b59deo9irx123ps"}
{"type":"log","level":"info","message":"Render request 8 queued for execution and waiting for available worker","previousOperationId":"b59deo9irx123ps","timestamp":1677064802248,"id":"mx0vc20jsjwghun"}
{"type":"operationStart","subtype":"render","name":"events-main","previousOperationId":"b59deo9irx123ps","timestamp":1677064802258,"id":"rvlhnnva0srxbfw","previousEventId":"nuyu39uwbpdiet1","operationId":"8f42q968mgym2to"}
{"type":"log","timestamp":1677064802258,"level":"info","message":"Starting rendering request 8","meta":{"rootId":"bsvaevbu76qlkgh","id":"bsvaevbu76qlkgh"},"id":"ss2th3rjz6lo9ta","previousOperationId":"8f42q968mgym2to"}
{"type":"log","timestamp":1677064802258,"level":"info","message":"Rendering template { name: events-main, recipe: chrome-pdf, engine: handlebars, preview: true }","meta":{"rootId":"bsvaevbu76qlkgh","id":"bsvaevbu76qlkgh"},"id":"znv1iiomimpgzo8","previousOperationId":"8f42q968mgym2to"}
{"type":"log","timestamp":1677064802259,"level":"debug","message":"Data item not defined for this template.","meta":{"rootId":"bsvaevbu76qlkgh","id":"bsvaevbu76qlkgh"},"id":"2tynt1ok05np64l","previousOperationId":"8f42q968mgym2to"}
{"type":"log","timestamp":1677064802261,"level":"debug","message":"Executing script events-script (beforeRender)","meta":{"rootId":"bsvaevbu76qlkgh","id":"bsvaevbu76qlkgh"},"id":"7uizmtudw1mkycu","previousOperationId":"8f42q968mgym2to"}
{"type":"operationStart","subtype":"scriptsBeforeRender","name":"scripts beforeRender","timestamp":1677064802295,"id":"5dsronscumk916n","previousEventId":"rvlhnnva0srxbfw","operationId":"5sd1boye6x3xhi3","previousOperationId":"8f42q968mgym2to"}
{"type":"operationStart","subtype":"script","name":"scripts events-script","previousOperationId":"5sd1boye6x3xhi3","timestamp":1677064802295,"id":"jddnn8ljdn5f8us","previousEventId":"5dsronscumk916n","operationId":"hfcketo52vji0le"}
{"type":"operationEnd","operationId":"hfcketo52vji0le","timestamp":1677064802566,"id":"w9c3ecn5dvqrq3f","previousEventId":"rvlhnnva0srxbfw","previousOperationId":"8f42q968mgym2to"}
{"type":"operationEnd","operationId":"5sd1boye6x3xhi3","timestamp":1677064802566,"id":"e30hqxpku7jp4ah","previousEventId":"w9c3ecn5dvqrq3f","previousOperationId":"8f42q968mgym2to"}
{"type":"log","timestamp":1677064802566,"level":"debug","message":"Base url not specified, skipping its injection.","meta":{"rootId":"bsvaevbu76qlkgh","id":"bsvaevbu76qlkgh"},"id":"ql9op20ffifsag6","previousOperationId":"5sd1boye6x3xhi3"}
{"type":"operationStart","subtype":"engine","name":"handlebars","timestamp":1677064802566,"id":"4yf0j0b3du9er1b","previousEventId":"e30hqxpku7jp4ah","operationId":"6yuf99cqbdzffgi","previousOperationId":"5sd1boye6x3xhi3"}
{"type":"log","timestamp":1677064802566,"level":"debug","message":"Rendering engine handlebars","meta":{"rootId":"bsvaevbu76qlkgh","id":"bsvaevbu76qlkgh"},"id":"q8w8k183jyo4fx4","previousOperationId":"6yuf99cqbdzffgi"}
{"type":"operationEnd","operationId":"6yuf99cqbdzffgi","timestamp":1677064802577,"id":"e5ys0zppxtoggxz","previousEventId":"4yf0j0b3du9er1b","previousOperationId":"6yuf99cqbdzffgi"}
{"type":"operationStart","subtype":"recipe","name":"chrome-pdf","timestamp":1677064802578,"id":"8q7rqhcr5ytpeos","previousEventId":"e5ys0zppxtoggxz","operationId":"ge34dvd53xt7oxp","previousOperationId":"6yuf99cqbdzffgi"}
{"type":"log","timestamp":1677064802578,"level":"debug","message":"Executing recipe chrome-pdf","meta":{"rootId":"bsvaevbu76qlkgh","id":"bsvaevbu76qlkgh"},"id":"ody2i31i2ds8l9i","previousOperationId":"ge34dvd53xt7oxp"}
{"type":"log","timestamp":1677064802581,"level":"debug","message":"Converting with chrome HeadlessChrome/105.0.5173.0 using chrome-pool strategy","meta":{"rootId":"bsvaevbu76qlkgh","id":"bsvaevbu76qlkgh"},"id":"q3e9mjjbo6mnsz5","previousOperationId":"ge34dvd53xt7oxp"}
{"type":"log","timestamp":1677064802674,"level":"debug","message":"Page request: GET (document) file:///C:/Users/pollo/AppData/Local/Temp/jsreport/autocleanup/7f215b70-3eb6-4069-90f3-7ef3ddd53ab4-chrome-pdf.html","meta":{"rootId":"bsvaevbu76qlkgh","id":"bsvaevbu76qlkgh"},"id":"66zfojv2a5m1icv","previousOperationId":"ge34dvd53xt7oxp"}
{"type":"log","timestamp":1677064802696,"level":"debug","message":"Page request finished: GET (document) 200 file:///C:/Users/pollo/AppData/Local/Temp/jsreport/autocleanup/7f215b70-3eb6-4069-90f3-7ef3ddd53ab4-chrome-pdf.html","meta":{"rootId":"bsvaevbu76qlkgh","id":"bsvaevbu76qlkgh"},"id":"lzuj2yrryqvqduq","previousOperationId":"ge34dvd53xt7oxp"}
{"type":"log","timestamp":1677064802697,"level":"debug","message":"Page request: GET (stylesheet) https://cdnjs.cloudflare.com/ajax/libs/metro/4.1.5/css/metro.min.css","meta":{"rootId":"bsvaevbu76qlkgh","id":"bsvaevbu76qlkgh"},"id":"w0jufckcy3263a8","previousOperationId":"ge34dvd53xt7oxp"}
{"type":"log","timestamp":1677064802697,"level":"debug","message":"Page request: GET (script) https://cdn.jsdelivr.net/npm/chart.js","meta":{"rootId":"bsvaevbu76qlkgh","id":"bsvaevbu76qlkgh"},"id":"oa0wvnvpor64e25","previousOperationId":"ge34dvd53xt7oxp"}
{"type":"log","timestamp":1677064802704,"level":"debug","message":"Page request finished: GET (script) 200 https://cdn.jsdelivr.net/npm/chart.js","meta":{"rootId":"bsvaevbu76qlkgh","id":"bsvaevbu76qlkgh"},"id":"292bb8wjkq7glzk","previousOperationId":"ge34dvd53xt7oxp"}
{"type":"log","timestamp":1677064802721,"level":"debug","message":"Page request finished: GET (stylesheet) 200 https://cdnjs.cloudflare.com/ajax/libs/metro/4.1.5/css/metro.min.css","meta":{"rootId":"bsvaevbu76qlkgh","id":"bsvaevbu76qlkgh"},"id":"569oijoqixyivzs","previousOperationId":"ge34dvd53xt7oxp"}
{"type":"log","timestamp":1677064802819,"level":"debug","message":"Running chrome with params {\"printBackground\":true,\"marginTop\":\"4cm\",\"marginRight\":\"1.5cm\",\"marginBottom\":\"1.5cm\",\"marginLeft\":\"1.5cm\",\"waitForJS\":false,\"timeout\":59667,\"margin\":{\"top\":\"4cm\",\"right\":\"1.5cm\",\"bottom\":\"1.5cm\",\"left\":\"1.5cm\"}}","meta":{"rootId":"bsvaevbu76qlkgh","id":"bsvaevbu76qlkgh"},"id":"f1s4ku3fxbv71m9","previousOperationId":"ge34dvd53xt7oxp"}
{"type":"operationEnd","operationId":"ge34dvd53xt7oxp","timestamp":1677064802913,"id":"xyl0a7h8z11w73y","previousEventId":"8q7rqhcr5ytpeos","previousOperationId":"ge34dvd53xt7oxp"}
{"type":"log","timestamp":1677064802913,"level":"info","message":"pdf-utils is starting pdf processing","meta":{"rootId":"bsvaevbu76qlkgh","id":"bsvaevbu76qlkgh"},"id":"p0p4zkq2sdt5luz","previousOperationId":"ge34dvd53xt7oxp"}
{"type":"operationStart","subtype":"pdfUtils","name":"pdf utils","timestamp":1677064802914,"id":"aa2bn2b1ftw1mea","previousEventId":"xyl0a7h8z11w73y","operationId":"36h43mrc6oeh3rc","previousOperationId":"ge34dvd53xt7oxp"}
{"type":"log","timestamp":1677064802914,"level":"debug","message":"pdf-utils detected 1 pdf operation(s) to process","meta":{"rootId":"bsvaevbu76qlkgh","id":"bsvaevbu76qlkgh"},"id":"iznvgnycxj4z1pv","previousOperationId":"36h43mrc6oeh3rc"}
{"type":"log","timestamp":1677064802939,"level":"debug","message":"pdf-utils running pdf operation merge","meta":{"rootId":"bsvaevbu76qlkgh","id":"bsvaevbu76qlkgh"},"id":"qnog1rff62t75ll","previousOperationId":"36h43mrc6oeh3rc"}
{"type":"operationStart","subtype":"pdfUtilsMerge","name":"pdf utils merge","previousOperationId":"36h43mrc6oeh3rc","timestamp":1677064802940,"id":"mvteugp19f8benr","previousEventId":"aa2bn2b1ftw1mea","operationId":"fk159qhiavreb10"}
{"type":"operationStart","subtype":"render","name":"events-header","previousOperationId":"fk159qhiavreb10","timestamp":1677064802941,"id":"m5mlmcohrn10tn6","previousEventId":"mvteugp19f8benr","operationId":"028adpi1ok6wco0"}
{"type":"log","timestamp":1677064802941,"level":"info","message":"Starting rendering (child) request","meta":{"rootId":"bsvaevbu76qlkgh","id":"o8br736p94qjctj"},"id":"sn1xggbl8zfrdh7","previousOperationId":"028adpi1ok6wco0"}
{"type":"log","timestamp":1677064802941,"level":"info","message":"Rendering template { name: events-header, recipe: chrome-pdf, engine: handlebars, preview: true }","meta":{"rootId":"bsvaevbu76qlkgh","id":"o8br736p94qjctj"},"id":"ojhdk75bf4fjbp4","previousOperationId":"028adpi1ok6wco0"}
{"type":"log","timestamp":1677064802942,"level":"debug","message":"Inline data specified.","meta":{"rootId":"bsvaevbu76qlkgh","id":"o8br736p94qjctj"},"id":"u43o55ru3yvbip8","previousOperationId":"028adpi1ok6wco0"}
{"type":"log","timestamp":1677064802944,"level":"debug","message":"Base url not specified, skipping its injection.","meta":{"rootId":"bsvaevbu76qlkgh","id":"o8br736p94qjctj"},"id":"dhlu4i1dev73lml","previousOperationId":"028adpi1ok6wco0"}
{"type":"operationStart","subtype":"engine","name":"handlebars","timestamp":1677064802944,"id":"ii18ghkocjzzun2","previousEventId":"m5mlmcohrn10tn6","operationId":"615mojul26wt0n2","previousOperationId":"028adpi1ok6wco0"}
{"type":"log","timestamp":1677064802944,"level":"debug","message":"Rendering engine handlebars","meta":{"rootId":"bsvaevbu76qlkgh","id":"o8br736p94qjctj"},"id":"ta2wpy2mn2q2oel","previousOperationId":"615mojul26wt0n2"}
{"type":"operationEnd","operationId":"615mojul26wt0n2","timestamp":1677064802961,"id":"ifhn61gtyrz1h1k","previousEventId":"ii18ghkocjzzun2","previousOperationId":"615mojul26wt0n2"}
{"type":"operationStart","subtype":"recipe","name":"chrome-pdf","timestamp":1677064802961,"id":"bdd5nkrd8g4dvn8","previousEventId":"ifhn61gtyrz1h1k","operationId":"7f8l2v7p2e90egx","previousOperationId":"615mojul26wt0n2"}
{"type":"log","timestamp":1677064802961,"level":"debug","message":"Executing recipe chrome-pdf","meta":{"rootId":"bsvaevbu76qlkgh","id":"o8br736p94qjctj"},"id":"jn8ishexnoo6dl2","previousOperationId":"7f8l2v7p2e90egx"}
{"type":"log","timestamp":1677064802965,"level":"debug","message":"Converting with chrome HeadlessChrome/105.0.5173.0 using chrome-pool strategy","meta":{"rootId":"bsvaevbu76qlkgh","id":"o8br736p94qjctj"},"id":"c7f9g7wcas3xk9n","previousOperationId":"7f8l2v7p2e90egx"}
{"type":"log","timestamp":1677064803074,"level":"debug","message":"Page request: GET (document) file:///C:/Users/pollo/AppData/Local/Temp/jsreport/autocleanup/4184eead-c1da-4305-a2f6-f8e07837cb2f-chrome-pdf.html","meta":{"rootId":"bsvaevbu76qlkgh","id":"o8br736p94qjctj"},"id":"1wn5hf1rml3yjie","previousOperationId":"7f8l2v7p2e90egx"}
{"type":"log","timestamp":1677064803085,"level":"debug","message":"Page request finished: GET (document) 200 file:///C:/Users/pollo/AppData/Local/Temp/jsreport/autocleanup/4184eead-c1da-4305-a2f6-f8e07837cb2f-chrome-pdf.html","meta":{"rootId":"bsvaevbu76qlkgh","id":"o8br736p94qjctj"},"id":"b26n6ck8r898mft","previousOperationId":"7f8l2v7p2e90egx"}
{"type":"log","timestamp":1677064803085,"level":"debug","message":"Page request: GET (stylesheet) https://cdnjs.cloudflare.com/ajax/libs/metro/4.1.5/css/metro.min.css","meta":{"rootId":"bsvaevbu76qlkgh","id":"o8br736p94qjctj"},"id":"xl9q2l0k762e5oq","previousOperationId":"7f8l2v7p2e90egx"}
{"type":"log","timestamp":1677064803108,"level":"debug","message":"Page request finished: GET (stylesheet) 200 https://cdnjs.cloudflare.com/ajax/libs/metro/4.1.5/css/metro.min.css","meta":{"rootId":"bsvaevbu76qlkgh","id":"o8br736p94qjctj"},"id":"5hiceq06tdkghcq","previousOperationId":"7f8l2v7p2e90egx"}
{"type":"log","timestamp":1677064803131,"level":"debug","message":"Running chrome with params {\"printBackground\":true,\"marginTop\":\"1.5cm\",\"marginRight\":\"1.5cm\",\"marginLeft\":\"1.cm\",\"timeout\":59283,\"margin\":{\"top\":\"1.5cm\",\"right\":\"1.5cm\",\"left\":\"1.cm\"}}","meta":{"rootId":"bsvaevbu76qlkgh","id":"o8br736p94qjctj"},"id":"omc2q6y6g46yfze","previousOperationId":"7f8l2v7p2e90egx"}
{"type":"operationEnd","operationId":"7f8l2v7p2e90egx","timestamp":1677064803187,"id":"hcvos99kh964ztq","previousEventId":"bdd5nkrd8g4dvn8","previousOperationId":"7f8l2v7p2e90egx"}
{"type":"log","timestamp":1677064803187,"level":"debug","message":"Skipping storing report.","meta":{"rootId":"bsvaevbu76qlkgh","id":"o8br736p94qjctj"},"id":"8ysnqetwyy76wh7","previousOperationId":"7f8l2v7p2e90egx"}
{"type":"log","timestamp":1677064803187,"level":"info","message":"Rendering (child) request finished in 940 ms","meta":{"rootId":"bsvaevbu76qlkgh","id":"o8br736p94qjctj"},"id":"2jmbhpz6fhndi8t","previousOperationId":"7f8l2v7p2e90egx"}
{"type":"operationEnd","subtype":"render","operationId":"028adpi1ok6wco0","timestamp":1677064803187,"id":"u2ht5ekgufvu8cw","previousEventId":"hcvos99kh964ztq","previousOperationId":"7f8l2v7p2e90egx"}
{"type":"operationEnd","operationId":"fk159qhiavreb10","timestamp":1677064803195,"id":"34y965r3xwah8ib","previousEventId":"mvteugp19f8benr","previousOperationId":"fk159qhiavreb10"}
{"type":"log","timestamp":1677064803195,"level":"debug","message":"pdf-utils postproces start","meta":{"rootId":"bsvaevbu76qlkgh","id":"bsvaevbu76qlkgh"},"id":"i4jdw5ywrbmvv2e","previousOperationId":"fk159qhiavreb10"}
{"type":"log","timestamp":1677064803202,"level":"debug","message":"pdf-utils postproces end","meta":{"rootId":"bsvaevbu76qlkgh","id":"bsvaevbu76qlkgh"},"id":"gh2dind6j3evgyd","previousOperationId":"fk159qhiavreb10"}
{"type":"operationEnd","operationId":"36h43mrc6oeh3rc","timestamp":1677064803202,"id":"2kxksg9ezydufzd","previousEventId":"34y965r3xwah8ib","previousOperationId":"fk159qhiavreb10"}
{"type":"log","timestamp":1677064803202,"level":"info","message":"pdf-utils pdf processing was finished","meta":{"rootId":"bsvaevbu76qlkgh","id":"bsvaevbu76qlkgh"},"id":"1wmd0tg955511zp","previousOperationId":"36h43mrc6oeh3rc"}
{"type":"log","timestamp":1677064803202,"level":"debug","message":"Skipping storing report.","meta":{"rootId":"bsvaevbu76qlkgh","id":"bsvaevbu76qlkgh"},"id":"304igh3omzn17jm","previousOperationId":"36h43mrc6oeh3rc"}
{"type":"log","timestamp":1677064803202,"level":"info","message":"Rendering request 8 finished in 955 ms","meta":{"rootId":"bsvaevbu76qlkgh","id":"bsvaevbu76qlkgh"},"id":"559s724c4oavx2j","previousOperationId":"36h43mrc6oeh3rc"}
{"type":"operationEnd","subtype":"render","operationId":"8f42q968mgym2to","timestamp":1677064803202,"id":"tv85q1fdgn7nib9","previousEventId":"2kxksg9ezydufzd","previousOperationId":"36h43mrc6oeh3rc"}
{"type":"operationEnd","doDiffs":false,"previousEventId":"nuyu39uwbpdiet1","previousOperationId":"b59deo9irx123ps","operationId":"b59deo9irx123ps","timestamp":1677064803210,"id":"qcizwcruuq9dslr"}
