{"type":"operationStart","subtype":"profile","data":{"_id":"IIOngKXiKnq14Y2D","timestamp":"2023-03-19T21:38:56.083Z","state":"queued","mode":"standard","creationDate":"2023-03-19T21:38:56.085Z","modificationDate":"2023-03-19T21:38:56.085Z","shortid":"URGPDcr","$entitySet":"profiles"},"doDiffs":false,"timestamp":1679261936084,"id":"lkkzsdg50h0br2h","previousOperationId":null,"operationId":"fgamung5zle8brh"}
{"type":"log","level":"info","message":"Render request 8 queued for execution and waiting for available worker","previousOperationId":"fgamung5zle8brh","timestamp":1679261936084,"id":"lgjcap5tks2vv9e"}
{"type":"operationStart","subtype":"render","name":"events-main","previousOperationId":"fgamung5zle8brh","timestamp":1679261936091,"id":"2y3ieasgttikpz5","previousEventId":"lkkzsdg50h0br2h","operationId":"3oj6t2llkvyjv1j"}
{"type":"log","timestamp":1679261936091,"level":"info","message":"Starting rendering request 8","meta":{"rootId":"hl28qfzr9ba5zyc","id":"hl28qfzr9ba5zyc"},"id":"ya7i35s2st5h4hy","previousOperationId":"3oj6t2llkvyjv1j"}
{"type":"log","timestamp":1679261936091,"level":"info","message":"Rendering template { name: events-main, recipe: chrome-pdf, engine: handlebars, preview: false }","meta":{"rootId":"hl28qfzr9ba5zyc","id":"hl28qfzr9ba5zyc"},"id":"i6g18wlg3cwdvjp","previousOperationId":"3oj6t2llkvyjv1j"}
{"type":"log","timestamp":1679261936092,"level":"debug","message":"Data item not defined for this template.","meta":{"rootId":"hl28qfzr9ba5zyc","id":"hl28qfzr9ba5zyc"},"id":"2vzm0wuxucnrggs","previousOperationId":"3oj6t2llkvyjv1j"}
{"type":"log","timestamp":1679261936100,"level":"debug","message":"Executing script events-script (beforeRender)","meta":{"rootId":"hl28qfzr9ba5zyc","id":"hl28qfzr9ba5zyc"},"id":"hkdy94wpvg3kda5","previousOperationId":"3oj6t2llkvyjv1j"}
{"type":"operationStart","subtype":"scriptsBeforeRender","name":"scripts beforeRender","timestamp":1679261936127,"id":"4s566366hyqe5m2","previousEventId":"2y3ieasgttikpz5","operationId":"53uin6oxxdq0t7p","previousOperationId":"3oj6t2llkvyjv1j"}
{"type":"operationStart","subtype":"script","name":"scripts events-script","previousOperationId":"53uin6oxxdq0t7p","timestamp":1679261936127,"id":"hvytctjn90ywepy","previousEventId":"4s566366hyqe5m2","operationId":"atknaqoki6z2saa"}
{"type":"operationEnd","operationId":"atknaqoki6z2saa","timestamp":1679261936328,"id":"brhqyqzwuyaad8t","previousEventId":"2y3ieasgttikpz5","previousOperationId":"3oj6t2llkvyjv1j"}
{"type":"operationEnd","operationId":"53uin6oxxdq0t7p","timestamp":1679261936328,"id":"rdybsfj8qfz03ac","previousEventId":"brhqyqzwuyaad8t","previousOperationId":"3oj6t2llkvyjv1j"}
{"type":"log","timestamp":1679261936328,"level":"debug","message":"Base url not specified, skipping its injection.","meta":{"rootId":"hl28qfzr9ba5zyc","id":"hl28qfzr9ba5zyc"},"id":"pxha84wcluq9n9q","previousOperationId":"53uin6oxxdq0t7p"}
{"type":"operationStart","subtype":"engine","name":"handlebars","timestamp":1679261936328,"id":"igsmpq86c5lpygt","previousEventId":"rdybsfj8qfz03ac","operationId":"6o5bmnudeywvkh2","previousOperationId":"53uin6oxxdq0t7p"}
{"type":"log","timestamp":1679261936328,"level":"debug","message":"Rendering engine handlebars","meta":{"rootId":"hl28qfzr9ba5zyc","id":"hl28qfzr9ba5zyc"},"id":"nq4g6b848hk1n2m","previousOperationId":"6o5bmnudeywvkh2"}
{"type":"operationEnd","operationId":"6o5bmnudeywvkh2","timestamp":1679261936338,"id":"kuz0q2a05gbgjw6","previousEventId":"igsmpq86c5lpygt","previousOperationId":"6o5bmnudeywvkh2"}
{"type":"operationStart","subtype":"recipe","name":"chrome-pdf","timestamp":1679261936338,"id":"7d25uszdiwrmgck","previousEventId":"kuz0q2a05gbgjw6","operationId":"4dcbcx0pqu1c3vy","previousOperationId":"6o5bmnudeywvkh2"}
{"type":"log","timestamp":1679261936338,"level":"debug","message":"Executing recipe chrome-pdf","meta":{"rootId":"hl28qfzr9ba5zyc","id":"hl28qfzr9ba5zyc"},"id":"1ojk75vh7xwq6t8","previousOperationId":"4dcbcx0pqu1c3vy"}
{"type":"log","timestamp":1679261936341,"level":"debug","message":"Converting with chrome HeadlessChrome/105.0.5173.0 using chrome-pool strategy","meta":{"rootId":"hl28qfzr9ba5zyc","id":"hl28qfzr9ba5zyc"},"id":"6wk13bk5ld92ycl","previousOperationId":"4dcbcx0pqu1c3vy"}
{"type":"log","timestamp":1679261936435,"level":"debug","message":"Page request: GET (document) file:///C:/Users/jiva1/AppData/Local/Temp/jsreport/autocleanup/4f2d7ca8-6ce4-4595-9195-653890b0a656-chrome-pdf.html","meta":{"rootId":"hl28qfzr9ba5zyc","id":"hl28qfzr9ba5zyc"},"id":"gjckfa1h7jxz3b0","previousOperationId":"4dcbcx0pqu1c3vy"}
{"type":"log","timestamp":1679261936446,"level":"debug","message":"Page request finished: GET (document) 200 file:///C:/Users/jiva1/AppData/Local/Temp/jsreport/autocleanup/4f2d7ca8-6ce4-4595-9195-653890b0a656-chrome-pdf.html","meta":{"rootId":"hl28qfzr9ba5zyc","id":"hl28qfzr9ba5zyc"},"id":"7wyypgl6e32ciss","previousOperationId":"4dcbcx0pqu1c3vy"}
{"type":"log","timestamp":1679261936446,"level":"debug","message":"Page request: GET (stylesheet) https://cdnjs.cloudflare.com/ajax/libs/metro/4.1.5/css/metro.min.css","meta":{"rootId":"hl28qfzr9ba5zyc","id":"hl28qfzr9ba5zyc"},"id":"7avx55x7ljl2hrq","previousOperationId":"4dcbcx0pqu1c3vy"}
{"type":"log","timestamp":1679261936446,"level":"debug","message":"Page request: GET (script) https://cdn.jsdelivr.net/npm/chart.js","meta":{"rootId":"hl28qfzr9ba5zyc","id":"hl28qfzr9ba5zyc"},"id":"yyjuigrn7v71x5k","previousOperationId":"4dcbcx0pqu1c3vy"}
{"type":"log","timestamp":1679261936452,"level":"debug","message":"Page request finished: GET (script) 200 https://cdn.jsdelivr.net/npm/chart.js","meta":{"rootId":"hl28qfzr9ba5zyc","id":"hl28qfzr9ba5zyc"},"id":"8gxnm4oj62jfebm","previousOperationId":"4dcbcx0pqu1c3vy"}
{"type":"log","timestamp":1679261936469,"level":"debug","message":"Page request finished: GET (stylesheet) 200 https://cdnjs.cloudflare.com/ajax/libs/metro/4.1.5/css/metro.min.css","meta":{"rootId":"hl28qfzr9ba5zyc","id":"hl28qfzr9ba5zyc"},"id":"8jvmrjizx6yyksq","previousOperationId":"4dcbcx0pqu1c3vy"}
{"type":"log","timestamp":1679261936572,"level":"debug","message":"Running chrome with params {\"printBackground\":true,\"marginTop\":\"4cm\",\"marginRight\":\"1.5cm\",\"marginBottom\":\"1.5cm\",\"marginLeft\":\"1.5cm\",\"waitForJS\":false,\"timeout\":59742,\"margin\":{\"top\":\"4cm\",\"right\":\"1.5cm\",\"bottom\":\"1.5cm\",\"left\":\"1.5cm\"}}","meta":{"rootId":"hl28qfzr9ba5zyc","id":"hl28qfzr9ba5zyc"},"id":"osufzbm2iz02zae","previousOperationId":"4dcbcx0pqu1c3vy"}
{"type":"operationEnd","operationId":"4dcbcx0pqu1c3vy","timestamp":1679261936669,"id":"2ael2e8d4diarww","previousEventId":"7d25uszdiwrmgck","previousOperationId":"4dcbcx0pqu1c3vy"}
{"type":"log","timestamp":1679261936669,"level":"info","message":"pdf-utils is starting pdf processing","meta":{"rootId":"hl28qfzr9ba5zyc","id":"hl28qfzr9ba5zyc"},"id":"919x0n0yxt6yq3u","previousOperationId":"4dcbcx0pqu1c3vy"}
{"type":"operationStart","subtype":"pdfUtils","name":"pdf utils","timestamp":1679261936669,"id":"i0tqsqepmolo6hr","previousEventId":"2ael2e8d4diarww","operationId":"pexbi79q19lv08x","previousOperationId":"4dcbcx0pqu1c3vy"}
{"type":"log","timestamp":1679261936669,"level":"debug","message":"pdf-utils detected 1 pdf operation(s) to process","meta":{"rootId":"hl28qfzr9ba5zyc","id":"hl28qfzr9ba5zyc"},"id":"vvnrfzct3qrpyh0","previousOperationId":"pexbi79q19lv08x"}
{"type":"log","timestamp":1679261936686,"level":"debug","message":"pdf-utils running pdf operation merge","meta":{"rootId":"hl28qfzr9ba5zyc","id":"hl28qfzr9ba5zyc"},"id":"y2crdfs852j0s3i","previousOperationId":"pexbi79q19lv08x"}
{"type":"operationStart","subtype":"pdfUtilsMerge","name":"pdf utils merge","previousOperationId":"pexbi79q19lv08x","timestamp":1679261936686,"id":"oq25kjtfkkcxqnm","previousEventId":"i0tqsqepmolo6hr","operationId":"g1phdr0knmigv73"}
{"type":"operationStart","subtype":"render","name":"events-header","previousOperationId":"g1phdr0knmigv73","timestamp":1679261936688,"id":"nclky1evjv6r933","previousEventId":"oq25kjtfkkcxqnm","operationId":"mz2xhvi21op3esc"}
{"type":"log","timestamp":1679261936688,"level":"info","message":"Starting rendering (child) request","meta":{"rootId":"hl28qfzr9ba5zyc","id":"b3tvfulctbz9owo"},"id":"ts87csho1d39kim","previousOperationId":"mz2xhvi21op3esc"}
{"type":"log","timestamp":1679261936688,"level":"info","message":"Rendering template { name: events-header, recipe: chrome-pdf, engine: handlebars, preview: false }","meta":{"rootId":"hl28qfzr9ba5zyc","id":"b3tvfulctbz9owo"},"id":"749jx5u9jzdzi4e","previousOperationId":"mz2xhvi21op3esc"}
{"type":"log","timestamp":1679261936688,"level":"debug","message":"Inline data specified.","meta":{"rootId":"hl28qfzr9ba5zyc","id":"b3tvfulctbz9owo"},"id":"hhgxzvh5pg50231","previousOperationId":"mz2xhvi21op3esc"}
{"type":"log","timestamp":1679261936690,"level":"debug","message":"Base url not specified, skipping its injection.","meta":{"rootId":"hl28qfzr9ba5zyc","id":"b3tvfulctbz9owo"},"id":"to6uyzk5ljwx8pd","previousOperationId":"mz2xhvi21op3esc"}
{"type":"operationStart","subtype":"engine","name":"handlebars","timestamp":1679261936690,"id":"3an7y3sne3b7bzv","previousEventId":"nclky1evjv6r933","operationId":"80dmyuxpj7t83r9","previousOperationId":"mz2xhvi21op3esc"}
{"type":"log","timestamp":1679261936690,"level":"debug","message":"Rendering engine handlebars","meta":{"rootId":"hl28qfzr9ba5zyc","id":"b3tvfulctbz9owo"},"id":"smj96wezebmew7s","previousOperationId":"80dmyuxpj7t83r9"}
{"type":"operationEnd","operationId":"80dmyuxpj7t83r9","timestamp":1679261936704,"id":"xs61ew4kkma2c7x","previousEventId":"3an7y3sne3b7bzv","previousOperationId":"80dmyuxpj7t83r9"}
{"type":"operationStart","subtype":"recipe","name":"chrome-pdf","timestamp":1679261936704,"id":"6jm8l9i6qd3l4d7","previousEventId":"xs61ew4kkma2c7x","operationId":"d022r3l2qziuogm","previousOperationId":"80dmyuxpj7t83r9"}
{"type":"log","timestamp":1679261936704,"level":"debug","message":"Executing recipe chrome-pdf","meta":{"rootId":"hl28qfzr9ba5zyc","id":"b3tvfulctbz9owo"},"id":"z60x7iylg4a0yim","previousOperationId":"d022r3l2qziuogm"}
{"type":"log","timestamp":1679261936707,"level":"debug","message":"Converting with chrome HeadlessChrome/105.0.5173.0 using chrome-pool strategy","meta":{"rootId":"hl28qfzr9ba5zyc","id":"b3tvfulctbz9owo"},"id":"424f4smo50e3lvt","previousOperationId":"d022r3l2qziuogm"}
{"type":"log","timestamp":1679261936801,"level":"debug","message":"Page request: GET (document) file:///C:/Users/jiva1/AppData/Local/Temp/jsreport/autocleanup/52991804-23da-477d-be9b-0dc2d763405c-chrome-pdf.html","meta":{"rootId":"hl28qfzr9ba5zyc","id":"b3tvfulctbz9owo"},"id":"xyy1flgq5h0zaxi","previousOperationId":"d022r3l2qziuogm"}
{"type":"log","timestamp":1679261936811,"level":"debug","message":"Page request finished: GET (document) 200 file:///C:/Users/jiva1/AppData/Local/Temp/jsreport/autocleanup/52991804-23da-477d-be9b-0dc2d763405c-chrome-pdf.html","meta":{"rootId":"hl28qfzr9ba5zyc","id":"b3tvfulctbz9owo"},"id":"bhihbv49crm5dbz","previousOperationId":"d022r3l2qziuogm"}
{"type":"log","timestamp":1679261936811,"level":"debug","message":"Page request: GET (stylesheet) https://cdnjs.cloudflare.com/ajax/libs/metro/4.1.5/css/metro.min.css","meta":{"rootId":"hl28qfzr9ba5zyc","id":"b3tvfulctbz9owo"},"id":"kh44466y88zmnsb","previousOperationId":"d022r3l2qziuogm"}
{"type":"log","timestamp":1679261936834,"level":"debug","message":"Page request finished: GET (stylesheet) 200 https://cdnjs.cloudflare.com/ajax/libs/metro/4.1.5/css/metro.min.css","meta":{"rootId":"hl28qfzr9ba5zyc","id":"b3tvfulctbz9owo"},"id":"9llfdolf9nfxjzv","previousOperationId":"d022r3l2qziuogm"}
{"type":"log","timestamp":1679261936857,"level":"debug","message":"Running chrome with params {\"printBackground\":true,\"marginTop\":\"1.5cm\",\"marginRight\":\"1.5cm\",\"marginLeft\":\"1.cm\",\"timeout\":59375,\"margin\":{\"top\":\"1.5cm\",\"right\":\"1.5cm\",\"left\":\"1.cm\"}}","meta":{"rootId":"hl28qfzr9ba5zyc","id":"b3tvfulctbz9owo"},"id":"udg5guzvwel31gu","previousOperationId":"d022r3l2qziuogm"}
{"type":"operationEnd","operationId":"d022r3l2qziuogm","timestamp":1679261936917,"id":"q6ytkbom6tqay97","previousEventId":"6jm8l9i6qd3l4d7","previousOperationId":"d022r3l2qziuogm"}
{"type":"log","timestamp":1679261936917,"level":"debug","message":"Skipping storing report.","meta":{"rootId":"hl28qfzr9ba5zyc","id":"b3tvfulctbz9owo"},"id":"5yjeli95saua9va","previousOperationId":"d022r3l2qziuogm"}
{"type":"log","timestamp":1679261936917,"level":"info","message":"Rendering (child) request finished in 835 ms","meta":{"rootId":"hl28qfzr9ba5zyc","id":"b3tvfulctbz9owo"},"id":"ci7rg4n7nyxr5v0","previousOperationId":"d022r3l2qziuogm"}
{"type":"operationEnd","subtype":"render","operationId":"mz2xhvi21op3esc","timestamp":1679261936917,"id":"52vlql6e3rio9m6","previousEventId":"q6ytkbom6tqay97","previousOperationId":"d022r3l2qziuogm"}
{"type":"operationEnd","operationId":"g1phdr0knmigv73","timestamp":1679261936923,"id":"cj3gbkaaga5z8jh","previousEventId":"oq25kjtfkkcxqnm","previousOperationId":"g1phdr0knmigv73"}
{"type":"log","timestamp":1679261936923,"level":"debug","message":"pdf-utils postproces start","meta":{"rootId":"hl28qfzr9ba5zyc","id":"hl28qfzr9ba5zyc"},"id":"61iaeyn2qmlf6sb","previousOperationId":"g1phdr0knmigv73"}
{"type":"log","timestamp":1679261936932,"level":"debug","message":"pdf-utils postproces end","meta":{"rootId":"hl28qfzr9ba5zyc","id":"hl28qfzr9ba5zyc"},"id":"j0k4x7099ztp88k","previousOperationId":"g1phdr0knmigv73"}
{"type":"operationEnd","operationId":"pexbi79q19lv08x","timestamp":1679261936932,"id":"a7rd4dylaavo827","previousEventId":"cj3gbkaaga5z8jh","previousOperationId":"g1phdr0knmigv73"}
{"type":"log","timestamp":1679261936932,"level":"info","message":"pdf-utils pdf processing was finished","meta":{"rootId":"hl28qfzr9ba5zyc","id":"hl28qfzr9ba5zyc"},"id":"d6xs9868zsr824y","previousOperationId":"pexbi79q19lv08x"}
{"type":"log","timestamp":1679261936932,"level":"debug","message":"Skipping storing report.","meta":{"rootId":"hl28qfzr9ba5zyc","id":"hl28qfzr9ba5zyc"},"id":"opu5cac2gebfqif","previousOperationId":"pexbi79q19lv08x"}
{"type":"log","timestamp":1679261936932,"level":"info","message":"Rendering request 8 finished in 850 ms","meta":{"rootId":"hl28qfzr9ba5zyc","id":"hl28qfzr9ba5zyc"},"id":"s8hhyownl1nfhgb","previousOperationId":"pexbi79q19lv08x"}
{"type":"operationEnd","subtype":"render","operationId":"3oj6t2llkvyjv1j","timestamp":1679261936932,"id":"1tlpqkb250kr7ej","previousEventId":"a7rd4dylaavo827","previousOperationId":"pexbi79q19lv08x"}
{"type":"operationEnd","doDiffs":false,"previousEventId":"lkkzsdg50h0br2h","previousOperationId":"fgamung5zle8brh","operationId":"fgamung5zle8brh","timestamp":1679261936937,"id":"jjidyb2b0874nzk"}
