{"type":"operationStart","subtype":"profile","data":{"_id":"LuR7Ifn1KoEgvvlN","timestamp":"2023-03-19T21:36:31.408Z","state":"queued","mode":"standard","creationDate":"2023-03-19T21:36:31.410Z","modificationDate":"2023-03-19T21:36:31.410Z","shortid":"v_QtUz-","$entitySet":"profiles"},"doDiffs":false,"timestamp":1679261791409,"id":"wadgp462akxkzyn","previousOperationId":null,"operationId":"twr4klogkrmairu"}
{"type":"log","level":"info","message":"Render request 5 queued for execution and waiting for available worker","previousOperationId":"twr4klogkrmairu","timestamp":1679261791409,"id":"8t72bzu5brapsu7"}
{"type":"operationStart","subtype":"render","name":"events-main","previousOperationId":"twr4klogkrmairu","timestamp":1679261791415,"id":"hc8rz1pi8gry5az","previousEventId":"wadgp462akxkzyn","operationId":"d44lxuckgqxdntc"}
{"type":"log","timestamp":1679261791416,"level":"info","message":"Starting rendering request 5","meta":{"rootId":"jsymffk3fen8azg","id":"jsymffk3fen8azg"},"id":"x4tebwqy0va4bqh","previousOperationId":"d44lxuckgqxdntc"}
{"type":"log","timestamp":1679261791417,"level":"info","message":"Rendering template { name: events-main, recipe: chrome-pdf, engine: handlebars, preview: false }","meta":{"rootId":"jsymffk3fen8azg","id":"jsymffk3fen8azg"},"id":"939misyr85gqe9w","previousOperationId":"d44lxuckgqxdntc"}
{"type":"log","timestamp":1679261791418,"level":"debug","message":"Data item not defined for this template.","meta":{"rootId":"jsymffk3fen8azg","id":"jsymffk3fen8azg"},"id":"a86hmy2aryxpj0r","previousOperationId":"d44lxuckgqxdntc"}
{"type":"log","timestamp":1679261791423,"level":"debug","message":"Executing script events-script (beforeRender)","meta":{"rootId":"jsymffk3fen8azg","id":"jsymffk3fen8azg"},"id":"qedeyawuff7qpoi","previousOperationId":"d44lxuckgqxdntc"}
{"type":"operationStart","subtype":"scriptsBeforeRender","name":"scripts beforeRender","timestamp":1679261791461,"id":"ma5640b4e5g9xh2","previousEventId":"hc8rz1pi8gry5az","operationId":"o0551wk237986qt","previousOperationId":"d44lxuckgqxdntc"}
{"type":"operationStart","subtype":"script","name":"scripts events-script","previousOperationId":"o0551wk237986qt","timestamp":1679261791461,"id":"ap8slvs5kxfzj63","previousEventId":"ma5640b4e5g9xh2","operationId":"hsjz908k7ra19md"}
{"type":"operationEnd","operationId":"hsjz908k7ra19md","timestamp":1679261791637,"id":"49ddi153jcnf76g","previousEventId":"hc8rz1pi8gry5az","previousOperationId":"d44lxuckgqxdntc"}
{"type":"operationEnd","operationId":"o0551wk237986qt","timestamp":1679261791637,"id":"7nv3ufw9usssqfn","previousEventId":"49ddi153jcnf76g","previousOperationId":"d44lxuckgqxdntc"}
{"type":"log","timestamp":1679261791637,"level":"debug","message":"Base url not specified, skipping its injection.","meta":{"rootId":"jsymffk3fen8azg","id":"jsymffk3fen8azg"},"id":"bu621eff9zbv3n7","previousOperationId":"o0551wk237986qt"}
{"type":"operationStart","subtype":"engine","name":"handlebars","timestamp":1679261791637,"id":"v3zvizunb7jukjk","previousEventId":"7nv3ufw9usssqfn","operationId":"s40k1l610m5bp62","previousOperationId":"o0551wk237986qt"}
{"type":"log","timestamp":1679261791637,"level":"debug","message":"Rendering engine handlebars","meta":{"rootId":"jsymffk3fen8azg","id":"jsymffk3fen8azg"},"id":"lrpckhiwqc4dhmt","previousOperationId":"s40k1l610m5bp62"}
{"type":"operationEnd","operationId":"s40k1l610m5bp62","timestamp":1679261791648,"id":"47uqj4h99rpln18","previousEventId":"v3zvizunb7jukjk","previousOperationId":"s40k1l610m5bp62"}
{"type":"operationStart","subtype":"recipe","name":"chrome-pdf","timestamp":1679261791648,"id":"a9h04lmxxyqb38l","previousEventId":"47uqj4h99rpln18","operationId":"b5obu27uywshz1a","previousOperationId":"s40k1l610m5bp62"}
{"type":"log","timestamp":1679261791648,"level":"debug","message":"Executing recipe chrome-pdf","meta":{"rootId":"jsymffk3fen8azg","id":"jsymffk3fen8azg"},"id":"gm8vjuq0bb059bt","previousOperationId":"b5obu27uywshz1a"}
{"type":"log","timestamp":1679261791651,"level":"debug","message":"Converting with chrome HeadlessChrome/105.0.5173.0 using chrome-pool strategy","meta":{"rootId":"jsymffk3fen8azg","id":"jsymffk3fen8azg"},"id":"9d029706kckdqmf","previousOperationId":"b5obu27uywshz1a"}
{"type":"log","timestamp":1679261791766,"level":"debug","message":"Page request: GET (document) file:///C:/Users/jiva1/AppData/Local/Temp/jsreport/autocleanup/f1170939-8e5f-46a2-a6be-79c0dc325206-chrome-pdf.html","meta":{"rootId":"jsymffk3fen8azg","id":"jsymffk3fen8azg"},"id":"jfuubk4ivxjss3f","previousOperationId":"b5obu27uywshz1a"}
{"type":"log","timestamp":1679261791787,"level":"debug","message":"Page request: GET (stylesheet) https://cdnjs.cloudflare.com/ajax/libs/metro/4.1.5/css/metro.min.css","meta":{"rootId":"jsymffk3fen8azg","id":"jsymffk3fen8azg"},"id":"3pwv1pk5e2grhz1","previousOperationId":"b5obu27uywshz1a"}
{"type":"log","timestamp":1679261791787,"level":"debug","message":"Page request: GET (script) https://cdn.jsdelivr.net/npm/chart.js","meta":{"rootId":"jsymffk3fen8azg","id":"jsymffk3fen8azg"},"id":"r7i7cfgm4xfszbn","previousOperationId":"b5obu27uywshz1a"}
{"type":"log","timestamp":1679261791788,"level":"debug","message":"Page request finished: GET (document) 200 file:///C:/Users/jiva1/AppData/Local/Temp/jsreport/autocleanup/f1170939-8e5f-46a2-a6be-79c0dc325206-chrome-pdf.html","meta":{"rootId":"jsymffk3fen8azg","id":"jsymffk3fen8azg"},"id":"vnlhy101t4gxag5","previousOperationId":"b5obu27uywshz1a"}
{"type":"log","timestamp":1679261791823,"level":"debug","message":"Page request finished: GET (stylesheet) 200 https://cdnjs.cloudflare.com/ajax/libs/metro/4.1.5/css/metro.min.css","meta":{"rootId":"jsymffk3fen8azg","id":"jsymffk3fen8azg"},"id":"ymuvyldrh5zh4o4","previousOperationId":"b5obu27uywshz1a"}
{"type":"log","timestamp":1679261791824,"level":"debug","message":"Page request finished: GET (script) 200 https://cdn.jsdelivr.net/npm/chart.js","meta":{"rootId":"jsymffk3fen8azg","id":"jsymffk3fen8azg"},"id":"rhu5s6wkps1dr6i","previousOperationId":"b5obu27uywshz1a"}
{"type":"log","timestamp":1679261791942,"level":"debug","message":"Running chrome with params {\"printBackground\":true,\"marginTop\":\"4cm\",\"marginRight\":\"1.5cm\",\"marginBottom\":\"1.5cm\",\"marginLeft\":\"1.5cm\",\"waitForJS\":false,\"timeout\":59758,\"margin\":{\"top\":\"4cm\",\"right\":\"1.5cm\",\"bottom\":\"1.5cm\",\"left\":\"1.5cm\"}}","meta":{"rootId":"jsymffk3fen8azg","id":"jsymffk3fen8azg"},"id":"e1501twps0taguf","previousOperationId":"b5obu27uywshz1a"}
{"type":"operationEnd","operationId":"b5obu27uywshz1a","timestamp":1679261792053,"id":"h6v26p5mvu3q722","previousEventId":"a9h04lmxxyqb38l","previousOperationId":"b5obu27uywshz1a"}
{"type":"log","timestamp":1679261792053,"level":"info","message":"pdf-utils is starting pdf processing","meta":{"rootId":"jsymffk3fen8azg","id":"jsymffk3fen8azg"},"id":"50lixlgk3b8ctm6","previousOperationId":"b5obu27uywshz1a"}
{"type":"operationStart","subtype":"pdfUtils","name":"pdf utils","timestamp":1679261792053,"id":"itejc562496zixm","previousEventId":"h6v26p5mvu3q722","operationId":"is4f57f2lywdl4n","previousOperationId":"b5obu27uywshz1a"}
{"type":"log","timestamp":1679261792053,"level":"debug","message":"pdf-utils detected 1 pdf operation(s) to process","meta":{"rootId":"jsymffk3fen8azg","id":"jsymffk3fen8azg"},"id":"g7s3i63jkz25dm5","previousOperationId":"is4f57f2lywdl4n"}
{"type":"log","timestamp":1679261792073,"level":"debug","message":"pdf-utils running pdf operation merge","meta":{"rootId":"jsymffk3fen8azg","id":"jsymffk3fen8azg"},"id":"iufoe9h85vnk4zv","previousOperationId":"is4f57f2lywdl4n"}
{"type":"operationStart","subtype":"pdfUtilsMerge","name":"pdf utils merge","previousOperationId":"is4f57f2lywdl4n","timestamp":1679261792073,"id":"am6t26awjzixg23","previousEventId":"itejc562496zixm","operationId":"fqbsbxp5kcimba4"}
{"type":"operationStart","subtype":"render","name":"events-header","previousOperationId":"fqbsbxp5kcimba4","timestamp":1679261792074,"id":"gcb6euwseyi9mp9","previousEventId":"am6t26awjzixg23","operationId":"48ahwx0093a0gyz"}
{"type":"log","timestamp":1679261792074,"level":"info","message":"Starting rendering (child) request","meta":{"rootId":"jsymffk3fen8azg","id":"p4r5j1vauao7eu9"},"id":"ceel5b73j0riscu","previousOperationId":"48ahwx0093a0gyz"}
{"type":"log","timestamp":1679261792075,"level":"info","message":"Rendering template { name: events-header, recipe: chrome-pdf, engine: handlebars, preview: false }","meta":{"rootId":"jsymffk3fen8azg","id":"p4r5j1vauao7eu9"},"id":"sf91h6j2ub10s0z","previousOperationId":"48ahwx0093a0gyz"}
{"type":"log","timestamp":1679261792076,"level":"debug","message":"Inline data specified.","meta":{"rootId":"jsymffk3fen8azg","id":"p4r5j1vauao7eu9"},"id":"cstf0jglj8mgokj","previousOperationId":"48ahwx0093a0gyz"}
{"type":"log","timestamp":1679261792077,"level":"debug","message":"Base url not specified, skipping its injection.","meta":{"rootId":"jsymffk3fen8azg","id":"p4r5j1vauao7eu9"},"id":"k41blrfa0vtj05g","previousOperationId":"48ahwx0093a0gyz"}
{"type":"operationStart","subtype":"engine","name":"handlebars","timestamp":1679261792078,"id":"75i792in908q7ca","previousEventId":"gcb6euwseyi9mp9","operationId":"bhiqw4ra21zgk1f","previousOperationId":"48ahwx0093a0gyz"}
{"type":"log","timestamp":1679261792078,"level":"debug","message":"Rendering engine handlebars","meta":{"rootId":"jsymffk3fen8azg","id":"p4r5j1vauao7eu9"},"id":"ut2szrh715l161c","previousOperationId":"bhiqw4ra21zgk1f"}
{"type":"operationEnd","operationId":"bhiqw4ra21zgk1f","timestamp":1679261792100,"id":"h2z1hi0bwe28jvl","previousEventId":"75i792in908q7ca","previousOperationId":"bhiqw4ra21zgk1f"}
{"type":"operationStart","subtype":"recipe","name":"chrome-pdf","timestamp":1679261792100,"id":"dcl1o6opshofnkw","previousEventId":"h2z1hi0bwe28jvl","operationId":"d549rulmxy31etj","previousOperationId":"bhiqw4ra21zgk1f"}
{"type":"log","timestamp":1679261792100,"level":"debug","message":"Executing recipe chrome-pdf","meta":{"rootId":"jsymffk3fen8azg","id":"p4r5j1vauao7eu9"},"id":"hfri025ufju2y06","previousOperationId":"d549rulmxy31etj"}
{"type":"log","timestamp":1679261792103,"level":"debug","message":"Converting with chrome HeadlessChrome/105.0.5173.0 using chrome-pool strategy","meta":{"rootId":"jsymffk3fen8azg","id":"p4r5j1vauao7eu9"},"id":"97qw23f0awue4x1","previousOperationId":"d549rulmxy31etj"}
{"type":"log","timestamp":1679261792192,"level":"debug","message":"Page request: GET (document) file:///C:/Users/jiva1/AppData/Local/Temp/jsreport/autocleanup/84fb45c2-8243-42df-91d4-4a9e39d5d6e7-chrome-pdf.html","meta":{"rootId":"jsymffk3fen8azg","id":"p4r5j1vauao7eu9"},"id":"expx0i71xn98x3h","previousOperationId":"d549rulmxy31etj"}
{"type":"log","timestamp":1679261792201,"level":"debug","message":"Page request: GET (stylesheet) https://cdnjs.cloudflare.com/ajax/libs/metro/4.1.5/css/metro.min.css","meta":{"rootId":"jsymffk3fen8azg","id":"p4r5j1vauao7eu9"},"id":"6elim5qqcvjb4xk","previousOperationId":"d549rulmxy31etj"}
{"type":"log","timestamp":1679261792202,"level":"debug","message":"Page request finished: GET (document) 200 file:///C:/Users/jiva1/AppData/Local/Temp/jsreport/autocleanup/84fb45c2-8243-42df-91d4-4a9e39d5d6e7-chrome-pdf.html","meta":{"rootId":"jsymffk3fen8azg","id":"p4r5j1vauao7eu9"},"id":"tpilqfyrn6z2p1n","previousOperationId":"d549rulmxy31etj"}
{"type":"log","timestamp":1679261792225,"level":"debug","message":"Page request finished: GET (stylesheet) 200 https://cdnjs.cloudflare.com/ajax/libs/metro/4.1.5/css/metro.min.css","meta":{"rootId":"jsymffk3fen8azg","id":"p4r5j1vauao7eu9"},"id":"lcq1khvgt36qf10","previousOperationId":"d549rulmxy31etj"}
{"type":"log","timestamp":1679261792248,"level":"debug","message":"Running chrome with params {\"printBackground\":true,\"marginTop\":\"1.5cm\",\"marginRight\":\"1.5cm\",\"marginLeft\":\"1.cm\",\"timeout\":59306,\"margin\":{\"top\":\"1.5cm\",\"right\":\"1.5cm\",\"left\":\"1.cm\"}}","meta":{"rootId":"jsymffk3fen8azg","id":"p4r5j1vauao7eu9"},"id":"tad7zlw377dwanr","previousOperationId":"d549rulmxy31etj"}
{"type":"operationEnd","operationId":"d549rulmxy31etj","timestamp":1679261792308,"id":"1acdeww4l54yhse","previousEventId":"dcl1o6opshofnkw","previousOperationId":"d549rulmxy31etj"}
{"type":"log","timestamp":1679261792308,"level":"debug","message":"Skipping storing report.","meta":{"rootId":"jsymffk3fen8azg","id":"p4r5j1vauao7eu9"},"id":"2nlwoty3k6b7u8i","previousOperationId":"d549rulmxy31etj"}
{"type":"log","timestamp":1679261792308,"level":"info","message":"Rendering (child) request finished in 900 ms","meta":{"rootId":"jsymffk3fen8azg","id":"p4r5j1vauao7eu9"},"id":"19mgytaxfy3fpw2","previousOperationId":"d549rulmxy31etj"}
{"type":"operationEnd","subtype":"render","operationId":"48ahwx0093a0gyz","timestamp":1679261792308,"id":"wxdb1efmdzb4rcl","previousEventId":"1acdeww4l54yhse","previousOperationId":"d549rulmxy31etj"}
{"type":"operationEnd","operationId":"fqbsbxp5kcimba4","timestamp":1679261792316,"id":"cck14fgqywf4v38","previousEventId":"am6t26awjzixg23","previousOperationId":"fqbsbxp5kcimba4"}
{"type":"log","timestamp":1679261792316,"level":"debug","message":"pdf-utils postproces start","meta":{"rootId":"jsymffk3fen8azg","id":"jsymffk3fen8azg"},"id":"62u2bt791j5ffig","previousOperationId":"fqbsbxp5kcimba4"}
{"type":"log","timestamp":1679261792323,"level":"debug","message":"pdf-utils postproces end","meta":{"rootId":"jsymffk3fen8azg","id":"jsymffk3fen8azg"},"id":"nuoalm83bzh6cxu","previousOperationId":"fqbsbxp5kcimba4"}
{"type":"operationEnd","operationId":"is4f57f2lywdl4n","timestamp":1679261792323,"id":"m1cr4e74dccpics","previousEventId":"cck14fgqywf4v38","previousOperationId":"fqbsbxp5kcimba4"}
{"type":"log","timestamp":1679261792323,"level":"info","message":"pdf-utils pdf processing was finished","meta":{"rootId":"jsymffk3fen8azg","id":"jsymffk3fen8azg"},"id":"t4n5uxihnhn78hj","previousOperationId":"is4f57f2lywdl4n"}
{"type":"log","timestamp":1679261792323,"level":"debug","message":"Skipping storing report.","meta":{"rootId":"jsymffk3fen8azg","id":"jsymffk3fen8azg"},"id":"rgwbyjxzaqn8672","previousOperationId":"is4f57f2lywdl4n"}
{"type":"log","timestamp":1679261792323,"level":"info","message":"Rendering request 5 finished in 915 ms","meta":{"rootId":"jsymffk3fen8azg","id":"jsymffk3fen8azg"},"id":"km7cp5dsflmf6a1","previousOperationId":"is4f57f2lywdl4n"}
{"type":"operationEnd","subtype":"render","operationId":"d44lxuckgqxdntc","timestamp":1679261792323,"id":"54l7scil7mxdfxw","previousEventId":"m1cr4e74dccpics","previousOperationId":"is4f57f2lywdl4n"}
{"type":"operationEnd","doDiffs":false,"previousEventId":"wadgp462akxkzyn","previousOperationId":"twr4klogkrmairu","operationId":"twr4klogkrmairu","timestamp":1679261792328,"id":"ox7fsntx5h6ntzv"}
