{"type":"operationStart","subtype":"profile","data":{"_id":"At0MogEj88fFInrN","timestamp":"2023-02-22T11:24:12.868Z","state":"queued","mode":"standard","creationDate":"2023-02-22T11:24:12.871Z","modificationDate":"2023-02-22T11:24:12.871Z","shortid":"i1ck2P_","$entitySet":"profiles"},"doDiffs":false,"timestamp":1677065052869,"id":"g33gk69ax8oc1n0","previousOperationId":null,"operationId":"byx3zd1uwir07qb"}
{"type":"log","level":"info","message":"Render request 10 queued for execution and waiting for available worker","previousOperationId":"byx3zd1uwir07qb","timestamp":1677065052869,"id":"y9bvrntd6svnpwi"}
{"type":"operationStart","subtype":"render","name":"events-main","previousOperationId":"byx3zd1uwir07qb","timestamp":1677065052881,"id":"nafnt8r99yfuwfx","previousEventId":"g33gk69ax8oc1n0","operationId":"yn5j0a6oue8ua02"}
{"type":"log","timestamp":1677065052882,"level":"info","message":"Starting rendering request 10","meta":{"rootId":"k9zpslgilih0ovr","id":"k9zpslgilih0ovr"},"id":"exvcldda6fbxmti","previousOperationId":"yn5j0a6oue8ua02"}
{"type":"log","timestamp":1677065052883,"level":"info","message":"Rendering template { name: events-main, recipe: chrome-pdf, engine: handlebars, preview: true }","meta":{"rootId":"k9zpslgilih0ovr","id":"k9zpslgilih0ovr"},"id":"246m6o24psw13tq","previousOperationId":"yn5j0a6oue8ua02"}
{"type":"log","timestamp":1677065052884,"level":"debug","message":"Data item not defined for this template.","meta":{"rootId":"k9zpslgilih0ovr","id":"k9zpslgilih0ovr"},"id":"myclycm4qnbavvn","previousOperationId":"yn5j0a6oue8ua02"}
{"type":"log","timestamp":1677065052886,"level":"debug","message":"Executing script events-script (beforeRender)","meta":{"rootId":"k9zpslgilih0ovr","id":"k9zpslgilih0ovr"},"id":"llz4oi0exelxt2q","previousOperationId":"yn5j0a6oue8ua02"}
{"type":"operationStart","subtype":"scriptsBeforeRender","name":"scripts beforeRender","timestamp":1677065052914,"id":"9r9rmloe6v0zuk0","previousEventId":"nafnt8r99yfuwfx","operationId":"eqm7sendhiirzet","previousOperationId":"yn5j0a6oue8ua02"}
{"type":"operationStart","subtype":"script","name":"scripts events-script","previousOperationId":"eqm7sendhiirzet","timestamp":1677065052914,"id":"b2etknt7ymwt1jb","previousEventId":"9r9rmloe6v0zuk0","operationId":"vpak9wd714ggr9b"}
{"type":"operationEnd","operationId":"vpak9wd714ggr9b","timestamp":1677065053198,"id":"2yqgdh82q5iy6up","previousEventId":"nafnt8r99yfuwfx","previousOperationId":"yn5j0a6oue8ua02"}
{"type":"operationEnd","operationId":"eqm7sendhiirzet","timestamp":1677065053198,"id":"5vzw2enh7suh22h","previousEventId":"2yqgdh82q5iy6up","previousOperationId":"yn5j0a6oue8ua02"}
{"type":"log","timestamp":1677065053198,"level":"debug","message":"Base url not specified, skipping its injection.","meta":{"rootId":"k9zpslgilih0ovr","id":"k9zpslgilih0ovr"},"id":"sbdxdl6hk3mpl3c","previousOperationId":"eqm7sendhiirzet"}
{"type":"operationStart","subtype":"engine","name":"handlebars","timestamp":1677065053199,"id":"z5luht6gfrjk05z","previousEventId":"5vzw2enh7suh22h","operationId":"k33zh82vxpnwamy","previousOperationId":"eqm7sendhiirzet"}
{"type":"log","timestamp":1677065053199,"level":"debug","message":"Rendering engine handlebars","meta":{"rootId":"k9zpslgilih0ovr","id":"k9zpslgilih0ovr"},"id":"kijfwkigg9ip4zu","previousOperationId":"k33zh82vxpnwamy"}
{"type":"operationEnd","operationId":"k33zh82vxpnwamy","timestamp":1677065053207,"id":"ir0u1q8j2ick03m","previousEventId":"z5luht6gfrjk05z","previousOperationId":"k33zh82vxpnwamy"}
{"type":"operationStart","subtype":"recipe","name":"chrome-pdf","timestamp":1677065053208,"id":"prbna5p4l9orpc3","previousEventId":"ir0u1q8j2ick03m","operationId":"w3w0ucxrtntjf4v","previousOperationId":"k33zh82vxpnwamy"}
{"type":"log","timestamp":1677065053208,"level":"debug","message":"Executing recipe chrome-pdf","meta":{"rootId":"k9zpslgilih0ovr","id":"k9zpslgilih0ovr"},"id":"71wzrvch8esdrod","previousOperationId":"w3w0ucxrtntjf4v"}
{"type":"log","timestamp":1677065053211,"level":"debug","message":"Converting with chrome HeadlessChrome/105.0.5173.0 using chrome-pool strategy","meta":{"rootId":"k9zpslgilih0ovr","id":"k9zpslgilih0ovr"},"id":"etk2u7gwxqrsveh","previousOperationId":"w3w0ucxrtntjf4v"}
{"type":"log","timestamp":1677065053329,"level":"debug","message":"Page request: GET (document) file:///C:/Users/pollo/AppData/Local/Temp/jsreport/autocleanup/cf15c277-e671-4bb0-bc29-5174c9d01db2-chrome-pdf.html","meta":{"rootId":"k9zpslgilih0ovr","id":"k9zpslgilih0ovr"},"id":"dln1bw5sib3xntr","previousOperationId":"w3w0ucxrtntjf4v"}
{"type":"log","timestamp":1677065053339,"level":"debug","message":"Page request finished: GET (document) 200 file:///C:/Users/pollo/AppData/Local/Temp/jsreport/autocleanup/cf15c277-e671-4bb0-bc29-5174c9d01db2-chrome-pdf.html","meta":{"rootId":"k9zpslgilih0ovr","id":"k9zpslgilih0ovr"},"id":"7p4hv75d1ns52jn","previousOperationId":"w3w0ucxrtntjf4v"}
{"type":"log","timestamp":1677065053339,"level":"debug","message":"Page request: GET (stylesheet) https://cdnjs.cloudflare.com/ajax/libs/metro/4.1.5/css/metro.min.css","meta":{"rootId":"k9zpslgilih0ovr","id":"k9zpslgilih0ovr"},"id":"bsy1irs912tu73h","previousOperationId":"w3w0ucxrtntjf4v"}
{"type":"log","timestamp":1677065053339,"level":"debug","message":"Page request: GET (script) https://cdn.jsdelivr.net/npm/chart.js","meta":{"rootId":"k9zpslgilih0ovr","id":"k9zpslgilih0ovr"},"id":"12fe7gyszefmcjk","previousOperationId":"w3w0ucxrtntjf4v"}
{"type":"log","timestamp":1677065053345,"level":"debug","message":"Page request finished: GET (script) 200 https://cdn.jsdelivr.net/npm/chart.js","meta":{"rootId":"k9zpslgilih0ovr","id":"k9zpslgilih0ovr"},"id":"8ezwufg0v3wxzfl","previousOperationId":"w3w0ucxrtntjf4v"}
{"type":"log","timestamp":1677065053362,"level":"debug","message":"Page request finished: GET (stylesheet) 200 https://cdnjs.cloudflare.com/ajax/libs/metro/4.1.5/css/metro.min.css","meta":{"rootId":"k9zpslgilih0ovr","id":"k9zpslgilih0ovr"},"id":"wbpnyncgz7djzak","previousOperationId":"w3w0ucxrtntjf4v"}
{"type":"log","timestamp":1677065053461,"level":"debug","message":"Running chrome with params {\"printBackground\":true,\"marginTop\":\"4cm\",\"marginRight\":\"1.5cm\",\"marginBottom\":\"1.5cm\",\"marginLeft\":\"1.5cm\",\"waitForJS\":false,\"timeout\":59658,\"margin\":{\"top\":\"4cm\",\"right\":\"1.5cm\",\"bottom\":\"1.5cm\",\"left\":\"1.5cm\"}}","meta":{"rootId":"k9zpslgilih0ovr","id":"k9zpslgilih0ovr"},"id":"pbebi9xxqqmkp3z","previousOperationId":"w3w0ucxrtntjf4v"}
{"type":"operationEnd","operationId":"w3w0ucxrtntjf4v","timestamp":1677065053547,"id":"lt143x4wmb94lcs","previousEventId":"prbna5p4l9orpc3","previousOperationId":"w3w0ucxrtntjf4v"}
{"type":"log","timestamp":1677065053547,"level":"info","message":"pdf-utils is starting pdf processing","meta":{"rootId":"k9zpslgilih0ovr","id":"k9zpslgilih0ovr"},"id":"ci5xkzgsv961xbh","previousOperationId":"w3w0ucxrtntjf4v"}
{"type":"operationStart","subtype":"pdfUtils","name":"pdf utils","timestamp":1677065053547,"id":"6nqgft5fm6gl3z7","previousEventId":"lt143x4wmb94lcs","operationId":"v2v34cgped4xjjw","previousOperationId":"w3w0ucxrtntjf4v"}
{"type":"log","timestamp":1677065053547,"level":"debug","message":"pdf-utils detected 1 pdf operation(s) to process","meta":{"rootId":"k9zpslgilih0ovr","id":"k9zpslgilih0ovr"},"id":"vxm4gmukxc68177","previousOperationId":"v2v34cgped4xjjw"}
{"type":"log","timestamp":1677065053569,"level":"debug","message":"pdf-utils running pdf operation merge","meta":{"rootId":"k9zpslgilih0ovr","id":"k9zpslgilih0ovr"},"id":"pseaoxf072nmxpj","previousOperationId":"v2v34cgped4xjjw"}
{"type":"operationStart","subtype":"pdfUtilsMerge","name":"pdf utils merge","previousOperationId":"v2v34cgped4xjjw","timestamp":1677065053569,"id":"z15nmdfs8mgz8r2","previousEventId":"6nqgft5fm6gl3z7","operationId":"65vmjvseqqaa2m0"}
{"type":"operationStart","subtype":"render","name":"events-header","previousOperationId":"65vmjvseqqaa2m0","timestamp":1677065053570,"id":"1qb3o8g1ti6fp07","previousEventId":"z15nmdfs8mgz8r2","operationId":"68qal4ykxdcpivk"}
{"type":"log","timestamp":1677065053570,"level":"info","message":"Starting rendering (child) request","meta":{"rootId":"k9zpslgilih0ovr","id":"fb3qfw2opl8a17u"},"id":"pin4vxgfxsyxcw9","previousOperationId":"68qal4ykxdcpivk"}
{"type":"log","timestamp":1677065053571,"level":"info","message":"Rendering template { name: events-header, recipe: chrome-pdf, engine: handlebars, preview: true }","meta":{"rootId":"k9zpslgilih0ovr","id":"fb3qfw2opl8a17u"},"id":"gmx8kdqbosk2ozn","previousOperationId":"68qal4ykxdcpivk"}
{"type":"log","timestamp":1677065053579,"level":"debug","message":"Inline data specified.","meta":{"rootId":"k9zpslgilih0ovr","id":"fb3qfw2opl8a17u"},"id":"h21swblvhzyry9j","previousOperationId":"68qal4ykxdcpivk"}
{"type":"log","timestamp":1677065053582,"level":"debug","message":"Base url not specified, skipping its injection.","meta":{"rootId":"k9zpslgilih0ovr","id":"fb3qfw2opl8a17u"},"id":"jmuo2hz12wvuute","previousOperationId":"68qal4ykxdcpivk"}
{"type":"operationStart","subtype":"engine","name":"handlebars","timestamp":1677065053582,"id":"0arqwjj1xebcbw6","previousEventId":"1qb3o8g1ti6fp07","operationId":"ow8czzf71q58oxk","previousOperationId":"68qal4ykxdcpivk"}
{"type":"log","timestamp":1677065053582,"level":"debug","message":"Rendering engine handlebars","meta":{"rootId":"k9zpslgilih0ovr","id":"fb3qfw2opl8a17u"},"id":"to2atbws4g7tp64","previousOperationId":"ow8czzf71q58oxk"}
{"type":"operationEnd","operationId":"ow8czzf71q58oxk","timestamp":1677065053596,"id":"lo50rskgvp260r3","previousEventId":"0arqwjj1xebcbw6","previousOperationId":"ow8czzf71q58oxk"}
{"type":"operationStart","subtype":"recipe","name":"chrome-pdf","timestamp":1677065053596,"id":"ofo9araj8n16jca","previousEventId":"lo50rskgvp260r3","operationId":"03goefu45v9kl48","previousOperationId":"ow8czzf71q58oxk"}
{"type":"log","timestamp":1677065053596,"level":"debug","message":"Executing recipe chrome-pdf","meta":{"rootId":"k9zpslgilih0ovr","id":"fb3qfw2opl8a17u"},"id":"7wb4ksz9azikdiq","previousOperationId":"03goefu45v9kl48"}
{"type":"log","timestamp":1677065053599,"level":"debug","message":"Converting with chrome HeadlessChrome/105.0.5173.0 using chrome-pool strategy","meta":{"rootId":"k9zpslgilih0ovr","id":"fb3qfw2opl8a17u"},"id":"vvf8loxde1exngo","previousOperationId":"03goefu45v9kl48"}
{"type":"log","timestamp":1677065053706,"level":"debug","message":"Page request: GET (document) file:///C:/Users/pollo/AppData/Local/Temp/jsreport/autocleanup/1c3ad489-90c7-4c8c-9a0c-78a5b79154bd-chrome-pdf.html","meta":{"rootId":"k9zpslgilih0ovr","id":"fb3qfw2opl8a17u"},"id":"kfciusky3zdenss","previousOperationId":"03goefu45v9kl48"}
{"type":"log","timestamp":1677065053721,"level":"debug","message":"Page request finished: GET (document) 200 file:///C:/Users/pollo/AppData/Local/Temp/jsreport/autocleanup/1c3ad489-90c7-4c8c-9a0c-78a5b79154bd-chrome-pdf.html","meta":{"rootId":"k9zpslgilih0ovr","id":"fb3qfw2opl8a17u"},"id":"vv3zf24s5fi0jb2","previousOperationId":"03goefu45v9kl48"}
{"type":"log","timestamp":1677065053721,"level":"debug","message":"Page request: GET (stylesheet) https://cdnjs.cloudflare.com/ajax/libs/metro/4.1.5/css/metro.min.css","meta":{"rootId":"k9zpslgilih0ovr","id":"fb3qfw2opl8a17u"},"id":"qn8b4lprxmqw87e","previousOperationId":"03goefu45v9kl48"}
{"type":"log","timestamp":1677065053742,"level":"debug","message":"Page request finished: GET (stylesheet) 200 https://cdnjs.cloudflare.com/ajax/libs/metro/4.1.5/css/metro.min.css","meta":{"rootId":"k9zpslgilih0ovr","id":"fb3qfw2opl8a17u"},"id":"30xs8jgmaey8uk2","previousOperationId":"03goefu45v9kl48"}
{"type":"log","timestamp":1677065053765,"level":"debug","message":"Running chrome with params {\"printBackground\":true,\"marginTop\":\"1.5cm\",\"marginRight\":\"1.5cm\",\"marginLeft\":\"1.cm\",\"timeout\":59269,\"margin\":{\"top\":\"1.5cm\",\"right\":\"1.5cm\",\"left\":\"1.cm\"}}","meta":{"rootId":"k9zpslgilih0ovr","id":"fb3qfw2opl8a17u"},"id":"xxdn9wkcwvcikiq","previousOperationId":"03goefu45v9kl48"}
{"type":"operationEnd","operationId":"03goefu45v9kl48","timestamp":1677065053821,"id":"5ia0kvo93lz2bhv","previousEventId":"ofo9araj8n16jca","previousOperationId":"03goefu45v9kl48"}
{"type":"log","timestamp":1677065053821,"level":"debug","message":"Skipping storing report.","meta":{"rootId":"k9zpslgilih0ovr","id":"fb3qfw2opl8a17u"},"id":"4v37uloqa5epd35","previousOperationId":"03goefu45v9kl48"}
{"type":"log","timestamp":1677065053822,"level":"info","message":"Rendering (child) request finished in 955 ms","meta":{"rootId":"k9zpslgilih0ovr","id":"fb3qfw2opl8a17u"},"id":"ah8vhjnjesrv8tp","previousOperationId":"03goefu45v9kl48"}
{"type":"operationEnd","subtype":"render","operationId":"68qal4ykxdcpivk","timestamp":1677065053822,"id":"s65pywhvf2p39a7","previousEventId":"5ia0kvo93lz2bhv","previousOperationId":"03goefu45v9kl48"}
{"type":"operationEnd","operationId":"65vmjvseqqaa2m0","timestamp":1677065053830,"id":"yasym1fsjuqi0de","previousEventId":"z15nmdfs8mgz8r2","previousOperationId":"65vmjvseqqaa2m0"}
{"type":"log","timestamp":1677065053830,"level":"debug","message":"pdf-utils postproces start","meta":{"rootId":"k9zpslgilih0ovr","id":"k9zpslgilih0ovr"},"id":"bnnjjt9gqgegm4b","previousOperationId":"65vmjvseqqaa2m0"}
{"type":"log","timestamp":1677065053837,"level":"debug","message":"pdf-utils postproces end","meta":{"rootId":"k9zpslgilih0ovr","id":"k9zpslgilih0ovr"},"id":"qsc82an4oatmnp7","previousOperationId":"65vmjvseqqaa2m0"}
{"type":"operationEnd","operationId":"v2v34cgped4xjjw","timestamp":1677065053837,"id":"lsbniv4szeu4rdh","previousEventId":"yasym1fsjuqi0de","previousOperationId":"65vmjvseqqaa2m0"}
{"type":"log","timestamp":1677065053837,"level":"info","message":"pdf-utils pdf processing was finished","meta":{"rootId":"k9zpslgilih0ovr","id":"k9zpslgilih0ovr"},"id":"xxqvnsnxgh5lto1","previousOperationId":"v2v34cgped4xjjw"}
{"type":"log","timestamp":1677065053837,"level":"debug","message":"Skipping storing report.","meta":{"rootId":"k9zpslgilih0ovr","id":"k9zpslgilih0ovr"},"id":"s9sywfa47lwfk4o","previousOperationId":"v2v34cgped4xjjw"}
{"type":"log","timestamp":1677065053837,"level":"info","message":"Rendering request 10 finished in 970 ms","meta":{"rootId":"k9zpslgilih0ovr","id":"k9zpslgilih0ovr"},"id":"ufyfwb8jvoaxw5t","previousOperationId":"v2v34cgped4xjjw"}
{"type":"operationEnd","subtype":"render","operationId":"yn5j0a6oue8ua02","timestamp":1677065053837,"id":"bampkfmc14087gq","previousEventId":"lsbniv4szeu4rdh","previousOperationId":"v2v34cgped4xjjw"}
{"type":"operationEnd","doDiffs":false,"previousEventId":"g33gk69ax8oc1n0","previousOperationId":"byx3zd1uwir07qb","operationId":"byx3zd1uwir07qb","timestamp":1677065053843,"id":"dkluikybxnx1h8g"}
