{"type":"operationStart","subtype":"profile","data":{"_id":"4S39YDZFmKEV99tr","timestamp":"2023-02-22T11:16:10.717Z","state":"queued","mode":"standard","creationDate":"2023-02-22T11:16:10.719Z","modificationDate":"2023-02-22T11:16:10.719Z","shortid":"EXuJN2i","$entitySet":"profiles"},"doDiffs":false,"timestamp":1677064570718,"id":"ujj8p7g0p0tka4g","previousOperationId":null,"operationId":"bjmbvu942v4vtsd"}
{"type":"log","level":"info","message":"Render request 4 queued for execution and waiting for available worker","previousOperationId":"bjmbvu942v4vtsd","timestamp":1677064570718,"id":"7g2zek1jt7udn1h"}
{"type":"operationStart","subtype":"render","name":"events-main","previousOperationId":"bjmbvu942v4vtsd","timestamp":1677064570728,"id":"abyg5r7ho623esy","previousEventId":"ujj8p7g0p0tka4g","operationId":"u3ja8i39et4iftc"}
{"type":"log","timestamp":1677064570728,"level":"info","message":"Starting rendering request 4","meta":{"rootId":"ocgtfgd4cf3k3rq","id":"ocgtfgd4cf3k3rq"},"id":"ekleb6ze3ple6yv","previousOperationId":"u3ja8i39et4iftc"}
{"type":"log","timestamp":1677064570728,"level":"info","message":"Rendering template { name: events-main, recipe: chrome-pdf, engine: handlebars, preview: true }","meta":{"rootId":"ocgtfgd4cf3k3rq","id":"ocgtfgd4cf3k3rq"},"id":"1b7orr2ci88lbit","previousOperationId":"u3ja8i39et4iftc"}
{"type":"log","timestamp":1677064570729,"level":"debug","message":"Data item not defined for this template.","meta":{"rootId":"ocgtfgd4cf3k3rq","id":"ocgtfgd4cf3k3rq"},"id":"890kuur6ss85ufw","previousOperationId":"u3ja8i39et4iftc"}
{"type":"log","timestamp":1677064570731,"level":"debug","message":"Executing script events-script (beforeRender)","meta":{"rootId":"ocgtfgd4cf3k3rq","id":"ocgtfgd4cf3k3rq"},"id":"92i814p96ndyi2e","previousOperationId":"u3ja8i39et4iftc"}
{"type":"operationStart","subtype":"scriptsBeforeRender","name":"scripts beforeRender","timestamp":1677064570776,"id":"kxxpqdp2eguthy4","previousEventId":"abyg5r7ho623esy","operationId":"leabmll2jc6ph9g","previousOperationId":"u3ja8i39et4iftc"}
{"type":"operationStart","subtype":"script","name":"scripts events-script","previousOperationId":"leabmll2jc6ph9g","timestamp":1677064570776,"id":"fd0ckr0xsduw9rm","previousEventId":"kxxpqdp2eguthy4","operationId":"15qkw18ryrr5d6o"}
{"type":"log","timestamp":1677064571036,"level":"debug","message":"(console:log) []","meta":{"userLevel":true,"rootId":"ocgtfgd4cf3k3rq","id":"ocgtfgd4cf3k3rq"},"id":"9kgziiir0xx60m9","previousOperationId":"15qkw18ryrr5d6o"}
{"type":"operationEnd","operationId":"15qkw18ryrr5d6o","timestamp":1677064571037,"id":"2z0gx4vhr4qjate","previousEventId":"abyg5r7ho623esy","previousOperationId":"u3ja8i39et4iftc"}
{"type":"operationEnd","operationId":"leabmll2jc6ph9g","timestamp":1677064571037,"id":"fljt9wda2ec8im8","previousEventId":"2z0gx4vhr4qjate","previousOperationId":"u3ja8i39et4iftc"}
{"type":"log","timestamp":1677064571037,"level":"debug","message":"Base url not specified, skipping its injection.","meta":{"rootId":"ocgtfgd4cf3k3rq","id":"ocgtfgd4cf3k3rq"},"id":"c7kii62kauv2ft0","previousOperationId":"leabmll2jc6ph9g"}
{"type":"operationStart","subtype":"engine","name":"handlebars","timestamp":1677064571038,"id":"s2lgxmog1ys70xg","previousEventId":"fljt9wda2ec8im8","operationId":"q48mp1dmm00vhs4","previousOperationId":"leabmll2jc6ph9g"}
{"type":"log","timestamp":1677064571038,"level":"debug","message":"Rendering engine handlebars","meta":{"rootId":"ocgtfgd4cf3k3rq","id":"ocgtfgd4cf3k3rq"},"id":"173mulqogvmsgt3","previousOperationId":"q48mp1dmm00vhs4"}
{"type":"operationEnd","operationId":"q48mp1dmm00vhs4","timestamp":1677064571052,"id":"il8rat1gw65izjw","previousEventId":"s2lgxmog1ys70xg","previousOperationId":"q48mp1dmm00vhs4"}
{"type":"operationStart","subtype":"recipe","name":"chrome-pdf","timestamp":1677064571053,"id":"xujts2l9qz1vq1r","previousEventId":"il8rat1gw65izjw","operationId":"j6ulrpzaghniit3","previousOperationId":"q48mp1dmm00vhs4"}
{"type":"log","timestamp":1677064571053,"level":"debug","message":"Executing recipe chrome-pdf","meta":{"rootId":"ocgtfgd4cf3k3rq","id":"ocgtfgd4cf3k3rq"},"id":"6beqfuur1dbhpae","previousOperationId":"j6ulrpzaghniit3"}
{"type":"log","timestamp":1677064571056,"level":"debug","message":"Converting with chrome HeadlessChrome/105.0.5173.0 using chrome-pool strategy","meta":{"rootId":"ocgtfgd4cf3k3rq","id":"ocgtfgd4cf3k3rq"},"id":"o9txmcxl44wo2zg","previousOperationId":"j6ulrpzaghniit3"}
{"type":"log","timestamp":1677064571159,"level":"debug","message":"Page request: GET (document) file:///C:/Users/pollo/AppData/Local/Temp/jsreport/autocleanup/d2d33b9e-5173-41d2-bf03-3bae0674486b-chrome-pdf.html","meta":{"rootId":"ocgtfgd4cf3k3rq","id":"ocgtfgd4cf3k3rq"},"id":"i6v2ddwe4x8x1br","previousOperationId":"j6ulrpzaghniit3"}
{"type":"log","timestamp":1677064571187,"level":"debug","message":"Page request finished: GET (document) 200 file:///C:/Users/pollo/AppData/Local/Temp/jsreport/autocleanup/d2d33b9e-5173-41d2-bf03-3bae0674486b-chrome-pdf.html","meta":{"rootId":"ocgtfgd4cf3k3rq","id":"ocgtfgd4cf3k3rq"},"id":"d1j96r24erqjkk5","previousOperationId":"j6ulrpzaghniit3"}
{"type":"log","timestamp":1677064571187,"level":"debug","message":"Page request: GET (stylesheet) https://cdnjs.cloudflare.com/ajax/libs/metro/4.1.5/css/metro.min.css","meta":{"rootId":"ocgtfgd4cf3k3rq","id":"ocgtfgd4cf3k3rq"},"id":"88at5ffqygysxwr","previousOperationId":"j6ulrpzaghniit3"}
{"type":"log","timestamp":1677064571187,"level":"debug","message":"Page request: GET (script) https://cdn.jsdelivr.net/npm/chart.js","meta":{"rootId":"ocgtfgd4cf3k3rq","id":"ocgtfgd4cf3k3rq"},"id":"u2vroh9kxzct148","previousOperationId":"j6ulrpzaghniit3"}
{"type":"log","timestamp":1677064571211,"level":"debug","message":"Page request finished: GET (stylesheet) 200 https://cdnjs.cloudflare.com/ajax/libs/metro/4.1.5/css/metro.min.css","meta":{"rootId":"ocgtfgd4cf3k3rq","id":"ocgtfgd4cf3k3rq"},"id":"6eofztt0bfstcla","previousOperationId":"j6ulrpzaghniit3"}
{"type":"log","timestamp":1677064571211,"level":"debug","message":"Page request finished: GET (script) 200 https://cdn.jsdelivr.net/npm/chart.js","meta":{"rootId":"ocgtfgd4cf3k3rq","id":"ocgtfgd4cf3k3rq"},"id":"6fqp4xu9mdv14bz","previousOperationId":"j6ulrpzaghniit3"}
{"type":"log","timestamp":1677064571220,"level":"warn","message":"Page error: SyntaxError: Unexpected token ','","meta":{"rootId":"ocgtfgd4cf3k3rq","id":"ocgtfgd4cf3k3rq"},"id":"42sfws50q0fhb8i","previousOperationId":"j6ulrpzaghniit3"}
{"type":"log","timestamp":1677064571253,"level":"debug","message":"Running chrome with params {\"printBackground\":true,\"marginTop\":\"4cm\",\"marginRight\":\"1.5cm\",\"marginBottom\":\"1.5cm\",\"marginLeft\":\"1.5cm\",\"waitForJS\":false,\"timeout\":59662,\"margin\":{\"top\":\"4cm\",\"right\":\"1.5cm\",\"bottom\":\"1.5cm\",\"left\":\"1.5cm\"}}","meta":{"rootId":"ocgtfgd4cf3k3rq","id":"ocgtfgd4cf3k3rq"},"id":"0d59nqtci91c6ib","previousOperationId":"j6ulrpzaghniit3"}
{"type":"operationEnd","operationId":"j6ulrpzaghniit3","timestamp":1677064571326,"id":"cxakfjkid4ap30a","previousEventId":"xujts2l9qz1vq1r","previousOperationId":"j6ulrpzaghniit3"}
{"type":"log","timestamp":1677064571327,"level":"info","message":"pdf-utils is starting pdf processing","meta":{"rootId":"ocgtfgd4cf3k3rq","id":"ocgtfgd4cf3k3rq"},"id":"ywfb79kdal2tt0k","previousOperationId":"j6ulrpzaghniit3"}
{"type":"operationStart","subtype":"pdfUtils","name":"pdf utils","timestamp":1677064571327,"id":"ozdsagyp2rm2q6p","previousEventId":"cxakfjkid4ap30a","operationId":"8z8n03dhiieqwtr","previousOperationId":"j6ulrpzaghniit3"}
{"type":"log","timestamp":1677064571327,"level":"debug","message":"pdf-utils detected 1 pdf operation(s) to process","meta":{"rootId":"ocgtfgd4cf3k3rq","id":"ocgtfgd4cf3k3rq"},"id":"aefqovflrs91605","previousOperationId":"8z8n03dhiieqwtr"}
{"type":"log","timestamp":1677064571365,"level":"debug","message":"pdf-utils running pdf operation merge","meta":{"rootId":"ocgtfgd4cf3k3rq","id":"ocgtfgd4cf3k3rq"},"id":"p8nvbs0rb8un3pb","previousOperationId":"8z8n03dhiieqwtr"}
{"type":"operationStart","subtype":"pdfUtilsMerge","name":"pdf utils merge","previousOperationId":"8z8n03dhiieqwtr","timestamp":1677064571365,"id":"9aiefrzoarn2aey","previousEventId":"ozdsagyp2rm2q6p","operationId":"ojeszws963422wk"}
{"type":"operationStart","subtype":"render","name":"events-header","previousOperationId":"ojeszws963422wk","timestamp":1677064571367,"id":"qfzduvon52s7flw","previousEventId":"9aiefrzoarn2aey","operationId":"3sei9sssichosin"}
{"type":"log","timestamp":1677064571367,"level":"info","message":"Starting rendering (child) request","meta":{"rootId":"ocgtfgd4cf3k3rq","id":"oa9bhu0s9vco63f"},"id":"mtronq2msvv4h80","previousOperationId":"3sei9sssichosin"}
{"type":"log","timestamp":1677064571367,"level":"info","message":"Rendering template { name: events-header, recipe: chrome-pdf, engine: handlebars, preview: true }","meta":{"rootId":"ocgtfgd4cf3k3rq","id":"oa9bhu0s9vco63f"},"id":"9jy0k11a94084pz","previousOperationId":"3sei9sssichosin"}
{"type":"log","timestamp":1677064571368,"level":"debug","message":"Inline data specified.","meta":{"rootId":"ocgtfgd4cf3k3rq","id":"oa9bhu0s9vco63f"},"id":"7xn8rhvcfeeuf92","previousOperationId":"3sei9sssichosin"}
{"type":"log","timestamp":1677064571370,"level":"debug","message":"Base url not specified, skipping its injection.","meta":{"rootId":"ocgtfgd4cf3k3rq","id":"oa9bhu0s9vco63f"},"id":"uq4pno8q7qd0p6h","previousOperationId":"3sei9sssichosin"}
{"type":"operationStart","subtype":"engine","name":"handlebars","timestamp":1677064571371,"id":"193n41g1b7bhcqz","previousEventId":"qfzduvon52s7flw","operationId":"ulixdjo42fdv7is","previousOperationId":"3sei9sssichosin"}
{"type":"log","timestamp":1677064571371,"level":"debug","message":"Rendering engine handlebars","meta":{"rootId":"ocgtfgd4cf3k3rq","id":"oa9bhu0s9vco63f"},"id":"183yw0i0m158lvy","previousOperationId":"ulixdjo42fdv7is"}
{"type":"operationEnd","operationId":"ulixdjo42fdv7is","timestamp":1677064571393,"id":"l0el2ycxs0ldyb2","previousEventId":"193n41g1b7bhcqz","previousOperationId":"ulixdjo42fdv7is"}
{"type":"operationStart","subtype":"recipe","name":"chrome-pdf","timestamp":1677064571394,"id":"2b22go0tl4yw4es","previousEventId":"l0el2ycxs0ldyb2","operationId":"cdu07mrkpoiczmy","previousOperationId":"ulixdjo42fdv7is"}
{"type":"log","timestamp":1677064571394,"level":"debug","message":"Executing recipe chrome-pdf","meta":{"rootId":"ocgtfgd4cf3k3rq","id":"oa9bhu0s9vco63f"},"id":"cbsp1sqv4kpj9lh","previousOperationId":"cdu07mrkpoiczmy"}
{"type":"log","timestamp":1677064571396,"level":"debug","message":"Converting with chrome HeadlessChrome/105.0.5173.0 using chrome-pool strategy","meta":{"rootId":"ocgtfgd4cf3k3rq","id":"oa9bhu0s9vco63f"},"id":"szotn0spuelsobd","previousOperationId":"cdu07mrkpoiczmy"}
{"type":"log","timestamp":1677064571510,"level":"debug","message":"Page request: GET (document) file:///C:/Users/pollo/AppData/Local/Temp/jsreport/autocleanup/428bbef8-2114-4afb-ac76-1eb2fe03fbad-chrome-pdf.html","meta":{"rootId":"ocgtfgd4cf3k3rq","id":"oa9bhu0s9vco63f"},"id":"kfnp4nxu9tju56r","previousOperationId":"cdu07mrkpoiczmy"}
{"type":"log","timestamp":1677064571529,"level":"debug","message":"Page request finished: GET (document) 200 file:///C:/Users/pollo/AppData/Local/Temp/jsreport/autocleanup/428bbef8-2114-4afb-ac76-1eb2fe03fbad-chrome-pdf.html","meta":{"rootId":"ocgtfgd4cf3k3rq","id":"oa9bhu0s9vco63f"},"id":"29qu693271m9z29","previousOperationId":"cdu07mrkpoiczmy"}
{"type":"log","timestamp":1677064571529,"level":"debug","message":"Page request: GET (stylesheet) https://cdnjs.cloudflare.com/ajax/libs/metro/4.1.5/css/metro.min.css","meta":{"rootId":"ocgtfgd4cf3k3rq","id":"oa9bhu0s9vco63f"},"id":"6498gnwpyrsvafq","previousOperationId":"cdu07mrkpoiczmy"}
{"type":"log","timestamp":1677064571550,"level":"debug","message":"Page request finished: GET (stylesheet) 200 https://cdnjs.cloudflare.com/ajax/libs/metro/4.1.5/css/metro.min.css","meta":{"rootId":"ocgtfgd4cf3k3rq","id":"oa9bhu0s9vco63f"},"id":"u1993qvjt0j405k","previousOperationId":"cdu07mrkpoiczmy"}
{"type":"log","timestamp":1677064571571,"level":"debug","message":"Running chrome with params {\"printBackground\":true,\"marginTop\":\"1.5cm\",\"marginRight\":\"1.5cm\",\"marginLeft\":\"1.cm\",\"timeout\":59322,\"margin\":{\"top\":\"1.5cm\",\"right\":\"1.5cm\",\"left\":\"1.cm\"}}","meta":{"rootId":"ocgtfgd4cf3k3rq","id":"oa9bhu0s9vco63f"},"id":"xjeso9gb7fmric1","previousOperationId":"cdu07mrkpoiczmy"}
{"type":"operationEnd","operationId":"cdu07mrkpoiczmy","timestamp":1677064571627,"id":"nq9xr6qamvngi5b","previousEventId":"2b22go0tl4yw4es","previousOperationId":"cdu07mrkpoiczmy"}
{"type":"log","timestamp":1677064571627,"level":"debug","message":"Skipping storing report.","meta":{"rootId":"ocgtfgd4cf3k3rq","id":"oa9bhu0s9vco63f"},"id":"asxyikwgmhnj5sb","previousOperationId":"cdu07mrkpoiczmy"}
{"type":"log","timestamp":1677064571627,"level":"info","message":"Rendering (child) request finished in 910 ms","meta":{"rootId":"ocgtfgd4cf3k3rq","id":"oa9bhu0s9vco63f"},"id":"t7kurc253ew9nd3","previousOperationId":"cdu07mrkpoiczmy"}
{"type":"operationEnd","subtype":"render","operationId":"3sei9sssichosin","timestamp":1677064571628,"id":"xjv427fpz5x9av9","previousEventId":"nq9xr6qamvngi5b","previousOperationId":"cdu07mrkpoiczmy"}
{"type":"operationEnd","operationId":"ojeszws963422wk","timestamp":1677064571638,"id":"sk7e0z2xbaomufb","previousEventId":"9aiefrzoarn2aey","previousOperationId":"ojeszws963422wk"}
{"type":"log","timestamp":1677064571638,"level":"debug","message":"pdf-utils postproces start","meta":{"rootId":"ocgtfgd4cf3k3rq","id":"ocgtfgd4cf3k3rq"},"id":"ndj7419qizntml8","previousOperationId":"ojeszws963422wk"}
{"type":"log","timestamp":1677064571648,"level":"debug","message":"pdf-utils postproces end","meta":{"rootId":"ocgtfgd4cf3k3rq","id":"ocgtfgd4cf3k3rq"},"id":"x4jdbuspziclog0","previousOperationId":"ojeszws963422wk"}
{"type":"operationEnd","operationId":"8z8n03dhiieqwtr","timestamp":1677064571648,"id":"hy6vx5r0uhh645l","previousEventId":"sk7e0z2xbaomufb","previousOperationId":"ojeszws963422wk"}
{"type":"log","timestamp":1677064571648,"level":"info","message":"pdf-utils pdf processing was finished","meta":{"rootId":"ocgtfgd4cf3k3rq","id":"ocgtfgd4cf3k3rq"},"id":"mm73wcbm88wgh3x","previousOperationId":"8z8n03dhiieqwtr"}
{"type":"log","timestamp":1677064571648,"level":"debug","message":"Skipping storing report.","meta":{"rootId":"ocgtfgd4cf3k3rq","id":"ocgtfgd4cf3k3rq"},"id":"tzk176dqh50k15k","previousOperationId":"8z8n03dhiieqwtr"}
{"type":"log","timestamp":1677064571648,"level":"info","message":"Rendering request 4 finished in 931 ms","meta":{"rootId":"ocgtfgd4cf3k3rq","id":"ocgtfgd4cf3k3rq"},"id":"irx4f9kw0jsr8bv","previousOperationId":"8z8n03dhiieqwtr"}
{"type":"operationEnd","subtype":"render","operationId":"u3ja8i39et4iftc","timestamp":1677064571648,"id":"gd8qgvxuxz5ruim","previousEventId":"hy6vx5r0uhh645l","previousOperationId":"8z8n03dhiieqwtr"}
{"type":"operationEnd","doDiffs":false,"previousEventId":"ujj8p7g0p0tka4g","previousOperationId":"bjmbvu942v4vtsd","operationId":"bjmbvu942v4vtsd","timestamp":1677064571657,"id":"bdwokivm29xl44g"}
