{"type":"operationStart","subtype":"profile","data":{"_id":"26bYWydMx5cUPC1g","timestamp":"2023-02-22T11:19:11.317Z","state":"queued","mode":"standard","creationDate":"2023-02-22T11:19:11.319Z","modificationDate":"2023-02-22T11:19:11.319Z","shortid":"2jej_pW","$entitySet":"profiles"},"doDiffs":false,"timestamp":1677064751318,"id":"lvo1ystjwtebj94","previousOperationId":null,"operationId":"erze99lf55g0y00"}
{"type":"log","level":"info","message":"Render request 7 queued for execution and waiting for available worker","previousOperationId":"erze99lf55g0y00","timestamp":1677064751318,"id":"owwnrr9v07niaap"}
{"type":"operationStart","subtype":"render","name":"events-main","previousOperationId":"erze99lf55g0y00","timestamp":1677064751331,"id":"lf2sypsr1wmhzs9","previousEventId":"lvo1ystjwtebj94","operationId":"txyv9gva319cmi6"}
{"type":"log","timestamp":1677064751331,"level":"info","message":"Starting rendering request 7","meta":{"rootId":"s2qu6l7azurahfa","id":"s2qu6l7azurahfa"},"id":"2obuvrt7x8jx3ho","previousOperationId":"txyv9gva319cmi6"}
{"type":"log","timestamp":1677064751331,"level":"info","message":"Rendering template { name: events-main, recipe: chrome-pdf, engine: handlebars, preview: true }","meta":{"rootId":"s2qu6l7azurahfa","id":"s2qu6l7azurahfa"},"id":"pp5glacpa5d7k98","previousOperationId":"txyv9gva319cmi6"}
{"type":"log","timestamp":1677064751332,"level":"debug","message":"Data item not defined for this template.","meta":{"rootId":"s2qu6l7azurahfa","id":"s2qu6l7azurahfa"},"id":"8ec0x703ay3zvm2","previousOperationId":"txyv9gva319cmi6"}
{"type":"log","timestamp":1677064751335,"level":"debug","message":"Executing script events-script (beforeRender)","meta":{"rootId":"s2qu6l7azurahfa","id":"s2qu6l7azurahfa"},"id":"x6coxqci3z2ui5k","previousOperationId":"txyv9gva319cmi6"}
{"type":"operationStart","subtype":"scriptsBeforeRender","name":"scripts beforeRender","timestamp":1677064751365,"id":"3q621uzg6z13gcq","previousEventId":"lf2sypsr1wmhzs9","operationId":"mur2mzjuaj5bpok","previousOperationId":"txyv9gva319cmi6"}
{"type":"operationStart","subtype":"script","name":"scripts events-script","previousOperationId":"mur2mzjuaj5bpok","timestamp":1677064751365,"id":"82d2xa12g4r9li1","previousEventId":"3q621uzg6z13gcq","operationId":"qekel8dvaewh4ll"}
{"type":"operationEnd","operationId":"qekel8dvaewh4ll","timestamp":1677064751595,"id":"ympm1e98h59o1nc","previousEventId":"lf2sypsr1wmhzs9","previousOperationId":"txyv9gva319cmi6"}
{"type":"operationEnd","operationId":"mur2mzjuaj5bpok","timestamp":1677064751595,"id":"6q4iig4lwtnd55g","previousEventId":"ympm1e98h59o1nc","previousOperationId":"txyv9gva319cmi6"}
{"type":"log","timestamp":1677064751595,"level":"debug","message":"Base url not specified, skipping its injection.","meta":{"rootId":"s2qu6l7azurahfa","id":"s2qu6l7azurahfa"},"id":"j8y1f91xs9lko9u","previousOperationId":"mur2mzjuaj5bpok"}
{"type":"operationStart","subtype":"engine","name":"handlebars","timestamp":1677064751596,"id":"smr4thh0xtdytjt","previousEventId":"6q4iig4lwtnd55g","operationId":"cf9t5pscc03yf7j","previousOperationId":"mur2mzjuaj5bpok"}
{"type":"log","timestamp":1677064751596,"level":"debug","message":"Rendering engine handlebars","meta":{"rootId":"s2qu6l7azurahfa","id":"s2qu6l7azurahfa"},"id":"l26fv2i73zwpgav","previousOperationId":"cf9t5pscc03yf7j"}
{"type":"operationEnd","operationId":"cf9t5pscc03yf7j","timestamp":1677064751609,"id":"x8u43kjy6wvnn8u","previousEventId":"smr4thh0xtdytjt","previousOperationId":"cf9t5pscc03yf7j"}
{"type":"operationStart","subtype":"recipe","name":"chrome-pdf","timestamp":1677064751610,"id":"l5f9dw5fgcuwpi6","previousEventId":"x8u43kjy6wvnn8u","operationId":"j8s2mmnls9rd2l0","previousOperationId":"cf9t5pscc03yf7j"}
{"type":"log","timestamp":1677064751610,"level":"debug","message":"Executing recipe chrome-pdf","meta":{"rootId":"s2qu6l7azurahfa","id":"s2qu6l7azurahfa"},"id":"ubdzlh7oaecm5ay","previousOperationId":"j8s2mmnls9rd2l0"}
{"type":"log","timestamp":1677064751613,"level":"debug","message":"Converting with chrome HeadlessChrome/105.0.5173.0 using chrome-pool strategy","meta":{"rootId":"s2qu6l7azurahfa","id":"s2qu6l7azurahfa"},"id":"rcuvxy4mll94os4","previousOperationId":"j8s2mmnls9rd2l0"}
{"type":"log","timestamp":1677064751718,"level":"debug","message":"Page request: GET (document) file:///C:/Users/pollo/AppData/Local/Temp/jsreport/autocleanup/f1c472dd-d828-40db-83a2-e3ce5a839ad7-chrome-pdf.html","meta":{"rootId":"s2qu6l7azurahfa","id":"s2qu6l7azurahfa"},"id":"k4hewd63d6ss425","previousOperationId":"j8s2mmnls9rd2l0"}
{"type":"log","timestamp":1677064751738,"level":"debug","message":"Page request finished: GET (document) 200 file:///C:/Users/pollo/AppData/Local/Temp/jsreport/autocleanup/f1c472dd-d828-40db-83a2-e3ce5a839ad7-chrome-pdf.html","meta":{"rootId":"s2qu6l7azurahfa","id":"s2qu6l7azurahfa"},"id":"jogd35g3c7jzr8f","previousOperationId":"j8s2mmnls9rd2l0"}
{"type":"log","timestamp":1677064751738,"level":"debug","message":"Page request: GET (stylesheet) https://cdnjs.cloudflare.com/ajax/libs/metro/4.1.5/css/metro.min.css","meta":{"rootId":"s2qu6l7azurahfa","id":"s2qu6l7azurahfa"},"id":"c8bjbkz4rcec8gd","previousOperationId":"j8s2mmnls9rd2l0"}
{"type":"log","timestamp":1677064751738,"level":"debug","message":"Page request: GET (script) https://cdn.jsdelivr.net/npm/chart.js","meta":{"rootId":"s2qu6l7azurahfa","id":"s2qu6l7azurahfa"},"id":"hwx9cldny4m3cfq","previousOperationId":"j8s2mmnls9rd2l0"}
{"type":"log","timestamp":1677064751745,"level":"debug","message":"Page request finished: GET (script) 200 https://cdn.jsdelivr.net/npm/chart.js","meta":{"rootId":"s2qu6l7azurahfa","id":"s2qu6l7azurahfa"},"id":"93gcywtuul4p3z1","previousOperationId":"j8s2mmnls9rd2l0"}
{"type":"log","timestamp":1677064751762,"level":"debug","message":"Page request finished: GET (stylesheet) 200 https://cdnjs.cloudflare.com/ajax/libs/metro/4.1.5/css/metro.min.css","meta":{"rootId":"s2qu6l7azurahfa","id":"s2qu6l7azurahfa"},"id":"xycxa6dfz3prhn6","previousOperationId":"j8s2mmnls9rd2l0"}
{"type":"log","timestamp":1677064751872,"level":"debug","message":"Running chrome with params {\"printBackground\":true,\"marginTop\":\"4cm\",\"marginRight\":\"1.5cm\",\"marginBottom\":\"1.5cm\",\"marginLeft\":\"1.5cm\",\"waitForJS\":false,\"timeout\":59705,\"margin\":{\"top\":\"4cm\",\"right\":\"1.5cm\",\"bottom\":\"1.5cm\",\"left\":\"1.5cm\"}}","meta":{"rootId":"s2qu6l7azurahfa","id":"s2qu6l7azurahfa"},"id":"1gag97adw7o6weo","previousOperationId":"j8s2mmnls9rd2l0"}
{"type":"operationEnd","operationId":"j8s2mmnls9rd2l0","timestamp":1677064751960,"id":"zaxcu0ro69df4vy","previousEventId":"l5f9dw5fgcuwpi6","previousOperationId":"j8s2mmnls9rd2l0"}
{"type":"log","timestamp":1677064751960,"level":"info","message":"pdf-utils is starting pdf processing","meta":{"rootId":"s2qu6l7azurahfa","id":"s2qu6l7azurahfa"},"id":"067kg718i30cano","previousOperationId":"j8s2mmnls9rd2l0"}
{"type":"operationStart","subtype":"pdfUtils","name":"pdf utils","timestamp":1677064751960,"id":"7dgl1pni4mcx89x","previousEventId":"zaxcu0ro69df4vy","operationId":"l9ux26p8lkugi76","previousOperationId":"j8s2mmnls9rd2l0"}
{"type":"log","timestamp":1677064751960,"level":"debug","message":"pdf-utils detected 1 pdf operation(s) to process","meta":{"rootId":"s2qu6l7azurahfa","id":"s2qu6l7azurahfa"},"id":"fk7h8omes94jyz6","previousOperationId":"l9ux26p8lkugi76"}
{"type":"log","timestamp":1677064751988,"level":"debug","message":"pdf-utils running pdf operation merge","meta":{"rootId":"s2qu6l7azurahfa","id":"s2qu6l7azurahfa"},"id":"cwh5wnn336fpjq8","previousOperationId":"l9ux26p8lkugi76"}
{"type":"operationStart","subtype":"pdfUtilsMerge","name":"pdf utils merge","previousOperationId":"l9ux26p8lkugi76","timestamp":1677064751988,"id":"w2f7k7cdcrpwqm5","previousEventId":"7dgl1pni4mcx89x","operationId":"63lxoho71ko9bce"}
{"type":"operationStart","subtype":"render","name":"events-header","previousOperationId":"63lxoho71ko9bce","timestamp":1677064751989,"id":"h3zwhg105t9yunb","previousEventId":"w2f7k7cdcrpwqm5","operationId":"q5kytxi961swfqg"}
{"type":"log","timestamp":1677064751989,"level":"info","message":"Starting rendering (child) request","meta":{"rootId":"s2qu6l7azurahfa","id":"cmz2kf0dw66la1r"},"id":"whjfftjr9f4pmen","previousOperationId":"q5kytxi961swfqg"}
{"type":"log","timestamp":1677064751990,"level":"info","message":"Rendering template { name: events-header, recipe: chrome-pdf, engine: handlebars, preview: true }","meta":{"rootId":"s2qu6l7azurahfa","id":"cmz2kf0dw66la1r"},"id":"55muv0hx8ji1laf","previousOperationId":"q5kytxi961swfqg"}
{"type":"log","timestamp":1677064751990,"level":"debug","message":"Inline data specified.","meta":{"rootId":"s2qu6l7azurahfa","id":"cmz2kf0dw66la1r"},"id":"7x7095e1y8pxpd1","previousOperationId":"q5kytxi961swfqg"}
{"type":"log","timestamp":1677064751994,"level":"debug","message":"Base url not specified, skipping its injection.","meta":{"rootId":"s2qu6l7azurahfa","id":"cmz2kf0dw66la1r"},"id":"uurdvzf6vu3i4f0","previousOperationId":"q5kytxi961swfqg"}
{"type":"operationStart","subtype":"engine","name":"handlebars","timestamp":1677064751994,"id":"ofl0af2c9k92o0l","previousEventId":"h3zwhg105t9yunb","operationId":"h2pwkj7pum7payq","previousOperationId":"q5kytxi961swfqg"}
{"type":"log","timestamp":1677064751994,"level":"debug","message":"Rendering engine handlebars","meta":{"rootId":"s2qu6l7azurahfa","id":"cmz2kf0dw66la1r"},"id":"uvcjbjvej7082ak","previousOperationId":"h2pwkj7pum7payq"}
{"type":"operationEnd","operationId":"h2pwkj7pum7payq","timestamp":1677064752013,"id":"hrb9rguzhu65hd5","previousEventId":"ofl0af2c9k92o0l","previousOperationId":"h2pwkj7pum7payq"}
{"type":"operationStart","subtype":"recipe","name":"chrome-pdf","timestamp":1677064752013,"id":"3iluuhlvye8w6sm","previousEventId":"hrb9rguzhu65hd5","operationId":"yplebwkevvcm7hy","previousOperationId":"h2pwkj7pum7payq"}
{"type":"log","timestamp":1677064752013,"level":"debug","message":"Executing recipe chrome-pdf","meta":{"rootId":"s2qu6l7azurahfa","id":"cmz2kf0dw66la1r"},"id":"qvfyhkt8r6iw4ng","previousOperationId":"yplebwkevvcm7hy"}
{"type":"log","timestamp":1677064752015,"level":"debug","message":"Converting with chrome HeadlessChrome/105.0.5173.0 using chrome-pool strategy","meta":{"rootId":"s2qu6l7azurahfa","id":"cmz2kf0dw66la1r"},"id":"76dnso5neqywf90","previousOperationId":"yplebwkevvcm7hy"}
{"type":"log","timestamp":1677064752129,"level":"debug","message":"Page request: GET (document) file:///C:/Users/pollo/AppData/Local/Temp/jsreport/autocleanup/7939033c-534e-4e8c-bd36-ec48f167fc49-chrome-pdf.html","meta":{"rootId":"s2qu6l7azurahfa","id":"cmz2kf0dw66la1r"},"id":"jrz04tdkp9hu0dd","previousOperationId":"yplebwkevvcm7hy"}
{"type":"log","timestamp":1677064752140,"level":"debug","message":"Page request finished: GET (document) 200 file:///C:/Users/pollo/AppData/Local/Temp/jsreport/autocleanup/7939033c-534e-4e8c-bd36-ec48f167fc49-chrome-pdf.html","meta":{"rootId":"s2qu6l7azurahfa","id":"cmz2kf0dw66la1r"},"id":"dclegd710ltongj","previousOperationId":"yplebwkevvcm7hy"}
{"type":"log","timestamp":1677064752140,"level":"debug","message":"Page request: GET (stylesheet) https://cdnjs.cloudflare.com/ajax/libs/metro/4.1.5/css/metro.min.css","meta":{"rootId":"s2qu6l7azurahfa","id":"cmz2kf0dw66la1r"},"id":"bg11y9rcatyabfj","previousOperationId":"yplebwkevvcm7hy"}
{"type":"log","timestamp":1677064752163,"level":"debug","message":"Page request finished: GET (stylesheet) 200 https://cdnjs.cloudflare.com/ajax/libs/metro/4.1.5/css/metro.min.css","meta":{"rootId":"s2qu6l7azurahfa","id":"cmz2kf0dw66la1r"},"id":"2cqha6dq83gbsik","previousOperationId":"yplebwkevvcm7hy"}
{"type":"log","timestamp":1677064752185,"level":"debug","message":"Running chrome with params {\"printBackground\":true,\"marginTop\":\"1.5cm\",\"marginRight\":\"1.5cm\",\"marginLeft\":\"1.cm\",\"timeout\":59303,\"margin\":{\"top\":\"1.5cm\",\"right\":\"1.5cm\",\"left\":\"1.cm\"}}","meta":{"rootId":"s2qu6l7azurahfa","id":"cmz2kf0dw66la1r"},"id":"p6esgot10teppnc","previousOperationId":"yplebwkevvcm7hy"}
{"type":"operationEnd","operationId":"yplebwkevvcm7hy","timestamp":1677064752240,"id":"tk8ki89o5mmjzfw","previousEventId":"3iluuhlvye8w6sm","previousOperationId":"yplebwkevvcm7hy"}
{"type":"log","timestamp":1677064752241,"level":"debug","message":"Skipping storing report.","meta":{"rootId":"s2qu6l7azurahfa","id":"cmz2kf0dw66la1r"},"id":"bp91mnejqyyer14","previousOperationId":"yplebwkevvcm7hy"}
{"type":"log","timestamp":1677064752241,"level":"info","message":"Rendering (child) request finished in 924 ms","meta":{"rootId":"s2qu6l7azurahfa","id":"cmz2kf0dw66la1r"},"id":"eudaqj59nxjvgua","previousOperationId":"yplebwkevvcm7hy"}
{"type":"operationEnd","subtype":"render","operationId":"q5kytxi961swfqg","timestamp":1677064752241,"id":"8la6t00qj9kbu5d","previousEventId":"tk8ki89o5mmjzfw","previousOperationId":"yplebwkevvcm7hy"}
{"type":"operationEnd","operationId":"63lxoho71ko9bce","timestamp":1677064752247,"id":"w9z3mmt6labhk1d","previousEventId":"w2f7k7cdcrpwqm5","previousOperationId":"63lxoho71ko9bce"}
{"type":"log","timestamp":1677064752247,"level":"debug","message":"pdf-utils postproces start","meta":{"rootId":"s2qu6l7azurahfa","id":"s2qu6l7azurahfa"},"id":"2fs4peco0f2lkux","previousOperationId":"63lxoho71ko9bce"}
{"type":"log","timestamp":1677064752254,"level":"debug","message":"pdf-utils postproces end","meta":{"rootId":"s2qu6l7azurahfa","id":"s2qu6l7azurahfa"},"id":"8idkzygpddeobbj","previousOperationId":"63lxoho71ko9bce"}
{"type":"operationEnd","operationId":"l9ux26p8lkugi76","timestamp":1677064752254,"id":"k7dznpfsq0o4ubm","previousEventId":"w9z3mmt6labhk1d","previousOperationId":"63lxoho71ko9bce"}
{"type":"log","timestamp":1677064752254,"level":"info","message":"pdf-utils pdf processing was finished","meta":{"rootId":"s2qu6l7azurahfa","id":"s2qu6l7azurahfa"},"id":"xzhrj9pvtlgicue","previousOperationId":"l9ux26p8lkugi76"}
{"type":"log","timestamp":1677064752254,"level":"debug","message":"Skipping storing report.","meta":{"rootId":"s2qu6l7azurahfa","id":"s2qu6l7azurahfa"},"id":"mlo4l9azki8d4nv","previousOperationId":"l9ux26p8lkugi76"}
{"type":"log","timestamp":1677064752254,"level":"info","message":"Rendering request 7 finished in 937 ms","meta":{"rootId":"s2qu6l7azurahfa","id":"s2qu6l7azurahfa"},"id":"p9b0ltsh90mn94a","previousOperationId":"l9ux26p8lkugi76"}
{"type":"operationEnd","subtype":"render","operationId":"txyv9gva319cmi6","timestamp":1677064752254,"id":"3bvbhh5tj291oj9","previousEventId":"k7dznpfsq0o4ubm","previousOperationId":"l9ux26p8lkugi76"}
{"type":"operationEnd","doDiffs":false,"previousEventId":"lvo1ystjwtebj94","previousOperationId":"erze99lf55g0y00","operationId":"erze99lf55g0y00","timestamp":1677064752261,"id":"ud2ovozwaqgsthg"}
