{"type":"operationStart","subtype":"profile","data":{"_id":"aPJwdNRJ3u7z3QLx","timestamp":"2023-02-24T18:59:11.717Z","state":"queued","mode":"standard","creationDate":"2023-02-24T18:59:11.719Z","modificationDate":"2023-02-24T18:59:11.719Z","shortid":"UZ3j23U","$entitySet":"profiles"},"doDiffs":false,"timestamp":1677265151718,"id":"7hjfn3ymm6m8p28","previousOperationId":null,"operationId":"qx7pkw7rzupau2w"}
{"type":"log","level":"info","message":"Render request 4 queued for execution and waiting for available worker","previousOperationId":"qx7pkw7rzupau2w","timestamp":1677265151718,"id":"s5p7btv2ruikv5w"}
{"type":"operationStart","subtype":"render","name":"events-main","previousOperationId":"qx7pkw7rzupau2w","timestamp":1677265151725,"id":"70wgkqnvio4veqp","previousEventId":"7hjfn3ymm6m8p28","operationId":"0h6k857vmv5z02h"}
{"type":"log","timestamp":1677265151725,"level":"info","message":"Starting rendering request 4","meta":{"rootId":"sg43sdsgl5zl787","id":"sg43sdsgl5zl787"},"id":"ncs7l2r7ywdx3o8","previousOperationId":"0h6k857vmv5z02h"}
{"type":"log","timestamp":1677265151725,"level":"info","message":"Rendering template { name: events-main, recipe: chrome-pdf, engine: handlebars, preview: false }","meta":{"rootId":"sg43sdsgl5zl787","id":"sg43sdsgl5zl787"},"id":"egxh5229grpc4cm","previousOperationId":"0h6k857vmv5z02h"}
{"type":"log","timestamp":1677265151726,"level":"debug","message":"Data item not defined for this template.","meta":{"rootId":"sg43sdsgl5zl787","id":"sg43sdsgl5zl787"},"id":"itq2c14s5e3np4o","previousOperationId":"0h6k857vmv5z02h"}
{"type":"log","timestamp":1677265151733,"level":"debug","message":"Executing script events-script (beforeRender)","meta":{"rootId":"sg43sdsgl5zl787","id":"sg43sdsgl5zl787"},"id":"1qjgnuhz9e2p9s8","previousOperationId":"0h6k857vmv5z02h"}
{"type":"operationStart","subtype":"scriptsBeforeRender","name":"scripts beforeRender","timestamp":1677265151767,"id":"wj6jatk44pu3py6","previousEventId":"70wgkqnvio4veqp","operationId":"88yk68muujaaz0o","previousOperationId":"0h6k857vmv5z02h"}
{"type":"operationStart","subtype":"script","name":"scripts events-script","previousOperationId":"88yk68muujaaz0o","timestamp":1677265151767,"id":"00d2dzvwbgimrow","previousEventId":"wj6jatk44pu3py6","operationId":"i0xcndlmiwvogm6"}
{"type":"operationEnd","operationId":"i0xcndlmiwvogm6","timestamp":1677265151984,"id":"lqg36nn9rcrzap1","previousEventId":"70wgkqnvio4veqp","previousOperationId":"0h6k857vmv5z02h"}
{"type":"operationEnd","operationId":"88yk68muujaaz0o","timestamp":1677265151984,"id":"9e6dj2bq7560oxi","previousEventId":"lqg36nn9rcrzap1","previousOperationId":"0h6k857vmv5z02h"}
{"type":"log","timestamp":1677265151984,"level":"debug","message":"Base url not specified, skipping its injection.","meta":{"rootId":"sg43sdsgl5zl787","id":"sg43sdsgl5zl787"},"id":"snyk1qq7k0c6ogi","previousOperationId":"88yk68muujaaz0o"}
{"type":"operationStart","subtype":"engine","name":"handlebars","timestamp":1677265151985,"id":"6yokc02mvg8mts5","previousEventId":"9e6dj2bq7560oxi","operationId":"41xg89m2n1oi1x8","previousOperationId":"88yk68muujaaz0o"}
{"type":"log","timestamp":1677265151985,"level":"debug","message":"Rendering engine handlebars","meta":{"rootId":"sg43sdsgl5zl787","id":"sg43sdsgl5zl787"},"id":"i50gfiub3j2q6ns","previousOperationId":"41xg89m2n1oi1x8"}
{"type":"operationEnd","operationId":"41xg89m2n1oi1x8","timestamp":1677265151997,"id":"mzq4kkstvm93lz7","previousEventId":"6yokc02mvg8mts5","previousOperationId":"41xg89m2n1oi1x8"}
{"type":"operationStart","subtype":"recipe","name":"chrome-pdf","timestamp":1677265151997,"id":"ynuz53nozfroz7y","previousEventId":"mzq4kkstvm93lz7","operationId":"jyso53isfrl5v26","previousOperationId":"41xg89m2n1oi1x8"}
{"type":"log","timestamp":1677265151997,"level":"debug","message":"Executing recipe chrome-pdf","meta":{"rootId":"sg43sdsgl5zl787","id":"sg43sdsgl5zl787"},"id":"21atcqosyy5qw5g","previousOperationId":"jyso53isfrl5v26"}
{"type":"log","timestamp":1677265152001,"level":"debug","message":"Converting with chrome HeadlessChrome/105.0.5173.0 using chrome-pool strategy","meta":{"rootId":"sg43sdsgl5zl787","id":"sg43sdsgl5zl787"},"id":"otbypza6ewh1ooa","previousOperationId":"jyso53isfrl5v26"}
{"type":"log","timestamp":1677265152099,"level":"debug","message":"Page request: GET (document) file:///C:/Users/pollo/AppData/Local/Temp/jsreport/autocleanup/905945c1-bab6-4462-bce9-7480faf5ea3e-chrome-pdf.html","meta":{"rootId":"sg43sdsgl5zl787","id":"sg43sdsgl5zl787"},"id":"l4uzhhe841azzy7","previousOperationId":"jyso53isfrl5v26"}
{"type":"log","timestamp":1677265152118,"level":"debug","message":"Page request finished: GET (document) 200 file:///C:/Users/pollo/AppData/Local/Temp/jsreport/autocleanup/905945c1-bab6-4462-bce9-7480faf5ea3e-chrome-pdf.html","meta":{"rootId":"sg43sdsgl5zl787","id":"sg43sdsgl5zl787"},"id":"vdcd0cqt5yfzbqp","previousOperationId":"jyso53isfrl5v26"}
{"type":"log","timestamp":1677265152118,"level":"debug","message":"Page request: GET (stylesheet) https://cdnjs.cloudflare.com/ajax/libs/metro/4.1.5/css/metro.min.css","meta":{"rootId":"sg43sdsgl5zl787","id":"sg43sdsgl5zl787"},"id":"8fujsy1juh13ggt","previousOperationId":"jyso53isfrl5v26"}
{"type":"log","timestamp":1677265152118,"level":"debug","message":"Page request: GET (script) https://cdn.jsdelivr.net/npm/chart.js","meta":{"rootId":"sg43sdsgl5zl787","id":"sg43sdsgl5zl787"},"id":"s0qllwms9sgo9uf","previousOperationId":"jyso53isfrl5v26"}
{"type":"log","timestamp":1677265152125,"level":"debug","message":"Page request finished: GET (script) 200 https://cdn.jsdelivr.net/npm/chart.js","meta":{"rootId":"sg43sdsgl5zl787","id":"sg43sdsgl5zl787"},"id":"7d7qsl2i5gjewhx","previousOperationId":"jyso53isfrl5v26"}
{"type":"log","timestamp":1677265152142,"level":"debug","message":"Page request finished: GET (stylesheet) 200 https://cdnjs.cloudflare.com/ajax/libs/metro/4.1.5/css/metro.min.css","meta":{"rootId":"sg43sdsgl5zl787","id":"sg43sdsgl5zl787"},"id":"mgem361uhdj0etw","previousOperationId":"jyso53isfrl5v26"}
{"type":"log","timestamp":1677265152239,"level":"debug","message":"Running chrome with params {\"printBackground\":true,\"marginTop\":\"4cm\",\"marginRight\":\"1.5cm\",\"marginBottom\":\"1.5cm\",\"marginLeft\":\"1.5cm\",\"waitForJS\":false,\"timeout\":59717,\"margin\":{\"top\":\"4cm\",\"right\":\"1.5cm\",\"bottom\":\"1.5cm\",\"left\":\"1.5cm\"}}","meta":{"rootId":"sg43sdsgl5zl787","id":"sg43sdsgl5zl787"},"id":"u4kk4p3s4o1ndfv","previousOperationId":"jyso53isfrl5v26"}
{"type":"operationEnd","operationId":"jyso53isfrl5v26","timestamp":1677265152322,"id":"2xzm3z5idtatm0z","previousEventId":"ynuz53nozfroz7y","previousOperationId":"jyso53isfrl5v26"}
{"type":"log","timestamp":1677265152322,"level":"info","message":"pdf-utils is starting pdf processing","meta":{"rootId":"sg43sdsgl5zl787","id":"sg43sdsgl5zl787"},"id":"pjom8tz9042s4s9","previousOperationId":"jyso53isfrl5v26"}
{"type":"operationStart","subtype":"pdfUtils","name":"pdf utils","timestamp":1677265152322,"id":"p9g1e4zk61u8us2","previousEventId":"2xzm3z5idtatm0z","operationId":"21fytfjcx4dn5yv","previousOperationId":"jyso53isfrl5v26"}
{"type":"log","timestamp":1677265152322,"level":"debug","message":"pdf-utils detected 1 pdf operation(s) to process","meta":{"rootId":"sg43sdsgl5zl787","id":"sg43sdsgl5zl787"},"id":"kn7yyicf302tfbh","previousOperationId":"21fytfjcx4dn5yv"}
{"type":"log","timestamp":1677265152351,"level":"debug","message":"pdf-utils running pdf operation merge","meta":{"rootId":"sg43sdsgl5zl787","id":"sg43sdsgl5zl787"},"id":"jl0bqsf4s08ye07","previousOperationId":"21fytfjcx4dn5yv"}
{"type":"operationStart","subtype":"pdfUtilsMerge","name":"pdf utils merge","previousOperationId":"21fytfjcx4dn5yv","timestamp":1677265152352,"id":"zrrg6vmqtmf6tcl","previousEventId":"p9g1e4zk61u8us2","operationId":"l5osvxw90ad8yjb"}
{"type":"operationStart","subtype":"render","name":"events-header","previousOperationId":"l5osvxw90ad8yjb","timestamp":1677265152353,"id":"31b52gr3ugei53h","previousEventId":"zrrg6vmqtmf6tcl","operationId":"njctwxprqjue3c3"}
{"type":"log","timestamp":1677265152353,"level":"info","message":"Starting rendering (child) request","meta":{"rootId":"sg43sdsgl5zl787","id":"ui2yzblhw72gvpn"},"id":"pnfkae9y3fuxo5d","previousOperationId":"njctwxprqjue3c3"}
{"type":"log","timestamp":1677265152353,"level":"info","message":"Rendering template { name: events-header, recipe: chrome-pdf, engine: handlebars, preview: false }","meta":{"rootId":"sg43sdsgl5zl787","id":"ui2yzblhw72gvpn"},"id":"jh9brobw422q6pb","previousOperationId":"njctwxprqjue3c3"}
{"type":"log","timestamp":1677265152354,"level":"debug","message":"Inline data specified.","meta":{"rootId":"sg43sdsgl5zl787","id":"ui2yzblhw72gvpn"},"id":"f9atqaz1zonceuf","previousOperationId":"njctwxprqjue3c3"}
{"type":"log","timestamp":1677265152356,"level":"debug","message":"Base url not specified, skipping its injection.","meta":{"rootId":"sg43sdsgl5zl787","id":"ui2yzblhw72gvpn"},"id":"spimj8tzvsgzxu5","previousOperationId":"njctwxprqjue3c3"}
{"type":"operationStart","subtype":"engine","name":"handlebars","timestamp":1677265152356,"id":"a9oy5g17cylzjbh","previousEventId":"31b52gr3ugei53h","operationId":"ijh2wypg8r40u7z","previousOperationId":"njctwxprqjue3c3"}
{"type":"log","timestamp":1677265152357,"level":"debug","message":"Rendering engine handlebars","meta":{"rootId":"sg43sdsgl5zl787","id":"ui2yzblhw72gvpn"},"id":"klpdzvs8cr3a45e","previousOperationId":"ijh2wypg8r40u7z"}
{"type":"operationEnd","operationId":"ijh2wypg8r40u7z","timestamp":1677265152370,"id":"nirkew54wimendo","previousEventId":"a9oy5g17cylzjbh","previousOperationId":"ijh2wypg8r40u7z"}
{"type":"operationStart","subtype":"recipe","name":"chrome-pdf","timestamp":1677265152370,"id":"u32gbc7km2pzvj0","previousEventId":"nirkew54wimendo","operationId":"hmk2rft11kmmn6j","previousOperationId":"ijh2wypg8r40u7z"}
{"type":"log","timestamp":1677265152370,"level":"debug","message":"Executing recipe chrome-pdf","meta":{"rootId":"sg43sdsgl5zl787","id":"ui2yzblhw72gvpn"},"id":"ngepntx1mzqkxpo","previousOperationId":"hmk2rft11kmmn6j"}
{"type":"log","timestamp":1677265152372,"level":"debug","message":"Converting with chrome HeadlessChrome/105.0.5173.0 using chrome-pool strategy","meta":{"rootId":"sg43sdsgl5zl787","id":"ui2yzblhw72gvpn"},"id":"o9nk3ulqoxxzc53","previousOperationId":"hmk2rft11kmmn6j"}
{"type":"log","timestamp":1677265152473,"level":"debug","message":"Page request: GET (document) file:///C:/Users/pollo/AppData/Local/Temp/jsreport/autocleanup/0e09c7bd-fb4f-421f-a0c4-b8ea87dd199b-chrome-pdf.html","meta":{"rootId":"sg43sdsgl5zl787","id":"ui2yzblhw72gvpn"},"id":"x7ve3t4gy1ljz80","previousOperationId":"hmk2rft11kmmn6j"}
{"type":"log","timestamp":1677265152483,"level":"debug","message":"Page request finished: GET (document) 200 file:///C:/Users/pollo/AppData/Local/Temp/jsreport/autocleanup/0e09c7bd-fb4f-421f-a0c4-b8ea87dd199b-chrome-pdf.html","meta":{"rootId":"sg43sdsgl5zl787","id":"ui2yzblhw72gvpn"},"id":"pth4zbbmgp3rf7d","previousOperationId":"hmk2rft11kmmn6j"}
{"type":"log","timestamp":1677265152483,"level":"debug","message":"Page request: GET (stylesheet) https://cdnjs.cloudflare.com/ajax/libs/metro/4.1.5/css/metro.min.css","meta":{"rootId":"sg43sdsgl5zl787","id":"ui2yzblhw72gvpn"},"id":"xqldpky20ije6i8","previousOperationId":"hmk2rft11kmmn6j"}
{"type":"log","timestamp":1677265152507,"level":"debug","message":"Page request finished: GET (stylesheet) 200 https://cdnjs.cloudflare.com/ajax/libs/metro/4.1.5/css/metro.min.css","meta":{"rootId":"sg43sdsgl5zl787","id":"ui2yzblhw72gvpn"},"id":"kkmsqg1qlihg9dv","previousOperationId":"hmk2rft11kmmn6j"}
{"type":"log","timestamp":1677265152529,"level":"debug","message":"Running chrome with params {\"printBackground\":true,\"marginTop\":\"1.5cm\",\"marginRight\":\"1.5cm\",\"marginLeft\":\"1.cm\",\"timeout\":59345,\"margin\":{\"top\":\"1.5cm\",\"right\":\"1.5cm\",\"left\":\"1.cm\"}}","meta":{"rootId":"sg43sdsgl5zl787","id":"ui2yzblhw72gvpn"},"id":"rm8q1hzn59yr9xt","previousOperationId":"hmk2rft11kmmn6j"}
{"type":"operationEnd","operationId":"hmk2rft11kmmn6j","timestamp":1677265152589,"id":"nbgy69va4qfy3dz","previousEventId":"u32gbc7km2pzvj0","previousOperationId":"hmk2rft11kmmn6j"}
{"type":"log","timestamp":1677265152589,"level":"debug","message":"Skipping storing report.","meta":{"rootId":"sg43sdsgl5zl787","id":"ui2yzblhw72gvpn"},"id":"kc9hbj3k1ww9xmw","previousOperationId":"hmk2rft11kmmn6j"}
{"type":"log","timestamp":1677265152590,"level":"info","message":"Rendering (child) request finished in 873 ms","meta":{"rootId":"sg43sdsgl5zl787","id":"ui2yzblhw72gvpn"},"id":"d9djf9y2lv8gxh8","previousOperationId":"hmk2rft11kmmn6j"}
{"type":"operationEnd","subtype":"render","operationId":"njctwxprqjue3c3","timestamp":1677265152590,"id":"eojrj1vx85l86zs","previousEventId":"nbgy69va4qfy3dz","previousOperationId":"hmk2rft11kmmn6j"}
{"type":"operationEnd","operationId":"l5osvxw90ad8yjb","timestamp":1677265152600,"id":"re02bkvgcqiitq8","previousEventId":"zrrg6vmqtmf6tcl","previousOperationId":"l5osvxw90ad8yjb"}
{"type":"log","timestamp":1677265152600,"level":"debug","message":"pdf-utils postproces start","meta":{"rootId":"sg43sdsgl5zl787","id":"sg43sdsgl5zl787"},"id":"i7lqsk4dmm6uir0","previousOperationId":"l5osvxw90ad8yjb"}
{"type":"log","timestamp":1677265152609,"level":"debug","message":"pdf-utils postproces end","meta":{"rootId":"sg43sdsgl5zl787","id":"sg43sdsgl5zl787"},"id":"b86amehq0aqzjbs","previousOperationId":"l5osvxw90ad8yjb"}
{"type":"operationEnd","operationId":"21fytfjcx4dn5yv","timestamp":1677265152609,"id":"hz40m05heryxzao","previousEventId":"re02bkvgcqiitq8","previousOperationId":"l5osvxw90ad8yjb"}
{"type":"log","timestamp":1677265152609,"level":"info","message":"pdf-utils pdf processing was finished","meta":{"rootId":"sg43sdsgl5zl787","id":"sg43sdsgl5zl787"},"id":"9hwsxeoof3w1xeb","previousOperationId":"21fytfjcx4dn5yv"}
{"type":"log","timestamp":1677265152609,"level":"debug","message":"Skipping storing report.","meta":{"rootId":"sg43sdsgl5zl787","id":"sg43sdsgl5zl787"},"id":"v0ctz0dw3vccwh2","previousOperationId":"21fytfjcx4dn5yv"}
{"type":"log","timestamp":1677265152609,"level":"info","message":"Rendering request 4 finished in 892 ms","meta":{"rootId":"sg43sdsgl5zl787","id":"sg43sdsgl5zl787"},"id":"aua38z1qpa3gtt6","previousOperationId":"21fytfjcx4dn5yv"}
{"type":"operationEnd","subtype":"render","operationId":"0h6k857vmv5z02h","timestamp":1677265152609,"id":"i9sg7zdoi8a9lty","previousEventId":"hz40m05heryxzao","previousOperationId":"21fytfjcx4dn5yv"}
{"type":"operationEnd","doDiffs":false,"previousEventId":"7hjfn3ymm6m8p28","previousOperationId":"qx7pkw7rzupau2w","operationId":"qx7pkw7rzupau2w","timestamp":1677265152615,"id":"bmb3d8kqtixyjpc"}
