{"type":"operationStart","subtype":"profile","data":{"_id":"FSnlH6rn9PVGVlk6","timestamp":"2023-02-24T19:55:28.327Z","state":"queued","mode":"standard","creationDate":"2023-02-24T19:55:28.329Z","modificationDate":"2023-02-24T19:55:28.329Z","shortid":"42lPrSb","$entitySet":"profiles"},"doDiffs":false,"timestamp":1677268528328,"id":"rahdmjdrq9l3vzc","previousOperationId":null,"operationId":"ot7sju71wok8krk"}
{"type":"log","level":"info","message":"Render request 5 queued for execution and waiting for available worker","previousOperationId":"ot7sju71wok8krk","timestamp":1677268528328,"id":"qb4gpg92hevtza1"}
{"type":"operationStart","subtype":"render","name":"events-main","previousOperationId":"ot7sju71wok8krk","timestamp":1677268528335,"id":"mwtwv4ghv1o07wf","previousEventId":"rahdmjdrq9l3vzc","operationId":"fmwo1i387ok66zt"}
{"type":"log","timestamp":1677268528336,"level":"info","message":"Starting rendering request 5","meta":{"rootId":"vobtfgln1f7oqb1","id":"vobtfgln1f7oqb1"},"id":"k7hkplj8o4e5gjw","previousOperationId":"fmwo1i387ok66zt"}
{"type":"log","timestamp":1677268528337,"level":"info","message":"Rendering template { name: events-main, recipe: chrome-pdf, engine: handlebars, preview: false }","meta":{"rootId":"vobtfgln1f7oqb1","id":"vobtfgln1f7oqb1"},"id":"78xs023hcg05wst","previousOperationId":"fmwo1i387ok66zt"}
{"type":"log","timestamp":1677268528338,"level":"debug","message":"Data item not defined for this template.","meta":{"rootId":"vobtfgln1f7oqb1","id":"vobtfgln1f7oqb1"},"id":"jyyjs90jt5zljej","previousOperationId":"fmwo1i387ok66zt"}
{"type":"log","timestamp":1677268528342,"level":"debug","message":"Executing script events-script (beforeRender)","meta":{"rootId":"vobtfgln1f7oqb1","id":"vobtfgln1f7oqb1"},"id":"7fuhb3mfevuddxk","previousOperationId":"fmwo1i387ok66zt"}
{"type":"operationStart","subtype":"scriptsBeforeRender","name":"scripts beforeRender","timestamp":1677268528375,"id":"cjvgoka3paggj64","previousEventId":"mwtwv4ghv1o07wf","operationId":"nuvgcrpzhymcv33","previousOperationId":"fmwo1i387ok66zt"}
{"type":"operationStart","subtype":"script","name":"scripts events-script","previousOperationId":"nuvgcrpzhymcv33","timestamp":1677268528375,"id":"w019l7mphtrkdj1","previousEventId":"cjvgoka3paggj64","operationId":"m3keg8vvjcddyt8"}
{"type":"operationEnd","operationId":"m3keg8vvjcddyt8","timestamp":1677268528631,"id":"ixe2qiombx0wjeo","previousEventId":"mwtwv4ghv1o07wf","previousOperationId":"fmwo1i387ok66zt"}
{"type":"operationEnd","operationId":"nuvgcrpzhymcv33","timestamp":1677268528631,"id":"n3p03jxugzfxs8m","previousEventId":"ixe2qiombx0wjeo","previousOperationId":"fmwo1i387ok66zt"}
{"type":"log","timestamp":1677268528631,"level":"debug","message":"Base url not specified, skipping its injection.","meta":{"rootId":"vobtfgln1f7oqb1","id":"vobtfgln1f7oqb1"},"id":"z9u8xvkjsjo6y7x","previousOperationId":"nuvgcrpzhymcv33"}
{"type":"operationStart","subtype":"engine","name":"handlebars","timestamp":1677268528631,"id":"lsyquz8ni1c87c4","previousEventId":"n3p03jxugzfxs8m","operationId":"abgism4h7m82vw6","previousOperationId":"nuvgcrpzhymcv33"}
{"type":"log","timestamp":1677268528631,"level":"debug","message":"Rendering engine handlebars","meta":{"rootId":"vobtfgln1f7oqb1","id":"vobtfgln1f7oqb1"},"id":"080dz27c7ig0mrg","previousOperationId":"abgism4h7m82vw6"}
{"type":"operationEnd","operationId":"abgism4h7m82vw6","timestamp":1677268528638,"id":"e7sxdlpbh58fmmc","previousEventId":"lsyquz8ni1c87c4","previousOperationId":"abgism4h7m82vw6"}
{"type":"operationStart","subtype":"recipe","name":"chrome-pdf","timestamp":1677268528638,"id":"wlazimgn1c3mjmk","previousEventId":"e7sxdlpbh58fmmc","operationId":"30gstv4y117l91b","previousOperationId":"abgism4h7m82vw6"}
{"type":"log","timestamp":1677268528638,"level":"debug","message":"Executing recipe chrome-pdf","meta":{"rootId":"vobtfgln1f7oqb1","id":"vobtfgln1f7oqb1"},"id":"nvxthkp7dlj7wmk","previousOperationId":"30gstv4y117l91b"}
{"type":"log","timestamp":1677268528642,"level":"debug","message":"Converting with chrome HeadlessChrome/105.0.5173.0 using chrome-pool strategy","meta":{"rootId":"vobtfgln1f7oqb1","id":"vobtfgln1f7oqb1"},"id":"bh9fjvrybg92jnw","previousOperationId":"30gstv4y117l91b"}
{"type":"log","timestamp":1677268528743,"level":"debug","message":"Page request: GET (document) file:///C:/Users/pollo/AppData/Local/Temp/jsreport/autocleanup/0da78cbf-2020-45c4-91c6-f7b7578abdda-chrome-pdf.html","meta":{"rootId":"vobtfgln1f7oqb1","id":"vobtfgln1f7oqb1"},"id":"1zr4oxgsk0mzgdr","previousOperationId":"30gstv4y117l91b"}
{"type":"log","timestamp":1677268528767,"level":"debug","message":"Page request finished: GET (document) 200 file:///C:/Users/pollo/AppData/Local/Temp/jsreport/autocleanup/0da78cbf-2020-45c4-91c6-f7b7578abdda-chrome-pdf.html","meta":{"rootId":"vobtfgln1f7oqb1","id":"vobtfgln1f7oqb1"},"id":"z9627wu39igvc52","previousOperationId":"30gstv4y117l91b"}
{"type":"log","timestamp":1677268528767,"level":"debug","message":"Page request: GET (stylesheet) https://cdnjs.cloudflare.com/ajax/libs/metro/4.1.5/css/metro.min.css","meta":{"rootId":"vobtfgln1f7oqb1","id":"vobtfgln1f7oqb1"},"id":"zn3p4470wptxpe1","previousOperationId":"30gstv4y117l91b"}
{"type":"log","timestamp":1677268528767,"level":"debug","message":"Page request: GET (script) https://cdn.jsdelivr.net/npm/chart.js","meta":{"rootId":"vobtfgln1f7oqb1","id":"vobtfgln1f7oqb1"},"id":"qbvcgdafssvt25p","previousOperationId":"30gstv4y117l91b"}
{"type":"log","timestamp":1677268528774,"level":"debug","message":"Page request finished: GET (script) 200 https://cdn.jsdelivr.net/npm/chart.js","meta":{"rootId":"vobtfgln1f7oqb1","id":"vobtfgln1f7oqb1"},"id":"ukmfvfk0sbc7xqn","previousOperationId":"30gstv4y117l91b"}
{"type":"log","timestamp":1677268528795,"level":"debug","message":"Page request finished: GET (stylesheet) 200 https://cdnjs.cloudflare.com/ajax/libs/metro/4.1.5/css/metro.min.css","meta":{"rootId":"vobtfgln1f7oqb1","id":"vobtfgln1f7oqb1"},"id":"evphukm1cjca6cb","previousOperationId":"30gstv4y117l91b"}
{"type":"log","timestamp":1677268528911,"level":"debug","message":"Running chrome with params {\"printBackground\":true,\"marginTop\":\"4cm\",\"marginRight\":\"1.5cm\",\"marginBottom\":\"1.5cm\",\"marginLeft\":\"1.5cm\",\"waitForJS\":false,\"timeout\":59687,\"margin\":{\"top\":\"4cm\",\"right\":\"1.5cm\",\"bottom\":\"1.5cm\",\"left\":\"1.5cm\"}}","meta":{"rootId":"vobtfgln1f7oqb1","id":"vobtfgln1f7oqb1"},"id":"9up2viw1cw1mdiy","previousOperationId":"30gstv4y117l91b"}
{"type":"operationEnd","operationId":"30gstv4y117l91b","timestamp":1677268529008,"id":"56f2tacofmbuxa1","previousEventId":"wlazimgn1c3mjmk","previousOperationId":"30gstv4y117l91b"}
{"type":"log","timestamp":1677268529008,"level":"info","message":"pdf-utils is starting pdf processing","meta":{"rootId":"vobtfgln1f7oqb1","id":"vobtfgln1f7oqb1"},"id":"q588lvigyndilwc","previousOperationId":"30gstv4y117l91b"}
{"type":"operationStart","subtype":"pdfUtils","name":"pdf utils","timestamp":1677268529008,"id":"dve0buzxjztz7nt","previousEventId":"56f2tacofmbuxa1","operationId":"3dic3b738hj6qel","previousOperationId":"30gstv4y117l91b"}
{"type":"log","timestamp":1677268529008,"level":"debug","message":"pdf-utils detected 1 pdf operation(s) to process","meta":{"rootId":"vobtfgln1f7oqb1","id":"vobtfgln1f7oqb1"},"id":"e0pkg8mefmfj97x","previousOperationId":"3dic3b738hj6qel"}
{"type":"log","timestamp":1677268529043,"level":"debug","message":"pdf-utils running pdf operation merge","meta":{"rootId":"vobtfgln1f7oqb1","id":"vobtfgln1f7oqb1"},"id":"wh6oadayxzw7m02","previousOperationId":"3dic3b738hj6qel"}
{"type":"operationStart","subtype":"pdfUtilsMerge","name":"pdf utils merge","previousOperationId":"3dic3b738hj6qel","timestamp":1677268529043,"id":"2ttq5tg998k1mz3","previousEventId":"dve0buzxjztz7nt","operationId":"h5nvakv00tybo9w"}
{"type":"operationStart","subtype":"render","name":"events-header","previousOperationId":"h5nvakv00tybo9w","timestamp":1677268529045,"id":"0g1ndsn309j9rgl","previousEventId":"2ttq5tg998k1mz3","operationId":"xonptm07va269bo"}
{"type":"log","timestamp":1677268529045,"level":"info","message":"Starting rendering (child) request","meta":{"rootId":"vobtfgln1f7oqb1","id":"2nb06jcg3o0nni5"},"id":"16o853t1tw9pun9","previousOperationId":"xonptm07va269bo"}
{"type":"log","timestamp":1677268529045,"level":"info","message":"Rendering template { name: events-header, recipe: chrome-pdf, engine: handlebars, preview: false }","meta":{"rootId":"vobtfgln1f7oqb1","id":"2nb06jcg3o0nni5"},"id":"kqgcfzh8194gspv","previousOperationId":"xonptm07va269bo"}
{"type":"log","timestamp":1677268529045,"level":"debug","message":"Inline data specified.","meta":{"rootId":"vobtfgln1f7oqb1","id":"2nb06jcg3o0nni5"},"id":"j0ksglahyhfwupf","previousOperationId":"xonptm07va269bo"}
{"type":"log","timestamp":1677268529047,"level":"debug","message":"Base url not specified, skipping its injection.","meta":{"rootId":"vobtfgln1f7oqb1","id":"2nb06jcg3o0nni5"},"id":"t6u0fkfx2us3na9","previousOperationId":"xonptm07va269bo"}
{"type":"operationStart","subtype":"engine","name":"handlebars","timestamp":1677268529047,"id":"e6tjql86788nnq9","previousEventId":"0g1ndsn309j9rgl","operationId":"tm4px3urtciu3gz","previousOperationId":"xonptm07va269bo"}
{"type":"log","timestamp":1677268529047,"level":"debug","message":"Rendering engine handlebars","meta":{"rootId":"vobtfgln1f7oqb1","id":"2nb06jcg3o0nni5"},"id":"vvny9k9jlp7os8c","previousOperationId":"tm4px3urtciu3gz"}
{"type":"operationEnd","operationId":"tm4px3urtciu3gz","timestamp":1677268529060,"id":"fk3uvbyksm10uzw","previousEventId":"e6tjql86788nnq9","previousOperationId":"tm4px3urtciu3gz"}
{"type":"operationStart","subtype":"recipe","name":"chrome-pdf","timestamp":1677268529060,"id":"vxuyjz4j3p048g2","previousEventId":"fk3uvbyksm10uzw","operationId":"5uw35mgy70ujn10","previousOperationId":"tm4px3urtciu3gz"}
{"type":"log","timestamp":1677268529060,"level":"debug","message":"Executing recipe chrome-pdf","meta":{"rootId":"vobtfgln1f7oqb1","id":"2nb06jcg3o0nni5"},"id":"rvfecxtwxlaajta","previousOperationId":"5uw35mgy70ujn10"}
{"type":"log","timestamp":1677268529063,"level":"debug","message":"Converting with chrome HeadlessChrome/105.0.5173.0 using chrome-pool strategy","meta":{"rootId":"vobtfgln1f7oqb1","id":"2nb06jcg3o0nni5"},"id":"ok02cpj66gwxbz5","previousOperationId":"5uw35mgy70ujn10"}
{"type":"log","timestamp":1677268529154,"level":"debug","message":"Page request: GET (document) file:///C:/Users/pollo/AppData/Local/Temp/jsreport/autocleanup/c488e20a-52c1-40f1-a843-e896369057d8-chrome-pdf.html","meta":{"rootId":"vobtfgln1f7oqb1","id":"2nb06jcg3o0nni5"},"id":"xfecuoafps4or63","previousOperationId":"5uw35mgy70ujn10"}
{"type":"log","timestamp":1677268529166,"level":"debug","message":"Page request finished: GET (document) 200 file:///C:/Users/pollo/AppData/Local/Temp/jsreport/autocleanup/c488e20a-52c1-40f1-a843-e896369057d8-chrome-pdf.html","meta":{"rootId":"vobtfgln1f7oqb1","id":"2nb06jcg3o0nni5"},"id":"9bnjmstmio3uck2","previousOperationId":"5uw35mgy70ujn10"}
{"type":"log","timestamp":1677268529166,"level":"debug","message":"Page request: GET (stylesheet) https://cdnjs.cloudflare.com/ajax/libs/metro/4.1.5/css/metro.min.css","meta":{"rootId":"vobtfgln1f7oqb1","id":"2nb06jcg3o0nni5"},"id":"ic68fyyx0iq4t6y","previousOperationId":"5uw35mgy70ujn10"}
{"type":"log","timestamp":1677268529188,"level":"debug","message":"Page request finished: GET (stylesheet) 200 https://cdnjs.cloudflare.com/ajax/libs/metro/4.1.5/css/metro.min.css","meta":{"rootId":"vobtfgln1f7oqb1","id":"2nb06jcg3o0nni5"},"id":"h7j75soxwla7p0h","previousOperationId":"5uw35mgy70ujn10"}
{"type":"log","timestamp":1677268529210,"level":"debug","message":"Running chrome with params {\"printBackground\":true,\"marginTop\":\"1.5cm\",\"marginRight\":\"1.5cm\",\"marginLeft\":\"1.cm\",\"timeout\":59265,\"margin\":{\"top\":\"1.5cm\",\"right\":\"1.5cm\",\"left\":\"1.cm\"}}","meta":{"rootId":"vobtfgln1f7oqb1","id":"2nb06jcg3o0nni5"},"id":"zqnxv4h49altmta","previousOperationId":"5uw35mgy70ujn10"}
{"type":"operationEnd","operationId":"5uw35mgy70ujn10","timestamp":1677268529272,"id":"uvcjmyasg3te1h8","previousEventId":"vxuyjz4j3p048g2","previousOperationId":"5uw35mgy70ujn10"}
{"type":"log","timestamp":1677268529273,"level":"debug","message":"Skipping storing report.","meta":{"rootId":"vobtfgln1f7oqb1","id":"2nb06jcg3o0nni5"},"id":"iq8tgth4ifefn4b","previousOperationId":"5uw35mgy70ujn10"}
{"type":"log","timestamp":1677268529273,"level":"info","message":"Rendering (child) request finished in 946 ms","meta":{"rootId":"vobtfgln1f7oqb1","id":"2nb06jcg3o0nni5"},"id":"593nrr1mjlvtgwp","previousOperationId":"5uw35mgy70ujn10"}
{"type":"operationEnd","subtype":"render","operationId":"xonptm07va269bo","timestamp":1677268529273,"id":"ha796aog3xmbqly","previousEventId":"uvcjmyasg3te1h8","previousOperationId":"5uw35mgy70ujn10"}
{"type":"operationEnd","operationId":"h5nvakv00tybo9w","timestamp":1677268529280,"id":"f83kn93bz2a5ce5","previousEventId":"2ttq5tg998k1mz3","previousOperationId":"h5nvakv00tybo9w"}
{"type":"log","timestamp":1677268529280,"level":"debug","message":"pdf-utils postproces start","meta":{"rootId":"vobtfgln1f7oqb1","id":"vobtfgln1f7oqb1"},"id":"vbn2zge1r26ow7g","previousOperationId":"h5nvakv00tybo9w"}
{"type":"log","timestamp":1677268529288,"level":"debug","message":"pdf-utils postproces end","meta":{"rootId":"vobtfgln1f7oqb1","id":"vobtfgln1f7oqb1"},"id":"53zv9et6w85keit","previousOperationId":"h5nvakv00tybo9w"}
{"type":"operationEnd","operationId":"3dic3b738hj6qel","timestamp":1677268529288,"id":"gpmpybetepuxman","previousEventId":"f83kn93bz2a5ce5","previousOperationId":"h5nvakv00tybo9w"}
{"type":"log","timestamp":1677268529288,"level":"info","message":"pdf-utils pdf processing was finished","meta":{"rootId":"vobtfgln1f7oqb1","id":"vobtfgln1f7oqb1"},"id":"b0b4micrg8c27a2","previousOperationId":"3dic3b738hj6qel"}
{"type":"log","timestamp":1677268529288,"level":"debug","message":"Skipping storing report.","meta":{"rootId":"vobtfgln1f7oqb1","id":"vobtfgln1f7oqb1"},"id":"s5kuoq257prmvm2","previousOperationId":"3dic3b738hj6qel"}
{"type":"log","timestamp":1677268529288,"level":"info","message":"Rendering request 5 finished in 961 ms","meta":{"rootId":"vobtfgln1f7oqb1","id":"vobtfgln1f7oqb1"},"id":"ukpmu4m79o4uqlr","previousOperationId":"3dic3b738hj6qel"}
{"type":"operationEnd","subtype":"render","operationId":"fmwo1i387ok66zt","timestamp":1677268529288,"id":"nvmbv9wdk4zq8bw","previousEventId":"gpmpybetepuxman","previousOperationId":"3dic3b738hj6qel"}
{"type":"operationEnd","doDiffs":false,"previousEventId":"rahdmjdrq9l3vzc","previousOperationId":"ot7sju71wok8krk","operationId":"ot7sju71wok8krk","timestamp":1677268529293,"id":"a2bu2u6fcveaeey"}
