{"type":"operationStart","subtype":"profile","data":{"_id":"HPDhOhqj3S6BnB3v","timestamp":"2023-02-24T16:53:59.909Z","state":"queued","mode":"standard","creationDate":"2023-02-24T16:53:59.911Z","modificationDate":"2023-02-24T16:53:59.911Z","shortid":"cLhf6Mm","$entitySet":"profiles"},"doDiffs":false,"timestamp":1677257639910,"id":"kc3decrunlgcap6","previousOperationId":null,"operationId":"83a670bi49omtku"}
{"type":"log","level":"info","message":"Render request 6 queued for execution and waiting for available worker","previousOperationId":"83a670bi49omtku","timestamp":1677257639910,"id":"hc61li9gx84u7ag"}
{"type":"operationStart","subtype":"render","name":"events-main","previousOperationId":"83a670bi49omtku","timestamp":1677257639916,"id":"r41bpx0172wzvcj","previousEventId":"kc3decrunlgcap6","operationId":"5al2xk28171s7b9"}
{"type":"log","timestamp":1677257639916,"level":"info","message":"Starting rendering request 6","meta":{"rootId":"xfnknf92kvfe7md","id":"xfnknf92kvfe7md"},"id":"6tfnyea2hd7nzo0","previousOperationId":"5al2xk28171s7b9"}
{"type":"log","timestamp":1677257639916,"level":"info","message":"Rendering template { name: events-main, recipe: chrome-pdf, engine: handlebars, preview: false }","meta":{"rootId":"xfnknf92kvfe7md","id":"xfnknf92kvfe7md"},"id":"6d8jn9zp4ixts5z","previousOperationId":"5al2xk28171s7b9"}
{"type":"log","timestamp":1677257639918,"level":"debug","message":"Data item not defined for this template.","meta":{"rootId":"xfnknf92kvfe7md","id":"xfnknf92kvfe7md"},"id":"gvp0z0tx2vhignd","previousOperationId":"5al2xk28171s7b9"}
{"type":"log","timestamp":1677257639922,"level":"debug","message":"Executing script events-script (beforeRender)","meta":{"rootId":"xfnknf92kvfe7md","id":"xfnknf92kvfe7md"},"id":"erxetc88dbwhpq0","previousOperationId":"5al2xk28171s7b9"}
{"type":"operationStart","subtype":"scriptsBeforeRender","name":"scripts beforeRender","timestamp":1677257639946,"id":"7615vodbbp1nytz","previousEventId":"r41bpx0172wzvcj","operationId":"hmy7dl89xp9he5s","previousOperationId":"5al2xk28171s7b9"}
{"type":"operationStart","subtype":"script","name":"scripts events-script","previousOperationId":"hmy7dl89xp9he5s","timestamp":1677257639946,"id":"r5lorrngu05buov","previousEventId":"7615vodbbp1nytz","operationId":"by1jhq6m5he2ryd"}
{"type":"operationEnd","operationId":"by1jhq6m5he2ryd","timestamp":1677257640140,"id":"uoxymxg54xhe77s","previousEventId":"r41bpx0172wzvcj","previousOperationId":"5al2xk28171s7b9"}
{"type":"operationEnd","operationId":"hmy7dl89xp9he5s","timestamp":1677257640140,"id":"75gvrqb2anr2wjl","previousEventId":"uoxymxg54xhe77s","previousOperationId":"5al2xk28171s7b9"}
{"type":"log","timestamp":1677257640140,"level":"debug","message":"Base url not specified, skipping its injection.","meta":{"rootId":"xfnknf92kvfe7md","id":"xfnknf92kvfe7md"},"id":"plde6f31uf8bevm","previousOperationId":"hmy7dl89xp9he5s"}
{"type":"operationStart","subtype":"engine","name":"handlebars","timestamp":1677257640141,"id":"s3gzs6xp3l84dm4","previousEventId":"75gvrqb2anr2wjl","operationId":"gfkpqc2z5przq4e","previousOperationId":"hmy7dl89xp9he5s"}
{"type":"log","timestamp":1677257640141,"level":"debug","message":"Rendering engine handlebars","meta":{"rootId":"xfnknf92kvfe7md","id":"xfnknf92kvfe7md"},"id":"m2qyszubwlv0h4n","previousOperationId":"gfkpqc2z5przq4e"}
{"type":"operationEnd","operationId":"gfkpqc2z5przq4e","timestamp":1677257640147,"id":"i54ttmx5mjlqpfe","previousEventId":"s3gzs6xp3l84dm4","previousOperationId":"gfkpqc2z5przq4e"}
{"type":"operationStart","subtype":"recipe","name":"chrome-pdf","timestamp":1677257640147,"id":"xwuxnvu3t57x808","previousEventId":"i54ttmx5mjlqpfe","operationId":"73bq66qwkm49rca","previousOperationId":"gfkpqc2z5przq4e"}
{"type":"log","timestamp":1677257640147,"level":"debug","message":"Executing recipe chrome-pdf","meta":{"rootId":"xfnknf92kvfe7md","id":"xfnknf92kvfe7md"},"id":"4yaw3qt7kpwn05d","previousOperationId":"73bq66qwkm49rca"}
{"type":"log","timestamp":1677257640151,"level":"debug","message":"Converting with chrome HeadlessChrome/105.0.5173.0 using chrome-pool strategy","meta":{"rootId":"xfnknf92kvfe7md","id":"xfnknf92kvfe7md"},"id":"ulua2vgggwk3rq2","previousOperationId":"73bq66qwkm49rca"}
{"type":"log","timestamp":1677257640237,"level":"debug","message":"Page request: GET (document) file:///C:/Users/pollo/AppData/Local/Temp/jsreport/autocleanup/946ece1d-1db1-4a7a-b717-6aa661be669b-chrome-pdf.html","meta":{"rootId":"xfnknf92kvfe7md","id":"xfnknf92kvfe7md"},"id":"jtjyfspimqlhoim","previousOperationId":"73bq66qwkm49rca"}
{"type":"log","timestamp":1677257640245,"level":"debug","message":"Page request finished: GET (document) 200 file:///C:/Users/pollo/AppData/Local/Temp/jsreport/autocleanup/946ece1d-1db1-4a7a-b717-6aa661be669b-chrome-pdf.html","meta":{"rootId":"xfnknf92kvfe7md","id":"xfnknf92kvfe7md"},"id":"ip3wdaevgolb88l","previousOperationId":"73bq66qwkm49rca"}
{"type":"log","timestamp":1677257640245,"level":"debug","message":"Page request: GET (stylesheet) https://cdnjs.cloudflare.com/ajax/libs/metro/4.1.5/css/metro.min.css","meta":{"rootId":"xfnknf92kvfe7md","id":"xfnknf92kvfe7md"},"id":"5futv672h549b95","previousOperationId":"73bq66qwkm49rca"}
{"type":"log","timestamp":1677257640245,"level":"debug","message":"Page request: GET (script) https://cdn.jsdelivr.net/npm/chart.js","meta":{"rootId":"xfnknf92kvfe7md","id":"xfnknf92kvfe7md"},"id":"ilgd06u4govboik","previousOperationId":"73bq66qwkm49rca"}
{"type":"log","timestamp":1677257640252,"level":"debug","message":"Page request finished: GET (script) 200 https://cdn.jsdelivr.net/npm/chart.js","meta":{"rootId":"xfnknf92kvfe7md","id":"xfnknf92kvfe7md"},"id":"u4njyucrtxbcwhj","previousOperationId":"73bq66qwkm49rca"}
{"type":"log","timestamp":1677257640269,"level":"debug","message":"Page request finished: GET (stylesheet) 200 https://cdnjs.cloudflare.com/ajax/libs/metro/4.1.5/css/metro.min.css","meta":{"rootId":"xfnknf92kvfe7md","id":"xfnknf92kvfe7md"},"id":"2m6em1mj90r4x8r","previousOperationId":"73bq66qwkm49rca"}
{"type":"log","timestamp":1677257640362,"level":"debug","message":"Running chrome with params {\"printBackground\":true,\"marginTop\":\"4cm\",\"marginRight\":\"1.5cm\",\"marginBottom\":\"1.5cm\",\"marginLeft\":\"1.5cm\",\"waitForJS\":false,\"timeout\":59759,\"margin\":{\"top\":\"4cm\",\"right\":\"1.5cm\",\"bottom\":\"1.5cm\",\"left\":\"1.5cm\"}}","meta":{"rootId":"xfnknf92kvfe7md","id":"xfnknf92kvfe7md"},"id":"nz2gcgrnmi2eui2","previousOperationId":"73bq66qwkm49rca"}
{"type":"operationEnd","operationId":"73bq66qwkm49rca","timestamp":1677257640443,"id":"abl0a4nbhrxhbds","previousEventId":"xwuxnvu3t57x808","previousOperationId":"73bq66qwkm49rca"}
{"type":"log","timestamp":1677257640443,"level":"info","message":"pdf-utils is starting pdf processing","meta":{"rootId":"xfnknf92kvfe7md","id":"xfnknf92kvfe7md"},"id":"xbfunjp0vozpdzd","previousOperationId":"73bq66qwkm49rca"}
{"type":"operationStart","subtype":"pdfUtils","name":"pdf utils","timestamp":1677257640443,"id":"7ej5cc41yx6lwpv","previousEventId":"abl0a4nbhrxhbds","operationId":"kay6s2jp6i0dr42","previousOperationId":"73bq66qwkm49rca"}
{"type":"log","timestamp":1677257640443,"level":"debug","message":"pdf-utils detected 1 pdf operation(s) to process","meta":{"rootId":"xfnknf92kvfe7md","id":"xfnknf92kvfe7md"},"id":"ozlko6ww5os7lxq","previousOperationId":"kay6s2jp6i0dr42"}
{"type":"log","timestamp":1677257640458,"level":"debug","message":"pdf-utils running pdf operation merge","meta":{"rootId":"xfnknf92kvfe7md","id":"xfnknf92kvfe7md"},"id":"00dgjm5evrlj5l4","previousOperationId":"kay6s2jp6i0dr42"}
{"type":"operationStart","subtype":"pdfUtilsMerge","name":"pdf utils merge","previousOperationId":"kay6s2jp6i0dr42","timestamp":1677257640458,"id":"0nj1bpm9rphdc3g","previousEventId":"7ej5cc41yx6lwpv","operationId":"xn1zm2nfrw2y8m7"}
{"type":"operationStart","subtype":"render","name":"events-header","previousOperationId":"xn1zm2nfrw2y8m7","timestamp":1677257640459,"id":"8567ww0sme7mtfh","previousEventId":"0nj1bpm9rphdc3g","operationId":"nq4h1im2vf31u8b"}
{"type":"log","timestamp":1677257640459,"level":"info","message":"Starting rendering (child) request","meta":{"rootId":"xfnknf92kvfe7md","id":"cc2bd96g97zgt8b"},"id":"zf1w4iw7ouaemrn","previousOperationId":"nq4h1im2vf31u8b"}
{"type":"log","timestamp":1677257640459,"level":"info","message":"Rendering template { name: events-header, recipe: chrome-pdf, engine: handlebars, preview: false }","meta":{"rootId":"xfnknf92kvfe7md","id":"cc2bd96g97zgt8b"},"id":"ghk67qdpfnam63x","previousOperationId":"nq4h1im2vf31u8b"}
{"type":"log","timestamp":1677257640460,"level":"debug","message":"Inline data specified.","meta":{"rootId":"xfnknf92kvfe7md","id":"cc2bd96g97zgt8b"},"id":"je73nzgrf7j8tva","previousOperationId":"nq4h1im2vf31u8b"}
{"type":"log","timestamp":1677257640461,"level":"debug","message":"Base url not specified, skipping its injection.","meta":{"rootId":"xfnknf92kvfe7md","id":"cc2bd96g97zgt8b"},"id":"i1wik27ruowj7wj","previousOperationId":"nq4h1im2vf31u8b"}
{"type":"operationStart","subtype":"engine","name":"handlebars","timestamp":1677257640461,"id":"1wi1cx4b45r7uj3","previousEventId":"8567ww0sme7mtfh","operationId":"e1rm2r2lu6nd2j4","previousOperationId":"nq4h1im2vf31u8b"}
{"type":"log","timestamp":1677257640461,"level":"debug","message":"Rendering engine handlebars","meta":{"rootId":"xfnknf92kvfe7md","id":"cc2bd96g97zgt8b"},"id":"wsi45s94rbjs9d5","previousOperationId":"e1rm2r2lu6nd2j4"}
{"type":"operationEnd","operationId":"e1rm2r2lu6nd2j4","timestamp":1677257640474,"id":"poooei6qc9c49br","previousEventId":"1wi1cx4b45r7uj3","previousOperationId":"e1rm2r2lu6nd2j4"}
{"type":"operationStart","subtype":"recipe","name":"chrome-pdf","timestamp":1677257640474,"id":"p0uqrjk2rip279w","previousEventId":"poooei6qc9c49br","operationId":"vm7uzbehcv7hslp","previousOperationId":"e1rm2r2lu6nd2j4"}
{"type":"log","timestamp":1677257640474,"level":"debug","message":"Executing recipe chrome-pdf","meta":{"rootId":"xfnknf92kvfe7md","id":"cc2bd96g97zgt8b"},"id":"040wdqadjuhkmun","previousOperationId":"vm7uzbehcv7hslp"}
{"type":"log","timestamp":1677257640476,"level":"debug","message":"Converting with chrome HeadlessChrome/105.0.5173.0 using chrome-pool strategy","meta":{"rootId":"xfnknf92kvfe7md","id":"cc2bd96g97zgt8b"},"id":"9n1q06cfga5l5r0","previousOperationId":"vm7uzbehcv7hslp"}
{"type":"log","timestamp":1677257640567,"level":"debug","message":"Page request: GET (document) file:///C:/Users/pollo/AppData/Local/Temp/jsreport/autocleanup/3b01b5a6-d713-4452-9c02-b70c86a3f192-chrome-pdf.html","meta":{"rootId":"xfnknf92kvfe7md","id":"cc2bd96g97zgt8b"},"id":"b4gvxhqmbk6k93a","previousOperationId":"vm7uzbehcv7hslp"}
{"type":"log","timestamp":1677257640576,"level":"debug","message":"Page request finished: GET (document) 200 file:///C:/Users/pollo/AppData/Local/Temp/jsreport/autocleanup/3b01b5a6-d713-4452-9c02-b70c86a3f192-chrome-pdf.html","meta":{"rootId":"xfnknf92kvfe7md","id":"cc2bd96g97zgt8b"},"id":"ack84phhzylxo15","previousOperationId":"vm7uzbehcv7hslp"}
{"type":"log","timestamp":1677257640576,"level":"debug","message":"Page request: GET (stylesheet) https://cdnjs.cloudflare.com/ajax/libs/metro/4.1.5/css/metro.min.css","meta":{"rootId":"xfnknf92kvfe7md","id":"cc2bd96g97zgt8b"},"id":"0hhw1sfhi2ik5q0","previousOperationId":"vm7uzbehcv7hslp"}
{"type":"log","timestamp":1677257640596,"level":"debug","message":"Page request finished: GET (stylesheet) 200 https://cdnjs.cloudflare.com/ajax/libs/metro/4.1.5/css/metro.min.css","meta":{"rootId":"xfnknf92kvfe7md","id":"cc2bd96g97zgt8b"},"id":"1ax313sa5ifaotd","previousOperationId":"vm7uzbehcv7hslp"}
{"type":"log","timestamp":1677257640618,"level":"debug","message":"Running chrome with params {\"printBackground\":true,\"marginTop\":\"1.5cm\",\"marginRight\":\"1.5cm\",\"marginLeft\":\"1.cm\",\"timeout\":59433,\"margin\":{\"top\":\"1.5cm\",\"right\":\"1.5cm\",\"left\":\"1.cm\"}}","meta":{"rootId":"xfnknf92kvfe7md","id":"cc2bd96g97zgt8b"},"id":"6f8t0ajhrckl3jn","previousOperationId":"vm7uzbehcv7hslp"}
{"type":"operationEnd","operationId":"vm7uzbehcv7hslp","timestamp":1677257640670,"id":"eh4x8iyvsivuu1x","previousEventId":"p0uqrjk2rip279w","previousOperationId":"vm7uzbehcv7hslp"}
{"type":"log","timestamp":1677257640670,"level":"debug","message":"Skipping storing report.","meta":{"rootId":"xfnknf92kvfe7md","id":"cc2bd96g97zgt8b"},"id":"m8dd072ijn45pn5","previousOperationId":"vm7uzbehcv7hslp"}
{"type":"log","timestamp":1677257640670,"level":"info","message":"Rendering (child) request finished in 761 ms","meta":{"rootId":"xfnknf92kvfe7md","id":"cc2bd96g97zgt8b"},"id":"vxzoqmwg7ji46qd","previousOperationId":"vm7uzbehcv7hslp"}
{"type":"operationEnd","subtype":"render","operationId":"nq4h1im2vf31u8b","timestamp":1677257640671,"id":"74pb30f3ci2kyze","previousEventId":"eh4x8iyvsivuu1x","previousOperationId":"vm7uzbehcv7hslp"}
{"type":"operationEnd","operationId":"xn1zm2nfrw2y8m7","timestamp":1677257640677,"id":"ezpdedqr2w01xxm","previousEventId":"0nj1bpm9rphdc3g","previousOperationId":"xn1zm2nfrw2y8m7"}
{"type":"log","timestamp":1677257640677,"level":"debug","message":"pdf-utils postproces start","meta":{"rootId":"xfnknf92kvfe7md","id":"xfnknf92kvfe7md"},"id":"ky2kic7xw0iisnt","previousOperationId":"xn1zm2nfrw2y8m7"}
{"type":"log","timestamp":1677257640683,"level":"debug","message":"pdf-utils postproces end","meta":{"rootId":"xfnknf92kvfe7md","id":"xfnknf92kvfe7md"},"id":"3d0gh3y2ys4zgov","previousOperationId":"xn1zm2nfrw2y8m7"}
{"type":"operationEnd","operationId":"kay6s2jp6i0dr42","timestamp":1677257640683,"id":"gvdvdbkdls352t7","previousEventId":"ezpdedqr2w01xxm","previousOperationId":"xn1zm2nfrw2y8m7"}
{"type":"log","timestamp":1677257640683,"level":"info","message":"pdf-utils pdf processing was finished","meta":{"rootId":"xfnknf92kvfe7md","id":"xfnknf92kvfe7md"},"id":"4ju6vn9b3rna9r2","previousOperationId":"kay6s2jp6i0dr42"}
{"type":"log","timestamp":1677257640683,"level":"debug","message":"Skipping storing report.","meta":{"rootId":"xfnknf92kvfe7md","id":"xfnknf92kvfe7md"},"id":"w89gjuabzgn3kvc","previousOperationId":"kay6s2jp6i0dr42"}
{"type":"log","timestamp":1677257640683,"level":"info","message":"Rendering request 6 finished in 774 ms","meta":{"rootId":"xfnknf92kvfe7md","id":"xfnknf92kvfe7md"},"id":"4iro7arefwi4w8k","previousOperationId":"kay6s2jp6i0dr42"}
{"type":"operationEnd","subtype":"render","operationId":"5al2xk28171s7b9","timestamp":1677257640684,"id":"p3m9px4bexmrra3","previousEventId":"gvdvdbkdls352t7","previousOperationId":"kay6s2jp6i0dr42"}
{"type":"operationEnd","doDiffs":false,"previousEventId":"kc3decrunlgcap6","previousOperationId":"83a670bi49omtku","operationId":"83a670bi49omtku","timestamp":1677257640688,"id":"bd70ccf6v5r3de5"}
