{"type":"operationStart","subtype":"profile","data":{"_id":"cYj1xOsqxysZWHh0","timestamp":"2023-03-19T21:39:32.868Z","state":"queued","mode":"standard","creationDate":"2023-03-19T21:39:32.870Z","modificationDate":"2023-03-19T21:39:32.870Z","shortid":"WyIFY3w","$entitySet":"profiles"},"doDiffs":false,"timestamp":1679261972869,"id":"m1p9xkwobad3r8a","previousOperationId":null,"operationId":"2ysbaailgfpiuvu"}
{"type":"log","level":"info","message":"Render request 9 queued for execution and waiting for available worker","previousOperationId":"2ysbaailgfpiuvu","timestamp":1679261972869,"id":"t209705iwns9d0e"}
{"type":"operationStart","subtype":"render","name":"events-main","previousOperationId":"2ysbaailgfpiuvu","timestamp":1679261972874,"id":"0m1phe1aetidaov","previousEventId":"m1p9xkwobad3r8a","operationId":"l3411s7huzy9k74"}
{"type":"log","timestamp":1679261972875,"level":"info","message":"Starting rendering request 9","meta":{"rootId":"z5t4mkse5nbbtt5","id":"z5t4mkse5nbbtt5"},"id":"kk10a1ax39uwqsj","previousOperationId":"l3411s7huzy9k74"}
{"type":"log","timestamp":1679261972877,"level":"info","message":"Rendering template { name: events-main, recipe: chrome-pdf, engine: handlebars, preview: false }","meta":{"rootId":"z5t4mkse5nbbtt5","id":"z5t4mkse5nbbtt5"},"id":"w326ddosibsivr9","previousOperationId":"l3411s7huzy9k74"}
{"type":"log","timestamp":1679261972878,"level":"debug","message":"Data item not defined for this template.","meta":{"rootId":"z5t4mkse5nbbtt5","id":"z5t4mkse5nbbtt5"},"id":"7v2e8fjqx15yapy","previousOperationId":"l3411s7huzy9k74"}
{"type":"log","timestamp":1679261972881,"level":"debug","message":"Executing script events-script (beforeRender)","meta":{"rootId":"z5t4mkse5nbbtt5","id":"z5t4mkse5nbbtt5"},"id":"p7vwdpqr9coolsp","previousOperationId":"l3411s7huzy9k74"}
{"type":"operationStart","subtype":"scriptsBeforeRender","name":"scripts beforeRender","timestamp":1679261972911,"id":"0vbhi9opggbc6jd","previousEventId":"0m1phe1aetidaov","operationId":"j96vg5ucebwqgi5","previousOperationId":"l3411s7huzy9k74"}
{"type":"operationStart","subtype":"script","name":"scripts events-script","previousOperationId":"j96vg5ucebwqgi5","timestamp":1679261972911,"id":"x3oqg5nlxm3meqa","previousEventId":"0vbhi9opggbc6jd","operationId":"meg0t5ahmdenxyn"}
{"type":"operationEnd","operationId":"meg0t5ahmdenxyn","timestamp":1679261973115,"id":"4rc9zgrbflji2p6","previousEventId":"0m1phe1aetidaov","previousOperationId":"l3411s7huzy9k74"}
{"type":"operationEnd","operationId":"j96vg5ucebwqgi5","timestamp":1679261973115,"id":"u8rtemf2jdx46i6","previousEventId":"4rc9zgrbflji2p6","previousOperationId":"l3411s7huzy9k74"}
{"type":"log","timestamp":1679261973115,"level":"debug","message":"Base url not specified, skipping its injection.","meta":{"rootId":"z5t4mkse5nbbtt5","id":"z5t4mkse5nbbtt5"},"id":"ta0qbg240bc9qye","previousOperationId":"j96vg5ucebwqgi5"}
{"type":"operationStart","subtype":"engine","name":"handlebars","timestamp":1679261973116,"id":"0rn1wxblvhbz4ge","previousEventId":"u8rtemf2jdx46i6","operationId":"qgpif49l2i03slh","previousOperationId":"j96vg5ucebwqgi5"}
{"type":"log","timestamp":1679261973116,"level":"debug","message":"Rendering engine handlebars","meta":{"rootId":"z5t4mkse5nbbtt5","id":"z5t4mkse5nbbtt5"},"id":"glvt6okf68kaf14","previousOperationId":"qgpif49l2i03slh"}
{"type":"operationEnd","operationId":"qgpif49l2i03slh","timestamp":1679261973124,"id":"xej97xy9jp7wc9z","previousEventId":"0rn1wxblvhbz4ge","previousOperationId":"qgpif49l2i03slh"}
{"type":"operationStart","subtype":"recipe","name":"chrome-pdf","timestamp":1679261973124,"id":"cv32a9ld27zaw9i","previousEventId":"xej97xy9jp7wc9z","operationId":"y1rsgs9uouxny40","previousOperationId":"qgpif49l2i03slh"}
{"type":"log","timestamp":1679261973124,"level":"debug","message":"Executing recipe chrome-pdf","meta":{"rootId":"z5t4mkse5nbbtt5","id":"z5t4mkse5nbbtt5"},"id":"4vyfvq7ww3ubey3","previousOperationId":"y1rsgs9uouxny40"}
{"type":"log","timestamp":1679261973127,"level":"debug","message":"Converting with chrome HeadlessChrome/105.0.5173.0 using chrome-pool strategy","meta":{"rootId":"z5t4mkse5nbbtt5","id":"z5t4mkse5nbbtt5"},"id":"y4qs54ktxf3ohc8","previousOperationId":"y1rsgs9uouxny40"}
{"type":"log","timestamp":1679261973221,"level":"debug","message":"Page request: GET (document) file:///C:/Users/jiva1/AppData/Local/Temp/jsreport/autocleanup/f43a5356-5851-4ea2-a4e5-48be890de6b6-chrome-pdf.html","meta":{"rootId":"z5t4mkse5nbbtt5","id":"z5t4mkse5nbbtt5"},"id":"azspkea3cpd9qvx","previousOperationId":"y1rsgs9uouxny40"}
{"type":"log","timestamp":1679261973231,"level":"debug","message":"Page request finished: GET (document) 200 file:///C:/Users/jiva1/AppData/Local/Temp/jsreport/autocleanup/f43a5356-5851-4ea2-a4e5-48be890de6b6-chrome-pdf.html","meta":{"rootId":"z5t4mkse5nbbtt5","id":"z5t4mkse5nbbtt5"},"id":"kvolcyi5ipjhbmu","previousOperationId":"y1rsgs9uouxny40"}
{"type":"log","timestamp":1679261973231,"level":"debug","message":"Page request: GET (stylesheet) https://cdnjs.cloudflare.com/ajax/libs/metro/4.1.5/css/metro.min.css","meta":{"rootId":"z5t4mkse5nbbtt5","id":"z5t4mkse5nbbtt5"},"id":"epgsygezfmlqu88","previousOperationId":"y1rsgs9uouxny40"}
{"type":"log","timestamp":1679261973232,"level":"debug","message":"Page request: GET (script) https://cdn.jsdelivr.net/npm/chart.js","meta":{"rootId":"z5t4mkse5nbbtt5","id":"z5t4mkse5nbbtt5"},"id":"m18sgr00xkjwzqi","previousOperationId":"y1rsgs9uouxny40"}
{"type":"log","timestamp":1679261973239,"level":"debug","message":"Page request finished: GET (script) 200 https://cdn.jsdelivr.net/npm/chart.js","meta":{"rootId":"z5t4mkse5nbbtt5","id":"z5t4mkse5nbbtt5"},"id":"9tp8qkklyf40wh4","previousOperationId":"y1rsgs9uouxny40"}
{"type":"log","timestamp":1679261973256,"level":"debug","message":"Page request finished: GET (stylesheet) 200 https://cdnjs.cloudflare.com/ajax/libs/metro/4.1.5/css/metro.min.css","meta":{"rootId":"z5t4mkse5nbbtt5","id":"z5t4mkse5nbbtt5"},"id":"guyh9iy7xb1gi2n","previousOperationId":"y1rsgs9uouxny40"}
{"type":"log","timestamp":1679261973357,"level":"debug","message":"Running chrome with params {\"printBackground\":true,\"marginTop\":\"4cm\",\"marginRight\":\"1.5cm\",\"marginBottom\":\"1.5cm\",\"marginLeft\":\"1.5cm\",\"waitForJS\":false,\"timeout\":59740,\"margin\":{\"top\":\"4cm\",\"right\":\"1.5cm\",\"bottom\":\"1.5cm\",\"left\":\"1.5cm\"}}","meta":{"rootId":"z5t4mkse5nbbtt5","id":"z5t4mkse5nbbtt5"},"id":"qnwlge9gnabdmo7","previousOperationId":"y1rsgs9uouxny40"}
{"type":"operationEnd","operationId":"y1rsgs9uouxny40","timestamp":1679261973445,"id":"j0jdb4lv7613whc","previousEventId":"cv32a9ld27zaw9i","previousOperationId":"y1rsgs9uouxny40"}
{"type":"log","timestamp":1679261973445,"level":"info","message":"pdf-utils is starting pdf processing","meta":{"rootId":"z5t4mkse5nbbtt5","id":"z5t4mkse5nbbtt5"},"id":"7lz50nifu5009a8","previousOperationId":"y1rsgs9uouxny40"}
{"type":"operationStart","subtype":"pdfUtils","name":"pdf utils","timestamp":1679261973446,"id":"adpnxpq9k1cyfy5","previousEventId":"j0jdb4lv7613whc","operationId":"26c95xpl8qf80ds","previousOperationId":"y1rsgs9uouxny40"}
{"type":"log","timestamp":1679261973446,"level":"debug","message":"pdf-utils detected 1 pdf operation(s) to process","meta":{"rootId":"z5t4mkse5nbbtt5","id":"z5t4mkse5nbbtt5"},"id":"2wxf36n51fp7wza","previousOperationId":"26c95xpl8qf80ds"}
{"type":"log","timestamp":1679261973468,"level":"debug","message":"pdf-utils running pdf operation merge","meta":{"rootId":"z5t4mkse5nbbtt5","id":"z5t4mkse5nbbtt5"},"id":"ed93s20f8u99xf0","previousOperationId":"26c95xpl8qf80ds"}
{"type":"operationStart","subtype":"pdfUtilsMerge","name":"pdf utils merge","previousOperationId":"26c95xpl8qf80ds","timestamp":1679261973468,"id":"on0bmqwpqigr8j8","previousEventId":"adpnxpq9k1cyfy5","operationId":"7kylzvxsavffllf"}
{"type":"operationStart","subtype":"render","name":"events-header","previousOperationId":"7kylzvxsavffllf","timestamp":1679261973476,"id":"9zeaqhw6wghm34q","previousEventId":"on0bmqwpqigr8j8","operationId":"1iol63vltxvcs7n"}
{"type":"log","timestamp":1679261973476,"level":"info","message":"Starting rendering (child) request","meta":{"rootId":"z5t4mkse5nbbtt5","id":"p1z9gq46wkf2il3"},"id":"lspkpaz79l5swem","previousOperationId":"1iol63vltxvcs7n"}
{"type":"log","timestamp":1679261973476,"level":"info","message":"Rendering template { name: events-header, recipe: chrome-pdf, engine: handlebars, preview: false }","meta":{"rootId":"z5t4mkse5nbbtt5","id":"p1z9gq46wkf2il3"},"id":"bgog5mgpun5sku8","previousOperationId":"1iol63vltxvcs7n"}
{"type":"log","timestamp":1679261973478,"level":"debug","message":"Inline data specified.","meta":{"rootId":"z5t4mkse5nbbtt5","id":"p1z9gq46wkf2il3"},"id":"ciiaof662i08waf","previousOperationId":"1iol63vltxvcs7n"}
{"type":"log","timestamp":1679261973480,"level":"debug","message":"Base url not specified, skipping its injection.","meta":{"rootId":"z5t4mkse5nbbtt5","id":"p1z9gq46wkf2il3"},"id":"y738zeaue0retg3","previousOperationId":"1iol63vltxvcs7n"}
{"type":"operationStart","subtype":"engine","name":"handlebars","timestamp":1679261973480,"id":"khenyr1f61a3cqt","previousEventId":"9zeaqhw6wghm34q","operationId":"lqsvo8jaffr6474","previousOperationId":"1iol63vltxvcs7n"}
{"type":"log","timestamp":1679261973481,"level":"debug","message":"Rendering engine handlebars","meta":{"rootId":"z5t4mkse5nbbtt5","id":"p1z9gq46wkf2il3"},"id":"nsnm5ij55as1l5e","previousOperationId":"lqsvo8jaffr6474"}
{"type":"operationEnd","operationId":"lqsvo8jaffr6474","timestamp":1679261973495,"id":"gpzbxtm27rk7yde","previousEventId":"khenyr1f61a3cqt","previousOperationId":"lqsvo8jaffr6474"}
{"type":"operationStart","subtype":"recipe","name":"chrome-pdf","timestamp":1679261973496,"id":"y6w8tei9pbx8p9o","previousEventId":"gpzbxtm27rk7yde","operationId":"a4hzamoco4fqv0q","previousOperationId":"lqsvo8jaffr6474"}
{"type":"log","timestamp":1679261973496,"level":"debug","message":"Executing recipe chrome-pdf","meta":{"rootId":"z5t4mkse5nbbtt5","id":"p1z9gq46wkf2il3"},"id":"20rl2bhqw3u8aey","previousOperationId":"a4hzamoco4fqv0q"}
{"type":"log","timestamp":1679261973498,"level":"debug","message":"Converting with chrome HeadlessChrome/105.0.5173.0 using chrome-pool strategy","meta":{"rootId":"z5t4mkse5nbbtt5","id":"p1z9gq46wkf2il3"},"id":"o30hlj21vovunvo","previousOperationId":"a4hzamoco4fqv0q"}
{"type":"log","timestamp":1679261973592,"level":"debug","message":"Page request: GET (document) file:///C:/Users/jiva1/AppData/Local/Temp/jsreport/autocleanup/3361d65d-cfd9-4a09-9eb6-a6449253b1ed-chrome-pdf.html","meta":{"rootId":"z5t4mkse5nbbtt5","id":"p1z9gq46wkf2il3"},"id":"h2i0lpx0d4qr0y9","previousOperationId":"a4hzamoco4fqv0q"}
{"type":"log","timestamp":1679261973603,"level":"debug","message":"Page request finished: GET (document) 200 file:///C:/Users/jiva1/AppData/Local/Temp/jsreport/autocleanup/3361d65d-cfd9-4a09-9eb6-a6449253b1ed-chrome-pdf.html","meta":{"rootId":"z5t4mkse5nbbtt5","id":"p1z9gq46wkf2il3"},"id":"jns0ce1flxo2sgt","previousOperationId":"a4hzamoco4fqv0q"}
{"type":"log","timestamp":1679261973603,"level":"debug","message":"Page request: GET (stylesheet) https://cdnjs.cloudflare.com/ajax/libs/metro/4.1.5/css/metro.min.css","meta":{"rootId":"z5t4mkse5nbbtt5","id":"p1z9gq46wkf2il3"},"id":"tlzdweak5u8dorg","previousOperationId":"a4hzamoco4fqv0q"}
{"type":"log","timestamp":1679261973625,"level":"debug","message":"Page request finished: GET (stylesheet) 200 https://cdnjs.cloudflare.com/ajax/libs/metro/4.1.5/css/metro.min.css","meta":{"rootId":"z5t4mkse5nbbtt5","id":"p1z9gq46wkf2il3"},"id":"1qusqjr4owllwas","previousOperationId":"a4hzamoco4fqv0q"}
{"type":"log","timestamp":1679261973649,"level":"debug","message":"Running chrome with params {\"printBackground\":true,\"marginTop\":\"1.5cm\",\"marginRight\":\"1.5cm\",\"marginLeft\":\"1.cm\",\"timeout\":59370,\"margin\":{\"top\":\"1.5cm\",\"right\":\"1.5cm\",\"left\":\"1.cm\"}}","meta":{"rootId":"z5t4mkse5nbbtt5","id":"p1z9gq46wkf2il3"},"id":"2bgi5h3fldmbqsj","previousOperationId":"a4hzamoco4fqv0q"}
{"type":"operationEnd","operationId":"a4hzamoco4fqv0q","timestamp":1679261973710,"id":"maivrkwlqlglq6j","previousEventId":"y6w8tei9pbx8p9o","previousOperationId":"a4hzamoco4fqv0q"}
{"type":"log","timestamp":1679261973710,"level":"debug","message":"Skipping storing report.","meta":{"rootId":"z5t4mkse5nbbtt5","id":"p1z9gq46wkf2il3"},"id":"0apsahxeu9c0iky","previousOperationId":"a4hzamoco4fqv0q"}
{"type":"log","timestamp":1679261973710,"level":"info","message":"Rendering (child) request finished in 843 ms","meta":{"rootId":"z5t4mkse5nbbtt5","id":"p1z9gq46wkf2il3"},"id":"0ifc91ax1lbj57d","previousOperationId":"a4hzamoco4fqv0q"}
{"type":"operationEnd","subtype":"render","operationId":"1iol63vltxvcs7n","timestamp":1679261973710,"id":"u8m8hbk55d0wwzc","previousEventId":"maivrkwlqlglq6j","previousOperationId":"a4hzamoco4fqv0q"}
{"type":"operationEnd","operationId":"7kylzvxsavffllf","timestamp":1679261973718,"id":"c9uj3xjlw42tkte","previousEventId":"on0bmqwpqigr8j8","previousOperationId":"7kylzvxsavffllf"}
{"type":"log","timestamp":1679261973718,"level":"debug","message":"pdf-utils postproces start","meta":{"rootId":"z5t4mkse5nbbtt5","id":"z5t4mkse5nbbtt5"},"id":"egd37vq5unnfwee","previousOperationId":"7kylzvxsavffllf"}
{"type":"log","timestamp":1679261973727,"level":"debug","message":"pdf-utils postproces end","meta":{"rootId":"z5t4mkse5nbbtt5","id":"z5t4mkse5nbbtt5"},"id":"su15uj19thhl72h","previousOperationId":"7kylzvxsavffllf"}
{"type":"operationEnd","operationId":"26c95xpl8qf80ds","timestamp":1679261973727,"id":"y7t28tdgcq0izzc","previousEventId":"c9uj3xjlw42tkte","previousOperationId":"7kylzvxsavffllf"}
{"type":"log","timestamp":1679261973727,"level":"info","message":"pdf-utils pdf processing was finished","meta":{"rootId":"z5t4mkse5nbbtt5","id":"z5t4mkse5nbbtt5"},"id":"uats0z792vozmzl","previousOperationId":"26c95xpl8qf80ds"}
{"type":"log","timestamp":1679261973727,"level":"debug","message":"Skipping storing report.","meta":{"rootId":"z5t4mkse5nbbtt5","id":"z5t4mkse5nbbtt5"},"id":"b71hxdq1y1ch9jq","previousOperationId":"26c95xpl8qf80ds"}
{"type":"log","timestamp":1679261973727,"level":"info","message":"Rendering request 9 finished in 860 ms","meta":{"rootId":"z5t4mkse5nbbtt5","id":"z5t4mkse5nbbtt5"},"id":"dli2pmsjrlcrkhi","previousOperationId":"26c95xpl8qf80ds"}
{"type":"operationEnd","subtype":"render","operationId":"l3411s7huzy9k74","timestamp":1679261973727,"id":"vmrzwto0f13iow5","previousEventId":"y7t28tdgcq0izzc","previousOperationId":"26c95xpl8qf80ds"}
{"type":"operationEnd","doDiffs":false,"previousEventId":"m1p9xkwobad3r8a","previousOperationId":"2ysbaailgfpiuvu","operationId":"2ysbaailgfpiuvu","timestamp":1679261973732,"id":"yweek90rqlci95m"}
