{"type":"operationStart","subtype":"profile","data":{"_id":"qPFKhzLp1n5YPjcs","timestamp":"2023-02-24T17:33:45.208Z","state":"queued","mode":"standard","creationDate":"2023-02-24T17:33:45.210Z","modificationDate":"2023-02-24T17:33:45.210Z","shortid":"Zji27hZ","$entitySet":"profiles"},"doDiffs":false,"timestamp":1677260025209,"id":"1z3exx3dqrtl6hf","previousOperationId":null,"operationId":"cfavgqe6ppkzy7t"}
{"type":"log","level":"info","message":"Render request 9 queued for execution and waiting for available worker","previousOperationId":"cfavgqe6ppkzy7t","timestamp":1677260025210,"id":"viybeqxehp270om"}
{"type":"operationStart","subtype":"render","name":"events-main","previousOperationId":"cfavgqe6ppkzy7t","timestamp":1677260025216,"id":"x4wt9aihya9a0gs","previousEventId":"1z3exx3dqrtl6hf","operationId":"vczy551jz843me4"}
{"type":"log","timestamp":1677260025216,"level":"info","message":"Starting rendering request 9","meta":{"rootId":"zyajnjcntzjte0m","id":"zyajnjcntzjte0m"},"id":"cdk7r87rczsro76","previousOperationId":"vczy551jz843me4"}
{"type":"log","timestamp":1677260025216,"level":"info","message":"Rendering template { name: events-main, recipe: chrome-pdf, engine: handlebars, preview: false }","meta":{"rootId":"zyajnjcntzjte0m","id":"zyajnjcntzjte0m"},"id":"r2qgmm5uv44a5cu","previousOperationId":"vczy551jz843me4"}
{"type":"log","timestamp":1677260025217,"level":"debug","message":"Data item not defined for this template.","meta":{"rootId":"zyajnjcntzjte0m","id":"zyajnjcntzjte0m"},"id":"bkzkpdrtkfx6m1c","previousOperationId":"vczy551jz843me4"}
{"type":"log","timestamp":1677260025220,"level":"debug","message":"Executing script events-script (beforeRender)","meta":{"rootId":"zyajnjcntzjte0m","id":"zyajnjcntzjte0m"},"id":"96rrny7jje7ziau","previousOperationId":"vczy551jz843me4"}
{"type":"operationStart","subtype":"scriptsBeforeRender","name":"scripts beforeRender","timestamp":1677260025243,"id":"tr23du4zwkrpjia","previousEventId":"x4wt9aihya9a0gs","operationId":"aseyqhl7ugbvzzs","previousOperationId":"vczy551jz843me4"}
{"type":"operationStart","subtype":"script","name":"scripts events-script","previousOperationId":"aseyqhl7ugbvzzs","timestamp":1677260025243,"id":"fif0ndgb740vdvm","previousEventId":"tr23du4zwkrpjia","operationId":"z8qneop1pczjf27"}
{"type":"operationEnd","operationId":"z8qneop1pczjf27","timestamp":1677260025442,"id":"sso878wp3iz994j","previousEventId":"x4wt9aihya9a0gs","previousOperationId":"vczy551jz843me4"}
{"type":"operationEnd","operationId":"aseyqhl7ugbvzzs","timestamp":1677260025442,"id":"1h5zsj7j156mia3","previousEventId":"sso878wp3iz994j","previousOperationId":"vczy551jz843me4"}
{"type":"log","timestamp":1677260025442,"level":"debug","message":"Base url not specified, skipping its injection.","meta":{"rootId":"zyajnjcntzjte0m","id":"zyajnjcntzjte0m"},"id":"0ugd633beh6pdkq","previousOperationId":"aseyqhl7ugbvzzs"}
{"type":"operationStart","subtype":"engine","name":"handlebars","timestamp":1677260025443,"id":"b3ak2plq82mhu4a","previousEventId":"1h5zsj7j156mia3","operationId":"rcucvro1ttplzw4","previousOperationId":"aseyqhl7ugbvzzs"}
{"type":"log","timestamp":1677260025443,"level":"debug","message":"Rendering engine handlebars","meta":{"rootId":"zyajnjcntzjte0m","id":"zyajnjcntzjte0m"},"id":"m8mrcroup8fr0qa","previousOperationId":"rcucvro1ttplzw4"}
{"type":"operationEnd","operationId":"rcucvro1ttplzw4","timestamp":1677260025449,"id":"p5ysh3yvjy52w9w","previousEventId":"b3ak2plq82mhu4a","previousOperationId":"rcucvro1ttplzw4"}
{"type":"operationStart","subtype":"recipe","name":"chrome-pdf","timestamp":1677260025449,"id":"ue63q1h81gmghk0","previousEventId":"p5ysh3yvjy52w9w","operationId":"akvakt59nzwa5f4","previousOperationId":"rcucvro1ttplzw4"}
{"type":"log","timestamp":1677260025449,"level":"debug","message":"Executing recipe chrome-pdf","meta":{"rootId":"zyajnjcntzjte0m","id":"zyajnjcntzjte0m"},"id":"7zqt8cf9a3ryzkp","previousOperationId":"akvakt59nzwa5f4"}
{"type":"log","timestamp":1677260025451,"level":"debug","message":"Converting with chrome HeadlessChrome/105.0.5173.0 using chrome-pool strategy","meta":{"rootId":"zyajnjcntzjte0m","id":"zyajnjcntzjte0m"},"id":"fz18ofhd864mk3h","previousOperationId":"akvakt59nzwa5f4"}
{"type":"log","timestamp":1677260025538,"level":"debug","message":"Page request: GET (document) file:///C:/Users/pollo/AppData/Local/Temp/jsreport/autocleanup/c99f2056-2112-4bda-a22d-7bcef9a24504-chrome-pdf.html","meta":{"rootId":"zyajnjcntzjte0m","id":"zyajnjcntzjte0m"},"id":"rw3ikavde5jzct1","previousOperationId":"akvakt59nzwa5f4"}
{"type":"log","timestamp":1677260025548,"level":"debug","message":"Page request finished: GET (document) 200 file:///C:/Users/pollo/AppData/Local/Temp/jsreport/autocleanup/c99f2056-2112-4bda-a22d-7bcef9a24504-chrome-pdf.html","meta":{"rootId":"zyajnjcntzjte0m","id":"zyajnjcntzjte0m"},"id":"s0y21gk91b18xw4","previousOperationId":"akvakt59nzwa5f4"}
{"type":"log","timestamp":1677260025548,"level":"debug","message":"Page request: GET (stylesheet) https://cdnjs.cloudflare.com/ajax/libs/metro/4.1.5/css/metro.min.css","meta":{"rootId":"zyajnjcntzjte0m","id":"zyajnjcntzjte0m"},"id":"uirro7o294qhx7y","previousOperationId":"akvakt59nzwa5f4"}
{"type":"log","timestamp":1677260025548,"level":"debug","message":"Page request: GET (script) https://cdn.jsdelivr.net/npm/chart.js","meta":{"rootId":"zyajnjcntzjte0m","id":"zyajnjcntzjte0m"},"id":"6s5uqnil2zishp3","previousOperationId":"akvakt59nzwa5f4"}
{"type":"log","timestamp":1677260025554,"level":"debug","message":"Page request finished: GET (script) 200 https://cdn.jsdelivr.net/npm/chart.js","meta":{"rootId":"zyajnjcntzjte0m","id":"zyajnjcntzjte0m"},"id":"ub25x17h066i5y6","previousOperationId":"akvakt59nzwa5f4"}
{"type":"log","timestamp":1677260025570,"level":"debug","message":"Page request finished: GET (stylesheet) 200 https://cdnjs.cloudflare.com/ajax/libs/metro/4.1.5/css/metro.min.css","meta":{"rootId":"zyajnjcntzjte0m","id":"zyajnjcntzjte0m"},"id":"d80rl71ex9cuxq0","previousOperationId":"akvakt59nzwa5f4"}
{"type":"log","timestamp":1677260025664,"level":"debug","message":"Running chrome with params {\"printBackground\":true,\"marginTop\":\"4cm\",\"marginRight\":\"1.5cm\",\"marginBottom\":\"1.5cm\",\"marginLeft\":\"1.5cm\",\"waitForJS\":false,\"timeout\":59758,\"margin\":{\"top\":\"4cm\",\"right\":\"1.5cm\",\"bottom\":\"1.5cm\",\"left\":\"1.5cm\"}}","meta":{"rootId":"zyajnjcntzjte0m","id":"zyajnjcntzjte0m"},"id":"6r3e6jf5yfz481s","previousOperationId":"akvakt59nzwa5f4"}
{"type":"operationEnd","operationId":"akvakt59nzwa5f4","timestamp":1677260025743,"id":"3pouc05t6h7jygn","previousEventId":"ue63q1h81gmghk0","previousOperationId":"akvakt59nzwa5f4"}
{"type":"log","timestamp":1677260025744,"level":"info","message":"pdf-utils is starting pdf processing","meta":{"rootId":"zyajnjcntzjte0m","id":"zyajnjcntzjte0m"},"id":"aqv63l219tntkvh","previousOperationId":"akvakt59nzwa5f4"}
{"type":"operationStart","subtype":"pdfUtils","name":"pdf utils","timestamp":1677260025744,"id":"wy4g9g5ugpr0y31","previousEventId":"3pouc05t6h7jygn","operationId":"c9sdqljl2b1b4vi","previousOperationId":"akvakt59nzwa5f4"}
{"type":"log","timestamp":1677260025744,"level":"debug","message":"pdf-utils detected 1 pdf operation(s) to process","meta":{"rootId":"zyajnjcntzjte0m","id":"zyajnjcntzjte0m"},"id":"71tqwicbni03hk1","previousOperationId":"c9sdqljl2b1b4vi"}
{"type":"log","timestamp":1677260025756,"level":"debug","message":"pdf-utils running pdf operation merge","meta":{"rootId":"zyajnjcntzjte0m","id":"zyajnjcntzjte0m"},"id":"6xtautfgfcnafxz","previousOperationId":"c9sdqljl2b1b4vi"}
{"type":"operationStart","subtype":"pdfUtilsMerge","name":"pdf utils merge","previousOperationId":"c9sdqljl2b1b4vi","timestamp":1677260025756,"id":"clb2tz6lvfmk1p1","previousEventId":"wy4g9g5ugpr0y31","operationId":"zk0kvsdfw8m166l"}
{"type":"operationStart","subtype":"render","name":"events-header","previousOperationId":"zk0kvsdfw8m166l","timestamp":1677260025757,"id":"yilv9hzd29br131","previousEventId":"clb2tz6lvfmk1p1","operationId":"4x28hieowwuw9iv"}
{"type":"log","timestamp":1677260025757,"level":"info","message":"Starting rendering (child) request","meta":{"rootId":"zyajnjcntzjte0m","id":"ywhncnkwm584m1g"},"id":"1ty4wbmtgysm6qk","previousOperationId":"4x28hieowwuw9iv"}
{"type":"log","timestamp":1677260025757,"level":"info","message":"Rendering template { name: events-header, recipe: chrome-pdf, engine: handlebars, preview: false }","meta":{"rootId":"zyajnjcntzjte0m","id":"ywhncnkwm584m1g"},"id":"7hhy8jrbd8oh5l1","previousOperationId":"4x28hieowwuw9iv"}
{"type":"log","timestamp":1677260025757,"level":"debug","message":"Inline data specified.","meta":{"rootId":"zyajnjcntzjte0m","id":"ywhncnkwm584m1g"},"id":"k5s2873r0hhj6lj","previousOperationId":"4x28hieowwuw9iv"}
{"type":"log","timestamp":1677260025759,"level":"debug","message":"Base url not specified, skipping its injection.","meta":{"rootId":"zyajnjcntzjte0m","id":"ywhncnkwm584m1g"},"id":"eyhvgco3086z31j","previousOperationId":"4x28hieowwuw9iv"}
{"type":"operationStart","subtype":"engine","name":"handlebars","timestamp":1677260025759,"id":"cmtc59wfgo2jxib","previousEventId":"yilv9hzd29br131","operationId":"kysh0h8x4emal60","previousOperationId":"4x28hieowwuw9iv"}
{"type":"log","timestamp":1677260025759,"level":"debug","message":"Rendering engine handlebars","meta":{"rootId":"zyajnjcntzjte0m","id":"ywhncnkwm584m1g"},"id":"wa2xxsyin2w7nun","previousOperationId":"kysh0h8x4emal60"}
{"type":"operationEnd","operationId":"kysh0h8x4emal60","timestamp":1677260025771,"id":"m43yu48umh2f04b","previousEventId":"cmtc59wfgo2jxib","previousOperationId":"kysh0h8x4emal60"}
{"type":"operationStart","subtype":"recipe","name":"chrome-pdf","timestamp":1677260025771,"id":"xfxz7x5t5060jwb","previousEventId":"m43yu48umh2f04b","operationId":"2r0sautyoi5goia","previousOperationId":"kysh0h8x4emal60"}
{"type":"log","timestamp":1677260025771,"level":"debug","message":"Executing recipe chrome-pdf","meta":{"rootId":"zyajnjcntzjte0m","id":"ywhncnkwm584m1g"},"id":"dyzhd8gi9hyjqx1","previousOperationId":"2r0sautyoi5goia"}
{"type":"log","timestamp":1677260025773,"level":"debug","message":"Converting with chrome HeadlessChrome/105.0.5173.0 using chrome-pool strategy","meta":{"rootId":"zyajnjcntzjte0m","id":"ywhncnkwm584m1g"},"id":"e7yu9mzwpdt74n1","previousOperationId":"2r0sautyoi5goia"}
{"type":"log","timestamp":1677260025863,"level":"debug","message":"Page request: GET (document) file:///C:/Users/pollo/AppData/Local/Temp/jsreport/autocleanup/01faa06c-70dd-4073-b207-880d9b8d5b64-chrome-pdf.html","meta":{"rootId":"zyajnjcntzjte0m","id":"ywhncnkwm584m1g"},"id":"ob02xckpr0qtbc7","previousOperationId":"2r0sautyoi5goia"}
{"type":"log","timestamp":1677260025873,"level":"debug","message":"Page request finished: GET (document) 200 file:///C:/Users/pollo/AppData/Local/Temp/jsreport/autocleanup/01faa06c-70dd-4073-b207-880d9b8d5b64-chrome-pdf.html","meta":{"rootId":"zyajnjcntzjte0m","id":"ywhncnkwm584m1g"},"id":"yy7so9locowqms1","previousOperationId":"2r0sautyoi5goia"}
{"type":"log","timestamp":1677260025874,"level":"debug","message":"Page request: GET (stylesheet) https://cdnjs.cloudflare.com/ajax/libs/metro/4.1.5/css/metro.min.css","meta":{"rootId":"zyajnjcntzjte0m","id":"ywhncnkwm584m1g"},"id":"1yo4fugx0xiygr6","previousOperationId":"2r0sautyoi5goia"}
{"type":"log","timestamp":1677260025894,"level":"debug","message":"Page request finished: GET (stylesheet) 200 https://cdnjs.cloudflare.com/ajax/libs/metro/4.1.5/css/metro.min.css","meta":{"rootId":"zyajnjcntzjte0m","id":"ywhncnkwm584m1g"},"id":"9yb8z9ofjrfr26o","previousOperationId":"2r0sautyoi5goia"}
{"type":"log","timestamp":1677260025915,"level":"debug","message":"Running chrome with params {\"printBackground\":true,\"marginTop\":\"1.5cm\",\"marginRight\":\"1.5cm\",\"marginLeft\":\"1.cm\",\"timeout\":59436,\"margin\":{\"top\":\"1.5cm\",\"right\":\"1.5cm\",\"left\":\"1.cm\"}}","meta":{"rootId":"zyajnjcntzjte0m","id":"ywhncnkwm584m1g"},"id":"pmbptnk2t9wrg7i","previousOperationId":"2r0sautyoi5goia"}
{"type":"operationEnd","operationId":"2r0sautyoi5goia","timestamp":1677260025975,"id":"se0570qpk5bfx68","previousEventId":"xfxz7x5t5060jwb","previousOperationId":"2r0sautyoi5goia"}
{"type":"log","timestamp":1677260025975,"level":"debug","message":"Skipping storing report.","meta":{"rootId":"zyajnjcntzjte0m","id":"ywhncnkwm584m1g"},"id":"8r3j4k6pprehjd6","previousOperationId":"2r0sautyoi5goia"}
{"type":"log","timestamp":1677260025975,"level":"info","message":"Rendering (child) request finished in 767 ms","meta":{"rootId":"zyajnjcntzjte0m","id":"ywhncnkwm584m1g"},"id":"ci8ub544bharcft","previousOperationId":"2r0sautyoi5goia"}
{"type":"operationEnd","subtype":"render","operationId":"4x28hieowwuw9iv","timestamp":1677260025975,"id":"1892q4pq2j4oluh","previousEventId":"se0570qpk5bfx68","previousOperationId":"2r0sautyoi5goia"}
{"type":"operationEnd","operationId":"zk0kvsdfw8m166l","timestamp":1677260025982,"id":"4iv9yszq9tjx12m","previousEventId":"clb2tz6lvfmk1p1","previousOperationId":"zk0kvsdfw8m166l"}
{"type":"log","timestamp":1677260025982,"level":"debug","message":"pdf-utils postproces start","meta":{"rootId":"zyajnjcntzjte0m","id":"zyajnjcntzjte0m"},"id":"5kybz1lu3wwty4y","previousOperationId":"zk0kvsdfw8m166l"}
{"type":"log","timestamp":1677260025991,"level":"debug","message":"pdf-utils postproces end","meta":{"rootId":"zyajnjcntzjte0m","id":"zyajnjcntzjte0m"},"id":"7yzqbm9jezrukgo","previousOperationId":"zk0kvsdfw8m166l"}
{"type":"operationEnd","operationId":"c9sdqljl2b1b4vi","timestamp":1677260025991,"id":"grbrifdt51b6k2f","previousEventId":"4iv9yszq9tjx12m","previousOperationId":"zk0kvsdfw8m166l"}
{"type":"log","timestamp":1677260025991,"level":"info","message":"pdf-utils pdf processing was finished","meta":{"rootId":"zyajnjcntzjte0m","id":"zyajnjcntzjte0m"},"id":"3zayw8hhu8yrqp1","previousOperationId":"c9sdqljl2b1b4vi"}
{"type":"log","timestamp":1677260025991,"level":"debug","message":"Skipping storing report.","meta":{"rootId":"zyajnjcntzjte0m","id":"zyajnjcntzjte0m"},"id":"zmgzq0syd4qjoh7","previousOperationId":"c9sdqljl2b1b4vi"}
{"type":"log","timestamp":1677260025991,"level":"info","message":"Rendering request 9 finished in 783 ms","meta":{"rootId":"zyajnjcntzjte0m","id":"zyajnjcntzjte0m"},"id":"ncy88bygmrscc2g","previousOperationId":"c9sdqljl2b1b4vi"}
{"type":"operationEnd","subtype":"render","operationId":"vczy551jz843me4","timestamp":1677260025991,"id":"jxf35ahihqmhwm9","previousEventId":"grbrifdt51b6k2f","previousOperationId":"c9sdqljl2b1b4vi"}
{"type":"operationEnd","doDiffs":false,"previousEventId":"1z3exx3dqrtl6hf","previousOperationId":"cfavgqe6ppkzy7t","operationId":"cfavgqe6ppkzy7t","timestamp":1677260025996,"id":"95z3p3pumqm1q05"}
